2026-06-11T02:09:35.7927891Z Current runner version: '2.334.0'
2026-06-11T02:09:35.7956378Z ##[group]Runner Image Provisioner
2026-06-11T02:09:35.7957333Z Hosted Compute Agent
2026-06-11T02:09:35.7957929Z Version: 20260520.533
2026-06-11T02:09:35.7958976Z Commit: 189110e25284a9812c124fd27b339e2fb4f2f9db
2026-06-11T02:09:35.7959732Z Build Date: 2026-05-20T17:44:04Z
2026-06-11T02:09:35.7960468Z Worker ID: {debab4df-39a9-42c1-9735-de3085075a46}
2026-06-11T02:09:35.7961226Z Azure Region: northcentralus
2026-06-11T02:09:35.7961875Z ##[endgroup]
2026-06-11T02:09:35.7963767Z ##[group]Operating System
2026-06-11T02:09:35.7964433Z Ubuntu
2026-06-11T02:09:35.7965346Z 24.04.4
2026-06-11T02:09:35.7965988Z LTS
2026-06-11T02:09:35.7966524Z ##[endgroup]
2026-06-11T02:09:35.7967151Z ##[group]Runner Image
2026-06-11T02:09:35.7967837Z Image: ubuntu-24.04
2026-06-11T02:09:35.7968399Z Version: 20260525.161.1
2026-06-11T02:09:35.7969945Z Included Software: https://github.com/actions/runner-images/blob/ubuntu24/20260525.161/images/ubuntu/Ubuntu2404-Readme.md
2026-06-11T02:09:35.7971547Z Image Release: https://github.com/actions/runner-images/releases/tag/ubuntu24%2F20260525.161
2026-06-11T02:09:35.7972544Z ##[endgroup]
2026-06-11T02:09:35.7973805Z ##[group]GITHUB_TOKEN Permissions
2026-06-11T02:09:35.7976050Z Actions: read
2026-06-11T02:09:35.7976743Z Contents: read
2026-06-11T02:09:35.7977421Z Metadata: read
2026-06-11T02:09:35.7978001Z ##[endgroup]
2026-06-11T02:09:35.7980570Z Secret source: Actions
2026-06-11T02:09:35.7981604Z Prepare workflow directory
2026-06-11T02:09:35.8503369Z Prepare all required actions
2026-06-11T02:09:35.8555343Z Getting action download info
2026-06-11T02:09:36.3237820Z Download action repository 'actions/checkout@v6' (SHA:df4cb1c069e1874edd31b4311f1884172cec0e10)
2026-06-11T02:09:36.6742696Z Download action repository 'mozilla-actions/sccache-action@v0.0.10' (SHA:9e7fa8a12102821edf02ca5dbea1acd0f89a2696)
2026-06-11T02:09:36.9083129Z Download action repository 'rui314/setup-mold@v1' (SHA:9c9c13bf4c3f1adef0cc596abc155580bcb04444)
2026-06-11T02:09:37.0719203Z Download action repository 'jdx/mise-action@v4' (SHA:dba19683ed58901619b14f395a24841710cb4925)
2026-06-11T02:09:37.4667762Z Download action repository 'Swatinem/rust-cache@v2' (SHA:e18b497796c12c097a38f9edb9d0641fb99eee32)
2026-06-11T02:09:37.9338523Z Download action repository 'actions/upload-artifact@v7' (SHA:043fb46d1a93c77aae656e7c1c64a875d1fc6a0a)
2026-06-11T02:09:38.2325889Z Complete job name: compat (app-a, github, "ubuntu-latest")
2026-06-11T02:09:38.3311045Z ##[group]Run actions/checkout@v6
2026-06-11T02:09:38.3312386Z with:
2026-06-11T02:09:38.3313302Z   repository: tailrocks/velnor-actions-fixture
2026-06-11T02:09:38.3323282Z   token: ***
2026-06-11T02:09:38.3324116Z   ssh-strict: true
2026-06-11T02:09:38.3324960Z   ssh-user: git
2026-06-11T02:09:38.3325817Z   persist-credentials: true
2026-06-11T02:09:38.3326752Z   clean: true
2026-06-11T02:09:38.3327659Z   sparse-checkout-cone-mode: true
2026-06-11T02:09:38.3328851Z   fetch-depth: 1
2026-06-11T02:09:38.3329689Z   fetch-tags: false
2026-06-11T02:09:38.3330565Z   show-progress: true
2026-06-11T02:09:38.3331435Z   lfs: false
2026-06-11T02:09:38.3332233Z   submodules: false
2026-06-11T02:09:38.3333108Z   set-safe-directory: true
2026-06-11T02:09:38.3334330Z env:
2026-06-11T02:09:38.3335128Z   SCCACHE_GHA_ENABLED: true
2026-06-11T02:09:38.3336075Z   RUSTC_WRAPPER: sccache
2026-06-11T02:09:38.3336966Z ##[endgroup]
2026-06-11T02:09:38.4374741Z Syncing repository: tailrocks/velnor-actions-fixture
2026-06-11T02:09:38.4377449Z ##[group]Getting Git version info
2026-06-11T02:09:38.4379226Z Working directory is '/home/runner/work/velnor-actions-fixture/velnor-actions-fixture'
2026-06-11T02:09:38.4381485Z [command]/usr/bin/git version
2026-06-11T02:09:38.4400890Z git version 2.54.0
2026-06-11T02:09:38.4422383Z ##[endgroup]
2026-06-11T02:09:38.4436956Z Temporarily overriding HOME='/home/runner/work/_temp/70ceb64d-956b-4d13-825d-e028f448925c' before making global git config changes
2026-06-11T02:09:38.4440072Z Adding repository directory to the temporary git global config as a safe directory
2026-06-11T02:09:38.4444272Z [command]/usr/bin/git config --global --add safe.directory /home/runner/work/velnor-actions-fixture/velnor-actions-fixture
2026-06-11T02:09:38.4486500Z Deleting the contents of '/home/runner/work/velnor-actions-fixture/velnor-actions-fixture'
2026-06-11T02:09:38.4490455Z ##[group]Determining repository object format
2026-06-11T02:09:38.4492634Z ##[endgroup]
2026-06-11T02:09:38.4494651Z ##[group]Initializing the repository
2026-06-11T02:09:38.4497761Z [command]/usr/bin/git init /home/runner/work/velnor-actions-fixture/velnor-actions-fixture
2026-06-11T02:09:38.4576462Z hint: Using 'master' as the name for the initial branch. This default branch name
2026-06-11T02:09:38.4579201Z hint: will change to "main" in Git 3.0. To configure the initial branch name
2026-06-11T02:09:38.4582070Z hint: to use in all of your new repositories, which will suppress this warning,
2026-06-11T02:09:38.4584312Z hint: call:
2026-06-11T02:09:38.4585497Z hint:
2026-06-11T02:09:38.4586971Z hint: 	git config --global init.defaultBranch <name>
2026-06-11T02:09:38.4590092Z hint:
2026-06-11T02:09:38.4591864Z hint: Names commonly chosen instead of 'master' are 'main', 'trunk' and
2026-06-11T02:09:38.4594565Z hint: 'development'. The just-created branch can be renamed via this command:
2026-06-11T02:09:38.4596874Z hint:
2026-06-11T02:09:38.4597938Z hint: 	git branch -m <name>
2026-06-11T02:09:38.4599110Z hint:
2026-06-11T02:09:38.4600371Z hint: Disable this message with "git config set advice.defaultBranchName false"
2026-06-11T02:09:38.4602636Z Initialized empty Git repository in /home/runner/work/velnor-actions-fixture/velnor-actions-fixture/.git/
2026-06-11T02:09:38.4607263Z [command]/usr/bin/git remote add origin https://github.com/tailrocks/velnor-actions-fixture
2026-06-11T02:09:38.4635850Z ##[endgroup]
2026-06-11T02:09:38.4638044Z ##[group]Disabling automatic garbage collection
2026-06-11T02:09:38.4640506Z [command]/usr/bin/git config --local gc.auto 0
2026-06-11T02:09:38.4671885Z ##[endgroup]
2026-06-11T02:09:38.4674027Z ##[group]Setting up auth
2026-06-11T02:09:38.4675597Z Removing SSH command configuration
2026-06-11T02:09:38.4678987Z [command]/usr/bin/git config --local --name-only --get-regexp core\.sshCommand
2026-06-11T02:09:38.4715785Z [command]/usr/bin/git submodule foreach --recursive sh -c "git config --local --name-only --get-regexp 'core\.sshCommand' && git config --local --unset-all 'core.sshCommand' || :"
2026-06-11T02:09:38.5022522Z Removing HTTP extra header
2026-06-11T02:09:38.5028420Z [command]/usr/bin/git config --local --name-only --get-regexp http\.https\:\/\/github\.com\/\.extraheader
2026-06-11T02:09:38.5061573Z [command]/usr/bin/git submodule foreach --recursive sh -c "git config --local --name-only --get-regexp 'http\.https\:\/\/github\.com\/\.extraheader' && git config --local --unset-all 'http.https://github.com/.extraheader' || :"
2026-06-11T02:09:38.5291339Z Removing includeIf entries pointing to credentials config files
2026-06-11T02:09:38.5293224Z [command]/usr/bin/git config --local --name-only --get-regexp ^includeIf\.gitdir:
2026-06-11T02:09:38.5323706Z [command]/usr/bin/git submodule foreach --recursive git config --local --show-origin --name-only --get-regexp remote.origin.url
2026-06-11T02:09:38.5556096Z [command]/usr/bin/git config --file /home/runner/work/_temp/git-credentials-ed273613-ddc7-4420-bb4b-772306001233.config http.https://github.com/.extraheader AUTHORIZATION: basic ***
2026-06-11T02:09:38.5595488Z [command]/usr/bin/git config --local includeIf.gitdir:/home/runner/work/velnor-actions-fixture/velnor-actions-fixture/.git.path /home/runner/work/_temp/git-credentials-ed273613-ddc7-4420-bb4b-772306001233.config
2026-06-11T02:09:38.5627592Z [command]/usr/bin/git config --local includeIf.gitdir:/home/runner/work/velnor-actions-fixture/velnor-actions-fixture/.git/worktrees/*.path /home/runner/work/_temp/git-credentials-ed273613-ddc7-4420-bb4b-772306001233.config
2026-06-11T02:09:38.5661134Z [command]/usr/bin/git config --local includeIf.gitdir:/github/workspace/.git.path /github/runner_temp/git-credentials-ed273613-ddc7-4420-bb4b-772306001233.config
2026-06-11T02:09:38.5694926Z [command]/usr/bin/git config --local includeIf.gitdir:/github/workspace/.git/worktrees/*.path /github/runner_temp/git-credentials-ed273613-ddc7-4420-bb4b-772306001233.config
2026-06-11T02:09:38.5723789Z ##[endgroup]
2026-06-11T02:09:38.5725958Z ##[group]Fetching the repository
2026-06-11T02:09:38.5734296Z [command]/usr/bin/git -c protocol.version=2 fetch --no-tags --prune --no-recurse-submodules --depth=1 origin +c49c39739cf9037067d8a218128ac2d684ef887d:refs/remotes/origin/main
2026-06-11T02:09:38.8397728Z From https://github.com/tailrocks/velnor-actions-fixture
2026-06-11T02:09:38.8400909Z  * [new ref]         c49c39739cf9037067d8a218128ac2d684ef887d -> origin/main
2026-06-11T02:09:38.8439968Z [command]/usr/bin/git branch --list --remote origin/main
2026-06-11T02:09:38.8467126Z   origin/main
2026-06-11T02:09:38.8480685Z [command]/usr/bin/git rev-parse refs/remotes/origin/main
2026-06-11T02:09:38.8509363Z c49c39739cf9037067d8a218128ac2d684ef887d
2026-06-11T02:09:38.8521542Z ##[endgroup]
2026-06-11T02:09:38.8523797Z ##[group]Determining the checkout info
2026-06-11T02:09:38.8526560Z ##[endgroup]
2026-06-11T02:09:38.8528028Z [command]/usr/bin/git sparse-checkout disable
2026-06-11T02:09:38.8565515Z [command]/usr/bin/git config --local --unset-all extensions.worktreeConfig
2026-06-11T02:09:38.8595366Z ##[group]Checking out the ref
2026-06-11T02:09:38.8598853Z [command]/usr/bin/git checkout --progress --force -B main refs/remotes/origin/main
2026-06-11T02:09:38.8665655Z Switched to a new branch 'main'
2026-06-11T02:09:38.8667969Z branch 'main' set up to track 'origin/main'.
2026-06-11T02:09:38.8674972Z ##[endgroup]
2026-06-11T02:09:38.8714563Z [command]/usr/bin/git log -1 --format=%H
2026-06-11T02:09:38.8741033Z c49c39739cf9037067d8a218128ac2d684ef887d
2026-06-11T02:09:38.9060525Z ##[group]Run mozilla-actions/sccache-action@v0.0.10
2026-06-11T02:09:38.9061709Z with:
2026-06-11T02:09:38.9070973Z   token: ***
2026-06-11T02:09:38.9071826Z   disable_annotations: false
2026-06-11T02:09:38.9072760Z env:
2026-06-11T02:09:38.9073547Z   SCCACHE_GHA_ENABLED: true
2026-06-11T02:09:38.9074492Z   RUSTC_WRAPPER: sccache
2026-06-11T02:09:38.9075380Z ##[endgroup]
2026-06-11T02:09:39.2856190Z try to setup sccache version: v0.15.0
2026-06-11T02:09:39.2876722Z sccache download from url: https://github.com/mozilla/sccache/releases/download/v0.15.0/sccache-v0.15.0-x86_64-unknown-linux-musl.tar.gz
2026-06-11T02:09:39.5444180Z Correct checksum: 782d2b5dd7ae0a55ebe368ab258114d0928d019ac2d949ab85d5d02f3926709e
2026-06-11T02:09:39.5541124Z [command]/usr/bin/tar xz --warning=no-unknown-keyword --overwrite -C /home/runner/work/_temp/b33ed528-455c-4cd6-9158-ae947dfe7089 -f /home/runner/work/_temp/db2470aa-dae1-44f4-af47-0b72502fac19
2026-06-11T02:09:39.7429941Z sccache extracted to: /home/runner/work/_temp/b33ed528-455c-4cd6-9158-ae947dfe7089
2026-06-11T02:09:39.7553733Z sccache cached to: /opt/hostedtoolcache/sccache/0.15.0/x64
2026-06-11T02:09:39.7759647Z ##[group]Run rui314/setup-mold@v1
2026-06-11T02:09:39.7760007Z with:
2026-06-11T02:09:39.7760265Z   mold-version: 2.41.0
2026-06-11T02:09:39.7760546Z   make-default: true
2026-06-11T02:09:39.7760808Z env:
2026-06-11T02:09:39.7761063Z   SCCACHE_GHA_ENABLED: true
2026-06-11T02:09:39.7761360Z   RUSTC_WRAPPER: sccache
2026-06-11T02:09:39.7761730Z   SCCACHE_PATH: /opt/hostedtoolcache/sccache/0.15.0/x64/sccache
2026-06-11T02:09:39.7762138Z   ACTIONS_CACHE_SERVICE_V2: on
2026-06-11T02:09:39.7762604Z   ACTIONS_RESULTS_URL: https://results-receiver.actions.githubusercontent.com/
2026-06-11T02:09:39.7813872Z   ACTIONS_RUNTIME_TOKEN: ***
2026-06-11T02:09:39.7814202Z ##[endgroup]
2026-06-11T02:09:39.7908977Z ##[group]Run set -x
2026-06-11T02:09:39.7909365Z [36;1mset -x[0m
2026-06-11T02:09:39.7909651Z [36;1mecho "mold 2.41.0"[0m
2026-06-11T02:09:39.7910064Z [36;1mif [ "$(whoami)" = root ]; then SUDO=; else SUDO=sudo; fi[0m
2026-06-11T02:09:39.7911284Z [36;1mwget -O- --timeout=10 --waitretry=3 --retry-connrefused --progress=dot:mega https://github.com/rui314/mold/releases/download/v2.41.0/mold-2.41.0-$(uname -m)-linux.tar.gz | $SUDO tar -C /usr/local --strip-components=1 --no-overwrite-dir -xzf -[0m
2026-06-11T02:09:39.7912932Z [36;1mtest true = true -a "$(realpath /usr/bin/ld)" != /usr/local/bin/mold && $SUDO ln -sf /usr/local/bin/mold "$(realpath /usr/bin/ld)"; true[0m
2026-06-11T02:09:39.7949453Z shell: /usr/bin/bash --noprofile --norc -e -o pipefail {0}
2026-06-11T02:09:39.7949890Z env:
2026-06-11T02:09:39.7950159Z   SCCACHE_GHA_ENABLED: true
2026-06-11T02:09:39.7950461Z   RUSTC_WRAPPER: sccache
2026-06-11T02:09:39.7950831Z   SCCACHE_PATH: /opt/hostedtoolcache/sccache/0.15.0/x64/sccache
2026-06-11T02:09:39.7951238Z   ACTIONS_CACHE_SERVICE_V2: on
2026-06-11T02:09:39.7951704Z   ACTIONS_RESULTS_URL: https://results-receiver.actions.githubusercontent.com/
2026-06-11T02:09:39.8002688Z   ACTIONS_RUNTIME_TOKEN: ***
2026-06-11T02:09:39.8003010Z ##[endgroup]
2026-06-11T02:09:39.8076233Z + echo 'mold 2.41.0'
2026-06-11T02:09:39.8076709Z mold 2.41.0
2026-06-11T02:09:39.8078880Z ++ whoami
2026-06-11T02:09:39.8094960Z + '[' runner = root ']'
2026-06-11T02:09:39.8095450Z + SUDO=sudo
2026-06-11T02:09:39.8099635Z + sudo tar -C /usr/local --strip-components=1 --no-overwrite-dir -xzf -
2026-06-11T02:09:39.8100307Z ++ uname -m
2026-06-11T02:09:39.8112886Z + wget -O- --timeout=10 --waitretry=3 --retry-connrefused --progress=dot:mega https://github.com/rui314/mold/releases/download/v2.41.0/mold-2.41.0-x86_64-linux.tar.gz
2026-06-11T02:09:39.8144719Z --2026-06-11 02:09:39--  https://github.com/rui314/mold/releases/download/v2.41.0/mold-2.41.0-x86_64-linux.tar.gz
2026-06-11T02:09:39.8393281Z Resolving github.com (github.com)... 140.82.112.4
2026-06-11T02:09:39.8595537Z Connecting to github.com (github.com)|140.82.112.4|:443... connected.
2026-06-11T02:09:39.9236432Z HTTP request sent, awaiting response... 302 Found
2026-06-11T02:09:39.9242666Z Location: https://release-assets.githubusercontent.com/github-production-release-asset/299510783/f4863e5d-1747-433e-8c26-b5a1c1950d2d?sp=r&sv=2018-11-09&sr=b&spr=https&se=2026-06-11T02%3A42%3A28Z&rscd=attachment%3B+filename%3Dmold-2.41.0-x86_64-linux.tar.gz&rsct=application%2Foctet-stream&skoid=96c2d410-5711-43a1-aedd-ab1947aa7ab0&sktid=398a6654-997b-47e9-b12b-9515b896b4de&skt=2026-06-11T01%3A42%3A18Z&ske=2026-06-11T02%3A42%3A28Z&sks=b&skv=2018-11-09&sig=X3%2FOObuz9eVjoyqBcH8MBfWkMWD0MCnUdNh04ofsGsc%3D&jwt=*** [following]
2026-06-11T02:09:39.9249053Z --2026-06-11 02:09:39--  https://release-assets.githubusercontent.com/github-production-release-asset/299510783/f4863e5d-1747-433e-8c26-b5a1c1950d2d?sp=r&sv=2018-11-09&sr=b&spr=https&se=2026-06-11T02%3A42%3A28Z&rscd=attachment%3B+filename%3Dmold-2.41.0-x86_64-linux.tar.gz&rsct=application%2Foctet-stream&skoid=96c2d410-5711-43a1-aedd-ab1947aa7ab0&sktid=398a6654-997b-47e9-b12b-9515b896b4de&skt=2026-06-11T01%3A42%3A18Z&ske=2026-06-11T02%3A42%3A28Z&sks=b&skv=2018-11-09&sig=X3%2FOObuz9eVjoyqBcH8MBfWkMWD0MCnUdNh04ofsGsc%3D&jwt=***
2026-06-11T02:09:39.9265317Z Resolving release-assets.githubusercontent.com (release-assets.githubusercontent.com)... 185.199.111.133, 185.199.110.133, 185.199.109.133, ...
2026-06-11T02:09:39.9293352Z Connecting to release-assets.githubusercontent.com (release-assets.githubusercontent.com)|185.199.111.133|:443... connected.
2026-06-11T02:09:39.9832019Z HTTP request sent, awaiting response... 200 OK
2026-06-11T02:09:39.9832969Z Length: 5119986 (4.9M) [application/octet-stream]
2026-06-11T02:09:39.9834084Z Saving to: ‘STDOUT’
2026-06-11T02:09:39.9853520Z 
2026-06-11T02:09:40.0629874Z      0K ........ ........ ........ ........ ........ ........ 61% 37.7M 0s
2026-06-11T02:09:40.1135155Z   3072K ........ ........ ........ ......                    100% 41.1M=0.1s
2026-06-11T02:09:40.1135948Z 
2026-06-11T02:09:40.1136503Z 2026-06-11 02:09:40 (39.0 MB/s) - written to stdout [5119986/5119986]
2026-06-11T02:09:40.1136989Z 
2026-06-11T02:09:40.1319356Z ++ realpath /usr/bin/ld
2026-06-11T02:09:40.1335424Z + test true = true -a /usr/bin/x86_64-linux-gnu-ld.bfd '!=' /usr/local/bin/mold
2026-06-11T02:09:40.1337769Z ++ realpath /usr/bin/ld
2026-06-11T02:09:40.1348439Z + sudo ln -sf /usr/local/bin/mold /usr/bin/x86_64-linux-gnu-ld.bfd
2026-06-11T02:09:40.1426371Z + true
2026-06-11T02:09:40.1534864Z ##[group]Run jdx/mise-action@v4
2026-06-11T02:09:40.1535199Z with:
2026-06-11T02:09:40.1535447Z   install: true
2026-06-11T02:09:40.1535700Z   cache: true
2026-06-11T02:09:40.1535949Z   cache_save: true
2026-06-11T02:09:40.1536221Z   cache_key_prefix: mise-v1
2026-06-11T02:09:40.1536517Z   experimental: false
2026-06-11T02:09:40.1536785Z   log_level: info
2026-06-11T02:09:40.1537042Z   reshim: false
2026-06-11T02:09:40.1537302Z   add_shims_to_path: true
2026-06-11T02:09:40.1540659Z   github_token: ***
2026-06-11T02:09:40.1540943Z   fetch_from_github: true
2026-06-11T02:09:40.1541227Z   env: true
2026-06-11T02:09:40.1541473Z   wings_enabled: false
2026-06-11T02:09:40.1541742Z env:
2026-06-11T02:09:40.1542007Z   SCCACHE_GHA_ENABLED: true
2026-06-11T02:09:40.1542305Z   RUSTC_WRAPPER: sccache
2026-06-11T02:09:40.1542662Z   SCCACHE_PATH: /opt/hostedtoolcache/sccache/0.15.0/x64/sccache
2026-06-11T02:09:40.1543067Z   ACTIONS_CACHE_SERVICE_V2: on
2026-06-11T02:09:40.1543564Z   ACTIONS_RESULTS_URL: https://results-receiver.actions.githubusercontent.com/
2026-06-11T02:09:40.1626447Z   ACTIONS_RUNTIME_TOKEN: ***
2026-06-11T02:09:40.1626776Z ##[endgroup]
2026-06-11T02:09:40.2814976Z ##[group]Restoring mise cache
2026-06-11T02:09:40.2851946Z [command]/usr/bin/ldd --version
2026-06-11T02:09:40.2927788Z ldd (Ubuntu GLIBC 2.39-0ubuntu8.7) 2.39
2026-06-11T02:09:40.2928491Z Copyright (C) 2024 Free Software Foundation, Inc.
2026-06-11T02:09:40.2929554Z This is free software; see the source for copying conditions.  There is NO
2026-06-11T02:09:40.2930531Z warranty; not even for MERCHANTABILITY or FITNESS FOR A PARTICULAR PURPOSE.
2026-06-11T02:09:40.2931325Z Written by Roland McGrath and Ulrich Drepper.
2026-06-11T02:09:40.4591181Z Cache hit for: mise-v1-linux-x64-ubuntu24-93c3d8f1643280b6400fe27b74a0aff170149ee9ae22e18c977c10fa143436dc
2026-06-11T02:09:41.0348777Z Received 40858735 of 40858735 (100.0%), 83.1 MBs/sec
2026-06-11T02:09:41.0349578Z Cache Size: ~39 MB (40858735 B)
2026-06-11T02:09:41.0377374Z [command]/usr/bin/tar -xf /home/runner/work/_temp/da539680-40d8-458f-a98d-d30333217401/cache.tzst -P -C /home/runner/work/velnor-actions-fixture/velnor-actions-fixture --use-compress-program unzstd
2026-06-11T02:09:41.2324023Z Cache restored successfully
2026-06-11T02:09:41.2347892Z mise cache restored from key: mise-v1-linux-x64-ubuntu24-93c3d8f1643280b6400fe27b74a0aff170149ee9ae22e18c977c10fa143436dc
2026-06-11T02:09:41.2356014Z ##[group]Setting env vars
2026-06-11T02:09:41.2356544Z Setting MISE_LOG_LEVEL=info
2026-06-11T02:09:41.2362277Z Setting MISE_GITHUB_TOKEN=***
2026-06-11T02:09:41.2363066Z Setting MISE_TRUSTED_CONFIG_PATHS=/home/runner/work/velnor-actions-fixture/velnor-actions-fixture
2026-06-11T02:09:41.2363781Z Setting MISE_YES=1
2026-06-11T02:09:41.2364232Z Adding /home/runner/.local/share/mise/shims to PATH
2026-06-11T02:09:41.2364975Z ##[group]Running mise --version
2026-06-11T02:09:41.2383487Z [command]/home/runner/.local/share/mise/bin/mise --version
2026-06-11T02:09:41.2474114Z 2026.6.1 linux-x64 (2026-06-06)
2026-06-11T02:09:41.2527701Z ##[endgroup]
2026-06-11T02:09:41.2693364Z ##[group]Running mise install
2026-06-11T02:09:41.2707802Z [command]/home/runner/.local/share/mise/bin/mise install
2026-06-11T02:09:41.2878993Z [2mmise[0m all tools are installed
2026-06-11T02:09:41.2929418Z ##[endgroup]
2026-06-11T02:09:41.2930141Z ##[group]Running mise ls
2026-06-11T02:09:41.2947480Z [command]/home/runner/.local/share/mise/bin/mise ls
2026-06-11T02:09:41.3111929Z cargo:cargo-nextest  0.9.137           ~/work/velnor-actions-fixture/velnor-actions-fixture/mise.toml  0.9.137
2026-06-11T02:09:41.3113495Z just                 1.52.0            ~/work/velnor-actions-fixture/velnor-actions-fixture/mise.toml  1.52.0
2026-06-11T02:09:41.3114588Z rust                 1.96.0 (symlink)  ~/work/velnor-actions-fixture/velnor-actions-fixture/mise.toml  1.96.0
2026-06-11T02:09:41.3134750Z ##[endgroup]
2026-06-11T02:09:41.3137241Z ##[group]Exporting mise environment variables
2026-06-11T02:09:41.3359504Z [command]/home/runner/.local/share/mise/bin/mise env --json
2026-06-11T02:09:41.3528849Z {
2026-06-11T02:09:41.3529416Z   "CARGO_HOME": "/home/runner/.cargo",
2026-06-11T02:09:41.3532018Z   "PATH": "/home/runner/.cargo/bin:/home/runner/.local/share/mise/installs/cargo-cargo-nextest/0.9.137/bin:/home/runner/.local/share/mise/installs/just/1.52.0:/home/runner/.local/share/mise/shims:/home/runner/.local/share/mise/bin:/opt/hostedtoolcache/sccache/0.15.0/x64:/snap/bin:/home/runner/.local/bin:/opt/pipx_bin:/home/runner/.cargo/bin:/home/runner/.config/composer/vendor/bin:/usr/local/.ghcup/bin:/home/runner/.dotnet/tools:/usr/local/sbin:/usr/local/bin:/usr/sbin:/usr/bin:/sbin:/bin:/usr/games:/usr/local/games:/snap/bin",
2026-06-11T02:09:41.3533985Z   "RUSTUP_HOME": "/home/runner/.rustup",
2026-06-11T02:09:41.3534294Z   "RUSTUP_TOOLCHAIN": "1.96.0"
2026-06-11T02:09:41.3534556Z }
2026-06-11T02:09:41.3557971Z ##[endgroup]
2026-06-11T02:09:41.3727737Z ##[group]Run rustup component add rustfmt clippy
2026-06-11T02:09:41.3728160Z [36;1mrustup component add rustfmt clippy[0m
2026-06-11T02:09:41.3758145Z shell: /usr/bin/bash --noprofile --norc -e -o pipefail {0}
2026-06-11T02:09:41.3758522Z env:
2026-06-11T02:09:41.3758855Z   SCCACHE_GHA_ENABLED: true
2026-06-11T02:09:41.3759214Z   RUSTC_WRAPPER: sccache
2026-06-11T02:09:41.3759678Z   SCCACHE_PATH: /opt/hostedtoolcache/sccache/0.15.0/x64/sccache
2026-06-11T02:09:41.3760049Z   ACTIONS_CACHE_SERVICE_V2: on
2026-06-11T02:09:41.3760487Z   ACTIONS_RESULTS_URL: https://results-receiver.actions.githubusercontent.com/
2026-06-11T02:09:41.3811324Z   ACTIONS_RUNTIME_TOKEN: ***
2026-06-11T02:09:41.3811617Z   MISE_LOG_LEVEL: info
2026-06-11T02:09:41.3814785Z   MISE_GITHUB_TOKEN: ***
2026-06-11T02:09:41.3815228Z   MISE_TRUSTED_CONFIG_PATHS: /home/runner/work/velnor-actions-fixture/velnor-actions-fixture
2026-06-11T02:09:41.3815705Z   MISE_YES: 1
2026-06-11T02:09:41.3815983Z   CARGO_HOME: /home/runner/.cargo
2026-06-11T02:09:41.3817749Z   PATH: /home/runner/.cargo/bin:/home/runner/.local/share/mise/installs/cargo-cargo-nextest/0.9.137/bin:/home/runner/.local/share/mise/installs/just/1.52.0:/home/runner/.local/share/mise/shims:/home/runner/.local/share/mise/bin:/opt/hostedtoolcache/sccache/0.15.0/x64:/snap/bin:/home/runner/.local/bin:/opt/pipx_bin:/home/runner/.cargo/bin:/home/runner/.config/composer/vendor/bin:/usr/local/.ghcup/bin:/home/runner/.dotnet/tools:/usr/local/sbin:/usr/local/bin:/usr/sbin:/usr/bin:/sbin:/bin:/usr/games:/usr/local/games:/snap/bin
2026-06-11T02:09:41.3819651Z   RUSTUP_HOME: /home/runner/.rustup
2026-06-11T02:09:41.3819946Z   RUSTUP_TOOLCHAIN: 1.96.0
2026-06-11T02:09:41.3820205Z ##[endgroup]
2026-06-11T02:09:41.4335398Z info: syncing channel updates for 1.96.0-x86_64-unknown-linux-gnu
2026-06-11T02:09:41.5680665Z info: latest update on 2026-05-28 for version 1.96.0 (ac68faa20 2026-05-25)
2026-06-11T02:09:41.5689887Z info: downloading 3 components
2026-06-11T02:09:49.7200679Z info: downloading component rustfmt
2026-06-11T02:09:50.0453514Z info: downloading component clippy
2026-06-11T02:09:50.5212574Z ##[group]Run Swatinem/rust-cache@v2
2026-06-11T02:09:50.5212874Z with:
2026-06-11T02:09:50.5213113Z   shared-key: fixture-github-Linux
2026-06-11T02:09:50.5213393Z   key: app-a
2026-06-11T02:09:50.5213618Z   prefix-key: v0-rust
2026-06-11T02:09:50.5213859Z   add-job-id-key: true
2026-06-11T02:09:50.5214117Z   add-rust-environment-hash-key: true
2026-06-11T02:09:50.5214411Z   cache-targets: true
2026-06-11T02:09:50.5214653Z   cache-all-crates: false
2026-06-11T02:09:50.5214927Z   cache-workspace-crates: false
2026-06-11T02:09:50.5215191Z   save-if: true
2026-06-11T02:09:50.5215421Z   cache-provider: github
2026-06-11T02:09:50.5215664Z   cache-bin: true
2026-06-11T02:09:50.5215893Z   lookup-only: false
2026-06-11T02:09:50.5216338Z   cmd-format: {0}
2026-06-11T02:09:50.5216560Z env:
2026-06-11T02:09:50.5216777Z   SCCACHE_GHA_ENABLED: true
2026-06-11T02:09:50.5217037Z   RUSTC_WRAPPER: sccache
2026-06-11T02:09:50.5217355Z   SCCACHE_PATH: /opt/hostedtoolcache/sccache/0.15.0/x64/sccache
2026-06-11T02:09:50.5217756Z   ACTIONS_CACHE_SERVICE_V2: on
2026-06-11T02:09:50.5218196Z   ACTIONS_RESULTS_URL: https://results-receiver.actions.githubusercontent.com/
2026-06-11T02:09:50.5269552Z   ACTIONS_RUNTIME_TOKEN: ***
2026-06-11T02:09:50.5269838Z   MISE_LOG_LEVEL: info
2026-06-11T02:09:50.5272920Z   MISE_GITHUB_TOKEN: ***
2026-06-11T02:09:50.5273355Z   MISE_TRUSTED_CONFIG_PATHS: /home/runner/work/velnor-actions-fixture/velnor-actions-fixture
2026-06-11T02:09:50.5273807Z   MISE_YES: 1
2026-06-11T02:09:50.5274048Z   CARGO_HOME: /home/runner/.cargo
2026-06-11T02:09:50.5275803Z   PATH: /home/runner/.cargo/bin:/home/runner/.local/share/mise/installs/cargo-cargo-nextest/0.9.137/bin:/home/runner/.local/share/mise/installs/just/1.52.0:/home/runner/.local/share/mise/shims:/home/runner/.local/share/mise/bin:/opt/hostedtoolcache/sccache/0.15.0/x64:/snap/bin:/home/runner/.local/bin:/opt/pipx_bin:/home/runner/.cargo/bin:/home/runner/.config/composer/vendor/bin:/usr/local/.ghcup/bin:/home/runner/.dotnet/tools:/usr/local/sbin:/usr/local/bin:/usr/sbin:/usr/bin:/sbin:/bin:/usr/games:/usr/local/games:/snap/bin
2026-06-11T02:09:50.5277552Z   RUSTUP_HOME: /home/runner/.rustup
2026-06-11T02:09:50.5277844Z   RUSTUP_TOOLCHAIN: 1.96.0
2026-06-11T02:09:50.5278095Z ##[endgroup]
2026-06-11T02:09:50.8509206Z (node:2438) [DEP0040] DeprecationWarning: The `punycode` module is deprecated. Please use a userland alternative instead.
2026-06-11T02:09:50.8510319Z (Use `node --trace-deprecation ...` to show where the warning was created)
2026-06-11T02:09:51.1267074Z ##[group]Cache Configuration
2026-06-11T02:09:51.1267583Z Cache Provider:
2026-06-11T02:09:51.1267924Z     github
2026-06-11T02:09:51.1268212Z Workspaces:
2026-06-11T02:09:51.1268861Z     /home/runner/work/velnor-actions-fixture/velnor-actions-fixture
2026-06-11T02:09:51.1269488Z Cache Paths:
2026-06-11T02:09:51.1269828Z     /home/runner/.cargo/bin
2026-06-11T02:09:51.1270243Z     /home/runner/.cargo/.crates.toml
2026-06-11T02:09:51.1270678Z     /home/runner/.cargo/.crates2.json
2026-06-11T02:09:51.1271111Z     /home/runner/.cargo/registry
2026-06-11T02:09:51.1271518Z     /home/runner/.cargo/git
2026-06-11T02:09:51.1272094Z     /home/runner/work/velnor-actions-fixture/velnor-actions-fixture/target
2026-06-11T02:09:51.1272708Z Restore Key:
2026-06-11T02:09:51.1273123Z     v0-rust-fixture-github-Linux-Linux-x64-d9a490e1
2026-06-11T02:09:51.1273640Z Cache Key:
2026-06-11T02:09:51.1274089Z     v0-rust-fixture-github-Linux-Linux-x64-d9a490e1-f3b9d8a2
2026-06-11T02:09:51.1274641Z .. Prefix:
2026-06-11T02:09:51.1275027Z   - v0-rust-fixture-github-Linux-Linux-x64
2026-06-11T02:09:51.1275494Z .. Environment considered:
2026-06-11T02:09:51.1275867Z   - Rust Versions:
2026-06-11T02:09:51.1276393Z     - 1.96.0 x86_64-unknown-linux-gnu ac68faa20c58cbccd01ee7208bf3b6e93a7d7f96
2026-06-11T02:09:51.1277196Z     - 1.95.0 x86_64-unknown-linux-gnu 59807616e1fa2540724bfbac14d7976d7e4a3860
2026-06-11T02:09:51.1277954Z     - 1.96.0 x86_64-unknown-linux-gnu ac68faa20c58cbccd01ee7208bf3b6e93a7d7f96
2026-06-11T02:09:51.1279247Z   - CARGO_HOME
2026-06-11T02:09:51.1279609Z   - CARGO_INCREMENTAL
2026-06-11T02:09:51.1279965Z   - RUSTC_WRAPPER
2026-06-11T02:09:51.1280305Z   - RUSTUP_HOME
2026-06-11T02:09:51.1280649Z   - RUSTUP_TOOLCHAIN
2026-06-11T02:09:51.1281015Z .. Lockfiles considered:
2026-06-11T02:09:51.1281594Z   - /home/runner/work/velnor-actions-fixture/velnor-actions-fixture/Cargo.lock
2026-06-11T02:09:51.1282519Z   - /home/runner/work/velnor-actions-fixture/velnor-actions-fixture/crates/app-a/Cargo.toml
2026-06-11T02:09:51.1283513Z   - /home/runner/work/velnor-actions-fixture/velnor-actions-fixture/crates/app-b/Cargo.toml
2026-06-11T02:09:51.1284446Z   - /home/runner/work/velnor-actions-fixture/velnor-actions-fixture/crates/shared/Cargo.toml
2026-06-11T02:09:51.1285769Z ##[endgroup]
2026-06-11T02:09:51.1285953Z 
2026-06-11T02:09:51.1286104Z ... Restoring cache ...
2026-06-11T02:09:51.2405116Z Cache hit for: v0-rust-fixture-github-Linux-Linux-x64-d9a490e1-f3b9d8a2
2026-06-11T02:09:51.4233696Z Received 1459 of 1459 (100.0%), 0.0 MBs/sec
2026-06-11T02:09:51.4234265Z Cache Size: ~0 MB (1459 B)
2026-06-11T02:09:51.4265732Z [command]/usr/bin/tar -xf /home/runner/work/_temp/c9834f42-99b9-46c6-ad18-356473f26465/cache.tzst -P -C /home/runner/work/velnor-actions-fixture/velnor-actions-fixture --use-compress-program unzstd
2026-06-11T02:09:51.4334520Z Cache restored successfully
2026-06-11T02:09:51.4337574Z Restored from cache key "v0-rust-fixture-github-Linux-Linux-x64-d9a490e1-f3b9d8a2" full match: true.
2026-06-11T02:09:51.4457888Z ##[group]Run set -euo pipefail
2026-06-11T02:09:51.4458237Z [36;1mset -euo pipefail[0m
2026-06-11T02:09:51.4459003Z [36;1mversion="$(grep '^rust-version' "crates/app-a/Cargo.toml" | sed 's/.*= *"\(.*\)"/\1/' || echo 'stable')"[0m
2026-06-11T02:09:51.4459606Z [36;1mecho "version=${version:-stable}" >> "${GITHUB_OUTPUT}"[0m
2026-06-11T02:09:51.4489609Z shell: /usr/bin/bash --noprofile --norc -e -o pipefail {0}
2026-06-11T02:09:51.4489974Z env:
2026-06-11T02:09:51.4490201Z   SCCACHE_GHA_ENABLED: true
2026-06-11T02:09:51.4490487Z   RUSTC_WRAPPER: sccache
2026-06-11T02:09:51.4490825Z   SCCACHE_PATH: /opt/hostedtoolcache/sccache/0.15.0/x64/sccache
2026-06-11T02:09:51.4491203Z   ACTIONS_CACHE_SERVICE_V2: on
2026-06-11T02:09:51.4491646Z   ACTIONS_RESULTS_URL: https://results-receiver.actions.githubusercontent.com/
2026-06-11T02:09:51.4542844Z   ACTIONS_RUNTIME_TOKEN: ***
2026-06-11T02:09:51.4543148Z   MISE_LOG_LEVEL: info
2026-06-11T02:09:51.4546188Z   MISE_GITHUB_TOKEN: ***
2026-06-11T02:09:51.4546687Z   MISE_TRUSTED_CONFIG_PATHS: /home/runner/work/velnor-actions-fixture/velnor-actions-fixture
2026-06-11T02:09:51.4547153Z   MISE_YES: 1
2026-06-11T02:09:51.4547387Z   CARGO_HOME: /home/runner/.cargo
2026-06-11T02:09:51.4549390Z   PATH: /home/runner/.cargo/bin:/home/runner/.local/share/mise/installs/cargo-cargo-nextest/0.9.137/bin:/home/runner/.local/share/mise/installs/just/1.52.0:/home/runner/.local/share/mise/shims:/home/runner/.local/share/mise/bin:/opt/hostedtoolcache/sccache/0.15.0/x64:/snap/bin:/home/runner/.local/bin:/opt/pipx_bin:/home/runner/.cargo/bin:/home/runner/.config/composer/vendor/bin:/usr/local/.ghcup/bin:/home/runner/.dotnet/tools:/usr/local/sbin:/usr/local/bin:/usr/sbin:/usr/bin:/sbin:/bin:/usr/games:/usr/local/games:/snap/bin
2026-06-11T02:09:51.4551158Z   RUSTUP_HOME: /home/runner/.rustup
2026-06-11T02:09:51.4551451Z   RUSTUP_TOOLCHAIN: 1.96.0
2026-06-11T02:09:51.4551713Z   CACHE_ON_FAILURE: false
2026-06-11T02:09:51.4551976Z   CARGO_INCREMENTAL: 0
2026-06-11T02:09:51.4552231Z ##[endgroup]
2026-06-11T02:09:51.4677356Z ##[group]Run set -euo pipefail
2026-06-11T02:09:51.4677730Z [36;1mset -euo pipefail[0m
2026-06-11T02:09:51.4678079Z [36;1mecho "FIXTURE_PACKAGE=${PACKAGE}" >> "${GITHUB_ENV}"[0m
2026-06-11T02:09:51.4678527Z [36;1mecho "package=${PACKAGE}" >> "${GITHUB_OUTPUT}"[0m
2026-06-11T02:09:51.4679175Z [36;1mecho "lane=${LANE}" >> "${GITHUB_OUTPUT}"[0m
2026-06-11T02:09:51.4679561Z [36;1mecho "setup-state=complete" >> "${GITHUB_STATE}"[0m
2026-06-11T02:09:51.4680060Z [36;1m# Multiline heredoc output — matches ChainArgos bake-targets pattern[0m
2026-06-11T02:09:51.4680625Z [36;1mprintf 'packages<<EOF\n%s\n%s\nEOF\n' "app-a" "app-b" >> "${GITHUB_OUTPUT}"[0m
2026-06-11T02:09:51.4681061Z [36;1mmkdir -p "${HOME}/.local/bin"[0m
2026-06-11T02:09:51.4681537Z [36;1mprintf '%s\n' '#!/usr/bin/env bash' 'echo fixture-tool-ok' > "${HOME}/.local/bin/fixture-tool"[0m
2026-06-11T02:09:51.4682028Z [36;1mchmod +x "${HOME}/.local/bin/fixture-tool"[0m
2026-06-11T02:09:51.4682424Z [36;1mecho "${HOME}/.local/bin" >> "${GITHUB_PATH}"[0m
2026-06-11T02:09:51.4682823Z [36;1mecho "### ${LANE} ${PACKAGE}" >> "${GITHUB_STEP_SUMMARY}"[0m
2026-06-11T02:09:51.4711268Z shell: /usr/bin/bash --noprofile --norc -e -o pipefail {0}
2026-06-11T02:09:51.4711816Z env:
2026-06-11T02:09:51.4712041Z   SCCACHE_GHA_ENABLED: true
2026-06-11T02:09:51.4712319Z   RUSTC_WRAPPER: sccache
2026-06-11T02:09:51.4712653Z   SCCACHE_PATH: /opt/hostedtoolcache/sccache/0.15.0/x64/sccache
2026-06-11T02:09:51.4713030Z   ACTIONS_CACHE_SERVICE_V2: on
2026-06-11T02:09:51.4713464Z   ACTIONS_RESULTS_URL: https://results-receiver.actions.githubusercontent.com/
2026-06-11T02:09:51.4763981Z   ACTIONS_RUNTIME_TOKEN: ***
2026-06-11T02:09:51.4764269Z   MISE_LOG_LEVEL: info
2026-06-11T02:09:51.4767321Z   MISE_GITHUB_TOKEN: ***
2026-06-11T02:09:51.4767750Z   MISE_TRUSTED_CONFIG_PATHS: /home/runner/work/velnor-actions-fixture/velnor-actions-fixture
2026-06-11T02:09:51.4768212Z   MISE_YES: 1
2026-06-11T02:09:51.4768466Z   CARGO_HOME: /home/runner/.cargo
2026-06-11T02:09:51.4770383Z   PATH: /home/runner/.cargo/bin:/home/runner/.local/share/mise/installs/cargo-cargo-nextest/0.9.137/bin:/home/runner/.local/share/mise/installs/just/1.52.0:/home/runner/.local/share/mise/shims:/home/runner/.local/share/mise/bin:/opt/hostedtoolcache/sccache/0.15.0/x64:/snap/bin:/home/runner/.local/bin:/opt/pipx_bin:/home/runner/.cargo/bin:/home/runner/.config/composer/vendor/bin:/usr/local/.ghcup/bin:/home/runner/.dotnet/tools:/usr/local/sbin:/usr/local/bin:/usr/sbin:/usr/bin:/sbin:/bin:/usr/games:/usr/local/games:/snap/bin
2026-06-11T02:09:51.4772160Z   RUSTUP_HOME: /home/runner/.rustup
2026-06-11T02:09:51.4772457Z   RUSTUP_TOOLCHAIN: 1.96.0
2026-06-11T02:09:51.4772721Z   CACHE_ON_FAILURE: false
2026-06-11T02:09:51.4772976Z   CARGO_INCREMENTAL: 0
2026-06-11T02:09:51.4773229Z   PACKAGE: app-a
2026-06-11T02:09:51.4773458Z   LANE: github
2026-06-11T02:09:51.4773683Z ##[endgroup]
2026-06-11T02:09:51.4913388Z ##[group]Run just fmt-check
2026-06-11T02:09:51.4913707Z [36;1mjust fmt-check[0m
2026-06-11T02:09:51.4941938Z shell: /usr/bin/bash --noprofile --norc -e -o pipefail {0}
2026-06-11T02:09:51.4942407Z env:
2026-06-11T02:09:51.4942657Z   SCCACHE_GHA_ENABLED: true
2026-06-11T02:09:51.4942931Z   RUSTC_WRAPPER: sccache
2026-06-11T02:09:51.4943277Z   SCCACHE_PATH: /opt/hostedtoolcache/sccache/0.15.0/x64/sccache
2026-06-11T02:09:51.4943644Z   ACTIONS_CACHE_SERVICE_V2: on
2026-06-11T02:09:51.4944086Z   ACTIONS_RESULTS_URL: https://results-receiver.actions.githubusercontent.com/
2026-06-11T02:09:51.4995188Z   ACTIONS_RUNTIME_TOKEN: ***
2026-06-11T02:09:51.4995479Z   MISE_LOG_LEVEL: info
2026-06-11T02:09:51.4998520Z   MISE_GITHUB_TOKEN: ***
2026-06-11T02:09:51.4999165Z   MISE_TRUSTED_CONFIG_PATHS: /home/runner/work/velnor-actions-fixture/velnor-actions-fixture
2026-06-11T02:09:51.4999639Z   MISE_YES: 1
2026-06-11T02:09:51.4999888Z   CARGO_HOME: /home/runner/.cargo
2026-06-11T02:09:51.5001759Z   PATH: /home/runner/.cargo/bin:/home/runner/.local/share/mise/installs/cargo-cargo-nextest/0.9.137/bin:/home/runner/.local/share/mise/installs/just/1.52.0:/home/runner/.local/share/mise/shims:/home/runner/.local/share/mise/bin:/opt/hostedtoolcache/sccache/0.15.0/x64:/snap/bin:/home/runner/.local/bin:/opt/pipx_bin:/home/runner/.cargo/bin:/home/runner/.config/composer/vendor/bin:/usr/local/.ghcup/bin:/home/runner/.dotnet/tools:/usr/local/sbin:/usr/local/bin:/usr/sbin:/usr/bin:/sbin:/bin:/usr/games:/usr/local/games:/snap/bin
2026-06-11T02:09:51.5003574Z   RUSTUP_HOME: /home/runner/.rustup
2026-06-11T02:09:51.5003868Z   RUSTUP_TOOLCHAIN: 1.96.0
2026-06-11T02:09:51.5004155Z   CACHE_ON_FAILURE: false
2026-06-11T02:09:51.5004411Z   CARGO_INCREMENTAL: 0
2026-06-11T02:09:51.5004659Z   FIXTURE_PACKAGE: app-a
2026-06-11T02:09:51.5004924Z ##[endgroup]
2026-06-11T02:09:51.5224732Z cargo fmt --check
2026-06-11T02:09:51.5734435Z ##[group]Run just clippy "app-a"
2026-06-11T02:09:51.5734782Z [36;1mjust clippy "app-a"[0m
2026-06-11T02:09:51.5763729Z shell: /usr/bin/bash --noprofile --norc -e -o pipefail {0}
2026-06-11T02:09:51.5764088Z env:
2026-06-11T02:09:51.5764337Z   SCCACHE_GHA_ENABLED: true
2026-06-11T02:09:51.5764609Z   RUSTC_WRAPPER: sccache
2026-06-11T02:09:51.5764943Z   SCCACHE_PATH: /opt/hostedtoolcache/sccache/0.15.0/x64/sccache
2026-06-11T02:09:51.5765500Z   ACTIONS_CACHE_SERVICE_V2: on
2026-06-11T02:09:51.5765939Z   ACTIONS_RESULTS_URL: https://results-receiver.actions.githubusercontent.com/
2026-06-11T02:09:51.5817248Z   ACTIONS_RUNTIME_TOKEN: ***
2026-06-11T02:09:51.5817542Z   MISE_LOG_LEVEL: info
2026-06-11T02:09:51.5820818Z   MISE_GITHUB_TOKEN: ***
2026-06-11T02:09:51.5821266Z   MISE_TRUSTED_CONFIG_PATHS: /home/runner/work/velnor-actions-fixture/velnor-actions-fixture
2026-06-11T02:09:51.5821733Z   MISE_YES: 1
2026-06-11T02:09:51.5821974Z   CARGO_HOME: /home/runner/.cargo
2026-06-11T02:09:51.5823809Z   PATH: /home/runner/.cargo/bin:/home/runner/.local/share/mise/installs/cargo-cargo-nextest/0.9.137/bin:/home/runner/.local/share/mise/installs/just/1.52.0:/home/runner/.local/share/mise/shims:/home/runner/.local/share/mise/bin:/opt/hostedtoolcache/sccache/0.15.0/x64:/snap/bin:/home/runner/.local/bin:/opt/pipx_bin:/home/runner/.cargo/bin:/home/runner/.config/composer/vendor/bin:/usr/local/.ghcup/bin:/home/runner/.dotnet/tools:/usr/local/sbin:/usr/local/bin:/usr/sbin:/usr/bin:/sbin:/bin:/usr/games:/usr/local/games:/snap/bin
2026-06-11T02:09:51.5825573Z   RUSTUP_HOME: /home/runner/.rustup
2026-06-11T02:09:51.5825866Z   RUSTUP_TOOLCHAIN: 1.96.0
2026-06-11T02:09:51.5826138Z   CACHE_ON_FAILURE: false
2026-06-11T02:09:51.5826392Z   CARGO_INCREMENTAL: 0
2026-06-11T02:09:51.5826639Z   FIXTURE_PACKAGE: app-a
2026-06-11T02:09:51.5826898Z ##[endgroup]
2026-06-11T02:09:51.6042448Z cargo clippy -p "app-a" -- -D warnings
2026-06-11T02:09:52.0989440Z     Checking shared v0.1.0 (/home/runner/work/velnor-actions-fixture/velnor-actions-fixture/crates/shared)
2026-06-11T02:09:52.1221726Z     Checking app-a v0.1.0 (/home/runner/work/velnor-actions-fixture/velnor-actions-fixture/crates/app-a)
2026-06-11T02:09:52.1443967Z     Finished `dev` profile [unoptimized + debuginfo] target(s) in 0.50s
2026-06-11T02:09:52.1503389Z ##[group]Run just test "app-a"
2026-06-11T02:09:52.1503715Z [36;1mjust test "app-a"[0m
2026-06-11T02:09:52.1533405Z shell: /usr/bin/bash --noprofile --norc -e -o pipefail {0}
2026-06-11T02:09:52.1533794Z env:
2026-06-11T02:09:52.1534024Z   SCCACHE_GHA_ENABLED: true
2026-06-11T02:09:52.1534306Z   RUSTC_WRAPPER: sccache
2026-06-11T02:09:52.1534644Z   SCCACHE_PATH: /opt/hostedtoolcache/sccache/0.15.0/x64/sccache
2026-06-11T02:09:52.1535031Z   ACTIONS_CACHE_SERVICE_V2: on
2026-06-11T02:09:52.1535469Z   ACTIONS_RESULTS_URL: https://results-receiver.actions.githubusercontent.com/
2026-06-11T02:09:52.1586378Z   ACTIONS_RUNTIME_TOKEN: ***
2026-06-11T02:09:52.1586660Z   MISE_LOG_LEVEL: info
2026-06-11T02:09:52.1589868Z   MISE_GITHUB_TOKEN: ***
2026-06-11T02:09:52.1590308Z   MISE_TRUSTED_CONFIG_PATHS: /home/runner/work/velnor-actions-fixture/velnor-actions-fixture
2026-06-11T02:09:52.1590777Z   MISE_YES: 1
2026-06-11T02:09:52.1591016Z   CARGO_HOME: /home/runner/.cargo
2026-06-11T02:09:52.1592853Z   PATH: /home/runner/.cargo/bin:/home/runner/.local/share/mise/installs/cargo-cargo-nextest/0.9.137/bin:/home/runner/.local/share/mise/installs/just/1.52.0:/home/runner/.local/share/mise/shims:/home/runner/.local/share/mise/bin:/opt/hostedtoolcache/sccache/0.15.0/x64:/snap/bin:/home/runner/.local/bin:/opt/pipx_bin:/home/runner/.cargo/bin:/home/runner/.config/composer/vendor/bin:/usr/local/.ghcup/bin:/home/runner/.dotnet/tools:/usr/local/sbin:/usr/local/bin:/usr/sbin:/usr/bin:/sbin:/bin:/usr/games:/usr/local/games:/snap/bin
2026-06-11T02:09:52.1594610Z   RUSTUP_HOME: /home/runner/.rustup
2026-06-11T02:09:52.1594901Z   RUSTUP_TOOLCHAIN: 1.96.0
2026-06-11T02:09:52.1595171Z   CACHE_ON_FAILURE: false
2026-06-11T02:09:52.1595422Z   CARGO_INCREMENTAL: 0
2026-06-11T02:09:52.1595665Z   FIXTURE_PACKAGE: app-a
2026-06-11T02:09:52.1595924Z ##[endgroup]
2026-06-11T02:09:52.1809979Z cargo test -p "app-a"
2026-06-11T02:09:52.3471190Z    Compiling shared v0.1.0 (/home/runner/work/velnor-actions-fixture/velnor-actions-fixture/crates/shared)
2026-06-11T02:09:52.5639236Z    Compiling app-a v0.1.0 (/home/runner/work/velnor-actions-fixture/velnor-actions-fixture/crates/app-a)
2026-06-11T02:09:52.7497551Z     Finished `test` profile [unoptimized + debuginfo] target(s) in 0.55s
2026-06-11T02:09:52.7500484Z      Running unittests src/main.rs (target/debug/deps/app_a-d86985a9b6c9982a)
2026-06-11T02:09:52.7512327Z 
2026-06-11T02:09:52.7512468Z running 1 test
2026-06-11T02:09:52.7520198Z test tests::prints_expected_label ... ok
2026-06-11T02:09:52.7520462Z 
2026-06-11T02:09:52.7520734Z test result: ok. 1 passed; 0 failed; 0 ignored; 0 measured; 0 filtered out; finished in 0.00s
2026-06-11T02:09:52.7521091Z 
2026-06-11T02:09:52.7569445Z ##[group]Run just nextest "app-a"
2026-06-11T02:09:52.7569795Z [36;1mjust nextest "app-a"[0m
2026-06-11T02:09:52.7598403Z shell: /usr/bin/bash --noprofile --norc -e -o pipefail {0}
2026-06-11T02:09:52.7598981Z env:
2026-06-11T02:09:52.7599203Z   SCCACHE_GHA_ENABLED: true
2026-06-11T02:09:52.7599479Z   RUSTC_WRAPPER: sccache
2026-06-11T02:09:52.7599804Z   SCCACHE_PATH: /opt/hostedtoolcache/sccache/0.15.0/x64/sccache
2026-06-11T02:09:52.7600185Z   ACTIONS_CACHE_SERVICE_V2: on
2026-06-11T02:09:52.7600636Z   ACTIONS_RESULTS_URL: https://results-receiver.actions.githubusercontent.com/
2026-06-11T02:09:52.7652134Z   ACTIONS_RUNTIME_TOKEN: ***
2026-06-11T02:09:52.7652424Z   MISE_LOG_LEVEL: info
2026-06-11T02:09:52.7655457Z   MISE_GITHUB_TOKEN: ***
2026-06-11T02:09:52.7655888Z   MISE_TRUSTED_CONFIG_PATHS: /home/runner/work/velnor-actions-fixture/velnor-actions-fixture
2026-06-11T02:09:52.7656346Z   MISE_YES: 1
2026-06-11T02:09:52.7656582Z   CARGO_HOME: /home/runner/.cargo
2026-06-11T02:09:52.7658380Z   PATH: /home/runner/.cargo/bin:/home/runner/.local/share/mise/installs/cargo-cargo-nextest/0.9.137/bin:/home/runner/.local/share/mise/installs/just/1.52.0:/home/runner/.local/share/mise/shims:/home/runner/.local/share/mise/bin:/opt/hostedtoolcache/sccache/0.15.0/x64:/snap/bin:/home/runner/.local/bin:/opt/pipx_bin:/home/runner/.cargo/bin:/home/runner/.config/composer/vendor/bin:/usr/local/.ghcup/bin:/home/runner/.dotnet/tools:/usr/local/sbin:/usr/local/bin:/usr/sbin:/usr/bin:/sbin:/bin:/usr/games:/usr/local/games:/snap/bin
2026-06-11T02:09:52.7660228Z   RUSTUP_HOME: /home/runner/.rustup
2026-06-11T02:09:52.7660515Z   RUSTUP_TOOLCHAIN: 1.96.0
2026-06-11T02:09:52.7660779Z   CACHE_ON_FAILURE: false
2026-06-11T02:09:52.7661028Z   CARGO_INCREMENTAL: 0
2026-06-11T02:09:52.7661278Z   FIXTURE_PACKAGE: app-a
2026-06-11T02:09:52.7661528Z ##[endgroup]
2026-06-11T02:09:52.7871968Z cargo nextest run -p "app-a"
2026-06-11T02:09:52.8823161Z     Finished `test` profile [unoptimized + debuginfo] target(s) in 0.01s
2026-06-11T02:09:52.8887951Z ────────────
2026-06-11T02:09:52.8888815Z  Nextest run ID eb442837-94a0-4608-a575-36e4028a13fd with nextest profile: default
2026-06-11T02:09:52.8889517Z     Starting 1 test across 1 binary
2026-06-11T02:09:52.8934339Z         PASS [   0.004s] (1/1) app-a::bin/app-a tests::prints_expected_label
2026-06-11T02:09:52.8935035Z ────────────
2026-06-11T02:09:52.8935348Z      Summary [   0.005s] 1 test run: 1 passed, 0 skipped
2026-06-11T02:09:52.8977733Z ##[group]Run cargo check -p "app-a" --locked
2026-06-11T02:09:52.8978142Z [36;1mcargo check -p "app-a" --locked[0m
2026-06-11T02:09:52.9007570Z shell: /usr/bin/bash --noprofile --norc -e -o pipefail {0}
2026-06-11T02:09:52.9007942Z env:
2026-06-11T02:09:52.9008166Z   SCCACHE_GHA_ENABLED: true
2026-06-11T02:09:52.9008440Z   RUSTC_WRAPPER: sccache
2026-06-11T02:09:52.9008986Z   SCCACHE_PATH: /opt/hostedtoolcache/sccache/0.15.0/x64/sccache
2026-06-11T02:09:52.9009353Z   ACTIONS_CACHE_SERVICE_V2: on
2026-06-11T02:09:52.9009795Z   ACTIONS_RESULTS_URL: https://results-receiver.actions.githubusercontent.com/
2026-06-11T02:09:52.9061152Z   ACTIONS_RUNTIME_TOKEN: ***
2026-06-11T02:09:52.9061479Z   MISE_LOG_LEVEL: info
2026-06-11T02:09:52.9064540Z   MISE_GITHUB_TOKEN: ***
2026-06-11T02:09:52.9064989Z   MISE_TRUSTED_CONFIG_PATHS: /home/runner/work/velnor-actions-fixture/velnor-actions-fixture
2026-06-11T02:09:52.9065456Z   MISE_YES: 1
2026-06-11T02:09:52.9065740Z   CARGO_HOME: /home/runner/.cargo
2026-06-11T02:09:52.9067768Z   PATH: /home/runner/.cargo/bin:/home/runner/.local/share/mise/installs/cargo-cargo-nextest/0.9.137/bin:/home/runner/.local/share/mise/installs/just/1.52.0:/home/runner/.local/share/mise/shims:/home/runner/.local/share/mise/bin:/opt/hostedtoolcache/sccache/0.15.0/x64:/snap/bin:/home/runner/.local/bin:/opt/pipx_bin:/home/runner/.cargo/bin:/home/runner/.config/composer/vendor/bin:/usr/local/.ghcup/bin:/home/runner/.dotnet/tools:/usr/local/sbin:/usr/local/bin:/usr/sbin:/usr/bin:/sbin:/bin:/usr/games:/usr/local/games:/snap/bin
2026-06-11T02:09:52.9069698Z   RUSTUP_HOME: /home/runner/.rustup
2026-06-11T02:09:52.9069993Z   RUSTUP_TOOLCHAIN: stable
2026-06-11T02:09:52.9070266Z   CACHE_ON_FAILURE: false
2026-06-11T02:09:52.9070523Z   CARGO_INCREMENTAL: 0
2026-06-11T02:09:52.9070776Z   FIXTURE_PACKAGE: app-a
2026-06-11T02:09:52.9071037Z ##[endgroup]
2026-06-11T02:09:52.9465016Z     Checking shared v0.1.0 (/home/runner/work/velnor-actions-fixture/velnor-actions-fixture/crates/shared)
2026-06-11T02:09:53.1306711Z     Checking app-a v0.1.0 (/home/runner/work/velnor-actions-fixture/velnor-actions-fixture/crates/app-a)
2026-06-11T02:09:53.1503100Z     Finished `dev` profile [unoptimized + debuginfo] target(s) in 0.21s
2026-06-11T02:09:53.1553096Z ##[group]Run {
2026-06-11T02:09:53.1553370Z [36;1m{[0m
2026-06-11T02:09:53.1553633Z [36;1m  echo "### sccache stats (github app-a)"[0m
2026-06-11T02:09:53.1553974Z [36;1m  echo '```'[0m
2026-06-11T02:09:53.1554346Z [36;1m  sccache --show-stats 2>/dev/null || echo 'sccache not available'[0m
2026-06-11T02:09:53.1554737Z [36;1m  echo '```'[0m
2026-06-11T02:09:53.1554995Z [36;1m} >> "${GITHUB_STEP_SUMMARY}"[0m
2026-06-11T02:09:53.1584864Z shell: /usr/bin/bash --noprofile --norc -e -o pipefail {0}
2026-06-11T02:09:53.1585229Z env:
2026-06-11T02:09:53.1585451Z   SCCACHE_GHA_ENABLED: true
2026-06-11T02:09:53.1585726Z   RUSTC_WRAPPER: sccache
2026-06-11T02:09:53.1586062Z   SCCACHE_PATH: /opt/hostedtoolcache/sccache/0.15.0/x64/sccache
2026-06-11T02:09:53.1586433Z   ACTIONS_CACHE_SERVICE_V2: on
2026-06-11T02:09:53.1586890Z   ACTIONS_RESULTS_URL: https://results-receiver.actions.githubusercontent.com/
2026-06-11T02:09:53.1639471Z   ACTIONS_RUNTIME_TOKEN: ***
2026-06-11T02:09:53.1639839Z   MISE_LOG_LEVEL: info
2026-06-11T02:09:53.1642877Z   MISE_GITHUB_TOKEN: ***
2026-06-11T02:09:53.1643328Z   MISE_TRUSTED_CONFIG_PATHS: /home/runner/work/velnor-actions-fixture/velnor-actions-fixture
2026-06-11T02:09:53.1643800Z   MISE_YES: 1
2026-06-11T02:09:53.1644049Z   CARGO_HOME: /home/runner/.cargo
2026-06-11T02:09:53.1645818Z   PATH: /home/runner/.cargo/bin:/home/runner/.local/share/mise/installs/cargo-cargo-nextest/0.9.137/bin:/home/runner/.local/share/mise/installs/just/1.52.0:/home/runner/.local/share/mise/shims:/home/runner/.local/share/mise/bin:/opt/hostedtoolcache/sccache/0.15.0/x64:/snap/bin:/home/runner/.local/bin:/opt/pipx_bin:/home/runner/.cargo/bin:/home/runner/.config/composer/vendor/bin:/usr/local/.ghcup/bin:/home/runner/.dotnet/tools:/usr/local/sbin:/usr/local/bin:/usr/sbin:/usr/bin:/sbin:/bin:/usr/games:/usr/local/games:/snap/bin
2026-06-11T02:09:53.1647577Z   RUSTUP_HOME: /home/runner/.rustup
2026-06-11T02:09:53.1647866Z   RUSTUP_TOOLCHAIN: 1.96.0
2026-06-11T02:09:53.1648137Z   CACHE_ON_FAILURE: false
2026-06-11T02:09:53.1648394Z   CARGO_INCREMENTAL: 0
2026-06-11T02:09:53.1648820Z   FIXTURE_PACKAGE: app-a
2026-06-11T02:09:53.1649079Z ##[endgroup]
2026-06-11T02:09:53.1788225Z Prepare all required actions
2026-06-11T02:09:53.1816023Z ##[group]Run ./.github/actions/check-fixture-output
2026-06-11T02:09:53.1816368Z with:
2026-06-11T02:09:53.1816607Z   package: app-a
2026-06-11T02:09:53.1816838Z env:
2026-06-11T02:09:53.1817054Z   SCCACHE_GHA_ENABLED: true
2026-06-11T02:09:53.1817320Z   RUSTC_WRAPPER: sccache
2026-06-11T02:09:53.1817653Z   SCCACHE_PATH: /opt/hostedtoolcache/sccache/0.15.0/x64/sccache
2026-06-11T02:09:53.1818028Z   ACTIONS_CACHE_SERVICE_V2: on
2026-06-11T02:09:53.1818455Z   ACTIONS_RESULTS_URL: https://results-receiver.actions.githubusercontent.com/
2026-06-11T02:09:53.1870112Z   ACTIONS_RUNTIME_TOKEN: ***
2026-06-11T02:09:53.1870404Z   MISE_LOG_LEVEL: info
2026-06-11T02:09:53.1873436Z   MISE_GITHUB_TOKEN: ***
2026-06-11T02:09:53.1873881Z   MISE_TRUSTED_CONFIG_PATHS: /home/runner/work/velnor-actions-fixture/velnor-actions-fixture
2026-06-11T02:09:53.1874338Z   MISE_YES: 1
2026-06-11T02:09:53.1874576Z   CARGO_HOME: /home/runner/.cargo
2026-06-11T02:09:53.1876395Z   PATH: /home/runner/.cargo/bin:/home/runner/.local/share/mise/installs/cargo-cargo-nextest/0.9.137/bin:/home/runner/.local/share/mise/installs/just/1.52.0:/home/runner/.local/share/mise/shims:/home/runner/.local/share/mise/bin:/opt/hostedtoolcache/sccache/0.15.0/x64:/snap/bin:/home/runner/.local/bin:/opt/pipx_bin:/home/runner/.cargo/bin:/home/runner/.config/composer/vendor/bin:/usr/local/.ghcup/bin:/home/runner/.dotnet/tools:/usr/local/sbin:/usr/local/bin:/usr/sbin:/usr/bin:/sbin:/bin:/usr/games:/usr/local/games:/snap/bin
2026-06-11T02:09:53.1878148Z   RUSTUP_HOME: /home/runner/.rustup
2026-06-11T02:09:53.1878444Z   RUSTUP_TOOLCHAIN: 1.96.0
2026-06-11T02:09:53.1878874Z   CACHE_ON_FAILURE: false
2026-06-11T02:09:53.1879126Z   CARGO_INCREMENTAL: 0
2026-06-11T02:09:53.1879380Z   FIXTURE_PACKAGE: app-a
2026-06-11T02:09:53.1879628Z ##[endgroup]
2026-06-11T02:09:53.1896421Z ##[group]Run set -euo pipefail
2026-06-11T02:09:53.1896744Z [36;1mset -euo pipefail[0m
2026-06-11T02:09:53.1897067Z [36;1mtest "app-a" = "${FIXTURE_PACKAGE}"[0m
2026-06-11T02:09:53.1897422Z [36;1mtest "$(fixture-tool)" = "fixture-tool-ok"[0m
2026-06-11T02:09:53.1897777Z [36;1mecho "checked=true" >> "${GITHUB_OUTPUT}"[0m
2026-06-11T02:09:53.1926711Z shell: /usr/bin/bash --noprofile --norc -e -o pipefail {0}
2026-06-11T02:09:53.1927079Z env:
2026-06-11T02:09:53.1927311Z   SCCACHE_GHA_ENABLED: true
2026-06-11T02:09:53.1927599Z   RUSTC_WRAPPER: sccache
2026-06-11T02:09:53.1927930Z   SCCACHE_PATH: /opt/hostedtoolcache/sccache/0.15.0/x64/sccache
2026-06-11T02:09:53.1928315Z   ACTIONS_CACHE_SERVICE_V2: on
2026-06-11T02:09:53.1928964Z   ACTIONS_RESULTS_URL: https://results-receiver.actions.githubusercontent.com/
2026-06-11T02:09:53.1979860Z   ACTIONS_RUNTIME_TOKEN: ***
2026-06-11T02:09:53.1980145Z   MISE_LOG_LEVEL: info
2026-06-11T02:09:53.1983172Z   MISE_GITHUB_TOKEN: ***
2026-06-11T02:09:53.1983616Z   MISE_TRUSTED_CONFIG_PATHS: /home/runner/work/velnor-actions-fixture/velnor-actions-fixture
2026-06-11T02:09:53.1984075Z   MISE_YES: 1
2026-06-11T02:09:53.1984313Z   CARGO_HOME: /home/runner/.cargo
2026-06-11T02:09:53.1986085Z   PATH: /home/runner/.cargo/bin:/home/runner/.local/share/mise/installs/cargo-cargo-nextest/0.9.137/bin:/home/runner/.local/share/mise/installs/just/1.52.0:/home/runner/.local/share/mise/shims:/home/runner/.local/share/mise/bin:/opt/hostedtoolcache/sccache/0.15.0/x64:/snap/bin:/home/runner/.local/bin:/opt/pipx_bin:/home/runner/.cargo/bin:/home/runner/.config/composer/vendor/bin:/usr/local/.ghcup/bin:/home/runner/.dotnet/tools:/usr/local/sbin:/usr/local/bin:/usr/sbin:/usr/bin:/sbin:/bin:/usr/games:/usr/local/games:/snap/bin
2026-06-11T02:09:53.1987824Z   RUSTUP_HOME: /home/runner/.rustup
2026-06-11T02:09:53.1988119Z   RUSTUP_TOOLCHAIN: 1.96.0
2026-06-11T02:09:53.1988376Z   CACHE_ON_FAILURE: false
2026-06-11T02:09:53.1988744Z   CARGO_INCREMENTAL: 0
2026-06-11T02:09:53.1989000Z   FIXTURE_PACKAGE: app-a
2026-06-11T02:09:53.1989246Z ##[endgroup]
2026-06-11T02:09:53.2111378Z ##[group]Run python3 .github/scripts/write-result.py "app-a" "github" "out/result.json"
2026-06-11T02:09:53.2111997Z [36;1mpython3 .github/scripts/write-result.py "app-a" "github" "out/result.json"[0m
2026-06-11T02:09:53.2138909Z shell: /usr/bin/bash --noprofile --norc -e -o pipefail {0}
2026-06-11T02:09:53.2139275Z env:
2026-06-11T02:09:53.2139508Z   SCCACHE_GHA_ENABLED: true
2026-06-11T02:09:53.2139779Z   RUSTC_WRAPPER: sccache
2026-06-11T02:09:53.2140108Z   SCCACHE_PATH: /opt/hostedtoolcache/sccache/0.15.0/x64/sccache
2026-06-11T02:09:53.2140483Z   ACTIONS_CACHE_SERVICE_V2: on
2026-06-11T02:09:53.2140914Z   ACTIONS_RESULTS_URL: https://results-receiver.actions.githubusercontent.com/
2026-06-11T02:09:53.2192398Z   ACTIONS_RUNTIME_TOKEN: ***
2026-06-11T02:09:53.2192696Z   MISE_LOG_LEVEL: info
2026-06-11T02:09:53.2195795Z   MISE_GITHUB_TOKEN: ***
2026-06-11T02:09:53.2196238Z   MISE_TRUSTED_CONFIG_PATHS: /home/runner/work/velnor-actions-fixture/velnor-actions-fixture
2026-06-11T02:09:53.2196738Z   MISE_YES: 1
2026-06-11T02:09:53.2196976Z   CARGO_HOME: /home/runner/.cargo
2026-06-11T02:09:53.2198930Z   PATH: /home/runner/.cargo/bin:/home/runner/.local/share/mise/installs/cargo-cargo-nextest/0.9.137/bin:/home/runner/.local/share/mise/installs/just/1.52.0:/home/runner/.local/share/mise/shims:/home/runner/.local/share/mise/bin:/opt/hostedtoolcache/sccache/0.15.0/x64:/snap/bin:/home/runner/.local/bin:/opt/pipx_bin:/home/runner/.cargo/bin:/home/runner/.config/composer/vendor/bin:/usr/local/.ghcup/bin:/home/runner/.dotnet/tools:/usr/local/sbin:/usr/local/bin:/usr/sbin:/usr/bin:/sbin:/bin:/usr/games:/usr/local/games:/snap/bin
2026-06-11T02:09:53.2201009Z   RUSTUP_HOME: /home/runner/.rustup
2026-06-11T02:09:53.2201438Z   RUSTUP_TOOLCHAIN: 1.96.0
2026-06-11T02:09:53.2201732Z   CACHE_ON_FAILURE: false
2026-06-11T02:09:53.2202020Z   CARGO_INCREMENTAL: 0
2026-06-11T02:09:53.2202297Z   FIXTURE_PACKAGE: app-a
2026-06-11T02:09:53.2202585Z ##[endgroup]
2026-06-11T02:09:53.2585158Z ##[group]Run actions/upload-artifact@v7
2026-06-11T02:09:53.2585474Z with:
2026-06-11T02:09:53.2585706Z   name: result-github-app-a
2026-06-11T02:09:53.2585983Z   path: out/result.json
2026-06-11T02:09:53.2586240Z   if-no-files-found: warn
2026-06-11T02:09:53.2586502Z   compression-level: 6
2026-06-11T02:09:53.2586745Z   overwrite: false
2026-06-11T02:09:53.2586985Z   include-hidden-files: false
2026-06-11T02:09:53.2587254Z   archive: true
2026-06-11T02:09:53.2587475Z env:
2026-06-11T02:09:53.2587692Z   SCCACHE_GHA_ENABLED: true
2026-06-11T02:09:53.2587957Z   RUSTC_WRAPPER: sccache
2026-06-11T02:09:53.2588285Z   SCCACHE_PATH: /opt/hostedtoolcache/sccache/0.15.0/x64/sccache
2026-06-11T02:09:53.2588953Z   ACTIONS_CACHE_SERVICE_V2: on
2026-06-11T02:09:53.2589404Z   ACTIONS_RESULTS_URL: https://results-receiver.actions.githubusercontent.com/
2026-06-11T02:09:53.2640530Z   ACTIONS_RUNTIME_TOKEN: ***
2026-06-11T02:09:53.2640818Z   MISE_LOG_LEVEL: info
2026-06-11T02:09:53.2643890Z   MISE_GITHUB_TOKEN: ***
2026-06-11T02:09:53.2644327Z   MISE_TRUSTED_CONFIG_PATHS: /home/runner/work/velnor-actions-fixture/velnor-actions-fixture
2026-06-11T02:09:53.2644791Z   MISE_YES: 1
2026-06-11T02:09:53.2645029Z   CARGO_HOME: /home/runner/.cargo
2026-06-11T02:09:53.2646818Z   PATH: /home/runner/.cargo/bin:/home/runner/.local/share/mise/installs/cargo-cargo-nextest/0.9.137/bin:/home/runner/.local/share/mise/installs/just/1.52.0:/home/runner/.local/share/mise/shims:/home/runner/.local/share/mise/bin:/opt/hostedtoolcache/sccache/0.15.0/x64:/snap/bin:/home/runner/.local/bin:/opt/pipx_bin:/home/runner/.cargo/bin:/home/runner/.config/composer/vendor/bin:/usr/local/.ghcup/bin:/home/runner/.dotnet/tools:/usr/local/sbin:/usr/local/bin:/usr/sbin:/usr/bin:/sbin:/bin:/usr/games:/usr/local/games:/snap/bin
2026-06-11T02:09:53.2648761Z   RUSTUP_HOME: /home/runner/.rustup
2026-06-11T02:09:53.2649067Z   RUSTUP_TOOLCHAIN: 1.96.0
2026-06-11T02:09:53.2649336Z   CACHE_ON_FAILURE: false
2026-06-11T02:09:53.2649595Z   CARGO_INCREMENTAL: 0
2026-06-11T02:09:53.2649847Z   FIXTURE_PACKAGE: app-a
2026-06-11T02:09:53.2650105Z ##[endgroup]
2026-06-11T02:09:53.4099763Z With the provided path, there will be 1 file uploaded
2026-06-11T02:09:53.4106350Z Artifact name is valid!
2026-06-11T02:09:53.4106926Z Root directory input is valid!
2026-06-11T02:09:53.6330116Z Uploading artifact: result-github-app-a.zip
2026-06-11T02:09:53.6373017Z Beginning upload of artifact content to blob storage
2026-06-11T02:09:53.7862047Z Uploaded bytes 212
2026-06-11T02:09:53.8268232Z Finished uploading artifact content to blob storage!
2026-06-11T02:09:53.8269372Z SHA256 digest of uploaded artifact is d0b079d41062de05e8b72896fb5db26035337f8cce8b913cb10dafae7a93440d
2026-06-11T02:09:53.8270101Z Finalizing artifact upload
2026-06-11T02:09:54.0528231Z Artifact result-github-app-a successfully finalized. Artifact ID 7553150733
2026-06-11T02:09:54.0529267Z Artifact result-github-app-a has been successfully uploaded! Final size is 212 bytes. Artifact ID is 7553150733
2026-06-11T02:09:54.0532878Z Artifact download URL: https://github.com/tailrocks/velnor-actions-fixture/actions/runs/27319103370/artifacts/7553150733
2026-06-11T02:09:54.0672707Z Post job cleanup.
2026-06-11T02:09:54.3420530Z Cache up-to-date.
2026-06-11T02:09:54.3423081Z (node:2884) [DEP0040] DeprecationWarning: The `punycode` module is deprecated. Please use a userland alternative instead.
2026-06-11T02:09:54.3423791Z (Use `node --trace-deprecation ...` to show where the warning was created)
2026-06-11T02:09:54.3592739Z Post job cleanup.
2026-06-11T02:09:54.4392875Z ##[group]Get human-readable stats
2026-06-11T02:09:54.4409894Z [command]/opt/hostedtoolcache/sccache/0.15.0/x64/sccache --show-stats
2026-06-11T02:09:54.4493834Z Compile requests                      13
2026-06-11T02:09:54.4494444Z Compile requests executed              2
2026-06-11T02:09:54.4494936Z Cache hits                             2
2026-06-11T02:09:54.4495395Z Cache hits (Rust)                      2
2026-06-11T02:09:54.4495858Z Cache misses                           0
2026-06-11T02:09:54.4496310Z Cache hits rate                   100.00 %
2026-06-11T02:09:54.4496791Z Cache hits rate (Rust)            100.00 %
2026-06-11T02:09:54.4497239Z Cache timeouts                         0
2026-06-11T02:09:54.4497706Z Cache read errors                      0
2026-06-11T02:09:54.4498155Z Forced recaches                        0
2026-06-11T02:09:54.4498883Z Cache write errors                     0
2026-06-11T02:09:54.4499408Z Cache errors                           0
2026-06-11T02:09:54.4499854Z Compilations                           0
2026-06-11T02:09:54.4500314Z Compilation failures                   0
2026-06-11T02:09:54.4500769Z Non-cacheable compilations             0
2026-06-11T02:09:54.4501240Z Non-cacheable calls                   11
2026-06-11T02:09:54.4501702Z Non-compilation calls                  0
2026-06-11T02:09:54.4502175Z Unsupported compiler calls             0
2026-06-11T02:09:54.4502655Z Average cache write                0.000 s
2026-06-11T02:09:54.4503140Z Average compiler                   0.000 s
2026-06-11T02:09:54.4503620Z Average cache read hit             0.168 s
2026-06-11T02:09:54.4504098Z Failed distributed compilations        0
2026-06-11T02:09:54.4504424Z 
2026-06-11T02:09:54.4504588Z Non-cacheable reasons:
2026-06-11T02:09:54.4504983Z -                                      3
2026-06-11T02:09:54.4505435Z crate-type                             2
2026-06-11T02:09:54.4505902Z missing input                          2
2026-06-11T02:09:54.4506350Z missing output_dir                     2
2026-06-11T02:09:54.4506789Z multiple input files                   2
2026-06-11T02:09:54.4507087Z 
2026-06-11T02:09:54.4507715Z Cache location                  ghac, name: 7e0726055e1e4f1baa01c3967c5cfadc05877ea5de0f1b2d553463f71b5d0d86, prefix: /sccache/
2026-06-11T02:09:54.4508854Z Base directories                (none)
2026-06-11T02:09:54.4509320Z Version (client)                0.15.0
2026-06-11T02:09:54.4515078Z ##[endgroup]
2026-06-11T02:09:54.4515708Z ##[group]Get JSON stats
2026-06-11T02:09:54.4517433Z [command]/opt/hostedtoolcache/sccache/0.15.0/x64/sccache --show-stats --stats-format=json
2026-06-11T02:09:54.4557184Z {"stats":{"compile_requests":13,"requests_unsupported_compiler":0,"requests_not_compile":0,"requests_not_cacheable":11,"requests_executed":2,"cache_errors":{"counts":{},"adv_counts":{}},"cache_hits":{"counts":{"Rust":2},"adv_counts":{"rust":2}},"cache_misses":{"counts":{},"adv_counts":{}},"cache_timeouts":0,"cache_read_errors":0,"non_cacheable_compilations":0,"forced_recaches":0,"cache_write_errors":0,"cache_writes":0,"cache_write_duration":{"secs":0,"nanos":0},"cache_read_hit_duration":{"secs":0,"nanos":337443933},"compilations":0,"compiler_write_duration":{"secs":0,"nanos":0},"compile_fails":0,"not_cached":{"missing input":2,"missing output_dir":2,"multiple input files":2,"crate-type":2,"-":3},"dist_compiles":{},"dist_errors":0,"multi_level":null},"cache_location":"ghac, name: 7e0726055e1e4f1baa01c3967c5cfadc05877ea5de0f1b2d553463f71b5d0d86, prefix: /sccache/","cache_size":null,"max_cache_size":null,"use_preprocessor_cache_mode":false,"version":"0.15.0","basedirs":[]}
2026-06-11T02:09:54.4563101Z ##[endgroup]
2026-06-11T02:09:54.4587657Z ##[notice]100% - 2 hits, 0 misses, 0 errors
2026-06-11T02:09:54.4597542Z 
2026-06-11T02:09:54.4597834Z Full human-readable stats:
2026-06-11T02:09:54.4598357Z Compile requests                      13
2026-06-11T02:09:54.4599060Z Compile requests executed              2
2026-06-11T02:09:54.4599939Z Cache hits                             2
2026-06-11T02:09:54.4600424Z Cache hits (Rust)                      2
2026-06-11T02:09:54.4600933Z Cache misses                           0
2026-06-11T02:09:54.4601447Z Cache hits rate                   100.00 %
2026-06-11T02:09:54.4601898Z Cache hits rate (Rust)            100.00 %
2026-06-11T02:09:54.4602376Z Cache timeouts                         0
2026-06-11T02:09:54.4602849Z Cache read errors                      0
2026-06-11T02:09:54.4603323Z Forced recaches                        0
2026-06-11T02:09:54.4603780Z Cache write errors                     0
2026-06-11T02:09:54.4604213Z Cache errors                           0
2026-06-11T02:09:54.4604671Z Compilations                           0
2026-06-11T02:09:54.4605131Z Compilation failures                   0
2026-06-11T02:09:54.4605642Z Non-cacheable compilations             0
2026-06-11T02:09:54.4606109Z Non-cacheable calls                   11
2026-06-11T02:09:54.4606590Z Non-compilation calls                  0
2026-06-11T02:09:54.4607071Z Unsupported compiler calls             0
2026-06-11T02:09:54.4607586Z Average cache write                0.000 s
2026-06-11T02:09:54.4608053Z Average compiler                   0.000 s
2026-06-11T02:09:54.4608510Z Average cache read hit             0.168 s
2026-06-11T02:09:54.4609176Z Failed distributed compilations        0
2026-06-11T02:09:54.4609456Z 
2026-06-11T02:09:54.4609591Z Non-cacheable reasons:
2026-06-11T02:09:54.4609862Z -                                      3
2026-06-11T02:09:54.4610168Z crate-type                             2
2026-06-11T02:09:54.4610449Z missing input                          2
2026-06-11T02:09:54.4610735Z missing output_dir                     2
2026-06-11T02:09:54.4611036Z multiple input files                   2
2026-06-11T02:09:54.4611227Z 
2026-06-11T02:09:54.4611621Z Cache location                  ghac, name: 7e0726055e1e4f1baa01c3967c5cfadc05877ea5de0f1b2d553463f71b5d0d86, prefix: /sccache/
2026-06-11T02:09:54.4612200Z Base directories                (none)
2026-06-11T02:09:54.4612508Z Version (client)                0.15.0
2026-06-11T02:09:54.4612701Z 
2026-06-11T02:09:54.4753524Z Post job cleanup.
2026-06-11T02:09:54.5631633Z [command]/usr/bin/git version
2026-06-11T02:09:54.5669415Z git version 2.54.0
2026-06-11T02:09:54.5706949Z Temporarily overriding HOME='/home/runner/work/_temp/b22f9d84-70e0-453e-9ea6-d8c0b75971ec' before making global git config changes
2026-06-11T02:09:54.5707819Z Adding repository directory to the temporary git global config as a safe directory
2026-06-11T02:09:54.5713271Z [command]/usr/bin/git config --global --add safe.directory /home/runner/work/velnor-actions-fixture/velnor-actions-fixture
2026-06-11T02:09:54.5749555Z Removing SSH command configuration
2026-06-11T02:09:54.5756908Z [command]/usr/bin/git config --local --name-only --get-regexp core\.sshCommand
2026-06-11T02:09:54.5794029Z [command]/usr/bin/git submodule foreach --recursive sh -c "git config --local --name-only --get-regexp 'core\.sshCommand' && git config --local --unset-all 'core.sshCommand' || :"
2026-06-11T02:09:54.6075655Z Removing HTTP extra header
2026-06-11T02:09:54.6082297Z [command]/usr/bin/git config --local --name-only --get-regexp http\.https\:\/\/github\.com\/\.extraheader
2026-06-11T02:09:54.6122104Z [command]/usr/bin/git submodule foreach --recursive sh -c "git config --local --name-only --get-regexp 'http\.https\:\/\/github\.com\/\.extraheader' && git config --local --unset-all 'http.https://github.com/.extraheader' || :"
2026-06-11T02:09:54.6367594Z Removing includeIf entries pointing to credentials config files
2026-06-11T02:09:54.6375665Z [command]/usr/bin/git config --local --name-only --get-regexp ^includeIf\.gitdir:
2026-06-11T02:09:54.6404393Z includeif.gitdir:/home/runner/work/velnor-actions-fixture/velnor-actions-fixture/.git.path
2026-06-11T02:09:54.6405513Z includeif.gitdir:/home/runner/work/velnor-actions-fixture/velnor-actions-fixture/.git/worktrees/*.path
2026-06-11T02:09:54.6406409Z includeif.gitdir:/github/workspace/.git.path
2026-06-11T02:09:54.6406993Z includeif.gitdir:/github/workspace/.git/worktrees/*.path
2026-06-11T02:09:54.6415561Z [command]/usr/bin/git config --local --get-all includeif.gitdir:/home/runner/work/velnor-actions-fixture/velnor-actions-fixture/.git.path
2026-06-11T02:09:54.6440172Z /home/runner/work/_temp/git-credentials-ed273613-ddc7-4420-bb4b-772306001233.config
2026-06-11T02:09:54.6451494Z [command]/usr/bin/git config --local --unset includeif.gitdir:/home/runner/work/velnor-actions-fixture/velnor-actions-fixture/.git.path /home/runner/work/_temp/git-credentials-ed273613-ddc7-4420-bb4b-772306001233.config
2026-06-11T02:09:54.6491524Z [command]/usr/bin/git config --local --get-all includeif.gitdir:/home/runner/work/velnor-actions-fixture/velnor-actions-fixture/.git/worktrees/*.path
2026-06-11T02:09:54.6515687Z /home/runner/work/_temp/git-credentials-ed273613-ddc7-4420-bb4b-772306001233.config
2026-06-11T02:09:54.6526100Z [command]/usr/bin/git config --local --unset includeif.gitdir:/home/runner/work/velnor-actions-fixture/velnor-actions-fixture/.git/worktrees/*.path /home/runner/work/_temp/git-credentials-ed273613-ddc7-4420-bb4b-772306001233.config
2026-06-11T02:09:54.6561120Z [command]/usr/bin/git config --local --get-all includeif.gitdir:/github/workspace/.git.path
2026-06-11T02:09:54.6584480Z /github/runner_temp/git-credentials-ed273613-ddc7-4420-bb4b-772306001233.config
2026-06-11T02:09:54.6593251Z [command]/usr/bin/git config --local --unset includeif.gitdir:/github/workspace/.git.path /github/runner_temp/git-credentials-ed273613-ddc7-4420-bb4b-772306001233.config
2026-06-11T02:09:54.6628286Z [command]/usr/bin/git config --local --get-all includeif.gitdir:/github/workspace/.git/worktrees/*.path
2026-06-11T02:09:54.6652382Z /github/runner_temp/git-credentials-ed273613-ddc7-4420-bb4b-772306001233.config
2026-06-11T02:09:54.6662913Z [command]/usr/bin/git config --local --unset includeif.gitdir:/github/workspace/.git/worktrees/*.path /github/runner_temp/git-credentials-ed273613-ddc7-4420-bb4b-772306001233.config
2026-06-11T02:09:54.6700200Z [command]/usr/bin/git submodule foreach --recursive git config --local --show-origin --name-only --get-regexp remote.origin.url
2026-06-11T02:09:54.6960928Z Removing credentials config '/home/runner/work/_temp/git-credentials-ed273613-ddc7-4420-bb4b-772306001233.config'
2026-06-11T02:09:54.7134266Z Cleaning up orphan processes
2026-06-11T02:09:54.7528181Z Terminate orphan process: pid (2581) (sccache)
