2026-06-11T02:09:36.4668999Z Current runner version: '2.335.1'
2026-06-11T02:09:36.4695526Z ##[group]Runner Image Provisioner
2026-06-11T02:09:36.4696804Z Hosted Compute Agent
2026-06-11T02:09:36.4697423Z Version: 20260527.539
2026-06-11T02:09:36.4698050Z Commit: a891dd388383b896fa6ac04a82c0b75cec981078
2026-06-11T02:09:36.4698856Z Build Date: 2026-05-27T21:39:57Z
2026-06-11T02:09:36.4699549Z Worker ID: {6159a0b6-fa3f-43eb-a34c-5004cc39833e}
2026-06-11T02:09:36.4700275Z Azure Region: westus
2026-06-11T02:09:36.4700931Z ##[endgroup]
2026-06-11T02:09:36.4702461Z ##[group]Operating System
2026-06-11T02:09:36.4703577Z Ubuntu
2026-06-11T02:09:36.4704138Z 24.04.4
2026-06-11T02:09:36.4704673Z LTS
2026-06-11T02:09:36.4705287Z ##[endgroup]
2026-06-11T02:09:36.4706128Z ##[group]Runner Image
2026-06-11T02:09:36.4706802Z Image: ubuntu-24.04
2026-06-11T02:09:36.4707388Z Version: 20260607.184.1
2026-06-11T02:09:36.4708747Z Included Software: https://github.com/actions/runner-images/blob/ubuntu24/20260607.184/images/ubuntu/Ubuntu2404-Readme.md
2026-06-11T02:09:36.4710281Z Image Release: https://github.com/actions/runner-images/releases/tag/ubuntu24%2F20260607.184
2026-06-11T02:09:36.4711292Z ##[endgroup]
2026-06-11T02:09:36.4712514Z ##[group]GITHUB_TOKEN Permissions
2026-06-11T02:09:36.4715020Z Actions: read
2026-06-11T02:09:36.4715975Z Contents: read
2026-06-11T02:09:36.4716567Z Metadata: read
2026-06-11T02:09:36.4717214Z ##[endgroup]
2026-06-11T02:09:36.4719679Z Secret source: Actions
2026-06-11T02:09:36.4720652Z Prepare workflow directory
2026-06-11T02:09:36.5161875Z Prepare all required actions
2026-06-11T02:09:36.5201876Z Getting action download info
2026-06-11T02:09:37.1065204Z Download action repository 'actions/checkout@v6' (SHA:df4cb1c069e1874edd31b4311f1884172cec0e10)
2026-06-11T02:09:37.5306370Z Download action repository 'mozilla-actions/sccache-action@v0.0.10' (SHA:9e7fa8a12102821edf02ca5dbea1acd0f89a2696)
2026-06-11T02:09:37.8779544Z Download action repository 'rui314/setup-mold@v1' (SHA:9c9c13bf4c3f1adef0cc596abc155580bcb04444)
2026-06-11T02:09:38.1016448Z Download action repository 'jdx/mise-action@v4' (SHA:dba19683ed58901619b14f395a24841710cb4925)
2026-06-11T02:09:38.6598429Z Download action repository 'Swatinem/rust-cache@v2' (SHA:e18b497796c12c097a38f9edb9d0641fb99eee32)
2026-06-11T02:09:39.2649740Z Download action repository 'actions/upload-artifact@v7' (SHA:043fb46d1a93c77aae656e7c1c64a875d1fc6a0a)
2026-06-11T02:09:39.4601529Z Complete job name: compat (app-b, github, "ubuntu-latest")
2026-06-11T02:09:39.5383614Z ##[group]Run actions/checkout@v6
2026-06-11T02:09:39.5384240Z with:
2026-06-11T02:09:39.5384523Z   repository: tailrocks/velnor-actions-fixture
2026-06-11T02:09:39.5388003Z   token: ***
2026-06-11T02:09:39.5388221Z   ssh-strict: true
2026-06-11T02:09:39.5388426Z   ssh-user: git
2026-06-11T02:09:39.5388636Z   persist-credentials: true
2026-06-11T02:09:39.5388877Z   clean: true
2026-06-11T02:09:39.5389087Z   sparse-checkout-cone-mode: true
2026-06-11T02:09:39.5389350Z   fetch-depth: 1
2026-06-11T02:09:39.5389559Z   fetch-tags: false
2026-06-11T02:09:39.5389781Z   show-progress: true
2026-06-11T02:09:39.5389988Z   lfs: false
2026-06-11T02:09:39.5390171Z   submodules: false
2026-06-11T02:09:39.5390379Z   set-safe-directory: true
2026-06-11T02:09:39.5390916Z env:
2026-06-11T02:09:39.5391127Z   SCCACHE_GHA_ENABLED: true
2026-06-11T02:09:39.5391368Z   RUSTC_WRAPPER: sccache
2026-06-11T02:09:39.5391591Z ##[endgroup]
2026-06-11T02:09:39.6448369Z Syncing repository: tailrocks/velnor-actions-fixture
2026-06-11T02:09:39.6449975Z ##[group]Getting Git version info
2026-06-11T02:09:39.6450604Z Working directory is '/home/runner/work/velnor-actions-fixture/velnor-actions-fixture'
2026-06-11T02:09:39.6451319Z [command]/usr/bin/git version
2026-06-11T02:09:39.6544855Z git version 2.54.0
2026-06-11T02:09:39.6569655Z ##[endgroup]
2026-06-11T02:09:39.6587114Z Temporarily overriding HOME='/home/runner/work/_temp/bc14976c-4caf-471a-a40e-ffd0965d244b' before making global git config changes
2026-06-11T02:09:39.6589193Z Adding repository directory to the temporary git global config as a safe directory
2026-06-11T02:09:39.6594670Z [command]/usr/bin/git config --global --add safe.directory /home/runner/work/velnor-actions-fixture/velnor-actions-fixture
2026-06-11T02:09:39.6677086Z Deleting the contents of '/home/runner/work/velnor-actions-fixture/velnor-actions-fixture'
2026-06-11T02:09:39.6681202Z ##[group]Determining repository object format
2026-06-11T02:09:39.6683678Z ##[endgroup]
2026-06-11T02:09:39.6684331Z ##[group]Initializing the repository
2026-06-11T02:09:39.6690210Z [command]/usr/bin/git init /home/runner/work/velnor-actions-fixture/velnor-actions-fixture
2026-06-11T02:09:39.6803917Z hint: Using 'master' as the name for the initial branch. This default branch name
2026-06-11T02:09:39.6805280Z hint: will change to "main" in Git 3.0. To configure the initial branch name
2026-06-11T02:09:39.6806679Z hint: to use in all of your new repositories, which will suppress this warning,
2026-06-11T02:09:39.6807730Z hint: call:
2026-06-11T02:09:39.6808710Z hint:
2026-06-11T02:09:39.6809827Z hint: 	git config --global init.defaultBranch <name>
2026-06-11T02:09:39.6811043Z hint:
2026-06-11T02:09:39.6812203Z hint: Names commonly chosen instead of 'master' are 'main', 'trunk' and
2026-06-11T02:09:39.6813923Z hint: 'development'. The just-created branch can be renamed via this command:
2026-06-11T02:09:39.6815151Z hint:
2026-06-11T02:09:39.6816137Z hint: 	git branch -m <name>
2026-06-11T02:09:39.6816999Z hint:
2026-06-11T02:09:39.6817945Z hint: Disable this message with "git config set advice.defaultBranchName false"
2026-06-11T02:09:39.6819571Z Initialized empty Git repository in /home/runner/work/velnor-actions-fixture/velnor-actions-fixture/.git/
2026-06-11T02:09:39.6823931Z [command]/usr/bin/git remote add origin https://github.com/tailrocks/velnor-actions-fixture
2026-06-11T02:09:39.6909847Z ##[endgroup]
2026-06-11T02:09:39.6910594Z ##[group]Disabling automatic garbage collection
2026-06-11T02:09:39.6915832Z [command]/usr/bin/git config --local gc.auto 0
2026-06-11T02:09:39.6949528Z ##[endgroup]
2026-06-11T02:09:39.6950187Z ##[group]Setting up auth
2026-06-11T02:09:39.6951345Z Removing SSH command configuration
2026-06-11T02:09:39.6957697Z [command]/usr/bin/git config --local --name-only --get-regexp core\.sshCommand
2026-06-11T02:09:39.6994186Z [command]/usr/bin/git submodule foreach --recursive sh -c "git config --local --name-only --get-regexp 'core\.sshCommand' && git config --local --unset-all 'core.sshCommand' || :"
2026-06-11T02:09:39.7350765Z Removing HTTP extra header
2026-06-11T02:09:39.7356412Z [command]/usr/bin/git config --local --name-only --get-regexp http\.https\:\/\/github\.com\/\.extraheader
2026-06-11T02:09:39.7388669Z [command]/usr/bin/git submodule foreach --recursive sh -c "git config --local --name-only --get-regexp 'http\.https\:\/\/github\.com\/\.extraheader' && git config --local --unset-all 'http.https://github.com/.extraheader' || :"
2026-06-11T02:09:39.7609133Z Removing includeIf entries pointing to credentials config files
2026-06-11T02:09:39.7617030Z [command]/usr/bin/git config --local --name-only --get-regexp ^includeIf\.gitdir:
2026-06-11T02:09:39.7649214Z [command]/usr/bin/git submodule foreach --recursive git config --local --show-origin --name-only --get-regexp remote.origin.url
2026-06-11T02:09:39.7879539Z [command]/usr/bin/git config --file /home/runner/work/_temp/git-credentials-7ee78ebe-93d1-42cc-abf0-b8a96b6d98c5.config http.https://github.com/.extraheader AUTHORIZATION: basic ***
2026-06-11T02:09:39.7919552Z [command]/usr/bin/git config --local includeIf.gitdir:/home/runner/work/velnor-actions-fixture/velnor-actions-fixture/.git.path /home/runner/work/_temp/git-credentials-7ee78ebe-93d1-42cc-abf0-b8a96b6d98c5.config
2026-06-11T02:09:39.7950838Z [command]/usr/bin/git config --local includeIf.gitdir:/home/runner/work/velnor-actions-fixture/velnor-actions-fixture/.git/worktrees/*.path /home/runner/work/_temp/git-credentials-7ee78ebe-93d1-42cc-abf0-b8a96b6d98c5.config
2026-06-11T02:09:39.7986218Z [command]/usr/bin/git config --local includeIf.gitdir:/github/workspace/.git.path /github/runner_temp/git-credentials-7ee78ebe-93d1-42cc-abf0-b8a96b6d98c5.config
2026-06-11T02:09:39.8019364Z [command]/usr/bin/git config --local includeIf.gitdir:/github/workspace/.git/worktrees/*.path /github/runner_temp/git-credentials-7ee78ebe-93d1-42cc-abf0-b8a96b6d98c5.config
2026-06-11T02:09:39.8046337Z ##[endgroup]
2026-06-11T02:09:39.8047200Z ##[group]Fetching the repository
2026-06-11T02:09:39.8057096Z [command]/usr/bin/git -c protocol.version=2 fetch --no-tags --prune --no-recurse-submodules --depth=1 origin +c49c39739cf9037067d8a218128ac2d684ef887d:refs/remotes/origin/main
2026-06-11T02:09:40.2371496Z From https://github.com/tailrocks/velnor-actions-fixture
2026-06-11T02:09:40.2372954Z  * [new ref]         c49c39739cf9037067d8a218128ac2d684ef887d -> origin/main
2026-06-11T02:09:40.2420213Z [command]/usr/bin/git branch --list --remote origin/main
2026-06-11T02:09:40.2449611Z   origin/main
2026-06-11T02:09:40.2467703Z [command]/usr/bin/git rev-parse refs/remotes/origin/main
2026-06-11T02:09:40.2486034Z c49c39739cf9037067d8a218128ac2d684ef887d
2026-06-11T02:09:40.2496865Z ##[endgroup]
2026-06-11T02:09:40.2497535Z ##[group]Determining the checkout info
2026-06-11T02:09:40.2498090Z ##[endgroup]
2026-06-11T02:09:40.2506538Z [command]/usr/bin/git sparse-checkout disable
2026-06-11T02:09:40.2552451Z [command]/usr/bin/git config --local --unset-all extensions.worktreeConfig
2026-06-11T02:09:40.2584366Z ##[group]Checking out the ref
2026-06-11T02:09:40.2589600Z [command]/usr/bin/git checkout --progress --force -B main refs/remotes/origin/main
2026-06-11T02:09:40.2664070Z Switched to a new branch 'main'
2026-06-11T02:09:40.2665884Z branch 'main' set up to track 'origin/main'.
2026-06-11T02:09:40.2674225Z ##[endgroup]
2026-06-11T02:09:40.2722201Z [command]/usr/bin/git log -1 --format=%H
2026-06-11T02:09:40.2750228Z c49c39739cf9037067d8a218128ac2d684ef887d
2026-06-11T02:09:40.3001864Z ##[group]Run mozilla-actions/sccache-action@v0.0.10
2026-06-11T02:09:40.3002230Z with:
2026-06-11T02:09:40.3005219Z   token: ***
2026-06-11T02:09:40.3005447Z   disable_annotations: false
2026-06-11T02:09:40.3005935Z env:
2026-06-11T02:09:40.3006129Z   SCCACHE_GHA_ENABLED: true
2026-06-11T02:09:40.3006366Z   RUSTC_WRAPPER: sccache
2026-06-11T02:09:40.3006590Z ##[endgroup]
2026-06-11T02:09:40.7847177Z try to setup sccache version: v0.15.0
2026-06-11T02:09:40.7958267Z sccache download from url: https://github.com/mozilla/sccache/releases/download/v0.15.0/sccache-v0.15.0-x86_64-unknown-linux-musl.tar.gz
2026-06-11T02:09:41.0571424Z Correct checksum: 782d2b5dd7ae0a55ebe368ab258114d0928d019ac2d949ab85d5d02f3926709e
2026-06-11T02:09:41.0701355Z [command]/usr/bin/tar xz --warning=no-unknown-keyword --overwrite -C /home/runner/work/_temp/6bf814d4-1b4a-4596-bec2-5164e8b3c7ba -f /home/runner/work/_temp/05368a20-5d0c-456a-b8d1-0d4818b696cc
2026-06-11T02:09:41.2390759Z sccache extracted to: /home/runner/work/_temp/6bf814d4-1b4a-4596-bec2-5164e8b3c7ba
2026-06-11T02:09:41.2509051Z sccache cached to: /opt/hostedtoolcache/sccache/0.15.0/x64
2026-06-11T02:09:41.2666888Z ##[group]Run rui314/setup-mold@v1
2026-06-11T02:09:41.2667262Z with:
2026-06-11T02:09:41.2667473Z   mold-version: 2.41.0
2026-06-11T02:09:41.2667709Z   make-default: true
2026-06-11T02:09:41.2667909Z env:
2026-06-11T02:09:41.2668090Z   SCCACHE_GHA_ENABLED: true
2026-06-11T02:09:41.2668324Z   RUSTC_WRAPPER: sccache
2026-06-11T02:09:41.2668631Z   SCCACHE_PATH: /opt/hostedtoolcache/sccache/0.15.0/x64/sccache
2026-06-11T02:09:41.2668981Z   ACTIONS_CACHE_SERVICE_V2: on
2026-06-11T02:09:41.2669383Z   ACTIONS_RESULTS_URL: https://results-receiver.actions.githubusercontent.com/
2026-06-11T02:09:41.2706361Z   ACTIONS_RUNTIME_TOKEN: ***
2026-06-11T02:09:41.2706624Z ##[endgroup]
2026-06-11T02:09:41.2802333Z ##[group]Run set -x
2026-06-11T02:09:41.2802669Z [36;1mset -x[0m
2026-06-11T02:09:41.2802890Z [36;1mecho "mold 2.41.0"[0m
2026-06-11T02:09:41.2803233Z [36;1mif [ "$(whoami)" = root ]; then SUDO=; else SUDO=sudo; fi[0m
2026-06-11T02:09:41.2804413Z [36;1mwget -O- --timeout=10 --waitretry=3 --retry-connrefused --progress=dot:mega https://github.com/rui314/mold/releases/download/v2.41.0/mold-2.41.0-$(uname -m)-linux.tar.gz | $SUDO tar -C /usr/local --strip-components=1 --no-overwrite-dir -xzf -[0m
2026-06-11T02:09:41.2806299Z [36;1mtest true = true -a "$(realpath /usr/bin/ld)" != /usr/local/bin/mold && $SUDO ln -sf /usr/local/bin/mold "$(realpath /usr/bin/ld)"; true[0m
2026-06-11T02:09:41.2978792Z shell: /usr/bin/bash --noprofile --norc -e -o pipefail {0}
2026-06-11T02:09:41.2979271Z env:
2026-06-11T02:09:41.2979526Z   SCCACHE_GHA_ENABLED: true
2026-06-11T02:09:41.2979819Z   RUSTC_WRAPPER: sccache
2026-06-11T02:09:41.2980190Z   SCCACHE_PATH: /opt/hostedtoolcache/sccache/0.15.0/x64/sccache
2026-06-11T02:09:41.2980625Z   ACTIONS_CACHE_SERVICE_V2: on
2026-06-11T02:09:41.2981126Z   ACTIONS_RESULTS_URL: https://results-receiver.actions.githubusercontent.com/
2026-06-11T02:09:41.3022586Z   ACTIONS_RUNTIME_TOKEN: ***
2026-06-11T02:09:41.3022889Z ##[endgroup]
2026-06-11T02:09:41.3103274Z + echo 'mold 2.41.0'
2026-06-11T02:09:41.3103752Z mold 2.41.0
2026-06-11T02:09:41.3106463Z ++ whoami
2026-06-11T02:09:41.3358496Z + '[' runner = root ']'
2026-06-11T02:09:41.3359058Z + SUDO=sudo
2026-06-11T02:09:41.3363188Z + sudo tar -C /usr/local --strip-components=1 --no-overwrite-dir -xzf -
2026-06-11T02:09:41.3364204Z ++ uname -m
2026-06-11T02:09:41.3375437Z + wget -O- --timeout=10 --waitretry=3 --retry-connrefused --progress=dot:mega https://github.com/rui314/mold/releases/download/v2.41.0/mold-2.41.0-x86_64-linux.tar.gz
2026-06-11T02:09:41.3433044Z --2026-06-11 02:09:41--  https://github.com/rui314/mold/releases/download/v2.41.0/mold-2.41.0-x86_64-linux.tar.gz
2026-06-11T02:09:41.3683693Z Resolving github.com (github.com)... 140.82.116.4
2026-06-11T02:09:41.3870285Z Connecting to github.com (github.com)|140.82.116.4|:443... connected.
2026-06-11T02:09:41.4525481Z HTTP request sent, awaiting response... 302 Found
2026-06-11T02:09:41.4534043Z Location: https://release-assets.githubusercontent.com/github-production-release-asset/299510783/f4863e5d-1747-433e-8c26-b5a1c1950d2d?sp=r&sv=2018-11-09&sr=b&spr=https&se=2026-06-11T03%3A10%3A13Z&rscd=attachment%3B+filename%3Dmold-2.41.0-x86_64-linux.tar.gz&rsct=application%2Foctet-stream&skoid=96c2d410-5711-43a1-aedd-ab1947aa7ab0&sktid=398a6654-997b-47e9-b12b-9515b896b4de&skt=2026-06-11T02%3A09%3A28Z&ske=2026-06-11T03%3A10%3A13Z&sks=b&skv=2018-11-09&sig=MhclYKjClwR729oA9EX7UnkXbJ2GqK9muNkejhZ4hy8%3D&jwt=*** [following]
2026-06-11T02:09:41.4541284Z --2026-06-11 02:09:41--  https://release-assets.githubusercontent.com/github-production-release-asset/299510783/f4863e5d-1747-433e-8c26-b5a1c1950d2d?sp=r&sv=2018-11-09&sr=b&spr=https&se=2026-06-11T03%3A10%3A13Z&rscd=attachment%3B+filename%3Dmold-2.41.0-x86_64-linux.tar.gz&rsct=application%2Foctet-stream&skoid=96c2d410-5711-43a1-aedd-ab1947aa7ab0&sktid=398a6654-997b-47e9-b12b-9515b896b4de&skt=2026-06-11T02%3A09%3A28Z&ske=2026-06-11T03%3A10%3A13Z&sks=b&skv=2018-11-09&sig=MhclYKjClwR729oA9EX7UnkXbJ2GqK9muNkejhZ4hy8%3D&jwt=***
2026-06-11T02:09:41.4551675Z Resolving release-assets.githubusercontent.com (release-assets.githubusercontent.com)... 185.199.109.133, 185.199.111.133, 185.199.110.133, ...
2026-06-11T02:09:41.4557821Z Connecting to release-assets.githubusercontent.com (release-assets.githubusercontent.com)|185.199.109.133|:443... connected.
2026-06-11T02:09:41.4597866Z HTTP request sent, awaiting response... 200 OK
2026-06-11T02:09:41.4598758Z Length: 5119986 (4.9M) [application/octet-stream]
2026-06-11T02:09:41.4600391Z Saving to: ‘STDOUT’
2026-06-11T02:09:41.4605715Z 
2026-06-11T02:09:41.5300478Z      0K ........ ........ ........ ........ ........ ........ 61% 42.9M 0s
2026-06-11T02:09:41.5787446Z   3072K ........ ........ ........ ......                    100% 43.1M=0.1s
2026-06-11T02:09:41.5788661Z 
2026-06-11T02:09:41.5789456Z 2026-06-11 02:09:41 (43.0 MB/s) - written to stdout [5119986/5119986]
2026-06-11T02:09:41.5790186Z 
2026-06-11T02:09:41.6188506Z ++ realpath /usr/bin/ld
2026-06-11T02:09:41.6204417Z + test true = true -a /usr/bin/x86_64-linux-gnu-ld.bfd '!=' /usr/local/bin/mold
2026-06-11T02:09:41.6207699Z ++ realpath /usr/bin/ld
2026-06-11T02:09:41.6219256Z + sudo ln -sf /usr/local/bin/mold /usr/bin/x86_64-linux-gnu-ld.bfd
2026-06-11T02:09:41.6295521Z + true
2026-06-11T02:09:41.6404218Z ##[group]Run jdx/mise-action@v4
2026-06-11T02:09:41.6404506Z with:
2026-06-11T02:09:41.6404692Z   install: true
2026-06-11T02:09:41.6404890Z   cache: true
2026-06-11T02:09:41.6405081Z   cache_save: true
2026-06-11T02:09:41.6405287Z   cache_key_prefix: mise-v1
2026-06-11T02:09:41.6405521Z   experimental: false
2026-06-11T02:09:41.6406097Z   log_level: info
2026-06-11T02:09:41.6406312Z   reshim: false
2026-06-11T02:09:41.6406522Z   add_shims_to_path: true
2026-06-11T02:09:41.6409521Z   github_token: ***
2026-06-11T02:09:41.6409750Z   fetch_from_github: true
2026-06-11T02:09:41.6409967Z   env: true
2026-06-11T02:09:41.6410262Z   wings_enabled: false
2026-06-11T02:09:41.6436323Z env:
2026-06-11T02:09:41.6436536Z   SCCACHE_GHA_ENABLED: true
2026-06-11T02:09:41.6436811Z   RUSTC_WRAPPER: sccache
2026-06-11T02:09:41.6437119Z   SCCACHE_PATH: /opt/hostedtoolcache/sccache/0.15.0/x64/sccache
2026-06-11T02:09:41.6437474Z   ACTIONS_CACHE_SERVICE_V2: on
2026-06-11T02:09:41.6437916Z   ACTIONS_RESULTS_URL: https://results-receiver.actions.githubusercontent.com/
2026-06-11T02:09:41.6474464Z   ACTIONS_RUNTIME_TOKEN: ***
2026-06-11T02:09:41.6474727Z ##[endgroup]
2026-06-11T02:09:41.7717461Z ##[group]Restoring mise cache
2026-06-11T02:09:41.7756884Z [command]/usr/bin/ldd --version
2026-06-11T02:09:41.7803553Z ldd (Ubuntu GLIBC 2.39-0ubuntu8.7) 2.39
2026-06-11T02:09:41.7804047Z Copyright (C) 2024 Free Software Foundation, Inc.
2026-06-11T02:09:41.7805457Z This is free software; see the source for copying conditions.  There is NO
2026-06-11T02:09:41.7806393Z warranty; not even for MERCHANTABILITY or FITNESS FOR A PARTICULAR PURPOSE.
2026-06-11T02:09:41.7806887Z Written by Roland McGrath and Ulrich Drepper.
2026-06-11T02:09:42.1040120Z Cache hit for: mise-v1-linux-x64-ubuntu24-93c3d8f1643280b6400fe27b74a0aff170149ee9ae22e18c977c10fa143436dc
2026-06-11T02:09:43.3981478Z Received 0 of 40858735 (0.0%), 0.0 MBs/sec
2026-06-11T02:09:43.9212461Z Received 40858735 of 40858735 (100.0%), 25.6 MBs/sec
2026-06-11T02:09:43.9213700Z Cache Size: ~39 MB (40858735 B)
2026-06-11T02:09:43.9253602Z [command]/usr/bin/tar -xf /home/runner/work/_temp/a0fab38c-ac59-40e9-9fdf-cb0dde59b706/cache.tzst -P -C /home/runner/work/velnor-actions-fixture/velnor-actions-fixture --use-compress-program unzstd
2026-06-11T02:09:44.1229623Z Cache restored successfully
2026-06-11T02:09:44.1254285Z mise cache restored from key: mise-v1-linux-x64-ubuntu24-93c3d8f1643280b6400fe27b74a0aff170149ee9ae22e18c977c10fa143436dc
2026-06-11T02:09:44.1263558Z ##[group]Setting env vars
2026-06-11T02:09:44.1264108Z Setting MISE_LOG_LEVEL=info
2026-06-11T02:09:44.1268741Z Setting MISE_GITHUB_TOKEN=***
2026-06-11T02:09:44.1269658Z Setting MISE_TRUSTED_CONFIG_PATHS=/home/runner/work/velnor-actions-fixture/velnor-actions-fixture
2026-06-11T02:09:44.1270422Z Setting MISE_YES=1
2026-06-11T02:09:44.1271032Z Adding /home/runner/.local/share/mise/shims to PATH
2026-06-11T02:09:44.1271889Z ##[group]Running mise --version
2026-06-11T02:09:44.1299333Z [command]/home/runner/.local/share/mise/bin/mise --version
2026-06-11T02:09:44.1382860Z 2026.6.1 linux-x64 (2026-06-06)
2026-06-11T02:09:44.1431099Z ##[endgroup]
2026-06-11T02:09:44.1597402Z ##[group]Running mise install
2026-06-11T02:09:44.1613001Z [command]/home/runner/.local/share/mise/bin/mise install
2026-06-11T02:09:44.1767437Z [2mmise[0m all tools are installed
2026-06-11T02:09:44.1813630Z ##[endgroup]
2026-06-11T02:09:44.1814445Z ##[group]Running mise ls
2026-06-11T02:09:44.1833279Z [command]/home/runner/.local/share/mise/bin/mise ls
2026-06-11T02:09:44.1986281Z cargo:cargo-nextest  0.9.137           ~/work/velnor-actions-fixture/velnor-actions-fixture/mise.toml  0.9.137
2026-06-11T02:09:44.1987372Z just                 1.52.0            ~/work/velnor-actions-fixture/velnor-actions-fixture/mise.toml  1.52.0
2026-06-11T02:09:44.1988335Z rust                 1.96.0 (symlink)  ~/work/velnor-actions-fixture/velnor-actions-fixture/mise.toml  1.96.0
2026-06-11T02:09:44.2008115Z ##[endgroup]
2026-06-11T02:09:44.2011314Z ##[group]Exporting mise environment variables
2026-06-11T02:09:44.2208257Z [command]/home/runner/.local/share/mise/bin/mise env --json
2026-06-11T02:09:44.2359898Z {
2026-06-11T02:09:44.2360453Z   "CARGO_HOME": "/home/runner/.cargo",
2026-06-11T02:09:44.2364069Z   "PATH": "/home/runner/.cargo/bin:/home/runner/.local/share/mise/installs/cargo-cargo-nextest/0.9.137/bin:/home/runner/.local/share/mise/installs/just/1.52.0:/home/runner/.local/share/mise/shims:/home/runner/.local/share/mise/bin:/opt/hostedtoolcache/sccache/0.15.0/x64:/snap/bin:/home/runner/.local/bin:/opt/pipx_bin:/home/runner/.cargo/bin:/home/runner/.config/composer/vendor/bin:/usr/local/.ghcup/bin:/home/runner/.dotnet/tools:/usr/local/sbin:/usr/local/bin:/usr/sbin:/usr/bin:/sbin:/bin:/usr/games:/usr/local/games:/snap/bin",
2026-06-11T02:09:44.2366612Z   "RUSTUP_HOME": "/home/runner/.rustup",
2026-06-11T02:09:44.2366919Z   "RUSTUP_TOOLCHAIN": "1.96.0"
2026-06-11T02:09:44.2367155Z }
2026-06-11T02:09:44.2387955Z ##[endgroup]
2026-06-11T02:09:44.2508475Z ##[group]Run rustup component add rustfmt clippy
2026-06-11T02:09:44.2508894Z [36;1mrustup component add rustfmt clippy[0m
2026-06-11T02:09:44.2542496Z shell: /usr/bin/bash --noprofile --norc -e -o pipefail {0}
2026-06-11T02:09:44.2542853Z env:
2026-06-11T02:09:44.2543050Z   SCCACHE_GHA_ENABLED: true
2026-06-11T02:09:44.2543291Z   RUSTC_WRAPPER: sccache
2026-06-11T02:09:44.2543631Z   SCCACHE_PATH: /opt/hostedtoolcache/sccache/0.15.0/x64/sccache
2026-06-11T02:09:44.2543996Z   ACTIONS_CACHE_SERVICE_V2: on
2026-06-11T02:09:44.2544412Z   ACTIONS_RESULTS_URL: https://results-receiver.actions.githubusercontent.com/
2026-06-11T02:09:44.2581335Z   ACTIONS_RUNTIME_TOKEN: ***
2026-06-11T02:09:44.2581607Z   MISE_LOG_LEVEL: info
2026-06-11T02:09:44.2584681Z   MISE_GITHUB_TOKEN: ***
2026-06-11T02:09:44.2585131Z   MISE_TRUSTED_CONFIG_PATHS: /home/runner/work/velnor-actions-fixture/velnor-actions-fixture
2026-06-11T02:09:44.2585745Z   MISE_YES: 1
2026-06-11T02:09:44.2586027Z   CARGO_HOME: /home/runner/.cargo
2026-06-11T02:09:44.2587878Z   PATH: /home/runner/.cargo/bin:/home/runner/.local/share/mise/installs/cargo-cargo-nextest/0.9.137/bin:/home/runner/.local/share/mise/installs/just/1.52.0:/home/runner/.local/share/mise/shims:/home/runner/.local/share/mise/bin:/opt/hostedtoolcache/sccache/0.15.0/x64:/snap/bin:/home/runner/.local/bin:/opt/pipx_bin:/home/runner/.cargo/bin:/home/runner/.config/composer/vendor/bin:/usr/local/.ghcup/bin:/home/runner/.dotnet/tools:/usr/local/sbin:/usr/local/bin:/usr/sbin:/usr/bin:/sbin:/bin:/usr/games:/usr/local/games:/snap/bin
2026-06-11T02:09:44.2589756Z   RUSTUP_HOME: /home/runner/.rustup
2026-06-11T02:09:44.2590021Z   RUSTUP_TOOLCHAIN: 1.96.0
2026-06-11T02:09:44.2590255Z ##[endgroup]
2026-06-11T02:09:44.3251399Z info: syncing channel updates for 1.96.0-x86_64-unknown-linux-gnu
2026-06-11T02:09:44.8183618Z info: latest update on 2026-05-28 for version 1.96.0 (ac68faa20 2026-05-25)
2026-06-11T02:09:44.8959009Z info: downloading 3 components
2026-06-11T02:09:53.0937068Z info: downloading component rustfmt
2026-06-11T02:09:53.4038570Z info: downloading component clippy
2026-06-11T02:09:53.8695330Z ##[group]Run Swatinem/rust-cache@v2
2026-06-11T02:09:53.8696051Z with:
2026-06-11T02:09:53.8696282Z   shared-key: fixture-github-Linux
2026-06-11T02:09:53.8696547Z   key: app-b
2026-06-11T02:09:53.8696747Z   prefix-key: v0-rust
2026-06-11T02:09:53.8696973Z   add-job-id-key: true
2026-06-11T02:09:53.8697211Z   add-rust-environment-hash-key: true
2026-06-11T02:09:53.8697481Z   cache-targets: true
2026-06-11T02:09:53.8697697Z   cache-all-crates: false
2026-06-11T02:09:53.8697938Z   cache-workspace-crates: false
2026-06-11T02:09:53.8698190Z   save-if: true
2026-06-11T02:09:53.8698402Z   cache-provider: github
2026-06-11T02:09:53.8698625Z   cache-bin: true
2026-06-11T02:09:53.8699037Z   lookup-only: false
2026-06-11T02:09:53.8699246Z   cmd-format: {0}
2026-06-11T02:09:53.8699449Z env:
2026-06-11T02:09:53.8699635Z   SCCACHE_GHA_ENABLED: true
2026-06-11T02:09:53.8699868Z   RUSTC_WRAPPER: sccache
2026-06-11T02:09:53.8700167Z   SCCACHE_PATH: /opt/hostedtoolcache/sccache/0.15.0/x64/sccache
2026-06-11T02:09:53.8700562Z   ACTIONS_CACHE_SERVICE_V2: on
2026-06-11T02:09:53.8700973Z   ACTIONS_RESULTS_URL: https://results-receiver.actions.githubusercontent.com/
2026-06-11T02:09:53.8738252Z   ACTIONS_RUNTIME_TOKEN: ***
2026-06-11T02:09:53.8738558Z   MISE_LOG_LEVEL: info
2026-06-11T02:09:53.8741662Z   MISE_GITHUB_TOKEN: ***
2026-06-11T02:09:53.8742092Z   MISE_TRUSTED_CONFIG_PATHS: /home/runner/work/velnor-actions-fixture/velnor-actions-fixture
2026-06-11T02:09:53.8742539Z   MISE_YES: 1
2026-06-11T02:09:53.8742760Z   CARGO_HOME: /home/runner/.cargo
2026-06-11T02:09:53.8744619Z   PATH: /home/runner/.cargo/bin:/home/runner/.local/share/mise/installs/cargo-cargo-nextest/0.9.137/bin:/home/runner/.local/share/mise/installs/just/1.52.0:/home/runner/.local/share/mise/shims:/home/runner/.local/share/mise/bin:/opt/hostedtoolcache/sccache/0.15.0/x64:/snap/bin:/home/runner/.local/bin:/opt/pipx_bin:/home/runner/.cargo/bin:/home/runner/.config/composer/vendor/bin:/usr/local/.ghcup/bin:/home/runner/.dotnet/tools:/usr/local/sbin:/usr/local/bin:/usr/sbin:/usr/bin:/sbin:/bin:/usr/games:/usr/local/games:/snap/bin
2026-06-11T02:09:53.8746810Z   RUSTUP_HOME: /home/runner/.rustup
2026-06-11T02:09:53.8747098Z   RUSTUP_TOOLCHAIN: 1.96.0
2026-06-11T02:09:53.8747341Z ##[endgroup]
2026-06-11T02:09:54.1700369Z (node:2445) [DEP0040] DeprecationWarning: The `punycode` module is deprecated. Please use a userland alternative instead.
2026-06-11T02:09:54.1701270Z (Use `node --trace-deprecation ...` to show where the warning was created)
2026-06-11T02:09:54.5557442Z ##[group]Cache Configuration
2026-06-11T02:09:54.5557999Z Cache Provider:
2026-06-11T02:09:54.5558416Z     github
2026-06-11T02:09:54.5558800Z Workspaces:
2026-06-11T02:09:54.5559453Z     /home/runner/work/velnor-actions-fixture/velnor-actions-fixture
2026-06-11T02:09:54.5560190Z Cache Paths:
2026-06-11T02:09:54.5560591Z     /home/runner/.cargo/bin
2026-06-11T02:09:54.5561162Z     /home/runner/.cargo/.crates.toml
2026-06-11T02:09:54.5561684Z     /home/runner/.cargo/.crates2.json
2026-06-11T02:09:54.5562177Z     /home/runner/.cargo/registry
2026-06-11T02:09:54.5562751Z     /home/runner/.cargo/git
2026-06-11T02:09:54.5563511Z     /home/runner/work/velnor-actions-fixture/velnor-actions-fixture/target
2026-06-11T02:09:54.5564268Z Restore Key:
2026-06-11T02:09:54.5564615Z     v0-rust-fixture-github-Linux-Linux-x64-edcabdd1
2026-06-11T02:09:54.5565045Z Cache Key:
2026-06-11T02:09:54.5565415Z     v0-rust-fixture-github-Linux-Linux-x64-edcabdd1-f3b9d8a2
2026-06-11T02:09:54.5566035Z .. Prefix:
2026-06-11T02:09:54.5566332Z   - v0-rust-fixture-github-Linux-Linux-x64
2026-06-11T02:09:54.5566909Z .. Environment considered:
2026-06-11T02:09:54.5567412Z   - Rust Versions:
2026-06-11T02:09:54.5567924Z     - 1.96.0 x86_64-unknown-linux-gnu ac68faa20c58cbccd01ee7208bf3b6e93a7d7f96
2026-06-11T02:09:54.5568576Z     - 1.96.0 x86_64-unknown-linux-gnu ac68faa20c58cbccd01ee7208bf3b6e93a7d7f96
2026-06-11T02:09:54.5569212Z     - 1.96.0 x86_64-unknown-linux-gnu ac68faa20c58cbccd01ee7208bf3b6e93a7d7f96
2026-06-11T02:09:54.5570044Z   - CARGO_HOME
2026-06-11T02:09:54.5570311Z   - CARGO_INCREMENTAL
2026-06-11T02:09:54.5570593Z   - RUSTC_WRAPPER
2026-06-11T02:09:54.5570878Z   - RUSTUP_HOME
2026-06-11T02:09:54.5571160Z   - RUSTUP_TOOLCHAIN
2026-06-11T02:09:54.5571445Z .. Lockfiles considered:
2026-06-11T02:09:54.5571939Z   - /home/runner/work/velnor-actions-fixture/velnor-actions-fixture/Cargo.lock
2026-06-11T02:09:54.5572732Z   - /home/runner/work/velnor-actions-fixture/velnor-actions-fixture/crates/app-a/Cargo.toml
2026-06-11T02:09:54.5573580Z   - /home/runner/work/velnor-actions-fixture/velnor-actions-fixture/crates/app-b/Cargo.toml
2026-06-11T02:09:54.5574710Z   - /home/runner/work/velnor-actions-fixture/velnor-actions-fixture/crates/shared/Cargo.toml
2026-06-11T02:09:54.5576295Z ##[endgroup]
2026-06-11T02:09:54.5576510Z 
2026-06-11T02:09:54.5576717Z ... Restoring cache ...
2026-06-11T02:09:54.8049102Z Cache hit for: v0-rust-fixture-github-Linux-Linux-x64-edcabdd1-f3b9d8a2
2026-06-11T02:09:55.3905820Z Received 975 of 975 (100.0%), 0.0 MBs/sec
2026-06-11T02:09:55.3906506Z Cache Size: ~0 MB (975 B)
2026-06-11T02:09:55.3942896Z [command]/usr/bin/tar -xf /home/runner/work/_temp/f04a4d78-0d1f-49d2-b364-5d21b28199ad/cache.tzst -P -C /home/runner/work/velnor-actions-fixture/velnor-actions-fixture --use-compress-program unzstd
2026-06-11T02:09:55.4006484Z Cache restored successfully
2026-06-11T02:09:55.4009733Z Restored from cache key "v0-rust-fixture-github-Linux-Linux-x64-edcabdd1-f3b9d8a2" full match: true.
2026-06-11T02:09:55.4125840Z ##[group]Run set -euo pipefail
2026-06-11T02:09:55.4126330Z [36;1mset -euo pipefail[0m
2026-06-11T02:09:55.4126848Z [36;1mversion="$(grep '^rust-version' "crates/app-b/Cargo.toml" | sed 's/.*= *"\(.*\)"/\1/' || echo 'stable')"[0m
2026-06-11T02:09:55.4127460Z [36;1mecho "version=${version:-stable}" >> "${GITHUB_OUTPUT}"[0m
2026-06-11T02:09:55.4160359Z shell: /usr/bin/bash --noprofile --norc -e -o pipefail {0}
2026-06-11T02:09:55.4160713Z env:
2026-06-11T02:09:55.4160915Z   SCCACHE_GHA_ENABLED: true
2026-06-11T02:09:55.4161173Z   RUSTC_WRAPPER: sccache
2026-06-11T02:09:55.4161493Z   SCCACHE_PATH: /opt/hostedtoolcache/sccache/0.15.0/x64/sccache
2026-06-11T02:09:55.4161856Z   ACTIONS_CACHE_SERVICE_V2: on
2026-06-11T02:09:55.4162269Z   ACTIONS_RESULTS_URL: https://results-receiver.actions.githubusercontent.com/
2026-06-11T02:09:55.4200718Z   ACTIONS_RUNTIME_TOKEN: ***
2026-06-11T02:09:55.4201001Z   MISE_LOG_LEVEL: info
2026-06-11T02:09:55.4203989Z   MISE_GITHUB_TOKEN: ***
2026-06-11T02:09:55.4204449Z   MISE_TRUSTED_CONFIG_PATHS: /home/runner/work/velnor-actions-fixture/velnor-actions-fixture
2026-06-11T02:09:55.4204904Z   MISE_YES: 1
2026-06-11T02:09:55.4205116Z   CARGO_HOME: /home/runner/.cargo
2026-06-11T02:09:55.4207246Z   PATH: /home/runner/.cargo/bin:/home/runner/.local/share/mise/installs/cargo-cargo-nextest/0.9.137/bin:/home/runner/.local/share/mise/installs/just/1.52.0:/home/runner/.local/share/mise/shims:/home/runner/.local/share/mise/bin:/opt/hostedtoolcache/sccache/0.15.0/x64:/snap/bin:/home/runner/.local/bin:/opt/pipx_bin:/home/runner/.cargo/bin:/home/runner/.config/composer/vendor/bin:/usr/local/.ghcup/bin:/home/runner/.dotnet/tools:/usr/local/sbin:/usr/local/bin:/usr/sbin:/usr/bin:/sbin:/bin:/usr/games:/usr/local/games:/snap/bin
2026-06-11T02:09:55.4209157Z   RUSTUP_HOME: /home/runner/.rustup
2026-06-11T02:09:55.4209443Z   RUSTUP_TOOLCHAIN: 1.96.0
2026-06-11T02:09:55.4209691Z   CACHE_ON_FAILURE: false
2026-06-11T02:09:55.4209933Z   CARGO_INCREMENTAL: 0
2026-06-11T02:09:55.4210167Z ##[endgroup]
2026-06-11T02:09:55.4331125Z ##[group]Run set -euo pipefail
2026-06-11T02:09:55.4331467Z [36;1mset -euo pipefail[0m
2026-06-11T02:09:55.4331797Z [36;1mecho "FIXTURE_PACKAGE=${PACKAGE}" >> "${GITHUB_ENV}"[0m
2026-06-11T02:09:55.4332236Z [36;1mecho "package=${PACKAGE}" >> "${GITHUB_OUTPUT}"[0m
2026-06-11T02:09:55.4332601Z [36;1mecho "lane=${LANE}" >> "${GITHUB_OUTPUT}"[0m
2026-06-11T02:09:55.4332962Z [36;1mecho "setup-state=complete" >> "${GITHUB_STATE}"[0m
2026-06-11T02:09:55.4333434Z [36;1m# Multiline heredoc output — matches ChainArgos bake-targets pattern[0m
2026-06-11T02:09:55.4333997Z [36;1mprintf 'packages<<EOF\n%s\n%s\nEOF\n' "app-a" "app-b" >> "${GITHUB_OUTPUT}"[0m
2026-06-11T02:09:55.4334436Z [36;1mmkdir -p "${HOME}/.local/bin"[0m
2026-06-11T02:09:55.4334903Z [36;1mprintf '%s\n' '#!/usr/bin/env bash' 'echo fixture-tool-ok' > "${HOME}/.local/bin/fixture-tool"[0m
2026-06-11T02:09:55.4335409Z [36;1mchmod +x "${HOME}/.local/bin/fixture-tool"[0m
2026-06-11T02:09:55.4336090Z [36;1mecho "${HOME}/.local/bin" >> "${GITHUB_PATH}"[0m
2026-06-11T02:09:55.4336521Z [36;1mecho "### ${LANE} ${PACKAGE}" >> "${GITHUB_STEP_SUMMARY}"[0m
2026-06-11T02:09:55.4367237Z shell: /usr/bin/bash --noprofile --norc -e -o pipefail {0}
2026-06-11T02:09:55.4367585Z env:
2026-06-11T02:09:55.4367782Z   SCCACHE_GHA_ENABLED: true
2026-06-11T02:09:55.4368069Z   RUSTC_WRAPPER: sccache
2026-06-11T02:09:55.4368385Z   SCCACHE_PATH: /opt/hostedtoolcache/sccache/0.15.0/x64/sccache
2026-06-11T02:09:55.4368745Z   ACTIONS_CACHE_SERVICE_V2: on
2026-06-11T02:09:55.4369160Z   ACTIONS_RESULTS_URL: https://results-receiver.actions.githubusercontent.com/
2026-06-11T02:09:55.4406295Z   ACTIONS_RUNTIME_TOKEN: ***
2026-06-11T02:09:55.4406693Z   MISE_LOG_LEVEL: info
2026-06-11T02:09:55.4409792Z   MISE_GITHUB_TOKEN: ***
2026-06-11T02:09:55.4410399Z   MISE_TRUSTED_CONFIG_PATHS: /home/runner/work/velnor-actions-fixture/velnor-actions-fixture
2026-06-11T02:09:55.4410987Z   MISE_YES: 1
2026-06-11T02:09:55.4411382Z   CARGO_HOME: /home/runner/.cargo
2026-06-11T02:09:55.4413347Z   PATH: /home/runner/.cargo/bin:/home/runner/.local/share/mise/installs/cargo-cargo-nextest/0.9.137/bin:/home/runner/.local/share/mise/installs/just/1.52.0:/home/runner/.local/share/mise/shims:/home/runner/.local/share/mise/bin:/opt/hostedtoolcache/sccache/0.15.0/x64:/snap/bin:/home/runner/.local/bin:/opt/pipx_bin:/home/runner/.cargo/bin:/home/runner/.config/composer/vendor/bin:/usr/local/.ghcup/bin:/home/runner/.dotnet/tools:/usr/local/sbin:/usr/local/bin:/usr/sbin:/usr/bin:/sbin:/bin:/usr/games:/usr/local/games:/snap/bin
2026-06-11T02:09:55.4415392Z   RUSTUP_HOME: /home/runner/.rustup
2026-06-11T02:09:55.4416121Z   RUSTUP_TOOLCHAIN: 1.96.0
2026-06-11T02:09:55.4416455Z   CACHE_ON_FAILURE: false
2026-06-11T02:09:55.4416875Z   CARGO_INCREMENTAL: 0
2026-06-11T02:09:55.4417224Z   PACKAGE: app-b
2026-06-11T02:09:55.4417566Z   LANE: github
2026-06-11T02:09:55.4417913Z ##[endgroup]
2026-06-11T02:09:55.4547561Z ##[group]Run just fmt-check
2026-06-11T02:09:55.4547917Z [36;1mjust fmt-check[0m
2026-06-11T02:09:55.4578524Z shell: /usr/bin/bash --noprofile --norc -e -o pipefail {0}
2026-06-11T02:09:55.4578968Z env:
2026-06-11T02:09:55.4579192Z   SCCACHE_GHA_ENABLED: true
2026-06-11T02:09:55.4579457Z   RUSTC_WRAPPER: sccache
2026-06-11T02:09:55.4579782Z   SCCACHE_PATH: /opt/hostedtoolcache/sccache/0.15.0/x64/sccache
2026-06-11T02:09:55.4580141Z   ACTIONS_CACHE_SERVICE_V2: on
2026-06-11T02:09:55.4580564Z   ACTIONS_RESULTS_URL: https://results-receiver.actions.githubusercontent.com/
2026-06-11T02:09:55.4618185Z   ACTIONS_RUNTIME_TOKEN: ***
2026-06-11T02:09:55.4618471Z   MISE_LOG_LEVEL: info
2026-06-11T02:09:55.4621486Z   MISE_GITHUB_TOKEN: ***
2026-06-11T02:09:55.4621923Z   MISE_TRUSTED_CONFIG_PATHS: /home/runner/work/velnor-actions-fixture/velnor-actions-fixture
2026-06-11T02:09:55.4622395Z   MISE_YES: 1
2026-06-11T02:09:55.4622617Z   CARGO_HOME: /home/runner/.cargo
2026-06-11T02:09:55.4624591Z   PATH: /home/runner/.cargo/bin:/home/runner/.local/share/mise/installs/cargo-cargo-nextest/0.9.137/bin:/home/runner/.local/share/mise/installs/just/1.52.0:/home/runner/.local/share/mise/shims:/home/runner/.local/share/mise/bin:/opt/hostedtoolcache/sccache/0.15.0/x64:/snap/bin:/home/runner/.local/bin:/opt/pipx_bin:/home/runner/.cargo/bin:/home/runner/.config/composer/vendor/bin:/usr/local/.ghcup/bin:/home/runner/.dotnet/tools:/usr/local/sbin:/usr/local/bin:/usr/sbin:/usr/bin:/sbin:/bin:/usr/games:/usr/local/games:/snap/bin
2026-06-11T02:09:55.4626743Z   RUSTUP_HOME: /home/runner/.rustup
2026-06-11T02:09:55.4627023Z   RUSTUP_TOOLCHAIN: 1.96.0
2026-06-11T02:09:55.4627296Z   CACHE_ON_FAILURE: false
2026-06-11T02:09:55.4627537Z   CARGO_INCREMENTAL: 0
2026-06-11T02:09:55.4627763Z   FIXTURE_PACKAGE: app-b
2026-06-11T02:09:55.4628015Z ##[endgroup]
2026-06-11T02:09:55.4837762Z cargo fmt --check
2026-06-11T02:09:55.5314285Z ##[group]Run just clippy "app-b"
2026-06-11T02:09:55.5314642Z [36;1mjust clippy "app-b"[0m
2026-06-11T02:09:55.5347003Z shell: /usr/bin/bash --noprofile --norc -e -o pipefail {0}
2026-06-11T02:09:55.5347364Z env:
2026-06-11T02:09:55.5347567Z   SCCACHE_GHA_ENABLED: true
2026-06-11T02:09:55.5347822Z   RUSTC_WRAPPER: sccache
2026-06-11T02:09:55.5348152Z   SCCACHE_PATH: /opt/hostedtoolcache/sccache/0.15.0/x64/sccache
2026-06-11T02:09:55.5348675Z   ACTIONS_CACHE_SERVICE_V2: on
2026-06-11T02:09:55.5349090Z   ACTIONS_RESULTS_URL: https://results-receiver.actions.githubusercontent.com/
2026-06-11T02:09:55.5386551Z   ACTIONS_RUNTIME_TOKEN: ***
2026-06-11T02:09:55.5386819Z   MISE_LOG_LEVEL: info
2026-06-11T02:09:55.5389809Z   MISE_GITHUB_TOKEN: ***
2026-06-11T02:09:55.5390232Z   MISE_TRUSTED_CONFIG_PATHS: /home/runner/work/velnor-actions-fixture/velnor-actions-fixture
2026-06-11T02:09:55.5390684Z   MISE_YES: 1
2026-06-11T02:09:55.5390906Z   CARGO_HOME: /home/runner/.cargo
2026-06-11T02:09:55.5392854Z   PATH: /home/runner/.cargo/bin:/home/runner/.local/share/mise/installs/cargo-cargo-nextest/0.9.137/bin:/home/runner/.local/share/mise/installs/just/1.52.0:/home/runner/.local/share/mise/shims:/home/runner/.local/share/mise/bin:/opt/hostedtoolcache/sccache/0.15.0/x64:/snap/bin:/home/runner/.local/bin:/opt/pipx_bin:/home/runner/.cargo/bin:/home/runner/.config/composer/vendor/bin:/usr/local/.ghcup/bin:/home/runner/.dotnet/tools:/usr/local/sbin:/usr/local/bin:/usr/sbin:/usr/bin:/sbin:/bin:/usr/games:/usr/local/games:/snap/bin
2026-06-11T02:09:55.5394744Z   RUSTUP_HOME: /home/runner/.rustup
2026-06-11T02:09:55.5395017Z   RUSTUP_TOOLCHAIN: 1.96.0
2026-06-11T02:09:55.5395255Z   CACHE_ON_FAILURE: false
2026-06-11T02:09:55.5395478Z   CARGO_INCREMENTAL: 0
2026-06-11T02:09:55.5395928Z   FIXTURE_PACKAGE: app-b
2026-06-11T02:09:55.5396165Z ##[endgroup]
2026-06-11T02:09:55.5599464Z cargo clippy -p "app-b" -- -D warnings
2026-06-11T02:09:56.4159215Z     Checking shared v0.1.0 (/home/runner/work/velnor-actions-fixture/velnor-actions-fixture/crates/shared)
2026-06-11T02:09:56.4377229Z     Checking app-b v0.1.0 (/home/runner/work/velnor-actions-fixture/velnor-actions-fixture/crates/app-b)
2026-06-11T02:09:56.4580220Z     Finished `dev` profile [unoptimized + debuginfo] target(s) in 0.86s
2026-06-11T02:09:56.4649828Z ##[group]Run just test "app-b"
2026-06-11T02:09:56.4650358Z [36;1mjust test "app-b"[0m
2026-06-11T02:09:56.4686048Z shell: /usr/bin/bash --noprofile --norc -e -o pipefail {0}
2026-06-11T02:09:56.4686411Z env:
2026-06-11T02:09:56.4686608Z   SCCACHE_GHA_ENABLED: true
2026-06-11T02:09:56.4686862Z   RUSTC_WRAPPER: sccache
2026-06-11T02:09:56.4687183Z   SCCACHE_PATH: /opt/hostedtoolcache/sccache/0.15.0/x64/sccache
2026-06-11T02:09:56.4687536Z   ACTIONS_CACHE_SERVICE_V2: on
2026-06-11T02:09:56.4687955Z   ACTIONS_RESULTS_URL: https://results-receiver.actions.githubusercontent.com/
2026-06-11T02:09:56.4724530Z   ACTIONS_RUNTIME_TOKEN: ***
2026-06-11T02:09:56.4724805Z   MISE_LOG_LEVEL: info
2026-06-11T02:09:56.4727959Z   MISE_GITHUB_TOKEN: ***
2026-06-11T02:09:56.4728391Z   MISE_TRUSTED_CONFIG_PATHS: /home/runner/work/velnor-actions-fixture/velnor-actions-fixture
2026-06-11T02:09:56.4728850Z   MISE_YES: 1
2026-06-11T02:09:56.4729064Z   CARGO_HOME: /home/runner/.cargo
2026-06-11T02:09:56.4730978Z   PATH: /home/runner/.cargo/bin:/home/runner/.local/share/mise/installs/cargo-cargo-nextest/0.9.137/bin:/home/runner/.local/share/mise/installs/just/1.52.0:/home/runner/.local/share/mise/shims:/home/runner/.local/share/mise/bin:/opt/hostedtoolcache/sccache/0.15.0/x64:/snap/bin:/home/runner/.local/bin:/opt/pipx_bin:/home/runner/.cargo/bin:/home/runner/.config/composer/vendor/bin:/usr/local/.ghcup/bin:/home/runner/.dotnet/tools:/usr/local/sbin:/usr/local/bin:/usr/sbin:/usr/bin:/sbin:/bin:/usr/games:/usr/local/games:/snap/bin
2026-06-11T02:09:56.4732864Z   RUSTUP_HOME: /home/runner/.rustup
2026-06-11T02:09:56.4733144Z   RUSTUP_TOOLCHAIN: 1.96.0
2026-06-11T02:09:56.4733396Z   CACHE_ON_FAILURE: false
2026-06-11T02:09:56.4733627Z   CARGO_INCREMENTAL: 0
2026-06-11T02:09:56.4733857Z   FIXTURE_PACKAGE: app-b
2026-06-11T02:09:56.4734090Z ##[endgroup]
2026-06-11T02:09:56.4940750Z cargo test -p "app-b"
2026-06-11T02:09:56.6488698Z    Compiling shared v0.1.0 (/home/runner/work/velnor-actions-fixture/velnor-actions-fixture/crates/shared)
2026-06-11T02:09:57.1362108Z    Compiling app-b v0.1.0 (/home/runner/work/velnor-actions-fixture/velnor-actions-fixture/crates/app-b)
2026-06-11T02:09:57.2192082Z     Finished `test` profile [unoptimized + debuginfo] target(s) in 0.71s
2026-06-11T02:09:57.2196285Z      Running unittests src/main.rs (target/debug/deps/app_b-94d61114d0661510)
2026-06-11T02:09:57.2206545Z 
2026-06-11T02:09:57.2206896Z running 1 test
2026-06-11T02:09:57.2212716Z test tests::prints_expected_label ... ok
2026-06-11T02:09:57.2213131Z 
2026-06-11T02:09:57.2213599Z test result: ok. 1 passed; 0 failed; 0 ignored; 0 measured; 0 filtered out; finished in 0.00s
2026-06-11T02:09:57.2214236Z 
2026-06-11T02:09:57.2260130Z ##[group]Run just nextest "app-b"
2026-06-11T02:09:57.2260457Z [36;1mjust nextest "app-b"[0m
2026-06-11T02:09:57.2292892Z shell: /usr/bin/bash --noprofile --norc -e -o pipefail {0}
2026-06-11T02:09:57.2293239Z env:
2026-06-11T02:09:57.2293439Z   SCCACHE_GHA_ENABLED: true
2026-06-11T02:09:57.2293697Z   RUSTC_WRAPPER: sccache
2026-06-11T02:09:57.2294027Z   SCCACHE_PATH: /opt/hostedtoolcache/sccache/0.15.0/x64/sccache
2026-06-11T02:09:57.2294404Z   ACTIONS_CACHE_SERVICE_V2: on
2026-06-11T02:09:57.2294827Z   ACTIONS_RESULTS_URL: https://results-receiver.actions.githubusercontent.com/
2026-06-11T02:09:57.2331774Z   ACTIONS_RUNTIME_TOKEN: ***
2026-06-11T02:09:57.2332052Z   MISE_LOG_LEVEL: info
2026-06-11T02:09:57.2335022Z   MISE_GITHUB_TOKEN: ***
2026-06-11T02:09:57.2335460Z   MISE_TRUSTED_CONFIG_PATHS: /home/runner/work/velnor-actions-fixture/velnor-actions-fixture
2026-06-11T02:09:57.2336124Z   MISE_YES: 1
2026-06-11T02:09:57.2336341Z   CARGO_HOME: /home/runner/.cargo
2026-06-11T02:09:57.2338242Z   PATH: /home/runner/.cargo/bin:/home/runner/.local/share/mise/installs/cargo-cargo-nextest/0.9.137/bin:/home/runner/.local/share/mise/installs/just/1.52.0:/home/runner/.local/share/mise/shims:/home/runner/.local/share/mise/bin:/opt/hostedtoolcache/sccache/0.15.0/x64:/snap/bin:/home/runner/.local/bin:/opt/pipx_bin:/home/runner/.cargo/bin:/home/runner/.config/composer/vendor/bin:/usr/local/.ghcup/bin:/home/runner/.dotnet/tools:/usr/local/sbin:/usr/local/bin:/usr/sbin:/usr/bin:/sbin:/bin:/usr/games:/usr/local/games:/snap/bin
2026-06-11T02:09:57.2340149Z   RUSTUP_HOME: /home/runner/.rustup
2026-06-11T02:09:57.2340428Z   RUSTUP_TOOLCHAIN: 1.96.0
2026-06-11T02:09:57.2340668Z   CACHE_ON_FAILURE: false
2026-06-11T02:09:57.2340901Z   CARGO_INCREMENTAL: 0
2026-06-11T02:09:57.2341138Z   FIXTURE_PACKAGE: app-b
2026-06-11T02:09:57.2341365Z ##[endgroup]
2026-06-11T02:09:57.2549814Z cargo nextest run -p "app-b"
2026-06-11T02:09:57.3448823Z     Finished `test` profile [unoptimized + debuginfo] target(s) in 0.01s
2026-06-11T02:09:57.3522145Z ────────────
2026-06-11T02:09:57.3523191Z  Nextest run ID 1331c104-0b5b-473c-9a31-390a917af316 with nextest profile: default
2026-06-11T02:09:57.3524071Z     Starting 1 test across 1 binary
2026-06-11T02:09:57.3572756Z         PASS [   0.004s] (1/1) app-b::bin/app-b tests::prints_expected_label
2026-06-11T02:09:57.3573535Z ────────────
2026-06-11T02:09:57.3573814Z      Summary [   0.005s] 1 test run: 1 passed, 0 skipped
2026-06-11T02:09:57.3614766Z ##[group]Run cargo check -p "app-b" --locked
2026-06-11T02:09:57.3615152Z [36;1mcargo check -p "app-b" --locked[0m
2026-06-11T02:09:57.3647659Z shell: /usr/bin/bash --noprofile --norc -e -o pipefail {0}
2026-06-11T02:09:57.3648004Z env:
2026-06-11T02:09:57.3648219Z   SCCACHE_GHA_ENABLED: true
2026-06-11T02:09:57.3648466Z   RUSTC_WRAPPER: sccache
2026-06-11T02:09:57.3648790Z   SCCACHE_PATH: /opt/hostedtoolcache/sccache/0.15.0/x64/sccache
2026-06-11T02:09:57.3649160Z   ACTIONS_CACHE_SERVICE_V2: on
2026-06-11T02:09:57.3649577Z   ACTIONS_RESULTS_URL: https://results-receiver.actions.githubusercontent.com/
2026-06-11T02:09:57.3688121Z   ACTIONS_RUNTIME_TOKEN: ***
2026-06-11T02:09:57.3688406Z   MISE_LOG_LEVEL: info
2026-06-11T02:09:57.3691389Z   MISE_GITHUB_TOKEN: ***
2026-06-11T02:09:57.3691822Z   MISE_TRUSTED_CONFIG_PATHS: /home/runner/work/velnor-actions-fixture/velnor-actions-fixture
2026-06-11T02:09:57.3692276Z   MISE_YES: 1
2026-06-11T02:09:57.3692526Z   CARGO_HOME: /home/runner/.cargo
2026-06-11T02:09:57.3694612Z   PATH: /home/runner/.cargo/bin:/home/runner/.local/share/mise/installs/cargo-cargo-nextest/0.9.137/bin:/home/runner/.local/share/mise/installs/just/1.52.0:/home/runner/.local/share/mise/shims:/home/runner/.local/share/mise/bin:/opt/hostedtoolcache/sccache/0.15.0/x64:/snap/bin:/home/runner/.local/bin:/opt/pipx_bin:/home/runner/.cargo/bin:/home/runner/.config/composer/vendor/bin:/usr/local/.ghcup/bin:/home/runner/.dotnet/tools:/usr/local/sbin:/usr/local/bin:/usr/sbin:/usr/bin:/sbin:/bin:/usr/games:/usr/local/games:/snap/bin
2026-06-11T02:09:57.3696720Z   RUSTUP_HOME: /home/runner/.rustup
2026-06-11T02:09:57.3697001Z   RUSTUP_TOOLCHAIN: stable
2026-06-11T02:09:57.3697251Z   CACHE_ON_FAILURE: false
2026-06-11T02:09:57.3697488Z   CARGO_INCREMENTAL: 0
2026-06-11T02:09:57.3697721Z   FIXTURE_PACKAGE: app-b
2026-06-11T02:09:57.3697956Z ##[endgroup]
2026-06-11T02:09:57.4084692Z     Checking shared v0.1.0 (/home/runner/work/velnor-actions-fixture/velnor-actions-fixture/crates/shared)
2026-06-11T02:09:57.8034327Z     Checking app-b v0.1.0 (/home/runner/work/velnor-actions-fixture/velnor-actions-fixture/crates/app-b)
2026-06-11T02:09:57.8207113Z     Finished `dev` profile [unoptimized + debuginfo] target(s) in 0.42s
2026-06-11T02:09:57.8255090Z ##[group]Run {
2026-06-11T02:09:57.8255345Z [36;1m{[0m
2026-06-11T02:09:57.8255877Z [36;1m  echo "### sccache stats (github app-b)"[0m
2026-06-11T02:09:57.8256292Z [36;1m  echo '```'[0m
2026-06-11T02:09:57.8256645Z [36;1m  sccache --show-stats 2>/dev/null || echo 'sccache not available'[0m
2026-06-11T02:09:57.8257033Z [36;1m  echo '```'[0m
2026-06-11T02:09:57.8257269Z [36;1m} >> "${GITHUB_STEP_SUMMARY}"[0m
2026-06-11T02:09:57.8289304Z shell: /usr/bin/bash --noprofile --norc -e -o pipefail {0}
2026-06-11T02:09:57.8289649Z env:
2026-06-11T02:09:57.8289843Z   SCCACHE_GHA_ENABLED: true
2026-06-11T02:09:57.8290103Z   RUSTC_WRAPPER: sccache
2026-06-11T02:09:57.8290417Z   SCCACHE_PATH: /opt/hostedtoolcache/sccache/0.15.0/x64/sccache
2026-06-11T02:09:57.8290786Z   ACTIONS_CACHE_SERVICE_V2: on
2026-06-11T02:09:57.8291197Z   ACTIONS_RESULTS_URL: https://results-receiver.actions.githubusercontent.com/
2026-06-11T02:09:57.8328112Z   ACTIONS_RUNTIME_TOKEN: ***
2026-06-11T02:09:57.8328417Z   MISE_LOG_LEVEL: info
2026-06-11T02:09:57.8331382Z   MISE_GITHUB_TOKEN: ***
2026-06-11T02:09:57.8331803Z   MISE_TRUSTED_CONFIG_PATHS: /home/runner/work/velnor-actions-fixture/velnor-actions-fixture
2026-06-11T02:09:57.8332255Z   MISE_YES: 1
2026-06-11T02:09:57.8332475Z   CARGO_HOME: /home/runner/.cargo
2026-06-11T02:09:57.8334340Z   PATH: /home/runner/.cargo/bin:/home/runner/.local/share/mise/installs/cargo-cargo-nextest/0.9.137/bin:/home/runner/.local/share/mise/installs/just/1.52.0:/home/runner/.local/share/mise/shims:/home/runner/.local/share/mise/bin:/opt/hostedtoolcache/sccache/0.15.0/x64:/snap/bin:/home/runner/.local/bin:/opt/pipx_bin:/home/runner/.cargo/bin:/home/runner/.config/composer/vendor/bin:/usr/local/.ghcup/bin:/home/runner/.dotnet/tools:/usr/local/sbin:/usr/local/bin:/usr/sbin:/usr/bin:/sbin:/bin:/usr/games:/usr/local/games:/snap/bin
2026-06-11T02:09:57.8336497Z   RUSTUP_HOME: /home/runner/.rustup
2026-06-11T02:09:57.8336777Z   RUSTUP_TOOLCHAIN: 1.96.0
2026-06-11T02:09:57.8337032Z   CACHE_ON_FAILURE: false
2026-06-11T02:09:57.8337258Z   CARGO_INCREMENTAL: 0
2026-06-11T02:09:57.8337477Z   FIXTURE_PACKAGE: app-b
2026-06-11T02:09:57.8337702Z ##[endgroup]
2026-06-11T02:09:57.8476966Z Prepare all required actions
2026-06-11T02:09:57.8505005Z ##[group]Run ./.github/actions/check-fixture-output
2026-06-11T02:09:57.8505330Z with:
2026-06-11T02:09:57.8505524Z   package: app-b
2026-06-11T02:09:57.8505968Z env:
2026-06-11T02:09:57.8506164Z   SCCACHE_GHA_ENABLED: true
2026-06-11T02:09:57.8506408Z   RUSTC_WRAPPER: sccache
2026-06-11T02:09:57.8506716Z   SCCACHE_PATH: /opt/hostedtoolcache/sccache/0.15.0/x64/sccache
2026-06-11T02:09:57.8507074Z   ACTIONS_CACHE_SERVICE_V2: on
2026-06-11T02:09:57.8507475Z   ACTIONS_RESULTS_URL: https://results-receiver.actions.githubusercontent.com/
2026-06-11T02:09:57.8547629Z   ACTIONS_RUNTIME_TOKEN: ***
2026-06-11T02:09:57.8547912Z   MISE_LOG_LEVEL: info
2026-06-11T02:09:57.8550877Z   MISE_GITHUB_TOKEN: ***
2026-06-11T02:09:57.8551307Z   MISE_TRUSTED_CONFIG_PATHS: /home/runner/work/velnor-actions-fixture/velnor-actions-fixture
2026-06-11T02:09:57.8551756Z   MISE_YES: 1
2026-06-11T02:09:57.8551966Z   CARGO_HOME: /home/runner/.cargo
2026-06-11T02:09:57.8553886Z   PATH: /home/runner/.cargo/bin:/home/runner/.local/share/mise/installs/cargo-cargo-nextest/0.9.137/bin:/home/runner/.local/share/mise/installs/just/1.52.0:/home/runner/.local/share/mise/shims:/home/runner/.local/share/mise/bin:/opt/hostedtoolcache/sccache/0.15.0/x64:/snap/bin:/home/runner/.local/bin:/opt/pipx_bin:/home/runner/.cargo/bin:/home/runner/.config/composer/vendor/bin:/usr/local/.ghcup/bin:/home/runner/.dotnet/tools:/usr/local/sbin:/usr/local/bin:/usr/sbin:/usr/bin:/sbin:/bin:/usr/games:/usr/local/games:/snap/bin
2026-06-11T02:09:57.8556058Z   RUSTUP_HOME: /home/runner/.rustup
2026-06-11T02:09:57.8556356Z   RUSTUP_TOOLCHAIN: 1.96.0
2026-06-11T02:09:57.8556595Z   CACHE_ON_FAILURE: false
2026-06-11T02:09:57.8556826Z   CARGO_INCREMENTAL: 0
2026-06-11T02:09:57.8557055Z   FIXTURE_PACKAGE: app-b
2026-06-11T02:09:57.8557279Z ##[endgroup]
2026-06-11T02:09:57.8573125Z ##[group]Run set -euo pipefail
2026-06-11T02:09:57.8573420Z [36;1mset -euo pipefail[0m
2026-06-11T02:09:57.8573719Z [36;1mtest "app-b" = "${FIXTURE_PACKAGE}"[0m
2026-06-11T02:09:57.8574053Z [36;1mtest "$(fixture-tool)" = "fixture-tool-ok"[0m
2026-06-11T02:09:57.8574395Z [36;1mecho "checked=true" >> "${GITHUB_OUTPUT}"[0m
2026-06-11T02:09:57.8606332Z shell: /usr/bin/bash --noprofile --norc -e -o pipefail {0}
2026-06-11T02:09:57.8606682Z env:
2026-06-11T02:09:57.8606883Z   SCCACHE_GHA_ENABLED: true
2026-06-11T02:09:57.8607131Z   RUSTC_WRAPPER: sccache
2026-06-11T02:09:57.8607457Z   SCCACHE_PATH: /opt/hostedtoolcache/sccache/0.15.0/x64/sccache
2026-06-11T02:09:57.8607815Z   ACTIONS_CACHE_SERVICE_V2: on
2026-06-11T02:09:57.8608231Z   ACTIONS_RESULTS_URL: https://results-receiver.actions.githubusercontent.com/
2026-06-11T02:09:57.8644655Z   ACTIONS_RUNTIME_TOKEN: ***
2026-06-11T02:09:57.8644918Z   MISE_LOG_LEVEL: info
2026-06-11T02:09:57.8647995Z   MISE_GITHUB_TOKEN: ***
2026-06-11T02:09:57.8648418Z   MISE_TRUSTED_CONFIG_PATHS: /home/runner/work/velnor-actions-fixture/velnor-actions-fixture
2026-06-11T02:09:57.8648877Z   MISE_YES: 1
2026-06-11T02:09:57.8649100Z   CARGO_HOME: /home/runner/.cargo
2026-06-11T02:09:57.8650964Z   PATH: /home/runner/.cargo/bin:/home/runner/.local/share/mise/installs/cargo-cargo-nextest/0.9.137/bin:/home/runner/.local/share/mise/installs/just/1.52.0:/home/runner/.local/share/mise/shims:/home/runner/.local/share/mise/bin:/opt/hostedtoolcache/sccache/0.15.0/x64:/snap/bin:/home/runner/.local/bin:/opt/pipx_bin:/home/runner/.cargo/bin:/home/runner/.config/composer/vendor/bin:/usr/local/.ghcup/bin:/home/runner/.dotnet/tools:/usr/local/sbin:/usr/local/bin:/usr/sbin:/usr/bin:/sbin:/bin:/usr/games:/usr/local/games:/snap/bin
2026-06-11T02:09:57.8652850Z   RUSTUP_HOME: /home/runner/.rustup
2026-06-11T02:09:57.8653121Z   RUSTUP_TOOLCHAIN: 1.96.0
2026-06-11T02:09:57.8653370Z   CACHE_ON_FAILURE: false
2026-06-11T02:09:57.8653600Z   CARGO_INCREMENTAL: 0
2026-06-11T02:09:57.8653825Z   FIXTURE_PACKAGE: app-b
2026-06-11T02:09:57.8654056Z ##[endgroup]
2026-06-11T02:09:57.8777787Z ##[group]Run python3 .github/scripts/write-result.py "app-b" "github" "out/result.json"
2026-06-11T02:09:57.8778465Z [36;1mpython3 .github/scripts/write-result.py "app-b" "github" "out/result.json"[0m
2026-06-11T02:09:57.8809797Z shell: /usr/bin/bash --noprofile --norc -e -o pipefail {0}
2026-06-11T02:09:57.8810153Z env:
2026-06-11T02:09:57.8810360Z   SCCACHE_GHA_ENABLED: true
2026-06-11T02:09:57.8810615Z   RUSTC_WRAPPER: sccache
2026-06-11T02:09:57.8810941Z   SCCACHE_PATH: /opt/hostedtoolcache/sccache/0.15.0/x64/sccache
2026-06-11T02:09:57.8811304Z   ACTIONS_CACHE_SERVICE_V2: on
2026-06-11T02:09:57.8811718Z   ACTIONS_RESULTS_URL: https://results-receiver.actions.githubusercontent.com/
2026-06-11T02:09:57.8848654Z   ACTIONS_RUNTIME_TOKEN: ***
2026-06-11T02:09:57.8848925Z   MISE_LOG_LEVEL: info
2026-06-11T02:09:57.8851922Z   MISE_GITHUB_TOKEN: ***
2026-06-11T02:09:57.8852359Z   MISE_TRUSTED_CONFIG_PATHS: /home/runner/work/velnor-actions-fixture/velnor-actions-fixture
2026-06-11T02:09:57.8852845Z   MISE_YES: 1
2026-06-11T02:09:57.8853060Z   CARGO_HOME: /home/runner/.cargo
2026-06-11T02:09:57.8854934Z   PATH: /home/runner/.cargo/bin:/home/runner/.local/share/mise/installs/cargo-cargo-nextest/0.9.137/bin:/home/runner/.local/share/mise/installs/just/1.52.0:/home/runner/.local/share/mise/shims:/home/runner/.local/share/mise/bin:/opt/hostedtoolcache/sccache/0.15.0/x64:/snap/bin:/home/runner/.local/bin:/opt/pipx_bin:/home/runner/.cargo/bin:/home/runner/.config/composer/vendor/bin:/usr/local/.ghcup/bin:/home/runner/.dotnet/tools:/usr/local/sbin:/usr/local/bin:/usr/sbin:/usr/bin:/sbin:/bin:/usr/games:/usr/local/games:/snap/bin
2026-06-11T02:09:57.8857067Z   RUSTUP_HOME: /home/runner/.rustup
2026-06-11T02:09:57.8857354Z   RUSTUP_TOOLCHAIN: 1.96.0
2026-06-11T02:09:57.8857596Z   CACHE_ON_FAILURE: false
2026-06-11T02:09:57.8857826Z   CARGO_INCREMENTAL: 0
2026-06-11T02:09:57.8858063Z   FIXTURE_PACKAGE: app-b
2026-06-11T02:09:57.8858296Z ##[endgroup]
2026-06-11T02:09:57.9232349Z ##[group]Run actions/upload-artifact@v7
2026-06-11T02:09:57.9232666Z with:
2026-06-11T02:09:57.9232892Z   name: result-github-app-b
2026-06-11T02:09:57.9233149Z   path: out/result.json
2026-06-11T02:09:57.9233387Z   if-no-files-found: warn
2026-06-11T02:09:57.9233638Z   compression-level: 6
2026-06-11T02:09:57.9233865Z   overwrite: false
2026-06-11T02:09:57.9234091Z   include-hidden-files: false
2026-06-11T02:09:57.9234346Z   archive: true
2026-06-11T02:09:57.9234548Z env:
2026-06-11T02:09:57.9234743Z   SCCACHE_GHA_ENABLED: true
2026-06-11T02:09:57.9234992Z   RUSTC_WRAPPER: sccache
2026-06-11T02:09:57.9235314Z   SCCACHE_PATH: /opt/hostedtoolcache/sccache/0.15.0/x64/sccache
2026-06-11T02:09:57.9235995Z   ACTIONS_CACHE_SERVICE_V2: on
2026-06-11T02:09:57.9236430Z   ACTIONS_RESULTS_URL: https://results-receiver.actions.githubusercontent.com/
2026-06-11T02:09:57.9273973Z   ACTIONS_RUNTIME_TOKEN: ***
2026-06-11T02:09:57.9274258Z   MISE_LOG_LEVEL: info
2026-06-11T02:09:57.9277516Z   MISE_GITHUB_TOKEN: ***
2026-06-11T02:09:57.9277970Z   MISE_TRUSTED_CONFIG_PATHS: /home/runner/work/velnor-actions-fixture/velnor-actions-fixture
2026-06-11T02:09:57.9278435Z   MISE_YES: 1
2026-06-11T02:09:57.9278646Z   CARGO_HOME: /home/runner/.cargo
2026-06-11T02:09:57.9280502Z   PATH: /home/runner/.cargo/bin:/home/runner/.local/share/mise/installs/cargo-cargo-nextest/0.9.137/bin:/home/runner/.local/share/mise/installs/just/1.52.0:/home/runner/.local/share/mise/shims:/home/runner/.local/share/mise/bin:/opt/hostedtoolcache/sccache/0.15.0/x64:/snap/bin:/home/runner/.local/bin:/opt/pipx_bin:/home/runner/.cargo/bin:/home/runner/.config/composer/vendor/bin:/usr/local/.ghcup/bin:/home/runner/.dotnet/tools:/usr/local/sbin:/usr/local/bin:/usr/sbin:/usr/bin:/sbin:/bin:/usr/games:/usr/local/games:/snap/bin
2026-06-11T02:09:57.9282407Z   RUSTUP_HOME: /home/runner/.rustup
2026-06-11T02:09:57.9282680Z   RUSTUP_TOOLCHAIN: 1.96.0
2026-06-11T02:09:57.9282925Z   CACHE_ON_FAILURE: false
2026-06-11T02:09:57.9283160Z   CARGO_INCREMENTAL: 0
2026-06-11T02:09:57.9283388Z   FIXTURE_PACKAGE: app-b
2026-06-11T02:09:57.9283619Z ##[endgroup]
2026-06-11T02:09:58.0755089Z With the provided path, there will be 1 file uploaded
2026-06-11T02:09:58.0766560Z Artifact name is valid!
2026-06-11T02:09:58.0796637Z Root directory input is valid!
2026-06-11T02:09:58.4474528Z Uploading artifact: result-github-app-b.zip
2026-06-11T02:09:58.4521660Z Beginning upload of artifact content to blob storage
2026-06-11T02:09:58.7690239Z Uploaded bytes 211
2026-06-11T02:09:58.8459065Z Finished uploading artifact content to blob storage!
2026-06-11T02:09:58.8460463Z SHA256 digest of uploaded artifact is f6eb7bcb1fb23707800e1c64e648b34b392b589fbb8fe379613efbb4d451aeaf
2026-06-11T02:09:58.8461958Z Finalizing artifact upload
2026-06-11T02:09:59.2069568Z Artifact result-github-app-b successfully finalized. Artifact ID 7553151902
2026-06-11T02:09:59.2070807Z Artifact result-github-app-b has been successfully uploaded! Final size is 211 bytes. Artifact ID is 7553151902
2026-06-11T02:09:59.2074352Z Artifact download URL: https://github.com/tailrocks/velnor-actions-fixture/actions/runs/27319103370/artifacts/7553151902
2026-06-11T02:09:59.2233271Z Post job cleanup.
2026-06-11T02:09:59.5003319Z Cache up-to-date.
2026-06-11T02:09:59.5006549Z (node:2892) [DEP0040] DeprecationWarning: The `punycode` module is deprecated. Please use a userland alternative instead.
2026-06-11T02:09:59.5007447Z (Use `node --trace-deprecation ...` to show where the warning was created)
2026-06-11T02:09:59.5173189Z Post job cleanup.
2026-06-11T02:09:59.6078407Z ##[group]Get human-readable stats
2026-06-11T02:09:59.6096504Z [command]/opt/hostedtoolcache/sccache/0.15.0/x64/sccache --show-stats
2026-06-11T02:09:59.6180391Z Compile requests                      13
2026-06-11T02:09:59.6181002Z Compile requests executed              2
2026-06-11T02:09:59.6181547Z Cache hits                             2
2026-06-11T02:09:59.6182059Z Cache hits (Rust)                      2
2026-06-11T02:09:59.6182569Z Cache misses                           0
2026-06-11T02:09:59.6183098Z Cache hits rate                   100.00 %
2026-06-11T02:09:59.6183649Z Cache hits rate (Rust)            100.00 %
2026-06-11T02:09:59.6184196Z Cache timeouts                         0
2026-06-11T02:09:59.6184728Z Cache read errors                      0
2026-06-11T02:09:59.6185268Z Forced recaches                        0
2026-06-11T02:09:59.6186131Z Cache write errors                     0
2026-06-11T02:09:59.6186746Z Cache errors                           0
2026-06-11T02:09:59.6187271Z Compilations                           0
2026-06-11T02:09:59.6187798Z Compilation failures                   0
2026-06-11T02:09:59.6188342Z Non-cacheable compilations             0
2026-06-11T02:09:59.6188888Z Non-cacheable calls                   11
2026-06-11T02:09:59.6189435Z Non-compilation calls                  0
2026-06-11T02:09:59.6189983Z Unsupported compiler calls             0
2026-06-11T02:09:59.6190516Z Average cache write                0.000 s
2026-06-11T02:09:59.6191059Z Average compiler                   0.000 s
2026-06-11T02:09:59.6191591Z Average cache read hit             0.413 s
2026-06-11T02:09:59.6192136Z Failed distributed compilations        0
2026-06-11T02:09:59.6192495Z 
2026-06-11T02:09:59.6192684Z Non-cacheable reasons:
2026-06-11T02:09:59.6193108Z -                                      3
2026-06-11T02:09:59.6193615Z crate-type                             2
2026-06-11T02:09:59.6194158Z missing input                          2
2026-06-11T02:09:59.6194695Z missing output_dir                     2
2026-06-11T02:09:59.6195248Z multiple input files                   2
2026-06-11T02:09:59.6195866Z 
2026-06-11T02:09:59.6196605Z Cache location                  ghac, name: 7e0726055e1e4f1baa01c3967c5cfadc05877ea5de0f1b2d553463f71b5d0d86, prefix: /sccache/
2026-06-11T02:09:59.6197786Z Base directories                (none)
2026-06-11T02:09:59.6198311Z Version (client)                0.15.0
2026-06-11T02:09:59.6203302Z ##[endgroup]
2026-06-11T02:09:59.6204179Z ##[group]Get JSON stats
2026-06-11T02:09:59.6207749Z [command]/opt/hostedtoolcache/sccache/0.15.0/x64/sccache --show-stats --stats-format=json
2026-06-11T02:09:59.6247322Z {"stats":{"compile_requests":13,"requests_unsupported_compiler":0,"requests_not_compile":0,"requests_not_cacheable":11,"requests_executed":2,"cache_errors":{"counts":{},"adv_counts":{}},"cache_hits":{"counts":{"Rust":2},"adv_counts":{"rust":2}},"cache_misses":{"counts":{},"adv_counts":{}},"cache_timeouts":0,"cache_read_errors":0,"non_cacheable_compilations":0,"forced_recaches":0,"cache_write_errors":0,"cache_writes":0,"cache_write_duration":{"secs":0,"nanos":0},"cache_read_hit_duration":{"secs":0,"nanos":826307115},"compilations":0,"compiler_write_duration":{"secs":0,"nanos":0},"compile_fails":0,"not_cached":{"multiple input files":2,"missing output_dir":2,"crate-type":2,"missing input":2,"-":3},"dist_compiles":{},"dist_errors":0,"multi_level":null},"cache_location":"ghac, name: 7e0726055e1e4f1baa01c3967c5cfadc05877ea5de0f1b2d553463f71b5d0d86, prefix: /sccache/","cache_size":null,"max_cache_size":null,"use_preprocessor_cache_mode":false,"version":"0.15.0","basedirs":[]}
2026-06-11T02:09:59.6255450Z ##[endgroup]
2026-06-11T02:09:59.6277453Z ##[notice]100% - 2 hits, 0 misses, 0 errors
2026-06-11T02:09:59.6285398Z 
2026-06-11T02:09:59.6285563Z Full human-readable stats:
2026-06-11T02:09:59.6286067Z Compile requests                      13
2026-06-11T02:09:59.6286390Z Compile requests executed              2
2026-06-11T02:09:59.6287082Z Cache hits                             2
2026-06-11T02:09:59.6287426Z Cache hits (Rust)                      2
2026-06-11T02:09:59.6287725Z Cache misses                           0
2026-06-11T02:09:59.6288021Z Cache hits rate                   100.00 %
2026-06-11T02:09:59.6288314Z Cache hits rate (Rust)            100.00 %
2026-06-11T02:09:59.6288611Z Cache timeouts                         0
2026-06-11T02:09:59.6288891Z Cache read errors                      0
2026-06-11T02:09:59.6289177Z Forced recaches                        0
2026-06-11T02:09:59.6289449Z Cache write errors                     0
2026-06-11T02:09:59.6289706Z Cache errors                           0
2026-06-11T02:09:59.6290836Z Compilations                           0
2026-06-11T02:09:59.6291411Z Compilation failures                   0
2026-06-11T02:09:59.6291778Z Non-cacheable compilations             0
2026-06-11T02:09:59.6292084Z Non-cacheable calls                   11
2026-06-11T02:09:59.6292387Z Non-compilation calls                  0
2026-06-11T02:09:59.6292673Z Unsupported compiler calls             0
2026-06-11T02:09:59.6292959Z Average cache write                0.000 s
2026-06-11T02:09:59.6293243Z Average compiler                   0.000 s
2026-06-11T02:09:59.6293539Z Average cache read hit             0.413 s
2026-06-11T02:09:59.6293824Z Failed distributed compilations        0
2026-06-11T02:09:59.6294014Z 
2026-06-11T02:09:59.6294113Z Non-cacheable reasons:
2026-06-11T02:09:59.6294345Z -                                      3
2026-06-11T02:09:59.6294626Z crate-type                             2
2026-06-11T02:09:59.6294892Z missing input                          2
2026-06-11T02:09:59.6295160Z missing output_dir                     2
2026-06-11T02:09:59.6295430Z multiple input files                   2
2026-06-11T02:09:59.6295866Z 
2026-06-11T02:09:59.6296261Z Cache location                  ghac, name: 7e0726055e1e4f1baa01c3967c5cfadc05877ea5de0f1b2d553463f71b5d0d86, prefix: /sccache/
2026-06-11T02:09:59.6296852Z Base directories                (none)
2026-06-11T02:09:59.6297135Z Version (client)                0.15.0
2026-06-11T02:09:59.6297312Z 
2026-06-11T02:09:59.6417587Z Post job cleanup.
2026-06-11T02:09:59.7248217Z [command]/usr/bin/git version
2026-06-11T02:09:59.7286746Z git version 2.54.0
2026-06-11T02:09:59.7360028Z Temporarily overriding HOME='/home/runner/work/_temp/11bd80f3-8291-405f-8b83-81ac3de511e7' before making global git config changes
2026-06-11T02:09:59.7361480Z Adding repository directory to the temporary git global config as a safe directory
2026-06-11T02:09:59.7367332Z [command]/usr/bin/git config --global --add safe.directory /home/runner/work/velnor-actions-fixture/velnor-actions-fixture
2026-06-11T02:09:59.7398617Z Removing SSH command configuration
2026-06-11T02:09:59.7405305Z [command]/usr/bin/git config --local --name-only --get-regexp core\.sshCommand
2026-06-11T02:09:59.7440319Z [command]/usr/bin/git submodule foreach --recursive sh -c "git config --local --name-only --get-regexp 'core\.sshCommand' && git config --local --unset-all 'core.sshCommand' || :"
2026-06-11T02:09:59.7669976Z Removing HTTP extra header
2026-06-11T02:09:59.7676735Z [command]/usr/bin/git config --local --name-only --get-regexp http\.https\:\/\/github\.com\/\.extraheader
2026-06-11T02:09:59.7713436Z [command]/usr/bin/git submodule foreach --recursive sh -c "git config --local --name-only --get-regexp 'http\.https\:\/\/github\.com\/\.extraheader' && git config --local --unset-all 'http.https://github.com/.extraheader' || :"
2026-06-11T02:09:59.7935991Z Removing includeIf entries pointing to credentials config files
2026-06-11T02:09:59.7943316Z [command]/usr/bin/git config --local --name-only --get-regexp ^includeIf\.gitdir:
2026-06-11T02:09:59.7972406Z includeif.gitdir:/home/runner/work/velnor-actions-fixture/velnor-actions-fixture/.git.path
2026-06-11T02:09:59.7973413Z includeif.gitdir:/home/runner/work/velnor-actions-fixture/velnor-actions-fixture/.git/worktrees/*.path
2026-06-11T02:09:59.7973992Z includeif.gitdir:/github/workspace/.git.path
2026-06-11T02:09:59.7974383Z includeif.gitdir:/github/workspace/.git/worktrees/*.path
2026-06-11T02:09:59.7982178Z [command]/usr/bin/git config --local --get-all includeif.gitdir:/home/runner/work/velnor-actions-fixture/velnor-actions-fixture/.git.path
2026-06-11T02:09:59.8004070Z /home/runner/work/_temp/git-credentials-7ee78ebe-93d1-42cc-abf0-b8a96b6d98c5.config
2026-06-11T02:09:59.8016333Z [command]/usr/bin/git config --local --unset includeif.gitdir:/home/runner/work/velnor-actions-fixture/velnor-actions-fixture/.git.path /home/runner/work/_temp/git-credentials-7ee78ebe-93d1-42cc-abf0-b8a96b6d98c5.config
2026-06-11T02:09:59.8051530Z [command]/usr/bin/git config --local --get-all includeif.gitdir:/home/runner/work/velnor-actions-fixture/velnor-actions-fixture/.git/worktrees/*.path
2026-06-11T02:09:59.8073196Z /home/runner/work/_temp/git-credentials-7ee78ebe-93d1-42cc-abf0-b8a96b6d98c5.config
2026-06-11T02:09:59.8084212Z [command]/usr/bin/git config --local --unset includeif.gitdir:/home/runner/work/velnor-actions-fixture/velnor-actions-fixture/.git/worktrees/*.path /home/runner/work/_temp/git-credentials-7ee78ebe-93d1-42cc-abf0-b8a96b6d98c5.config
2026-06-11T02:09:59.8115400Z [command]/usr/bin/git config --local --get-all includeif.gitdir:/github/workspace/.git.path
2026-06-11T02:09:59.8136495Z /github/runner_temp/git-credentials-7ee78ebe-93d1-42cc-abf0-b8a96b6d98c5.config
2026-06-11T02:09:59.8144120Z [command]/usr/bin/git config --local --unset includeif.gitdir:/github/workspace/.git.path /github/runner_temp/git-credentials-7ee78ebe-93d1-42cc-abf0-b8a96b6d98c5.config
2026-06-11T02:09:59.8174849Z [command]/usr/bin/git config --local --get-all includeif.gitdir:/github/workspace/.git/worktrees/*.path
2026-06-11T02:09:59.8195816Z /github/runner_temp/git-credentials-7ee78ebe-93d1-42cc-abf0-b8a96b6d98c5.config
2026-06-11T02:09:59.8205180Z [command]/usr/bin/git config --local --unset includeif.gitdir:/github/workspace/.git/worktrees/*.path /github/runner_temp/git-credentials-7ee78ebe-93d1-42cc-abf0-b8a96b6d98c5.config
2026-06-11T02:09:59.8239224Z [command]/usr/bin/git submodule foreach --recursive git config --local --show-origin --name-only --get-regexp remote.origin.url
2026-06-11T02:09:59.8460765Z Removing credentials config '/home/runner/work/_temp/git-credentials-7ee78ebe-93d1-42cc-abf0-b8a96b6d98c5.config'
2026-06-11T02:09:59.8598982Z Cleaning up orphan processes
2026-06-11T02:09:59.8967894Z Terminate orphan process: pid (2589) (sccache)
