2026-06-11T11:47:22.8049933Z Current runner version: '2.334.0'
2026-06-11T11:47:22.8085104Z ##[group]Runner Image Provisioner
2026-06-11T11:47:22.8086314Z Hosted Compute Agent
2026-06-11T11:47:22.8087195Z Version: 20260527.539
2026-06-11T11:47:22.8088283Z Commit: a891dd388383b896fa6ac04a82c0b75cec981078
2026-06-11T11:47:22.8089416Z Build Date: 2026-05-27T21:39:57Z
2026-06-11T11:47:22.8090521Z Worker ID: {37fe73f2-27f9-45b4-b3c9-99a72a7eb374}
2026-06-11T11:47:22.8091889Z Azure Region: eastus2
2026-06-11T11:47:22.8092772Z ##[endgroup]
2026-06-11T11:47:22.8094906Z ##[group]Operating System
2026-06-11T11:47:22.8095853Z Ubuntu
2026-06-11T11:47:22.8096776Z 24.04.4
2026-06-11T11:47:22.8097565Z LTS
2026-06-11T11:47:22.8098323Z ##[endgroup]
2026-06-11T11:47:22.8099259Z ##[group]Runner Image
2026-06-11T11:47:22.8100171Z Image: ubuntu-24.04
2026-06-11T11:47:22.8101443Z Version: 20260607.184.1
2026-06-11T11:47:22.8103638Z Included Software: https://github.com/actions/runner-images/blob/ubuntu24/20260607.184/images/ubuntu/Ubuntu2404-Readme.md
2026-06-11T11:47:22.8106231Z Image Release: https://github.com/actions/runner-images/releases/tag/ubuntu24%2F20260607.184
2026-06-11T11:47:22.8107732Z ##[endgroup]
2026-06-11T11:47:22.8109876Z ##[group]GITHUB_TOKEN Permissions
2026-06-11T11:47:22.8113012Z Actions: read
2026-06-11T11:47:22.8113869Z Contents: read
2026-06-11T11:47:22.8114830Z Metadata: read
2026-06-11T11:47:22.8115669Z PullRequests: read
2026-06-11T11:47:22.8116629Z ##[endgroup]
2026-06-11T11:47:22.8119529Z Secret source: Actions
2026-06-11T11:47:22.8121224Z Prepare workflow directory
2026-06-11T11:47:22.8663526Z Prepare all required actions
2026-06-11T11:47:22.8716662Z Getting action download info
2026-06-11T11:47:23.3941904Z Download action repository 'actions/checkout@df4cb1c069e1874edd31b4311f1884172cec0e10' (SHA:df4cb1c069e1874edd31b4311f1884172cec0e10)
2026-06-11T11:47:23.6002303Z Download action repository 'actions/cache@27d5ce7f107fe9357f9df03efb73ab90386fccae' (SHA:27d5ce7f107fe9357f9df03efb73ab90386fccae)
2026-06-11T11:47:23.7129977Z Download action repository 'rui314/setup-mold@9c9c13bf4c3f1adef0cc596abc155580bcb04444' (SHA:9c9c13bf4c3f1adef0cc596abc155580bcb04444)
2026-06-11T11:47:23.8063109Z Download action repository 'mozilla-actions/sccache-action@9e7fa8a12102821edf02ca5dbea1acd0f89a2696' (SHA:9e7fa8a12102821edf02ca5dbea1acd0f89a2696)
2026-06-11T11:47:23.9509717Z Download action repository 'jdx/mise-action@dba19683ed58901619b14f395a24841710cb4925' (SHA:dba19683ed58901619b14f395a24841710cb4925)
2026-06-11T11:47:24.3833991Z Complete job name: Test coingecko-pricing-app (GitHub)
2026-06-11T11:47:24.4672259Z ##[group]Run actions/checkout@df4cb1c069e1874edd31b4311f1884172cec0e10
2026-06-11T11:47:24.4674101Z with:
2026-06-11T11:47:24.4675011Z   repository: ChainArgos/java-monorepo
2026-06-11T11:47:24.4685040Z   token: ***
2026-06-11T11:47:24.4686044Z   ssh-strict: true
2026-06-11T11:47:24.4687147Z   ssh-user: git
2026-06-11T11:47:24.4688067Z   persist-credentials: true
2026-06-11T11:47:24.4689065Z   clean: true
2026-06-11T11:47:24.4689996Z   sparse-checkout-cone-mode: true
2026-06-11T11:47:24.4691256Z   fetch-depth: 1
2026-06-11T11:47:24.4692155Z   fetch-tags: false
2026-06-11T11:47:24.4693077Z   show-progress: true
2026-06-11T11:47:24.4694004Z   lfs: false
2026-06-11T11:47:24.4694875Z   submodules: false
2026-06-11T11:47:24.4695831Z   set-safe-directory: true
2026-06-11T11:47:24.4697159Z env:
2026-06-11T11:47:24.4698008Z   CARGO_TERM_COLOR: always
2026-06-11T11:47:24.4699022Z   CARGO_INCREMENTAL: 0
2026-06-11T11:47:24.4700052Z   RUSTFLAGS: -C link-arg=-fuse-ld=mold
2026-06-11T11:47:24.4701361Z   CARGO_BUILD_JOBS: 6
2026-06-11T11:47:24.4702313Z   RUSTC_WRAPPER: sccache
2026-06-11T11:47:24.4703291Z   SCCACHE_GHA_ENABLED: true
2026-06-11T11:47:24.4704278Z ##[endgroup]
2026-06-11T11:47:24.5881172Z Syncing repository: ChainArgos/java-monorepo
2026-06-11T11:47:24.5885691Z ##[group]Getting Git version info
2026-06-11T11:47:24.5888185Z Working directory is '/home/runner/work/java-monorepo/java-monorepo'
2026-06-11T11:47:24.5893648Z [command]/usr/bin/git version
2026-06-11T11:47:24.5933312Z git version 2.54.0
2026-06-11T11:47:24.5959322Z ##[endgroup]
2026-06-11T11:47:24.5983554Z Temporarily overriding HOME='/home/runner/work/_temp/5a0ea765-8fc1-4a12-ac06-5264de71dfaa' before making global git config changes
2026-06-11T11:47:24.5988544Z Adding repository directory to the temporary git global config as a safe directory
2026-06-11T11:47:24.5993759Z [command]/usr/bin/git config --global --add safe.directory /home/runner/work/java-monorepo/java-monorepo
2026-06-11T11:47:24.6041157Z Deleting the contents of '/home/runner/work/java-monorepo/java-monorepo'
2026-06-11T11:47:24.6047932Z ##[group]Determining repository object format
2026-06-11T11:47:24.6052073Z ##[endgroup]
2026-06-11T11:47:24.6055529Z ##[group]Initializing the repository
2026-06-11T11:47:24.6058752Z [command]/usr/bin/git init /home/runner/work/java-monorepo/java-monorepo
2026-06-11T11:47:24.6164243Z hint: Using 'master' as the name for the initial branch. This default branch name
2026-06-11T11:47:24.6168277Z hint: will change to "main" in Git 3.0. To configure the initial branch name
2026-06-11T11:47:24.6176162Z hint: to use in all of your new repositories, which will suppress this warning,
2026-06-11T11:47:24.6179327Z hint: call:
2026-06-11T11:47:24.6182023Z hint:
2026-06-11T11:47:24.6186475Z hint: 	git config --global init.defaultBranch <name>
2026-06-11T11:47:24.6188556Z hint:
2026-06-11T11:47:24.6190746Z hint: Names commonly chosen instead of 'master' are 'main', 'trunk' and
2026-06-11T11:47:24.6194062Z hint: 'development'. The just-created branch can be renamed via this command:
2026-06-11T11:47:24.6199124Z hint:
2026-06-11T11:47:24.6200578Z hint: 	git branch -m <name>
2026-06-11T11:47:24.6202355Z hint:
2026-06-11T11:47:24.6204541Z hint: Disable this message with "git config set advice.defaultBranchName false"
2026-06-11T11:47:24.6207976Z Initialized empty Git repository in /home/runner/work/java-monorepo/java-monorepo/.git/
2026-06-11T11:47:24.6214001Z [command]/usr/bin/git remote add origin https://github.com/ChainArgos/java-monorepo
2026-06-11T11:47:24.6244618Z ##[endgroup]
2026-06-11T11:47:24.6250430Z ##[group]Disabling automatic garbage collection
2026-06-11T11:47:24.6252833Z [command]/usr/bin/git config --local gc.auto 0
2026-06-11T11:47:24.6287760Z ##[endgroup]
2026-06-11T11:47:24.6290717Z ##[group]Setting up auth
2026-06-11T11:47:24.6294326Z Removing SSH command configuration
2026-06-11T11:47:24.6299389Z [command]/usr/bin/git config --local --name-only --get-regexp core\.sshCommand
2026-06-11T11:47:24.6341526Z [command]/usr/bin/git submodule foreach --recursive sh -c "git config --local --name-only --get-regexp 'core\.sshCommand' && git config --local --unset-all 'core.sshCommand' || :"
2026-06-11T11:47:24.6686127Z Removing HTTP extra header
2026-06-11T11:47:24.6689731Z [command]/usr/bin/git config --local --name-only --get-regexp http\.https\:\/\/github\.com\/\.extraheader
2026-06-11T11:47:24.6724884Z [command]/usr/bin/git submodule foreach --recursive sh -c "git config --local --name-only --get-regexp 'http\.https\:\/\/github\.com\/\.extraheader' && git config --local --unset-all 'http.https://github.com/.extraheader' || :"
2026-06-11T11:47:24.6964802Z Removing includeIf entries pointing to credentials config files
2026-06-11T11:47:24.6974299Z [command]/usr/bin/git config --local --name-only --get-regexp ^includeIf\.gitdir:
2026-06-11T11:47:24.7008465Z [command]/usr/bin/git submodule foreach --recursive git config --local --show-origin --name-only --get-regexp remote.origin.url
2026-06-11T11:47:24.7262534Z [command]/usr/bin/git config --file /home/runner/work/_temp/git-credentials-1ec686bb-6494-497d-afda-a7a2bca9badb.config http.https://github.com/.extraheader AUTHORIZATION: basic ***
2026-06-11T11:47:24.7301548Z [command]/usr/bin/git config --local includeIf.gitdir:/home/runner/work/java-monorepo/java-monorepo/.git.path /home/runner/work/_temp/git-credentials-1ec686bb-6494-497d-afda-a7a2bca9badb.config
2026-06-11T11:47:24.7337884Z [command]/usr/bin/git config --local includeIf.gitdir:/home/runner/work/java-monorepo/java-monorepo/.git/worktrees/*.path /home/runner/work/_temp/git-credentials-1ec686bb-6494-497d-afda-a7a2bca9badb.config
2026-06-11T11:47:24.7385249Z [command]/usr/bin/git config --local includeIf.gitdir:/github/workspace/.git.path /github/runner_temp/git-credentials-1ec686bb-6494-497d-afda-a7a2bca9badb.config
2026-06-11T11:47:24.7436136Z [command]/usr/bin/git config --local includeIf.gitdir:/github/workspace/.git/worktrees/*.path /github/runner_temp/git-credentials-1ec686bb-6494-497d-afda-a7a2bca9badb.config
2026-06-11T11:47:24.7637833Z ##[endgroup]
2026-06-11T11:47:24.7641137Z ##[group]Fetching the repository
2026-06-11T11:47:24.7644360Z [command]/usr/bin/git -c protocol.version=2 fetch --no-tags --prune --no-recurse-submodules --depth=1 origin +632e17286f04c08b87331f7a9886051bc10a8ab8:refs/remotes/origin/main
2026-06-11T11:47:27.6077233Z From https://github.com/ChainArgos/java-monorepo
2026-06-11T11:47:27.6081694Z  * [new ref]         632e17286f04c08b87331f7a9886051bc10a8ab8 -> origin/main
2026-06-11T11:47:27.6140174Z [command]/usr/bin/git branch --list --remote origin/main
2026-06-11T11:47:27.6165145Z   origin/main
2026-06-11T11:47:27.6197081Z [command]/usr/bin/git rev-parse refs/remotes/origin/main
2026-06-11T11:47:27.6227477Z 632e17286f04c08b87331f7a9886051bc10a8ab8
2026-06-11T11:47:27.6262147Z ##[endgroup]
2026-06-11T11:47:27.6263926Z ##[group]Determining the checkout info
2026-06-11T11:47:27.6267849Z ##[endgroup]
2026-06-11T11:47:27.6269756Z [command]/usr/bin/git sparse-checkout disable
2026-06-11T11:47:27.6331171Z [command]/usr/bin/git config --local --unset-all extensions.worktreeConfig
2026-06-11T11:47:27.6353709Z ##[group]Checking out the ref
2026-06-11T11:47:27.6442755Z [command]/usr/bin/git checkout --progress --force -B main refs/remotes/origin/main
2026-06-11T11:47:28.2825036Z Switched to a new branch 'main'
2026-06-11T11:47:28.2828880Z branch 'main' set up to track 'origin/main'.
2026-06-11T11:47:28.3492333Z ##[endgroup]
2026-06-11T11:47:28.3615147Z [command]/usr/bin/git log -1 --format=%H
2026-06-11T11:47:28.3617467Z 632e17286f04c08b87331f7a9886051bc10a8ab8
2026-06-11T11:47:29.0877963Z ##[group]Run actions/cache@27d5ce7f107fe9357f9df03efb73ab90386fccae
2026-06-11T11:47:29.0878372Z with:
2026-06-11T11:47:29.0878764Z   path: ~/.cargo/registry/cache
~/.cargo/registry/index
~/.cargo/registry/src
~/.cargo/git/db

2026-06-11T11:47:29.0879435Z   key: cargo-registry-GitHub-Linux-e85c77d0b1218bb1a165b77d4caf81154958cf3a17a59038482fcdaa52f929b0
2026-06-11T11:47:29.0879982Z   restore-keys: cargo-registry-GitHub-Linux-

2026-06-11T11:47:29.0880299Z   enableCrossOsArchive: false
2026-06-11T11:47:29.0880564Z   fail-on-cache-miss: false
2026-06-11T11:47:29.0880819Z   lookup-only: false
2026-06-11T11:47:29.0881381Z   save-always: false
2026-06-11T11:47:29.0881591Z env:
2026-06-11T11:47:29.0881799Z   CARGO_TERM_COLOR: always
2026-06-11T11:47:29.0882075Z   CARGO_INCREMENTAL: 0
2026-06-11T11:47:29.0882371Z   RUSTFLAGS: -C link-arg=-fuse-ld=mold
2026-06-11T11:47:29.0882653Z   CARGO_BUILD_JOBS: 6
2026-06-11T11:47:29.0882898Z   RUSTC_WRAPPER: sccache
2026-06-11T11:47:29.0883190Z   SCCACHE_GHA_ENABLED: true
2026-06-11T11:47:29.0883436Z ##[endgroup]
2026-06-11T11:47:29.3124348Z Cache hit for restore-key: cargo-registry-GitHub-Linux-b322b65e736b5ba353b30632848d51d1a500e93fbb3bb89ab48e0b5cdac7e969
2026-06-11T11:47:30.2020601Z Received 168765327 of 168765327 (100.0%), 200.7 MBs/sec
2026-06-11T11:47:30.2021771Z Cache Size: ~161 MB (168765327 B)
2026-06-11T11:47:30.2093356Z [command]/usr/bin/tar -xf /home/runner/work/_temp/76e40e3c-5f23-4242-8141-c800b20eb0e8/cache.tzst -P -C /home/runner/work/java-monorepo/java-monorepo --use-compress-program unzstd
2026-06-11T11:47:33.5618793Z Cache restored successfully
2026-06-11T11:47:33.7122322Z Cache restored from key: cargo-registry-GitHub-Linux-b322b65e736b5ba353b30632848d51d1a500e93fbb3bb89ab48e0b5cdac7e969
2026-06-11T11:47:33.7294395Z ##[group]Run rui314/setup-mold@9c9c13bf4c3f1adef0cc596abc155580bcb04444
2026-06-11T11:47:33.7294813Z with:
2026-06-11T11:47:33.7295025Z   mold-version: 2.41.0
2026-06-11T11:47:33.7295485Z   make-default: true
2026-06-11T11:47:33.7295713Z env:
2026-06-11T11:47:33.7295917Z   CARGO_TERM_COLOR: always
2026-06-11T11:47:33.7296162Z   CARGO_INCREMENTAL: 0
2026-06-11T11:47:33.7296410Z   RUSTFLAGS: -C link-arg=-fuse-ld=mold
2026-06-11T11:47:33.7296689Z   CARGO_BUILD_JOBS: 6
2026-06-11T11:47:33.7296923Z   RUSTC_WRAPPER: sccache
2026-06-11T11:47:33.7297164Z   SCCACHE_GHA_ENABLED: true
2026-06-11T11:47:33.7297404Z ##[endgroup]
2026-06-11T11:47:33.7396829Z ##[group]Run set -x
2026-06-11T11:47:33.7397146Z [36;1mset -x[0m
2026-06-11T11:47:33.7397384Z [36;1mecho "mold 2.41.0"[0m
2026-06-11T11:47:33.7397736Z [36;1mif [ "$(whoami)" = root ]; then SUDO=; else SUDO=sudo; fi[0m
2026-06-11T11:47:33.7398862Z [36;1mwget -O- --timeout=10 --waitretry=3 --retry-connrefused --progress=dot:mega https://github.com/rui314/mold/releases/download/v2.41.0/mold-2.41.0-$(uname -m)-linux.tar.gz | $SUDO tar -C /usr/local --strip-components=1 --no-overwrite-dir -xzf -[0m
2026-06-11T11:47:33.7400118Z [36;1mtest true = true -a "$(realpath /usr/bin/ld)" != /usr/local/bin/mold && $SUDO ln -sf /usr/local/bin/mold "$(realpath /usr/bin/ld)"; true[0m
2026-06-11T11:47:33.7559363Z shell: /usr/bin/bash --noprofile --norc -e -o pipefail {0}
2026-06-11T11:47:33.7559734Z env:
2026-06-11T11:47:33.7559949Z   CARGO_TERM_COLOR: always
2026-06-11T11:47:33.7560203Z   CARGO_INCREMENTAL: 0
2026-06-11T11:47:33.7560448Z   RUSTFLAGS: -C link-arg=-fuse-ld=mold
2026-06-11T11:47:33.7560721Z   CARGO_BUILD_JOBS: 6
2026-06-11T11:47:33.7561124Z   RUSTC_WRAPPER: sccache
2026-06-11T11:47:33.7561367Z   SCCACHE_GHA_ENABLED: true
2026-06-11T11:47:33.7561610Z ##[endgroup]
2026-06-11T11:47:33.7648705Z + echo 'mold 2.41.0'
2026-06-11T11:47:33.7649084Z mold 2.41.0
2026-06-11T11:47:33.7649485Z ++ whoami
2026-06-11T11:47:33.7730002Z + '[' runner = root ']'
2026-06-11T11:47:33.7730607Z + SUDO=sudo
2026-06-11T11:47:33.7742028Z ++ uname -m
2026-06-11T11:47:33.7750636Z + sudo tar -C /usr/local --strip-components=1 --no-overwrite-dir -xzf -
2026-06-11T11:47:33.7752487Z + wget -O- --timeout=10 --waitretry=3 --retry-connrefused --progress=dot:mega https://github.com/rui314/mold/releases/download/v2.41.0/mold-2.41.0-x86_64-linux.tar.gz
2026-06-11T11:47:33.7802369Z --2026-06-11 11:47:33--  https://github.com/rui314/mold/releases/download/v2.41.0/mold-2.41.0-x86_64-linux.tar.gz
2026-06-11T11:47:33.8086095Z Resolving github.com (github.com)... 140.82.114.4
2026-06-11T11:47:33.8143302Z Connecting to github.com (github.com)|140.82.114.4|:443... connected.
2026-06-11T11:47:33.8352496Z HTTP request sent, awaiting response... 302 Found
2026-06-11T11:47:33.8359225Z Location: https://release-assets.githubusercontent.com/github-production-release-asset/299510783/f4863e5d-1747-433e-8c26-b5a1c1950d2d?sp=r&sv=2018-11-09&sr=b&spr=https&se=2026-06-11T12%3A22%3A40Z&rscd=attachment%3B+filename%3Dmold-2.41.0-x86_64-linux.tar.gz&rsct=application%2Foctet-stream&skoid=96c2d410-5711-43a1-aedd-ab1947aa7ab0&sktid=398a6654-997b-47e9-b12b-9515b896b4de&skt=2026-06-11T11%3A21%3A55Z&ske=2026-06-11T12%3A22%3A40Z&sks=b&skv=2018-11-09&sig=KWZOR44bQAglg5ms5ho2zWTLZAIyYGSEysJrGZyQ4ZU%3D&jwt=*** [following]
2026-06-11T11:47:33.8366294Z --2026-06-11 11:47:33--  https://release-assets.githubusercontent.com/github-production-release-asset/299510783/f4863e5d-1747-433e-8c26-b5a1c1950d2d?sp=r&sv=2018-11-09&sr=b&spr=https&se=2026-06-11T12%3A22%3A40Z&rscd=attachment%3B+filename%3Dmold-2.41.0-x86_64-linux.tar.gz&rsct=application%2Foctet-stream&skoid=96c2d410-5711-43a1-aedd-ab1947aa7ab0&sktid=398a6654-997b-47e9-b12b-9515b896b4de&skt=2026-06-11T11%3A21%3A55Z&ske=2026-06-11T12%3A22%3A40Z&sks=b&skv=2018-11-09&sig=KWZOR44bQAglg5ms5ho2zWTLZAIyYGSEysJrGZyQ4ZU%3D&jwt=***
2026-06-11T11:47:33.8410847Z Resolving release-assets.githubusercontent.com (release-assets.githubusercontent.com)... 185.199.110.133, 185.199.109.133, 185.199.111.133, ...
2026-06-11T11:47:33.8467739Z Connecting to release-assets.githubusercontent.com (release-assets.githubusercontent.com)|185.199.110.133|:443... connected.
2026-06-11T11:47:33.8754369Z HTTP request sent, awaiting response... 200 OK
2026-06-11T11:47:33.8755239Z Length: 5119986 (4.9M) [application/octet-stream]
2026-06-11T11:47:33.8756346Z Saving to: ‘STDOUT’
2026-06-11T11:47:33.8817486Z 
2026-06-11T11:47:33.9754250Z      0K ........ ........ ........ ........ ........ ........ 61% 30.1M 0s
2026-06-11T11:47:34.0311165Z   3072K ........ ........ ........ ......                    100% 33.7M=0.2s
2026-06-11T11:47:34.0311914Z 
2026-06-11T11:47:34.0312560Z 2026-06-11 11:47:34 (31.4 MB/s) - written to stdout [5119986/5119986]
2026-06-11T11:47:34.0314299Z 
2026-06-11T11:47:34.0454693Z ++ realpath /usr/bin/ld
2026-06-11T11:47:34.0472249Z + test true = true -a /usr/bin/x86_64-linux-gnu-ld.bfd '!=' /usr/local/bin/mold
2026-06-11T11:47:34.0482334Z ++ realpath /usr/bin/ld
2026-06-11T11:47:34.0484837Z + sudo ln -sf /usr/local/bin/mold /usr/bin/x86_64-linux-gnu-ld.bfd
2026-06-11T11:47:34.0567325Z + true
2026-06-11T11:47:34.0651403Z ##[group]Run mozilla-actions/sccache-action@9e7fa8a12102821edf02ca5dbea1acd0f89a2696
2026-06-11T11:47:34.0651895Z with:
2026-06-11T11:47:34.0654573Z   token: ***
2026-06-11T11:47:34.0654822Z   disable_annotations: false
2026-06-11T11:47:34.0655079Z env:
2026-06-11T11:47:34.0655283Z   CARGO_TERM_COLOR: always
2026-06-11T11:47:34.0655525Z   CARGO_INCREMENTAL: 0
2026-06-11T11:47:34.0655778Z   RUSTFLAGS: -C link-arg=-fuse-ld=mold
2026-06-11T11:47:34.0656069Z   CARGO_BUILD_JOBS: 6
2026-06-11T11:47:34.0656303Z   RUSTC_WRAPPER: sccache
2026-06-11T11:47:34.0656545Z   SCCACHE_GHA_ENABLED: true
2026-06-11T11:47:34.0656785Z ##[endgroup]
2026-06-11T11:47:34.4161821Z try to setup sccache version: v0.15.0
2026-06-11T11:47:34.4245386Z sccache download from url: https://github.com/mozilla/sccache/releases/download/v0.15.0/sccache-v0.15.0-x86_64-unknown-linux-musl.tar.gz
2026-06-11T11:47:34.6935272Z Correct checksum: 782d2b5dd7ae0a55ebe368ab258114d0928d019ac2d949ab85d5d02f3926709e
2026-06-11T11:47:34.7266193Z [command]/usr/bin/tar xz --warning=no-unknown-keyword --overwrite -C /home/runner/work/_temp/29c4060e-df88-4049-af69-e3841daad0ef -f /home/runner/work/_temp/43c63e83-2fec-4d3d-bf5a-775f4691add7
2026-06-11T11:47:34.9497558Z sccache extracted to: /home/runner/work/_temp/29c4060e-df88-4049-af69-e3841daad0ef
2026-06-11T11:47:34.9682945Z sccache cached to: /opt/hostedtoolcache/sccache/0.15.0/x64
2026-06-11T11:47:34.9893015Z ##[group]Run jdx/mise-action@dba19683ed58901619b14f395a24841710cb4925
2026-06-11T11:47:34.9893483Z with:
2026-06-11T11:47:34.9893859Z   install_args: rust protoc cargo:cargo-nextest
2026-06-11T11:47:34.9896965Z   github_token: ***
2026-06-11T11:47:34.9897236Z   install: true
2026-06-11T11:47:34.9897476Z   cache: true
2026-06-11T11:47:34.9897714Z   cache_save: true
2026-06-11T11:47:34.9897970Z   cache_key_prefix: mise-v1
2026-06-11T11:47:34.9898272Z   experimental: false
2026-06-11T11:47:34.9898522Z   log_level: info
2026-06-11T11:47:34.9898761Z   reshim: false
2026-06-11T11:47:34.9899003Z   add_shims_to_path: true
2026-06-11T11:47:34.9899267Z   fetch_from_github: true
2026-06-11T11:47:34.9899559Z   env: true
2026-06-11T11:47:34.9899790Z   wings_enabled: false
2026-06-11T11:47:34.9900042Z env:
2026-06-11T11:47:34.9900274Z   CARGO_TERM_COLOR: always
2026-06-11T11:47:34.9900532Z   CARGO_INCREMENTAL: 0
2026-06-11T11:47:34.9900817Z   RUSTFLAGS: -C link-arg=-fuse-ld=mold
2026-06-11T11:47:34.9901306Z   CARGO_BUILD_JOBS: 6
2026-06-11T11:47:34.9901567Z   RUSTC_WRAPPER: sccache
2026-06-11T11:47:34.9901837Z   SCCACHE_GHA_ENABLED: true
2026-06-11T11:47:34.9902182Z   SCCACHE_PATH: /opt/hostedtoolcache/sccache/0.15.0/x64/sccache
2026-06-11T11:47:34.9902558Z   ACTIONS_CACHE_SERVICE_V2: on
2026-06-11T11:47:34.9903017Z   ACTIONS_RESULTS_URL: https://results-receiver.actions.githubusercontent.com/
2026-06-11T11:47:34.9944824Z   ACTIONS_RUNTIME_TOKEN: ***
2026-06-11T11:47:34.9945102Z ##[endgroup]
2026-06-11T11:47:35.1260299Z ##[group]Restoring mise cache
2026-06-11T11:47:35.1301500Z [command]/usr/bin/ldd --version
2026-06-11T11:47:35.1357221Z ldd (Ubuntu GLIBC 2.39-0ubuntu8.7) 2.39
2026-06-11T11:47:35.1360295Z Copyright (C) 2024 Free Software Foundation, Inc.
2026-06-11T11:47:35.1361467Z This is free software; see the source for copying conditions.  There is NO
2026-06-11T11:47:35.1363200Z warranty; not even for MERCHANTABILITY or FITNESS FOR A PARTICULAR PURPOSE.
2026-06-11T11:47:35.1363938Z Written by Roland McGrath and Ulrich Drepper.
2026-06-11T11:47:36.5230463Z Cache hit for: mise-v1-linux-x64-ubuntu24-5d553c0d272ab77f6c479727d9a7a97ef11a3137cc5e7acd6feeb3c85a74fc48-f25160224585da46219cc671ebb565079f37edeec027869984cbb22b39bb8172
2026-06-11T11:47:37.2677425Z Received 42227166 of 42227166 (100.0%), 58.7 MBs/sec
2026-06-11T11:47:37.2678357Z Cache Size: ~40 MB (42227166 B)
2026-06-11T11:47:37.2707565Z [command]/usr/bin/tar -xf /home/runner/work/_temp/81cbb6fc-e087-4a77-9dae-3a21d08183a7/cache.tzst -P -C /home/runner/work/java-monorepo/java-monorepo --use-compress-program unzstd
2026-06-11T11:47:37.5827460Z Cache restored successfully
2026-06-11T11:47:37.5852929Z mise cache restored from key: mise-v1-linux-x64-ubuntu24-5d553c0d272ab77f6c479727d9a7a97ef11a3137cc5e7acd6feeb3c85a74fc48-f25160224585da46219cc671ebb565079f37edeec027869984cbb22b39bb8172
2026-06-11T11:47:37.5860151Z ##[group]Setting env vars
2026-06-11T11:47:37.5861206Z Setting MISE_LOG_LEVEL=info
2026-06-11T11:47:37.5867025Z Setting MISE_GITHUB_TOKEN=***
2026-06-11T11:47:37.5868089Z Setting MISE_TRUSTED_CONFIG_PATHS=/home/runner/work/java-monorepo/java-monorepo
2026-06-11T11:47:37.5868972Z Setting MISE_YES=1
2026-06-11T11:47:37.5869587Z Adding /home/runner/.local/share/mise/shims to PATH
2026-06-11T11:47:37.5870572Z ##[group]Running mise --version
2026-06-11T11:47:37.5892048Z [command]/home/runner/.local/share/mise/bin/mise --version
2026-06-11T11:47:37.6011535Z 2026.6.2 linux-x64 (2026-06-09)
2026-06-11T11:47:37.6077102Z ##[endgroup]
2026-06-11T11:47:37.6245017Z ##[group]Running mise install rust protoc cargo:cargo-nextest
2026-06-11T11:47:37.6261880Z [command]/home/runner/.local/share/mise/bin/mise install rust protoc cargo:cargo-nextest
2026-06-11T11:47:39.1282341Z ##[endgroup]
2026-06-11T11:47:39.1283207Z ##[group]Running mise ls
2026-06-11T11:47:39.1295662Z [command]/home/runner/.local/share/mise/bin/mise ls
2026-06-11T11:47:39.1520848Z cargo:cargo-nextest  0.9.137                          ~/work/java-monorepo/java-monorepo/mise.toml            0.9.137
2026-06-11T11:47:39.1526947Z java                 oracle-graalvm-25.0.1 (missing)  ~/work/java-monorepo/java-monorepo/mise.toml            oracle-graalvm-25.0.1
2026-06-11T11:47:39.1550419Z node                 24.16.0 (missing)                ~/work/java-monorepo/java-monorepo/mise.toml            24.16.0
2026-06-11T11:47:39.1561442Z protoc               35.0                             ~/work/java-monorepo/java-monorepo/mise.toml            latest
2026-06-11T11:47:39.1564270Z python               3.14.6 (missing)                 ~/work/java-monorepo/java-monorepo/mise.toml            3.14
2026-06-11T11:47:39.1569194Z rust                 1.96.0 (symlink)                 ~/work/java-monorepo/java-monorepo/rust-toolchain.toml  1.96.0
2026-06-11T11:47:39.1573844Z ##[endgroup]
2026-06-11T11:47:39.1574781Z ##[group]Exporting mise environment variables
2026-06-11T11:47:39.1891380Z [command]/home/runner/.local/share/mise/bin/mise env --json
2026-06-11T11:47:39.2168475Z {
2026-06-11T11:47:39.2169125Z   "CARGO_HOME": "/home/runner/.cargo",
2026-06-11T11:47:39.2173638Z   "PATH": "/home/runner/.local/share/mise/installs/cargo-cargo-nextest/0.9.137/bin:/home/runner/.local/share/mise/installs/protoc/latest/bin:/home/runner/.cargo/bin:/home/runner/.local/share/mise/shims:/home/runner/.local/share/mise/bin:/opt/hostedtoolcache/sccache/0.15.0/x64:/snap/bin:/home/runner/.local/bin:/opt/pipx_bin:/home/runner/.cargo/bin:/home/runner/.config/composer/vendor/bin:/usr/local/.ghcup/bin:/home/runner/.dotnet/tools:/usr/local/sbin:/usr/local/bin:/usr/sbin:/usr/bin:/sbin:/bin:/usr/games:/usr/local/games:/snap/bin",
2026-06-11T11:47:39.2206245Z   "RUSTUP_HOME": "/home/runner/.rustup",
2026-06-11T11:47:39.2207233Z   "RUSTUP_TOOLCHAIN": "1.96.0"
2026-06-11T11:47:39.2207714Z }
2026-06-11T11:47:39.2208523Z ##[endgroup]
2026-06-11T11:47:39.2456997Z ##[group]Run cargo nextest run -p coingecko-pricing-app --profile ci
2026-06-11T11:47:39.2457807Z [36;1mcargo nextest run -p coingecko-pricing-app --profile ci[0m
2026-06-11T11:47:39.2506481Z shell: /usr/bin/bash -e {0}
2026-06-11T11:47:39.2506880Z env:
2026-06-11T11:47:39.2507221Z   CARGO_TERM_COLOR: always
2026-06-11T11:47:39.2507608Z   CARGO_INCREMENTAL: 0
2026-06-11T11:47:39.2508012Z   RUSTFLAGS: -C link-arg=-fuse-ld=mold
2026-06-11T11:47:39.2508450Z   CARGO_BUILD_JOBS: 6
2026-06-11T11:47:39.2508808Z   RUSTC_WRAPPER: sccache
2026-06-11T11:47:39.2509196Z   SCCACHE_GHA_ENABLED: true
2026-06-11T11:47:39.2509700Z   SCCACHE_PATH: /opt/hostedtoolcache/sccache/0.15.0/x64/sccache
2026-06-11T11:47:39.2510259Z   ACTIONS_CACHE_SERVICE_V2: on
2026-06-11T11:47:39.2511098Z   ACTIONS_RESULTS_URL: https://results-receiver.actions.githubusercontent.com/
2026-06-11T11:47:39.2564818Z   ACTIONS_RUNTIME_TOKEN: ***
2026-06-11T11:47:39.2565142Z   MISE_LOG_LEVEL: info
2026-06-11T11:47:39.2567947Z   MISE_GITHUB_TOKEN: ***
2026-06-11T11:47:39.2568328Z   MISE_TRUSTED_CONFIG_PATHS: /home/runner/work/java-monorepo/java-monorepo
2026-06-11T11:47:39.2568728Z   MISE_YES: 1
2026-06-11T11:47:39.2568969Z   CARGO_HOME: /home/runner/.cargo
2026-06-11T11:47:39.2570778Z   PATH: /home/runner/.local/share/mise/installs/cargo-cargo-nextest/0.9.137/bin:/home/runner/.local/share/mise/installs/protoc/latest/bin:/home/runner/.cargo/bin:/home/runner/.local/share/mise/shims:/home/runner/.local/share/mise/bin:/opt/hostedtoolcache/sccache/0.15.0/x64:/snap/bin:/home/runner/.local/bin:/opt/pipx_bin:/home/runner/.cargo/bin:/home/runner/.config/composer/vendor/bin:/usr/local/.ghcup/bin:/home/runner/.dotnet/tools:/usr/local/sbin:/usr/local/bin:/usr/sbin:/usr/bin:/sbin:/bin:/usr/games:/usr/local/games:/snap/bin
2026-06-11T11:47:39.2572861Z   RUSTUP_HOME: /home/runner/.rustup
2026-06-11T11:47:39.2573156Z   RUSTUP_TOOLCHAIN: 1.96.0
2026-06-11T11:47:39.2573413Z ##[endgroup]
2026-06-11T11:47:39.3345900Z info: syncing channel updates for 1.96.0-x86_64-unknown-linux-gnu
2026-06-11T11:47:39.7119485Z info: latest update on 2026-05-28 for version 1.96.0 (ac68faa20 2026-05-25)
2026-06-11T11:47:39.7157733Z info: downloading 3 components
2026-06-11T11:47:49.2992232Z [1m[92m   Compiling[0m proc-macro2 v1.0.106
2026-06-11T11:47:49.2992916Z [1m[92m   Compiling[0m unicode-ident v1.0.24
2026-06-11T11:47:49.2993306Z [1m[92m   Compiling[0m quote v1.0.45
2026-06-11T11:47:49.2993637Z [1m[92m   Compiling[0m libc v0.2.186
2026-06-11T11:47:49.3011110Z [1m[92m   Compiling[0m serde_core v1.0.228
2026-06-11T11:47:49.3011839Z [1m[92m   Compiling[0m cfg-if v1.0.4
2026-06-11T11:47:49.5652205Z [1m[92m   Compiling[0m serde v1.0.228
2026-06-11T11:47:49.6443472Z [1m[92m   Compiling[0m memchr v2.8.1
2026-06-11T11:47:49.8162292Z [1m[92m   Compiling[0m once_cell v1.21.4
2026-06-11T11:47:50.0849845Z [1m[92m   Compiling[0m pin-project-lite v0.2.17
2026-06-11T11:47:50.0901925Z [1m[92m   Compiling[0m itoa v1.0.18
2026-06-11T11:47:50.1673023Z [1m[92m   Compiling[0m smallvec v1.15.1
2026-06-11T11:47:50.3681213Z [1m[92m   Compiling[0m find-msvc-tools v0.1.9
2026-06-11T11:47:50.4132423Z [1m[92m   Compiling[0m shlex v2.0.1
2026-06-11T11:47:50.4160033Z [1m[92m   Compiling[0m futures-core v0.3.32
2026-06-11T11:47:50.5843133Z [1m[92m   Compiling[0m equivalent v1.0.2
2026-06-11T11:47:50.5902477Z [1m[92m   Compiling[0m log v0.4.32
2026-06-11T11:47:50.5933466Z [1m[92m   Compiling[0m jobserver v0.1.34
2026-06-11T11:47:50.6207264Z [1m[92m   Compiling[0m errno v0.3.14
2026-06-11T11:47:50.6684229Z [1m[92m   Compiling[0m percent-encoding v2.3.2
2026-06-11T11:47:50.8333631Z [1m[92m   Compiling[0m mio v1.2.1
2026-06-11T11:47:50.9343056Z [1m[92m   Compiling[0m signal-hook-registry v1.4.8
2026-06-11T11:47:50.9563412Z [1m[92m   Compiling[0m socket2 v0.6.4
2026-06-11T11:47:50.9852260Z [1m[92m   Compiling[0m cc v1.2.63
2026-06-11T11:47:50.9962088Z [1m[92m   Compiling[0m slab v0.4.12
2026-06-11T11:47:51.3150356Z [1m[92m   Compiling[0m futures-sink v0.3.32
2026-06-11T11:47:51.3204916Z [1m[92m   Compiling[0m hashbrown v0.17.1
2026-06-11T11:47:51.3217937Z [1m[92m   Compiling[0m zmij v1.0.21
2026-06-11T11:47:51.3703554Z [1m[92m   Compiling[0m syn v2.0.117
2026-06-11T11:47:51.4222499Z [1m[92m   Compiling[0m tracing-core v0.1.36
2026-06-11T11:47:51.4362768Z [1m[92m   Compiling[0m serde_json v1.0.150
2026-06-11T11:47:51.5902768Z [1m[92m   Compiling[0m base64 v0.22.1
2026-06-11T11:47:51.8348646Z [1m[92m   Compiling[0m futures-channel v0.3.32
2026-06-11T11:47:52.0345844Z [1m[92m   Compiling[0m indexmap v2.14.0
2026-06-11T11:47:52.1492442Z [1m[92m   Compiling[0m futures-io v0.3.32
2026-06-11T11:47:52.2012452Z [1m[92m   Compiling[0m futures-task v0.3.32
2026-06-11T11:47:52.2795101Z [1m[92m   Compiling[0m stable_deref_trait v1.2.1
2026-06-11T11:47:52.4032899Z [1m[92m   Compiling[0m aho-corasick v1.1.4
2026-06-11T11:47:52.4662855Z [1m[92m   Compiling[0m regex-syntax v0.8.11
2026-06-11T11:47:52.4933327Z [1m[92m   Compiling[0m bitflags v2.13.0
2026-06-11T11:47:52.5452482Z [1m[92m   Compiling[0m anyhow v1.0.102
2026-06-11T11:47:52.5702454Z [1m[92m   Compiling[0m serde_derive v1.0.228
2026-06-11T11:47:52.7322516Z [1m[92m   Compiling[0m tokio-macros v2.7.0
2026-06-11T11:47:52.9293073Z [1m[92m   Compiling[0m synstructure v0.13.2
2026-06-11T11:47:53.0582572Z [1m[92m   Compiling[0m tracing-attributes v0.1.31
2026-06-11T11:47:53.1232527Z [1m[92m   Compiling[0m futures-macro v0.3.32
2026-06-11T11:47:53.1882860Z [1m[92m   Compiling[0m zerofrom-derive v0.1.7
2026-06-11T11:47:53.5813599Z [1m[92m   Compiling[0m yoke-derive v0.8.2
2026-06-11T11:47:53.8783691Z [1m[92m   Compiling[0m zerovec-derive v0.11.3
2026-06-11T11:47:55.2948447Z [1m[92m   Compiling[0m zerofrom v0.1.8
2026-06-11T11:47:55.3993457Z [1m[92m   Compiling[0m futures-util v0.3.32
2026-06-11T11:47:55.6206166Z [1m[92m   Compiling[0m displaydoc v0.2.6
2026-06-11T11:47:56.3132515Z [1m[92m   Compiling[0m yoke v0.8.3
2026-06-11T11:47:56.6892648Z [1m[92m   Compiling[0m tracing v0.1.44
2026-06-11T11:47:56.8362515Z [1m[92m   Compiling[0m zerovec v0.11.6
2026-06-11T11:47:57.0833575Z [1m[92m   Compiling[0m form_urlencoded v1.2.2
2026-06-11T11:47:57.1882923Z [1m[92m   Compiling[0m either v1.16.0
2026-06-11T11:47:57.2905605Z [1m[92m   Compiling[0m writeable v0.6.3
2026-06-11T11:47:57.3084136Z [1m[92m   Compiling[0m tinystr v0.8.3
2026-06-11T11:47:57.3662529Z [1m[92m   Compiling[0m httparse v1.10.1
2026-06-11T11:47:57.4837090Z [1m[92m   Compiling[0m litemap v0.8.2
2026-06-11T11:47:57.5132440Z [1m[92m   Compiling[0m potential_utf v0.1.5
2026-06-11T11:47:57.5354463Z [1m[92m   Compiling[0m zerotrie v0.2.4
2026-06-11T11:47:57.5952487Z [1m[92m   Compiling[0m fs_extra v1.3.0
2026-06-11T11:47:57.8532753Z [1m[92m   Compiling[0m icu_locale_core v2.2.0
2026-06-11T11:47:57.8594953Z [1m[92m   Compiling[0m getrandom v0.3.4
2026-06-11T11:47:57.8763023Z [1m[92m   Compiling[0m utf8_iter v1.0.4
2026-06-11T11:47:57.9252677Z [1m[92m   Compiling[0m typenum v1.20.1
2026-06-11T11:47:57.9432562Z [1m[92m   Compiling[0m icu_properties_data v2.2.0
2026-06-11T11:47:58.2323428Z [1m[92m   Compiling[0m icu_normalizer_data v2.2.0
2026-06-11T11:47:58.4172835Z [1m[92m   Compiling[0m icu_collections v2.2.0
2026-06-11T11:47:58.5392761Z [1m[92m   Compiling[0m zerocopy v0.8.50
2026-06-11T11:47:58.7220016Z [1m[92m   Compiling[0m tower-service v0.3.3
2026-06-11T11:47:58.7482353Z [1m[92m   Compiling[0m icu_provider v2.2.0
2026-06-11T11:47:59.0922707Z [1m[92m   Compiling[0m itertools v0.14.0
2026-06-11T11:47:59.1732790Z [1m[92m   Compiling[0m atomic-waker v1.1.2
2026-06-11T11:47:59.2481729Z [1m[92m   Compiling[0m fnv v1.0.7
2026-06-11T11:47:59.3312436Z [1m[92m   Compiling[0m autocfg v1.5.1
2026-06-11T11:47:59.3592825Z [1m[92m   Compiling[0m try-lock v0.2.5
2026-06-11T11:47:59.5038944Z [1m[92m   Compiling[0m httpdate v1.0.3
2026-06-11T11:47:59.5362539Z [1m[92m   Compiling[0m thiserror v2.0.18
2026-06-11T11:47:59.5632704Z [1m[92m   Compiling[0m num-traits v0.2.19
2026-06-11T11:47:59.6242762Z [1m[92m   Compiling[0m want v0.3.1
2026-06-11T11:47:59.7760399Z [1m[92m   Compiling[0m icu_properties v2.2.0
2026-06-11T11:47:59.7850359Z [1m[92m   Compiling[0m rand_core v0.9.5
2026-06-11T11:47:59.8827986Z [1m[92m   Compiling[0m bytes v1.11.1
2026-06-11T11:47:59.8922907Z [1m[92m   Compiling[0m icu_normalizer v2.2.0
2026-06-11T11:48:00.0902616Z [1m[92m   Compiling[0m thiserror-impl v2.0.18
2026-06-11T11:48:00.4142485Z [1m[92m   Compiling[0m tokio v1.52.3
2026-06-11T11:48:00.4823826Z [1m[92m   Compiling[0m http v1.4.1
2026-06-11T11:48:00.4849794Z [1m[92m   Compiling[0m idna_adapter v1.2.2
2026-06-11T11:48:00.6526992Z [1m[92m   Compiling[0m ipnet v2.12.0
2026-06-11T11:48:01.2540574Z [1m[92m   Compiling[0m idna v1.1.0
2026-06-11T11:48:01.3542993Z [1m[92m   Compiling[0m http-body v1.0.1
2026-06-11T11:48:01.4755260Z [1m[92m   Compiling[0m ppv-lite86 v0.2.21
2026-06-11T11:48:01.6952963Z [1m[92m   Compiling[0m crossbeam-utils v0.8.21
2026-06-11T11:48:01.7179555Z [1m[92m   Compiling[0m url v2.5.8
2026-06-11T11:48:01.8313003Z [1m[92m   Compiling[0m lazy_static v1.5.0
2026-06-11T11:48:01.8411717Z [1m[92m   Compiling[0m http-body-util v0.1.3
2026-06-11T11:48:01.8822887Z [1m[92m   Compiling[0m rand_chacha v0.9.0
2026-06-11T11:48:01.8890690Z [1m[92m   Compiling[0m powerfmt v0.2.0
2026-06-11T11:48:01.9480322Z [1m[92m   Compiling[0m zeroize v1.8.2
2026-06-11T11:48:02.0043203Z [1m[92m   Compiling[0m linux-raw-sys v0.12.1
2026-06-11T11:48:02.1558365Z [1m[92m   Compiling[0m deranged v0.5.8
2026-06-11T11:48:02.2195928Z [1m[92m   Compiling[0m tokio-util v0.7.18
2026-06-11T11:48:02.2196974Z [1m[92m   Compiling[0m rand v0.9.4
2026-06-11T11:48:02.2593578Z [1m[92m   Compiling[0m regex-automata v0.4.14
2026-06-11T11:48:02.3414900Z [1m[92m   Compiling[0m async-trait v0.1.89
2026-06-11T11:48:02.4803303Z [1m[92m   Compiling[0m cmake v0.1.58
2026-06-11T11:48:02.6837307Z [1m[92m   Compiling[0m h2 v0.4.14
2026-06-11T11:48:02.7662911Z [1m[92m   Compiling[0m sync_wrapper v1.0.2
2026-06-11T11:48:02.9028417Z [1m[92m   Compiling[0m dunce v1.0.5
2026-06-11T11:48:03.1045602Z [1m[92m   Compiling[0m time-core v0.1.8
2026-06-11T11:48:03.2543698Z [1m[92m   Compiling[0m num-conv v0.2.2
2026-06-11T11:48:03.2553412Z [1m[92m   Compiling[0m heck v0.5.0
2026-06-11T11:48:03.3596274Z [1m[92m   Compiling[0m tower-layer v0.3.3
2026-06-11T11:48:03.4483130Z [1m[92m   Compiling[0m aws-lc-sys v0.41.0
2026-06-11T11:48:03.5004049Z [1m[92m   Compiling[0m rustls-pki-types v1.14.1
2026-06-11T11:48:03.5423573Z [1m[92m   Compiling[0m time v0.3.47
2026-06-11T11:48:03.6385774Z [1m[92m   Compiling[0m hybrid-array v0.4.12
2026-06-11T11:48:03.8387890Z [1m[92m   Compiling[0m hex v0.4.3
2026-06-11T11:48:03.9622593Z [1m[92m   Compiling[0m rand_core v0.10.1
2026-06-11T11:48:04.0901974Z [1m[92m   Compiling[0m cpufeatures v0.3.0
2026-06-11T11:48:04.2092672Z [1m[92m   Compiling[0m hyper v1.10.1
2026-06-11T11:48:04.2287916Z [1m[92m   Compiling[0m getrandom v0.4.2
2026-06-11T11:48:04.2604137Z [1m[92m   Compiling[0m tower v0.5.3
2026-06-11T11:48:04.4162814Z [1m[92m   Compiling[0m scopeguard v1.2.0
2026-06-11T11:48:04.5901862Z [1m[92m   Compiling[0m cmov v0.5.4
2026-06-11T11:48:04.8578363Z [1m[92m   Compiling[0m parking_lot_core v0.9.12
2026-06-11T11:48:04.8585977Z [1m[92m   Compiling[0m mime v0.3.17
2026-06-11T11:48:04.9815436Z [1m[92m   Compiling[0m ctutils v0.4.2
2026-06-11T11:48:05.0013691Z [1m[92m   Compiling[0m hyper-util v0.1.20
2026-06-11T11:48:05.0166128Z [1m[92m   Compiling[0m regex v1.12.4
2026-06-11T11:48:05.0923718Z [1m[92m   Compiling[0m lock_api v0.4.14
2026-06-11T11:48:05.3675889Z [1m[92m   Compiling[0m chacha20 v0.10.0
2026-06-11T11:48:05.4155273Z [1m[92m   Compiling[0m crypto-common v0.2.2
2026-06-11T11:48:05.4238209Z [1m[92m   Compiling[0m block-buffer v0.12.0
2026-06-11T11:48:05.4248609Z [1m[92m   Compiling[0m const-oid v0.10.2
2026-06-11T11:48:05.5582757Z [1m[92m   Compiling[0m aws-lc-rs v1.17.0
2026-06-11T11:48:05.6083305Z [1m[92m   Compiling[0m vcpkg v0.2.15
2026-06-11T11:48:05.6842528Z [1m[92m   Compiling[0m pkg-config v0.3.33
2026-06-11T11:48:05.7763331Z [1m[92m   Compiling[0m digest v0.11.3
2026-06-11T11:48:05.8222676Z [1m[92m   Compiling[0m rand v0.10.1
2026-06-11T11:48:05.8993417Z [1m[92m   Compiling[0m openssl-sys v0.9.116
2026-06-11T11:48:06.0633847Z [1m[92m   Compiling[0m uuid v1.23.3
2026-06-11T11:48:06.1909795Z [1m[92m   Compiling[0m prettyplease v0.2.37
2026-06-11T11:48:06.2286905Z [1m[92m   Compiling[0m tinyvec_macros v0.1.1
2026-06-11T11:48:06.2417469Z [1m[92m   Compiling[0m glob v0.3.3
2026-06-11T11:48:06.2942742Z [1m[92m   Compiling[0m ryu v1.0.23
2026-06-11T11:48:06.3872806Z [1m[92m   Compiling[0m home v0.5.12
2026-06-11T11:48:06.4155876Z [1m[92m   Compiling[0m tinyvec v1.11.0
2026-06-11T11:48:06.4543399Z [1m[92m   Compiling[0m clang-sys v1.8.1
2026-06-11T11:48:06.4632876Z [1m[92m   Compiling[0m debugid v0.8.0
2026-06-11T11:48:06.4762512Z [1m[92m   Compiling[0m serde_urlencoded v0.7.1
2026-06-11T11:48:06.6671868Z [1m[92m   Compiling[0m axum-core v0.5.6
2026-06-11T11:48:06.6856254Z [1m[92m   Compiling[0m prost-derive v0.13.5
2026-06-11T11:48:06.7593425Z [1m[92m   Compiling[0m serde_path_to_error v0.1.20
2026-06-11T11:48:06.8513789Z [1m[92m   Compiling[0m rustix v0.38.44
2026-06-11T11:48:07.0651526Z [1m[92m   Compiling[0m strsim v0.11.1
2026-06-11T11:48:07.1050362Z [1m[92m   Compiling[0m openssl-probe v0.2.1
2026-06-11T11:48:07.1833266Z [1m[92m   Compiling[0m matchit v0.8.4
2026-06-11T11:48:07.2583739Z [1m[92m   Compiling[0m crunchy v0.2.4
2026-06-11T11:48:07.4783681Z [1m[92m   Compiling[0m rustix v1.1.4
2026-06-11T11:48:07.6182871Z [1m[92m   Compiling[0m axum v0.8.9
2026-06-11T11:48:07.6803285Z [1m[92m   Compiling[0m sentry-types v0.48.2
2026-06-11T11:48:07.7102704Z [1m[92m   Compiling[0m unicode-normalization v0.1.25
2026-06-11T11:48:08.0796709Z [1m[92m   Compiling[0m parking_lot v0.12.5
2026-06-11T11:48:08.6570722Z [1m[92m   Compiling[0m untrusted v0.9.0
2026-06-11T11:48:08.7693256Z [1m[92m   Compiling[0m linux-raw-sys v0.4.15
2026-06-11T11:48:08.8092560Z [1m[92m   Compiling[0m object v0.37.3
2026-06-11T11:48:08.9365851Z [1m[92m   Compiling[0m tiny-keccak v2.0.2
2026-06-11T11:48:09.0815281Z [1m[92m   Compiling[0m minimal-lexical v0.2.1
2026-06-11T11:48:09.0946854Z [1m[92m   Compiling[0m unicode-properties v0.1.4
2026-06-11T11:48:09.1032091Z [1m[92m   Compiling[0m rustls v0.23.40
2026-06-11T11:48:09.1403841Z [1m[92m   Compiling[0m unicode-bidi v0.3.18
2026-06-11T11:48:09.1563267Z [1m[92m   Compiling[0m prost v0.13.5
2026-06-11T11:48:09.2724184Z [1m[92m   Compiling[0m nom v7.1.3
2026-06-11T11:48:09.5773084Z [1m[92m   Compiling[0m sentry-core v0.48.2
2026-06-11T11:48:09.9002702Z [1m[92m   Compiling[0m stringprep v0.1.5
2026-06-11T11:48:09.9842405Z [1m[92m   Compiling[0m hmac v0.13.0
2026-06-11T11:48:10.1558859Z [1m[92m   Compiling[0m sha2 v0.11.0
2026-06-11T11:48:10.2061684Z [1m[92m   Compiling[0m md-5 v0.11.0
2026-06-11T11:48:10.2416706Z [1m[92m   Compiling[0m libloading v0.8.9
2026-06-11T11:48:10.2563039Z [1m[92m   Compiling[0m foreign-types-shared v0.1.1
2026-06-11T11:48:10.3712667Z [1m[92m   Compiling[0m byteorder v1.5.0
2026-06-11T11:48:10.3882286Z [1m[92m   Compiling[0m adler2 v2.0.1
2026-06-11T11:48:10.4102677Z [1m[92m   Compiling[0m fixedbitset v0.5.7
2026-06-11T11:48:10.4312059Z [1m[92m   Compiling[0m portable-atomic v1.13.1
2026-06-11T11:48:10.5135558Z [1m[92m   Compiling[0m gimli v0.32.3
2026-06-11T11:48:10.5702554Z [1m[92m   Compiling[0m siphasher v1.0.3
2026-06-11T11:48:10.6502485Z [1m[92m   Compiling[0m subtle v2.6.1
2026-06-11T11:48:10.6895333Z [1m[92m   Compiling[0m iana-time-zone v0.1.65
2026-06-11T11:48:10.8872928Z [1m[92m   Compiling[0m version_check v0.9.5
2026-06-11T11:48:10.9308888Z [1m[92m   Compiling[0m bindgen v0.66.1
2026-06-11T11:48:10.9672834Z [1m[92m   Compiling[0m fastrand v2.4.1
2026-06-11T11:48:11.0403103Z [1m[92m   Compiling[0m allocator-api2 v0.2.21
2026-06-11T11:48:11.1412976Z [1m[92m   Compiling[0m fallible-iterator v0.2.0
2026-06-11T11:48:11.1471844Z [1m[92m   Compiling[0m openssl v0.10.80
2026-06-11T11:48:11.1539939Z [1m[92m   Compiling[0m foldhash v0.2.0
2026-06-11T11:48:11.1624901Z [1m[92m   Compiling[0m tempfile v3.27.0
2026-06-11T11:48:11.3542949Z [1m[92m   Compiling[0m addr2line v0.25.1
2026-06-11T11:48:11.3618569Z [1m[92m   Compiling[0m postgres-protocol v0.6.11
2026-06-11T11:48:11.3847778Z [1m[92m   Compiling[0m hashbrown v0.16.1
2026-06-11T11:48:11.3900736Z [1m[92m   Compiling[0m generic-array v0.14.9
2026-06-11T11:48:11.4282811Z [1m[92m   Compiling[0m chrono v0.4.45
2026-06-11T11:48:11.5542720Z [1m[92m   Compiling[0m phf_shared v0.13.1
2026-06-11T11:48:11.6972167Z [1m[92m   Compiling[0m petgraph v0.7.1
2026-06-11T11:48:11.7259436Z [1m[92m   Compiling[0m miniz_oxide v0.8.9
2026-06-11T11:48:11.8763503Z [1m[92m   Compiling[0m foreign-types v0.3.2
2026-06-11T11:48:11.9444051Z [1m[92m   Compiling[0m which v4.4.2
2026-06-11T11:48:12.0125290Z [1m[92m   Compiling[0m cexpr v0.6.0
2026-06-11T11:48:12.3495574Z [1m[92m   Compiling[0m prost-types v0.13.5
2026-06-11T11:48:12.4493291Z [1m[92m   Compiling[0m postgres-derive v0.4.8
2026-06-11T11:48:13.1116132Z [1m[92m   Compiling[0m tokio-stream v0.1.18
2026-06-11T11:48:13.2159604Z [1m[92m   Compiling[0m prost-derive v0.14.4
2026-06-11T11:48:13.2865303Z [1m[92m   Compiling[0m openssl-macros v0.1.1
2026-06-11T11:48:13.3392722Z [1m[92m   Compiling[0m pin-project-internal v1.1.13
2026-06-11T11:48:13.5636102Z [1m[92m   Compiling[0m getrandom v0.2.17
2026-06-11T11:48:13.6782862Z [1m[92m   Compiling[0m rustc-hash v1.1.0
2026-06-11T11:48:13.6845141Z [1m[92m   Compiling[0m shlex v1.3.0
2026-06-11T11:48:13.8786606Z [1m[92m   Compiling[0m peeking_take_while v0.1.2
2026-06-11T11:48:13.8789721Z [1m[92m   Compiling[0m native-tls v0.2.18
2026-06-11T11:48:13.9503451Z [1m[92m   Compiling[0m lazycell v1.3.0
2026-06-11T11:48:14.2018997Z [1m[92m   Compiling[0m ucd-trie v0.1.7
2026-06-11T11:48:14.2020549Z [1m[92m   Compiling[0m rustversion v1.0.22
2026-06-11T11:48:14.2903407Z [1m[92m   Compiling[0m rustc-demangle v0.1.27
2026-06-11T11:48:14.4862510Z [1m[92m   Compiling[0m multimap v0.10.1
2026-06-11T11:48:14.4942538Z [1m[92m   Compiling[0m typeid v1.0.3
2026-06-11T11:48:14.7012578Z [1m[92m   Compiling[0m backtrace v0.3.76
2026-06-11T11:48:14.8190098Z [1m[92m   Compiling[0m prost-build v0.13.5
2026-06-11T11:48:14.8372600Z [1m[92m   Compiling[0m pin-project v1.1.13
2026-06-11T11:48:14.8836459Z [1m[92m   Compiling[0m pest v2.8.6
2026-06-11T11:48:15.2643200Z [1m[92m   Compiling[0m const-random-macro v0.1.16
2026-06-11T11:48:15.7722559Z [1m[92m   Compiling[0m postgres-types v0.2.13
2026-06-11T11:48:15.9522576Z [1m[92m   Compiling[0m prost v0.14.4
2026-06-11T11:48:16.2552814Z [1m[92m   Compiling[0m phf v0.13.1
2026-06-11T11:48:16.3552544Z [1m[92m   Compiling[0m hyper-timeout v0.5.2
2026-06-11T11:48:16.4792377Z [1m[92m   Compiling[0m deadpool-runtime v0.1.4
2026-06-11T11:48:16.5854029Z [1m[92m   Compiling[0m num-integer v0.1.46
2026-06-11T11:48:16.7042184Z [1m[92m   Compiling[0m whoami v2.1.2
2026-06-11T11:48:16.7473490Z [1m[92m   Compiling[0m num_cpus v1.17.0
2026-06-11T11:48:16.8334315Z [1m[92m   Compiling[0m semver v1.0.28
2026-06-11T11:48:16.8520628Z [1m[92m   Compiling[0m hashbrown v0.14.5
2026-06-11T11:48:16.9099413Z [1m[92m   Compiling[0m unicode-segmentation v1.13.3
2026-06-11T11:48:16.9222150Z [1m[92m   Compiling[0m ident_case v1.0.1
2026-06-11T11:48:16.9645905Z [1m[92m   Compiling[0m thiserror v1.0.69
2026-06-11T11:48:17.1323495Z [1m[92m   Compiling[0m rustc_version v0.4.1
2026-06-11T11:48:17.1892013Z [1m[92m   Compiling[0m darling_core v0.23.0
2026-06-11T11:48:17.2412374Z [1m[92m   Compiling[0m deadpool v0.12.3
2026-06-11T11:48:17.3332812Z [1m[92m   Compiling[0m tokio-postgres v0.7.17
2026-06-11T11:48:17.4825367Z [1m[92m   Compiling[0m tonic v0.14.6
2026-06-11T11:48:17.5129480Z [1m[92m   Compiling[0m pg_query v6.1.1
2026-06-11T11:48:18.3198920Z [1m[92m   Compiling[0m pest_meta v2.8.6
2026-06-11T11:48:20.6717449Z [1m[92m   Compiling[0m const-random v0.1.18
2026-06-11T11:48:21.6623365Z [1m[92m   Compiling[0m sentry-backtrace v0.48.2
2026-06-11T11:48:24.6012797Z [1m[92m   Compiling[0m matchers v0.2.0
2026-06-11T11:48:24.8032579Z [1m[92m   Compiling[0m sharded-slab v0.1.7
2026-06-11T11:48:25.1652469Z [1m[92m   Compiling[0m ureq-proto v0.6.0
2026-06-11T11:48:25.4332870Z [1m[92m   Compiling[0m raw-cpuid v11.6.0
2026-06-11T11:48:25.7392569Z [1m[92m   Compiling[0m thiserror-impl v1.0.69
2026-06-11T11:48:26.0092542Z [1m[92m   Compiling[0m tracing-log v0.2.0
2026-06-11T11:48:27.1089711Z [1m[92m   Compiling[0m findshlibs v0.10.2
2026-06-11T11:48:27.2273088Z [1m[92m   Compiling[0m thread_local v1.1.9
2026-06-11T11:48:27.2419173Z [1m[92m   Compiling[0m owo-colors v4.3.0
2026-06-11T11:48:27.3672596Z [1m[92m   Compiling[0m utf8-zero v0.8.1
2026-06-11T11:48:27.5505734Z [1m[92m   Compiling[0m nu-ansi-term v0.50.3
2026-06-11T11:48:27.5723393Z [1m[92m   Compiling[0m utf8parse v0.2.2
2026-06-11T11:48:27.9712805Z [1m[92m   Compiling[0m bollard-buildkit-proto v0.7.0
2026-06-11T11:48:28.1102693Z [1m[92m   Compiling[0m erased-serde v0.4.10
2026-06-11T11:48:28.3722581Z [1m[92m   Compiling[0m tonic-prost v0.14.6
2026-06-11T11:48:28.5112872Z [1m[92m   Compiling[0m tracing-subscriber v0.3.23
2026-06-11T11:48:28.5333317Z [1m[92m   Compiling[0m anstyle-parse v1.0.0
2026-06-11T11:48:29.0512356Z [1m[92m   Compiling[0m quanta v0.12.6
2026-06-11T11:48:29.0672845Z [1m[92m   Compiling[0m dlv-list v0.5.2
2026-06-11T11:48:29.1202499Z [1m[92m   Compiling[0m rapidhash v4.4.1
2026-06-11T11:48:29.1971627Z [1m[92m   Compiling[0m pest_generator v2.8.6
2026-06-11T11:48:29.9082924Z [1m[92m   Compiling[0m deadpool-postgres v0.14.1
2026-06-11T11:48:30.0532617Z [1m[92m   Compiling[0m darling_macro v0.23.0
2026-06-11T11:48:30.4512814Z [1m[92m   Compiling[0m tokio-native-tls v0.3.1
2026-06-11T11:48:31.1012701Z [1m[92m   Compiling[0m sentry-contexts v0.48.2
2026-06-11T11:48:31.3183063Z [1m[92m   Compiling[0m num-bigint v0.4.6
2026-06-11T11:48:31.7492627Z [1m[92m   Compiling[0m prost-types v0.14.4
2026-06-11T11:48:33.3942865Z [1m[92m   Compiling[0m concurrent-queue v2.5.0
2026-06-11T11:48:33.5772582Z [1m[92m   Compiling[0m itertools v0.10.5
2026-06-11T11:48:33.9607994Z [1m[92m   Compiling[0m structmeta-derive v0.3.0
2026-06-11T11:48:34.6022748Z [1m[92m   Compiling[0m is_terminal_polyfill v1.70.2
2026-06-11T11:48:35.0412319Z [1m[92m   Compiling[0m unicode-width v0.2.2
2026-06-11T11:48:35.1928001Z [1m[92m   Compiling[0m litrs v1.0.0
2026-06-11T11:48:36.3418156Z [1m[92m   Compiling[0m parking v2.2.1
2026-06-11T11:48:36.5612655Z [1m[92m   Compiling[0m anstyle-query v1.1.5
2026-06-11T11:48:36.7802900Z [1m[92m   Compiling[0m cfg_aliases v0.2.1
2026-06-11T11:48:36.9062716Z [1m[92m   Compiling[0m anstyle v1.0.14
2026-06-11T11:48:37.0367232Z [1m[92m   Compiling[0m colorchoice v1.0.5
2026-06-11T11:48:37.0471952Z [1m[92m   Compiling[0m winnow v1.0.3
2026-06-11T11:48:37.1442217Z [1m[92m   Compiling[0m crc32fast v1.5.0
2026-06-11T11:48:37.4072397Z [1m[92m   Compiling[0m sentry v0.48.2
2026-06-11T11:48:37.4349490Z [1m[92m   Compiling[0m document-features v0.2.12
2026-06-11T11:48:37.5768075Z [1m[92m   Compiling[0m anstream v1.0.0
2026-06-11T11:48:37.7033135Z [1m[92m   Compiling[0m event-listener v5.4.1
2026-06-11T11:48:37.9972380Z [1m[92m   Compiling[0m structmeta v0.3.0
2026-06-11T11:48:38.3032586Z [1m[92m   Compiling[0m num-rational v0.4.2
2026-06-11T11:48:38.6181875Z [1m[92m   Compiling[0m hyper-tls v0.6.0
2026-06-11T11:48:39.0732546Z [1m[92m   Compiling[0m pest_derive v2.8.6
2026-06-11T11:48:39.2862932Z [1m[92m   Compiling[0m toml_parser v1.1.2+spec-1.1.0
2026-06-11T11:48:39.3243178Z [1m[92m   Compiling[0m metrics v0.24.6
2026-06-11T11:48:39.5247472Z [1m[92m   Compiling[0m darling v0.23.0
2026-06-11T11:48:39.7232641Z [1m[92m   Compiling[0m ordered-multimap v0.7.3
2026-06-11T11:48:41.3707108Z [1m[92m   Compiling[0m block-buffer v0.10.4
2026-06-11T11:48:41.9126510Z [1m[92m   Compiling[0m crypto-common v0.1.6
2026-06-11T11:48:42.0862719Z [1m[92m   Compiling[0m num-iter v0.1.45
2026-06-11T11:48:42.7619232Z [1m[92m   Compiling[0m hashlink v0.11.1
2026-06-11T11:48:42.8293337Z [1m[92m   Compiling[0m tower-http v0.6.11
2026-06-11T11:48:42.9322727Z [1m[92m   Compiling[0m left-right v0.11.7
2026-06-11T11:48:43.0342320Z [1m[92m   Compiling[0m crossbeam-epoch v0.9.18
2026-06-11T11:48:43.4403035Z [1m[92m   Compiling[0m num-complex v0.4.6
2026-06-11T11:48:43.5545631Z [1m[92m   Compiling[0m rand_xoshiro v0.7.0
2026-06-11T11:48:43.5662075Z [1m[92m   Compiling[0m serde_repr v0.1.20
2026-06-11T11:48:43.9989860Z [1m[92m   Compiling[0m async-stream-impl v0.3.6
2026-06-11T11:48:44.0262388Z [1m[92m   Compiling[0m uname v0.1.1
2026-06-11T11:48:44.4242808Z [1m[92m   Compiling[0m hostname v0.4.2
2026-06-11T11:48:44.6263628Z [1m[92m   Compiling[0m serde_spanned v1.1.1
2026-06-11T11:48:44.6993545Z [1m[92m   Compiling[0m toml_datetime v1.1.1+spec-1.1.0
2026-06-11T11:48:44.8292669Z [1m[92m   Compiling[0m encoding_rs v0.8.35
2026-06-11T11:48:44.9502527Z [1m[92m   Compiling[0m clap_lex v1.1.0
2026-06-11T11:48:45.3854219Z [1m[92m   Compiling[0m hashbag v0.1.13
2026-06-11T11:48:45.6773199Z [1m[92m   Compiling[0m sketches-ddsketch v0.3.1
2026-06-11T11:48:45.9495779Z [1m[92m   Compiling[0m arraydeque v0.5.1
2026-06-11T11:48:46.2512683Z [1m[92m   Compiling[0m futures-timer v3.0.4
2026-06-11T11:48:46.4602628Z [1m[92m   Compiling[0m metrics-exporter-prometheus v0.18.3
2026-06-11T11:48:46.6282656Z [1m[92m   Compiling[0m metrics-util v0.20.4
2026-06-11T11:48:47.0273379Z [1m[92m   Compiling[0m evmap v11.0.0
2026-06-11T11:48:47.3993155Z [1m[92m   Compiling[0m yaml-rust2 v0.11.0
2026-06-11T11:48:47.6882637Z [1m[92m   Compiling[0m clap_builder v4.6.0
2026-06-11T11:48:48.1502842Z [1m[92m   Compiling[0m toml v1.1.2+spec-1.1.0
2026-06-11T11:48:49.3692629Z [1m[92m   Compiling[0m num v0.4.3
2026-06-11T11:48:50.9522897Z [1m[92m   Compiling[0m async-stream v0.3.6
2026-06-11T11:48:51.0022942Z [1m[92m   Compiling[0m reqwest v0.13.4
2026-06-11T11:48:51.1612634Z [1m[92m   Compiling[0m digest v0.10.7
2026-06-11T11:48:52.5182617Z [1m[92m   Compiling[0m sentry-debug-images v0.48.2
2026-06-11T11:48:52.7436772Z [1m[92m   Compiling[0m serde-untagged v0.1.9
2026-06-11T11:48:52.9382747Z [1m[92m   Compiling[0m rust-ini v0.21.3
2026-06-11T11:48:53.4636720Z [1m[92m   Compiling[0m serde_with_macros v3.21.0
2026-06-11T11:48:53.8541209Z [1m[92m   Compiling[0m json5 v0.4.1
2026-06-11T11:48:54.7432345Z [1m[92m   Compiling[0m parse-display-derive v0.9.1
2026-06-11T11:48:54.8950004Z [1m[92m   Compiling[0m event-listener-strategy v0.5.4
2026-06-11T11:48:56.2822590Z [1m[92m   Compiling[0m crossterm v0.29.0
2026-06-11T11:48:57.7857703Z [1m[92m   Compiling[0m sentry-tracing v0.48.2
2026-06-11T11:48:58.0853246Z [1m[92m   Compiling[0m ron v0.12.1
2026-06-11T11:48:58.5096360Z [1m[92m   Compiling[0m sentry-anyhow v0.48.2
2026-06-11T11:48:58.7013340Z [1m[92m   Compiling[0m sentry-panic v0.48.2
2026-06-11T11:48:59.3412711Z [1m[92m   Compiling[0m convert_case v0.6.0
2026-06-11T11:49:00.3062353Z [1m[92m   Compiling[0m dashmap v6.2.1
2026-06-11T11:49:00.5413363Z [1m[92m   Compiling[0m xattr v1.6.1
2026-06-11T11:49:00.6463918Z [1m[92m   Compiling[0m rustls-native-certs v0.8.4
2026-06-11T11:49:00.6744435Z [1m[92m   Compiling[0m hyperlocal v0.9.1
2026-06-11T11:49:00.8335059Z [1m[92m   Compiling[0m spinning_top v0.3.0
2026-06-11T11:49:00.8596674Z [1m[92m   Compiling[0m clap_derive v4.6.1
2026-06-11T11:49:00.8745613Z [1m[92m   Compiling[0m futures-executor v0.3.32
2026-06-11T11:49:00.9256807Z [1m[92m   Compiling[0m schemalane-macros v0.1.0 (https://github.com/donbeave/schemalane?branch=main#dd0d79d8)
2026-06-11T11:49:01.0042739Z [1m[92m   Compiling[0m filetime v0.2.29
2026-06-11T11:49:01.0992225Z [1m[92m   Compiling[0m web-time v1.1.0
2026-06-11T11:49:01.2416764Z [1m[92m   Compiling[0m rustc-hash v2.1.2
2026-06-11T11:49:01.3801569Z [1m[92m   Compiling[0m cpufeatures v0.2.17
2026-06-11T11:49:01.4843360Z [1m[92m   Compiling[0m nonzero_ext v0.3.0
2026-06-11T11:49:01.5032421Z [1m[92m   Compiling[0m pathdiff v0.2.3
2026-06-11T11:49:01.5956747Z [1m[92m   Compiling[0m sha1 v0.10.6
2026-06-11T11:49:01.6576032Z [1m[92m   Compiling[0m governor v0.10.4
2026-06-11T11:49:01.6671883Z [1m[92m   Compiling[0m config v0.15.23
2026-06-11T11:49:01.9062843Z [1m[92m   Compiling[0m astral-tokio-tar v0.6.2
2026-06-11T11:49:01.9962581Z [1m[92m   Compiling[0m futures v0.3.32
2026-06-11T11:49:02.1670622Z [1m[92m   Compiling[0m comfy-table v7.2.2
2026-06-11T11:49:02.2493023Z [1m[92m   Compiling[0m async-lock v3.4.2
2026-06-11T11:49:02.4365806Z [1m[92m   Compiling[0m parse-display v0.9.1
2026-06-11T11:49:02.5572948Z [1m[92m   Compiling[0m serde_with v3.21.0
2026-06-11T11:49:02.8943301Z [1m[92m   Compiling[0m tracing-request-level v0.1.0 (https://github.com/donbeave/tracing-request-level?rev=aeaca706ae0485066cdfc20c65f999a3d2980b96#aeaca706)
2026-06-11T11:49:03.1752673Z [1m[92m   Compiling[0m ferroid v2.0.0
2026-06-11T11:49:03.2302898Z [1m[92m   Compiling[0m clap v4.6.1
2026-06-11T11:49:03.2975194Z [1m[92m   Compiling[0m headers-core v0.3.0
2026-06-11T11:49:03.3212487Z [1m[92m   Compiling[0m docker_credential v1.4.0
2026-06-11T11:49:03.3881304Z [1m[92m   Compiling[0m etcetera v0.11.0
2026-06-11T11:49:03.4612493Z [1m[92m   Compiling[0m dotenvy v0.15.7
2026-06-11T11:49:03.4932684Z [1m[92m   Compiling[0m headers v0.4.1
2026-06-11T11:49:03.5214759Z [1m[92m   Compiling[0m async-object-pool v0.2.0
2026-06-11T11:49:03.5622601Z [1m[92m   Compiling[0m tabwriter v1.4.1
2026-06-11T11:49:03.6363191Z [1m[92m   Compiling[0m serde_regex v1.2.0
2026-06-11T11:49:03.6922284Z [1m[92m   Compiling[0m assert-json-diff v2.0.2
2026-06-11T11:49:03.8134827Z [1m[92m   Compiling[0m path-tree v0.8.3
2026-06-11T11:49:03.8412689Z [1m[92m   Compiling[0m stringmetrics v2.2.2
2026-06-11T11:49:03.8510270Z [1m[92m   Compiling[0m similar v2.7.0
2026-06-11T11:49:03.9243726Z [1m[92m   Compiling[0m coingecko-pricing-app v0.1.0 (/home/runner/work/java-monorepo/java-monorepo/backend-rust/coingecko-pricing-app)
2026-06-11T11:49:04.1467578Z [1m[92m   Compiling[0m httpmock v0.8.3
2026-06-11T11:49:29.9542888Z [1m[92m   Compiling[0m pg_query_fmt v0.1.3 (https://github.com/donbeave/schemalane?branch=main#dd0d79d8)
2026-06-11T11:49:31.0847542Z [1m[92m   Compiling[0m schemalane-core v0.1.20 (https://github.com/donbeave/schemalane?branch=main#dd0d79d8)
2026-06-11T11:49:32.3383556Z [1m[92m   Compiling[0m schemalane-cli v0.1.26 (https://github.com/donbeave/schemalane?branch=main#dd0d79d8)
2026-06-11T11:49:34.7346717Z [1m[92m   Compiling[0m legacy-migration v0.1.0 (/home/runner/work/java-monorepo/java-monorepo/backend-rust/legacy-migration)
2026-06-11T11:49:37.2423234Z [1m[92m   Compiling[0m rustls-webpki v0.103.13
2026-06-11T11:49:42.4871654Z [1m[92m   Compiling[0m ureq v3.3.0
2026-06-11T11:49:42.4872687Z [1m[92m   Compiling[0m tokio-rustls v0.26.4
2026-06-11T11:49:42.7922559Z [1m[92m   Compiling[0m hyper-rustls v0.27.9
2026-06-11T11:49:46.5859012Z [1m[92m   Compiling[0m bollard-stubs v1.52.1-rc.29.1.3
2026-06-11T11:49:54.7268030Z [1m[92m   Compiling[0m bollard v0.20.2
2026-06-11T11:50:00.0348714Z [1m[92m   Compiling[0m testcontainers v0.27.3
2026-06-11T11:50:00.3563489Z [1m[92m   Compiling[0m testcontainers-modules v0.15.0
2026-06-11T11:50:16.7335001Z [1m[92m    Finished[0m `test` profile [unoptimized + debuginfo] target(s) in 2m 27s
2026-06-11T11:50:16.8261963Z ────────────
2026-06-11T11:50:16.8263116Z [32;1m Nextest run[0m ID [1m92c26832-c90d-46ba-8991-dadad27ba551[0m with nextest profile: [1mci[0m
2026-06-11T11:50:16.8263762Z [32;1m    Starting[0m [1m38[0m tests across [1m7[0m binaries
2026-06-11T11:50:16.8363208Z [32;1m        PASS[0m [   0.007s] ( 1/38) [35;1mcoingecko-pricing-app[0m [36mclient::model::tests[0m[36m::[0m[34;1mtest_deserialize_extra_fields_ignored[0m
2026-06-11T11:50:16.8365740Z [32;1m        PASS[0m [   0.007s] ( 2/38) [35;1mcoingecko-pricing-app[0m [36mclient::model::tests[0m[36m::[0m[34;1mtest_deserialize_error_response[0m
2026-06-11T11:50:16.8416510Z [32;1m        PASS[0m [   0.007s] ( 3/38) [35;1mcoingecko-pricing-app[0m [36mclient::model::tests[0m[36m::[0m[34;1mtest_deserialize_price_parsed_as_f64[0m
2026-06-11T11:50:16.8418628Z [32;1m        PASS[0m [   0.008s] ( 4/38) [35;1mcoingecko-pricing-app[0m [36mclient::model::tests[0m[36m::[0m[34;1mtest_deserialize_null_volume_and_market_cap[0m
2026-06-11T11:50:16.8482661Z [32;1m        PASS[0m [   0.008s] ( 5/38) [35;1mcoingecko-pricing-app[0m [36mclient::model::tests[0m[36m::[0m[34;1mtest_deserialize_valid_response[0m
2026-06-11T11:50:16.8492597Z [32;1m        PASS[0m [   0.007s] ( 6/38) [35;1mcoingecko-pricing-app[0m [36mclient::tests[0m[36m::[0m[34;1mtest_api_error_code_returns_none[0m
2026-06-11T11:50:16.8553371Z [32;1m        PASS[0m [   0.007s] ( 7/38) [35;1mcoingecko-pricing-app[0m [36mclient::tests[0m[36m::[0m[34;1mtest_empty_data_map_returns_none[0m
2026-06-11T11:50:16.8572164Z [32;1m        PASS[0m [   0.007s] ( 8/38) [35;1mcoingecko-pricing-app[0m [36mclient::tests[0m[36m::[0m[34;1mtest_missing_data_returns_none[0m
2026-06-11T11:50:16.8630031Z [32;1m        PASS[0m [   0.007s] ( 9/38) [35;1mcoingecko-pricing-app[0m [36mclient::tests[0m[36m::[0m[34;1mtest_multiple_ids_returns_none[0m
2026-06-11T11:50:16.8642570Z [32;1m        PASS[0m [   0.006s] (10/38) [35;1mcoingecko-pricing-app[0m [36mclient::tests[0m[36m::[0m[34;1mtest_null_price_returns_none[0m
2026-06-11T11:50:16.8689483Z [32;1m        PASS[0m [   0.007s] (11/38) [35;1mcoingecko-pricing-app[0m [36mclient::tests[0m[36m::[0m[34;1mtest_slug_mismatch_returns_none[0m
2026-06-11T11:50:16.8732776Z [32;1m        PASS[0m [   0.010s] (12/38) [35;1mcoingecko-pricing-app[0m [36mclient::tests[0m[36m::[0m[34;1mtest_null_volume_and_market_cap_propagated[0m
2026-06-11T11:50:16.8755680Z [32;1m        PASS[0m [   0.007s] (13/38) [35;1mcoingecko-pricing-app[0m [36mclient::tests[0m[36m::[0m[34;1mtest_valid_response_extracts_price_data[0m
2026-06-11T11:50:16.8790395Z [32;1m        PASS[0m [   0.007s] (14/38) [35;1mcoingecko-pricing-app[0m [36mtokens::tests[0m[36m::[0m[34;1mtest_predefined_tokens_match_java_tokens[0m
2026-06-11T11:50:16.8837729Z [32;1m        PASS[0m [   0.008s] (15/38) [35;1mcoingecko-pricing-app[0m [36mtokens::tests[0m[36m::[0m[34;1mtest_predefined_tokens_no_duplicates[0m
2026-06-11T11:50:16.8872668Z [32;1m        PASS[0m [   0.008s] (16/38) [35;1mcoingecko-pricing-app[0m [36mtokens::tests[0m[36m::[0m[34;1mtest_predefined_tokens_sorted[0m
2026-06-11T11:50:16.8922429Z [32;1m        PASS[0m [   0.008s] (17/38) [35;1mcoingecko-pricing-app[0m [36mweb::routes::tests[0m[36m::[0m[34;1mhealth_route_is_stable[0m
2026-06-11T11:50:16.8941845Z [32;1m        PASS[0m [   0.007s] (18/38) [35;1mcoingecko-pricing-app[0m [36mweb::routes::tests[0m[36m::[0m[34;1mmetrics_route_is_stable[0m
2026-06-11T11:50:16.8998090Z [32;1m        PASS[0m [   0.008s] (19/38) [35;1mcoingecko-pricing-app[0m [36mweb::routes::tests[0m[36m::[0m[34;1mready_route_is_stable[0m
2026-06-11T11:50:16.9833360Z [32;1m        PASS[0m [   0.088s] (20/38) [35;1mcoingecko-pricing-app::cmc_client_test[0m [34;1mtest_client_api_error_in_body_returns_none[0m
2026-06-11T11:50:16.9902673Z [32;1m        PASS[0m [   0.089s] (21/38) [35;1mcoingecko-pricing-app::cmc_client_test[0m [34;1mtest_client_extracts_price_end_to_end[0m
2026-06-11T11:50:17.0721147Z [32;1m        PASS[0m [   0.090s] (22/38) [35;1mcoingecko-pricing-app::cmc_client_test[0m [34;1mtest_client_null_optional_fields_propagated[0m
2026-06-11T11:50:17.1342327Z [32;1m        PASS[0m [   0.146s] (23/38) [35;1mcoingecko-pricing-app::cmc_client_test[0m [34;1mtest_client_retries_on_429[0m
2026-06-11T11:50:17.1584128Z [32;1m        PASS[0m [   0.084s] (24/38) [35;1mcoingecko-pricing-app::cmc_client_test[0m [34;1mtest_client_sends_correct_url_and_header[0m
2026-06-11T11:50:17.2006998Z [32;1m        PASS[0m [   0.066s] (25/38) [35;1mcoingecko-pricing-app::cmc_client_test[0m [34;1mtest_client_slug_mismatch_returns_none[0m
2026-06-11T11:50:29.2574481Z [32;1m        PASS[0m [  12.099s] (26/38) [35;1mcoingecko-pricing-app::e2e_scrape_test[0m [34;1mtest_run_scrape_graceful_failure_continues[0m
2026-06-11T11:50:29.3192171Z [32;1m        PASS[0m [  12.117s] (27/38) [35;1mcoingecko-pricing-app::e2e_scrape_test[0m [34;1mtest_run_scrape_inserts_db_token[0m
2026-06-11T11:50:33.0417246Z [32;1m        PASS[0m [   3.785s] (28/38) [35;1mcoingecko-pricing-app::pricing_upsert[0m [34;1mtest_different_tokens_same_date_distinct_rows[0m
2026-06-11T11:50:33.1476218Z [32;1m        PASS[0m [   3.828s] (29/38) [35;1mcoingecko-pricing-app::pricing_upsert[0m [34;1mtest_null_market_cap_stored_as_zero[0m
2026-06-11T11:50:37.0728972Z [32;1m        PASS[0m [   4.031s] (30/38) [35;1mcoingecko-pricing-app::pricing_upsert[0m [34;1mtest_opening_and_closing_price_equal[0m
2026-06-11T11:50:37.1385100Z [32;1m        PASS[0m [   3.991s] (31/38) [35;1mcoingecko-pricing-app::pricing_upsert[0m [34;1mtest_upsert_idempotent[0m
2026-06-11T11:50:40.9784001Z [32;1m        PASS[0m [   3.904s] (32/38) [35;1mcoingecko-pricing-app::pricing_upsert[0m [34;1mtest_upsert_inserts_row[0m
2026-06-11T11:50:41.0428842Z [32;1m        PASS[0m [   3.905s] (33/38) [35;1mcoingecko-pricing-app::tokens_integration[0m [34;1mtest_load_tokens_deduplicates[0m
2026-06-11T11:50:44.7610539Z [32;1m        PASS[0m [   3.784s] (34/38) [35;1mcoingecko-pricing-app::tokens_integration[0m [34;1mtest_load_tokens_merges_db_and_predefined[0m
2026-06-11T11:50:44.8922468Z [32;1m        PASS[0m [   3.849s] (35/38) [35;1mcoingecko-pricing-app::tokens_integration[0m [34;1mtest_load_tokens_null_slugs_excluded[0m
2026-06-11T11:50:44.9023452Z [32;1m        PASS[0m [   0.010s] (36/38) [35;1mcoingecko-pricing-app::web_test[0m [34;1mtest_health_returns_up[0m
2026-06-11T11:50:44.9078742Z [32;1m        PASS[0m [   0.006s] (37/38) [35;1mcoingecko-pricing-app::web_test[0m [34;1mtest_ready_returns_200[0m
2026-06-11T11:50:47.5805635Z [32;1m        PASS[0m [   2.820s] (38/38) [35;1mcoingecko-pricing-app::tokens_integration[0m [34;1mtest_load_tokens_sorted[0m
2026-06-11T11:50:47.5841813Z ────────────
2026-06-11T11:50:47.5842630Z [32;1m     Summary[0m [  30.755s] [1m38[0m tests run: [1m38[0m [32;1mpassed[0m, [1m0[0m [33;1mskipped[0m
2026-06-11T11:50:47.5945619Z Post job cleanup.
2026-06-11T11:50:47.7898656Z ##[group]Get human-readable stats
2026-06-11T11:50:47.7919667Z [command]/opt/hostedtoolcache/sccache/0.15.0/x64/sccache --show-stats
2026-06-11T11:50:47.8024963Z Compile requests                    927
2026-06-11T11:50:47.8032093Z Compile requests executed           817
2026-06-11T11:50:47.8032809Z Cache hits                          528
2026-06-11T11:50:47.8033444Z Cache hits (Assembler)               37
2026-06-11T11:50:47.8034044Z Cache hits (C/C++)                  215
2026-06-11T11:50:47.8034658Z Cache hits (Rust)                   276
2026-06-11T11:50:47.8035257Z Cache misses                        285
2026-06-11T11:50:47.8035857Z Cache misses (Assembler)             65
2026-06-11T11:50:47.8036449Z Cache misses (C/C++)                111
2026-06-11T11:50:47.8037060Z Cache misses (Rust)                 109
2026-06-11T11:50:47.8037735Z Cache hits rate                   64.94 %
2026-06-11T11:50:47.8038499Z Cache hits rate (Assembler)       36.27 %
2026-06-11T11:50:47.8039640Z Cache hits rate (C/C++)           65.95 %
2026-06-11T11:50:47.8040275Z Cache hits rate (Rust)            71.69 %
2026-06-11T11:50:47.8041166Z Cache timeouts                        0
2026-06-11T11:50:47.8041781Z Cache read errors                     0
2026-06-11T11:50:47.8042378Z Forced recaches                       0
2026-06-11T11:50:47.8042986Z Cache write errors                  285
2026-06-11T11:50:47.8043586Z Cache errors                          0
2026-06-11T11:50:47.8044192Z Compilations                        285
2026-06-11T11:50:47.8044783Z Compilation failures                  4
2026-06-11T11:50:47.8045425Z Non-cacheable compilations            0
2026-06-11T11:50:47.8046058Z Non-cacheable calls                 107
2026-06-11T11:50:47.8046682Z Non-compilation calls                 3
2026-06-11T11:50:47.8047305Z Unsupported compiler calls            0
2026-06-11T11:50:47.8047906Z Average cache write               0.000 s
2026-06-11T11:50:47.8048546Z Average compiler                  0.651 s
2026-06-11T11:50:47.8049123Z Average cache read hit            0.085 s
2026-06-11T11:50:47.8049744Z Failed distributed compilations       0
2026-06-11T11:50:47.8050217Z 
2026-06-11T11:50:47.8050523Z Non-cacheable reasons:
2026-06-11T11:50:47.8051324Z crate-type                           84
2026-06-11T11:50:47.8051923Z missing input                        10
2026-06-11T11:50:47.8052501Z -o                                    7
2026-06-11T11:50:47.8053064Z -                                     5
2026-06-11T11:50:47.8053615Z -E                                    1
2026-06-11T11:50:47.8054051Z 
2026-06-11T11:50:47.8054812Z Cache location                  ghac, name: 7e0726055e1e4f1baa01c3967c5cfadc05877ea5de0f1b2d553463f71b5d0d86, prefix: /sccache/
2026-06-11T11:50:47.8055892Z Base directories                (none)
2026-06-11T11:50:47.8056491Z Version (client)                0.15.0
2026-06-11T11:50:47.8057372Z ##[endgroup]
2026-06-11T11:50:47.8058025Z ##[group]Get JSON stats
2026-06-11T11:50:47.8059183Z [command]/opt/hostedtoolcache/sccache/0.15.0/x64/sccache --show-stats --stats-format=json
2026-06-11T11:50:47.8099151Z {"stats":{"compile_requests":927,"requests_unsupported_compiler":0,"requests_not_compile":3,"requests_not_cacheable":107,"requests_executed":817,"cache_errors":{"counts":{},"adv_counts":{}},"cache_hits":{"counts":{"Rust":276,"Assembler":37,"C/C++":215},"adv_counts":{"assemblerToPreprocess [gcc]":37,"rust":276,"c [gcc]":215}},"cache_misses":{"counts":{"Assembler":65,"C/C++":111,"Rust":109},"adv_counts":{"rust":109,"c [gcc]":111,"assemblerToPreprocess [gcc]":65}},"cache_timeouts":0,"cache_read_errors":0,"non_cacheable_compilations":0,"forced_recaches":0,"cache_write_errors":285,"cache_writes":0,"cache_write_duration":{"secs":0,"nanos":0},"cache_read_hit_duration":{"secs":45,"nanos":379491636},"compilations":285,"compiler_write_duration":{"secs":185,"nanos":812140515},"compile_fails":4,"not_cached":{"-o":7,"missing input":10,"crate-type":84,"-E":1,"-":5},"dist_compiles":{},"dist_errors":0,"multi_level":null},"cache_location":"ghac, name: 7e0726055e1e4f1baa01c3967c5cfadc05877ea5de0f1b2d553463f71b5d0d86, prefix: /sccache/","cache_size":null,"max_cache_size":null,"use_preprocessor_cache_mode":false,"version":"0.15.0","basedirs":[]}
2026-06-11T11:50:47.8106593Z ##[endgroup]
2026-06-11T11:50:47.8131649Z ##[notice]65% - 528 hits, 285 misses, 0 errors
2026-06-11T11:50:47.8141646Z 
2026-06-11T11:50:47.8141865Z Full human-readable stats:
2026-06-11T11:50:47.8142345Z Compile requests                    927
2026-06-11T11:50:47.8142814Z Compile requests executed           817
2026-06-11T11:50:47.8143270Z Cache hits                          528
2026-06-11T11:50:47.8143697Z Cache hits (Assembler)               37
2026-06-11T11:50:47.8144117Z Cache hits (C/C++)                  215
2026-06-11T11:50:47.8144526Z Cache hits (Rust)                   276
2026-06-11T11:50:47.8144938Z Cache misses                        285
2026-06-11T11:50:47.8145358Z Cache misses (Assembler)             65
2026-06-11T11:50:47.8146104Z Cache misses (C/C++)                111
2026-06-11T11:50:47.8146522Z Cache misses (Rust)                 109
2026-06-11T11:50:47.8146963Z Cache hits rate                   64.94 %
2026-06-11T11:50:47.8147452Z Cache hits rate (Assembler)       36.27 %
2026-06-11T11:50:47.8147910Z Cache hits rate (C/C++)           65.95 %
2026-06-11T11:50:47.8148378Z Cache hits rate (Rust)            71.69 %
2026-06-11T11:50:47.8148940Z Cache timeouts                        0
2026-06-11T11:50:47.8149457Z Cache read errors                     0
2026-06-11T11:50:47.8149888Z Forced recaches                       0
2026-06-11T11:50:47.8150338Z Cache write errors                  285
2026-06-11T11:50:47.8150817Z Cache errors                          0
2026-06-11T11:50:47.8151405Z Compilations                        285
2026-06-11T11:50:47.8151872Z Compilation failures                  4
2026-06-11T11:50:47.8152322Z Non-cacheable compilations            0
2026-06-11T11:50:47.8152811Z Non-cacheable calls                 107
2026-06-11T11:50:47.8153209Z Non-compilation calls                 3
2026-06-11T11:50:47.8153639Z Unsupported compiler calls            0
2026-06-11T11:50:47.8154066Z Average cache write               0.000 s
2026-06-11T11:50:47.8154548Z Average compiler                  0.651 s
2026-06-11T11:50:47.8154991Z Average cache read hit            0.085 s
2026-06-11T11:50:47.8155441Z Failed distributed compilations       0
2026-06-11T11:50:47.8155751Z 
2026-06-11T11:50:47.8155899Z Non-cacheable reasons:
2026-06-11T11:50:47.8156232Z crate-type                           84
2026-06-11T11:50:47.8156592Z missing input                        10
2026-06-11T11:50:47.8156951Z -o                                    7
2026-06-11T11:50:47.8157311Z -                                     5
2026-06-11T11:50:47.8157729Z -E                                    1
2026-06-11T11:50:47.8157981Z 
2026-06-11T11:50:47.8158630Z Cache location                  ghac, name: 7e0726055e1e4f1baa01c3967c5cfadc05877ea5de0f1b2d553463f71b5d0d86, prefix: /sccache/
2026-06-11T11:50:47.8159583Z Base directories                (none)
2026-06-11T11:50:47.8160010Z Version (client)                0.15.0
2026-06-11T11:50:47.8160260Z 
2026-06-11T11:50:48.9889751Z Post job cleanup.
2026-06-11T11:50:49.1750103Z [command]/usr/bin/tar --posix -cf cache.tzst --exclude cache.tzst -P -C /home/runner/work/java-monorepo/java-monorepo --files-from manifest.txt --use-compress-program zstdmt
2026-06-11T11:50:51.8387211Z ##[warning]You've hit a rate limit, your rate limit will reset in 9 seconds
2026-06-11T11:50:51.8398821Z Failed to save: Unable to reserve cache with key cargo-registry-GitHub-Linux-e85c77d0b1218bb1a165b77d4caf81154958cf3a17a59038482fcdaa52f929b0, another job may be creating this cache.
2026-06-11T11:50:51.8704063Z Post job cleanup.
2026-06-11T11:50:51.9635310Z [command]/usr/bin/git version
2026-06-11T11:50:51.9679824Z git version 2.54.0
2026-06-11T11:50:51.9722434Z Temporarily overriding HOME='/home/runner/work/_temp/3fd15622-f3fa-4794-962d-ca112c337c68' before making global git config changes
2026-06-11T11:50:51.9725651Z Adding repository directory to the temporary git global config as a safe directory
2026-06-11T11:50:51.9729239Z [command]/usr/bin/git config --global --add safe.directory /home/runner/work/java-monorepo/java-monorepo
2026-06-11T11:50:51.9765915Z Removing SSH command configuration
2026-06-11T11:50:51.9775813Z [command]/usr/bin/git config --local --name-only --get-regexp core\.sshCommand
2026-06-11T11:50:51.9815845Z [command]/usr/bin/git submodule foreach --recursive sh -c "git config --local --name-only --get-regexp 'core\.sshCommand' && git config --local --unset-all 'core.sshCommand' || :"
2026-06-11T11:50:52.0107440Z Removing HTTP extra header
2026-06-11T11:50:52.0113121Z [command]/usr/bin/git config --local --name-only --get-regexp http\.https\:\/\/github\.com\/\.extraheader
2026-06-11T11:50:52.0151739Z [command]/usr/bin/git submodule foreach --recursive sh -c "git config --local --name-only --get-regexp 'http\.https\:\/\/github\.com\/\.extraheader' && git config --local --unset-all 'http.https://github.com/.extraheader' || :"
2026-06-11T11:50:52.0489450Z Removing includeIf entries pointing to credentials config files
2026-06-11T11:50:52.0490326Z [command]/usr/bin/git config --local --name-only --get-regexp ^includeIf\.gitdir:
2026-06-11T11:50:52.0491512Z includeif.gitdir:/home/runner/work/java-monorepo/java-monorepo/.git.path
2026-06-11T11:50:52.0492400Z includeif.gitdir:/home/runner/work/java-monorepo/java-monorepo/.git/worktrees/*.path
2026-06-11T11:50:52.0493157Z includeif.gitdir:/github/workspace/.git.path
2026-06-11T11:50:52.0493814Z includeif.gitdir:/github/workspace/.git/worktrees/*.path
2026-06-11T11:50:52.0712773Z [command]/usr/bin/git config --local --get-all includeif.gitdir:/home/runner/work/java-monorepo/java-monorepo/.git.path
2026-06-11T11:50:52.0757395Z /home/runner/work/_temp/git-credentials-1ec686bb-6494-497d-afda-a7a2bca9badb.config
2026-06-11T11:50:52.0769209Z [command]/usr/bin/git config --local --unset includeif.gitdir:/home/runner/work/java-monorepo/java-monorepo/.git.path /home/runner/work/_temp/git-credentials-1ec686bb-6494-497d-afda-a7a2bca9badb.config
2026-06-11T11:50:52.0773843Z [command]/usr/bin/git config --local --get-all includeif.gitdir:/home/runner/work/java-monorepo/java-monorepo/.git/worktrees/*.path
2026-06-11T11:50:52.0775061Z /home/runner/work/_temp/git-credentials-1ec686bb-6494-497d-afda-a7a2bca9badb.config
2026-06-11T11:50:52.0777303Z [command]/usr/bin/git config --local --unset includeif.gitdir:/home/runner/work/java-monorepo/java-monorepo/.git/worktrees/*.path /home/runner/work/_temp/git-credentials-1ec686bb-6494-497d-afda-a7a2bca9badb.config
2026-06-11T11:50:52.0779356Z [command]/usr/bin/git config --local --get-all includeif.gitdir:/github/workspace/.git.path
2026-06-11T11:50:52.0780310Z /github/runner_temp/git-credentials-1ec686bb-6494-497d-afda-a7a2bca9badb.config
2026-06-11T11:50:52.0782521Z [command]/usr/bin/git config --local --unset includeif.gitdir:/github/workspace/.git.path /github/runner_temp/git-credentials-1ec686bb-6494-497d-afda-a7a2bca9badb.config
2026-06-11T11:50:52.0862743Z [command]/usr/bin/git config --local --get-all includeif.gitdir:/github/workspace/.git/worktrees/*.path
2026-06-11T11:50:52.0866071Z /github/runner_temp/git-credentials-1ec686bb-6494-497d-afda-a7a2bca9badb.config
2026-06-11T11:50:52.0878938Z [command]/usr/bin/git config --local --unset includeif.gitdir:/github/workspace/.git/worktrees/*.path /github/runner_temp/git-credentials-1ec686bb-6494-497d-afda-a7a2bca9badb.config
2026-06-11T11:50:52.0913390Z [command]/usr/bin/git submodule foreach --recursive git config --local --show-origin --name-only --get-regexp remote.origin.url
2026-06-11T11:50:52.1177641Z Removing credentials config '/home/runner/work/_temp/git-credentials-1ec686bb-6494-497d-afda-a7a2bca9badb.config'
2026-06-11T11:50:52.1385552Z Cleaning up orphan processes
2026-06-11T11:50:52.1786870Z Terminate orphan process: pid (2308) (sccache)
