2026-06-11T11:47:23.0647535Z Current runner version: '2.334.0'
2026-06-11T11:47:23.0684027Z ##[group]Runner Image Provisioner
2026-06-11T11:47:23.0685445Z Hosted Compute Agent
2026-06-11T11:47:23.0686493Z Version: 20260520.533
2026-06-11T11:47:23.0687822Z Commit: 189110e25284a9812c124fd27b339e2fb4f2f9db
2026-06-11T11:47:23.0689154Z Build Date: 2026-05-20T17:44:04Z
2026-06-11T11:47:23.0690443Z Worker ID: {627e1971-78e3-444d-a5ef-300bfc6bd5f5}
2026-06-11T11:47:23.0691699Z Azure Region: eastus
2026-06-11T11:47:23.0692701Z ##[endgroup]
2026-06-11T11:47:23.0696307Z ##[group]Operating System
2026-06-11T11:47:23.0697425Z Ubuntu
2026-06-11T11:47:23.0698491Z 24.04.4
2026-06-11T11:47:23.0699422Z LTS
2026-06-11T11:47:23.0700413Z ##[endgroup]
2026-06-11T11:47:23.0701486Z ##[group]Runner Image
2026-06-11T11:47:23.0702539Z Image: ubuntu-24.04
2026-06-11T11:47:23.0704204Z Version: 20260525.161.1
2026-06-11T11:47:23.0706571Z Included Software: https://github.com/actions/runner-images/blob/ubuntu24/20260525.161/images/ubuntu/Ubuntu2404-Readme.md
2026-06-11T11:47:23.0709417Z Image Release: https://github.com/actions/runner-images/releases/tag/ubuntu24%2F20260525.161
2026-06-11T11:47:23.0711198Z ##[endgroup]
2026-06-11T11:47:23.0713965Z ##[group]GITHUB_TOKEN Permissions
2026-06-11T11:47:23.0717005Z Actions: read
2026-06-11T11:47:23.0718037Z Contents: read
2026-06-11T11:47:23.0719104Z Metadata: read
2026-06-11T11:47:23.0720034Z PullRequests: read
2026-06-11T11:47:23.0721118Z ##[endgroup]
2026-06-11T11:47:23.0724685Z Secret source: Actions
2026-06-11T11:47:23.0726406Z Prepare workflow directory
2026-06-11T11:47:23.1305414Z Prepare all required actions
2026-06-11T11:47:23.1360958Z Getting action download info
2026-06-11T11:47:23.7720309Z Download action repository 'actions/checkout@df4cb1c069e1874edd31b4311f1884172cec0e10' (SHA:df4cb1c069e1874edd31b4311f1884172cec0e10)
2026-06-11T11:47:24.0539525Z Download action repository 'actions/cache@27d5ce7f107fe9357f9df03efb73ab90386fccae' (SHA:27d5ce7f107fe9357f9df03efb73ab90386fccae)
2026-06-11T11:47:24.2160753Z Download action repository 'rui314/setup-mold@9c9c13bf4c3f1adef0cc596abc155580bcb04444' (SHA:9c9c13bf4c3f1adef0cc596abc155580bcb04444)
2026-06-11T11:47:24.2953291Z Download action repository 'mozilla-actions/sccache-action@9e7fa8a12102821edf02ca5dbea1acd0f89a2696' (SHA:9e7fa8a12102821edf02ca5dbea1acd0f89a2696)
2026-06-11T11:47:24.4191730Z Download action repository 'jdx/mise-action@dba19683ed58901619b14f395a24841710cb4925' (SHA:dba19683ed58901619b14f395a24841710cb4925)
2026-06-11T11:47:24.7687146Z Complete job name: Test eth-grpc-server (GitHub)
2026-06-11T11:47:24.8427069Z ##[group]Run actions/checkout@df4cb1c069e1874edd31b4311f1884172cec0e10
2026-06-11T11:47:24.8428146Z with:
2026-06-11T11:47:24.8428623Z   repository: ChainArgos/java-monorepo
2026-06-11T11:47:24.8433220Z   token: ***
2026-06-11T11:47:24.8433908Z   ssh-strict: true
2026-06-11T11:47:24.8434382Z   ssh-user: git
2026-06-11T11:47:24.8434835Z   persist-credentials: true
2026-06-11T11:47:24.8435336Z   clean: true
2026-06-11T11:47:24.8435776Z   sparse-checkout-cone-mode: true
2026-06-11T11:47:24.8436344Z   fetch-depth: 1
2026-06-11T11:47:24.8436769Z   fetch-tags: false
2026-06-11T11:47:24.8437206Z   show-progress: true
2026-06-11T11:47:24.8437649Z   lfs: false
2026-06-11T11:47:24.8438063Z   submodules: false
2026-06-11T11:47:24.8438507Z   set-safe-directory: true
2026-06-11T11:47:24.8439249Z env:
2026-06-11T11:47:24.8439678Z   CARGO_TERM_COLOR: always
2026-06-11T11:47:24.8440174Z   CARGO_INCREMENTAL: 0
2026-06-11T11:47:24.8440679Z   RUSTFLAGS: -C link-arg=-fuse-ld=mold
2026-06-11T11:47:24.8441269Z   CARGO_BUILD_JOBS: 6
2026-06-11T11:47:24.8441723Z   RUSTC_WRAPPER: sccache
2026-06-11T11:47:24.8442200Z   SCCACHE_GHA_ENABLED: true
2026-06-11T11:47:24.8442671Z ##[endgroup]
2026-06-11T11:47:24.9566143Z Syncing repository: ChainArgos/java-monorepo
2026-06-11T11:47:24.9568399Z ##[group]Getting Git version info
2026-06-11T11:47:24.9569670Z Working directory is '/home/runner/work/java-monorepo/java-monorepo'
2026-06-11T11:47:24.9571157Z [command]/usr/bin/git version
2026-06-11T11:47:24.9630553Z git version 2.54.0
2026-06-11T11:47:24.9665428Z ##[endgroup]
2026-06-11T11:47:24.9679984Z Temporarily overriding HOME='/home/runner/work/_temp/5dfd1651-2aad-41cd-9b84-5f603034f32c' before making global git config changes
2026-06-11T11:47:24.9685593Z Adding repository directory to the temporary git global config as a safe directory
2026-06-11T11:47:24.9688477Z [command]/usr/bin/git config --global --add safe.directory /home/runner/work/java-monorepo/java-monorepo
2026-06-11T11:47:24.9739764Z Deleting the contents of '/home/runner/work/java-monorepo/java-monorepo'
2026-06-11T11:47:24.9746047Z ##[group]Determining repository object format
2026-06-11T11:47:24.9754254Z ##[endgroup]
2026-06-11T11:47:24.9764908Z ##[group]Initializing the repository
2026-06-11T11:47:24.9766914Z [command]/usr/bin/git init /home/runner/work/java-monorepo/java-monorepo
2026-06-11T11:47:24.9896579Z hint: Using 'master' as the name for the initial branch. This default branch name
2026-06-11T11:47:24.9898642Z hint: will change to "main" in Git 3.0. To configure the initial branch name
2026-06-11T11:47:24.9900485Z hint: to use in all of your new repositories, which will suppress this warning,
2026-06-11T11:47:24.9902415Z hint: call:
2026-06-11T11:47:24.9903836Z hint:
2026-06-11T11:47:24.9905460Z hint: 	git config --global init.defaultBranch <name>
2026-06-11T11:47:24.9908293Z hint:
2026-06-11T11:47:24.9911596Z hint: Names commonly chosen instead of 'master' are 'main', 'trunk' and
2026-06-11T11:47:24.9914281Z hint: 'development'. The just-created branch can be renamed via this command:
2026-06-11T11:47:24.9917389Z hint:
2026-06-11T11:47:24.9918775Z hint: 	git branch -m <name>
2026-06-11T11:47:24.9920223Z hint:
2026-06-11T11:47:24.9921815Z hint: Disable this message with "git config set advice.defaultBranchName false"
2026-06-11T11:47:24.9924837Z Initialized empty Git repository in /home/runner/work/java-monorepo/java-monorepo/.git/
2026-06-11T11:47:24.9930553Z [command]/usr/bin/git remote add origin https://github.com/ChainArgos/java-monorepo
2026-06-11T11:47:24.9974794Z ##[endgroup]
2026-06-11T11:47:24.9977327Z ##[group]Disabling automatic garbage collection
2026-06-11T11:47:24.9979281Z [command]/usr/bin/git config --local gc.auto 0
2026-06-11T11:47:25.0015447Z ##[endgroup]
2026-06-11T11:47:25.0017572Z ##[group]Setting up auth
2026-06-11T11:47:25.0020132Z Removing SSH command configuration
2026-06-11T11:47:25.0024005Z [command]/usr/bin/git config --local --name-only --get-regexp core\.sshCommand
2026-06-11T11:47:25.0076978Z [command]/usr/bin/git submodule foreach --recursive sh -c "git config --local --name-only --get-regexp 'core\.sshCommand' && git config --local --unset-all 'core.sshCommand' || :"
2026-06-11T11:47:25.0485645Z Removing HTTP extra header
2026-06-11T11:47:25.0510423Z [command]/usr/bin/git config --local --name-only --get-regexp http\.https\:\/\/github\.com\/\.extraheader
2026-06-11T11:47:25.0567310Z [command]/usr/bin/git submodule foreach --recursive sh -c "git config --local --name-only --get-regexp 'http\.https\:\/\/github\.com\/\.extraheader' && git config --local --unset-all 'http.https://github.com/.extraheader' || :"
2026-06-11T11:47:25.0957846Z Removing includeIf entries pointing to credentials config files
2026-06-11T11:47:25.0976758Z [command]/usr/bin/git config --local --name-only --get-regexp ^includeIf\.gitdir:
2026-06-11T11:47:25.1040908Z [command]/usr/bin/git submodule foreach --recursive git config --local --show-origin --name-only --get-regexp remote.origin.url
2026-06-11T11:47:25.1457416Z [command]/usr/bin/git config --file /home/runner/work/_temp/git-credentials-5afb8415-858c-4dc8-82ef-ef1d2f069c92.config http.https://github.com/.extraheader AUTHORIZATION: basic ***
2026-06-11T11:47:25.1479284Z [command]/usr/bin/git config --local includeIf.gitdir:/home/runner/work/java-monorepo/java-monorepo/.git.path /home/runner/work/_temp/git-credentials-5afb8415-858c-4dc8-82ef-ef1d2f069c92.config
2026-06-11T11:47:25.1556566Z [command]/usr/bin/git config --local includeIf.gitdir:/home/runner/work/java-monorepo/java-monorepo/.git/worktrees/*.path /home/runner/work/_temp/git-credentials-5afb8415-858c-4dc8-82ef-ef1d2f069c92.config
2026-06-11T11:47:25.1606254Z [command]/usr/bin/git config --local includeIf.gitdir:/github/workspace/.git.path /github/runner_temp/git-credentials-5afb8415-858c-4dc8-82ef-ef1d2f069c92.config
2026-06-11T11:47:25.1630099Z [command]/usr/bin/git config --local includeIf.gitdir:/github/workspace/.git/worktrees/*.path /github/runner_temp/git-credentials-5afb8415-858c-4dc8-82ef-ef1d2f069c92.config
2026-06-11T11:47:25.1667478Z ##[endgroup]
2026-06-11T11:47:25.1669466Z ##[group]Fetching the repository
2026-06-11T11:47:25.1721428Z [command]/usr/bin/git -c protocol.version=2 fetch --no-tags --prune --no-recurse-submodules --depth=1 origin +632e17286f04c08b87331f7a9886051bc10a8ab8:refs/remotes/origin/main
2026-06-11T11:47:28.5689592Z From https://github.com/ChainArgos/java-monorepo
2026-06-11T11:47:28.5695135Z  * [new ref]         632e17286f04c08b87331f7a9886051bc10a8ab8 -> origin/main
2026-06-11T11:47:28.5737956Z [command]/usr/bin/git branch --list --remote origin/main
2026-06-11T11:47:28.5768985Z   origin/main
2026-06-11T11:47:28.5778733Z [command]/usr/bin/git rev-parse refs/remotes/origin/main
2026-06-11T11:47:28.5804913Z 632e17286f04c08b87331f7a9886051bc10a8ab8
2026-06-11T11:47:28.5817409Z ##[endgroup]
2026-06-11T11:47:28.5819307Z ##[group]Determining the checkout info
2026-06-11T11:47:28.5821188Z ##[endgroup]
2026-06-11T11:47:28.5824278Z [command]/usr/bin/git sparse-checkout disable
2026-06-11T11:47:28.5957371Z [command]/usr/bin/git config --local --unset-all extensions.worktreeConfig
2026-06-11T11:47:28.5964170Z ##[group]Checking out the ref
2026-06-11T11:47:28.5966854Z [command]/usr/bin/git checkout --progress --force -B main refs/remotes/origin/main
2026-06-11T11:47:29.2541552Z Switched to a new branch 'main'
2026-06-11T11:47:29.2554859Z branch 'main' set up to track 'origin/main'.
2026-06-11T11:47:29.3187129Z ##[endgroup]
2026-06-11T11:47:29.3245047Z [command]/usr/bin/git log -1 --format=%H
2026-06-11T11:47:29.3277302Z 632e17286f04c08b87331f7a9886051bc10a8ab8
2026-06-11T11:47:30.2122393Z ##[group]Run actions/cache@27d5ce7f107fe9357f9df03efb73ab90386fccae
2026-06-11T11:47:30.2122821Z with:
2026-06-11T11:47:30.2123209Z   path: ~/.cargo/registry/cache
~/.cargo/registry/index
~/.cargo/registry/src
~/.cargo/git/db

2026-06-11T11:47:30.2124280Z   key: cargo-registry-GitHub-Linux-e85c77d0b1218bb1a165b77d4caf81154958cf3a17a59038482fcdaa52f929b0
2026-06-11T11:47:30.2124880Z   restore-keys: cargo-registry-GitHub-Linux-

2026-06-11T11:47:30.2125204Z   enableCrossOsArchive: false
2026-06-11T11:47:30.2125484Z   fail-on-cache-miss: false
2026-06-11T11:47:30.2125737Z   lookup-only: false
2026-06-11T11:47:30.2125959Z   save-always: false
2026-06-11T11:47:30.2126168Z env:
2026-06-11T11:47:30.2126373Z   CARGO_TERM_COLOR: always
2026-06-11T11:47:30.2126642Z   CARGO_INCREMENTAL: 0
2026-06-11T11:47:30.2126927Z   RUSTFLAGS: -C link-arg=-fuse-ld=mold
2026-06-11T11:47:30.2127218Z   CARGO_BUILD_JOBS: 6
2026-06-11T11:47:30.2127478Z   RUSTC_WRAPPER: sccache
2026-06-11T11:47:30.2127759Z   SCCACHE_GHA_ENABLED: true
2026-06-11T11:47:30.2127998Z ##[endgroup]
2026-06-11T11:47:30.4255085Z Cache hit for restore-key: cargo-registry-GitHub-Linux-b322b65e736b5ba353b30632848d51d1a500e93fbb3bb89ab48e0b5cdac7e969
2026-06-11T11:47:31.3545188Z Received 168765327 of 168765327 (100.0%), 181.0 MBs/sec
2026-06-11T11:47:31.3564548Z Cache Size: ~161 MB (168765327 B)
2026-06-11T11:47:31.3617061Z [command]/usr/bin/tar -xf /home/runner/work/_temp/a4d4f033-6130-4b69-b41d-2a4f1d4e2efe/cache.tzst -P -C /home/runner/work/java-monorepo/java-monorepo --use-compress-program unzstd
2026-06-11T11:47:35.5843161Z Cache restored successfully
2026-06-11T11:47:35.8160693Z Cache restored from key: cargo-registry-GitHub-Linux-b322b65e736b5ba353b30632848d51d1a500e93fbb3bb89ab48e0b5cdac7e969
2026-06-11T11:47:35.8559992Z ##[group]Run rui314/setup-mold@9c9c13bf4c3f1adef0cc596abc155580bcb04444
2026-06-11T11:47:35.8560423Z with:
2026-06-11T11:47:35.8560643Z   mold-version: 2.41.0
2026-06-11T11:47:35.8561120Z   make-default: true
2026-06-11T11:47:35.8561356Z env:
2026-06-11T11:47:35.8561566Z   CARGO_TERM_COLOR: always
2026-06-11T11:47:35.8561820Z   CARGO_INCREMENTAL: 0
2026-06-11T11:47:35.8562068Z   RUSTFLAGS: -C link-arg=-fuse-ld=mold
2026-06-11T11:47:35.8562347Z   CARGO_BUILD_JOBS: 6
2026-06-11T11:47:35.8562580Z   RUSTC_WRAPPER: sccache
2026-06-11T11:47:35.8562818Z   SCCACHE_GHA_ENABLED: true
2026-06-11T11:47:35.8563054Z ##[endgroup]
2026-06-11T11:47:35.9034667Z ##[group]Run set -x
2026-06-11T11:47:35.9035160Z [36;1mset -x[0m
2026-06-11T11:47:35.9035551Z [36;1mecho "mold 2.41.0"[0m
2026-06-11T11:47:35.9036120Z [36;1mif [ "$(whoami)" = root ]; then SUDO=; else SUDO=sudo; fi[0m
2026-06-11T11:47:35.9038069Z [36;1mwget -O- --timeout=10 --waitretry=3 --retry-connrefused --progress=dot:mega https://github.com/rui314/mold/releases/download/v2.41.0/mold-2.41.0-$(uname -m)-linux.tar.gz | $SUDO tar -C /usr/local --strip-components=1 --no-overwrite-dir -xzf -[0m
2026-06-11T11:47:35.9040464Z [36;1mtest true = true -a "$(realpath /usr/bin/ld)" != /usr/local/bin/mold && $SUDO ln -sf /usr/local/bin/mold "$(realpath /usr/bin/ld)"; true[0m
2026-06-11T11:47:35.9074246Z shell: /usr/bin/bash --noprofile --norc -e -o pipefail {0}
2026-06-11T11:47:35.9074642Z env:
2026-06-11T11:47:35.9075115Z   CARGO_TERM_COLOR: always
2026-06-11T11:47:35.9075380Z   CARGO_INCREMENTAL: 0
2026-06-11T11:47:35.9075630Z   RUSTFLAGS: -C link-arg=-fuse-ld=mold
2026-06-11T11:47:35.9075913Z   CARGO_BUILD_JOBS: 6
2026-06-11T11:47:35.9076149Z   RUSTC_WRAPPER: sccache
2026-06-11T11:47:35.9076389Z   SCCACHE_GHA_ENABLED: true
2026-06-11T11:47:35.9076626Z ##[endgroup]
2026-06-11T11:47:35.9669660Z + echo 'mold 2.41.0'
2026-06-11T11:47:35.9670477Z mold 2.41.0
2026-06-11T11:47:35.9694469Z ++ whoami
2026-06-11T11:47:35.9773991Z + '[' runner = root ']'
2026-06-11T11:47:35.9794031Z + SUDO=sudo
2026-06-11T11:47:35.9795402Z + sudo tar -C /usr/local --strip-components=1 --no-overwrite-dir -xzf -
2026-06-11T11:47:35.9816874Z ++ uname -m
2026-06-11T11:47:35.9825559Z + wget -O- --timeout=10 --waitretry=3 --retry-connrefused --progress=dot:mega https://github.com/rui314/mold/releases/download/v2.41.0/mold-2.41.0-x86_64-linux.tar.gz
2026-06-11T11:47:36.1046586Z --2026-06-11 11:47:36--  https://github.com/rui314/mold/releases/download/v2.41.0/mold-2.41.0-x86_64-linux.tar.gz
2026-06-11T11:47:36.1471047Z Resolving github.com (github.com)... 140.82.114.4
2026-06-11T11:47:36.1514493Z Connecting to github.com (github.com)|140.82.114.4|:443... connected.
2026-06-11T11:47:36.1605698Z HTTP request sent, awaiting response... 302 Found
2026-06-11T11:47:36.1623031Z Location: https://release-assets.githubusercontent.com/github-production-release-asset/299510783/f4863e5d-1747-433e-8c26-b5a1c1950d2d?sp=r&sv=2018-11-09&sr=b&spr=https&se=2026-06-11T12%3A37%3A42Z&rscd=attachment%3B+filename%3Dmold-2.41.0-x86_64-linux.tar.gz&rsct=application%2Foctet-stream&skoid=96c2d410-5711-43a1-aedd-ab1947aa7ab0&sktid=398a6654-997b-47e9-b12b-9515b896b4de&skt=2026-06-11T11%3A37%3A31Z&ske=2026-06-11T12%3A37%3A42Z&sks=b&skv=2018-11-09&sig=qfOYiKgTvdAJYbmY%2FJWXjilCZbs2KUlsd%2Brkt77kl44%3D&jwt=*** [following]
2026-06-11T11:47:36.1666560Z --2026-06-11 11:47:36--  https://release-assets.githubusercontent.com/github-production-release-asset/299510783/f4863e5d-1747-433e-8c26-b5a1c1950d2d?sp=r&sv=2018-11-09&sr=b&spr=https&se=2026-06-11T12%3A37%3A42Z&rscd=attachment%3B+filename%3Dmold-2.41.0-x86_64-linux.tar.gz&rsct=application%2Foctet-stream&skoid=96c2d410-5711-43a1-aedd-ab1947aa7ab0&sktid=398a6654-997b-47e9-b12b-9515b896b4de&skt=2026-06-11T11%3A37%3A31Z&ske=2026-06-11T12%3A37%3A42Z&sks=b&skv=2018-11-09&sig=qfOYiKgTvdAJYbmY%2FJWXjilCZbs2KUlsd%2Brkt77kl44%3D&jwt=***
2026-06-11T11:47:36.1726537Z Resolving release-assets.githubusercontent.com (release-assets.githubusercontent.com)... 185.199.111.133, 185.199.108.133, 185.199.109.133, ...
2026-06-11T11:47:36.1730558Z Connecting to release-assets.githubusercontent.com (release-assets.githubusercontent.com)|185.199.111.133|:443... connected.
2026-06-11T11:47:36.1819765Z HTTP request sent, awaiting response... 200 OK
2026-06-11T11:47:36.1824526Z Length: 5119986 (4.9M) [application/octet-stream]
2026-06-11T11:47:36.1826060Z Saving to: ‘STDOUT’
2026-06-11T11:47:36.1834583Z 
2026-06-11T11:47:36.2734498Z      0K ........ ........ ........ ........ ........ ........ 61% 33.4M 0s
2026-06-11T11:47:36.3249287Z   3072K ........ ........ ........ ......                    100% 38.6M=0.1s
2026-06-11T11:47:36.3250184Z 
2026-06-11T11:47:36.3250823Z 2026-06-11 11:47:36 (35.2 MB/s) - written to stdout [5119986/5119986]
2026-06-11T11:47:36.3251511Z 
2026-06-11T11:47:36.3445067Z ++ realpath /usr/bin/ld
2026-06-11T11:47:36.3465109Z + test true = true -a /usr/bin/x86_64-linux-gnu-ld.bfd '!=' /usr/local/bin/mold
2026-06-11T11:47:36.3474758Z ++ realpath /usr/bin/ld
2026-06-11T11:47:36.3482600Z + sudo ln -sf /usr/local/bin/mold /usr/bin/x86_64-linux-gnu-ld.bfd
2026-06-11T11:47:36.3564417Z + true
2026-06-11T11:47:36.3646899Z ##[group]Run mozilla-actions/sccache-action@9e7fa8a12102821edf02ca5dbea1acd0f89a2696
2026-06-11T11:47:36.3647380Z with:
2026-06-11T11:47:36.3650522Z   token: ***
2026-06-11T11:47:36.3650758Z   disable_annotations: false
2026-06-11T11:47:36.3651003Z env:
2026-06-11T11:47:36.3651203Z   CARGO_TERM_COLOR: always
2026-06-11T11:47:36.3651442Z   CARGO_INCREMENTAL: 0
2026-06-11T11:47:36.3651693Z   RUSTFLAGS: -C link-arg=-fuse-ld=mold
2026-06-11T11:47:36.3651979Z   CARGO_BUILD_JOBS: 6
2026-06-11T11:47:36.3652208Z   RUSTC_WRAPPER: sccache
2026-06-11T11:47:36.3652445Z   SCCACHE_GHA_ENABLED: true
2026-06-11T11:47:36.3652681Z ##[endgroup]
2026-06-11T11:47:36.7053138Z try to setup sccache version: v0.15.0
2026-06-11T11:47:36.7144875Z sccache download from url: https://github.com/mozilla/sccache/releases/download/v0.15.0/sccache-v0.15.0-x86_64-unknown-linux-musl.tar.gz
2026-06-11T11:47:36.9004545Z Correct checksum: 782d2b5dd7ae0a55ebe368ab258114d0928d019ac2d949ab85d5d02f3926709e
2026-06-11T11:47:36.9140121Z [command]/usr/bin/tar xz --warning=no-unknown-keyword --overwrite -C /home/runner/work/_temp/fdd94b7c-1010-4193-bf53-612958e7e24d -f /home/runner/work/_temp/b456fb0f-54d0-4be1-8905-2b5e24a76ef7
2026-06-11T11:47:37.0885262Z sccache extracted to: /home/runner/work/_temp/fdd94b7c-1010-4193-bf53-612958e7e24d
2026-06-11T11:47:37.1008407Z sccache cached to: /opt/hostedtoolcache/sccache/0.15.0/x64
2026-06-11T11:47:37.1190914Z ##[group]Run jdx/mise-action@dba19683ed58901619b14f395a24841710cb4925
2026-06-11T11:47:37.1191316Z with:
2026-06-11T11:47:37.1191566Z   install_args: rust protoc cargo:cargo-nextest
2026-06-11T11:47:37.1195432Z   github_token: ***
2026-06-11T11:47:37.1195677Z   install: true
2026-06-11T11:47:37.1195884Z   cache: true
2026-06-11T11:47:37.1196087Z   cache_save: true
2026-06-11T11:47:37.1196305Z   cache_key_prefix: mise-v1
2026-06-11T11:47:37.1196559Z   experimental: false
2026-06-11T11:47:37.1196787Z   log_level: info
2026-06-11T11:47:37.1196996Z   reshim: false
2026-06-11T11:47:37.1197212Z   add_shims_to_path: true
2026-06-11T11:47:37.1197459Z   fetch_from_github: true
2026-06-11T11:47:37.1197713Z   env: true
2026-06-11T11:47:37.1197916Z   wings_enabled: false
2026-06-11T11:47:37.1198137Z env:
2026-06-11T11:47:37.1198332Z   CARGO_TERM_COLOR: always
2026-06-11T11:47:37.1198568Z   CARGO_INCREMENTAL: 0
2026-06-11T11:47:37.1198816Z   RUSTFLAGS: -C link-arg=-fuse-ld=mold
2026-06-11T11:47:37.1199128Z   CARGO_BUILD_JOBS: 6
2026-06-11T11:47:37.1199354Z   RUSTC_WRAPPER: sccache
2026-06-11T11:47:37.1199593Z   SCCACHE_GHA_ENABLED: true
2026-06-11T11:47:37.1199913Z   SCCACHE_PATH: /opt/hostedtoolcache/sccache/0.15.0/x64/sccache
2026-06-11T11:47:37.1200272Z   ACTIONS_CACHE_SERVICE_V2: on
2026-06-11T11:47:37.1200695Z   ACTIONS_RESULTS_URL: https://results-receiver.actions.githubusercontent.com/
2026-06-11T11:47:37.1244430Z   ACTIONS_RUNTIME_TOKEN: ***
2026-06-11T11:47:37.1244709Z ##[endgroup]
2026-06-11T11:47:37.2561523Z ##[group]Restoring mise cache
2026-06-11T11:47:37.2605440Z [command]/usr/bin/ldd --version
2026-06-11T11:47:37.2660482Z ldd (Ubuntu GLIBC 2.39-0ubuntu8.7) 2.39
2026-06-11T11:47:37.2663321Z Copyright (C) 2024 Free Software Foundation, Inc.
2026-06-11T11:47:37.2664633Z This is free software; see the source for copying conditions.  There is NO
2026-06-11T11:47:37.2665822Z warranty; not even for MERCHANTABILITY or FITNESS FOR A PARTICULAR PURPOSE.
2026-06-11T11:47:37.2666831Z Written by Roland McGrath and Ulrich Drepper.
2026-06-11T11:47:38.9184608Z Cache hit for: mise-v1-linux-x64-ubuntu24-5d553c0d272ab77f6c479727d9a7a97ef11a3137cc5e7acd6feeb3c85a74fc48-f25160224585da46219cc671ebb565079f37edeec027869984cbb22b39bb8172
2026-06-11T11:47:39.3036384Z Received 42227166 of 42227166 (100.0%), 113.4 MBs/sec
2026-06-11T11:47:39.3037450Z Cache Size: ~40 MB (42227166 B)
2026-06-11T11:47:39.3070149Z [command]/usr/bin/tar -xf /home/runner/work/_temp/55893f54-d8ee-4778-a895-c06858f209f9/cache.tzst -P -C /home/runner/work/java-monorepo/java-monorepo --use-compress-program unzstd
2026-06-11T11:47:39.5880816Z Cache restored successfully
2026-06-11T11:47:39.5910519Z mise cache restored from key: mise-v1-linux-x64-ubuntu24-5d553c0d272ab77f6c479727d9a7a97ef11a3137cc5e7acd6feeb3c85a74fc48-f25160224585da46219cc671ebb565079f37edeec027869984cbb22b39bb8172
2026-06-11T11:47:39.5939403Z ##[group]Setting env vars
2026-06-11T11:47:39.5940077Z Setting MISE_LOG_LEVEL=info
2026-06-11T11:47:39.5949846Z Setting MISE_GITHUB_TOKEN=***
2026-06-11T11:47:39.5951360Z Setting MISE_TRUSTED_CONFIG_PATHS=/home/runner/work/java-monorepo/java-monorepo
2026-06-11T11:47:39.5954526Z Setting MISE_YES=1
2026-06-11T11:47:39.5957002Z Adding /home/runner/.local/share/mise/shims to PATH
2026-06-11T11:47:39.5958263Z ##[group]Running mise --version
2026-06-11T11:47:39.6014241Z [command]/home/runner/.local/share/mise/bin/mise --version
2026-06-11T11:47:39.6136632Z 2026.6.2 linux-x64 (2026-06-09)
2026-06-11T11:47:39.6204731Z ##[endgroup]
2026-06-11T11:47:39.6467680Z ##[group]Running mise install rust protoc cargo:cargo-nextest
2026-06-11T11:47:39.6526991Z [command]/home/runner/.local/share/mise/bin/mise install rust protoc cargo:cargo-nextest
2026-06-11T11:47:41.1714936Z ##[endgroup]
2026-06-11T11:47:41.1724942Z ##[group]Running mise ls
2026-06-11T11:47:41.1764371Z [command]/home/runner/.local/share/mise/bin/mise ls
2026-06-11T11:47:41.2034401Z cargo:cargo-nextest  0.9.137                          ~/work/java-monorepo/java-monorepo/mise.toml            0.9.137
2026-06-11T11:47:41.2064675Z java                 oracle-graalvm-25.0.1 (missing)  ~/work/java-monorepo/java-monorepo/mise.toml            oracle-graalvm-25.0.1
2026-06-11T11:47:41.2088446Z node                 24.16.0 (missing)                ~/work/java-monorepo/java-monorepo/mise.toml            24.16.0
2026-06-11T11:47:41.2095176Z protoc               35.0                             ~/work/java-monorepo/java-monorepo/mise.toml            latest
2026-06-11T11:47:41.2101115Z python               3.14.6 (missing)                 ~/work/java-monorepo/java-monorepo/mise.toml            3.14
2026-06-11T11:47:41.2102384Z rust                 1.96.0 (symlink)                 ~/work/java-monorepo/java-monorepo/rust-toolchain.toml  1.96.0
2026-06-11T11:47:41.2104291Z ##[endgroup]
2026-06-11T11:47:41.2115896Z ##[group]Exporting mise environment variables
2026-06-11T11:47:41.2494694Z [command]/home/runner/.local/share/mise/bin/mise env --json
2026-06-11T11:47:41.2790268Z {
2026-06-11T11:47:41.2814295Z   "CARGO_HOME": "/home/runner/.cargo",
2026-06-11T11:47:41.2847997Z   "PATH": "/home/runner/.local/share/mise/installs/cargo-cargo-nextest/0.9.137/bin:/home/runner/.local/share/mise/installs/protoc/latest/bin:/home/runner/.cargo/bin:/home/runner/.local/share/mise/shims:/home/runner/.local/share/mise/bin:/opt/hostedtoolcache/sccache/0.15.0/x64:/snap/bin:/home/runner/.local/bin:/opt/pipx_bin:/home/runner/.cargo/bin:/home/runner/.config/composer/vendor/bin:/usr/local/.ghcup/bin:/home/runner/.dotnet/tools:/usr/local/sbin:/usr/local/bin:/usr/sbin:/usr/bin:/sbin:/bin:/usr/games:/usr/local/games:/snap/bin",
2026-06-11T11:47:41.2884103Z   "RUSTUP_HOME": "/home/runner/.rustup",
2026-06-11T11:47:41.2904164Z   "RUSTUP_TOOLCHAIN": "1.96.0"
2026-06-11T11:47:41.2924035Z }
2026-06-11T11:47:41.2948076Z ##[endgroup]
2026-06-11T11:47:41.3254855Z ##[group]Run cargo nextest run -p eth-grpc-server --profile ci
2026-06-11T11:47:41.3255674Z [36;1mcargo nextest run -p eth-grpc-server --profile ci[0m
2026-06-11T11:47:41.3292895Z shell: /usr/bin/bash -e {0}
2026-06-11T11:47:41.3293328Z env:
2026-06-11T11:47:41.3293985Z   CARGO_TERM_COLOR: always
2026-06-11T11:47:41.3294431Z   CARGO_INCREMENTAL: 0
2026-06-11T11:47:41.3294867Z   RUSTFLAGS: -C link-arg=-fuse-ld=mold
2026-06-11T11:47:41.3295342Z   CARGO_BUILD_JOBS: 6
2026-06-11T11:47:41.3295731Z   RUSTC_WRAPPER: sccache
2026-06-11T11:47:41.3296155Z   SCCACHE_GHA_ENABLED: true
2026-06-11T11:47:41.3296711Z   SCCACHE_PATH: /opt/hostedtoolcache/sccache/0.15.0/x64/sccache
2026-06-11T11:47:41.3297326Z   ACTIONS_CACHE_SERVICE_V2: on
2026-06-11T11:47:41.3298057Z   ACTIONS_RESULTS_URL: https://results-receiver.actions.githubusercontent.com/
2026-06-11T11:47:41.3409261Z   ACTIONS_RUNTIME_TOKEN: ***
2026-06-11T11:47:41.3409771Z   MISE_LOG_LEVEL: info
2026-06-11T11:47:41.3416075Z   MISE_GITHUB_TOKEN: ***
2026-06-11T11:47:41.3416703Z   MISE_TRUSTED_CONFIG_PATHS: /home/runner/work/java-monorepo/java-monorepo
2026-06-11T11:47:41.3417373Z   MISE_YES: 1
2026-06-11T11:47:41.3417744Z   CARGO_HOME: /home/runner/.cargo
2026-06-11T11:47:41.3421139Z   PATH: /home/runner/.local/share/mise/installs/cargo-cargo-nextest/0.9.137/bin:/home/runner/.local/share/mise/installs/protoc/latest/bin:/home/runner/.cargo/bin:/home/runner/.local/share/mise/shims:/home/runner/.local/share/mise/bin:/opt/hostedtoolcache/sccache/0.15.0/x64:/snap/bin:/home/runner/.local/bin:/opt/pipx_bin:/home/runner/.cargo/bin:/home/runner/.config/composer/vendor/bin:/usr/local/.ghcup/bin:/home/runner/.dotnet/tools:/usr/local/sbin:/usr/local/bin:/usr/sbin:/usr/bin:/sbin:/bin:/usr/games:/usr/local/games:/snap/bin
2026-06-11T11:47:41.3424683Z   RUSTUP_HOME: /home/runner/.rustup
2026-06-11T11:47:41.3425166Z   RUSTUP_TOOLCHAIN: 1.96.0
2026-06-11T11:47:41.3425582Z ##[endgroup]
2026-06-11T11:47:41.8802103Z info: syncing channel updates for 1.96.0-x86_64-unknown-linux-gnu
2026-06-11T11:47:42.1845775Z info: latest update on 2026-05-28 for version 1.96.0 (ac68faa20 2026-05-25)
2026-06-11T11:47:42.1906798Z info: downloading 3 components
2026-06-11T11:47:52.4399770Z [1m[92m   Compiling[0m proc-macro2 v1.0.106
2026-06-11T11:47:52.4416949Z [1m[92m   Compiling[0m quote v1.0.45
2026-06-11T11:47:52.4434653Z [1m[92m   Compiling[0m unicode-ident v1.0.24
2026-06-11T11:47:52.4445769Z [1m[92m   Compiling[0m libc v0.2.186
2026-06-11T11:47:52.4446548Z [1m[92m   Compiling[0m cfg-if v1.0.4
2026-06-11T11:47:52.4447354Z [1m[92m   Compiling[0m memchr v2.8.1
2026-06-11T11:47:52.6842740Z [1m[92m   Compiling[0m serde_core v1.0.228
2026-06-11T11:47:52.7156039Z [1m[92m   Compiling[0m bytes v1.11.1
2026-06-11T11:47:52.9572850Z [1m[92m   Compiling[0m once_cell v1.21.4
2026-06-11T11:47:52.9734733Z [1m[92m   Compiling[0m itoa v1.0.18
2026-06-11T11:47:53.1338573Z [1m[92m   Compiling[0m equivalent v1.0.2
2026-06-11T11:47:53.2034997Z [1m[92m   Compiling[0m pin-project-lite v0.2.17
2026-06-11T11:47:53.3527841Z [1m[92m   Compiling[0m smallvec v1.15.1
2026-06-11T11:47:53.4582378Z [1m[92m   Compiling[0m find-msvc-tools v0.1.9
2026-06-11T11:47:53.4935900Z [1m[92m   Compiling[0m shlex v2.0.1
2026-06-11T11:47:53.5239257Z [1m[92m   Compiling[0m serde v1.0.228
2026-06-11T11:47:53.5985478Z [1m[92m   Compiling[0m hashbrown v0.17.1
2026-06-11T11:47:53.6204579Z [1m[92m   Compiling[0m log v0.4.32
2026-06-11T11:47:53.6555823Z [1m[92m   Compiling[0m futures-core v0.3.32
2026-06-11T11:47:53.6684689Z [1m[92m   Compiling[0m jobserver v0.1.34
2026-06-11T11:47:53.8571895Z [1m[92m   Compiling[0m anyhow v1.0.102
2026-06-11T11:47:53.9160687Z [1m[92m   Compiling[0m either v1.16.0
2026-06-11T11:47:53.9252774Z [1m[92m   Compiling[0m errno v0.3.14
2026-06-11T11:47:53.9915628Z [1m[92m   Compiling[0m cc v1.2.63
2026-06-11T11:47:54.0221337Z [1m[92m   Compiling[0m indexmap v2.14.0
2026-06-11T11:47:54.2125385Z [1m[92m   Compiling[0m percent-encoding v2.3.2
2026-06-11T11:47:54.2202478Z [1m[92m   Compiling[0m signal-hook-registry v1.4.8
2026-06-11T11:47:54.2706960Z [1m[92m   Compiling[0m mio v1.2.1
2026-06-11T11:47:54.2896178Z [1m[92m   Compiling[0m syn v2.0.117
2026-06-11T11:47:54.3105516Z [1m[92m   Compiling[0m socket2 v0.6.4
2026-06-11T11:47:54.4055189Z [1m[92m   Compiling[0m futures-sink v0.3.32
2026-06-11T11:47:54.4089265Z [1m[92m   Compiling[0m itertools v0.14.0
2026-06-11T11:47:54.8170899Z [1m[92m   Compiling[0m slab v0.4.12
2026-06-11T11:47:54.8234374Z [1m[92m   Compiling[0m tracing-core v0.1.36
2026-06-11T11:47:54.8322253Z [1m[92m   Compiling[0m zmij v1.0.21
2026-06-11T11:47:54.8656556Z [1m[92m   Compiling[0m base64 v0.22.1
2026-06-11T11:47:54.9804980Z [1m[92m   Compiling[0m serde_derive v1.0.228
2026-06-11T11:47:54.9994843Z [1m[92m   Compiling[0m tokio-macros v2.7.0
2026-06-11T11:47:55.0815592Z [1m[92m   Compiling[0m tracing-attributes v0.1.31
2026-06-11T11:47:55.1668298Z [1m[92m   Compiling[0m serde_json v1.0.150
2026-06-11T11:47:55.2345308Z [1m[92m   Compiling[0m synstructure v0.13.2
2026-06-11T11:47:55.4145363Z [1m[92m   Compiling[0m futures-channel v0.3.32
2026-06-11T11:47:55.4495290Z [1m[92m   Compiling[0m aho-corasick v1.1.4
2026-06-11T11:47:55.6165547Z [1m[92m   Compiling[0m autocfg v1.5.1
2026-06-11T11:47:55.6524920Z [1m[92m   Compiling[0m regex-syntax v0.8.11
2026-06-11T11:47:56.1384924Z [1m[92m   Compiling[0m futures-macro v0.3.32
2026-06-11T11:47:56.3465552Z [1m[92m   Compiling[0m futures-io v0.3.32
2026-06-11T11:47:56.4174993Z [1m[92m   Compiling[0m tokio v1.52.3
2026-06-11T11:47:56.5677986Z [1m[92m   Compiling[0m futures-task v0.3.32
2026-06-11T11:47:56.6025178Z [1m[92m   Compiling[0m zerofrom-derive v0.1.7
2026-06-11T11:47:56.8614914Z [1m[92m   Compiling[0m yoke-derive v0.8.2
2026-06-11T11:47:58.1544991Z [1m[92m   Compiling[0m tracing v0.1.44
2026-06-11T11:47:58.3185334Z [1m[92m   Compiling[0m futures-util v0.3.32
2026-06-11T11:47:58.7215710Z [1m[92m   Compiling[0m http v1.4.1
2026-06-11T11:47:59.4475970Z [1m[92m   Compiling[0m stable_deref_trait v1.2.1
2026-06-11T11:47:59.7005398Z [1m[92m   Compiling[0m zerovec-derive v0.11.3
2026-06-11T11:47:59.7325133Z [1m[92m   Compiling[0m zerofrom v0.1.8
2026-06-11T11:47:59.8677539Z [1m[92m   Compiling[0m form_urlencoded v1.2.2
2026-06-11T11:47:59.9804860Z [1m[92m   Compiling[0m tokio-util v0.7.18
2026-06-11T11:48:00.0054994Z [1m[92m   Compiling[0m yoke v0.8.3
2026-06-11T11:48:00.0744939Z [1m[92m   Compiling[0m displaydoc v0.2.6
2026-06-11T11:48:00.5185477Z [1m[92m   Compiling[0m bitflags v2.13.0
2026-06-11T11:48:00.5535007Z [1m[92m   Compiling[0m httparse v1.10.1
2026-06-11T11:48:00.9077882Z [1m[92m   Compiling[0m http-body v1.0.1
2026-06-11T11:48:01.0836172Z [1m[92m   Compiling[0m num-traits v0.2.19
2026-06-11T11:48:01.0837390Z [1m[92m   Compiling[0m thiserror-impl v2.0.18
2026-06-11T11:48:01.5098914Z [1m[92m   Compiling[0m linux-raw-sys v0.12.1
2026-06-11T11:48:01.5635808Z [1m[92m   Compiling[0m tower-service v0.3.3
2026-06-11T11:48:01.9228751Z [1m[92m   Compiling[0m prettyplease v0.2.37
2026-06-11T11:48:02.0175199Z [1m[92m   Compiling[0m prost-derive v0.14.4
2026-06-11T11:48:02.2028987Z [1m[92m   Compiling[0m fnv v1.0.7
2026-06-11T11:48:02.3800236Z [1m[92m   Compiling[0m litemap v0.8.2
2026-06-11T11:48:02.5038064Z [1m[92m   Compiling[0m fs_extra v1.3.0
2026-06-11T11:48:02.6625477Z [1m[92m   Compiling[0m try-lock v0.2.5
2026-06-11T11:48:02.7345866Z [1m[92m   Compiling[0m writeable v0.6.3
2026-06-11T11:48:02.8668946Z [1m[92m   Compiling[0m thiserror v2.0.18
2026-06-11T11:48:02.9595639Z [1m[92m   Compiling[0m atomic-waker v1.1.2
2026-06-11T11:48:03.1162647Z [1m[92m   Compiling[0m h2 v0.4.14
2026-06-11T11:48:03.7354927Z [1m[92m   Compiling[0m want v0.3.1
2026-06-11T11:48:03.7434714Z [1m[92m   Compiling[0m icu_normalizer_data v2.2.0
2026-06-11T11:48:03.7970068Z [1m[92m   Compiling[0m getrandom v0.3.4
2026-06-11T11:48:03.8485355Z [1m[92m   Compiling[0m zerovec v0.11.6
2026-06-11T11:48:03.9249233Z [1m[92m   Compiling[0m zerotrie v0.2.4
2026-06-11T11:48:03.9575013Z [1m[92m   Compiling[0m httpdate v1.0.3
2026-06-11T11:48:04.2224898Z [1m[92m   Compiling[0m heck v0.5.0
2026-06-11T11:48:04.3485009Z [1m[92m   Compiling[0m tinystr v0.8.3
2026-06-11T11:48:04.3827925Z [1m[92m   Compiling[0m potential_utf v0.1.5
2026-06-11T11:48:04.4176231Z [1m[92m   Compiling[0m utf8_iter v1.0.4
2026-06-11T11:48:04.5856022Z [1m[92m   Compiling[0m icu_properties_data v2.2.0
2026-06-11T11:48:04.5934739Z [1m[92m   Compiling[0m icu_collections v2.2.0
2026-06-11T11:48:04.6815507Z [1m[92m   Compiling[0m icu_locale_core v2.2.0
2026-06-11T11:48:04.8054715Z [1m[92m   Compiling[0m hyper v1.10.1
2026-06-11T11:48:05.1495415Z [1m[92m   Compiling[0m prost v0.14.4
2026-06-11T11:48:05.1715050Z [1m[92m   Compiling[0m regex-automata v0.4.14
2026-06-11T11:48:05.1814200Z [1m[92m   Compiling[0m zerocopy v0.8.50
2026-06-11T11:48:05.3370210Z [1m[92m   Compiling[0m icu_provider v2.2.0
2026-06-11T11:48:05.3785275Z [1m[92m   Compiling[0m ipnet v2.12.0
2026-06-11T11:48:05.7922793Z [1m[92m   Compiling[0m rand_core v0.9.5
2026-06-11T11:48:05.8125089Z [1m[92m   Compiling[0m icu_normalizer v2.2.0
2026-06-11T11:48:05.8300953Z [1m[92m   Compiling[0m hyper-util v0.1.20
2026-06-11T11:48:05.9125067Z [1m[92m   Compiling[0m icu_properties v2.2.0
2026-06-11T11:48:05.9764046Z [1m[92m   Compiling[0m regex v1.12.4
2026-06-11T11:48:06.1755135Z [1m[92m   Compiling[0m http-body-util v0.1.3
2026-06-11T11:48:06.2415174Z [1m[92m   Compiling[0m async-trait v0.1.89
2026-06-11T11:48:06.6015552Z [1m[92m   Compiling[0m sync_wrapper v1.0.2
2026-06-11T11:48:06.6934923Z [1m[92m   Compiling[0m uuid v1.23.3
2026-06-11T11:48:06.7230985Z [1m[92m   Compiling[0m tower-layer v0.3.3
2026-06-11T11:48:06.7274482Z [1m[92m   Compiling[0m idna_adapter v1.2.2
2026-06-11T11:48:06.8885767Z [1m[92m   Compiling[0m getrandom v0.4.2
2026-06-11T11:48:07.0697916Z [1m[92m   Compiling[0m ppv-lite86 v0.2.21
2026-06-11T11:48:07.0699175Z [1m[92m   Compiling[0m rustix v1.1.4
2026-06-11T11:48:07.1635730Z [1m[92m   Compiling[0m idna v1.1.0
2026-06-11T11:48:07.1674254Z [1m[92m   Compiling[0m tower v0.5.3
2026-06-11T11:48:07.3854441Z [1m[92m   Compiling[0m prost-types v0.14.4
2026-06-11T11:48:07.4341491Z [1m[92m   Compiling[0m lazy_static v1.5.0
2026-06-11T11:48:07.4919260Z [1m[92m   Compiling[0m rand_chacha v0.9.0
2026-06-11T11:48:07.5378704Z [1m[92m   Compiling[0m zeroize v1.8.2
2026-06-11T11:48:07.6356126Z [1m[92m   Compiling[0m fixedbitset v0.5.7
2026-06-11T11:48:07.8217472Z [1m[92m   Compiling[0m powerfmt v0.2.0
2026-06-11T11:48:07.8722454Z [1m[92m   Compiling[0m typenum v1.20.1
2026-06-11T11:48:07.8786633Z [1m[92m   Compiling[0m strsim v0.11.1
2026-06-11T11:48:07.9305703Z [1m[92m   Compiling[0m rand v0.9.4
2026-06-11T11:48:07.9444103Z [1m[92m   Compiling[0m url v2.5.8
2026-06-11T11:48:08.0047218Z [1m[92m   Compiling[0m deranged v0.5.8
2026-06-11T11:48:08.4391767Z [1m[92m   Compiling[0m cmake v0.1.58
2026-06-11T11:48:08.4906279Z [1m[92m   Compiling[0m fastrand v2.4.1
2026-06-11T11:48:08.5006270Z [1m[92m   Compiling[0m hybrid-array v0.4.12
2026-06-11T11:48:08.5118700Z [1m[92m   Compiling[0m time-core v0.1.8
2026-06-11T11:48:08.5875207Z [1m[92m   Compiling[0m dunce v1.0.5
2026-06-11T11:48:08.7085957Z [1m[92m   Compiling[0m num-conv v0.2.2
2026-06-11T11:48:08.8005699Z [1m[92m   Compiling[0m cpufeatures v0.3.0
2026-06-11T11:48:08.8645452Z [1m[92m   Compiling[0m rand_core v0.10.1
2026-06-11T11:48:08.8694337Z [1m[92m   Compiling[0m aws-lc-sys v0.41.0
2026-06-11T11:48:08.8876419Z [1m[92m   Compiling[0m tempfile v3.27.0
2026-06-11T11:48:08.8987529Z [1m[92m   Compiling[0m rustls-pki-types v1.14.1
2026-06-11T11:48:08.9084613Z [1m[92m   Compiling[0m cmov v0.5.4
2026-06-11T11:48:08.9340598Z [1m[92m   Compiling[0m time v0.3.47
2026-06-11T11:48:09.1366316Z [1m[92m   Compiling[0m ryu v1.0.23
2026-06-11T11:48:09.2115284Z [1m[92m   Compiling[0m hex v0.4.3
2026-06-11T11:48:09.2354941Z [1m[92m   Compiling[0m multimap v0.10.1
2026-06-11T11:48:09.3215098Z [1m[92m   Compiling[0m mime v0.3.17
2026-06-11T11:48:09.4316000Z [1m[92m   Compiling[0m serde_urlencoded v0.7.1
2026-06-11T11:48:09.4470971Z [1m[92m   Compiling[0m ctutils v0.4.2
2026-06-11T11:48:09.5585228Z [1m[92m   Compiling[0m axum-core v0.5.6
2026-06-11T11:48:09.6535541Z [1m[92m   Compiling[0m chacha20 v0.10.0
2026-06-11T11:48:09.8497546Z [1m[92m   Compiling[0m crypto-common v0.2.2
2026-06-11T11:48:09.8660141Z [1m[92m   Compiling[0m block-buffer v0.12.0
2026-06-11T11:48:09.8885497Z [1m[92m   Compiling[0m tokio-stream v0.1.18
2026-06-11T11:48:10.0035132Z [1m[92m   Compiling[0m pin-project-internal v1.1.13
2026-06-11T11:48:10.0965135Z [1m[92m   Compiling[0m serde_path_to_error v0.1.20
2026-06-11T11:48:10.1695146Z [1m[92m   Compiling[0m const-oid v0.10.2
2026-06-11T11:48:10.2435007Z [1m[92m   Compiling[0m matchit v0.8.4
2026-06-11T11:48:10.3726990Z [1m[92m   Compiling[0m rand v0.10.1
2026-06-11T11:48:10.4334913Z [1m[92m   Compiling[0m digest v0.11.3
2026-06-11T11:48:10.4876657Z [1m[92m   Compiling[0m axum v0.8.9
2026-06-11T11:48:10.8325395Z [1m[92m   Compiling[0m hyper-timeout v0.5.2
2026-06-11T11:48:10.9237747Z [1m[92m   Compiling[0m tinyvec_macros v0.1.1
2026-06-11T11:48:10.9712799Z [1m[92m   Compiling[0m vcpkg v0.2.15
2026-06-11T11:48:11.2015759Z [1m[92m   Compiling[0m pkg-config v0.3.33
2026-06-11T11:48:11.2114739Z [1m[92m   Compiling[0m ident_case v1.0.1
2026-06-11T11:48:11.3430581Z [1m[92m   Compiling[0m unicode-segmentation v1.13.3
2026-06-11T11:48:11.3604743Z [1m[92m   Compiling[0m iana-time-zone v0.1.65
2026-06-11T11:48:11.3754677Z [1m[92m   Compiling[0m pin-project v1.1.13
2026-06-11T11:48:11.4082246Z [1m[92m   Compiling[0m aws-lc-rs v1.17.0
2026-06-11T11:48:11.4228030Z [1m[92m   Compiling[0m openssl-sys v0.9.116
2026-06-11T11:48:11.5916619Z [1m[92m   Compiling[0m chrono v0.4.45
2026-06-11T11:48:11.5984860Z [1m[92m   Compiling[0m tonic v0.14.6
2026-06-11T11:48:11.7168463Z [1m[92m   Compiling[0m darling_core v0.23.0
2026-06-11T11:48:11.7204309Z [1m[92m   Compiling[0m tinyvec v1.11.0
2026-06-11T11:48:12.0008690Z [1m[92m   Compiling[0m parking_lot_core v0.9.12
2026-06-11T11:48:12.1535936Z [1m[92m   Compiling[0m glob v0.3.3
2026-06-11T11:48:12.2152137Z [1m[92m   Compiling[0m home v0.5.12
2026-06-11T11:48:12.2628832Z [1m[92m   Compiling[0m rustversion v1.0.22
2026-06-11T11:48:12.3539616Z [1m[92m   Compiling[0m clang-sys v1.8.1
2026-06-11T11:48:12.3540840Z [1m[92m   Compiling[0m unicode-normalization v0.1.25
2026-06-11T11:48:12.6033936Z [1m[92m   Compiling[0m darling_macro v0.23.0
2026-06-11T11:48:12.6055044Z [1m[92m   Compiling[0m debugid v0.8.0
2026-06-11T11:48:12.6232942Z [1m[92m   Compiling[0m prost-derive v0.13.5
2026-06-11T11:48:12.7875417Z [1m[92m   Compiling[0m unicode-properties v0.1.4
2026-06-11T11:48:12.8818944Z [1m[92m   Compiling[0m rustix v0.38.44
2026-06-11T11:48:12.9196041Z [1m[92m   Compiling[0m scopeguard v1.2.0
2026-06-11T11:48:13.0105135Z [1m[92m   Compiling[0m unicode-bidi v0.3.18
2026-06-11T11:48:13.0417114Z [1m[92m   Compiling[0m crunchy v0.2.4
2026-06-11T11:48:13.0965107Z [1m[92m   Compiling[0m openssl-probe v0.2.1
2026-06-11T11:48:13.2655778Z [1m[92m   Compiling[0m stringprep v0.1.5
2026-06-11T11:48:13.2967799Z [1m[92m   Compiling[0m lock_api v0.4.14
2026-06-11T11:48:13.3804884Z [1m[92m   Compiling[0m darling v0.23.0
2026-06-11T11:48:13.4435802Z [1m[92m   Compiling[0m sentry-types v0.48.2
2026-06-11T11:48:13.9734993Z [1m[92m   Compiling[0m hmac v0.13.0
2026-06-11T11:48:14.0135087Z [1m[92m   Compiling[0m md-5 v0.11.0
2026-06-11T11:48:14.3185423Z [1m[92m   Compiling[0m sha2 v0.11.0
2026-06-11T11:48:14.3745354Z [1m[92m   Compiling[0m byteorder v1.5.0
2026-06-11T11:48:14.4794952Z [1m[92m   Compiling[0m minimal-lexical v0.2.1
2026-06-11T11:48:14.8139355Z [1m[92m   Compiling[0m tiny-keccak v2.0.2
2026-06-11T11:48:14.8194528Z [1m[92m   Compiling[0m fallible-iterator v0.2.0
2026-06-11T11:48:14.9995086Z [1m[92m   Compiling[0m object v0.37.3
2026-06-11T11:48:15.0123824Z [1m[92m   Compiling[0m pulldown-cmark v0.13.4
2026-06-11T11:48:15.0790743Z [1m[92m   Compiling[0m foldhash v0.2.0
2026-06-11T11:48:15.0935243Z [1m[92m   Compiling[0m untrusted v0.9.0
2026-06-11T11:48:15.2279930Z [1m[92m   Compiling[0m allocator-api2 v0.2.21
2026-06-11T11:48:15.2602878Z [1m[92m   Compiling[0m owo-colors v4.3.0
2026-06-11T11:48:15.2875863Z [1m[92m   Compiling[0m litrs v1.0.0
2026-06-11T11:48:15.3355003Z [1m[92m   Compiling[0m rustls v0.23.40
2026-06-11T11:48:15.3925322Z [1m[92m   Compiling[0m crossbeam-utils v0.8.21
2026-06-11T11:48:15.4828912Z [1m[92m   Compiling[0m linux-raw-sys v0.4.15
2026-06-11T11:48:15.5315556Z [1m[92m   Compiling[0m hashbrown v0.16.1
2026-06-11T11:48:15.5865402Z [1m[92m   Compiling[0m document-features v0.2.12
2026-06-11T11:48:15.7515012Z [1m[92m   Compiling[0m prost v0.13.5
2026-06-11T11:48:15.8916586Z [1m[92m   Compiling[0m postgres-protocol v0.6.11
2026-06-11T11:48:15.9918207Z [1m[92m   Compiling[0m sentry-core v0.48.2
2026-06-11T11:48:16.0231302Z [1m[92m   Compiling[0m nom v7.1.3
2026-06-11T11:48:16.2515044Z [1m[92m   Compiling[0m parking_lot v0.12.5
2026-06-11T11:48:16.5181730Z [1m[92m   Compiling[0m tonic-prost v0.14.6
2026-06-11T11:48:16.5242433Z [1m[92m   Compiling[0m postgres-derive v0.4.8
2026-06-11T11:48:16.6295496Z [1m[92m   Compiling[0m libloading v0.8.9
2026-06-11T11:48:16.6408671Z [1m[92m   Compiling[0m siphasher v1.0.3
2026-06-11T11:48:16.6493820Z [1m[92m   Compiling[0m gimli v0.32.3
2026-06-11T11:48:16.7248849Z [1m[92m   Compiling[0m bindgen v0.66.1
2026-06-11T11:48:16.8725329Z [1m[92m   Compiling[0m paste v1.0.15
2026-06-11T11:48:16.9080054Z [1m[92m   Compiling[0m foreign-types-shared v0.1.1
2026-06-11T11:48:16.9695965Z [1m[92m   Compiling[0m subtle v2.6.1
2026-06-11T11:48:17.1845796Z [1m[92m   Compiling[0m adler2 v2.0.1
2026-06-11T11:48:17.1860885Z [1m[92m   Compiling[0m openssl v0.10.80
2026-06-11T11:48:17.2535803Z [1m[92m   Compiling[0m unicase v2.9.0
2026-06-11T11:48:17.3304361Z [1m[92m   Compiling[0m foldhash v0.1.5
2026-06-11T11:48:17.4438496Z [1m[92m   Compiling[0m miniz_oxide v0.8.9
2026-06-11T11:48:17.5515588Z [1m[92m   Compiling[0m hashbrown v0.15.5
2026-06-11T11:48:17.6712564Z [1m[92m   Compiling[0m addr2line v0.25.1
2026-06-11T11:48:17.6727629Z [1m[92m   Compiling[0m postgres-types v0.2.13
2026-06-11T11:48:18.1106060Z [1m[92m   Compiling[0m foreign-types v0.3.2
2026-06-11T11:48:18.6625908Z [1m[92m   Compiling[0m phf_shared v0.13.1
2026-06-11T11:48:19.4090769Z [1m[92m   Compiling[0m cexpr v0.6.0
2026-06-11T11:48:19.4671168Z [1m[92m   Compiling[0m which v4.4.2
2026-06-11T11:48:19.8185032Z [1m[92m   Compiling[0m prost-types v0.13.5
2026-06-11T11:48:24.5376921Z [1m[92m   Compiling[0m prost-reflect v0.16.4
2026-06-11T11:48:25.5865155Z [1m[92m   Compiling[0m petgraph v0.7.1
2026-06-11T11:48:27.0309138Z [1m[92m   Compiling[0m openssl-macros v0.1.1
2026-06-11T11:48:27.3755073Z [1m[92m   Compiling[0m getrandom v0.2.17
2026-06-11T11:48:27.6384893Z [1m[92m   Compiling[0m rustc-hash v1.1.0
2026-06-11T11:48:28.4464955Z [1m[92m   Compiling[0m native-tls v0.2.18
2026-06-11T11:48:28.6304821Z [1m[92m   Compiling[0m shlex v1.3.0
2026-06-11T11:48:29.8165069Z [1m[92m   Compiling[0m lazycell v1.3.0
2026-06-11T11:48:30.5955488Z [1m[92m   Compiling[0m ucd-trie v0.1.7
2026-06-11T11:48:30.6206334Z [1m[92m   Compiling[0m typeid v1.0.3
2026-06-11T11:48:30.7245128Z [1m[92m   Compiling[0m rustc-demangle v0.1.27
2026-06-11T11:48:30.8236621Z [1m[92m   Compiling[0m peeking_take_while v0.1.2
2026-06-11T11:48:30.8835135Z [1m[92m   Compiling[0m const-random-macro v0.1.16
2026-06-11T11:48:31.2125432Z [1m[92m   Compiling[0m prost-build v0.13.5
2026-06-11T11:48:31.3091246Z [1m[92m   Compiling[0m pest v2.8.6
2026-06-11T11:48:31.6625691Z [1m[92m   Compiling[0m backtrace v0.3.76
2026-06-11T11:48:32.8533952Z [1m[92m   Compiling[0m phf v0.13.1
2026-06-11T11:48:35.5925351Z [1m[92m   Compiling[0m pulldown-cmark-to-cmark v22.0.0
2026-06-11T11:48:39.2215412Z [1m[92m   Compiling[0m petgraph v0.8.3
2026-06-11T11:48:39.7145608Z [1m[92m   Compiling[0m num-integer v0.1.46
2026-06-11T11:48:39.9924991Z [1m[92m   Compiling[0m deadpool-runtime v0.1.4
2026-06-11T11:48:40.3404562Z [1m[92m   Compiling[0m num_cpus v1.17.0
2026-06-11T11:48:40.5754897Z [1m[92m   Compiling[0m whoami v2.1.2
2026-06-11T11:48:40.6737316Z [1m[92m   Compiling[0m thiserror v1.0.69
2026-06-11T11:48:40.9555871Z [1m[92m   Compiling[0m ref-cast v1.0.25
2026-06-11T11:48:41.2005878Z [1m[92m   Compiling[0m semver v1.0.28
2026-06-11T11:48:41.5654560Z [1m[92m   Compiling[0m deadpool v0.12.3
2026-06-11T11:48:42.2082742Z [1m[92m   Compiling[0m tokio-postgres v0.7.17
2026-06-11T11:48:42.3190274Z [1m[92m   Compiling[0m prost-build v0.14.4
2026-06-11T11:48:42.5095116Z [1m[92m   Compiling[0m rustc_version v0.4.1
2026-06-11T11:48:43.8603304Z [1m[92m   Compiling[0m pg_query v6.1.1
2026-06-11T11:48:44.3989119Z [1m[92m   Compiling[0m sentry-backtrace v0.48.2
2026-06-11T11:48:44.6985242Z [1m[92m   Compiling[0m pest_meta v2.8.6
2026-06-11T11:48:45.1175070Z [1m[92m   Compiling[0m const-random v0.1.18
2026-06-11T11:48:47.4224990Z [1m[92m   Compiling[0m matchers v0.2.0
2026-06-11T11:48:47.4317182Z [1m[92m   Compiling[0m sharded-slab v0.1.7
2026-06-11T11:48:47.4483332Z [1m[92m   Compiling[0m ureq-proto v0.6.0
2026-06-11T11:48:47.5455281Z [1m[92m   Compiling[0m tracing-log v0.2.0
2026-06-11T11:48:47.5625091Z [1m[92m   Compiling[0m ref-cast-impl v1.0.25
2026-06-11T11:48:47.7645360Z [1m[92m   Compiling[0m thiserror-impl v1.0.69
2026-06-11T11:48:48.1864352Z [1m[92m   Compiling[0m findshlibs v0.10.2
2026-06-11T11:48:48.4404882Z [1m[92m   Compiling[0m thread_local v1.1.9
2026-06-11T11:48:48.6305233Z [1m[92m   Compiling[0m utf8parse v0.2.2
2026-06-11T11:48:48.9321973Z [1m[92m   Compiling[0m utf8-zero v0.8.1
2026-06-11T11:48:49.3395183Z [1m[92m   Compiling[0m erased-serde v0.4.10
2026-06-11T11:48:49.3696171Z [1m[92m   Compiling[0m nu-ansi-term v0.50.3
2026-06-11T11:48:49.3904085Z [1m[92m   Compiling[0m portable-atomic v1.13.1
2026-06-11T11:48:49.5526749Z [1m[92m   Compiling[0m bollard-buildkit-proto v0.7.0
2026-06-11T11:48:49.6605004Z [1m[92m   Compiling[0m anstyle-parse v1.0.0
2026-06-11T11:48:49.9655217Z [1m[92m   Compiling[0m deadpool-postgres v0.14.1
2026-06-11T11:48:49.9895159Z [1m[92m   Compiling[0m pest_generator v2.8.6
2026-06-11T11:48:50.1653152Z [1m[92m   Compiling[0m dlv-list v0.5.2
2026-06-11T11:48:50.1764503Z [1m[92m   Compiling[0m tracing-subscriber v0.3.23
2026-06-11T11:48:50.3156070Z [1m[92m   Compiling[0m proto-types v0.2.2
2026-06-11T11:48:51.6455230Z [1m[92m   Compiling[0m tokio-native-tls v0.3.1
2026-06-11T11:48:51.8425570Z [1m[92m   Compiling[0m sentry-contexts v0.48.2
2026-06-11T11:48:52.4544985Z [1m[92m   Compiling[0m num-bigint v0.4.6
2026-06-11T11:48:54.9404140Z [1m[92m   Compiling[0m bon-macros v3.9.1
2026-06-11T11:48:55.7677662Z [1m[92m   Compiling[0m rapidhash v4.4.1
2026-06-11T11:48:56.2205065Z [1m[92m   Compiling[0m convert_case v0.10.0
2026-06-11T11:48:57.2308373Z [1m[92m   Compiling[0m similar v2.7.0
2026-06-11T11:48:57.6515127Z [1m[92m   Compiling[0m tonic-build v0.14.6
2026-06-11T11:48:57.7866507Z [1m[92m   Compiling[0m raw-cpuid v11.6.0
2026-06-11T11:49:00.2284935Z [1m[92m   Compiling[0m structmeta-derive v0.3.0
2026-06-11T11:49:00.7848504Z [1m[92m   Compiling[0m syn-utils v0.5.0
2026-06-11T11:49:01.4284928Z [1m[92m   Compiling[0m itertools v0.10.5
2026-06-11T11:49:01.8190311Z [1m[92m   Compiling[0m console v0.15.11
2026-06-11T11:49:02.2575057Z [1m[92m   Compiling[0m borrow-or-share v0.2.4
2026-06-11T11:49:02.3305162Z [1m[92m   Compiling[0m crc32fast v1.5.0
2026-06-11T11:49:02.3525318Z [1m[92m   Compiling[0m bool-enum v0.1.1
2026-06-11T11:49:02.4235389Z [1m[92m   Compiling[0m winnow v1.0.3
2026-06-11T11:49:02.6004831Z [1m[92m   Compiling[0m is_terminal_polyfill v1.70.2
2026-06-11T11:49:02.8545197Z [1m[92m   Compiling[0m hashbrown v0.14.5
2026-06-11T11:49:02.8845656Z [1m[92m   Compiling[0m anstyle v1.0.14
2026-06-11T11:49:02.9518468Z [1m[92m   Compiling[0m anstyle-query v1.1.5
2026-06-11T11:49:03.1655229Z [1m[92m   Compiling[0m cfg_aliases v0.2.1
2026-06-11T11:49:03.4023985Z [1m[92m   Compiling[0m colorchoice v1.0.5
2026-06-11T11:49:03.4335273Z [1m[92m   Compiling[0m ordered-multimap v0.7.3
2026-06-11T11:49:03.5299835Z [1m[92m   Compiling[0m anstream v1.0.0
2026-06-11T11:49:03.5335399Z [1m[92m   Compiling[0m sentry v0.48.2
2026-06-11T11:49:03.5514972Z [1m[92m   Compiling[0m quanta v0.12.6
2026-06-11T11:49:03.6435476Z [1m[92m   Compiling[0m toml_parser v1.1.2+spec-1.1.0
2026-06-11T11:49:03.7275389Z [1m[92m   Compiling[0m protify-proc-macro v0.1.4
2026-06-11T11:49:03.7874152Z [1m[92m   Compiling[0m fluent-uri v0.4.1
2026-06-11T11:49:03.8820721Z [1m[92m   Compiling[0m similar-asserts v1.7.0
2026-06-11T11:49:03.9005994Z [1m[92m   Compiling[0m tonic-prost-build v0.14.6
2026-06-11T11:49:04.0225006Z [1m[92m   Compiling[0m structmeta v0.3.0
2026-06-11T11:49:04.1467389Z [1m[92m   Compiling[0m bon v3.9.1
2026-06-11T11:49:04.1805062Z [1m[92m   Compiling[0m num-rational v0.4.2
2026-06-11T11:49:04.2135066Z [1m[92m   Compiling[0m metrics v0.24.6
2026-06-11T11:49:04.3225188Z [1m[92m   Compiling[0m hyper-tls v0.6.0
2026-06-11T11:49:04.5309048Z [1m[92m   Compiling[0m pest_derive v2.8.6
2026-06-11T11:49:04.9005313Z [1m[92m   Compiling[0m protify-build v0.1.4
2026-06-11T11:49:05.0994773Z [1m[92m   Compiling[0m num-iter v0.1.45
2026-06-11T11:49:05.1564927Z [1m[92m   Compiling[0m left-right v0.11.7
2026-06-11T11:49:05.3305230Z [1m[92m   Compiling[0m crossbeam-epoch v0.9.18
2026-06-11T11:49:05.4225107Z [1m[92m   Compiling[0m hashlink v0.11.1
2026-06-11T11:49:05.9015001Z [1m[92m   Compiling[0m tower-http v0.6.11
2026-06-11T11:49:05.9625020Z [1m[92m   Compiling[0m rand_xoshiro v0.7.0
2026-06-11T11:49:06.3405668Z [1m[92m   Compiling[0m ordered-float v5.3.0
2026-06-11T11:49:06.4184977Z [1m[92m   Compiling[0m num-complex v0.4.6
2026-06-11T11:49:06.5384855Z [1m[92m   Compiling[0m async-stream-impl v0.3.6
2026-06-11T11:49:06.6750115Z [1m[92m   Compiling[0m serde_repr v0.1.20
2026-06-11T11:49:06.8194667Z [1m[92m   Compiling[0m hostname v0.4.2
2026-06-11T11:49:07.1015206Z [1m[92m   Compiling[0m uname v0.1.1
2026-06-11T11:49:07.3035035Z [1m[92m   Compiling[0m serde_spanned v1.1.1
2026-06-11T11:49:07.3405033Z [1m[92m   Compiling[0m toml_datetime v1.1.1+spec-1.1.0
2026-06-11T11:49:07.5725428Z [1m[92m   Compiling[0m encoding_rs v0.8.35
2026-06-11T11:49:07.6655114Z [1m[92m   Compiling[0m metrics-exporter-prometheus v0.18.3
2026-06-11T11:49:07.8475398Z [1m[92m   Compiling[0m rust_decimal v1.42.0
2026-06-11T11:49:07.8675707Z [1m[92m   Compiling[0m clap_lex v1.1.0
2026-06-11T11:49:08.0587494Z [1m[92m   Compiling[0m arraydeque v0.5.1
2026-06-11T11:49:08.1600014Z [1m[92m   Compiling[0m float_eq v1.0.1
2026-06-11T11:49:08.1694611Z [1m[92m   Compiling[0m sketches-ddsketch v0.3.1
2026-06-11T11:49:08.3715388Z [1m[92m   Compiling[0m hashbag v0.1.13
2026-06-11T11:49:08.3839508Z [1m[92m   Compiling[0m metrics-util v0.20.4
2026-06-11T11:49:08.4245117Z [1m[92m   Compiling[0m protify v0.1.4
2026-06-11T11:49:08.4455089Z [1m[92m   Compiling[0m yaml-rust2 v0.11.0
2026-06-11T11:49:08.5191161Z [1m[92m   Compiling[0m evmap v11.0.0
2026-06-11T11:49:08.7355009Z [1m[92m   Compiling[0m clap_builder v4.6.0
2026-06-11T11:49:08.9125203Z [1m[92m   Compiling[0m toml v1.1.2+spec-1.1.0
2026-06-11T11:49:09.0884998Z [1m[92m   Compiling[0m async-stream v0.3.6
2026-06-11T11:49:09.1795685Z [1m[92m   Compiling[0m num v0.4.3
2026-06-11T11:49:09.1921689Z [1m[92m   Compiling[0m reqwest v0.13.4
2026-06-11T11:49:09.2834022Z [1m[92m   Compiling[0m eth-grpc-server v0.1.0 (/home/runner/work/java-monorepo/java-monorepo/backend-rust/eth-grpc-server)
2026-06-11T11:49:09.3727739Z [1m[92m   Compiling[0m serde-untagged v0.1.9
2026-06-11T11:49:09.3957786Z [1m[92m   Compiling[0m sentry-debug-images v0.48.2
2026-06-11T11:49:09.5896841Z [1m[92m   Compiling[0m json5 v0.4.1
2026-06-11T11:49:09.6385066Z [1m[92m   Compiling[0m parse-display-derive v0.9.1
2026-06-11T11:49:10.0079839Z [1m[92m   Compiling[0m rust-ini v0.21.3
2026-06-11T11:49:10.0625259Z [1m[92m   Compiling[0m sentry-tracing v0.48.2
2026-06-11T11:49:10.1139005Z [1m[92m   Compiling[0m ron v0.12.1
2026-06-11T11:49:10.2435061Z [1m[92m   Compiling[0m sentry-anyhow v0.48.2
2026-06-11T11:49:10.3929183Z [1m[92m   Compiling[0m sentry-panic v0.48.2
2026-06-11T11:49:10.4305156Z [1m[92m   Compiling[0m crossterm v0.29.0
2026-06-11T11:49:10.6445302Z [1m[92m   Compiling[0m xattr v1.6.1
2026-06-11T11:49:10.6985227Z [1m[92m   Compiling[0m serde_with_macros v3.21.0
2026-06-11T11:49:10.9195082Z [1m[92m   Compiling[0m rustls-native-certs v0.8.4
2026-06-11T11:49:11.0477467Z [1m[92m   Compiling[0m convert_case v0.6.0
2026-06-11T11:49:11.2254991Z [1m[92m   Compiling[0m hyperlocal v0.9.1
2026-06-11T11:49:11.3384995Z [1m[92m   Compiling[0m clap_derive v4.6.1
2026-06-11T11:49:11.5705347Z [1m[92m   Compiling[0m futures-executor v0.3.32
2026-06-11T11:49:11.6575426Z [1m[92m   Compiling[0m schemalane-macros v0.1.0 (https://github.com/donbeave/schemalane?branch=main#dd0d79d8)
2026-06-11T11:49:11.8744867Z [1m[92m   Compiling[0m filetime v0.2.29
2026-06-11T11:49:12.1375215Z [1m[92m   Compiling[0m arrayvec v0.7.6
2026-06-11T11:49:12.3434861Z [1m[92m   Compiling[0m unicode-width v0.2.2
2026-06-11T11:49:12.4169051Z [1m[92m   Compiling[0m rustc-hash v2.1.2
2026-06-11T11:49:12.4364706Z [1m[92m   Compiling[0m pathdiff v0.2.3
2026-06-11T11:49:12.7653822Z [1m[92m   Compiling[0m config v0.15.23
2026-06-11T11:49:12.7717474Z [1m[92m   Compiling[0m comfy-table v7.2.2
2026-06-11T11:49:12.8805320Z [1m[92m   Compiling[0m astral-tokio-tar v0.6.2
2026-06-11T11:49:13.1755530Z [1m[92m   Compiling[0m serde_with v3.21.0
2026-06-11T11:49:13.2661567Z [1m[92m   Compiling[0m futures v0.3.32
2026-06-11T11:49:13.5985792Z [1m[92m   Compiling[0m parse-display v0.9.1
2026-06-11T11:49:13.8695656Z [1m[92m   Compiling[0m clap v4.6.1
2026-06-11T11:49:13.9716949Z [1m[92m   Compiling[0m tracing-request-level v0.1.0 (https://github.com/donbeave/tracing-request-level?rev=aeaca706ae0485066cdfc20c65f999a3d2980b96#aeaca706)
2026-06-11T11:49:14.0555206Z [1m[92m   Compiling[0m ferroid v2.0.0
2026-06-11T11:49:14.5855407Z [1m[92m   Compiling[0m tonic-reflection v0.14.6
2026-06-11T11:49:14.9365202Z [1m[92m   Compiling[0m tonic-health v0.14.6
2026-06-11T11:49:15.0354929Z [1m[92m   Compiling[0m docker_credential v1.4.0
2026-06-11T11:49:16.1465156Z [1m[92m   Compiling[0m etcetera v0.11.0
2026-06-11T11:49:16.5196663Z [1m[92m   Compiling[0m dotenvy v0.15.7
2026-06-11T11:49:56.9308645Z [1m[92m   Compiling[0m pg_query_fmt v0.1.3 (https://github.com/donbeave/schemalane?branch=main#dd0d79d8)
2026-06-11T11:49:58.7415883Z [1m[92m   Compiling[0m schemalane-core v0.1.20 (https://github.com/donbeave/schemalane?branch=main#dd0d79d8)
2026-06-11T11:50:00.2495614Z [1m[92m   Compiling[0m schemalane-cli v0.1.26 (https://github.com/donbeave/schemalane?branch=main#dd0d79d8)
2026-06-11T11:50:00.8315596Z [1m[92m   Compiling[0m eth-migration v0.1.0 (/home/runner/work/java-monorepo/java-monorepo/backend-rust/eth-migration)
2026-06-11T11:50:05.1711656Z [1m[92m   Compiling[0m rustls-webpki v0.103.13
2026-06-11T11:50:05.7556445Z [1m[92m   Compiling[0m ureq v3.3.0
2026-06-11T11:50:05.7567876Z [1m[92m   Compiling[0m tokio-rustls v0.26.4
2026-06-11T11:50:05.8920968Z [1m[92m   Compiling[0m hyper-rustls v0.27.9
2026-06-11T11:50:06.4815302Z [1m[92m   Compiling[0m bollard-stubs v1.52.1-rc.29.1.3
2026-06-11T11:50:07.8841933Z [1m[92m   Compiling[0m bollard v0.20.2
2026-06-11T11:50:08.4315265Z [1m[92m   Compiling[0m testcontainers v0.27.3
2026-06-11T11:50:08.7207499Z [1m[92m   Compiling[0m testcontainers-modules v0.15.0
2026-06-11T11:51:31.1888589Z [1m[92m    Finished[0m `test` profile [unoptimized + debuginfo] target(s) in 3m 39s
2026-06-11T11:51:32.9939315Z ────────────
2026-06-11T11:51:32.9940096Z [32;1m Nextest run[0m ID [1ma635f8b1-d6d1-4472-9b40-e6bcff745256[0m with nextest profile: [1mci[0m
2026-06-11T11:51:32.9941061Z [32;1m    Starting[0m [1m90[0m tests across [1m12[0m binaries
2026-06-11T11:51:33.0360208Z [32;1m        PASS[0m [   0.007s] ( 1/90) [35;1meth-grpc-server[0m [36mgrpc::admin_proto[0m[36m::[0m[34;1mget_log_level_response_validators_consistency[0m
2026-06-11T11:51:33.0362627Z [32;1m        PASS[0m [   0.009s] ( 2/90) [35;1meth-grpc-server[0m [36mgrpc::admin_proto[0m[36m::[0m[34;1mget_log_level_request_validators_consistency[0m
2026-06-11T11:51:33.0379898Z [32;1m        PASS[0m [   0.007s] ( 3/90) [35;1meth-grpc-server[0m [36mgrpc::admin_proto[0m[36m::[0m[34;1mset_log_level_request_validators_consistency[0m
2026-06-11T11:51:33.0382342Z [32;1m        PASS[0m [   0.007s] ( 4/90) [35;1meth-grpc-server[0m [36mgrpc::admin_proto[0m[36m::[0m[34;1mset_log_level_response_validators_consistency[0m
2026-06-11T11:51:33.0386278Z [32;1m        PASS[0m [   0.007s] ( 5/90) [35;1meth-grpc-server[0m [36mgrpc::proto[0m[36m::[0m[34;1meth_account_validators_consistency[0m
2026-06-11T11:51:33.0388350Z [32;1m        PASS[0m [   0.009s] ( 6/90) [35;1meth-grpc-server[0m [36mgrpc::proto[0m[36m::[0m[34;1meth_asset_validators_consistency[0m
2026-06-11T11:51:33.0405292Z [32;1m        PASS[0m [   0.007s] ( 7/90) [35;1meth-grpc-server[0m [36mgrpc::proto[0m[36m::[0m[34;1meth_block_validators_consistency[0m
2026-06-11T11:51:33.0407378Z [32;1m        PASS[0m [   0.008s] ( 8/90) [35;1meth-grpc-server[0m [36mgrpc::proto[0m[36m::[0m[34;1meth_event_log_validators_consistency[0m
2026-06-11T11:51:33.0409559Z [32;1m        PASS[0m [   0.007s] ( 9/90) [35;1meth-grpc-server[0m [36mgrpc::proto[0m[36m::[0m[34;1meth_network_verification_validators_consistency[0m
2026-06-11T11:51:33.0411813Z [32;1m        PASS[0m [   0.009s] (10/90) [35;1meth-grpc-server[0m [36mgrpc::proto[0m[36m::[0m[34;1meth_signature_validators_consistency[0m
2026-06-11T11:51:33.0415498Z [32;1m        PASS[0m [   0.008s] (11/90) [35;1meth-grpc-server[0m [36mgrpc::proto[0m[36m::[0m[34;1meth_transaction_validators_consistency[0m
2026-06-11T11:51:33.0465931Z [32;1m        PASS[0m [   0.008s] (12/90) [35;1meth-grpc-server[0m [36mgrpc::proto[0m[36m::[0m[34;1meth_transfer_row_validators_consistency[0m
2026-06-11T11:51:33.0493393Z [32;1m        PASS[0m [   0.009s] (13/90) [35;1meth-grpc-server[0m [36mgrpc::proto[0m[36m::[0m[34;1meth_transfer_validators_consistency[0m
2026-06-11T11:51:33.0542713Z [32;1m        PASS[0m [   0.007s] (14/90) [35;1meth-grpc-server[0m [36mgrpc::proto::get_account_request[0m[36m::[0m[34;1midentifier_validators_consistency[0m
2026-06-11T11:51:33.0594847Z [32;1m        PASS[0m [   0.007s] (15/90) [35;1meth-grpc-server[0m [36mgrpc::proto[0m[36m::[0m[34;1mget_account_request_validators_consistency[0m
2026-06-11T11:51:33.0621481Z [32;1m        PASS[0m [   0.008s] (16/90) [35;1meth-grpc-server[0m [36mgrpc::proto[0m[36m::[0m[34;1mget_account_response_validators_consistency[0m
2026-06-11T11:51:33.0636422Z [32;1m        PASS[0m [   0.007s] (17/90) [35;1meth-grpc-server[0m [36mgrpc::proto::get_asset_request[0m[36m::[0m[34;1midentifier_validators_consistency[0m
2026-06-11T11:51:33.0696169Z [32;1m        PASS[0m [   0.007s] (18/90) [35;1meth-grpc-server[0m [36mgrpc::proto[0m[36m::[0m[34;1mget_asset_request_validators_consistency[0m
2026-06-11T11:51:33.0725048Z [32;1m        PASS[0m [   0.009s] (19/90) [35;1meth-grpc-server[0m [36mgrpc::proto[0m[36m::[0m[34;1mget_asset_response_validators_consistency[0m
2026-06-11T11:51:33.0787293Z [32;1m        PASS[0m [   0.008s] (20/90) [35;1meth-grpc-server[0m [36mgrpc::proto::get_block_request[0m[36m::[0m[34;1midentifier_validators_consistency[0m
2026-06-11T11:51:33.0815178Z [32;1m        PASS[0m [   0.008s] (21/90) [35;1meth-grpc-server[0m [36mgrpc::proto[0m[36m::[0m[34;1mget_block_request_validators_consistency[0m
2026-06-11T11:51:33.0845104Z [32;1m        PASS[0m [   0.007s] (22/90) [35;1meth-grpc-server[0m [36mgrpc::proto[0m[36m::[0m[34;1mget_block_response_validators_consistency[0m
2026-06-11T11:51:33.0882028Z [32;1m        PASS[0m [   0.008s] (23/90) [35;1meth-grpc-server[0m [36mgrpc::proto[0m[36m::[0m[34;1mget_event_log_request_validators_consistency[0m
2026-06-11T11:51:33.0912200Z [32;1m        PASS[0m [   0.007s] (24/90) [35;1meth-grpc-server[0m [36mgrpc::proto[0m[36m::[0m[34;1mget_event_log_response_validators_consistency[0m
2026-06-11T11:51:33.0971436Z [32;1m        PASS[0m [   0.009s] (25/90) [35;1meth-grpc-server[0m [36mgrpc::proto[0m[36m::[0m[34;1mget_network_verification_request_validators_consistency[0m
2026-06-11T11:51:33.0980761Z [32;1m        PASS[0m [   0.007s] (26/90) [35;1meth-grpc-server[0m [36mgrpc::proto[0m[36m::[0m[34;1mget_network_verification_response_validators_consistency[0m
2026-06-11T11:51:33.1047347Z [32;1m        PASS[0m [   0.007s] (27/90) [35;1meth-grpc-server[0m [36mgrpc::proto[0m[36m::[0m[34;1mget_signature_request_validators_consistency[0m
2026-06-11T11:51:33.1066622Z [32;1m        PASS[0m [   0.009s] (28/90) [35;1meth-grpc-server[0m [36mgrpc::proto::get_signature_request[0m[36m::[0m[34;1midentifier_validators_consistency[0m
2026-06-11T11:51:33.1119837Z [32;1m        PASS[0m [   0.007s] (29/90) [35;1meth-grpc-server[0m [36mgrpc::proto[0m[36m::[0m[34;1mget_signature_response_validators_consistency[0m
2026-06-11T11:51:33.1146767Z [32;1m        PASS[0m [   0.008s] (30/90) [35;1meth-grpc-server[0m [36mgrpc::proto::get_transaction_request[0m[36m::[0m[34;1midentifier_validators_consistency[0m
2026-06-11T11:51:33.1205576Z [32;1m        PASS[0m [   0.006s] (31/90) [35;1meth-grpc-server[0m [36mgrpc::proto[0m[36m::[0m[34;1mget_transaction_response_validators_consistency[0m
2026-06-11T11:51:33.1225172Z [32;1m        PASS[0m [   0.009s] (32/90) [35;1meth-grpc-server[0m [36mgrpc::proto[0m[36m::[0m[34;1mget_transaction_request_validators_consistency[0m
2026-06-11T11:51:33.1276453Z [32;1m        PASS[0m [   0.007s] (33/90) [35;1meth-grpc-server[0m [36mgrpc::proto[0m[36m::[0m[34;1mget_transfer_request_validators_consistency[0m
2026-06-11T11:51:33.1286741Z [32;1m        PASS[0m [   0.007s] (34/90) [35;1meth-grpc-server[0m [36mgrpc::proto[0m[36m::[0m[34;1mget_transfer_response_validators_consistency[0m
2026-06-11T11:51:33.1351624Z [32;1m        PASS[0m [   0.006s] (35/90) [35;1meth-grpc-server[0m [36mgrpc::proto[0m[36m::[0m[34;1mget_wallet_stats_response_validators_consistency[0m
2026-06-11T11:51:33.1357237Z [32;1m        PASS[0m [   0.008s] (36/90) [35;1meth-grpc-server[0m [36mgrpc::proto[0m[36m::[0m[34;1mget_wallet_stats_request_validators_consistency[0m
2026-06-11T11:51:33.1438321Z [32;1m        PASS[0m [   0.006s] (37/90) [35;1meth-grpc-server[0m [36mgrpc::proto[0m[36m::[0m[34;1mlist_assets_by_account_response_validators_consistency[0m
2026-06-11T11:51:33.1440501Z [32;1m        PASS[0m [   0.008s] (38/90) [35;1meth-grpc-server[0m [36mgrpc::proto[0m[36m::[0m[34;1mlist_assets_by_account_request_validators_consistency[0m
2026-06-11T11:51:33.1491870Z [32;1m        PASS[0m [   0.007s] (39/90) [35;1meth-grpc-server[0m [36mgrpc::proto[0m[36m::[0m[34;1mlist_event_logs_by_transaction_request_validators_consistency[0m
2026-06-11T11:51:33.1508594Z [32;1m        PASS[0m [   0.007s] (40/90) [35;1meth-grpc-server[0m [36mgrpc::proto[0m[36m::[0m[34;1mlist_event_logs_by_transaction_response_validators_consistency[0m
2026-06-11T11:51:33.1574859Z [32;1m        PASS[0m [   0.006s] (41/90) [35;1meth-grpc-server[0m [36mgrpc::proto[0m[36m::[0m[34;1mlist_transactions_by_block_response_validators_consistency[0m
2026-06-11T11:51:33.1593224Z [32;1m        PASS[0m [   0.010s] (42/90) [35;1meth-grpc-server[0m [36mgrpc::proto[0m[36m::[0m[34;1mlist_transactions_by_block_request_validators_consistency[0m
2026-06-11T11:51:33.1645586Z [32;1m        PASS[0m [   0.007s] (43/90) [35;1meth-grpc-server[0m [36mgrpc::proto[0m[36m::[0m[34;1mlist_transfers_by_address_request_validators_consistency[0m
2026-06-11T11:51:33.1675283Z [32;1m        PASS[0m [   0.008s] (44/90) [35;1meth-grpc-server[0m [36mgrpc::proto[0m[36m::[0m[34;1mlist_transfers_by_address_response_validators_consistency[0m
2026-06-11T11:51:33.1725326Z [32;1m        PASS[0m [   0.007s] (45/90) [35;1meth-grpc-server[0m [36mgrpc::proto[0m[36m::[0m[34;1mlist_transfers_by_transaction_request_validators_consistency[0m
2026-06-11T11:51:33.1789718Z [32;1m        PASS[0m [   0.010s] (46/90) [35;1meth-grpc-server[0m [36mgrpc::proto[0m[36m::[0m[34;1mlist_transfers_by_transaction_response_validators_consistency[0m
2026-06-11T11:51:43.9413240Z [32;1m        PASS[0m [  10.767s] (47/90) [35;1meth-grpc-server::eth_account_test[0m [34;1mtest_get_account_by_address[0m
2026-06-11T11:51:43.9955971Z [32;1m        PASS[0m [  10.817s] (48/90) [35;1meth-grpc-server::eth_account_test[0m [34;1mtest_get_account_by_row_id[0m
2026-06-11T11:51:47.3205802Z [32;1m        PASS[0m [   3.325s] (49/90) [35;1meth-grpc-server::eth_account_test[0m [34;1mtest_get_account_not_found[0m
2026-06-11T11:51:47.3566403Z [32;1m        PASS[0m [   3.418s] (50/90) [35;1meth-grpc-server::eth_account_test[0m [34;1mtest_get_account_missing_identifier[0m
2026-06-11T11:51:50.7079977Z [32;1m        PASS[0m [   3.351s] (51/90) [35;1meth-grpc-server::eth_asset_test[0m [34;1mtest_get_asset_by_row_id[0m
2026-06-11T11:51:50.7595271Z [32;1m        PASS[0m [   3.439s] (52/90) [35;1meth-grpc-server::eth_asset_test[0m [34;1mtest_get_asset_by_name[0m
2026-06-11T11:51:53.8625153Z [32;1m        PASS[0m [   3.153s] (53/90) [35;1meth-grpc-server::eth_asset_test[0m [34;1mtest_get_asset_missing_identifier[0m
2026-06-11T11:51:54.0917603Z [32;1m        PASS[0m [   3.322s] (54/90) [35;1meth-grpc-server::eth_asset_test[0m [34;1mtest_get_asset_not_found[0m
2026-06-11T11:51:57.1446553Z [32;1m        PASS[0m [   3.282s] (55/90) [35;1meth-grpc-server::eth_asset_test[0m [34;1mtest_list_assets_by_account[0m
2026-06-11T11:51:57.3325833Z [32;1m        PASS[0m [   3.251s] (56/90) [35;1meth-grpc-server::eth_asset_test[0m [34;1mtest_list_assets_by_account_empty[0m
2026-06-11T11:52:00.3752959Z [32;1m        PASS[0m [   3.231s] (57/90) [35;1meth-grpc-server::eth_block_test[0m [34;1mtest_get_block_by_hash[0m
2026-06-11T11:52:00.5985903Z [32;1m        PASS[0m [   3.261s] (58/90) [35;1meth-grpc-server::eth_block_test[0m [34;1mtest_get_block_by_index[0m
2026-06-11T11:52:03.6936792Z [32;1m        PASS[0m [   3.318s] (59/90) [35;1meth-grpc-server::eth_block_test[0m [34;1mtest_get_block_by_row_id[0m
2026-06-11T11:52:03.8234299Z [32;1m        PASS[0m [   3.230s] (60/90) [35;1meth-grpc-server::eth_block_test[0m [34;1mtest_get_block_missing_identifier[0m
2026-06-11T11:52:06.9445540Z [32;1m        PASS[0m [   3.250s] (61/90) [35;1meth-grpc-server::eth_block_test[0m [34;1mtest_get_block_not_found[0m
2026-06-11T11:52:07.1605328Z [32;1m        PASS[0m [   3.337s] (62/90) [35;1meth-grpc-server::eth_event_log_test[0m [34;1mtest_get_event_log_by_row_id[0m
2026-06-11T11:52:10.3287517Z [32;1m        PASS[0m [   3.386s] (63/90) [35;1meth-grpc-server::eth_event_log_test[0m [34;1mtest_get_event_log_not_found[0m
2026-06-11T11:52:10.4634239Z [32;1m        PASS[0m [   3.303s] (64/90) [35;1meth-grpc-server::eth_event_log_test[0m [34;1mtest_list_event_logs_by_transaction[0m
2026-06-11T11:52:13.6186945Z [32;1m        PASS[0m [   3.290s] (65/90) [35;1meth-grpc-server::eth_event_log_test[0m [34;1mtest_list_event_logs_by_transaction_empty[0m
2026-06-11T11:52:13.6863328Z [32;1m        PASS[0m [   3.222s] (66/90) [35;1meth-grpc-server::eth_event_log_test[0m [34;1mtest_list_event_logs_by_transaction_invalid_uuid[0m
2026-06-11T11:52:17.0894280Z [32;1m        PASS[0m [   3.471s] (67/90) [35;1meth-grpc-server::eth_list_transfers_by_address_test[0m [34;1mlist_transfers_by_address_respects_limit[0m
2026-06-11T11:52:17.1791080Z [32;1m        PASS[0m [   3.492s] (68/90) [35;1meth-grpc-server::eth_list_transfers_by_address_test[0m [34;1mlist_transfers_by_address_respects_time_window[0m
2026-06-11T11:52:20.4850084Z [32;1m        PASS[0m [   3.395s] (69/90) [35;1meth-grpc-server::eth_list_transfers_by_address_test[0m [34;1mlist_transfers_by_address_returns_denormalized_rows[0m
2026-06-11T11:52:20.5968443Z [32;1m        PASS[0m [   3.417s] (70/90) [35;1meth-grpc-server::eth_network_verification_test[0m [34;1mtest_get_network_verification_by_row_id[0m
2026-06-11T11:52:23.8587024Z [32;1m        PASS[0m [   3.373s] (71/90) [35;1meth-grpc-server::eth_network_verification_test[0m [34;1mtest_get_network_verification_not_found[0m
2026-06-11T11:52:24.0037429Z [32;1m        PASS[0m [   3.407s] (72/90) [35;1meth-grpc-server::eth_signature_test[0m [34;1mtest_get_signature_by_method_id[0m
2026-06-11T11:52:27.2248090Z [32;1m        PASS[0m [   3.366s] (73/90) [35;1meth-grpc-server::eth_signature_test[0m [34;1mtest_get_signature_by_row_id[0m
2026-06-11T11:52:27.3635966Z [32;1m        PASS[0m [   3.350s] (74/90) [35;1meth-grpc-server::eth_signature_test[0m [34;1mtest_get_signature_missing_identifier[0m
2026-06-11T11:52:30.4057852Z [32;1m        PASS[0m [   3.179s] (75/90) [35;1meth-grpc-server::eth_signature_test[0m [34;1mtest_get_signature_not_found[0m
2026-06-11T11:52:30.5784462Z [32;1m        PASS[0m [   3.223s] (76/90) [35;1meth-grpc-server::eth_transaction_test[0m [34;1mtest_get_transaction_by_hash[0m
2026-06-11T11:52:33.5840875Z [32;1m        PASS[0m [   3.180s] (77/90) [35;1meth-grpc-server::eth_transaction_test[0m [34;1mtest_get_transaction_by_row_id[0m
2026-06-11T11:52:33.7084174Z [32;1m        PASS[0m [   3.128s] (78/90) [35;1meth-grpc-server::eth_transaction_test[0m [34;1mtest_get_transaction_missing_identifier[0m
2026-06-11T11:52:36.7381520Z [32;1m        PASS[0m [   3.153s] (79/90) [35;1meth-grpc-server::eth_transaction_test[0m [34;1mtest_get_transaction_not_found[0m
2026-06-11T11:52:37.0032340Z [32;1m        PASS[0m [   3.297s] (80/90) [35;1meth-grpc-server::eth_transaction_test[0m [34;1mtest_list_transactions_by_block[0m
2026-06-11T11:52:40.0366574Z [32;1m        PASS[0m [   3.299s] (81/90) [35;1meth-grpc-server::eth_transaction_test[0m [34;1mtest_list_transactions_by_block_empty[0m
2026-06-11T11:52:40.2038471Z [32;1m        PASS[0m [   3.200s] (82/90) [35;1meth-grpc-server::eth_transaction_test[0m [34;1mtest_list_transactions_by_block_pagination[0m
2026-06-11T11:52:43.3909466Z [32;1m        PASS[0m [   3.354s] (83/90) [35;1meth-grpc-server::eth_transfer_test[0m [34;1mtest_get_transfer_by_row_id[0m
2026-06-11T11:52:43.4469790Z [32;1m        PASS[0m [   3.243s] (84/90) [35;1meth-grpc-server::eth_transfer_test[0m [34;1mtest_get_transfer_invalid_uuid[0m
2026-06-11T11:52:46.5478910Z [32;1m        PASS[0m [   3.156s] (85/90) [35;1meth-grpc-server::eth_transfer_test[0m [34;1mtest_get_transfer_not_found[0m
2026-06-11T11:52:46.6986751Z [32;1m        PASS[0m [   3.252s] (86/90) [35;1meth-grpc-server::eth_transfer_test[0m [34;1mtest_list_transfers_by_transaction[0m
2026-06-11T11:52:49.7643756Z [32;1m        PASS[0m [   3.216s] (87/90) [35;1meth-grpc-server::eth_transfer_test[0m [34;1mtest_list_transfers_by_transaction_empty[0m
2026-06-11T11:52:49.9106941Z [32;1m        PASS[0m [   3.211s] (88/90) [35;1meth-grpc-server::eth_transfer_test[0m [34;1mtest_list_transfers_by_transaction_invalid_uuid[0m
2026-06-11T11:52:52.9587065Z [32;1m        PASS[0m [   3.195s] (89/90) [35;1meth-grpc-server::eth_wallet_stats_test[0m [34;1mget_wallet_stats_counts_from_and_to_transfers[0m
2026-06-11T11:52:53.0629788Z [32;1m        PASS[0m [   3.152s] (90/90) [35;1meth-grpc-server::eth_wallet_stats_test[0m [34;1mget_wallet_stats_unknown_address_returns_zero[0m
2026-06-11T11:52:53.0641273Z ────────────
2026-06-11T11:52:53.0648649Z [32;1m     Summary[0m [  80.074s] [1m90[0m tests run: [1m90[0m [32;1mpassed[0m, [1m0[0m [33;1mskipped[0m
2026-06-11T11:52:53.4581882Z Post job cleanup.
2026-06-11T11:52:53.8169884Z ##[group]Get human-readable stats
2026-06-11T11:52:53.8205123Z [command]/opt/hostedtoolcache/sccache/0.15.0/x64/sccache --show-stats
2026-06-11T11:52:53.8449584Z Compile requests                    950
2026-06-11T11:52:53.8453459Z Compile requests executed           822
2026-06-11T11:52:53.8463112Z Cache hits                          451
2026-06-11T11:52:53.8475482Z Cache hits (Assembler)               79
2026-06-11T11:52:53.8518265Z Cache hits (C/C++)                   70
2026-06-11T11:52:53.8523363Z Cache hits (Rust)                   302
2026-06-11T11:52:53.8527268Z Cache misses                        366
2026-06-11T11:52:53.8551474Z Cache misses (Assembler)             23
2026-06-11T11:52:53.8555075Z Cache misses (C/C++)                256
2026-06-11T11:52:53.8561536Z Cache misses (Rust)                  87
2026-06-11T11:52:53.8593944Z Cache hits rate                   55.20 %
2026-06-11T11:52:53.8597865Z Cache hits rate (Assembler)       77.45 %
2026-06-11T11:52:53.8601842Z Cache hits rate (C/C++)           21.47 %
2026-06-11T11:52:53.8605550Z Cache hits rate (Rust)            77.63 %
2026-06-11T11:52:53.8609418Z Cache timeouts                        0
2026-06-11T11:52:53.8613044Z Cache read errors                     0
2026-06-11T11:52:53.8616683Z Forced recaches                       0
2026-06-11T11:52:53.8620348Z Cache write errors                  366
2026-06-11T11:52:53.8621073Z Cache errors                          0
2026-06-11T11:52:53.8624652Z Compilations                        366
2026-06-11T11:52:53.8628359Z Compilation failures                  5
2026-06-11T11:52:53.8631865Z Non-cacheable compilations            0
2026-06-11T11:52:53.8635562Z Non-cacheable calls                 124
2026-06-11T11:52:53.8639135Z Non-compilation calls                 4
2026-06-11T11:52:53.8642851Z Unsupported compiler calls            0
2026-06-11T11:52:53.8646775Z Average cache write               0.000 s
2026-06-11T11:52:53.8650368Z Average compiler                  0.691 s
2026-06-11T11:52:53.8654180Z Average cache read hit            0.089 s
2026-06-11T11:52:53.8658132Z Failed distributed compilations       0
2026-06-11T11:52:53.8658581Z 
2026-06-11T11:52:53.8661852Z Non-cacheable reasons:
2026-06-11T11:52:53.8662519Z crate-type                           99
2026-06-11T11:52:53.8669546Z missing input                        10
2026-06-11T11:52:53.8670290Z -                                     7
2026-06-11T11:52:53.8674209Z -o                                    7
2026-06-11T11:52:53.8684380Z -E                                    1
2026-06-11T11:52:53.8687597Z 
2026-06-11T11:52:53.8688322Z Cache location                  ghac, name: 7e0726055e1e4f1baa01c3967c5cfadc05877ea5de0f1b2d553463f71b5d0d86, prefix: /sccache/
2026-06-11T11:52:53.8692659Z Base directories                (none)
2026-06-11T11:52:53.8695616Z Version (client)                0.15.0
2026-06-11T11:52:53.8699641Z ##[endgroup]
2026-06-11T11:52:53.8708958Z ##[group]Get JSON stats
2026-06-11T11:52:53.8718239Z [command]/opt/hostedtoolcache/sccache/0.15.0/x64/sccache --show-stats --stats-format=json
2026-06-11T11:52:53.8733224Z {"stats":{"compile_requests":950,"requests_unsupported_compiler":0,"requests_not_compile":4,"requests_not_cacheable":124,"requests_executed":822,"cache_errors":{"counts":{},"adv_counts":{}},"cache_hits":{"counts":{"C/C++":70,"Rust":302,"Assembler":79},"adv_counts":{"assemblerToPreprocess [gcc]":79,"rust":302,"c [gcc]":70}},"cache_misses":{"counts":{"Rust":87,"Assembler":23,"C/C++":256},"adv_counts":{"c [gcc]":256,"rust":87,"assemblerToPreprocess [gcc]":23}},"cache_timeouts":0,"cache_read_errors":0,"non_cacheable_compilations":0,"forced_recaches":0,"cache_write_errors":366,"cache_writes":0,"cache_write_duration":{"secs":0,"nanos":0},"cache_read_hit_duration":{"secs":40,"nanos":507348089},"compilations":366,"compiler_write_duration":{"secs":252,"nanos":908677213},"compile_fails":5,"not_cached":{"crate-type":99,"-":7,"-o":7,"missing input":10,"-E":1},"dist_compiles":{},"dist_errors":0,"multi_level":null},"cache_location":"ghac, name: 7e0726055e1e4f1baa01c3967c5cfadc05877ea5de0f1b2d553463f71b5d0d86, prefix: /sccache/","cache_size":null,"max_cache_size":null,"use_preprocessor_cache_mode":false,"version":"0.15.0","basedirs":[]}
2026-06-11T11:52:53.8748989Z ##[endgroup]
2026-06-11T11:52:53.8815838Z ##[notice]55% - 451 hits, 366 misses, 0 errors
2026-06-11T11:52:53.8866599Z 
2026-06-11T11:52:53.8869927Z Full human-readable stats:
2026-06-11T11:52:53.8870649Z Compile requests                    950
2026-06-11T11:52:53.8875596Z Compile requests executed           822
2026-06-11T11:52:53.8884345Z Cache hits                          451
2026-06-11T11:52:53.8887983Z Cache hits (Assembler)               79
2026-06-11T11:52:53.8891806Z Cache hits (C/C++)                   70
2026-06-11T11:52:53.8896256Z Cache hits (Rust)                   302
2026-06-11T11:52:53.8900004Z Cache misses                        366
2026-06-11T11:52:53.8904337Z Cache misses (Assembler)             23
2026-06-11T11:52:53.8908316Z Cache misses (C/C++)                256
2026-06-11T11:52:53.8912091Z Cache misses (Rust)                  87
2026-06-11T11:52:53.8915697Z Cache hits rate                   55.20 %
2026-06-11T11:52:53.8920229Z Cache hits rate (Assembler)       77.45 %
2026-06-11T11:52:53.8924182Z Cache hits rate (C/C++)           21.47 %
2026-06-11T11:52:53.8928376Z Cache hits rate (Rust)            77.63 %
2026-06-11T11:52:53.8932303Z Cache timeouts                        0
2026-06-11T11:52:53.8935882Z Cache read errors                     0
2026-06-11T11:52:53.8939625Z Forced recaches                       0
2026-06-11T11:52:53.8940371Z Cache write errors                  366
2026-06-11T11:52:53.8949182Z Cache errors                          0
2026-06-11T11:52:53.8959360Z Compilations                        366
2026-06-11T11:52:53.8962783Z Compilation failures                  5
2026-06-11T11:52:53.8966735Z Non-cacheable compilations            0
2026-06-11T11:52:53.8970208Z Non-cacheable calls                 124
2026-06-11T11:52:53.8970947Z Non-compilation calls                 4
2026-06-11T11:52:53.8977654Z Unsupported compiler calls            0
2026-06-11T11:52:53.8978414Z Average cache write               0.000 s
2026-06-11T11:52:53.8982217Z Average compiler                  0.691 s
2026-06-11T11:52:53.8985966Z Average cache read hit            0.089 s
2026-06-11T11:52:53.8989789Z Failed distributed compilations       0
2026-06-11T11:52:53.8993277Z 
2026-06-11T11:52:53.8993732Z Non-cacheable reasons:
2026-06-11T11:52:53.8997398Z crate-type                           99
2026-06-11T11:52:53.9001351Z missing input                        10
2026-06-11T11:52:53.9005131Z -                                     7
2026-06-11T11:52:53.9009136Z -o                                    7
2026-06-11T11:52:53.9012916Z -E                                    1
2026-06-11T11:52:53.9016379Z 
2026-06-11T11:52:53.9017223Z Cache location                  ghac, name: 7e0726055e1e4f1baa01c3967c5cfadc05877ea5de0f1b2d553463f71b5d0d86, prefix: /sccache/
2026-06-11T11:52:53.9021470Z Base directories                (none)
2026-06-11T11:52:53.9025229Z Version (client)                0.15.0
2026-06-11T11:52:53.9025688Z 
2026-06-11T11:52:55.9768982Z Post job cleanup.
2026-06-11T11:52:56.1877202Z [command]/usr/bin/tar --posix -cf cache.tzst --exclude cache.tzst -P -C /home/runner/work/java-monorepo/java-monorepo --files-from manifest.txt --use-compress-program zstdmt
2026-06-11T11:53:09.6342379Z Failed to save: Unable to reserve cache with key cargo-registry-GitHub-Linux-e85c77d0b1218bb1a165b77d4caf81154958cf3a17a59038482fcdaa52f929b0, another job may be creating this cache.
2026-06-11T11:53:09.6684574Z Post job cleanup.
2026-06-11T11:53:09.7720828Z [command]/usr/bin/git version
2026-06-11T11:53:09.7794808Z git version 2.54.0
2026-06-11T11:53:09.7839862Z Temporarily overriding HOME='/home/runner/work/_temp/90af9835-051a-43d6-af58-f698b265028d' before making global git config changes
2026-06-11T11:53:09.7841571Z Adding repository directory to the temporary git global config as a safe directory
2026-06-11T11:53:09.7847153Z [command]/usr/bin/git config --global --add safe.directory /home/runner/work/java-monorepo/java-monorepo
2026-06-11T11:53:09.7896873Z Removing SSH command configuration
2026-06-11T11:53:09.7898001Z [command]/usr/bin/git config --local --name-only --get-regexp core\.sshCommand
2026-06-11T11:53:09.7939672Z [command]/usr/bin/git submodule foreach --recursive sh -c "git config --local --name-only --get-regexp 'core\.sshCommand' && git config --local --unset-all 'core.sshCommand' || :"
2026-06-11T11:53:09.8298817Z Removing HTTP extra header
2026-06-11T11:53:09.8299622Z [command]/usr/bin/git config --local --name-only --get-regexp http\.https\:\/\/github\.com\/\.extraheader
2026-06-11T11:53:09.8338462Z [command]/usr/bin/git submodule foreach --recursive sh -c "git config --local --name-only --get-regexp 'http\.https\:\/\/github\.com\/\.extraheader' && git config --local --unset-all 'http.https://github.com/.extraheader' || :"
2026-06-11T11:53:09.8586108Z Removing includeIf entries pointing to credentials config files
2026-06-11T11:53:09.8594221Z [command]/usr/bin/git config --local --name-only --get-regexp ^includeIf\.gitdir:
2026-06-11T11:53:09.8623333Z includeif.gitdir:/home/runner/work/java-monorepo/java-monorepo/.git.path
2026-06-11T11:53:09.8626209Z includeif.gitdir:/home/runner/work/java-monorepo/java-monorepo/.git/worktrees/*.path
2026-06-11T11:53:09.8627518Z includeif.gitdir:/github/workspace/.git.path
2026-06-11T11:53:09.8628491Z includeif.gitdir:/github/workspace/.git/worktrees/*.path
2026-06-11T11:53:09.8636025Z [command]/usr/bin/git config --local --get-all includeif.gitdir:/home/runner/work/java-monorepo/java-monorepo/.git.path
2026-06-11T11:53:09.8659762Z /home/runner/work/_temp/git-credentials-5afb8415-858c-4dc8-82ef-ef1d2f069c92.config
2026-06-11T11:53:09.8674736Z [command]/usr/bin/git config --local --unset includeif.gitdir:/home/runner/work/java-monorepo/java-monorepo/.git.path /home/runner/work/_temp/git-credentials-5afb8415-858c-4dc8-82ef-ef1d2f069c92.config
2026-06-11T11:53:09.8728476Z [command]/usr/bin/git config --local --get-all includeif.gitdir:/home/runner/work/java-monorepo/java-monorepo/.git/worktrees/*.path
2026-06-11T11:53:09.8745782Z /home/runner/work/_temp/git-credentials-5afb8415-858c-4dc8-82ef-ef1d2f069c92.config
2026-06-11T11:53:09.8760059Z [command]/usr/bin/git config --local --unset includeif.gitdir:/home/runner/work/java-monorepo/java-monorepo/.git/worktrees/*.path /home/runner/work/_temp/git-credentials-5afb8415-858c-4dc8-82ef-ef1d2f069c92.config
2026-06-11T11:53:09.8795870Z [command]/usr/bin/git config --local --get-all includeif.gitdir:/github/workspace/.git.path
2026-06-11T11:53:09.8820161Z /github/runner_temp/git-credentials-5afb8415-858c-4dc8-82ef-ef1d2f069c92.config
2026-06-11T11:53:09.8829181Z [command]/usr/bin/git config --local --unset includeif.gitdir:/github/workspace/.git.path /github/runner_temp/git-credentials-5afb8415-858c-4dc8-82ef-ef1d2f069c92.config
2026-06-11T11:53:09.8865934Z [command]/usr/bin/git config --local --get-all includeif.gitdir:/github/workspace/.git/worktrees/*.path
2026-06-11T11:53:09.8891083Z /github/runner_temp/git-credentials-5afb8415-858c-4dc8-82ef-ef1d2f069c92.config
2026-06-11T11:53:09.8899428Z [command]/usr/bin/git config --local --unset includeif.gitdir:/github/workspace/.git/worktrees/*.path /github/runner_temp/git-credentials-5afb8415-858c-4dc8-82ef-ef1d2f069c92.config
2026-06-11T11:53:09.8937310Z [command]/usr/bin/git submodule foreach --recursive git config --local --show-origin --name-only --get-regexp remote.origin.url
2026-06-11T11:53:09.9188485Z Removing credentials config '/home/runner/work/_temp/git-credentials-5afb8415-858c-4dc8-82ef-ef1d2f069c92.config'
2026-06-11T11:53:09.9450101Z Cleaning up orphan processes
2026-06-11T11:53:10.0002803Z Terminate orphan process: pid (2325) (sccache)
