2026-06-11T11:47:23.0303205Z Current runner version: '2.335.1'
2026-06-11T11:47:23.0389389Z ##[group]Runner Image Provisioner
2026-06-11T11:47:23.0390933Z Hosted Compute Agent
2026-06-11T11:47:23.0392012Z Version: 20260520.533
2026-06-11T11:47:23.0393307Z Commit: 189110e25284a9812c124fd27b339e2fb4f2f9db
2026-06-11T11:47:23.0394590Z Build Date: 2026-05-20T17:44:04Z
2026-06-11T11:47:23.0395950Z Worker ID: {34b6444f-7363-4dbb-bf2f-40aaf2506cee}
2026-06-11T11:47:23.0397283Z Azure Region: northcentralus
2026-06-11T11:47:23.0398436Z ##[endgroup]
2026-06-11T11:47:23.0421731Z ##[group]Operating System
2026-06-11T11:47:23.0422874Z Ubuntu
2026-06-11T11:47:23.0423954Z 24.04.4
2026-06-11T11:47:23.0424966Z LTS
2026-06-11T11:47:23.0425893Z ##[endgroup]
2026-06-11T11:47:23.0426946Z ##[group]Runner Image
2026-06-11T11:47:23.0428061Z Image: ubuntu-24.04
2026-06-11T11:47:23.0429036Z Version: 20260525.161.1
2026-06-11T11:47:23.0432164Z Included Software: https://github.com/actions/runner-images/blob/ubuntu24/20260525.161/images/ubuntu/Ubuntu2404-Readme.md
2026-06-11T11:47:23.0435155Z Image Release: https://github.com/actions/runner-images/releases/tag/ubuntu24%2F20260525.161
2026-06-11T11:47:23.0436990Z ##[endgroup]
2026-06-11T11:47:23.0454178Z ##[group]GITHUB_TOKEN Permissions
2026-06-11T11:47:23.0457638Z Actions: read
2026-06-11T11:47:23.0458631Z Contents: read
2026-06-11T11:47:23.0460235Z Metadata: read
2026-06-11T11:47:23.0461380Z PullRequests: read
2026-06-11T11:47:23.0463144Z ##[endgroup]
2026-06-11T11:47:23.0466415Z Secret source: Actions
2026-06-11T11:47:23.0467910Z Prepare workflow directory
2026-06-11T11:47:23.1657361Z Prepare all required actions
2026-06-11T11:47:23.1786471Z Getting action download info
2026-06-11T11:47:23.6726213Z Download action repository 'actions/checkout@df4cb1c069e1874edd31b4311f1884172cec0e10' (SHA:df4cb1c069e1874edd31b4311f1884172cec0e10)
2026-06-11T11:47:24.0170095Z Download action repository 'actions/cache@27d5ce7f107fe9357f9df03efb73ab90386fccae' (SHA:27d5ce7f107fe9357f9df03efb73ab90386fccae)
2026-06-11T11:47:24.1574647Z Download action repository 'rui314/setup-mold@9c9c13bf4c3f1adef0cc596abc155580bcb04444' (SHA:9c9c13bf4c3f1adef0cc596abc155580bcb04444)
2026-06-11T11:47:24.2791649Z Download action repository 'mozilla-actions/sccache-action@9e7fa8a12102821edf02ca5dbea1acd0f89a2696' (SHA:9e7fa8a12102821edf02ca5dbea1acd0f89a2696)
2026-06-11T11:47:24.5455280Z Download action repository 'jdx/mise-action@dba19683ed58901619b14f395a24841710cb4925' (SHA:dba19683ed58901619b14f395a24841710cb4925)
2026-06-11T11:47:25.7458996Z Complete job name: Test bitcoin-processor-app (GitHub)
2026-06-11T11:47:25.8653605Z ##[group]Run actions/checkout@df4cb1c069e1874edd31b4311f1884172cec0e10
2026-06-11T11:47:25.8654392Z with:
2026-06-11T11:47:25.8654680Z   repository: ChainArgos/java-monorepo
2026-06-11T11:47:25.8658089Z   token: ***
2026-06-11T11:47:25.8658359Z   ssh-strict: true
2026-06-11T11:47:25.8658617Z   ssh-user: git
2026-06-11T11:47:25.8658879Z   persist-credentials: true
2026-06-11T11:47:25.8659377Z   clean: true
2026-06-11T11:47:25.8659657Z   sparse-checkout-cone-mode: true
2026-06-11T11:47:25.8659966Z   fetch-depth: 1
2026-06-11T11:47:25.8660208Z   fetch-tags: false
2026-06-11T11:47:25.8660475Z   show-progress: true
2026-06-11T11:47:25.8660743Z   lfs: false
2026-06-11T11:47:25.8660991Z   submodules: false
2026-06-11T11:47:25.8661246Z   set-safe-directory: true
2026-06-11T11:47:25.8661783Z env:
2026-06-11T11:47:25.8662041Z   CARGO_TERM_COLOR: always
2026-06-11T11:47:25.8662349Z   CARGO_INCREMENTAL: 0
2026-06-11T11:47:25.8662664Z   RUSTFLAGS: -C link-arg=-fuse-ld=mold
2026-06-11T11:47:25.8663026Z   CARGO_BUILD_JOBS: 6
2026-06-11T11:47:25.8663290Z   RUSTC_WRAPPER: sccache
2026-06-11T11:47:25.8663563Z   SCCACHE_GHA_ENABLED: true
2026-06-11T11:47:25.8663835Z ##[endgroup]
2026-06-11T11:47:25.9869773Z Syncing repository: ChainArgos/java-monorepo
2026-06-11T11:47:25.9872044Z ##[group]Getting Git version info
2026-06-11T11:47:25.9872707Z Working directory is '/home/runner/work/java-monorepo/java-monorepo'
2026-06-11T11:47:25.9874088Z [command]/usr/bin/git version
2026-06-11T11:47:25.9905590Z git version 2.54.0
2026-06-11T11:47:25.9934663Z ##[endgroup]
2026-06-11T11:47:25.9951936Z Temporarily overriding HOME='/home/runner/work/_temp/819ab9b2-c549-4c13-acba-a7b77f24b160' before making global git config changes
2026-06-11T11:47:25.9955061Z Adding repository directory to the temporary git global config as a safe directory
2026-06-11T11:47:25.9958813Z [command]/usr/bin/git config --global --add safe.directory /home/runner/work/java-monorepo/java-monorepo
2026-06-11T11:47:26.0013029Z Deleting the contents of '/home/runner/work/java-monorepo/java-monorepo'
2026-06-11T11:47:26.0018648Z ##[group]Determining repository object format
2026-06-11T11:47:26.0022114Z ##[endgroup]
2026-06-11T11:47:26.0023696Z ##[group]Initializing the repository
2026-06-11T11:47:26.0027553Z [command]/usr/bin/git init /home/runner/work/java-monorepo/java-monorepo
2026-06-11T11:47:26.0136298Z hint: Using 'master' as the name for the initial branch. This default branch name
2026-06-11T11:47:26.0138335Z hint: will change to "main" in Git 3.0. To configure the initial branch name
2026-06-11T11:47:26.0140465Z hint: to use in all of your new repositories, which will suppress this warning,
2026-06-11T11:47:26.0141818Z hint: call:
2026-06-11T11:47:26.0142776Z hint:
2026-06-11T11:47:26.0143936Z hint: 	git config --global init.defaultBranch <name>
2026-06-11T11:47:26.0145161Z hint:
2026-06-11T11:47:26.0146568Z hint: Names commonly chosen instead of 'master' are 'main', 'trunk' and
2026-06-11T11:47:26.0150279Z hint: 'development'. The just-created branch can be renamed via this command:
2026-06-11T11:47:26.0151780Z hint:
2026-06-11T11:47:26.0152757Z hint: 	git branch -m <name>
2026-06-11T11:47:26.0153671Z hint:
2026-06-11T11:47:26.0155050Z hint: Disable this message with "git config set advice.defaultBranchName false"
2026-06-11T11:47:26.0157005Z Initialized empty Git repository in /home/runner/work/java-monorepo/java-monorepo/.git/
2026-06-11T11:47:26.0161054Z [command]/usr/bin/git remote add origin https://github.com/ChainArgos/java-monorepo
2026-06-11T11:47:26.0217201Z ##[endgroup]
2026-06-11T11:47:26.0218882Z ##[group]Disabling automatic garbage collection
2026-06-11T11:47:26.0221476Z [command]/usr/bin/git config --local gc.auto 0
2026-06-11T11:47:26.0257034Z ##[endgroup]
2026-06-11T11:47:26.0258938Z ##[group]Setting up auth
2026-06-11T11:47:26.0260569Z Removing SSH command configuration
2026-06-11T11:47:26.0264187Z [command]/usr/bin/git config --local --name-only --get-regexp core\.sshCommand
2026-06-11T11:47:26.0305239Z [command]/usr/bin/git submodule foreach --recursive sh -c "git config --local --name-only --get-regexp 'core\.sshCommand' && git config --local --unset-all 'core.sshCommand' || :"
2026-06-11T11:47:26.0782804Z Removing HTTP extra header
2026-06-11T11:47:26.0793069Z [command]/usr/bin/git config --local --name-only --get-regexp http\.https\:\/\/github\.com\/\.extraheader
2026-06-11T11:47:26.0881471Z [command]/usr/bin/git submodule foreach --recursive sh -c "git config --local --name-only --get-regexp 'http\.https\:\/\/github\.com\/\.extraheader' && git config --local --unset-all 'http.https://github.com/.extraheader' || :"
2026-06-11T11:47:26.1241078Z Removing includeIf entries pointing to credentials config files
2026-06-11T11:47:26.1242293Z [command]/usr/bin/git config --local --name-only --get-regexp ^includeIf\.gitdir:
2026-06-11T11:47:26.1281027Z [command]/usr/bin/git submodule foreach --recursive git config --local --show-origin --name-only --get-regexp remote.origin.url
2026-06-11T11:47:26.1559656Z [command]/usr/bin/git config --file /home/runner/work/_temp/git-credentials-529574ce-383d-4cb9-ad11-45d8523c2630.config http.https://github.com/.extraheader AUTHORIZATION: basic ***
2026-06-11T11:47:26.1598072Z [command]/usr/bin/git config --local includeIf.gitdir:/home/runner/work/java-monorepo/java-monorepo/.git.path /home/runner/work/_temp/git-credentials-529574ce-383d-4cb9-ad11-45d8523c2630.config
2026-06-11T11:47:26.1630388Z [command]/usr/bin/git config --local includeIf.gitdir:/home/runner/work/java-monorepo/java-monorepo/.git/worktrees/*.path /home/runner/work/_temp/git-credentials-529574ce-383d-4cb9-ad11-45d8523c2630.config
2026-06-11T11:47:26.1664781Z [command]/usr/bin/git config --local includeIf.gitdir:/github/workspace/.git.path /github/runner_temp/git-credentials-529574ce-383d-4cb9-ad11-45d8523c2630.config
2026-06-11T11:47:26.1700636Z [command]/usr/bin/git config --local includeIf.gitdir:/github/workspace/.git/worktrees/*.path /github/runner_temp/git-credentials-529574ce-383d-4cb9-ad11-45d8523c2630.config
2026-06-11T11:47:26.1770789Z ##[endgroup]
2026-06-11T11:47:26.1772490Z ##[group]Fetching the repository
2026-06-11T11:47:26.1775037Z [command]/usr/bin/git -c protocol.version=2 fetch --no-tags --prune --no-recurse-submodules --depth=1 origin +632e17286f04c08b87331f7a9886051bc10a8ab8:refs/remotes/origin/main
2026-06-11T11:47:29.0080478Z From https://github.com/ChainArgos/java-monorepo
2026-06-11T11:47:29.0082411Z  * [new ref]         632e17286f04c08b87331f7a9886051bc10a8ab8 -> origin/main
2026-06-11T11:47:29.0131537Z [command]/usr/bin/git branch --list --remote origin/main
2026-06-11T11:47:29.0162278Z   origin/main
2026-06-11T11:47:29.0184697Z [command]/usr/bin/git rev-parse refs/remotes/origin/main
2026-06-11T11:47:29.0199930Z 632e17286f04c08b87331f7a9886051bc10a8ab8
2026-06-11T11:47:29.0210901Z ##[endgroup]
2026-06-11T11:47:29.0211568Z ##[group]Determining the checkout info
2026-06-11T11:47:29.0212147Z ##[endgroup]
2026-06-11T11:47:29.0230752Z [command]/usr/bin/git sparse-checkout disable
2026-06-11T11:47:29.0375097Z [command]/usr/bin/git config --local --unset-all extensions.worktreeConfig
2026-06-11T11:47:29.0378789Z ##[group]Checking out the ref
2026-06-11T11:47:29.0380182Z [command]/usr/bin/git checkout --progress --force -B main refs/remotes/origin/main
2026-06-11T11:47:29.9361375Z Switched to a new branch 'main'
2026-06-11T11:47:29.9370149Z branch 'main' set up to track 'origin/main'.
2026-06-11T11:47:29.9973992Z ##[endgroup]
2026-06-11T11:47:30.0018677Z [command]/usr/bin/git log -1 --format=%H
2026-06-11T11:47:30.0045088Z 632e17286f04c08b87331f7a9886051bc10a8ab8
2026-06-11T11:47:30.9067941Z ##[group]Run actions/cache@27d5ce7f107fe9357f9df03efb73ab90386fccae
2026-06-11T11:47:30.9068587Z with:
2026-06-11T11:47:30.9069513Z   path: ~/.cargo/registry/cache
~/.cargo/registry/index
~/.cargo/registry/src
~/.cargo/git/db

2026-06-11T11:47:30.9070751Z   key: cargo-registry-GitHub-Linux-e85c77d0b1218bb1a165b77d4caf81154958cf3a17a59038482fcdaa52f929b0
2026-06-11T11:47:30.9071753Z   restore-keys: cargo-registry-GitHub-Linux-

2026-06-11T11:47:30.9072274Z   enableCrossOsArchive: false
2026-06-11T11:47:30.9072706Z   fail-on-cache-miss: false
2026-06-11T11:47:30.9073116Z   lookup-only: false
2026-06-11T11:47:30.9073469Z   save-always: false
2026-06-11T11:47:30.9073806Z env:
2026-06-11T11:47:30.9074151Z   CARGO_TERM_COLOR: always
2026-06-11T11:47:30.9074567Z   CARGO_INCREMENTAL: 0
2026-06-11T11:47:30.9075000Z   RUSTFLAGS: -C link-arg=-fuse-ld=mold
2026-06-11T11:47:30.9075460Z   CARGO_BUILD_JOBS: 6
2026-06-11T11:47:30.9075841Z   RUSTC_WRAPPER: sccache
2026-06-11T11:47:30.9076269Z   SCCACHE_GHA_ENABLED: true
2026-06-11T11:47:30.9076647Z ##[endgroup]
2026-06-11T11:47:31.2876707Z Cache hit for restore-key: cargo-registry-GitHub-Linux-b322b65e736b5ba353b30632848d51d1a500e93fbb3bb89ab48e0b5cdac7e969
2026-06-11T11:47:32.3884865Z Received 125829120 of 168765327 (74.6%), 119.9 MBs/sec
2026-06-11T11:47:33.1788749Z Received 168765327 of 168765327 (100.0%), 90.0 MBs/sec
2026-06-11T11:47:33.1809804Z Cache Size: ~161 MB (168765327 B)
2026-06-11T11:47:33.2021057Z [command]/usr/bin/tar -xf /home/runner/work/_temp/8e23f3f3-3470-4f9e-81a3-8cce8496a792/cache.tzst -P -C /home/runner/work/java-monorepo/java-monorepo --use-compress-program unzstd
2026-06-11T11:47:37.2612376Z Cache restored successfully
2026-06-11T11:47:37.2817746Z Cache restored from key: cargo-registry-GitHub-Linux-b322b65e736b5ba353b30632848d51d1a500e93fbb3bb89ab48e0b5cdac7e969
2026-06-11T11:47:37.3020351Z ##[group]Run rui314/setup-mold@9c9c13bf4c3f1adef0cc596abc155580bcb04444
2026-06-11T11:47:37.3021262Z with:
2026-06-11T11:47:37.3021607Z   mold-version: 2.41.0
2026-06-11T11:47:37.3022008Z   make-default: true
2026-06-11T11:47:37.3022372Z env:
2026-06-11T11:47:37.3022712Z   CARGO_TERM_COLOR: always
2026-06-11T11:47:37.3023108Z   CARGO_INCREMENTAL: 0
2026-06-11T11:47:37.3023517Z   RUSTFLAGS: -C link-arg=-fuse-ld=mold
2026-06-11T11:47:37.3023990Z   CARGO_BUILD_JOBS: 6
2026-06-11T11:47:37.3024366Z   RUSTC_WRAPPER: sccache
2026-06-11T11:47:37.3024764Z   SCCACHE_GHA_ENABLED: true
2026-06-11T11:47:37.3025160Z ##[endgroup]
2026-06-11T11:47:37.3163546Z ##[group]Run set -x
2026-06-11T11:47:37.3163854Z [36;1mset -x[0m
2026-06-11T11:47:37.3164078Z [36;1mecho "mold 2.41.0"[0m
2026-06-11T11:47:37.3164416Z [36;1mif [ "$(whoami)" = root ]; then SUDO=; else SUDO=sudo; fi[0m
2026-06-11T11:47:37.3165584Z [36;1mwget -O- --timeout=10 --waitretry=3 --retry-connrefused --progress=dot:mega https://github.com/rui314/mold/releases/download/v2.41.0/mold-2.41.0-$(uname -m)-linux.tar.gz | $SUDO tar -C /usr/local --strip-components=1 --no-overwrite-dir -xzf -[0m
2026-06-11T11:47:37.3166908Z [36;1mtest true = true -a "$(realpath /usr/bin/ld)" != /usr/local/bin/mold && $SUDO ln -sf /usr/local/bin/mold "$(realpath /usr/bin/ld)"; true[0m
2026-06-11T11:47:37.3197047Z shell: /usr/bin/bash --noprofile --norc -e -o pipefail {0}
2026-06-11T11:47:37.3197410Z env:
2026-06-11T11:47:37.3197606Z   CARGO_TERM_COLOR: always
2026-06-11T11:47:37.3197855Z   CARGO_INCREMENTAL: 0
2026-06-11T11:47:37.3198091Z   RUSTFLAGS: -C link-arg=-fuse-ld=mold
2026-06-11T11:47:37.3198353Z   CARGO_BUILD_JOBS: 6
2026-06-11T11:47:37.3198576Z   RUSTC_WRAPPER: sccache
2026-06-11T11:47:37.3198815Z   SCCACHE_GHA_ENABLED: true
2026-06-11T11:47:37.3199256Z ##[endgroup]
2026-06-11T11:47:37.3522118Z + echo 'mold 2.41.0'
2026-06-11T11:47:37.3522525Z mold 2.41.0
2026-06-11T11:47:37.3523067Z ++ whoami
2026-06-11T11:47:37.3600315Z + '[' runner = root ']'
2026-06-11T11:47:37.3609879Z + SUDO=sudo
2026-06-11T11:47:37.3630084Z ++ uname -m
2026-06-11T11:47:37.3630886Z + sudo tar -C /usr/local --strip-components=1 --no-overwrite-dir -xzf -
2026-06-11T11:47:37.3632938Z + wget -O- --timeout=10 --waitretry=3 --retry-connrefused --progress=dot:mega https://github.com/rui314/mold/releases/download/v2.41.0/mold-2.41.0-x86_64-linux.tar.gz
2026-06-11T11:47:37.4488802Z --2026-06-11 11:47:37--  https://github.com/rui314/mold/releases/download/v2.41.0/mold-2.41.0-x86_64-linux.tar.gz
2026-06-11T11:47:37.4830312Z Resolving github.com (github.com)... 140.82.113.4
2026-06-11T11:47:37.4970601Z Connecting to github.com (github.com)|140.82.113.4|:443... connected.
2026-06-11T11:47:37.6198592Z HTTP request sent, awaiting response... 302 Found
2026-06-11T11:47:37.6240686Z Location: https://release-assets.githubusercontent.com/github-production-release-asset/299510783/f4863e5d-1747-433e-8c26-b5a1c1950d2d?sp=r&sv=2018-11-09&sr=b&spr=https&se=2026-06-11T12%3A26%3A50Z&rscd=attachment%3B+filename%3Dmold-2.41.0-x86_64-linux.tar.gz&rsct=application%2Foctet-stream&skoid=96c2d410-5711-43a1-aedd-ab1947aa7ab0&sktid=398a6654-997b-47e9-b12b-9515b896b4de&skt=2026-06-11T11%3A26%3A30Z&ske=2026-06-11T12%3A26%3A50Z&sks=b&skv=2018-11-09&sig=w1%2BObhisJv6TbrTMeQBX026TWpAWdqLPmWpz0kWQbg8%3D&jwt=*** [following]
2026-06-11T11:47:37.6265790Z --2026-06-11 11:47:37--  https://release-assets.githubusercontent.com/github-production-release-asset/299510783/f4863e5d-1747-433e-8c26-b5a1c1950d2d?sp=r&sv=2018-11-09&sr=b&spr=https&se=2026-06-11T12%3A26%3A50Z&rscd=attachment%3B+filename%3Dmold-2.41.0-x86_64-linux.tar.gz&rsct=application%2Foctet-stream&skoid=96c2d410-5711-43a1-aedd-ab1947aa7ab0&sktid=398a6654-997b-47e9-b12b-9515b896b4de&skt=2026-06-11T11%3A26%3A30Z&ske=2026-06-11T12%3A26%3A50Z&sks=b&skv=2018-11-09&sig=w1%2BObhisJv6TbrTMeQBX026TWpAWdqLPmWpz0kWQbg8%3D&jwt=***
2026-06-11T11:47:37.6284554Z Resolving release-assets.githubusercontent.com (release-assets.githubusercontent.com)... 185.199.109.133, 185.199.110.133, 185.199.111.133, ...
2026-06-11T11:47:37.6286470Z Connecting to release-assets.githubusercontent.com (release-assets.githubusercontent.com)|185.199.109.133|:443... connected.
2026-06-11T11:47:37.6370418Z HTTP request sent, awaiting response... 200 OK
2026-06-11T11:47:37.6415327Z Length: 5119986 (4.9M) [application/octet-stream]
2026-06-11T11:47:37.6430735Z Saving to: ‘STDOUT’
2026-06-11T11:47:37.6457413Z 
2026-06-11T11:47:37.7368311Z      0K ........ ........ ........ ........ ........ ........ 61% 30.2M 0s
2026-06-11T11:47:37.8069415Z   3072K ........ ........ ........ ......                    100% 29.4M=0.2s
2026-06-11T11:47:37.8079677Z 
2026-06-11T11:47:37.8080233Z 2026-06-11 11:47:37 (29.9 MB/s) - written to stdout [5119986/5119986]
2026-06-11T11:47:37.8081483Z 
2026-06-11T11:47:37.9111457Z ++ realpath /usr/bin/ld
2026-06-11T11:47:37.9140076Z + test true = true -a /usr/bin/x86_64-linux-gnu-ld.bfd '!=' /usr/local/bin/mold
2026-06-11T11:47:37.9147123Z ++ realpath /usr/bin/ld
2026-06-11T11:47:37.9160074Z + sudo ln -sf /usr/local/bin/mold /usr/bin/x86_64-linux-gnu-ld.bfd
2026-06-11T11:47:37.9257838Z + true
2026-06-11T11:47:37.9348722Z ##[group]Run mozilla-actions/sccache-action@9e7fa8a12102821edf02ca5dbea1acd0f89a2696
2026-06-11T11:47:37.9349382Z with:
2026-06-11T11:47:37.9352551Z   token: ***
2026-06-11T11:47:37.9352774Z   disable_annotations: false
2026-06-11T11:47:37.9353013Z env:
2026-06-11T11:47:37.9353202Z   CARGO_TERM_COLOR: always
2026-06-11T11:47:37.9353437Z   CARGO_INCREMENTAL: 0
2026-06-11T11:47:37.9353675Z   RUSTFLAGS: -C link-arg=-fuse-ld=mold
2026-06-11T11:47:37.9353951Z   CARGO_BUILD_JOBS: 6
2026-06-11T11:47:37.9354169Z   RUSTC_WRAPPER: sccache
2026-06-11T11:47:37.9354398Z   SCCACHE_GHA_ENABLED: true
2026-06-11T11:47:37.9354637Z ##[endgroup]
2026-06-11T11:47:38.3360348Z try to setup sccache version: v0.15.0
2026-06-11T11:47:38.3410657Z sccache download from url: https://github.com/mozilla/sccache/releases/download/v0.15.0/sccache-v0.15.0-x86_64-unknown-linux-musl.tar.gz
2026-06-11T11:47:38.5913705Z Correct checksum: 782d2b5dd7ae0a55ebe368ab258114d0928d019ac2d949ab85d5d02f3926709e
2026-06-11T11:47:38.6051937Z [command]/usr/bin/tar xz --warning=no-unknown-keyword --overwrite -C /home/runner/work/_temp/d4116576-9f9a-48be-9241-eb24f2ad560a -f /home/runner/work/_temp/054a2596-364f-4df1-8add-4ab6a8405fb1
2026-06-11T11:47:38.7802154Z sccache extracted to: /home/runner/work/_temp/d4116576-9f9a-48be-9241-eb24f2ad560a
2026-06-11T11:47:38.7924188Z sccache cached to: /opt/hostedtoolcache/sccache/0.15.0/x64
2026-06-11T11:47:38.8088670Z ##[group]Run jdx/mise-action@dba19683ed58901619b14f395a24841710cb4925
2026-06-11T11:47:38.8089428Z with:
2026-06-11T11:47:38.8089694Z   install_args: rust protoc cargo:cargo-nextest
2026-06-11T11:47:38.8093073Z   github_token: ***
2026-06-11T11:47:38.8093295Z   install: true
2026-06-11T11:47:38.8093495Z   cache: true
2026-06-11T11:47:38.8093686Z   cache_save: true
2026-06-11T11:47:38.8093899Z   cache_key_prefix: mise-v1
2026-06-11T11:47:38.8094146Z   experimental: false
2026-06-11T11:47:38.8094358Z   log_level: info
2026-06-11T11:47:38.8094560Z   reshim: false
2026-06-11T11:47:38.8094778Z   add_shims_to_path: true
2026-06-11T11:47:38.8095010Z   fetch_from_github: true
2026-06-11T11:47:38.8095234Z   env: true
2026-06-11T11:47:38.8095421Z   wings_enabled: false
2026-06-11T11:47:38.8095634Z env:
2026-06-11T11:47:38.8095829Z   CARGO_TERM_COLOR: always
2026-06-11T11:47:38.8096084Z   CARGO_INCREMENTAL: 0
2026-06-11T11:47:38.8096326Z   RUSTFLAGS: -C link-arg=-fuse-ld=mold
2026-06-11T11:47:38.8096638Z   CARGO_BUILD_JOBS: 6
2026-06-11T11:47:38.8096868Z   RUSTC_WRAPPER: sccache
2026-06-11T11:47:38.8097101Z   SCCACHE_GHA_ENABLED: true
2026-06-11T11:47:38.8097414Z   SCCACHE_PATH: /opt/hostedtoolcache/sccache/0.15.0/x64/sccache
2026-06-11T11:47:38.8097770Z   ACTIONS_CACHE_SERVICE_V2: on
2026-06-11T11:47:38.8098173Z   ACTIONS_RESULTS_URL: https://results-receiver.actions.githubusercontent.com/
2026-06-11T11:47:38.8141498Z   ACTIONS_RUNTIME_TOKEN: ***
2026-06-11T11:47:38.8141761Z ##[endgroup]
2026-06-11T11:47:38.9479432Z ##[group]Restoring mise cache
2026-06-11T11:47:38.9526552Z [command]/usr/bin/ldd --version
2026-06-11T11:47:38.9581636Z ldd (Ubuntu GLIBC 2.39-0ubuntu8.7) 2.39
2026-06-11T11:47:38.9582517Z Copyright (C) 2024 Free Software Foundation, Inc.
2026-06-11T11:47:38.9583677Z This is free software; see the source for copying conditions.  There is NO
2026-06-11T11:47:38.9585105Z warranty; not even for MERCHANTABILITY or FITNESS FOR A PARTICULAR PURPOSE.
2026-06-11T11:47:38.9586270Z Written by Roland McGrath and Ulrich Drepper.
2026-06-11T11:47:40.5721120Z Cache hit for: mise-v1-linux-x64-ubuntu24-5d553c0d272ab77f6c479727d9a7a97ef11a3137cc5e7acd6feeb3c85a74fc48-f25160224585da46219cc671ebb565079f37edeec027869984cbb22b39bb8172
2026-06-11T11:47:41.2912458Z Received 42227166 of 42227166 (100.0%), 64.3 MBs/sec
2026-06-11T11:47:41.2913465Z Cache Size: ~40 MB (42227166 B)
2026-06-11T11:47:41.2951813Z [command]/usr/bin/tar -xf /home/runner/work/_temp/e142a8bc-2504-4252-a4f1-859eb8b5fe17/cache.tzst -P -C /home/runner/work/java-monorepo/java-monorepo --use-compress-program unzstd
2026-06-11T11:47:41.5568435Z Cache restored successfully
2026-06-11T11:47:41.5595787Z mise cache restored from key: mise-v1-linux-x64-ubuntu24-5d553c0d272ab77f6c479727d9a7a97ef11a3137cc5e7acd6feeb3c85a74fc48-f25160224585da46219cc671ebb565079f37edeec027869984cbb22b39bb8172
2026-06-11T11:47:41.5610759Z ##[group]Setting env vars
2026-06-11T11:47:41.5611651Z Setting MISE_LOG_LEVEL=info
2026-06-11T11:47:41.5618508Z Setting MISE_GITHUB_TOKEN=***
2026-06-11T11:47:41.5619834Z Setting MISE_TRUSTED_CONFIG_PATHS=/home/runner/work/java-monorepo/java-monorepo
2026-06-11T11:47:41.5620902Z Setting MISE_YES=1
2026-06-11T11:47:41.5621619Z Adding /home/runner/.local/share/mise/shims to PATH
2026-06-11T11:47:41.5622856Z ##[group]Running mise --version
2026-06-11T11:47:41.5636913Z [command]/home/runner/.local/share/mise/bin/mise --version
2026-06-11T11:47:41.5728569Z 2026.6.2 linux-x64 (2026-06-09)
2026-06-11T11:47:41.5778226Z ##[endgroup]
2026-06-11T11:47:41.5943567Z ##[group]Running mise install rust protoc cargo:cargo-nextest
2026-06-11T11:47:41.5962619Z [command]/home/runner/.local/share/mise/bin/mise install rust protoc cargo:cargo-nextest
2026-06-11T11:47:42.8378681Z ##[endgroup]
2026-06-11T11:47:42.8380124Z ##[group]Running mise ls
2026-06-11T11:47:42.8398335Z [command]/home/runner/.local/share/mise/bin/mise ls
2026-06-11T11:47:42.8602997Z cargo:cargo-nextest  0.9.137                          ~/work/java-monorepo/java-monorepo/mise.toml            0.9.137
2026-06-11T11:47:42.8606408Z java                 oracle-graalvm-25.0.1 (missing)  ~/work/java-monorepo/java-monorepo/mise.toml            oracle-graalvm-25.0.1
2026-06-11T11:47:42.8628291Z node                 24.16.0 (missing)                ~/work/java-monorepo/java-monorepo/mise.toml            24.16.0
2026-06-11T11:47:42.8630079Z protoc               35.0                             ~/work/java-monorepo/java-monorepo/mise.toml            latest
2026-06-11T11:47:42.8631431Z python               3.14.6 (missing)                 ~/work/java-monorepo/java-monorepo/mise.toml            3.14
2026-06-11T11:47:42.8632790Z rust                 1.96.0 (symlink)                 ~/work/java-monorepo/java-monorepo/rust-toolchain.toml  1.96.0
2026-06-11T11:47:42.8634269Z ##[endgroup]
2026-06-11T11:47:42.8635290Z ##[group]Exporting mise environment variables
2026-06-11T11:47:42.8928348Z [command]/home/runner/.local/share/mise/bin/mise env --json
2026-06-11T11:47:42.9152989Z {
2026-06-11T11:47:42.9156284Z   "CARGO_HOME": "/home/runner/.cargo",
2026-06-11T11:47:42.9160557Z   "PATH": "/home/runner/.local/share/mise/installs/cargo-cargo-nextest/0.9.137/bin:/home/runner/.local/share/mise/installs/protoc/latest/bin:/home/runner/.cargo/bin:/home/runner/.local/share/mise/shims:/home/runner/.local/share/mise/bin:/opt/hostedtoolcache/sccache/0.15.0/x64:/snap/bin:/home/runner/.local/bin:/opt/pipx_bin:/home/runner/.cargo/bin:/home/runner/.config/composer/vendor/bin:/usr/local/.ghcup/bin:/home/runner/.dotnet/tools:/usr/local/sbin:/usr/local/bin:/usr/sbin:/usr/bin:/sbin:/bin:/usr/games:/usr/local/games:/snap/bin",
2026-06-11T11:47:42.9164791Z   "RUSTUP_HOME": "/home/runner/.rustup",
2026-06-11T11:47:42.9165442Z   "RUSTUP_TOOLCHAIN": "1.96.0"
2026-06-11T11:47:42.9166022Z }
2026-06-11T11:47:42.9182159Z ##[endgroup]
2026-06-11T11:47:42.9361676Z ##[group]Run cargo nextest run -p bitcoin-processor-app --profile ci
2026-06-11T11:47:42.9362241Z [36;1mcargo nextest run -p bitcoin-processor-app --profile ci[0m
2026-06-11T11:47:42.9391132Z shell: /usr/bin/bash -e {0}
2026-06-11T11:47:42.9391411Z env:
2026-06-11T11:47:42.9391621Z   CARGO_TERM_COLOR: always
2026-06-11T11:47:42.9391874Z   CARGO_INCREMENTAL: 0
2026-06-11T11:47:42.9392134Z   RUSTFLAGS: -C link-arg=-fuse-ld=mold
2026-06-11T11:47:42.9392414Z   CARGO_BUILD_JOBS: 6
2026-06-11T11:47:42.9392646Z   RUSTC_WRAPPER: sccache
2026-06-11T11:47:42.9392894Z   SCCACHE_GHA_ENABLED: true
2026-06-11T11:47:42.9393211Z   SCCACHE_PATH: /opt/hostedtoolcache/sccache/0.15.0/x64/sccache
2026-06-11T11:47:42.9393573Z   ACTIONS_CACHE_SERVICE_V2: on
2026-06-11T11:47:42.9393987Z   ACTIONS_RESULTS_URL: https://results-receiver.actions.githubusercontent.com/
2026-06-11T11:47:42.9438471Z   ACTIONS_RUNTIME_TOKEN: ***
2026-06-11T11:47:42.9438768Z   MISE_LOG_LEVEL: info
2026-06-11T11:47:42.9442170Z   MISE_GITHUB_TOKEN: ***
2026-06-11T11:47:42.9442547Z   MISE_TRUSTED_CONFIG_PATHS: /home/runner/work/java-monorepo/java-monorepo
2026-06-11T11:47:42.9442937Z   MISE_YES: 1
2026-06-11T11:47:42.9443158Z   CARGO_HOME: /home/runner/.cargo
2026-06-11T11:47:42.9445064Z   PATH: /home/runner/.local/share/mise/installs/cargo-cargo-nextest/0.9.137/bin:/home/runner/.local/share/mise/installs/protoc/latest/bin:/home/runner/.cargo/bin:/home/runner/.local/share/mise/shims:/home/runner/.local/share/mise/bin:/opt/hostedtoolcache/sccache/0.15.0/x64:/snap/bin:/home/runner/.local/bin:/opt/pipx_bin:/home/runner/.cargo/bin:/home/runner/.config/composer/vendor/bin:/usr/local/.ghcup/bin:/home/runner/.dotnet/tools:/usr/local/sbin:/usr/local/bin:/usr/sbin:/usr/bin:/sbin:/bin:/usr/games:/usr/local/games:/snap/bin
2026-06-11T11:47:42.9447007Z   RUSTUP_HOME: /home/runner/.rustup
2026-06-11T11:47:42.9447281Z   RUSTUP_TOOLCHAIN: 1.96.0
2026-06-11T11:47:42.9447522Z ##[endgroup]
2026-06-11T11:47:43.0175412Z info: syncing channel updates for 1.96.0-x86_64-unknown-linux-gnu
2026-06-11T11:47:43.2497461Z info: latest update on 2026-05-28 for version 1.96.0 (ac68faa20 2026-05-25)
2026-06-11T11:47:43.2530993Z info: downloading 3 components
2026-06-11T11:47:53.1503890Z [1m[92m   Compiling[0m proc-macro2 v1.0.106
2026-06-11T11:47:53.1505085Z [1m[92m   Compiling[0m quote v1.0.45
2026-06-11T11:47:53.1505986Z [1m[92m   Compiling[0m unicode-ident v1.0.24
2026-06-11T11:47:53.1506686Z [1m[92m   Compiling[0m libc v0.2.186
2026-06-11T11:47:53.1507361Z [1m[92m   Compiling[0m serde_core v1.0.228
2026-06-11T11:47:53.1508068Z [1m[92m   Compiling[0m cfg-if v1.0.4
2026-06-11T11:47:53.4230685Z [1m[92m   Compiling[0m serde v1.0.228
2026-06-11T11:47:53.4870505Z [1m[92m   Compiling[0m memchr v2.8.1
2026-06-11T11:47:53.7289932Z [1m[92m   Compiling[0m once_cell v1.21.4
2026-06-11T11:47:53.8281708Z [1m[92m   Compiling[0m itoa v1.0.18
2026-06-11T11:47:54.0710927Z [1m[92m   Compiling[0m pin-project-lite v0.2.17
2026-06-11T11:47:54.1746816Z [1m[92m   Compiling[0m smallvec v1.15.1
2026-06-11T11:47:54.2360501Z [1m[92m   Compiling[0m futures-core v0.3.32
2026-06-11T11:47:54.2924029Z [1m[92m   Compiling[0m shlex v2.0.1
2026-06-11T11:47:54.3024132Z [1m[92m   Compiling[0m find-msvc-tools v0.1.9
2026-06-11T11:47:54.4300613Z [1m[92m   Compiling[0m log v0.4.32
2026-06-11T11:47:54.4455156Z [1m[92m   Compiling[0m percent-encoding v2.3.2
2026-06-11T11:47:54.4799056Z [1m[92m   Compiling[0m zeroize v1.8.2
2026-06-11T11:47:54.5490608Z [1m[92m   Compiling[0m futures-sink v0.3.32
2026-06-11T11:47:54.6161859Z [1m[92m   Compiling[0m jobserver v0.1.34
2026-06-11T11:47:54.7335183Z [1m[92m   Compiling[0m errno v0.3.14
2026-06-11T11:47:54.8009909Z [1m[92m   Compiling[0m mio v1.2.1
2026-06-11T11:47:54.8770841Z [1m[92m   Compiling[0m socket2 v0.6.4
2026-06-11T11:47:54.9660220Z [1m[92m   Compiling[0m signal-hook-registry v1.4.8
2026-06-11T11:47:54.9930848Z [1m[92m   Compiling[0m zmij v1.0.21
2026-06-11T11:47:55.0090893Z [1m[92m   Compiling[0m cc v1.2.63
2026-06-11T11:47:55.0780417Z [1m[92m   Compiling[0m syn v2.0.117
2026-06-11T11:47:55.0870092Z [1m[92m   Compiling[0m slab v0.4.12
2026-06-11T11:47:55.1803941Z [1m[92m   Compiling[0m equivalent v1.0.2
2026-06-11T11:47:55.2761171Z [1m[92m   Compiling[0m hashbrown v0.17.1
2026-06-11T11:47:55.3114295Z [1m[92m   Compiling[0m serde_json v1.0.150
2026-06-11T11:47:55.3840490Z [1m[92m   Compiling[0m stable_deref_trait v1.2.1
2026-06-11T11:47:55.4630643Z [1m[92m   Compiling[0m futures-io v0.3.32
2026-06-11T11:47:55.5482491Z [1m[92m   Compiling[0m futures-channel v0.3.32
2026-06-11T11:47:55.6740569Z [1m[92m   Compiling[0m tracing-core v0.1.36
2026-06-11T11:47:55.6993763Z [1m[92m   Compiling[0m indexmap v2.14.0
2026-06-11T11:47:55.7453819Z [1m[92m   Compiling[0m typenum v1.20.1
2026-06-11T11:47:55.7590752Z [1m[92m   Compiling[0m futures-task v0.3.32
2026-06-11T11:47:55.9906208Z [1m[92m   Compiling[0m aho-corasick v1.1.4
2026-06-11T11:47:56.0630534Z [1m[92m   Compiling[0m base64 v0.22.1
2026-06-11T11:47:56.0790755Z [1m[92m   Compiling[0m anyhow v1.0.102
2026-06-11T11:47:56.1120748Z [1m[92m   Compiling[0m serde_derive v1.0.228
2026-06-11T11:47:56.3067189Z [1m[92m   Compiling[0m tokio-macros v2.7.0
2026-06-11T11:47:56.3787800Z [1m[92m   Compiling[0m synstructure v0.13.2
2026-06-11T11:47:56.4000490Z [1m[92m   Compiling[0m zerovec-derive v0.11.3
2026-06-11T11:47:56.4343292Z [1m[92m   Compiling[0m tracing-attributes v0.1.31
2026-06-11T11:47:56.5070674Z [1m[92m   Compiling[0m futures-macro v0.3.32
2026-06-11T11:47:56.7050510Z [1m[92m   Compiling[0m zerofrom-derive v0.1.7
2026-06-11T11:47:57.3770513Z [1m[92m   Compiling[0m yoke-derive v0.8.2
2026-06-11T11:47:58.4290463Z [1m[92m   Compiling[0m futures-util v0.3.32
2026-06-11T11:47:59.5910530Z [1m[92m   Compiling[0m displaydoc v0.2.6
2026-06-11T11:47:59.8333640Z [1m[92m   Compiling[0m zerofrom v0.1.8
2026-06-11T11:47:59.9160594Z [1m[92m   Compiling[0m tracing v0.1.44
2026-06-11T11:48:00.1593392Z [1m[92m   Compiling[0m regex-syntax v0.8.11
2026-06-11T11:48:00.1970967Z [1m[92m   Compiling[0m yoke v0.8.3
2026-06-11T11:48:00.2720707Z [1m[92m   Compiling[0m either v1.16.0
2026-06-11T11:48:00.6601594Z [1m[92m   Compiling[0m zerovec v0.11.6
2026-06-11T11:48:00.6781215Z [1m[92m   Compiling[0m form_urlencoded v1.2.2
2026-06-11T11:48:00.9063246Z [1m[92m   Compiling[0m bitflags v2.13.0
2026-06-11T11:48:00.9922925Z [1m[92m   Compiling[0m litemap v0.8.2
2026-06-11T11:48:01.1203403Z [1m[92m   Compiling[0m tinystr v0.8.3
2026-06-11T11:48:01.1773693Z [1m[92m   Compiling[0m writeable v0.6.3
2026-06-11T11:48:01.2464275Z [1m[92m   Compiling[0m potential_utf v0.1.5
2026-06-11T11:48:01.2465554Z [1m[92m   Compiling[0m zerotrie v0.2.4
2026-06-11T11:48:01.3781057Z [1m[92m   Compiling[0m icu_normalizer_data v2.2.0
2026-06-11T11:48:01.5103553Z [1m[92m   Compiling[0m icu_locale_core v2.2.0
2026-06-11T11:48:01.5104931Z [1m[92m   Compiling[0m icu_properties_data v2.2.0
2026-06-11T11:48:01.5473659Z [1m[92m   Compiling[0m utf8_iter v1.0.4
2026-06-11T11:48:01.5489878Z [1m[92m   Compiling[0m itertools v0.14.0
2026-06-11T11:48:02.0000879Z [1m[92m   Compiling[0m icu_collections v2.2.0
2026-06-11T11:48:02.1772422Z [1m[92m   Compiling[0m subtle v2.6.1
2026-06-11T11:48:02.2080462Z [1m[92m   Compiling[0m icu_provider v2.2.0
2026-06-11T11:48:02.3070554Z [1m[92m   Compiling[0m thiserror v2.0.18
2026-06-11T11:48:02.3584207Z [1m[92m   Compiling[0m thiserror-impl v2.0.18
2026-06-11T11:48:02.3690316Z [1m[92m   Compiling[0m httparse v1.10.1
2026-06-11T11:48:02.6345202Z [1m[92m   Compiling[0m icu_normalizer v2.2.0
2026-06-11T11:48:02.6570503Z [1m[92m   Compiling[0m bytes v1.11.1
2026-06-11T11:48:02.6630339Z [1m[92m   Compiling[0m icu_properties v2.2.0
2026-06-11T11:48:02.8530388Z [1m[92m   Compiling[0m fs_extra v1.3.0
2026-06-11T11:48:03.1990677Z [1m[92m   Compiling[0m linux-raw-sys v0.12.1
2026-06-11T11:48:03.2080985Z [1m[92m   Compiling[0m getrandom v0.3.4
2026-06-11T11:48:03.2980736Z [1m[92m   Compiling[0m autocfg v1.5.1
2026-06-11T11:48:03.3410507Z [1m[92m   Compiling[0m tokio v1.52.3
2026-06-11T11:48:03.6196013Z [1m[92m   Compiling[0m http v1.4.1
2026-06-11T11:48:03.6600435Z [1m[92m   Compiling[0m tower-service v0.3.3
2026-06-11T11:48:03.7030642Z [1m[92m   Compiling[0m num-traits v0.2.19
2026-06-11T11:48:03.7214340Z [1m[92m   Compiling[0m idna_adapter v1.2.2
2026-06-11T11:48:03.9760813Z [1m[92m   Compiling[0m async-trait v0.1.89
2026-06-11T11:48:04.2350542Z [1m[92m   Compiling[0m zerocopy v0.8.50
2026-06-11T11:48:04.2781027Z [1m[92m   Compiling[0m idna v1.1.0
2026-06-11T11:48:04.2930160Z [1m[92m   Compiling[0m http-body v1.0.1
2026-06-11T11:48:04.3799698Z [1m[92m   Compiling[0m atomic-waker v1.1.2
2026-06-11T11:48:04.5750515Z [1m[92m   Compiling[0m version_check v0.9.5
2026-06-11T11:48:04.6110462Z [1m[92m   Compiling[0m httpdate v1.0.3
2026-06-11T11:48:04.7400715Z [1m[92m   Compiling[0m url v2.5.8
2026-06-11T11:48:04.7840921Z [1m[92m   Compiling[0m fnv v1.0.7
2026-06-11T11:48:04.8950808Z [1m[92m   Compiling[0m try-lock v0.2.5
2026-06-11T11:48:04.9053398Z [1m[92m   Compiling[0m generic-array v0.14.9
2026-06-11T11:48:05.1240615Z [1m[92m   Compiling[0m want v0.3.1
2026-06-11T11:48:05.1464112Z [1m[92m   Compiling[0m heck v0.5.0
2026-06-11T11:48:05.2860752Z [1m[92m   Compiling[0m tokio-util v0.7.18
2026-06-11T11:48:05.3290984Z [1m[92m   Compiling[0m regex-automata v0.4.14
2026-06-11T11:48:05.3630692Z [1m[92m   Compiling[0m rustls-pki-types v1.14.1
2026-06-11T11:48:05.4054130Z [1m[92m   Compiling[0m rand_core v0.9.5
2026-06-11T11:48:05.9170598Z [1m[92m   Compiling[0m ipnet v2.12.0
2026-06-11T11:48:05.9541639Z [1m[92m   Compiling[0m h2 v0.4.14
2026-06-11T11:48:06.0851199Z [1m[92m   Compiling[0m regex v1.12.4
2026-06-11T11:48:06.1354130Z [1m[92m   Compiling[0m vcpkg v0.2.15
2026-06-11T11:48:06.2463381Z [1m[92m   Compiling[0m const-oid v0.9.6
2026-06-11T11:48:06.3436782Z [1m[92m   Compiling[0m pkg-config v0.3.33
2026-06-11T11:48:06.4081266Z [1m[92m   Compiling[0m http-body-util v0.1.3
2026-06-11T11:48:06.4776567Z [1m[92m   Compiling[0m hybrid-array v0.4.12
2026-06-11T11:48:06.5103659Z [1m[92m   Compiling[0m powerfmt v0.2.0
2026-06-11T11:48:06.5881385Z [1m[92m   Compiling[0m ppv-lite86 v0.2.21
2026-06-11T11:48:06.6509859Z [1m[92m   Compiling[0m openssl-sys v0.9.116
2026-06-11T11:48:06.9034060Z [1m[92m   Compiling[0m lazy_static v1.5.0
2026-06-11T11:48:06.9056534Z [1m[92m   Compiling[0m prettyplease v0.2.37
2026-06-11T11:48:06.9608188Z [1m[92m   Compiling[0m rand_chacha v0.9.0
2026-06-11T11:48:07.0471034Z [1m[92m   Compiling[0m crossbeam-utils v0.8.21
2026-06-11T11:48:07.1439588Z [1m[92m   Compiling[0m deranged v0.5.8
2026-06-11T11:48:07.1862548Z [1m[92m   Compiling[0m hyper v1.10.1
2026-06-11T11:48:07.2680286Z [1m[92m   Compiling[0m rand v0.9.4
2026-06-11T11:48:07.3758122Z [1m[92m   Compiling[0m cmake v0.1.58
2026-06-11T11:48:07.5390664Z [1m[92m   Compiling[0m sync_wrapper v1.0.2
2026-06-11T11:48:07.6937829Z [1m[92m   Compiling[0m rand_core v0.10.1
2026-06-11T11:48:07.7270857Z [1m[92m   Compiling[0m tower-layer v0.3.3
2026-06-11T11:48:07.7350403Z [1m[92m   Compiling[0m rustix v1.1.4
2026-06-11T11:48:07.8093944Z [1m[92m   Compiling[0m hyper-util v0.1.20
2026-06-11T11:48:07.8556673Z [1m[92m   Compiling[0m getrandom v0.4.2
2026-06-11T11:48:07.8890648Z [1m[92m   Compiling[0m num-conv v0.2.2
2026-06-11T11:48:07.9172728Z [1m[92m   Compiling[0m openssl-probe v0.2.1
2026-06-11T11:48:08.0560737Z [1m[92m   Compiling[0m cpufeatures v0.3.0
2026-06-11T11:48:08.0860987Z [1m[92m   Compiling[0m time-core v0.1.8
2026-06-11T11:48:08.2190743Z [1m[92m   Compiling[0m dunce v1.0.5
2026-06-11T11:48:08.3020566Z [1m[92m   Compiling[0m cmov v0.5.4
2026-06-11T11:48:08.3491193Z [1m[92m   Compiling[0m time v0.3.47
2026-06-11T11:48:08.4280852Z [1m[92m   Compiling[0m aws-lc-sys v0.41.0
2026-06-11T11:48:08.5420886Z [1m[92m   Compiling[0m crypto-common v0.2.2
2026-06-11T11:48:08.5843130Z [1m[92m   Compiling[0m block-buffer v0.12.0
2026-06-11T11:48:08.6110670Z [1m[92m   Compiling[0m ctutils v0.4.2
2026-06-11T11:48:08.6868839Z [1m[92m   Compiling[0m tokio-stream v0.1.18
2026-06-11T11:48:08.9000592Z [1m[92m   Compiling[0m prost-derive v0.14.4
2026-06-11T11:48:08.9271277Z [1m[92m   Compiling[0m const-oid v0.10.2
2026-06-11T11:48:08.9720463Z [1m[92m   Compiling[0m hex v0.4.3
2026-06-11T11:48:09.0710467Z [1m[92m   Compiling[0m fixedbitset v0.5.7
2026-06-11T11:48:09.2521673Z [1m[92m   Compiling[0m digest v0.11.3
2026-06-11T11:48:09.8610650Z [1m[92m   Compiling[0m chacha20 v0.10.0
2026-06-11T11:48:09.8670378Z [1m[92m   Compiling[0m tower v0.5.3
2026-06-11T11:48:10.1491097Z [1m[92m   Compiling[0m block-buffer v0.10.4
2026-06-11T11:48:10.2257926Z [1m[92m   Compiling[0m crypto-common v0.1.6
2026-06-11T11:48:10.3820628Z [1m[92m   Compiling[0m fastrand v2.4.1
2026-06-11T11:48:10.4166081Z [1m[92m   Compiling[0m foreign-types-shared v0.1.1
2026-06-11T11:48:10.4350355Z [1m[92m   Compiling[0m mime v0.3.17
2026-06-11T11:48:10.6469991Z [1m[92m   Compiling[0m scopeguard v1.2.0
2026-06-11T11:48:10.7270643Z [1m[92m   Compiling[0m openssl v0.10.80
2026-06-11T11:48:10.8278482Z [1m[92m   Compiling[0m tempfile v3.27.0
2026-06-11T11:48:10.9041226Z [1m[92m   Compiling[0m foreign-types v0.3.2
2026-06-11T11:48:10.9077427Z [1m[92m   Compiling[0m lock_api v0.4.14
2026-06-11T11:48:10.9911261Z [1m[92m   Compiling[0m digest v0.10.7
2026-06-11T11:48:11.0270632Z [1m[92m   Compiling[0m rand v0.10.1
2026-06-11T11:48:11.1181363Z [1m[92m   Compiling[0m openssl-macros v0.1.1
2026-06-11T11:48:11.2131401Z [1m[92m   Compiling[0m tinyvec_macros v0.1.1
2026-06-11T11:48:11.2173218Z [1m[92m   Compiling[0m aws-lc-rs v1.17.0
2026-06-11T11:48:11.3531169Z [1m[92m   Compiling[0m multimap v0.10.1
2026-06-11T11:48:11.4150589Z [1m[92m   Compiling[0m native-tls v0.2.18
2026-06-11T11:48:11.4617128Z [1m[92m   Compiling[0m tinyvec v1.11.0
2026-06-11T11:48:11.6064057Z [1m[92m   Compiling[0m uuid v1.23.3
2026-06-11T11:48:11.6351464Z [1m[92m   Compiling[0m ryu v1.0.23
2026-06-11T11:48:11.7108218Z [1m[92m   Compiling[0m home v0.5.12
2026-06-11T11:48:11.8943887Z [1m[92m   Compiling[0m glob v0.3.3
2026-06-11T11:48:11.8954239Z [1m[92m   Compiling[0m parking_lot_core v0.9.12
2026-06-11T11:48:11.9151154Z [1m[92m   Compiling[0m debugid v0.8.0
2026-06-11T11:48:11.9169972Z [1m[92m   Compiling[0m serde_urlencoded v0.7.1
2026-06-11T11:48:12.1061455Z [1m[92m   Compiling[0m unicode-normalization v0.1.25
2026-06-11T11:48:12.2494095Z [1m[92m   Compiling[0m clang-sys v1.8.1
2026-06-11T11:48:12.2529999Z [1m[92m   Compiling[0m axum-core v0.5.6
2026-06-11T11:48:12.3461122Z [1m[92m   Compiling[0m prost-derive v0.13.5
2026-06-11T11:48:12.4971473Z [1m[92m   Compiling[0m serde_path_to_error v0.1.20
2026-06-11T11:48:12.7591842Z [1m[92m   Compiling[0m unicode-bidi v0.3.18
2026-06-11T11:48:12.9140594Z [1m[92m   Compiling[0m rustix v0.38.44
2026-06-11T11:48:13.0070762Z [1m[92m   Compiling[0m crunchy v0.2.4
2026-06-11T11:48:13.2140541Z [1m[92m   Compiling[0m strsim v0.11.1
2026-06-11T11:48:13.3150715Z [1m[92m   Compiling[0m unicode-properties v0.1.4
2026-06-11T11:48:13.3220142Z [1m[92m   Compiling[0m matchit v0.8.4
2026-06-11T11:48:13.5420825Z [1m[92m   Compiling[0m sentry-types v0.48.2
2026-06-11T11:48:13.5860708Z [1m[92m   Compiling[0m stringprep v0.1.5
2026-06-11T11:48:13.5980343Z [1m[92m   Compiling[0m axum v0.8.9
2026-06-11T11:48:14.4010399Z [1m[92m   Compiling[0m hmac v0.13.0
2026-06-11T11:48:14.4420686Z [1m[92m   Compiling[0m md-5 v0.11.0
2026-06-11T11:48:14.5690252Z [1m[92m   Compiling[0m sha2 v0.11.0
2026-06-11T11:48:14.5840963Z [1m[92m   Compiling[0m getrandom v0.2.17
2026-06-11T11:48:14.6374522Z [1m[92m   Compiling[0m object v0.37.3
2026-06-11T11:48:14.7650316Z [1m[92m   Compiling[0m rustls v0.23.40
2026-06-11T11:48:14.8121273Z [1m[92m   Compiling[0m iana-time-zone v0.1.65
2026-06-11T11:48:14.8597752Z [1m[92m   Compiling[0m byteorder v1.5.0
2026-06-11T11:48:14.8813676Z [1m[92m   Compiling[0m untrusted v0.9.0
2026-06-11T11:48:14.8880716Z [1m[92m   Compiling[0m fallible-iterator v0.2.0
2026-06-11T11:48:15.0233739Z [1m[92m   Compiling[0m linux-raw-sys v0.4.15
2026-06-11T11:48:15.0720874Z [1m[92m   Compiling[0m tiny-keccak v2.0.2
2026-06-11T11:48:15.0931859Z [1m[92m   Compiling[0m minimal-lexical v0.2.1
2026-06-11T11:48:15.1010865Z [1m[92m   Compiling[0m postgres-protocol v0.6.11
2026-06-11T11:48:15.3040600Z [1m[92m   Compiling[0m chrono v0.4.45
2026-06-11T11:48:15.4161087Z [1m[92m   Compiling[0m rand_core v0.6.4
2026-06-11T11:48:15.4435562Z [1m[92m   Compiling[0m nom v7.1.3
2026-06-11T11:48:15.4953381Z [1m[92m   Compiling[0m sentry-core v0.48.2
2026-06-11T11:48:15.7229015Z [1m[92m   Compiling[0m parking_lot v0.12.5
2026-06-11T11:48:15.8695014Z [1m[92m   Compiling[0m prost v0.13.5
2026-06-11T11:48:15.9901100Z [1m[92m   Compiling[0m prost v0.14.4
2026-06-11T11:48:16.0220439Z [1m[92m   Compiling[0m postgres-derive v0.4.8
2026-06-11T11:48:16.1820553Z [1m[92m   Compiling[0m libloading v0.8.9
2026-06-11T11:48:16.1902698Z [1m[92m   Compiling[0m siphasher v1.0.3
2026-06-11T11:48:16.2840699Z [1m[92m   Compiling[0m bindgen v0.66.1
2026-06-11T11:48:16.3601160Z [1m[92m   Compiling[0m adler2 v2.0.1
2026-06-11T11:48:16.4311531Z [1m[92m   Compiling[0m gimli v0.32.3
2026-06-11T11:48:16.5578450Z [1m[92m   Compiling[0m phf_shared v0.13.1
2026-06-11T11:48:16.5582032Z [1m[92m   Compiling[0m miniz_oxide v0.8.9
2026-06-11T11:48:16.9682690Z [1m[92m   Compiling[0m postgres-types v0.2.13
2026-06-11T11:48:17.1187381Z [1m[92m   Compiling[0m which v4.4.2
2026-06-11T11:48:17.1652269Z [1m[92m   Compiling[0m prost-types v0.13.5
2026-06-11T11:48:17.3018653Z [1m[92m   Compiling[0m cexpr v0.6.0
2026-06-11T11:48:17.4382111Z [1m[92m   Compiling[0m addr2line v0.25.1
2026-06-11T11:48:17.5563839Z [1m[92m   Compiling[0m petgraph v0.7.1
2026-06-11T11:48:18.5166359Z [1m[92m   Compiling[0m concurrent-queue v2.5.0
2026-06-11T11:48:18.9543462Z [1m[92m   Compiling[0m der v0.7.10
2026-06-11T11:48:21.6590662Z [1m[92m   Compiling[0m pin-project-internal v1.1.13
2026-06-11T11:48:23.0080487Z [1m[92m   Compiling[0m shlex v1.3.0
2026-06-11T11:48:23.1220574Z [1m[92m   Compiling[0m lazycell v1.3.0
2026-06-11T11:48:23.2700726Z [1m[92m   Compiling[0m parking v2.2.1
2026-06-11T11:48:23.3478040Z [1m[92m   Compiling[0m ucd-trie v0.1.7
2026-06-11T11:48:23.6750645Z [1m[92m   Compiling[0m rustc-hash v1.1.0
2026-06-11T11:48:23.7220822Z [1m[92m   Compiling[0m peeking_take_while v0.1.2
2026-06-11T11:48:23.8930954Z [1m[92m   Compiling[0m rustversion v1.0.22
2026-06-11T11:48:24.1541131Z [1m[92m   Compiling[0m foldhash v0.2.0
2026-06-11T11:48:24.2490673Z [1m[92m   Compiling[0m cpufeatures v0.2.17
2026-06-11T11:48:24.5900388Z [1m[92m   Compiling[0m typeid v1.0.3
2026-06-11T11:48:24.6320887Z [1m[92m   Compiling[0m rustc-demangle v0.1.27
2026-06-11T11:48:24.7660754Z [1m[92m   Compiling[0m pest v2.8.6
2026-06-11T11:48:24.8257891Z [1m[92m   Compiling[0m hashbrown v0.16.1
2026-06-11T11:48:24.9030671Z [1m[92m   Compiling[0m event-listener v5.4.1
2026-06-11T11:48:25.5170576Z [1m[92m   Compiling[0m backtrace v0.3.76
2026-06-11T11:48:26.9006867Z [1m[92m   Compiling[0m const-random-macro v0.1.16
2026-06-11T11:48:27.1680624Z [1m[92m   Compiling[0m prost-build v0.13.5
2026-06-11T11:48:27.5686308Z [1m[92m   Compiling[0m pin-project v1.1.13
2026-06-11T11:48:27.7540605Z [1m[92m   Compiling[0m phf v0.13.1
2026-06-11T11:48:29.8923915Z [1m[92m   Compiling[0m prost-types v0.14.4
2026-06-11T11:48:30.9800483Z [1m[92m   Compiling[0m hyper-timeout v0.5.2
2026-06-11T11:48:30.9900499Z [1m[92m   Compiling[0m num-integer v0.1.46
2026-06-11T11:48:31.1360710Z [1m[92m   Compiling[0m deadpool-runtime v0.1.4
2026-06-11T11:48:31.1961829Z [1m[92m   Compiling[0m async-compat v0.2.5
2026-06-11T11:48:31.5241954Z [1m[92m   Compiling[0m whoami v2.1.2
2026-06-11T11:48:31.7340139Z [1m[92m   Compiling[0m num_cpus v1.17.0
2026-06-11T11:48:31.7620387Z [1m[92m   Compiling[0m nom v8.0.0
2026-06-11T11:48:32.0340586Z [1m[92m   Compiling[0m unicode-segmentation v1.13.3
2026-06-11T11:48:32.8260509Z [1m[92m   Compiling[0m thiserror v1.0.69
2026-06-11T11:48:32.9900494Z [1m[92m   Compiling[0m ident_case v1.0.1
2026-06-11T11:48:33.1020557Z [1m[92m   Compiling[0m cookie-factory v0.3.3
2026-06-11T11:48:33.2670533Z [1m[92m   Compiling[0m semver v1.0.28
2026-06-11T11:48:33.7031056Z [1m[92m   Compiling[0m foldhash v0.1.5
2026-06-11T11:48:33.9683016Z [1m[92m   Compiling[0m darling_core v0.23.0
2026-06-11T11:48:34.2530907Z [1m[92m   Compiling[0m rustc_version v0.4.1
2026-06-11T11:48:34.4880379Z [1m[92m   Compiling[0m deadpool v0.12.3
2026-06-11T11:48:34.6172240Z [1m[92m   Compiling[0m hashbrown v0.15.5
2026-06-11T11:48:36.0422495Z [1m[92m   Compiling[0m amq-protocol-types v10.6.2
2026-06-11T11:48:36.5254800Z [1m[92m   Compiling[0m tokio-postgres v0.7.17
2026-06-11T11:48:37.0570890Z [1m[92m   Compiling[0m async-rs v0.8.11
2026-06-11T11:48:37.6834848Z [1m[92m   Compiling[0m tonic v0.14.6
2026-06-11T11:48:37.7031101Z [1m[92m   Compiling[0m pg_query v6.1.1
2026-06-11T11:48:38.7360487Z [1m[92m   Compiling[0m sentry-backtrace v0.48.2
2026-06-11T11:48:38.8362714Z [1m[92m   Compiling[0m const-random v0.1.18
2026-06-11T11:48:39.0683343Z [1m[92m   Compiling[0m pest_meta v2.8.6
2026-06-11T11:48:41.6591151Z [1m[92m   Compiling[0m spki v0.7.3
2026-06-11T11:48:41.8358512Z [1m[92m   Compiling[0m ff v0.13.1
2026-06-11T11:48:43.5296784Z [1m[92m   Compiling[0m async-native-tls v0.6.0
2026-06-11T11:48:44.0993988Z [1m[92m   Compiling[0m matchers v0.2.0
2026-06-11T11:48:44.1828591Z [1m[92m   Compiling[0m sharded-slab v0.1.7
2026-06-11T11:48:44.2422107Z [1m[92m   Compiling[0m ureq-proto v0.6.0
2026-06-11T11:48:44.3277192Z [1m[92m   Compiling[0m thiserror-impl v1.0.69
2026-06-11T11:48:44.6175263Z [1m[92m   Compiling[0m tracing-log v0.2.0
2026-06-11T11:48:44.7761161Z [1m[92m   Compiling[0m findshlibs v0.10.2
2026-06-11T11:48:45.0875999Z [1m[92m   Compiling[0m thread_local v1.1.9
2026-06-11T11:48:45.2294331Z [1m[92m   Compiling[0m utf8-zero v0.8.1
2026-06-11T11:48:45.8616915Z [1m[92m   Compiling[0m nu-ansi-term v0.50.3
2026-06-11T11:48:45.9933350Z [1m[92m   Compiling[0m base16ct v0.2.0
2026-06-11T11:48:46.1184396Z [1m[92m   Compiling[0m utf8parse v0.2.2
2026-06-11T11:48:46.2035157Z [1m[92m   Compiling[0m portable-atomic v1.13.1
2026-06-11T11:48:46.2301004Z [1m[92m   Compiling[0m bollard-buildkit-proto v0.7.0
2026-06-11T11:48:46.4342000Z [1m[92m   Compiling[0m owo-colors v4.3.0
2026-06-11T11:48:46.4550748Z [1m[92m   Compiling[0m erased-serde v0.4.10
2026-06-11T11:48:46.7550960Z [1m[92m   Compiling[0m sec1 v0.7.3
2026-06-11T11:48:46.8883779Z [1m[92m   Compiling[0m anstyle-parse v1.0.0
2026-06-11T11:48:46.9490347Z [1m[92m   Compiling[0m tracing-subscriber v0.3.23
2026-06-11T11:48:47.3660647Z [1m[92m   Compiling[0m tcp-stream v0.34.14
2026-06-11T11:48:47.4020477Z [1m[92m   Compiling[0m tonic-prost v0.14.6
2026-06-11T11:48:47.4830496Z [1m[92m   Compiling[0m pkcs8 v0.10.2
2026-06-11T11:48:48.7560983Z [1m[92m   Compiling[0m group v0.13.0
2026-06-11T11:48:49.5740789Z [1m[92m   Compiling[0m pest_generator v2.8.6
2026-06-11T11:48:49.6530546Z [1m[92m   Compiling[0m rapidhash v4.4.1
2026-06-11T11:48:49.8540461Z [1m[92m   Compiling[0m dlv-list v0.5.2
2026-06-11T11:48:49.9600443Z [1m[92m   Compiling[0m deadpool-postgres v0.14.1
2026-06-11T11:48:50.1250590Z [1m[92m   Compiling[0m amq-protocol-uri v10.6.2
2026-06-11T11:48:50.6628874Z [1m[92m   Compiling[0m darling_macro v0.23.0
2026-06-11T11:48:50.9081444Z [1m[92m   Compiling[0m petgraph v0.8.3
2026-06-11T11:48:51.0206703Z [1m[92m   Compiling[0m sentry-contexts v0.48.2
2026-06-11T11:48:51.2489694Z [1m[92m   Compiling[0m num-bigint v0.4.6
2026-06-11T11:48:51.4729561Z [1m[92m   Compiling[0m crypto-bigint v0.5.5
2026-06-11T11:48:53.5604802Z [1m[92m   Compiling[0m tokio-native-tls v0.3.1
2026-06-11T11:48:54.4754156Z [1m[92m   Compiling[0m hmac v0.12.1
2026-06-11T11:48:54.9550616Z [1m[92m   Compiling[0m raw-cpuid v11.6.0
2026-06-11T11:48:55.2284283Z [1m[92m   Compiling[0m itertools v0.10.5
2026-06-11T11:48:55.3064898Z [1m[92m   Compiling[0m structmeta-derive v0.3.0
2026-06-11T11:48:55.8260859Z [1m[92m   Compiling[0m is_terminal_polyfill v1.70.2
2026-06-11T11:48:56.4224118Z [1m[92m   Compiling[0m colorchoice v1.0.5
2026-06-11T11:48:58.3310657Z [1m[92m   Compiling[0m crc32fast v1.5.0
2026-06-11T11:48:58.5250668Z [1m[92m   Compiling[0m anstyle-query v1.1.5
2026-06-11T11:48:58.6261069Z [1m[92m   Compiling[0m hashbrown v0.14.5
2026-06-11T11:48:58.7683840Z [1m[92m   Compiling[0m unicode-width v0.2.2
2026-06-11T11:48:58.8130727Z [1m[92m   Compiling[0m anstyle v1.0.14
2026-06-11T11:48:59.0451061Z [1m[92m   Compiling[0m cfg_aliases v0.2.1
2026-06-11T11:48:59.2853278Z [1m[92m   Compiling[0m amq-protocol v10.6.2
2026-06-11T11:48:59.4368531Z [1m[92m   Compiling[0m winnow v1.0.3
2026-06-11T11:48:59.5201699Z [1m[92m   Compiling[0m litrs v1.0.0
2026-06-11T11:48:59.6824253Z [1m[92m   Compiling[0m ordered-multimap v0.7.3
2026-06-11T11:48:59.7885511Z [1m[92m   Compiling[0m sentry v0.48.2
2026-06-11T11:49:00.0040673Z [1m[92m   Compiling[0m anstream v1.0.0
2026-06-11T11:49:00.2280652Z [1m[92m   Compiling[0m quanta v0.12.6
2026-06-11T11:49:00.7170662Z [1m[92m   Compiling[0m document-features v0.2.12
2026-06-11T11:49:01.0416980Z [1m[92m   Compiling[0m structmeta v0.3.0
2026-06-11T11:49:01.0900726Z [1m[92m   Compiling[0m rfc6979 v0.4.0
2026-06-11T11:49:01.2264316Z [1m[92m   Compiling[0m hyper-tls v0.6.0
2026-06-11T11:49:01.4275119Z [1m[92m   Compiling[0m num-rational v0.4.2
2026-06-11T11:49:01.4490870Z [1m[92m   Compiling[0m elliptic-curve v0.13.8
2026-06-11T11:49:01.4730593Z [1m[92m   Compiling[0m toml_parser v1.1.2+spec-1.1.0
2026-06-11T11:49:01.5150531Z [1m[92m   Compiling[0m prost-build v0.14.4
2026-06-11T11:49:01.6960704Z [1m[92m   Compiling[0m amq-protocol-tcp v10.6.2
2026-06-11T11:49:01.7726064Z [1m[92m   Compiling[0m pest_derive v2.8.6
2026-06-11T11:49:01.8160674Z [1m[92m   Compiling[0m darling v0.23.0
2026-06-11T11:49:01.8331424Z [1m[92m   Compiling[0m metrics v0.24.6
2026-06-11T11:49:02.1725828Z [1m[92m   Compiling[0m num-iter v0.1.45
2026-06-11T11:49:02.2910563Z [1m[92m   Compiling[0m hashlink v0.11.1
2026-06-11T11:49:02.4194653Z [1m[92m   Compiling[0m sha2 v0.10.9
2026-06-11T11:49:02.4560939Z [1m[92m   Compiling[0m signature v2.2.0
2026-06-11T11:49:02.4791495Z [1m[92m   Compiling[0m spin v0.9.8
2026-06-11T11:49:02.4870317Z [1m[92m   Compiling[0m tower-http v0.6.11
2026-06-11T11:49:02.6274711Z [1m[92m   Compiling[0m crossbeam-epoch v0.9.18
2026-06-11T11:49:02.6436867Z [1m[92m   Compiling[0m left-right v0.11.7
2026-06-11T11:49:02.6830998Z [1m[92m   Compiling[0m num-complex v0.4.6
2026-06-11T11:49:02.7460673Z [1m[92m   Compiling[0m rand_xoshiro v0.7.0
2026-06-11T11:49:02.9114425Z [1m[92m   Compiling[0m async-stream-impl v0.3.6
2026-06-11T11:49:02.9240655Z [1m[92m   Compiling[0m serde_repr v0.1.20
2026-06-11T11:49:02.9291839Z [1m[92m   Compiling[0m hostname v0.4.2
2026-06-11T11:49:02.9388733Z [1m[92m   Compiling[0m uname v0.1.1
2026-06-11T11:49:03.2841356Z [1m[92m   Compiling[0m serde_spanned v1.1.1
2026-06-11T11:49:03.2930178Z [1m[92m   Compiling[0m toml_datetime v1.1.1+spec-1.1.0
2026-06-11T11:49:03.3841521Z [1m[92m   Compiling[0m encoding_rs v0.8.35
2026-06-11T11:49:03.4863111Z [1m[92m   Compiling[0m lapin v4.10.0
2026-06-11T11:49:03.5403981Z [1m[92m   Compiling[0m arraydeque v0.5.1
2026-06-11T11:49:03.6170448Z [1m[92m   Compiling[0m sketches-ddsketch v0.3.1
2026-06-11T11:49:03.8777912Z [1m[92m   Compiling[0m clap_lex v1.1.0
2026-06-11T11:49:03.9183229Z [1m[92m   Compiling[0m rust_decimal v1.42.0
2026-06-11T11:49:04.0383684Z [1m[92m   Compiling[0m hashbag v0.1.13
2026-06-11T11:49:04.0881672Z [1m[92m   Compiling[0m metrics-exporter-prometheus v0.18.3
2026-06-11T11:49:04.1449530Z [1m[92m   Compiling[0m backon v1.6.0
2026-06-11T11:49:04.2101275Z [1m[92m   Compiling[0m yaml-rust2 v0.11.0
2026-06-11T11:49:04.2135413Z [1m[92m   Compiling[0m clap_builder v4.6.0
2026-06-11T11:49:04.2520919Z [1m[92m   Compiling[0m evmap v11.0.0
2026-06-11T11:49:04.3394436Z [1m[92m   Compiling[0m metrics-util v0.20.4
2026-06-11T11:49:04.5584401Z [1m[92m   Compiling[0m toml v1.1.2+spec-1.1.0
2026-06-11T11:49:04.6093001Z [1m[92m   Compiling[0m async-stream v0.3.6
2026-06-11T11:49:04.7508709Z [1m[92m   Compiling[0m num v0.4.3
2026-06-11T11:49:04.8220532Z [1m[92m   Compiling[0m reqwest v0.13.4
2026-06-11T11:49:04.9205119Z [1m[92m   Compiling[0m flume v0.12.0
2026-06-11T11:49:04.9465588Z [1m[92m   Compiling[0m ecdsa v0.16.9
2026-06-11T11:49:04.9820401Z [1m[92m   Compiling[0m serde-untagged v0.1.9
2026-06-11T11:49:05.1271456Z [1m[92m   Compiling[0m sentry-debug-images v0.48.2
2026-06-11T11:49:05.1881321Z [1m[92m   Compiling[0m serde_with_macros v3.21.0
2026-06-11T11:49:05.2060034Z [1m[92m   Compiling[0m json5 v0.4.1
2026-06-11T11:49:05.5370341Z [1m[92m   Compiling[0m bitcoin-processor-app v0.1.0 (/home/runner/work/java-monorepo/java-monorepo/backend-rust/bitcoin-processor-app)
2026-06-11T11:49:05.6450565Z [1m[92m   Compiling[0m parse-display-derive v0.9.1
2026-06-11T11:49:05.7040594Z [1m[92m   Compiling[0m crossterm v0.29.0
2026-06-11T11:49:06.4280520Z [1m[92m   Compiling[0m rust-ini v0.21.3
2026-06-11T11:49:06.5288246Z [1m[92m   Compiling[0m sentry-tracing v0.48.2
2026-06-11T11:49:06.6390472Z [1m[92m   Compiling[0m ron v0.12.1
2026-06-11T11:49:06.7581233Z [1m[92m   Compiling[0m sentry-anyhow v0.48.2
2026-06-11T11:49:07.0501989Z [1m[92m   Compiling[0m sentry-panic v0.48.2
2026-06-11T11:49:07.0650299Z [1m[92m   Compiling[0m convert_case v0.6.0
2026-06-11T11:49:07.2000584Z [1m[92m   Compiling[0m event-listener-strategy v0.5.4
2026-06-11T11:49:07.3330428Z [1m[92m   Compiling[0m xattr v1.6.1
2026-06-11T11:49:07.4200494Z [1m[92m   Compiling[0m hyperlocal v0.9.1
2026-06-11T11:49:07.4860419Z [1m[92m   Compiling[0m rustls-native-certs v0.8.4
2026-06-11T11:49:07.5562202Z [1m[92m   Compiling[0m clap_derive v4.6.1
2026-06-11T11:49:07.6991118Z [1m[92m   Compiling[0m futures-executor v0.3.32
2026-06-11T11:49:07.9011341Z [1m[92m   Compiling[0m schemalane-macros v0.1.0 (https://github.com/donbeave/schemalane?branch=main#dd0d79d8)
2026-06-11T11:49:07.9644771Z [1m[92m   Compiling[0m filetime v0.2.29
2026-06-11T11:49:07.9730249Z [1m[92m   Compiling[0m pathdiff v0.2.3
2026-06-11T11:49:08.2130730Z [1m[92m   Compiling[0m arrayvec v0.7.6
2026-06-11T11:49:08.2680802Z [1m[92m   Compiling[0m rustc-hash v2.1.2
2026-06-11T11:49:08.4704738Z [1m[92m   Compiling[0m config v0.15.23
2026-06-11T11:49:08.6622318Z [1m[92m   Compiling[0m astral-tokio-tar v0.6.2
2026-06-11T11:49:08.9371936Z [1m[92m   Compiling[0m futures v0.3.32
2026-06-11T11:49:09.0560722Z [1m[92m   Compiling[0m parse-display v0.9.1
2026-06-11T11:49:09.1350387Z [1m[92m   Compiling[0m async-lock v3.4.2
2026-06-11T11:49:09.2980991Z [1m[92m   Compiling[0m serde_with v3.21.0
2026-06-11T11:49:09.7190626Z [1m[92m   Compiling[0m comfy-table v7.2.2
2026-06-11T11:49:09.8950642Z [1m[92m   Compiling[0m clap v4.6.1
2026-06-11T11:49:10.0764221Z [1m[92m   Compiling[0m k256 v0.13.4
2026-06-11T11:49:10.1725780Z [1m[92m   Compiling[0m bs58 v0.5.1
2026-06-11T11:49:10.4010406Z [1m[92m   Compiling[0m ferroid v2.0.0
2026-06-11T11:49:10.4931509Z [1m[92m   Compiling[0m tracing-request-level v0.1.0 (https://github.com/donbeave/tracing-request-level?rev=aeaca706ae0485066cdfc20c65f999a3d2980b96#aeaca706)
2026-06-11T11:49:10.5585190Z [1m[92m   Compiling[0m sha1 v0.10.6
2026-06-11T11:49:10.5862208Z [1m[92m   Compiling[0m ripemd v0.2.0
2026-06-11T11:49:10.6102741Z [1m[92m   Compiling[0m headers-core v0.3.0
2026-06-11T11:49:10.7457697Z [1m[92m   Compiling[0m docker_credential v1.4.0
2026-06-11T11:49:10.8816875Z [1m[92m   Compiling[0m etcetera v0.11.0
2026-06-11T11:49:10.9190650Z [1m[92m   Compiling[0m dotenvy v0.15.7
2026-06-11T11:49:10.9880562Z [1m[92m   Compiling[0m async-object-pool v0.2.0
2026-06-11T11:49:10.9940264Z [1m[92m   Compiling[0m headers v0.4.1
2026-06-11T11:49:11.0252912Z [1m[92m   Compiling[0m tabwriter v1.4.1
2026-06-11T11:49:11.0750718Z [1m[92m   Compiling[0m serde_regex v1.2.0
2026-06-11T11:49:11.2103267Z [1m[92m   Compiling[0m assert-json-diff v2.0.2
2026-06-11T11:49:11.2286450Z [1m[92m   Compiling[0m path-tree v0.8.3
2026-06-11T11:49:11.2860850Z [1m[92m   Compiling[0m futures-timer v3.0.4
2026-06-11T11:49:11.3414829Z [1m[92m   Compiling[0m similar v2.7.0
2026-06-11T11:49:11.3666030Z [1m[92m   Compiling[0m stringmetrics v2.2.2
2026-06-11T11:49:11.6297268Z [1m[92m   Compiling[0m httpmock v0.8.3
2026-06-11T11:49:53.9005556Z [1m[92m   Compiling[0m pg_query_fmt v0.1.3 (https://github.com/donbeave/schemalane?branch=main#dd0d79d8)
2026-06-11T11:49:55.5696736Z [1m[92m   Compiling[0m schemalane-core v0.1.20 (https://github.com/donbeave/schemalane?branch=main#dd0d79d8)
2026-06-11T11:49:57.0491538Z [1m[92m   Compiling[0m schemalane-cli v0.1.26 (https://github.com/donbeave/schemalane?branch=main#dd0d79d8)
2026-06-11T11:50:00.5663777Z [1m[92m   Compiling[0m bitcoin-migration v0.1.0 (/home/runner/work/java-monorepo/java-monorepo/backend-rust/bitcoin-migration)
2026-06-11T11:50:05.9308892Z [1m[92m   Compiling[0m rustls-webpki v0.103.13
2026-06-11T11:50:06.5729374Z [1m[92m   Compiling[0m ureq v3.3.0
2026-06-11T11:50:06.5734001Z [1m[92m   Compiling[0m tokio-rustls v0.26.4
2026-06-11T11:50:06.7251032Z [1m[92m   Compiling[0m hyper-rustls v0.27.9
2026-06-11T11:50:07.5000597Z [1m[92m   Compiling[0m bollard-stubs v1.52.1-rc.29.1.3
2026-06-11T11:50:09.1249785Z [1m[92m   Compiling[0m bollard v0.20.2
2026-06-11T11:50:09.6680413Z [1m[92m   Compiling[0m testcontainers v0.27.3
2026-06-11T11:50:10.0503080Z [1m[92m   Compiling[0m testcontainers-modules v0.15.0
2026-06-11T11:50:27.1239748Z [1m[92m    Finished[0m `test` profile [unoptimized + debuginfo] target(s) in 2m 34s
2026-06-11T11:50:27.2238134Z ────────────
2026-06-11T11:50:27.2239725Z [32;1m Nextest run[0m ID [1med533917-a690-4891-afa5-2b1386cc8421[0m with nextest profile: [1mci[0m
2026-06-11T11:50:27.2240965Z [32;1m    Starting[0m [1m96[0m tests across [1m7[0m binaries
2026-06-11T11:50:27.2336647Z [32;1m        PASS[0m [   0.006s] ( 1/96) [35;1mbitcoin-processor-app[0m [36mconfig::tests[0m[36m::[0m[34;1mlistener_enabled_absent_emits_nothing[0m
2026-06-11T11:50:27.2350835Z [32;1m        PASS[0m [   0.007s] ( 2/96) [35;1mbitcoin-processor-app[0m [36mconfig::tests[0m[36m::[0m[34;1mlistener_enabled_false_disables_both_consumers[0m
2026-06-11T11:50:27.2389908Z [32;1m        PASS[0m [   0.007s] ( 3/96) [35;1mbitcoin-processor-app[0m [36mconfig::tests[0m[36m::[0m[34;1mscheduled_enabled_absent_emits_nothing[0m
2026-06-11T11:50:27.2420782Z [32;1m        PASS[0m [   0.009s] ( 4/96) [35;1mbitcoin-processor-app[0m [36mconfig::tests[0m[36m::[0m[34;1mlistener_enabled_true_sets_both_consumers[0m
2026-06-11T11:50:27.2456224Z [32;1m        PASS[0m [   0.007s] ( 5/96) [35;1mbitcoin-processor-app[0m [36mconfig::tests[0m[36m::[0m[34;1mscheduled_enabled_case_insensitive[0m
2026-06-11T11:50:27.2479727Z [32;1m        PASS[0m [   0.007s] ( 6/96) [35;1mbitcoin-processor-app[0m [36mconfig::tests[0m[36m::[0m[34;1mscheduled_enabled_false_disables_importer[0m
2026-06-11T11:50:27.2530531Z [32;1m        PASS[0m [   0.007s] ( 7/96) [35;1mbitcoin-processor-app[0m [36mconfig::tests[0m[36m::[0m[34;1mscheduled_enabled_true_sets_importer_enabled[0m
2026-06-11T11:50:27.2559550Z [32;1m        PASS[0m [   0.008s] ( 8/96) [35;1mbitcoin-processor-app[0m [36mcrypto::address_format_utils::tests[0m[36m::[0m[34;1mtest_detect_format[0m
2026-06-11T11:50:27.2600062Z [32;1m        PASS[0m [   0.007s] ( 9/96) [35;1mbitcoin-processor-app[0m [36mcrypto::address_format_utils::tests[0m[36m::[0m[34;1mtest_detect_format_bc1z_witness_unknown_returns_err[0m
2026-06-11T11:50:27.2640222Z [32;1m        PASS[0m [   0.007s] (10/96) [35;1mbitcoin-processor-app[0m [36mcrypto::address_format_utils::tests[0m[36m::[0m[34;1mtest_detect_format_empty_returns_err[0m
2026-06-11T11:50:27.2678122Z [32;1m        PASS[0m [   0.008s] (11/96) [35;1mbitcoin-processor-app[0m [36mcrypto::address_format_utils::tests[0m[36m::[0m[34;1mtest_detect_format_garbage_returns_err[0m
2026-06-11T11:50:27.2706129Z [32;1m        PASS[0m [   0.008s] (12/96) [35;1mbitcoin-processor-app[0m [36mcrypto::address_format_utils::tests[0m[36m::[0m[34;1mtest_detect_format_unknown_returns_err[0m
2026-06-11T11:50:27.2752192Z [32;1m        PASS[0m [   0.007s] (13/96) [35;1mbitcoin-processor-app[0m [36mcrypto::public_key_utils::tests[0m[36m::[0m[34;1mtest_compress[0m
2026-06-11T11:50:27.2795919Z [32;1m        PASS[0m [   0.009s] (14/96) [35;1mbitcoin-processor-app[0m [36mcrypto::public_key_utils::tests[0m[36m::[0m[34;1mtest_compress_java_fixtures[0m
2026-06-11T11:50:27.2820936Z [32;1m        PASS[0m [   0.007s] (15/96) [35;1mbitcoin-processor-app[0m [36mcrypto::public_key_utils::tests[0m[36m::[0m[34;1mtest_compress_uncompress_roundtrip[0m
2026-06-11T11:50:27.2867051Z [32;1m        PASS[0m [   0.007s] (16/96) [35;1mbitcoin-processor-app[0m [36mcrypto::public_key_utils::tests[0m[36m::[0m[34;1mtest_detect_format_compressed[0m
2026-06-11T11:50:27.2911459Z [32;1m        PASS[0m [   0.007s] (17/96) [35;1mbitcoin-processor-app[0m [36mcrypto::public_key_utils::tests[0m[36m::[0m[34;1mtest_detect_format_java_fixtures[0m
2026-06-11T11:50:27.2944301Z [32;1m        PASS[0m [   0.007s] (18/96) [35;1mbitcoin-processor-app[0m [36mcrypto::public_key_utils::tests[0m[36m::[0m[34;1mtest_detect_format_uncompressed[0m
2026-06-11T11:50:27.2978557Z [32;1m        PASS[0m [   0.008s] (19/96) [35;1mbitcoin-processor-app[0m [36mcrypto::public_key_utils::tests[0m[36m::[0m[34;1mtest_generate_address[0m
2026-06-11T11:50:27.3023780Z [32;1m        PASS[0m [   0.008s] (20/96) [35;1mbitcoin-processor-app[0m [36mcrypto::public_key_utils::tests[0m[36m::[0m[34;1mtest_generate_address_java_fixtures[0m
2026-06-11T11:50:27.3058301Z [32;1m        PASS[0m [   0.008s] (21/96) [35;1mbitcoin-processor-app[0m [36mcrypto::public_key_utils::tests[0m[36m::[0m[34;1mtest_generate_hash160[0m
2026-06-11T11:50:27.3101097Z [32;1m        PASS[0m [   0.007s] (22/96) [35;1mbitcoin-processor-app[0m [36mcrypto::public_key_utils::tests[0m[36m::[0m[34;1mtest_generate_hash160_java_fixtures[0m
2026-06-11T11:50:27.3140278Z [32;1m        PASS[0m [   0.008s] (23/96) [35;1mbitcoin-processor-app[0m [36mcrypto::public_key_utils::tests[0m[36m::[0m[34;1mtest_is_valid[0m
2026-06-11T11:50:27.3173250Z [32;1m        PASS[0m [   0.008s] (24/96) [35;1mbitcoin-processor-app[0m [36mcrypto::public_key_utils::tests[0m[36m::[0m[34;1mtest_is_valid_hash160[0m
2026-06-11T11:50:27.3231463Z [32;1m        PASS[0m [   0.008s] (25/96) [35;1mbitcoin-processor-app[0m [36mcrypto::public_key_utils::tests[0m[36m::[0m[34;1mtest_uncompress[0m
2026-06-11T11:50:27.3254872Z [32;1m        PASS[0m [   0.008s] (26/96) [35;1mbitcoin-processor-app[0m [36mcrypto::public_key_utils::tests[0m[36m::[0m[34;1mtest_uncompress_java_fixtures[0m
2026-06-11T11:50:27.3310933Z [32;1m        PASS[0m [   0.009s] (27/96) [35;1mbitcoin-processor-app[0m [36mpipeline::mapper::block_mapper::tests[0m[36m::[0m[34;1mtest_unix_timestamp_to_datetime[0m
2026-06-11T11:50:27.3332190Z [32;1m        PASS[0m [   0.006s] (28/96) [35;1mbitcoin-processor-app[0m [36mpipeline::mapper::vout_mapper::tests[0m[36m::[0m[34;1mtest_apply_multisig_from_nonstandard_non_numeric_after_equalverify_returns_err[0m
2026-06-11T11:50:27.3372672Z [32;1m        PASS[0m [   0.007s] (29/96) [35;1mbitcoin-processor-app[0m [36mpipeline::mapper::vout_mapper::tests[0m[36m::[0m[34;1mtest_decimal_to_money[0m
2026-06-11T11:50:27.3402403Z [32;1m        PASS[0m [   0.008s] (30/96) [35;1mbitcoin-processor-app[0m [36mpipeline::mapper::vout_mapper::tests[0m[36m::[0m[34;1mtest_extract_pubkey_from_asm[0m
2026-06-11T11:50:27.3457076Z [32;1m        PASS[0m [   0.008s] (31/96) [35;1mbitcoin-processor-app[0m [36mpipeline::mapper::vout_mapper::tests[0m[36m::[0m[34;1mtest_map_script_pub_key_type[0m
2026-06-11T11:50:27.3476597Z [32;1m        PASS[0m [   0.007s] (32/96) [35;1mbitcoin-processor-app[0m [36mpipeline::mapper::vout_mapper::tests[0m[36m::[0m[34;1mtest_parse_multi_descriptor[0m
2026-06-11T11:50:27.3541309Z [32;1m        PASS[0m [   0.008s] (33/96) [35;1mbitcoin-processor-app[0m [36mpipeline::mapper::vout_mapper::tests[0m[36m::[0m[34;1mtest_parse_multi_descriptor_java_fixture_2_signatures[0m
2026-06-11T11:50:27.3571090Z [32;1m        PASS[0m [   0.008s] (34/96) [35;1mbitcoin-processor-app[0m [36mpipeline::mapper::vout_mapper::tests[0m[36m::[0m[34;1mtest_parse_multi_descriptor_java_fixture_3_signatures[0m
2026-06-11T11:50:27.3621023Z [32;1m        PASS[0m [   0.007s] (35/96) [35;1mbitcoin-processor-app[0m [36mpipeline::mapper::vout_mapper::tests[0m[36m::[0m[34;1mtest_parse_multi_descriptor_missing_checksum_returns_err[0m
2026-06-11T11:50:27.3646197Z [32;1m        PASS[0m [   0.009s] (36/96) [35;1mbitcoin-processor-app[0m [36mpipeline::mapper::vout_mapper::tests[0m[36m::[0m[34;1mtest_parse_multi_descriptor_no_closing_paren_returns_err[0m
2026-06-11T11:50:27.3685475Z [32;1m        PASS[0m [   0.008s] (37/96) [35;1mbitcoin-processor-app[0m [36mpipeline::mapper::vout_mapper::tests[0m[36m::[0m[34;1mtest_parse_multi_descriptor_non_numeric_m_returns_err[0m
2026-06-11T11:50:27.3730977Z [32;1m        PASS[0m [   0.007s] (38/96) [35;1mbitcoin-processor-app[0m [36mpipeline::mapper::vout_mapper::tests[0m[36m::[0m[34;1mtest_parse_multisig_asm[0m
2026-06-11T11:50:27.3780987Z [32;1m        PASS[0m [   0.008s] (39/96) [35;1mbitcoin-processor-app[0m [36mpipeline::mapper::vout_mapper::tests[0m[36m::[0m[34;1mtest_parse_multisig_asm_empty_returns_err[0m
2026-06-11T11:50:27.3805121Z [32;1m        PASS[0m [   0.009s] (40/96) [35;1mbitcoin-processor-app[0m [36mpipeline::mapper::vout_mapper::tests[0m[36m::[0m[34;1mtest_parse_multisig_asm_java_fixture_2_signatures[0m
2026-06-11T11:50:27.3842938Z [32;1m        PASS[0m [   0.007s] (41/96) [35;1mbitcoin-processor-app[0m [36mpipeline::mapper::vout_mapper::tests[0m[36m::[0m[34;1mtest_parse_multisig_asm_java_fixture_2_signatures_variant[0m
2026-06-11T11:50:27.3891175Z [32;1m        PASS[0m [   0.007s] (42/96) [35;1mbitcoin-processor-app[0m [36mpipeline::mapper::vout_mapper::tests[0m[36m::[0m[34;1mtest_parse_multisig_asm_key_count_mismatch_returns_err[0m
2026-06-11T11:50:27.3923478Z [32;1m        PASS[0m [   0.008s] (43/96) [35;1mbitcoin-processor-app[0m [36mpipeline::mapper::vout_mapper::tests[0m[36m::[0m[34;1mtest_parse_multisig_asm_missing_op_check_multisig_returns_err[0m
2026-06-11T11:50:27.3964866Z [32;1m        PASS[0m [   0.009s] (44/96) [35;1mbitcoin-processor-app[0m [36mpipeline::mapper::vout_mapper::tests[0m[36m::[0m[34;1mtest_parse_multisig_asm_non_numeric_m_returns_err[0m
2026-06-11T11:50:27.3998317Z [32;1m        PASS[0m [   0.007s] (45/96) [35;1mbitcoin-processor-app[0m [36mqueue::topology::tests[0m[36m::[0m[34;1mrabbit_dead_letter_topology_is_stable[0m
2026-06-11T11:50:27.4049767Z [32;1m        PASS[0m [   0.008s] (46/96) [35;1mbitcoin-processor-app[0m [36mqueue::topology::tests[0m[36m::[0m[34;1mrabbit_exchange_name_is_stable[0m
2026-06-11T11:50:27.4086995Z [32;1m        PASS[0m [   0.009s] (47/96) [35;1mbitcoin-processor-app[0m [36mqueue::topology::tests[0m[36m::[0m[34;1mrabbit_pipeline_queue_names_are_stable[0m
2026-06-11T11:50:27.4121187Z [32;1m        PASS[0m [   0.006s] (48/96) [35;1mbitcoin-processor-app[0m [36mrepository::tx_repo::tests[0m[36m::[0m[34;1mhstore_sql_decimal_precision_preserved[0m
2026-06-11T11:50:27.4170646Z [32;1m        PASS[0m [   0.008s] (49/96) [35;1mbitcoin-processor-app[0m [36mrepository::tx_repo::tests[0m[36m::[0m[34;1mhstore_sql_empty_map_returns_empty_hstore[0m
2026-06-11T11:50:27.4200898Z [32;1m        PASS[0m [   0.007s] (50/96) [35;1mbitcoin-processor-app[0m [36mrepository::tx_repo::tests[0m[36m::[0m[34;1mhstore_sql_multiple_entries_sorted_by_key[0m
2026-06-11T11:50:27.4242893Z [32;1m        PASS[0m [   0.007s] (51/96) [35;1mbitcoin-processor-app[0m [36mrepository::tx_repo::tests[0m[36m::[0m[34;1mhstore_sql_single_entry[0m
2026-06-11T11:50:27.4259633Z [32;1m        PASS[0m [   0.007s] (52/96) [35;1mbitcoin-processor-app[0m [36mrepository::tx_repo::tests[0m[36m::[0m[34;1mvin_addr_key_address_returns_address[0m
2026-06-11T11:50:27.4335685Z [32;1m        PASS[0m [   0.009s] (53/96) [35;1mbitcoin-processor-app[0m [36mrepository::tx_repo::tests[0m[36m::[0m[34;1mvin_addr_key_coinbase_returns_coinbase_string[0m
2026-06-11T11:50:27.4338390Z [32;1m        PASS[0m [   0.008s] (54/96) [35;1mbitcoin-processor-app[0m [36mrepository::tx_repo::tests[0m[36m::[0m[34;1mvin_addr_key_neither_returns_err[0m
2026-06-11T11:50:27.4399409Z [32;1m        PASS[0m [   0.006s] (55/96) [35;1mbitcoin-processor-app[0m [36mweb::routes::tests[0m[36m::[0m[34;1mmetrics_route_is_stable[0m
2026-06-11T11:50:27.4438457Z [32;1m        PASS[0m [   0.008s] (56/96) [35;1mbitcoin-processor-app[0m [36mweb::routes::tests[0m[36m::[0m[34;1mhealth_route_is_stable[0m
2026-06-11T11:50:27.4490860Z [32;1m        PASS[0m [   0.008s] (57/96) [35;1mbitcoin-processor-app[0m [36mweb::routes::tests[0m[36m::[0m[34;1mready_route_is_stable[0m
2026-06-11T11:50:27.4512146Z [32;1m        PASS[0m [   0.008s] (58/96) [35;1mbitcoin-processor-app::application_test[0m [34;1mtest_it_works[0m
2026-06-11T11:50:27.4561435Z [32;1m        PASS[0m [   0.008s] (59/96) [35;1mbitcoin-processor-app::bitcoin_block_mapper_test[0m [34;1mto_proto_block_0[0m
2026-06-11T11:50:27.4623813Z [32;1m        PASS[0m [   0.011s] (60/96) [35;1mbitcoin-processor-app::bitcoin_block_mapper_test[0m [34;1mto_proto_block_1056[0m
2026-06-11T11:50:27.4742948Z [32;1m        PASS[0m [   0.012s] (61/96) [35;1mbitcoin-processor-app::bitcoin_block_mapper_test[0m [34;1mto_proto_block_150951[0m
2026-06-11T11:50:27.4749917Z [32;1m        PASS[0m [   0.019s] (62/96) [35;1mbitcoin-processor-app::bitcoin_block_mapper_test[0m [34;1mto_proto_block_140921[0m
2026-06-11T11:50:27.4838099Z [32;1m        PASS[0m [   0.009s] (63/96) [35;1mbitcoin-processor-app::bitcoin_block_mapper_test[0m [34;1mto_proto_block_164467_multisig[0m
2026-06-11T11:50:27.5067369Z [32;1m        PASS[0m [   0.022s] (64/96) [35;1mbitcoin-processor-app::bitcoin_block_mapper_test[0m [34;1mto_proto_block_247633_nulldata[0m
2026-06-11T11:50:27.5491195Z [32;1m        PASS[0m [   0.040s] (65/96) [35;1mbitcoin-processor-app::bitcoin_block_mapper_test[0m [34;1mto_proto_block_249957[0m
2026-06-11T11:50:27.6258130Z [32;1m        PASS[0m [   0.079s] (66/96) [35;1mbitcoin-processor-app::bitcoin_block_mapper_test[0m [34;1mto_proto_block_278495_hash160_multisig[0m
2026-06-11T11:50:27.7011961Z [32;1m        PASS[0m [   0.225s] (67/96) [35;1mbitcoin-processor-app::bitcoin_block_mapper_test[0m [34;1mto_proto_block_230217[0m
2026-06-11T11:50:27.7792207Z [32;1m        PASS[0m [   0.152s] (68/96) [35;1mbitcoin-processor-app::bitcoin_block_mapper_test[0m [34;1mto_proto_block_280091[0m
2026-06-11T11:50:27.8532127Z [32;1m        PASS[0m [   0.151s] (69/96) [35;1mbitcoin-processor-app::bitcoin_block_mapper_test[0m [34;1mto_proto_block_290499[0m
2026-06-11T11:50:27.9643087Z [32;1m        PASS[0m [   0.186s] (70/96) [35;1mbitcoin-processor-app::bitcoin_block_mapper_test[0m [34;1mto_proto_block_322670[0m
2026-06-11T11:50:28.1121785Z [32;1m        PASS[0m [   0.259s] (71/96) [35;1mbitcoin-processor-app::bitcoin_block_mapper_test[0m [34;1mto_proto_block_338414[0m
2026-06-11T11:50:28.1254956Z [32;1m        PASS[0m [   0.015s] (72/96) [35;1mbitcoin-processor-app::bitcoin_block_mapper_test[0m [34;1mto_proto_block_71036[0m
2026-06-11T11:50:28.3218224Z [32;1m        PASS[0m [   0.357s] (73/96) [35;1mbitcoin-processor-app::bitcoin_block_mapper_test[0m [34;1mto_proto_block_608561_witness_unknown[0m
2026-06-11T11:50:28.4788319Z [32;1m        PASS[0m [   0.353s] (74/96) [35;1mbitcoin-processor-app::bitcoin_block_mapper_test[0m [34;1mto_proto_block_853891_modern[0m
2026-06-11T11:50:28.5398277Z [32;1m        PASS[0m [   0.061s] (75/96) [35;1mbitcoin-processor-app::importer_test[0m [34;1menrich_vins_derives_pubkey_address_when_referenced_vout_has_no_rpc_address[0m
2026-06-11T11:50:28.6089871Z [32;1m        PASS[0m [   0.069s] (76/96) [35;1mbitcoin-processor-app::importer_test[0m [34;1menrich_vins_missing_address_returns_err[0m
2026-06-11T11:50:28.6986602Z [32;1m        PASS[0m [   0.090s] (77/96) [35;1mbitcoin-processor-app::importer_test[0m [34;1menrich_vins_missing_vout_index_returns_err[0m
2026-06-11T11:50:28.7583225Z [32;1m        PASS[0m [   0.059s] (78/96) [35;1mbitcoin-processor-app::importer_test[0m [34;1menrich_vins_whitespace_address_returns_err[0m
2026-06-11T11:50:39.2624324Z [32;1m        PASS[0m [  10.504s] (79/96) [35;1mbitcoin-processor-app::importer_test[0m [34;1mimport_first_block_genesis_proto[0m
2026-06-11T11:50:39.3115888Z [32;1m        PASS[0m [  10.989s] (80/96) [35;1mbitcoin-processor-app::importer_test[0m [34;1menrich_genesis_block_pipeline[0m
2026-06-11T11:50:39.3791312Z [32;1m        PASS[0m [   0.116s] (81/96) [35;1mbitcoin-processor-app::importer_test[0m [34;1mimport_second_block_proto[0m
2026-06-11T11:50:42.1915220Z [32;1m        PASS[0m [   2.880s] (82/96) [35;1mbitcoin-processor-app::persistence_test[0m [34;1mtest_address_create_or_update_no_identity_returns_err[0m
2026-06-11T11:50:42.4308388Z [32;1m        PASS[0m [   3.050s] (83/96) [35;1mbitcoin-processor-app::persistence_test[0m [34;1mtest_block_find_or_create[0m
2026-06-11T11:50:45.1422541Z [32;1m        PASS[0m [   2.949s] (84/96) [35;1mbitcoin-processor-app::persistence_test[0m [34;1mtest_find_or_create_blank_idempotent[0m
2026-06-11T11:50:45.3125203Z [32;1m        PASS[0m [   2.883s] (85/96) [35;1mbitcoin-processor-app::persistence_test[0m [34;1mtest_find_or_create_invalid_date_returns_err[0m
2026-06-11T11:50:47.9776720Z [32;1m        PASS[0m [   2.836s] (86/96) [35;1mbitcoin-processor-app::persistence_test[0m [34;1mtest_tip_hash_empty[0m
2026-06-11T11:50:48.1601313Z [32;1m        PASS[0m [   2.846s] (87/96) [35;1mbitcoin-processor-app::persistence_test[0m [34;1mtest_tip_hash_returns_highest_index[0m
2026-06-11T11:50:50.8731375Z [32;1m        PASS[0m [   2.896s] (88/96) [35;1mbitcoin-processor-app::persistence_test[0m [34;1mtest_transaction_already_processed_is_skipped[0m
2026-06-11T11:50:51.0165657Z [32;1m        PASS[0m [   2.858s] (89/96) [35;1mbitcoin-processor-app::persistence_test[0m [34;1mtest_transaction_already_processed_values_preserved[0m
2026-06-11T11:50:53.7514072Z [32;1m        PASS[0m [   2.874s] (90/96) [35;1mbitcoin-processor-app::persistence_test[0m [34;1mtest_transaction_create_or_update[0m
2026-06-11T11:50:53.8474962Z [32;1m        PASS[0m [   2.830s] (91/96) [35;1mbitcoin-processor-app::persistence_test[0m [34;1mtest_transaction_vout_with_hash160_key_returns_err[0m
2026-06-11T11:50:53.9722800Z [32;1m        PASS[0m [   0.121s] (92/96) [35;1mbitcoin-processor-app::rpc_client_test[0m [34;1mcreate_multi_sig_request_matches_java_model[0m
2026-06-11T11:50:54.0947758Z [32;1m        PASS[0m [   0.125s] (93/96) [35;1mbitcoin-processor-app::rpc_client_test[0m [34;1mget_block_genesis[0m
2026-06-11T11:50:54.1925727Z [32;1m        PASS[0m [   0.098s] (94/96) [35;1mbitcoin-processor-app::rpc_client_test[0m [34;1mget_block_hash_success[0m
2026-06-11T11:50:54.2920504Z [32;1m        PASS[0m [   0.100s] (95/96) [35;1mbitcoin-processor-app::rpc_client_test[0m [34;1mget_raw_transaction_with_inputs[0m
2026-06-11T11:50:55.9745847Z [32;1m        PASS[0m [   2.227s] (96/96) [35;1mbitcoin-processor-app::persistence_test[0m [34;1mtest_transaction_vout_without_identity_returns_err[0m
2026-06-11T11:50:55.9748660Z ────────────
2026-06-11T11:50:55.9751743Z [32;1m     Summary[0m [  28.751s] [1m96[0m tests run: [1m96[0m [32;1mpassed[0m, [1m0[0m [33;1mskipped[0m
2026-06-11T11:50:55.9897905Z Post job cleanup.
2026-06-11T11:50:56.0801603Z ##[group]Get human-readable stats
2026-06-11T11:50:56.0825096Z [command]/opt/hostedtoolcache/sccache/0.15.0/x64/sccache --show-stats
2026-06-11T11:50:56.0888104Z Compile requests                    968
2026-06-11T11:50:56.0888922Z Compile requests executed           854
2026-06-11T11:50:56.0890180Z Cache hits                          484
2026-06-11T11:50:56.0891014Z Cache hits (Assembler)               76
2026-06-11T11:50:56.0891792Z Cache hits (C/C++)                   88
2026-06-11T11:50:56.0892560Z Cache hits (Rust)                   320
2026-06-11T11:50:56.0893324Z Cache misses                        366
2026-06-11T11:50:56.0894098Z Cache misses (Assembler)             26
2026-06-11T11:50:56.0894865Z Cache misses (C/C++)                238
2026-06-11T11:50:56.0895662Z Cache misses (Rust)                 102
2026-06-11T11:50:56.0896416Z Cache hits rate                   56.94 %
2026-06-11T11:50:56.0897270Z Cache hits rate (Assembler)       74.51 %
2026-06-11T11:50:56.0898070Z Cache hits rate (C/C++)           26.99 %
2026-06-11T11:50:56.0898887Z Cache hits rate (Rust)            75.83 %
2026-06-11T11:50:56.0900241Z Cache timeouts                        0
2026-06-11T11:50:56.0901014Z Cache read errors                     0
2026-06-11T11:50:56.0901780Z Forced recaches                       0
2026-06-11T11:50:56.0902571Z Cache write errors                  364
2026-06-11T11:50:56.0903316Z Cache errors                          0
2026-06-11T11:50:56.0904068Z Compilations                        366
2026-06-11T11:50:56.0904863Z Compilation failures                  4
2026-06-11T11:50:56.0905672Z Non-cacheable compilations            0
2026-06-11T11:50:56.0906446Z Non-cacheable calls                 111
2026-06-11T11:50:56.0907253Z Non-compilation calls                 3
2026-06-11T11:50:56.0908033Z Unsupported compiler calls            0
2026-06-11T11:50:56.0908781Z Average cache write               0.479 s
2026-06-11T11:50:56.0913781Z Average compiler                  0.689 s
2026-06-11T11:50:56.0914653Z Average cache read hit            0.133 s
2026-06-11T11:50:56.0915491Z Failed distributed compilations       0
2026-06-11T11:50:56.0916136Z 
2026-06-11T11:50:56.0916551Z Non-cacheable reasons:
2026-06-11T11:50:56.0917283Z crate-type                           88
2026-06-11T11:50:56.0918215Z missing input                        10
2026-06-11T11:50:56.0921394Z -o                                    7
2026-06-11T11:50:56.0922213Z -                                     5
2026-06-11T11:50:56.0922911Z -E                                    1
2026-06-11T11:50:56.0923443Z 
2026-06-11T11:50:56.0924328Z Cache location                  ghac, name: 7e0726055e1e4f1baa01c3967c5cfadc05877ea5de0f1b2d553463f71b5d0d86, prefix: /sccache/
2026-06-11T11:50:56.0925566Z Base directories                (none)
2026-06-11T11:50:56.0926258Z Version (client)                0.15.0
2026-06-11T11:50:56.0929443Z ##[endgroup]
2026-06-11T11:50:56.0930309Z ##[group]Get JSON stats
2026-06-11T11:50:56.0931676Z [command]/opt/hostedtoolcache/sccache/0.15.0/x64/sccache --show-stats --stats-format=json
2026-06-11T11:50:56.0986603Z {"stats":{"compile_requests":968,"requests_unsupported_compiler":0,"requests_not_compile":3,"requests_not_cacheable":111,"requests_executed":854,"cache_errors":{"counts":{},"adv_counts":{}},"cache_hits":{"counts":{"C/C++":88,"Rust":320,"Assembler":76},"adv_counts":{"assemblerToPreprocess [gcc]":76,"rust":320,"c [gcc]":88}},"cache_misses":{"counts":{"Assembler":26,"Rust":102,"C/C++":238},"adv_counts":{"rust":102,"assemblerToPreprocess [gcc]":26,"c [gcc]":238}},"cache_timeouts":0,"cache_read_errors":0,"non_cacheable_compilations":0,"forced_recaches":0,"cache_write_errors":364,"cache_writes":2,"cache_write_duration":{"secs":0,"nanos":958499811},"cache_read_hit_duration":{"secs":64,"nanos":823798448},"compilations":366,"compiler_write_duration":{"secs":252,"nanos":365867169},"compile_fails":4,"not_cached":{"-":5,"-E":1,"missing input":10,"crate-type":88,"-o":7},"dist_compiles":{},"dist_errors":0,"multi_level":null},"cache_location":"ghac, name: 7e0726055e1e4f1baa01c3967c5cfadc05877ea5de0f1b2d553463f71b5d0d86, prefix: /sccache/","cache_size":null,"max_cache_size":null,"use_preprocessor_cache_mode":false,"version":"0.15.0","basedirs":[]}
2026-06-11T11:50:56.0997078Z ##[endgroup]
2026-06-11T11:50:56.1019812Z ##[notice]57% - 484 hits, 366 misses, 0 errors
2026-06-11T11:50:56.1031175Z 
2026-06-11T11:50:56.1031389Z Full human-readable stats:
2026-06-11T11:50:56.1031912Z Compile requests                    968
2026-06-11T11:50:56.1032428Z Compile requests executed           854
2026-06-11T11:50:56.1032993Z Cache hits                          484
2026-06-11T11:50:56.1033429Z Cache hits (Assembler)               76
2026-06-11T11:50:56.1033883Z Cache hits (C/C++)                   88
2026-06-11T11:50:56.1034346Z Cache hits (Rust)                   320
2026-06-11T11:50:56.1034868Z Cache misses                        366
2026-06-11T11:50:56.1035368Z Cache misses (Assembler)             26
2026-06-11T11:50:56.1035886Z Cache misses (C/C++)                238
2026-06-11T11:50:56.1036375Z Cache misses (Rust)                 102
2026-06-11T11:50:56.1036851Z Cache hits rate                   56.94 %
2026-06-11T11:50:56.1037376Z Cache hits rate (Assembler)       74.51 %
2026-06-11T11:50:56.1037889Z Cache hits rate (C/C++)           26.99 %
2026-06-11T11:50:56.1038393Z Cache hits rate (Rust)            75.83 %
2026-06-11T11:50:56.1038912Z Cache timeouts                        0
2026-06-11T11:50:56.1039729Z Cache read errors                     0
2026-06-11T11:50:56.1040227Z Forced recaches                       0
2026-06-11T11:50:56.1040744Z Cache write errors                  364
2026-06-11T11:50:56.1041232Z Cache errors                          0
2026-06-11T11:50:56.1041703Z Compilations                        366
2026-06-11T11:50:56.1042199Z Compilation failures                  4
2026-06-11T11:50:56.1042737Z Non-cacheable compilations            0
2026-06-11T11:50:56.1043249Z Non-cacheable calls                 111
2026-06-11T11:50:56.1043791Z Non-compilation calls                 3
2026-06-11T11:50:56.1044327Z Unsupported compiler calls            0
2026-06-11T11:50:56.1044841Z Average cache write               0.479 s
2026-06-11T11:50:56.1045389Z Average compiler                  0.689 s
2026-06-11T11:50:56.1045903Z Average cache read hit            0.133 s
2026-06-11T11:50:56.1046458Z Failed distributed compilations       0
2026-06-11T11:50:56.1046824Z 
2026-06-11T11:50:56.1046984Z Non-cacheable reasons:
2026-06-11T11:50:56.1047429Z crate-type                           88
2026-06-11T11:50:56.1047930Z missing input                        10
2026-06-11T11:50:56.1048459Z -o                                    7
2026-06-11T11:50:56.1048975Z -                                     5
2026-06-11T11:50:56.1049628Z -E                                    1
2026-06-11T11:50:56.1049918Z 
2026-06-11T11:50:56.1050603Z Cache location                  ghac, name: 7e0726055e1e4f1baa01c3967c5cfadc05877ea5de0f1b2d553463f71b5d0d86, prefix: /sccache/
2026-06-11T11:50:56.1051629Z Base directories                (none)
2026-06-11T11:50:56.1052111Z Version (client)                0.15.0
2026-06-11T11:50:56.1052420Z 
2026-06-11T11:50:57.6397930Z Post job cleanup.
2026-06-11T11:50:57.8121888Z [command]/usr/bin/tar --posix -cf cache.tzst --exclude cache.tzst -P -C /home/runner/work/java-monorepo/java-monorepo --files-from manifest.txt --use-compress-program zstdmt
2026-06-11T11:51:07.7450387Z Sent 168476502 of 168476502 (100.0%), 179.3 MBs/sec
2026-06-11T11:51:07.9707581Z Cache saved with key: cargo-registry-GitHub-Linux-e85c77d0b1218bb1a165b77d4caf81154958cf3a17a59038482fcdaa52f929b0
2026-06-11T11:51:07.9915889Z Post job cleanup.
2026-06-11T11:51:08.0874578Z [command]/usr/bin/git version
2026-06-11T11:51:08.0918109Z git version 2.54.0
2026-06-11T11:51:08.0970646Z Temporarily overriding HOME='/home/runner/work/_temp/de7a3706-d76c-4606-ae4d-d1247ec6548b' before making global git config changes
2026-06-11T11:51:08.0972367Z Adding repository directory to the temporary git global config as a safe directory
2026-06-11T11:51:08.0978989Z [command]/usr/bin/git config --global --add safe.directory /home/runner/work/java-monorepo/java-monorepo
2026-06-11T11:51:08.1013879Z Removing SSH command configuration
2026-06-11T11:51:08.1022730Z [command]/usr/bin/git config --local --name-only --get-regexp core\.sshCommand
2026-06-11T11:51:08.1064257Z [command]/usr/bin/git submodule foreach --recursive sh -c "git config --local --name-only --get-regexp 'core\.sshCommand' && git config --local --unset-all 'core.sshCommand' || :"
2026-06-11T11:51:08.1350308Z Removing HTTP extra header
2026-06-11T11:51:08.1357224Z [command]/usr/bin/git config --local --name-only --get-regexp http\.https\:\/\/github\.com\/\.extraheader
2026-06-11T11:51:08.1396412Z [command]/usr/bin/git submodule foreach --recursive sh -c "git config --local --name-only --get-regexp 'http\.https\:\/\/github\.com\/\.extraheader' && git config --local --unset-all 'http.https://github.com/.extraheader' || :"
2026-06-11T11:51:08.1638958Z Removing includeIf entries pointing to credentials config files
2026-06-11T11:51:08.1647038Z [command]/usr/bin/git config --local --name-only --get-regexp ^includeIf\.gitdir:
2026-06-11T11:51:08.1672464Z includeif.gitdir:/home/runner/work/java-monorepo/java-monorepo/.git.path
2026-06-11T11:51:08.1675031Z includeif.gitdir:/home/runner/work/java-monorepo/java-monorepo/.git/worktrees/*.path
2026-06-11T11:51:08.1676358Z includeif.gitdir:/github/workspace/.git.path
2026-06-11T11:51:08.1677359Z includeif.gitdir:/github/workspace/.git/worktrees/*.path
2026-06-11T11:51:08.1684987Z [command]/usr/bin/git config --local --get-all includeif.gitdir:/home/runner/work/java-monorepo/java-monorepo/.git.path
2026-06-11T11:51:08.1708101Z /home/runner/work/_temp/git-credentials-529574ce-383d-4cb9-ad11-45d8523c2630.config
2026-06-11T11:51:08.1724088Z [command]/usr/bin/git config --local --unset includeif.gitdir:/home/runner/work/java-monorepo/java-monorepo/.git.path /home/runner/work/_temp/git-credentials-529574ce-383d-4cb9-ad11-45d8523c2630.config
2026-06-11T11:51:08.1765127Z [command]/usr/bin/git config --local --get-all includeif.gitdir:/home/runner/work/java-monorepo/java-monorepo/.git/worktrees/*.path
2026-06-11T11:51:08.1790059Z /home/runner/work/_temp/git-credentials-529574ce-383d-4cb9-ad11-45d8523c2630.config
2026-06-11T11:51:08.1802455Z [command]/usr/bin/git config --local --unset includeif.gitdir:/home/runner/work/java-monorepo/java-monorepo/.git/worktrees/*.path /home/runner/work/_temp/git-credentials-529574ce-383d-4cb9-ad11-45d8523c2630.config
2026-06-11T11:51:08.1843116Z [command]/usr/bin/git config --local --get-all includeif.gitdir:/github/workspace/.git.path
2026-06-11T11:51:08.1866928Z /github/runner_temp/git-credentials-529574ce-383d-4cb9-ad11-45d8523c2630.config
2026-06-11T11:51:08.1876054Z [command]/usr/bin/git config --local --unset includeif.gitdir:/github/workspace/.git.path /github/runner_temp/git-credentials-529574ce-383d-4cb9-ad11-45d8523c2630.config
2026-06-11T11:51:08.1910549Z [command]/usr/bin/git config --local --get-all includeif.gitdir:/github/workspace/.git/worktrees/*.path
2026-06-11T11:51:08.1934065Z /github/runner_temp/git-credentials-529574ce-383d-4cb9-ad11-45d8523c2630.config
2026-06-11T11:51:08.1945632Z [command]/usr/bin/git config --local --unset includeif.gitdir:/github/workspace/.git/worktrees/*.path /github/runner_temp/git-credentials-529574ce-383d-4cb9-ad11-45d8523c2630.config
2026-06-11T11:51:08.1982300Z [command]/usr/bin/git submodule foreach --recursive git config --local --show-origin --name-only --get-regexp remote.origin.url
2026-06-11T11:51:08.2234976Z Removing credentials config '/home/runner/work/_temp/git-credentials-529574ce-383d-4cb9-ad11-45d8523c2630.config'
2026-06-11T11:51:08.2376585Z Cleaning up orphan processes
2026-06-11T11:51:08.2806172Z Terminate orphan process: pid (2327) (sccache)
