2026-06-11T11:47:23.7722659Z Current runner version: '2.335.1'
2026-06-11T11:47:23.7758458Z ##[group]Runner Image Provisioner
2026-06-11T11:47:23.7759952Z Hosted Compute Agent
2026-06-11T11:47:23.7761532Z Version: 20260520.533
2026-06-11T11:47:23.7762625Z Commit: 189110e25284a9812c124fd27b339e2fb4f2f9db
2026-06-11T11:47:23.7764079Z Build Date: 2026-05-20T17:44:04Z
2026-06-11T11:47:23.7765285Z Worker ID: {179dadde-949a-4743-b0e7-6d580075a23c}
2026-06-11T11:47:23.7766707Z Azure Region: westus3
2026-06-11T11:47:23.7767760Z ##[endgroup]
2026-06-11T11:47:23.7770093Z ##[group]Operating System
2026-06-11T11:47:23.7771632Z Ubuntu
2026-06-11T11:47:23.7772666Z 24.04.4
2026-06-11T11:47:23.7773565Z LTS
2026-06-11T11:47:23.7774630Z ##[endgroup]
2026-06-11T11:47:23.7775579Z ##[group]Runner Image
2026-06-11T11:47:23.7776713Z Image: ubuntu-24.04
2026-06-11T11:47:23.7777833Z Version: 20260525.161.1
2026-06-11T11:47:23.7779942Z Included Software: https://github.com/actions/runner-images/blob/ubuntu24/20260525.161/images/ubuntu/Ubuntu2404-Readme.md
2026-06-11T11:47:23.7783468Z Image Release: https://github.com/actions/runner-images/releases/tag/ubuntu24%2F20260525.161
2026-06-11T11:47:23.7785366Z ##[endgroup]
2026-06-11T11:47:23.7787726Z ##[group]GITHUB_TOKEN Permissions
2026-06-11T11:47:23.7791111Z Actions: read
2026-06-11T11:47:23.7792047Z Contents: read
2026-06-11T11:47:23.7792951Z Metadata: read
2026-06-11T11:47:23.7794155Z PullRequests: read
2026-06-11T11:47:23.7795064Z ##[endgroup]
2026-06-11T11:47:23.7798695Z Secret source: Actions
2026-06-11T11:47:23.7800149Z Prepare workflow directory
2026-06-11T11:47:23.8444412Z Prepare all required actions
2026-06-11T11:47:23.8503255Z Getting action download info
2026-06-11T11:47:24.5094840Z Download action repository 'actions/checkout@df4cb1c069e1874edd31b4311f1884172cec0e10' (SHA:df4cb1c069e1874edd31b4311f1884172cec0e10)
2026-06-11T11:47:25.2398700Z Download action repository 'actions/cache@27d5ce7f107fe9357f9df03efb73ab90386fccae' (SHA:27d5ce7f107fe9357f9df03efb73ab90386fccae)
2026-06-11T11:47:25.3533152Z Download action repository 'rui314/setup-mold@9c9c13bf4c3f1adef0cc596abc155580bcb04444' (SHA:9c9c13bf4c3f1adef0cc596abc155580bcb04444)
2026-06-11T11:47:25.6302597Z Download action repository 'mozilla-actions/sccache-action@9e7fa8a12102821edf02ca5dbea1acd0f89a2696' (SHA:9e7fa8a12102821edf02ca5dbea1acd0f89a2696)
2026-06-11T11:47:26.2157441Z Download action repository 'jdx/mise-action@dba19683ed58901619b14f395a24841710cb4925' (SHA:dba19683ed58901619b14f395a24841710cb4925)
2026-06-11T11:47:27.4303339Z Complete job name: Test blockchain-explorer (GitHub)
2026-06-11T11:47:27.5005122Z ##[group]Run actions/checkout@df4cb1c069e1874edd31b4311f1884172cec0e10
2026-06-11T11:47:27.5005870Z with:
2026-06-11T11:47:27.5006102Z   repository: ChainArgos/java-monorepo
2026-06-11T11:47:27.5009141Z   token: ***
2026-06-11T11:47:27.5009358Z   ssh-strict: true
2026-06-11T11:47:27.5009575Z   ssh-user: git
2026-06-11T11:47:27.5009785Z   persist-credentials: true
2026-06-11T11:47:27.5010019Z   clean: true
2026-06-11T11:47:27.5010236Z   sparse-checkout-cone-mode: true
2026-06-11T11:47:27.5010789Z   fetch-depth: 1
2026-06-11T11:47:27.5011004Z   fetch-tags: false
2026-06-11T11:47:27.5011222Z   show-progress: true
2026-06-11T11:47:27.5011527Z   lfs: false
2026-06-11T11:47:27.5011860Z   submodules: false
2026-06-11T11:47:27.5012087Z   set-safe-directory: true
2026-06-11T11:47:27.5012604Z env:
2026-06-11T11:47:27.5012814Z   CARGO_TERM_COLOR: always
2026-06-11T11:47:27.5013057Z   CARGO_INCREMENTAL: 0
2026-06-11T11:47:27.5013331Z   RUSTFLAGS: -C link-arg=-fuse-ld=mold
2026-06-11T11:47:27.5013641Z   CARGO_BUILD_JOBS: 6
2026-06-11T11:47:27.5013863Z   RUSTC_WRAPPER: sccache
2026-06-11T11:47:27.5014093Z   SCCACHE_GHA_ENABLED: true
2026-06-11T11:47:27.5014318Z ##[endgroup]
2026-06-11T11:47:27.6104858Z Syncing repository: ChainArgos/java-monorepo
2026-06-11T11:47:27.6107164Z ##[group]Getting Git version info
2026-06-11T11:47:27.6107914Z Working directory is '/home/runner/work/java-monorepo/java-monorepo'
2026-06-11T11:47:27.6108892Z [command]/usr/bin/git version
2026-06-11T11:47:27.6206770Z git version 2.54.0
2026-06-11T11:47:27.6249830Z ##[endgroup]
2026-06-11T11:47:27.6258522Z Temporarily overriding HOME='/home/runner/work/_temp/a15d1906-5988-4b7d-88e1-3c61dbea71ce' before making global git config changes
2026-06-11T11:47:27.6260793Z Adding repository directory to the temporary git global config as a safe directory
2026-06-11T11:47:27.6262318Z [command]/usr/bin/git config --global --add safe.directory /home/runner/work/java-monorepo/java-monorepo
2026-06-11T11:47:27.6315539Z Deleting the contents of '/home/runner/work/java-monorepo/java-monorepo'
2026-06-11T11:47:27.6322504Z ##[group]Determining repository object format
2026-06-11T11:47:27.6325357Z ##[endgroup]
2026-06-11T11:47:27.6326598Z ##[group]Initializing the repository
2026-06-11T11:47:27.6331312Z [command]/usr/bin/git init /home/runner/work/java-monorepo/java-monorepo
2026-06-11T11:47:27.6438660Z hint: Using 'master' as the name for the initial branch. This default branch name
2026-06-11T11:47:27.6441015Z hint: will change to "main" in Git 3.0. To configure the initial branch name
2026-06-11T11:47:27.6441846Z hint: to use in all of your new repositories, which will suppress this warning,
2026-06-11T11:47:27.6442506Z hint: call:
2026-06-11T11:47:27.6447289Z hint:
2026-06-11T11:47:27.6448216Z hint: 	git config --global init.defaultBranch <name>
2026-06-11T11:47:27.6449245Z hint:
2026-06-11T11:47:27.6450265Z hint: Names commonly chosen instead of 'master' are 'main', 'trunk' and
2026-06-11T11:47:27.6452137Z hint: 'development'. The just-created branch can be renamed via this command:
2026-06-11T11:47:27.6453306Z hint:
2026-06-11T11:47:27.6453900Z hint: 	git branch -m <name>
2026-06-11T11:47:27.6454574Z hint:
2026-06-11T11:47:27.6455375Z hint: Disable this message with "git config set advice.defaultBranchName false"
2026-06-11T11:47:27.6456867Z Initialized empty Git repository in /home/runner/work/java-monorepo/java-monorepo/.git/
2026-06-11T11:47:27.6461293Z [command]/usr/bin/git remote add origin https://github.com/ChainArgos/java-monorepo
2026-06-11T11:47:27.6509138Z ##[endgroup]
2026-06-11T11:47:27.6510193Z ##[group]Disabling automatic garbage collection
2026-06-11T11:47:27.6514199Z [command]/usr/bin/git config --local gc.auto 0
2026-06-11T11:47:27.6552052Z ##[endgroup]
2026-06-11T11:47:27.6553255Z ##[group]Setting up auth
2026-06-11T11:47:27.6554239Z Removing SSH command configuration
2026-06-11T11:47:27.6559777Z [command]/usr/bin/git config --local --name-only --get-regexp core\.sshCommand
2026-06-11T11:47:27.6601879Z [command]/usr/bin/git submodule foreach --recursive sh -c "git config --local --name-only --get-regexp 'core\.sshCommand' && git config --local --unset-all 'core.sshCommand' || :"
2026-06-11T11:47:27.6980841Z Removing HTTP extra header
2026-06-11T11:47:27.6982214Z [command]/usr/bin/git config --local --name-only --get-regexp http\.https\:\/\/github\.com\/\.extraheader
2026-06-11T11:47:27.7027981Z [command]/usr/bin/git submodule foreach --recursive sh -c "git config --local --name-only --get-regexp 'http\.https\:\/\/github\.com\/\.extraheader' && git config --local --unset-all 'http.https://github.com/.extraheader' || :"
2026-06-11T11:47:27.7327856Z Removing includeIf entries pointing to credentials config files
2026-06-11T11:47:27.7336188Z [command]/usr/bin/git config --local --name-only --get-regexp ^includeIf\.gitdir:
2026-06-11T11:47:27.7371531Z [command]/usr/bin/git submodule foreach --recursive git config --local --show-origin --name-only --get-regexp remote.origin.url
2026-06-11T11:47:27.7641987Z [command]/usr/bin/git config --file /home/runner/work/_temp/git-credentials-cf5cd4f8-b2db-43e7-b6cd-510280e9543c.config http.https://github.com/.extraheader AUTHORIZATION: basic ***
2026-06-11T11:47:27.7684587Z [command]/usr/bin/git config --local includeIf.gitdir:/home/runner/work/java-monorepo/java-monorepo/.git.path /home/runner/work/_temp/git-credentials-cf5cd4f8-b2db-43e7-b6cd-510280e9543c.config
2026-06-11T11:47:27.7720099Z [command]/usr/bin/git config --local includeIf.gitdir:/home/runner/work/java-monorepo/java-monorepo/.git/worktrees/*.path /home/runner/work/_temp/git-credentials-cf5cd4f8-b2db-43e7-b6cd-510280e9543c.config
2026-06-11T11:47:27.7757816Z [command]/usr/bin/git config --local includeIf.gitdir:/github/workspace/.git.path /github/runner_temp/git-credentials-cf5cd4f8-b2db-43e7-b6cd-510280e9543c.config
2026-06-11T11:47:27.7794020Z [command]/usr/bin/git config --local includeIf.gitdir:/github/workspace/.git/worktrees/*.path /github/runner_temp/git-credentials-cf5cd4f8-b2db-43e7-b6cd-510280e9543c.config
2026-06-11T11:47:27.7828358Z ##[endgroup]
2026-06-11T11:47:27.7829121Z ##[group]Fetching the repository
2026-06-11T11:47:27.7836402Z [command]/usr/bin/git -c protocol.version=2 fetch --no-tags --prune --no-recurse-submodules --depth=1 origin +632e17286f04c08b87331f7a9886051bc10a8ab8:refs/remotes/origin/main
2026-06-11T11:47:31.1342003Z From https://github.com/ChainArgos/java-monorepo
2026-06-11T11:47:31.1354905Z  * [new ref]         632e17286f04c08b87331f7a9886051bc10a8ab8 -> origin/main
2026-06-11T11:47:31.1390096Z [command]/usr/bin/git branch --list --remote origin/main
2026-06-11T11:47:31.1419566Z   origin/main
2026-06-11T11:47:31.1433043Z [command]/usr/bin/git rev-parse refs/remotes/origin/main
2026-06-11T11:47:31.1485014Z 632e17286f04c08b87331f7a9886051bc10a8ab8
2026-06-11T11:47:31.1531457Z ##[endgroup]
2026-06-11T11:47:31.1543892Z ##[group]Determining the checkout info
2026-06-11T11:47:31.1547603Z ##[endgroup]
2026-06-11T11:47:31.1548528Z [command]/usr/bin/git sparse-checkout disable
2026-06-11T11:47:31.1575614Z [command]/usr/bin/git config --local --unset-all extensions.worktreeConfig
2026-06-11T11:47:31.1601864Z ##[group]Checking out the ref
2026-06-11T11:47:31.1602871Z [command]/usr/bin/git checkout --progress --force -B main refs/remotes/origin/main
2026-06-11T11:47:31.9364246Z Switched to a new branch 'main'
2026-06-11T11:47:31.9367373Z branch 'main' set up to track 'origin/main'.
2026-06-11T11:47:32.0004943Z ##[endgroup]
2026-06-11T11:47:32.0091087Z [command]/usr/bin/git log -1 --format=%H
2026-06-11T11:47:32.0095065Z 632e17286f04c08b87331f7a9886051bc10a8ab8
2026-06-11T11:47:32.9133372Z ##[group]Run actions/cache@27d5ce7f107fe9357f9df03efb73ab90386fccae
2026-06-11T11:47:32.9133783Z with:
2026-06-11T11:47:32.9134168Z   path: ~/.cargo/registry/cache
~/.cargo/registry/index
~/.cargo/registry/src
~/.cargo/git/db

2026-06-11T11:47:32.9134868Z   key: cargo-registry-GitHub-Linux-e85c77d0b1218bb1a165b77d4caf81154958cf3a17a59038482fcdaa52f929b0
2026-06-11T11:47:32.9135421Z   restore-keys: cargo-registry-GitHub-Linux-

2026-06-11T11:47:32.9135739Z   enableCrossOsArchive: false
2026-06-11T11:47:32.9135994Z   fail-on-cache-miss: false
2026-06-11T11:47:32.9136246Z   lookup-only: false
2026-06-11T11:47:32.9136456Z   save-always: false
2026-06-11T11:47:32.9136654Z env:
2026-06-11T11:47:32.9136850Z   CARGO_TERM_COLOR: always
2026-06-11T11:47:32.9137101Z   CARGO_INCREMENTAL: 0
2026-06-11T11:47:32.9137362Z   RUSTFLAGS: -C link-arg=-fuse-ld=mold
2026-06-11T11:47:32.9137635Z   CARGO_BUILD_JOBS: 6
2026-06-11T11:47:32.9137864Z   RUSTC_WRAPPER: sccache
2026-06-11T11:47:32.9138135Z   SCCACHE_GHA_ENABLED: true
2026-06-11T11:47:32.9138358Z ##[endgroup]
2026-06-11T11:47:33.2907233Z Cache hit for restore-key: cargo-registry-GitHub-Linux-b322b65e736b5ba353b30632848d51d1a500e93fbb3bb89ab48e0b5cdac7e969
2026-06-11T11:47:34.5361386Z Received 0 of 168765327 (0.0%), 0.0 MBs/sec
2026-06-11T11:47:35.5347266Z Received 134217728 of 168765327 (79.5%), 63.8 MBs/sec
2026-06-11T11:47:35.7324085Z Received 168765327 of 168765327 (100.0%), 73.1 MBs/sec
2026-06-11T11:47:35.7326750Z Cache Size: ~161 MB (168765327 B)
2026-06-11T11:47:35.7377347Z [command]/usr/bin/tar -xf /home/runner/work/_temp/824c53e1-2510-4408-b743-04f8ee3ba8af/cache.tzst -P -C /home/runner/work/java-monorepo/java-monorepo --use-compress-program unzstd
2026-06-11T11:47:40.0008557Z Cache restored successfully
2026-06-11T11:47:40.0209377Z Cache restored from key: cargo-registry-GitHub-Linux-b322b65e736b5ba353b30632848d51d1a500e93fbb3bb89ab48e0b5cdac7e969
2026-06-11T11:47:40.0362244Z ##[group]Run rui314/setup-mold@9c9c13bf4c3f1adef0cc596abc155580bcb04444
2026-06-11T11:47:40.0362667Z with:
2026-06-11T11:47:40.0362881Z   mold-version: 2.41.0
2026-06-11T11:47:40.0363114Z   make-default: true
2026-06-11T11:47:40.0363327Z env:
2026-06-11T11:47:40.0363513Z   CARGO_TERM_COLOR: always
2026-06-11T11:47:40.0363747Z   CARGO_INCREMENTAL: 0
2026-06-11T11:47:40.0363981Z   RUSTFLAGS: -C link-arg=-fuse-ld=mold
2026-06-11T11:47:40.0364251Z   CARGO_BUILD_JOBS: 6
2026-06-11T11:47:40.0364465Z   RUSTC_WRAPPER: sccache
2026-06-11T11:47:40.0364696Z   SCCACHE_GHA_ENABLED: true
2026-06-11T11:47:40.0364921Z ##[endgroup]
2026-06-11T11:47:40.0470007Z ##[group]Run set -x
2026-06-11T11:47:40.0470300Z [36;1mset -x[0m
2026-06-11T11:47:40.0470729Z [36;1mecho "mold 2.41.0"[0m
2026-06-11T11:47:40.0471063Z [36;1mif [ "$(whoami)" = root ]; then SUDO=; else SUDO=sudo; fi[0m
2026-06-11T11:47:40.0472203Z [36;1mwget -O- --timeout=10 --waitretry=3 --retry-connrefused --progress=dot:mega https://github.com/rui314/mold/releases/download/v2.41.0/mold-2.41.0-$(uname -m)-linux.tar.gz | $SUDO tar -C /usr/local --strip-components=1 --no-overwrite-dir -xzf -[0m
2026-06-11T11:47:40.0473535Z [36;1mtest true = true -a "$(realpath /usr/bin/ld)" != /usr/local/bin/mold && $SUDO ln -sf /usr/local/bin/mold "$(realpath /usr/bin/ld)"; true[0m
2026-06-11T11:47:40.0503881Z shell: /usr/bin/bash --noprofile --norc -e -o pipefail {0}
2026-06-11T11:47:40.0504254Z env:
2026-06-11T11:47:40.0504456Z   CARGO_TERM_COLOR: always
2026-06-11T11:47:40.0504698Z   CARGO_INCREMENTAL: 0
2026-06-11T11:47:40.0504940Z   RUSTFLAGS: -C link-arg=-fuse-ld=mold
2026-06-11T11:47:40.0505204Z   CARGO_BUILD_JOBS: 6
2026-06-11T11:47:40.0505429Z   RUSTC_WRAPPER: sccache
2026-06-11T11:47:40.0505661Z   SCCACHE_GHA_ENABLED: true
2026-06-11T11:47:40.0505887Z ##[endgroup]
2026-06-11T11:47:40.0581822Z + echo 'mold 2.41.0'
2026-06-11T11:47:40.0582591Z mold 2.41.0
2026-06-11T11:47:40.0586131Z ++ whoami
2026-06-11T11:47:40.0601263Z + '[' runner = root ']'
2026-06-11T11:47:40.0606483Z + SUDO=sudo
2026-06-11T11:47:40.0624596Z ++ uname -m
2026-06-11T11:47:40.0625425Z + sudo tar -C /usr/local --strip-components=1 --no-overwrite-dir -xzf -
2026-06-11T11:47:40.0629578Z + wget -O- --timeout=10 --waitretry=3 --retry-connrefused --progress=dot:mega https://github.com/rui314/mold/releases/download/v2.41.0/mold-2.41.0-x86_64-linux.tar.gz
2026-06-11T11:47:40.0666349Z --2026-06-11 11:47:40--  https://github.com/rui314/mold/releases/download/v2.41.0/mold-2.41.0-x86_64-linux.tar.gz
2026-06-11T11:47:40.0942783Z Resolving github.com (github.com)... 140.82.113.4
2026-06-11T11:47:40.1501821Z Connecting to github.com (github.com)|140.82.113.4|:443... connected.
2026-06-11T11:47:40.3211507Z HTTP request sent, awaiting response... 302 Found
2026-06-11T11:47:40.3219261Z Location: https://release-assets.githubusercontent.com/github-production-release-asset/299510783/f4863e5d-1747-433e-8c26-b5a1c1950d2d?sp=r&sv=2018-11-09&sr=b&spr=https&se=2026-06-11T12%3A26%3A50Z&rscd=attachment%3B+filename%3Dmold-2.41.0-x86_64-linux.tar.gz&rsct=application%2Foctet-stream&skoid=96c2d410-5711-43a1-aedd-ab1947aa7ab0&sktid=398a6654-997b-47e9-b12b-9515b896b4de&skt=2026-06-11T11%3A26%3A30Z&ske=2026-06-11T12%3A26%3A50Z&sks=b&skv=2018-11-09&sig=w1%2BObhisJv6TbrTMeQBX026TWpAWdqLPmWpz0kWQbg8%3D&jwt=*** [following]
2026-06-11T11:47:40.3227754Z --2026-06-11 11:47:40--  https://release-assets.githubusercontent.com/github-production-release-asset/299510783/f4863e5d-1747-433e-8c26-b5a1c1950d2d?sp=r&sv=2018-11-09&sr=b&spr=https&se=2026-06-11T12%3A26%3A50Z&rscd=attachment%3B+filename%3Dmold-2.41.0-x86_64-linux.tar.gz&rsct=application%2Foctet-stream&skoid=96c2d410-5711-43a1-aedd-ab1947aa7ab0&sktid=398a6654-997b-47e9-b12b-9515b896b4de&skt=2026-06-11T11%3A26%3A30Z&ske=2026-06-11T12%3A26%3A50Z&sks=b&skv=2018-11-09&sig=w1%2BObhisJv6TbrTMeQBX026TWpAWdqLPmWpz0kWQbg8%3D&jwt=***
2026-06-11T11:47:40.3236448Z Resolving release-assets.githubusercontent.com (release-assets.githubusercontent.com)... 185.199.110.133, 185.199.111.133, 185.199.108.133, ...
2026-06-11T11:47:40.3323891Z Connecting to release-assets.githubusercontent.com (release-assets.githubusercontent.com)|185.199.110.133|:443... connected.
2026-06-11T11:47:40.3638434Z HTTP request sent, awaiting response... 200 OK
2026-06-11T11:47:40.3639470Z Length: 5119986 (4.9M) [application/octet-stream]
2026-06-11T11:47:40.3641115Z Saving to: ‘STDOUT’
2026-06-11T11:47:40.3736446Z 
2026-06-11T11:47:40.4817502Z      0K ........ ........ ........ ........ ........ ........ 61% 25.5M 0s
2026-06-11T11:47:40.5358748Z   3072K ........ ........ ........ ......                    100% 39.0M=0.2s
2026-06-11T11:47:40.5361414Z 
2026-06-11T11:47:40.5361954Z 2026-06-11 11:47:40 (29.4 MB/s) - written to stdout [5119986/5119986]
2026-06-11T11:47:40.5362972Z 
2026-06-11T11:47:40.5541610Z ++ realpath /usr/bin/ld
2026-06-11T11:47:40.5560092Z + test true = true -a /usr/bin/x86_64-linux-gnu-ld.bfd '!=' /usr/local/bin/mold
2026-06-11T11:47:40.5563191Z ++ realpath /usr/bin/ld
2026-06-11T11:47:40.5575456Z + sudo ln -sf /usr/local/bin/mold /usr/bin/x86_64-linux-gnu-ld.bfd
2026-06-11T11:47:40.5655251Z + true
2026-06-11T11:47:40.5735707Z ##[group]Run mozilla-actions/sccache-action@9e7fa8a12102821edf02ca5dbea1acd0f89a2696
2026-06-11T11:47:40.5736168Z with:
2026-06-11T11:47:40.5739116Z   token: ***
2026-06-11T11:47:40.5739331Z   disable_annotations: false
2026-06-11T11:47:40.5739569Z env:
2026-06-11T11:47:40.5739757Z   CARGO_TERM_COLOR: always
2026-06-11T11:47:40.5739994Z   CARGO_INCREMENTAL: 0
2026-06-11T11:47:40.5740225Z   RUSTFLAGS: -C link-arg=-fuse-ld=mold
2026-06-11T11:47:40.5740885Z   CARGO_BUILD_JOBS: 6
2026-06-11T11:47:40.5741110Z   RUSTC_WRAPPER: sccache
2026-06-11T11:47:40.5741340Z   SCCACHE_GHA_ENABLED: true
2026-06-11T11:47:40.5741570Z ##[endgroup]
2026-06-11T11:47:41.0781760Z try to setup sccache version: v0.15.0
2026-06-11T11:47:41.0861858Z sccache download from url: https://github.com/mozilla/sccache/releases/download/v0.15.0/sccache-v0.15.0-x86_64-unknown-linux-musl.tar.gz
2026-06-11T11:47:41.6771078Z Correct checksum: 782d2b5dd7ae0a55ebe368ab258114d0928d019ac2d949ab85d5d02f3926709e
2026-06-11T11:47:41.6911502Z [command]/usr/bin/tar xz --warning=no-unknown-keyword --overwrite -C /home/runner/work/_temp/c8ab4048-822c-45f3-8aad-9a32255d4f78 -f /home/runner/work/_temp/c8b61943-ae3b-45ae-9413-c783725b6c33
2026-06-11T11:47:41.8682439Z sccache extracted to: /home/runner/work/_temp/c8ab4048-822c-45f3-8aad-9a32255d4f78
2026-06-11T11:47:41.8805871Z sccache cached to: /opt/hostedtoolcache/sccache/0.15.0/x64
2026-06-11T11:47:41.8966797Z ##[group]Run jdx/mise-action@dba19683ed58901619b14f395a24841710cb4925
2026-06-11T11:47:41.8967182Z with:
2026-06-11T11:47:41.8967416Z   install_args: rust protoc cargo:cargo-nextest
2026-06-11T11:47:41.8971015Z   github_token: ***
2026-06-11T11:47:41.8971268Z   install: true
2026-06-11T11:47:41.8971472Z   cache: true
2026-06-11T11:47:41.8971668Z   cache_save: true
2026-06-11T11:47:41.8971881Z   cache_key_prefix: mise-v1
2026-06-11T11:47:41.8972130Z   experimental: false
2026-06-11T11:47:41.8972363Z   log_level: info
2026-06-11T11:47:41.8972561Z   reshim: false
2026-06-11T11:47:41.8972761Z   add_shims_to_path: true
2026-06-11T11:47:41.8972987Z   fetch_from_github: true
2026-06-11T11:47:41.8973206Z   env: true
2026-06-11T11:47:41.8973394Z   wings_enabled: false
2026-06-11T11:47:41.8973606Z env:
2026-06-11T11:47:41.8973795Z   CARGO_TERM_COLOR: always
2026-06-11T11:47:41.8974024Z   CARGO_INCREMENTAL: 0
2026-06-11T11:47:41.8974265Z   RUSTFLAGS: -C link-arg=-fuse-ld=mold
2026-06-11T11:47:41.8974567Z   CARGO_BUILD_JOBS: 6
2026-06-11T11:47:41.8974786Z   RUSTC_WRAPPER: sccache
2026-06-11T11:47:41.8975015Z   SCCACHE_GHA_ENABLED: true
2026-06-11T11:47:41.8975332Z   SCCACHE_PATH: /opt/hostedtoolcache/sccache/0.15.0/x64/sccache
2026-06-11T11:47:41.8975683Z   ACTIONS_CACHE_SERVICE_V2: on
2026-06-11T11:47:41.8976092Z   ACTIONS_RESULTS_URL: https://results-receiver.actions.githubusercontent.com/
2026-06-11T11:47:41.9017868Z   ACTIONS_RUNTIME_TOKEN: ***
2026-06-11T11:47:41.9018136Z ##[endgroup]
2026-06-11T11:47:42.0457493Z ##[group]Restoring mise cache
2026-06-11T11:47:42.0502265Z [command]/usr/bin/ldd --version
2026-06-11T11:47:42.0581242Z ldd (Ubuntu GLIBC 2.39-0ubuntu8.7) 2.39
2026-06-11T11:47:42.0591258Z Copyright (C) 2024 Free Software Foundation, Inc.
2026-06-11T11:47:42.0603186Z This is free software; see the source for copying conditions.  There is NO
2026-06-11T11:47:42.0621337Z warranty; not even for MERCHANTABILITY or FITNESS FOR A PARTICULAR PURPOSE.
2026-06-11T11:47:42.0641006Z Written by Roland McGrath and Ulrich Drepper.
2026-06-11T11:47:43.8580233Z Cache hit for: mise-v1-linux-x64-ubuntu24-5d553c0d272ab77f6c479727d9a7a97ef11a3137cc5e7acd6feeb3c85a74fc48-f25160224585da46219cc671ebb565079f37edeec027869984cbb22b39bb8172
2026-06-11T11:47:45.0896994Z Received 4194304 of 42227166 (9.9%), 4.0 MBs/sec
2026-06-11T11:47:45.4106478Z Received 42227166 of 42227166 (100.0%), 30.5 MBs/sec
2026-06-11T11:47:45.4107631Z Cache Size: ~40 MB (42227166 B)
2026-06-11T11:47:45.4154054Z [command]/usr/bin/tar -xf /home/runner/work/_temp/81cefb87-43b4-4e5e-be17-31ebc66096c7/cache.tzst -P -C /home/runner/work/java-monorepo/java-monorepo --use-compress-program unzstd
2026-06-11T11:47:45.6705715Z Cache restored successfully
2026-06-11T11:47:45.6734524Z mise cache restored from key: mise-v1-linux-x64-ubuntu24-5d553c0d272ab77f6c479727d9a7a97ef11a3137cc5e7acd6feeb3c85a74fc48-f25160224585da46219cc671ebb565079f37edeec027869984cbb22b39bb8172
2026-06-11T11:47:45.6743560Z ##[group]Setting env vars
2026-06-11T11:47:45.6744335Z Setting MISE_LOG_LEVEL=info
2026-06-11T11:47:45.6751531Z Setting MISE_GITHUB_TOKEN=***
2026-06-11T11:47:45.6752717Z Setting MISE_TRUSTED_CONFIG_PATHS=/home/runner/work/java-monorepo/java-monorepo
2026-06-11T11:47:45.6753630Z Setting MISE_YES=1
2026-06-11T11:47:45.6754270Z Adding /home/runner/.local/share/mise/shims to PATH
2026-06-11T11:47:45.6755383Z ##[group]Running mise --version
2026-06-11T11:47:45.6776617Z [command]/home/runner/.local/share/mise/bin/mise --version
2026-06-11T11:47:45.6867932Z 2026.6.2 linux-x64 (2026-06-09)
2026-06-11T11:47:45.6916931Z ##[endgroup]
2026-06-11T11:47:45.7088065Z ##[group]Running mise install rust protoc cargo:cargo-nextest
2026-06-11T11:47:45.7108018Z [command]/home/runner/.local/share/mise/bin/mise install rust protoc cargo:cargo-nextest
2026-06-11T11:47:47.9000215Z ##[endgroup]
2026-06-11T11:47:47.9001908Z ##[group]Running mise ls
2026-06-11T11:47:47.9022705Z [command]/home/runner/.local/share/mise/bin/mise ls
2026-06-11T11:47:47.9271625Z cargo:cargo-nextest  0.9.137                          ~/work/java-monorepo/java-monorepo/mise.toml            0.9.137
2026-06-11T11:47:47.9275216Z java                 oracle-graalvm-25.0.1 (missing)  ~/work/java-monorepo/java-monorepo/mise.toml            oracle-graalvm-25.0.1
2026-06-11T11:47:47.9276714Z node                 24.16.0 (missing)                ~/work/java-monorepo/java-monorepo/mise.toml            24.16.0
2026-06-11T11:47:47.9277918Z protoc               35.0                             ~/work/java-monorepo/java-monorepo/mise.toml            latest
2026-06-11T11:47:47.9279238Z python               3.14.6 (missing)                 ~/work/java-monorepo/java-monorepo/mise.toml            3.14
2026-06-11T11:47:47.9280814Z rust                 1.96.0 (symlink)                 ~/work/java-monorepo/java-monorepo/rust-toolchain.toml  1.96.0
2026-06-11T11:47:47.9299387Z ##[endgroup]
2026-06-11T11:47:47.9302772Z ##[group]Exporting mise environment variables
2026-06-11T11:47:47.9616899Z [command]/home/runner/.local/share/mise/bin/mise env --json
2026-06-11T11:47:47.9891250Z {
2026-06-11T11:47:47.9891540Z   "CARGO_HOME": "/home/runner/.cargo",
2026-06-11T11:47:47.9893969Z   "PATH": "/home/runner/.local/share/mise/installs/cargo-cargo-nextest/0.9.137/bin:/home/runner/.local/share/mise/installs/protoc/latest/bin:/home/runner/.cargo/bin:/home/runner/.local/share/mise/shims:/home/runner/.local/share/mise/bin:/opt/hostedtoolcache/sccache/0.15.0/x64:/snap/bin:/home/runner/.local/bin:/opt/pipx_bin:/home/runner/.cargo/bin:/home/runner/.config/composer/vendor/bin:/usr/local/.ghcup/bin:/home/runner/.dotnet/tools:/usr/local/sbin:/usr/local/bin:/usr/sbin:/usr/bin:/sbin:/bin:/usr/games:/usr/local/games:/snap/bin",
2026-06-11T11:47:47.9896279Z   "RUSTUP_HOME": "/home/runner/.rustup",
2026-06-11T11:47:47.9896582Z   "RUSTUP_TOOLCHAIN": "1.96.0"
2026-06-11T11:47:47.9896821Z }
2026-06-11T11:47:47.9927786Z ##[endgroup]
2026-06-11T11:47:48.0237261Z ##[group]Run cargo nextest run -p blockchain-explorer --profile ci
2026-06-11T11:47:48.0238428Z [36;1mcargo nextest run -p blockchain-explorer --profile ci[0m
2026-06-11T11:47:48.0279172Z shell: /usr/bin/bash -e {0}
2026-06-11T11:47:48.0279601Z env:
2026-06-11T11:47:48.0280159Z   CARGO_TERM_COLOR: always
2026-06-11T11:47:48.0281005Z   CARGO_INCREMENTAL: 0
2026-06-11T11:47:48.0281492Z   RUSTFLAGS: -C link-arg=-fuse-ld=mold
2026-06-11T11:47:48.0281974Z   CARGO_BUILD_JOBS: 6
2026-06-11T11:47:48.0282429Z   RUSTC_WRAPPER: sccache
2026-06-11T11:47:48.0282837Z   SCCACHE_GHA_ENABLED: true
2026-06-11T11:47:48.0283464Z   SCCACHE_PATH: /opt/hostedtoolcache/sccache/0.15.0/x64/sccache
2026-06-11T11:47:48.0284162Z   ACTIONS_CACHE_SERVICE_V2: on
2026-06-11T11:47:48.0284879Z   ACTIONS_RESULTS_URL: https://results-receiver.actions.githubusercontent.com/
2026-06-11T11:47:48.0344182Z   ACTIONS_RUNTIME_TOKEN: ***
2026-06-11T11:47:48.0344479Z   MISE_LOG_LEVEL: info
2026-06-11T11:47:48.0347561Z   MISE_GITHUB_TOKEN: ***
2026-06-11T11:47:48.0347929Z   MISE_TRUSTED_CONFIG_PATHS: /home/runner/work/java-monorepo/java-monorepo
2026-06-11T11:47:48.0348320Z   MISE_YES: 1
2026-06-11T11:47:48.0348545Z   CARGO_HOME: /home/runner/.cargo
2026-06-11T11:47:48.0350580Z   PATH: /home/runner/.local/share/mise/installs/cargo-cargo-nextest/0.9.137/bin:/home/runner/.local/share/mise/installs/protoc/latest/bin:/home/runner/.cargo/bin:/home/runner/.local/share/mise/shims:/home/runner/.local/share/mise/bin:/opt/hostedtoolcache/sccache/0.15.0/x64:/snap/bin:/home/runner/.local/bin:/opt/pipx_bin:/home/runner/.cargo/bin:/home/runner/.config/composer/vendor/bin:/usr/local/.ghcup/bin:/home/runner/.dotnet/tools:/usr/local/sbin:/usr/local/bin:/usr/sbin:/usr/bin:/sbin:/bin:/usr/games:/usr/local/games:/snap/bin
2026-06-11T11:47:48.0352505Z   RUSTUP_HOME: /home/runner/.rustup
2026-06-11T11:47:48.0352779Z   RUSTUP_TOOLCHAIN: 1.96.0
2026-06-11T11:47:48.0353023Z ##[endgroup]
2026-06-11T11:47:48.4714696Z info: syncing channel updates for 1.96.0-x86_64-unknown-linux-gnu
2026-06-11T11:47:48.7917334Z info: latest update on 2026-05-28 for version 1.96.0 (ac68faa20 2026-05-25)
2026-06-11T11:47:48.7932813Z info: downloading 3 components
2026-06-11T11:47:58.8841827Z [1m[92m   Compiling[0m proc-macro2 v1.0.106
2026-06-11T11:47:58.8870214Z [1m[92m   Compiling[0m unicode-ident v1.0.24
2026-06-11T11:47:58.8874329Z [1m[92m   Compiling[0m quote v1.0.45
2026-06-11T11:47:58.8875186Z [1m[92m   Compiling[0m libc v0.2.186
2026-06-11T11:47:58.8875991Z [1m[92m   Compiling[0m cfg-if v1.0.4
2026-06-11T11:47:58.8876727Z [1m[92m   Compiling[0m memchr v2.8.1
2026-06-11T11:47:59.2918495Z [1m[92m   Compiling[0m serde_core v1.0.228
2026-06-11T11:47:59.4742341Z [1m[92m   Compiling[0m bytes v1.11.1
2026-06-11T11:47:59.5502149Z [1m[92m   Compiling[0m once_cell v1.21.4
2026-06-11T11:48:00.1119628Z [1m[92m   Compiling[0m equivalent v1.0.2
2026-06-11T11:48:00.1990631Z [1m[92m   Compiling[0m hashbrown v0.17.1
2026-06-11T11:48:00.2881878Z [1m[92m   Compiling[0m itoa v1.0.18
2026-06-11T11:48:00.3906838Z [1m[92m   Compiling[0m serde v1.0.228
2026-06-11T11:48:00.4742872Z [1m[92m   Compiling[0m pin-project-lite v0.2.17
2026-06-11T11:48:00.5684114Z [1m[92m   Compiling[0m smallvec v1.15.1
2026-06-11T11:48:00.7625506Z [1m[92m   Compiling[0m either v1.16.0
2026-06-11T11:48:00.8343362Z [1m[92m   Compiling[0m futures-core v0.3.32
2026-06-11T11:48:00.8777348Z [1m[92m   Compiling[0m regex-syntax v0.8.11
2026-06-11T11:48:00.8891734Z [1m[92m   Compiling[0m anyhow v1.0.102
2026-06-11T11:48:00.9061784Z [1m[92m   Compiling[0m log v0.4.32
2026-06-11T11:48:01.0182123Z [1m[92m   Compiling[0m syn v2.0.117
2026-06-11T11:48:01.3143222Z [1m[92m   Compiling[0m jobserver v0.1.34
2026-06-11T11:48:01.4157581Z [1m[92m   Compiling[0m itertools v0.14.0
2026-06-11T11:48:01.4188728Z [1m[92m   Compiling[0m find-msvc-tools v0.1.9
2026-06-11T11:48:01.6741859Z [1m[92m   Compiling[0m shlex v2.0.1
2026-06-11T11:48:01.8882365Z [1m[92m   Compiling[0m errno v0.3.14
2026-06-11T11:48:01.9224193Z [1m[92m   Compiling[0m cc v1.2.63
2026-06-11T11:48:02.0082707Z [1m[92m   Compiling[0m socket2 v0.6.4
2026-06-11T11:48:02.2841960Z [1m[92m   Compiling[0m signal-hook-registry v1.4.8
2026-06-11T11:48:02.3014983Z [1m[92m   Compiling[0m serde_derive v1.0.228
2026-06-11T11:48:02.4227454Z [1m[92m   Compiling[0m tokio-macros v2.7.0
2026-06-11T11:48:02.5671669Z [1m[92m   Compiling[0m synstructure v0.13.2
2026-06-11T11:48:02.6213702Z [1m[92m   Compiling[0m mio v1.2.1
2026-06-11T11:48:02.8514437Z [1m[92m   Compiling[0m futures-sink v0.3.32
2026-06-11T11:48:03.0271937Z [1m[92m   Compiling[0m percent-encoding v2.3.2
2026-06-11T11:48:03.1325119Z [1m[92m   Compiling[0m slab v0.4.12
2026-06-11T11:48:03.3002481Z [1m[92m   Compiling[0m fnv v1.0.7
2026-06-11T11:48:03.3331976Z [1m[92m   Compiling[0m zerofrom-derive v0.1.7
2026-06-11T11:48:03.5242612Z [1m[92m   Compiling[0m yoke-derive v0.8.2
2026-06-11T11:48:03.5341852Z [1m[92m   Compiling[0m stable_deref_trait v1.2.1
2026-06-11T11:48:03.7061959Z [1m[92m   Compiling[0m base64 v0.22.1
2026-06-11T11:48:03.7500037Z [1m[92m   Compiling[0m tokio v1.52.3
2026-06-11T11:48:03.8411912Z [1m[92m   Compiling[0m autocfg v1.5.1
2026-06-11T11:48:04.4121854Z [1m[92m   Compiling[0m num-traits v0.2.19
2026-06-11T11:48:04.4698016Z [1m[92m   Compiling[0m futures-channel v0.3.32
2026-06-11T11:48:04.6491873Z [1m[92m   Compiling[0m zerovec-derive v0.11.3
2026-06-11T11:48:04.6665977Z [1m[92m   Compiling[0m zerofrom v0.1.8
2026-06-11T11:48:05.0219873Z [1m[92m   Compiling[0m aho-corasick v1.1.4
2026-06-11T11:48:05.0415157Z [1m[92m   Compiling[0m zmij v1.0.21
2026-06-11T11:48:05.6092811Z [1m[92m   Compiling[0m futures-macro v0.3.32
2026-06-11T11:48:05.8631977Z [1m[92m   Compiling[0m yoke v0.8.3
2026-06-11T11:48:06.2767429Z [1m[92m   Compiling[0m displaydoc v0.2.6
2026-06-11T11:48:06.4371854Z [1m[92m   Compiling[0m tracing-core v0.1.36
2026-06-11T11:48:06.8261739Z [1m[92m   Compiling[0m zerovec v0.11.6
2026-06-11T11:48:06.9451807Z [1m[92m   Compiling[0m serde_json v1.0.150
2026-06-11T11:48:07.0142122Z [1m[92m   Compiling[0m futures-io v0.3.32
2026-06-11T11:48:07.3091798Z [1m[92m   Compiling[0m futures-task v0.3.32
2026-06-11T11:48:07.7216622Z [1m[92m   Compiling[0m futures-util v0.3.32
2026-06-11T11:48:07.7924230Z [1m[92m   Compiling[0m tracing-attributes v0.1.31
2026-06-11T11:48:07.8071841Z [1m[92m   Compiling[0m tokio-util v0.7.18
2026-06-11T11:48:08.3764033Z [1m[92m   Compiling[0m tinystr v0.8.3
2026-06-11T11:48:08.7455060Z [1m[92m   Compiling[0m writeable v0.6.3
2026-06-11T11:48:08.7802526Z [1m[92m   Compiling[0m litemap v0.8.2
2026-06-11T11:48:08.9272361Z [1m[92m   Compiling[0m zerotrie v0.2.4
2026-06-11T11:48:08.9292964Z [1m[92m   Compiling[0m potential_utf v0.1.5
2026-06-11T11:48:09.0744866Z [1m[92m   Compiling[0m utf8_iter v1.0.4
2026-06-11T11:48:09.1478846Z [1m[92m   Compiling[0m icu_locale_core v2.2.0
2026-06-11T11:48:09.2782383Z [1m[92m   Compiling[0m icu_normalizer_data v2.2.0
2026-06-11T11:48:09.2791010Z [1m[92m   Compiling[0m heck v0.5.0
2026-06-11T11:48:09.3348465Z [1m[92m   Compiling[0m icu_properties_data v2.2.0
2026-06-11T11:48:09.3960102Z [1m[92m   Compiling[0m icu_collections v2.2.0
2026-06-11T11:48:09.4798470Z [1m[92m   Compiling[0m tracing v0.1.44
2026-06-11T11:48:09.4805977Z [1m[92m   Compiling[0m indexmap v2.14.0
2026-06-11T11:48:09.5967940Z [1m[92m   Compiling[0m http v1.4.1
2026-06-11T11:48:09.9416832Z [1m[92m   Compiling[0m icu_provider v2.2.0
2026-06-11T11:48:09.9882537Z [1m[92m   Compiling[0m form_urlencoded v1.2.2
2026-06-11T11:48:10.0405662Z [1m[92m   Compiling[0m prettyplease v0.2.37
2026-06-11T11:48:10.1051682Z [1m[92m   Compiling[0m fs_extra v1.3.0
2026-06-11T11:48:10.1164051Z [1m[92m   Compiling[0m linux-raw-sys v0.12.1
2026-06-11T11:48:10.2036938Z [1m[92m   Compiling[0m bitflags v2.13.0
2026-06-11T11:48:10.2381801Z [1m[92m   Compiling[0m lazy_static v1.5.0
2026-06-11T11:48:10.2708550Z [1m[92m   Compiling[0m prost-derive v0.14.4
2026-06-11T11:48:10.3512371Z [1m[92m   Compiling[0m thiserror-impl v2.0.18
2026-06-11T11:48:10.3623026Z [1m[92m   Compiling[0m icu_properties v2.2.0
2026-06-11T11:48:10.4752129Z [1m[92m   Compiling[0m httparse v1.10.1
2026-06-11T11:48:11.0431707Z [1m[92m   Compiling[0m http-body v1.0.1
2026-06-11T11:48:11.1002062Z [1m[92m   Compiling[0m regex-automata v0.4.14
2026-06-11T11:48:11.3162328Z [1m[92m   Compiling[0m strsim v0.11.1
2026-06-11T11:48:11.3271772Z [1m[92m   Compiling[0m rustversion v1.0.22
2026-06-11T11:48:11.8972987Z [1m[92m   Compiling[0m uuid v1.23.3
2026-06-11T11:48:12.0521903Z [1m[92m   Compiling[0m getrandom v0.4.2
2026-06-11T11:48:12.1918738Z [1m[92m   Compiling[0m tower-service v0.3.3
2026-06-11T11:48:12.2894240Z [1m[92m   Compiling[0m regex v1.12.4
2026-06-11T11:48:12.4421880Z [1m[92m   Compiling[0m thiserror v2.0.18
2026-06-11T11:48:12.5481942Z [1m[92m   Compiling[0m async-trait v0.1.89
2026-06-11T11:48:12.6229448Z [1m[92m   Compiling[0m atomic-waker v1.1.2
2026-06-11T11:48:12.7611918Z [1m[92m   Compiling[0m prost v0.14.4
2026-06-11T11:48:12.8401830Z [1m[92m   Compiling[0m try-lock v0.2.5
2026-06-11T11:48:12.9577855Z [1m[92m   Compiling[0m h2 v0.4.14
2026-06-11T11:48:13.2082080Z [1m[92m   Compiling[0m want v0.3.1
2026-06-11T11:48:13.2561807Z [1m[92m   Compiling[0m getrandom v0.3.4
2026-06-11T11:48:13.6741625Z [1m[92m   Compiling[0m httpdate v1.0.3
2026-06-11T11:48:13.7061742Z [1m[92m   Compiling[0m rustix v1.1.4
2026-06-11T11:48:13.8482285Z [1m[92m   Compiling[0m ipnet v2.12.0
2026-06-11T11:48:13.9962404Z [1m[92m   Compiling[0m typenum v1.20.1
2026-06-11T11:48:14.0821907Z [1m[92m   Compiling[0m zerocopy v0.8.50
2026-06-11T11:48:14.2154475Z [1m[92m   Compiling[0m fixedbitset v0.5.7
2026-06-11T11:48:14.2692920Z [1m[92m   Compiling[0m unicode-segmentation v1.13.3
2026-06-11T11:48:14.7173827Z [1m[92m   Compiling[0m prost-types v0.14.4
2026-06-11T11:48:14.7176635Z [1m[92m   Compiling[0m cmake v0.1.58
2026-06-11T11:48:14.7762446Z [1m[92m   Compiling[0m rand_core v0.10.1
2026-06-11T11:48:15.0196908Z [1m[92m   Compiling[0m dunce v1.0.5
2026-06-11T11:48:15.0583403Z [1m[92m   Compiling[0m hyper v1.10.1
2026-06-11T11:48:15.1594439Z [1m[92m   Compiling[0m cpufeatures v0.3.0
2026-06-11T11:48:15.2434173Z [1m[92m   Compiling[0m ident_case v1.0.1
2026-06-11T11:48:15.2718541Z [1m[92m   Compiling[0m fastrand v2.4.1
2026-06-11T11:48:15.4192056Z [1m[92m   Compiling[0m aws-lc-sys v0.41.0
2026-06-11T11:48:15.4592024Z [1m[92m   Compiling[0m hybrid-array v0.4.12
2026-06-11T11:48:15.5267513Z [1m[92m   Compiling[0m rand_core v0.9.5
2026-06-11T11:48:15.6441676Z [1m[92m   Compiling[0m tempfile v3.27.0
2026-06-11T11:48:15.7621582Z [1m[92m   Compiling[0m hyper-util v0.1.20
2026-06-11T11:48:15.9155419Z [1m[92m   Compiling[0m http-body-util v0.1.3
2026-06-11T11:48:15.9229623Z [1m[92m   Compiling[0m icu_normalizer v2.2.0
2026-06-11T11:48:16.0051772Z [1m[92m   Compiling[0m sync_wrapper v1.0.2
2026-06-11T11:48:16.5085211Z [1m[92m   Compiling[0m tower-layer v0.3.3
2026-06-11T11:48:16.6019988Z [1m[92m   Compiling[0m multimap v0.10.1
2026-06-11T11:48:16.6182020Z [1m[92m   Compiling[0m cmov v0.5.4
2026-06-11T11:48:16.6813909Z [1m[92m   Compiling[0m ryu v1.0.23
2026-06-11T11:48:16.6950905Z [1m[92m   Compiling[0m idna_adapter v1.2.2
2026-06-11T11:48:16.8834915Z [1m[92m   Compiling[0m ctutils v0.4.2
2026-06-11T11:48:16.9194142Z [1m[92m   Compiling[0m crypto-common v0.2.2
2026-06-11T11:48:16.9240046Z [1m[92m   Compiling[0m block-buffer v0.12.0
2026-06-11T11:48:17.3031677Z [1m[92m   Compiling[0m chacha20 v0.10.0
2026-06-11T11:48:17.3141552Z [1m[92m   Compiling[0m thiserror v1.0.69
2026-06-11T11:48:17.3316526Z [1m[92m   Compiling[0m ppv-lite86 v0.2.21
2026-06-11T11:48:17.3502255Z [1m[92m   Compiling[0m const-oid v0.10.2
2026-06-11T11:48:17.8291952Z [1m[92m   Compiling[0m idna v1.1.0
2026-06-11T11:48:18.0642296Z [1m[92m   Compiling[0m rand v0.10.1
2026-06-11T11:48:18.0696435Z [1m[92m   Compiling[0m rand_chacha v0.9.0
2026-06-11T11:48:18.0798771Z [1m[92m   Compiling[0m tower v0.5.3
2026-06-11T11:48:18.1784738Z [1m[92m   Compiling[0m digest v0.11.3
2026-06-11T11:48:18.9491966Z [1m[92m   Compiling[0m thiserror-impl v1.0.69
2026-06-11T11:48:19.4212257Z [1m[92m   Compiling[0m powerfmt v0.2.0
2026-06-11T11:48:19.5972361Z [1m[92m   Compiling[0m iana-time-zone v0.1.65
2026-06-11T11:48:20.0062483Z [1m[92m   Compiling[0m tinyvec_macros v0.1.1
2026-06-11T11:48:20.4215862Z [1m[92m   Compiling[0m aws-lc-rs v1.17.0
2026-06-11T11:48:20.6192638Z [1m[92m   Compiling[0m zeroize v1.8.2
2026-06-11T11:48:20.7114257Z [1m[92m   Compiling[0m deranged v0.5.8
2026-06-11T11:48:20.8952814Z [1m[92m   Compiling[0m chrono v0.4.45
2026-06-11T11:48:20.9433280Z [1m[92m   Compiling[0m tinyvec v1.11.0
2026-06-11T11:48:21.4450692Z [1m[92m   Compiling[0m url v2.5.8
2026-06-11T11:48:21.8115052Z [1m[92m   Compiling[0m rand v0.9.4
2026-06-11T11:48:22.7601796Z [1m[92m   Compiling[0m num-conv v0.2.2
2026-06-11T11:48:22.8093668Z [1m[92m   Compiling[0m time-core v0.1.8
2026-06-11T11:48:23.4738853Z [1m[92m   Compiling[0m unicode-normalization v0.1.25
2026-06-11T11:48:24.0115030Z [1m[92m   Compiling[0m rustls-pki-types v1.14.1
2026-06-11T11:48:24.1731987Z [1m[92m   Compiling[0m unicode-bidi v0.3.18
2026-06-11T11:48:24.2021635Z [1m[92m   Compiling[0m mime v0.3.17
2026-06-11T11:48:24.2807080Z [1m[92m   Compiling[0m time v0.3.47
2026-06-11T11:48:24.8193443Z [1m[92m   Compiling[0m unicode-properties v0.1.4
2026-06-11T11:48:25.0381988Z [1m[92m   Compiling[0m hex v0.4.3
2026-06-11T11:48:25.2244077Z [1m[92m   Compiling[0m axum-core v0.5.6
2026-06-11T11:48:25.4549105Z [1m[92m   Compiling[0m sha2 v0.11.0
2026-06-11T11:48:25.7342120Z [1m[92m   Compiling[0m stringprep v0.1.5
2026-06-11T11:48:26.0368170Z [1m[92m   Compiling[0m hmac v0.13.0
2026-06-11T11:48:27.6152979Z [1m[92m   Compiling[0m md-5 v0.11.0
2026-06-11T11:48:27.9160562Z [1m[92m   Compiling[0m serde_urlencoded v0.7.1
2026-06-11T11:48:28.4154230Z [1m[92m   Compiling[0m serde_path_to_error v0.1.20
2026-06-11T11:48:28.5625587Z [1m[92m   Compiling[0m matchit v0.8.4
2026-06-11T11:48:28.6582384Z [1m[92m   Compiling[0m untrusted v0.9.0
2026-06-11T11:48:28.8009522Z [1m[92m   Compiling[0m rustls v0.23.40
2026-06-11T11:48:28.9556634Z [1m[92m   Compiling[0m fallible-iterator v0.2.0
2026-06-11T11:48:28.9558261Z [1m[92m   Compiling[0m byteorder v1.5.0
2026-06-11T11:48:29.2555639Z [1m[92m   Compiling[0m postgres-derive v0.4.8
2026-06-11T11:48:29.3662636Z [1m[92m   Compiling[0m axum v0.8.9
2026-06-11T11:48:29.4801996Z [1m[92m   Compiling[0m tokio-stream v0.1.18
2026-06-11T11:48:30.0352888Z [1m[92m   Compiling[0m pin-project-internal v1.1.13
2026-06-11T11:48:30.2262608Z [1m[92m   Compiling[0m postgres-protocol v0.6.11
2026-06-11T11:48:31.2641942Z [1m[92m   Compiling[0m pulldown-cmark v0.13.4
2026-06-11T11:48:31.3037913Z [1m[92m   Compiling[0m subtle v2.6.1
2026-06-11T11:48:31.4171653Z [1m[92m   Compiling[0m pin-project v1.1.13
2026-06-11T11:48:31.9626245Z [1m[92m   Compiling[0m postgres-types v0.2.13
2026-06-11T11:48:35.2411705Z [1m[92m   Compiling[0m hyper-timeout v0.5.2
2026-06-11T11:48:36.6352005Z [1m[92m   Compiling[0m convert_case v0.10.0
2026-06-11T11:48:36.6671573Z [1m[92m   Compiling[0m vcpkg v0.2.15
2026-06-11T11:48:36.8615406Z [1m[92m   Compiling[0m unicase v2.9.0
2026-06-11T11:48:36.9742461Z [1m[92m   Compiling[0m pkg-config v0.3.33
2026-06-11T11:48:37.1614199Z [1m[92m   Compiling[0m foldhash v0.1.5
2026-06-11T11:48:37.3862017Z [1m[92m   Compiling[0m tonic v0.14.6
2026-06-11T11:48:37.7451566Z [1m[92m   Compiling[0m darling_core v0.23.0
2026-06-11T11:48:38.1551973Z [1m[92m   Compiling[0m openssl-sys v0.9.116
2026-06-11T11:48:38.2601966Z [1m[92m   Compiling[0m hashbrown v0.15.5
2026-06-11T11:48:38.6519667Z [1m[92m   Compiling[0m debugid v0.8.0
2026-06-11T11:48:39.9142169Z [1m[92m   Compiling[0m openssl-probe v0.2.1
2026-06-11T11:48:42.9311747Z [1m[92m   Compiling[0m ref-cast v1.0.25
2026-06-11T11:48:43.2265837Z [1m[92m   Compiling[0m sentry-types v0.48.2
2026-06-11T11:48:43.3152211Z [1m[92m   Compiling[0m darling_macro v0.23.0
2026-06-11T11:48:43.3451814Z [1m[92m   Compiling[0m pulldown-cmark-to-cmark v22.0.0
2026-06-11T11:48:43.4842224Z [1m[92m   Compiling[0m ref-cast-impl v1.0.25
2026-06-11T11:48:43.6331775Z [1m[92m   Compiling[0m glob v0.3.3
2026-06-11T11:48:44.0578160Z [1m[92m   Compiling[0m parking_lot_core v0.9.12
2026-06-11T11:48:44.1022128Z [1m[92m   Compiling[0m petgraph v0.8.3
2026-06-11T11:48:44.2454609Z [1m[92m   Compiling[0m static_assertions v1.1.0
2026-06-11T11:48:44.5961882Z [1m[92m   Compiling[0m crunchy v0.2.4
2026-06-11T11:48:44.8432045Z [1m[92m   Compiling[0m owo-colors v4.3.0
2026-06-11T11:48:45.0716707Z [1m[92m   Compiling[0m litrs v1.0.0
2026-06-11T11:48:45.0784810Z [1m[92m   Compiling[0m home v0.5.12
2026-06-11T11:48:45.1939280Z [1m[92m   Compiling[0m clang-sys v1.8.1
2026-06-11T11:48:46.9826857Z [1m[92m   Compiling[0m prost-build v0.14.4
2026-06-11T11:48:47.1821747Z [1m[92m   Compiling[0m darling v0.23.0
2026-06-11T11:48:47.7449391Z [1m[92m   Compiling[0m document-features v0.2.12
2026-06-11T11:48:48.3211887Z [1m[92m   Compiling[0m prost-reflect v0.16.4
2026-06-11T11:48:49.2584435Z [1m[92m   Compiling[0m prost-derive v0.13.5
2026-06-11T11:48:50.9652366Z [1m[92m   Compiling[0m foldhash v0.2.0
2026-06-11T11:48:51.0141659Z [1m[92m   Compiling[0m allocator-api2 v0.2.21
2026-06-11T11:48:51.2816641Z [1m[92m   Compiling[0m sentry-core v0.48.2
2026-06-11T11:48:51.6131998Z [1m[92m   Compiling[0m arrayvec v0.7.6
2026-06-11T11:48:51.9792240Z [1m[92m   Compiling[0m version_check v0.9.5
2026-06-11T11:48:52.2791694Z [1m[92m   Compiling[0m scopeguard v1.2.0
2026-06-11T11:48:53.9478924Z [1m[92m   Compiling[0m beef v0.5.2
2026-06-11T11:48:54.1091801Z [1m[92m   Compiling[0m object v0.37.3
2026-06-11T11:48:54.3261821Z [1m[92m   Compiling[0m crossbeam-utils v0.8.21
2026-06-11T11:48:54.5539688Z [1m[92m   Compiling[0m rustix v0.38.44
2026-06-11T11:48:54.6722116Z [1m[92m   Compiling[0m tiny-keccak v2.0.2
2026-06-11T11:48:54.7598427Z [1m[92m   Compiling[0m lock_api v0.4.14
2026-06-11T11:48:54.9010941Z [1m[92m   Compiling[0m logos-codegen v0.14.4
2026-06-11T11:48:54.9754727Z [1m[92m   Compiling[0m hashbrown v0.16.1
2026-06-11T11:48:55.1071916Z [1m[92m   Compiling[0m proc-macro2-diagnostics v0.10.1
2026-06-11T11:48:56.0822008Z [1m[92m   Compiling[0m tonic-prost v0.14.6
2026-06-11T11:48:56.2572103Z [1m[92m   Compiling[0m tonic-build v0.14.6
2026-06-11T11:48:56.6702193Z [1m[92m   Compiling[0m adler2 v2.0.1
2026-06-11T11:48:56.6931910Z [1m[92m   Compiling[0m paste v1.0.15
2026-06-11T11:48:56.9178979Z [1m[92m   Compiling[0m openssl v0.10.80
2026-06-11T11:48:56.9432029Z [1m[92m   Compiling[0m minimal-lexical v0.2.1
2026-06-11T11:48:57.1223004Z [1m[92m   Compiling[0m foreign-types-shared v0.1.1
2026-06-11T11:48:57.7573572Z [1m[92m   Compiling[0m gimli v0.32.3
2026-06-11T11:48:57.8494792Z [1m[92m   Compiling[0m linux-raw-sys v0.4.15
2026-06-11T11:48:58.2619704Z [1m[92m   Compiling[0m foreign-types v0.3.2
2026-06-11T11:48:58.3475992Z [1m[92m   Compiling[0m nom v7.1.3
2026-06-11T11:48:59.5591739Z [1m[92m   Compiling[0m tonic-prost-build v0.14.6
2026-06-11T11:49:00.9145672Z [1m[92m   Compiling[0m addr2line v0.25.1
2026-06-11T11:49:01.0661793Z [1m[92m   Compiling[0m miniz_oxide v0.8.9
2026-06-11T11:49:01.2379894Z [1m[92m   Compiling[0m logos-derive v0.14.4
2026-06-11T11:49:01.4242101Z [1m[92m   Compiling[0m parking_lot v0.12.5
2026-06-11T11:49:02.0207500Z [1m[92m   Compiling[0m prost v0.13.5
2026-06-11T11:49:02.1831859Z [1m[92m   Compiling[0m rustls-native-certs v0.8.4
2026-06-11T11:49:02.2812615Z [1m[92m   Compiling[0m openssl-macros v0.1.1
2026-06-11T11:49:02.5562348Z [1m[92m   Compiling[0m getrandom v0.2.17
2026-06-11T11:49:02.6372320Z [1m[92m   Compiling[0m libloading v0.8.9
2026-06-11T11:49:02.9472016Z [1m[92m   Compiling[0m ucd-trie v0.1.7
2026-06-11T11:49:02.9774567Z [1m[92m   Compiling[0m bindgen v0.66.1
2026-06-11T11:49:03.0131774Z [1m[92m   Compiling[0m native-tls v0.2.18
2026-06-11T11:49:03.0401858Z [1m[92m   Compiling[0m yansi v1.0.1
2026-06-11T11:49:03.1761837Z [1m[92m   Compiling[0m typeid v1.0.3
2026-06-11T11:49:03.1841383Z [1m[92m   Compiling[0m rustc-demangle v0.1.27
2026-06-11T11:49:03.2421790Z [1m[92m   Compiling[0m siphasher v1.0.3
2026-06-11T11:49:03.4074641Z [1m[92m   Compiling[0m unicode-xid v0.2.6
2026-06-11T11:49:03.5016484Z [1m[92m   Compiling[0m backtrace v0.3.76
2026-06-11T11:49:03.5852312Z [1m[92m   Compiling[0m phf_shared v0.13.1
2026-06-11T11:49:03.6113721Z [1m[92m   Compiling[0m derive_more-impl v2.1.1
2026-06-11T11:49:03.6211883Z [1m[92m   Compiling[0m pest v2.8.6
2026-06-11T11:49:03.9481785Z [1m[92m   Compiling[0m const-random-macro v0.1.16
2026-06-11T11:49:03.9722329Z [1m[92m   Compiling[0m which v4.4.2
2026-06-11T11:49:04.2961480Z [1m[92m   Compiling[0m prost-types v0.13.5
2026-06-11T11:49:04.3822093Z [1m[92m   Compiling[0m logos v0.14.4
2026-06-11T11:49:05.4271888Z [1m[92m   Compiling[0m cexpr v0.6.0
2026-06-11T11:49:05.7476091Z [1m[92m   Compiling[0m darling_core v0.20.11
2026-06-11T11:49:05.9032509Z [1m[92m   Compiling[0m petgraph v0.7.1
2026-06-11T11:49:05.9642019Z [1m[92m   Compiling[0m lalrpop-util v0.22.2
2026-06-11T11:49:06.6745510Z [1m[92m   Compiling[0m futures-executor v0.3.32
2026-06-11T11:49:06.7221675Z [1m[92m   Compiling[0m rustc-hash v1.1.0
2026-06-11T11:49:06.9451898Z [1m[92m   Compiling[0m heck v0.4.1
2026-06-11T11:49:07.0756812Z [1m[92m   Compiling[0m rust_decimal v1.42.0
2026-06-11T11:49:07.0829543Z [1m[92m   Compiling[0m semver v1.0.28
2026-06-11T11:49:07.2231594Z [1m[92m   Compiling[0m shlex v1.3.0
2026-06-11T11:49:07.4152307Z [1m[92m   Compiling[0m peeking_take_while v0.1.2
2026-06-11T11:49:07.5031580Z [1m[92m   Compiling[0m lazycell v1.3.0
2026-06-11T11:49:07.5371619Z [1m[92m   Compiling[0m rustc_version v0.4.1
2026-06-11T11:49:07.7332311Z [1m[92m   Compiling[0m ouroboros_macro v0.18.5
2026-06-11T11:49:07.9831661Z [1m[92m   Compiling[0m futures v0.3.32
2026-06-11T11:49:07.9971951Z [1m[92m   Compiling[0m cynic-parser v0.11.1
2026-06-11T11:49:08.1241837Z [1m[92m   Compiling[0m prost-build v0.13.5
2026-06-11T11:49:08.9482213Z [1m[92m   Compiling[0m darling_macro v0.20.11
2026-06-11T11:49:09.1355419Z [1m[92m   Compiling[0m pest_meta v2.8.6
2026-06-11T11:49:09.2544276Z [1m[92m   Compiling[0m const-random v0.1.18
2026-06-11T11:49:09.3142436Z [1m[92m   Compiling[0m phf v0.13.1
2026-06-11T11:49:09.3594901Z [1m[92m   Compiling[0m sentry-backtrace v0.48.2
2026-06-11T11:49:09.5621769Z [1m[92m   Compiling[0m matchers v0.2.0
2026-06-11T11:49:09.5719572Z [1m[92m   Compiling[0m sharded-slab v0.1.7
2026-06-11T11:49:09.6201752Z [1m[92m   Compiling[0m tracing-log v0.2.0
2026-06-11T11:49:09.7281939Z [1m[92m   Compiling[0m deadpool-runtime v0.1.4
2026-06-11T11:49:09.9142776Z [1m[92m   Compiling[0m findshlibs v0.10.2
2026-06-11T11:49:09.9372235Z [1m[92m   Compiling[0m num_cpus v1.17.0
2026-06-11T11:49:09.9621778Z [1m[92m   Compiling[0m whoami v2.1.2
2026-06-11T11:49:10.0141897Z [1m[92m   Compiling[0m thread_local v1.1.9
2026-06-11T11:49:10.0732664Z [1m[92m   Compiling[0m aliasable v0.1.3
2026-06-11T11:49:10.0879818Z [1m[92m   Compiling[0m erased-serde v0.4.10
2026-06-11T11:49:10.2361780Z [1m[92m   Compiling[0m nu-ansi-term v0.50.3
2026-06-11T11:49:10.2851068Z [1m[92m   Compiling[0m deadpool v0.12.3
2026-06-11T11:49:10.2969012Z [1m[92m   Compiling[0m tokio-postgres v0.7.17
2026-06-11T11:49:10.3789755Z [1m[92m   Compiling[0m ouroboros v0.18.5
2026-06-11T11:49:10.4806564Z [1m[92m   Compiling[0m proto-types v0.2.2
2026-06-11T11:49:10.5169129Z [1m[92m   Compiling[0m tracing-subscriber v0.3.23
2026-06-11T11:49:10.6401709Z [1m[92m   Compiling[0m pest_generator v2.8.6
2026-06-11T11:49:10.6621977Z [1m[92m   Compiling[0m dlv-list v0.5.2
2026-06-11T11:49:11.0852681Z [1m[92m   Compiling[0m tokio-native-tls v0.3.1
2026-06-11T11:49:11.3173454Z [1m[92m   Compiling[0m pg_query v6.1.1
2026-06-11T11:49:11.4081678Z [1m[92m   Compiling[0m darling v0.20.11
2026-06-11T11:49:11.4591723Z [1m[92m   Compiling[0m derive_more v2.1.1
2026-06-11T11:49:11.7132061Z [1m[92m   Compiling[0m sentry-contexts v0.48.2
2026-06-11T11:49:11.8284638Z [1m[92m   Compiling[0m bon-macros v3.9.1
2026-06-11T11:49:12.0582108Z [1m[92m   Compiling[0m similar v2.7.0
2026-06-11T11:49:12.1391781Z [1m[92m   Compiling[0m castaway v0.2.4
2026-06-11T11:49:12.3092712Z [1m[92m   Compiling[0m rapidhash v4.4.1
2026-06-11T11:49:12.4181446Z [1m[92m   Compiling[0m raw-cpuid v11.6.0
2026-06-11T11:49:12.4821806Z [1m[92m   Compiling[0m num-integer v0.1.46
2026-06-11T11:49:12.5879368Z [1m[92m   Compiling[0m derive_utils v0.15.1
2026-06-11T11:49:12.6132191Z [1m[92m   Compiling[0m syn-utils v0.5.0
2026-06-11T11:49:12.9242430Z [1m[92m   Compiling[0m console v0.15.11
2026-06-11T11:49:13.0595074Z [1m[92m   Compiling[0m combine v4.6.7
2026-06-11T11:49:13.1641632Z [1m[92m   Compiling[0m strsim v0.10.0
2026-06-11T11:49:13.1991662Z [1m[92m   Compiling[0m cfg_aliases v0.2.1
2026-06-11T11:49:13.5122032Z [1m[92m   Compiling[0m utf8parse v0.2.2
2026-06-11T11:49:13.5365052Z [1m[92m   Compiling[0m bool-enum v0.1.1
2026-06-11T11:49:13.6749634Z [1m[92m   Compiling[0m hashbrown v0.14.5
2026-06-11T11:49:13.9262079Z [1m[92m   Compiling[0m winnow v1.0.3
2026-06-11T11:49:13.9561833Z [1m[92m   Compiling[0m borrow-or-share v0.2.4
2026-06-11T11:49:14.0976824Z [1m[92m   Compiling[0m ordered-multimap v0.7.3
2026-06-11T11:49:14.2522187Z [1m[92m   Compiling[0m graphql-parser v0.4.1
2026-06-11T11:49:14.2831827Z [1m[92m   Compiling[0m fluent-uri v0.4.1
2026-06-11T11:49:14.6902173Z [1m[92m   Compiling[0m anstyle-parse v1.0.0
2026-06-11T11:49:16.8072096Z [1m[92m   Compiling[0m toml_parser v1.1.2+spec-1.1.0
2026-06-11T11:49:17.2572218Z [1m[92m   Compiling[0m bon v3.9.1
2026-06-11T11:49:17.3141601Z [1m[92m   Compiling[0m protify-proc-macro v0.1.4
2026-06-11T11:49:17.5151611Z [1m[92m   Compiling[0m sentry v0.48.2
2026-06-11T11:49:17.7211961Z [1m[92m   Compiling[0m cynic-codegen v3.13.2
2026-06-11T11:49:17.7445132Z [1m[92m   Compiling[0m quanta v0.12.6
2026-06-11T11:49:17.8051736Z [1m[92m   Compiling[0m similar-asserts v1.7.0
2026-06-11T11:49:18.8631839Z [1m[92m   Compiling[0m auto_enums v0.8.8
2026-06-11T11:49:19.3311432Z [1m[92m   Compiling[0m metrics v0.24.6
2026-06-11T11:49:20.9511717Z [1m[92m   Compiling[0m compact_str v0.9.1
2026-06-11T11:49:22.5981876Z [1m[92m   Compiling[0m juniper_codegen v0.17.0
2026-06-11T11:49:23.2623659Z [1m[92m   Compiling[0m hyper-tls v0.6.0
2026-06-11T11:49:24.8302012Z [1m[92m   Compiling[0m pest_derive v2.8.6
2026-06-11T11:49:24.9912727Z [1m[92m   Compiling[0m deadpool-postgres v0.14.1
2026-06-11T11:49:28.3811746Z [1m[92m   Compiling[0m left-right v0.11.7
2026-06-11T11:49:28.5418809Z [1m[92m   Compiling[0m crossbeam-epoch v0.9.18
2026-06-11T11:49:28.7021047Z [1m[92m   Compiling[0m hashlink v0.11.1
2026-06-11T11:49:30.8053175Z [1m[92m   Compiling[0m protify-build v0.1.4
2026-06-11T11:49:31.5311751Z [1m[92m   Compiling[0m tower-http v0.6.11
2026-06-11T11:49:32.1532108Z [1m[92m   Compiling[0m rand_xoshiro v0.7.0
2026-06-11T11:49:32.1671537Z [1m[92m   Compiling[0m ureq-proto v0.6.0
2026-06-11T11:49:32.4903477Z [1m[92m   Compiling[0m ordered-float v5.3.0
2026-06-11T11:49:32.5994515Z [1m[92m   Compiling[0m itertools v0.10.5
2026-06-11T11:49:32.9824909Z [1m[92m   Compiling[0m toml_datetime v1.1.1+spec-1.1.0
2026-06-11T11:49:33.3471684Z [1m[92m   Compiling[0m serde_spanned v1.1.1
2026-06-11T11:49:33.5965245Z [1m[92m   Compiling[0m uname v0.1.1
2026-06-11T11:49:34.7868541Z [1m[92m   Compiling[0m hostname v0.4.2
2026-06-11T11:49:35.0079614Z [1m[92m   Compiling[0m encoding_rs v0.8.35
2026-06-11T11:49:35.1232326Z [1m[92m   Compiling[0m arraydeque v0.5.1
2026-06-11T11:49:35.2001730Z [1m[92m   Compiling[0m bollard-buildkit-proto v0.7.0
2026-06-11T11:49:35.2631889Z [1m[92m   Compiling[0m utf8-zero v0.8.1
2026-06-11T11:49:35.3261813Z [1m[92m   Compiling[0m anstyle v1.0.14
2026-06-11T11:49:35.5591901Z [1m[92m   Compiling[0m sketches-ddsketch v0.3.1
2026-06-11T11:49:35.6422478Z [1m[92m   Compiling[0m hashbag v0.1.13
2026-06-11T11:49:35.8052093Z [1m[92m   Compiling[0m portable-atomic v1.13.1
2026-06-11T11:49:36.2612463Z [1m[92m   Compiling[0m float_eq v1.0.1
2026-06-11T11:49:37.5041832Z [1m[92m   Compiling[0m colorchoice v1.0.5
2026-06-11T11:49:37.5322453Z [1m[92m   Compiling[0m metrics-exporter-prometheus v0.18.3
2026-06-11T11:49:37.6201516Z [1m[92m   Compiling[0m anstyle-query v1.1.5
2026-06-11T11:49:37.6396111Z [1m[92m   Compiling[0m arcstr v1.2.0
2026-06-11T11:49:37.8301831Z [1m[92m   Compiling[0m crc32fast v1.5.0
2026-06-11T11:49:37.9581975Z [1m[92m   Compiling[0m is_terminal_polyfill v1.70.2
2026-06-11T11:49:38.0551692Z [1m[92m   Compiling[0m void v1.0.2
2026-06-11T11:49:38.2145159Z [1m[92m   Compiling[0m evmap v11.0.0
2026-06-11T11:49:38.5169763Z [1m[92m   Compiling[0m protify v0.1.4
2026-06-11T11:49:38.5622253Z [1m[92m   Compiling[0m juniper v0.17.1
2026-06-11T11:49:38.5741414Z [1m[92m   Compiling[0m anstream v1.0.0
2026-06-11T11:49:38.9042036Z [1m[92m   Compiling[0m yaml-rust2 v0.11.0
2026-06-11T11:49:39.6621913Z [1m[92m   Compiling[0m metrics-util v0.20.4
2026-06-11T11:49:43.0901845Z [1m[92m   Compiling[0m toml v1.1.2+spec-1.1.0
2026-06-11T11:49:43.5941898Z [1m[92m   Compiling[0m serde-untagged v0.1.9
2026-06-11T11:49:44.2412229Z [1m[92m   Compiling[0m sentry-debug-images v0.48.2
2026-06-11T11:49:45.8321705Z [1m[92m   Compiling[0m json5 v0.4.1
2026-06-11T11:49:46.4477689Z [1m[92m   Compiling[0m rust-ini v0.21.3
2026-06-11T11:49:46.6819567Z [1m[92m   Compiling[0m num-bigint v0.4.6
2026-06-11T11:49:47.3876830Z [1m[92m   Compiling[0m sentry-tracing v0.48.2
2026-06-11T11:49:47.8146195Z [1m[92m   Compiling[0m ron v0.12.1
2026-06-11T11:49:48.3381804Z [1m[92m   Compiling[0m sentry-panic v0.48.2
2026-06-11T11:49:49.4161837Z [1m[92m   Compiling[0m sentry-anyhow v0.48.2
2026-06-11T11:49:50.2657333Z [1m[92m   Compiling[0m sentry-log v0.48.2
2026-06-11T11:49:50.3291863Z [1m[92m   Compiling[0m convert_case v0.6.0
2026-06-11T11:49:51.2454756Z [1m[92m   Compiling[0m structmeta-derive v0.3.0
2026-06-11T11:49:51.3422021Z [1m[92m   Compiling[0m clap_lex v1.1.0
2026-06-11T11:49:51.8371883Z [1m[92m   Compiling[0m Inflector v0.11.4
2026-06-11T11:49:52.3961760Z [1m[92m   Compiling[0m pathdiff v0.2.3
2026-06-11T11:49:52.4441910Z [1m[92m   Compiling[0m clap_builder v4.6.0
2026-06-11T11:49:52.5662673Z [1m[92m   Compiling[0m structmeta v0.3.0
2026-06-11T11:49:52.7539244Z [1m[92m   Compiling[0m cynic-querygen v3.13.2
2026-06-11T11:49:53.0172010Z [1m[92m   Compiling[0m config v0.15.23
2026-06-11T11:49:53.1968346Z [1m[92m   Compiling[0m num-rational v0.4.2
2026-06-11T11:49:55.4702285Z [1m[92m   Compiling[0m juniper_subscriptions v0.18.0
2026-06-11T11:49:57.3556901Z [1m[92m   Compiling[0m tracing-request-level v0.1.0 (https://github.com/donbeave/tracing-request-level?rev=aeaca706ae0485066cdfc20c65f999a3d2980b96#aeaca706)
2026-06-11T11:49:59.3011687Z [1m[92m   Compiling[0m num-iter v0.1.45
2026-06-11T11:50:00.3741959Z [1m[92m   Compiling[0m crossterm v0.29.0
2026-06-11T11:50:00.3972099Z [1m[92m   Compiling[0m clap_derive v4.6.1
2026-06-11T11:50:00.4671938Z [1m[92m   Compiling[0m num-complex v0.4.6
2026-06-11T11:50:00.5524155Z [1m[92m   Compiling[0m serde_repr v0.1.20
2026-06-11T11:50:01.0542198Z [1m[92m   Compiling[0m schemalane-macros v0.1.0 (https://github.com/donbeave/schemalane?branch=main#dd0d79d8)
2026-06-11T11:50:01.0931741Z [1m[92m   Compiling[0m async-stream-impl v0.3.6
2026-06-11T11:50:01.2062162Z [1m[92m   Compiling[0m dotenvy v0.15.7
2026-06-11T11:50:01.6093719Z [1m[92m   Compiling[0m unicode-width v0.2.2
2026-06-11T11:50:01.7361751Z [1m[92m   Compiling[0m num v0.4.3
2026-06-11T11:50:01.8452437Z [1m[92m   Compiling[0m async-stream v0.3.6
2026-06-11T11:50:02.0022290Z [1m[92m   Compiling[0m juniper_graphql_ws v0.5.0
2026-06-11T11:50:02.1422271Z [1m[92m   Compiling[0m comfy-table v7.2.2
2026-06-11T11:50:02.1481089Z [1m[92m   Compiling[0m blockchain-explorer v0.1.0 (/home/runner/work/java-monorepo/java-monorepo/backend-rust/blockchain-explorer)
2026-06-11T11:50:02.3372091Z [1m[92m   Compiling[0m parse-display-derive v0.9.1
2026-06-11T11:50:02.6391830Z [1m[92m   Compiling[0m xattr v1.6.1
2026-06-11T11:50:03.0801858Z [1m[92m   Compiling[0m serde_with_macros v3.21.0
2026-06-11T11:50:03.2171723Z [1m[92m   Compiling[0m clap v4.6.1
2026-06-11T11:50:03.3401793Z [1m[92m   Compiling[0m hyperlocal v0.9.1
2026-06-11T11:50:03.5911929Z [1m[92m   Compiling[0m filetime v0.2.29
2026-06-11T11:50:03.7071871Z [1m[92m   Compiling[0m rustc-hash v2.1.2
2026-06-11T11:50:04.0309212Z [1m[92m   Compiling[0m astral-tokio-tar v0.6.2
2026-06-11T11:50:04.5302265Z [1m[92m   Compiling[0m juniper_axum v0.3.0
2026-06-11T11:50:04.8232076Z [1m[92m   Compiling[0m parse-display v0.9.1
2026-06-11T11:50:04.8912015Z [1m[92m   Compiling[0m serde_with v3.21.0
2026-06-11T11:50:05.0562029Z [1m[92m   Compiling[0m ferroid v2.0.0
2026-06-11T11:50:05.1312486Z [1m[92m   Compiling[0m legacy-grpc-server v0.1.0 (/home/runner/work/java-monorepo/java-monorepo/backend-rust/legacy-grpc-server)
2026-06-11T11:50:05.4416667Z [1m[92m   Compiling[0m eth-grpc-server v0.1.0 (/home/runner/work/java-monorepo/java-monorepo/backend-rust/eth-grpc-server)
2026-06-11T11:50:05.5601870Z [1m[92m   Compiling[0m tonic-reflection v0.14.6
2026-06-11T11:50:05.7602620Z [1m[92m   Compiling[0m tonic-health v0.14.6
2026-06-11T11:50:05.9524200Z [1m[92m   Compiling[0m docker_credential v1.4.0
2026-06-11T11:50:06.1251625Z [1m[92m   Compiling[0m dataloader v0.18.0
2026-06-11T11:50:06.2258838Z [1m[92m   Compiling[0m etcetera v0.11.0
2026-06-11T11:50:06.4931736Z [1m[92m   Compiling[0m cynic-proc-macros v3.13.2
2026-06-11T11:50:07.0421872Z [1m[92m   Compiling[0m cynic v3.13.2
2026-06-11T11:50:28.2544789Z [1m[92m   Compiling[0m pg_query_fmt v0.1.3 (https://github.com/donbeave/schemalane?branch=main#dd0d79d8)
2026-06-11T11:50:29.9867548Z [1m[92m   Compiling[0m schemalane-core v0.1.20 (https://github.com/donbeave/schemalane?branch=main#dd0d79d8)
2026-06-11T11:50:31.7191691Z [1m[92m   Compiling[0m schemalane-cli v0.1.26 (https://github.com/donbeave/schemalane?branch=main#dd0d79d8)
2026-06-11T11:50:34.8483897Z [1m[92m   Compiling[0m legacy-migration v0.1.0 (/home/runner/work/java-monorepo/java-monorepo/backend-rust/legacy-migration)
2026-06-11T11:50:34.9632429Z [1m[92m   Compiling[0m eth-migration v0.1.0 (/home/runner/work/java-monorepo/java-monorepo/backend-rust/eth-migration)
2026-06-11T11:50:43.7652066Z [1m[92m   Compiling[0m rustls-webpki v0.103.13
2026-06-11T11:50:49.1368272Z [1m[92m   Compiling[0m tokio-rustls v0.26.4
2026-06-11T11:50:49.1388980Z [1m[92m   Compiling[0m rustls-platform-verifier v0.7.0
2026-06-11T11:50:49.1411600Z [1m[92m   Compiling[0m ureq v3.3.0
2026-06-11T11:50:49.5893113Z [1m[92m   Compiling[0m hyper-rustls v0.27.9
2026-06-11T11:50:50.0243636Z [1m[92m   Compiling[0m reqwest v0.13.4
2026-06-11T11:50:56.3075626Z [1m[92m   Compiling[0m bollard-stubs v1.52.1-rc.29.1.3
2026-06-11T11:51:09.6116131Z [1m[92m   Compiling[0m bollard v0.20.2
2026-06-11T11:51:10.3644793Z [1m[92m   Compiling[0m testcontainers v0.27.3
2026-06-11T11:51:10.8582630Z [1m[92m   Compiling[0m testcontainers-modules v0.15.0
2026-06-11T11:51:46.1112500Z [1m[92m    Finished[0m `test` profile [unoptimized + debuginfo] target(s) in 3m 47s
2026-06-11T11:51:46.3544110Z ────────────
2026-06-11T11:51:46.3545400Z [32;1m Nextest run[0m ID [1mf0b8d743-a6e1-4627-a36b-aa674e109674[0m with nextest profile: [1mci[0m
2026-06-11T11:51:46.3547761Z [32;1m    Starting[0m [1m21[0m tests across [1m4[0m binaries
2026-06-11T11:51:46.3637945Z [32;1m        PASS[0m [   0.007s] ( 1/21) [35;1mblockchain-explorer[0m [36mrest::csv::tests[0m[36m::[0m[34;1mcommas_trigger_quoting[0m
2026-06-11T11:51:46.3639885Z [32;1m        PASS[0m [   0.007s] ( 2/21) [35;1mblockchain-explorer[0m [36mrest::csv::tests[0m[36m::[0m[34;1mempty_fields_preserved[0m
2026-06-11T11:51:46.3705208Z [32;1m        PASS[0m [   0.007s] ( 3/21) [35;1mblockchain-explorer[0m [36mrest::csv::tests[0m[36m::[0m[34;1mplain_fields_unquoted[0m
2026-06-11T11:51:46.3724767Z [32;1m        PASS[0m [   0.009s] ( 4/21) [35;1mblockchain-explorer[0m [36mrest::csv::tests[0m[36m::[0m[34;1mnewlines_trigger_quoting[0m
2026-06-11T11:51:46.3788613Z [32;1m        PASS[0m [   0.008s] ( 5/21) [35;1mblockchain-explorer[0m [36mrest::csv::tests[0m[36m::[0m[34;1mquotes_get_doubled[0m
2026-06-11T11:51:46.3795552Z [32;1m        PASS[0m [   0.007s] ( 6/21) [35;1mblockchain-explorer[0m [36mrest::display_label::tests[0m[36m::[0m[34;1mempty_segments_skipped[0m
2026-06-11T11:51:46.3856145Z [32;1m        PASS[0m [   0.007s] ( 7/21) [35;1mblockchain-explorer[0m [36mrest::display_label::tests[0m[36m::[0m[34;1mempty_when_nothing_known[0m
2026-06-11T11:51:46.3882660Z [32;1m        PASS[0m [   0.008s] ( 8/21) [35;1mblockchain-explorer[0m [36mrest::display_label::tests[0m[36m::[0m[34;1mfirst_semicolon_segment_wins[0m
2026-06-11T11:51:46.3922263Z [32;1m        PASS[0m [   0.007s] ( 9/21) [35;1mblockchain-explorer[0m [36mrest::display_label::tests[0m[36m::[0m[34;1mlabel_wins_when_present_even_if_owner_is_known[0m
2026-06-11T11:51:46.3946324Z [32;1m        PASS[0m [   0.008s] (10/21) [35;1mblockchain-explorer[0m [36mrest::display_label::tests[0m[36m::[0m[34;1mlabel_with_emoji_passed_through_as_is[0m
2026-06-11T11:51:46.4009810Z [32;1m        PASS[0m [   0.009s] (11/21) [35;1mblockchain-explorer[0m [36mrest::display_label::tests[0m[36m::[0m[34;1monly_label_used_when_no_owner[0m
2026-06-11T11:51:46.4032329Z [32;1m        PASS[0m [   0.007s] (12/21) [35;1mblockchain-explorer[0m [36mrest::display_label::tests[0m[36m::[0m[34;1monly_owner_used_when_no_label[0m
2026-06-11T11:51:46.4086015Z [32;1m        PASS[0m [   0.007s] (13/21) [35;1mblockchain-explorer[0m [36mrest::display_label::tests[0m[36m::[0m[34;1mwhitespace_trimmed_around_first_segment[0m
2026-06-11T11:51:46.4152147Z [32;1m        PASS[0m [   0.012s] (14/21) [35;1mblockchain-explorer::graphql_test[0m [34;1mgenerate_schema_sdl[0m
2026-06-11T11:51:46.4232023Z [32;1m        PASS[0m [   0.014s] (15/21) [35;1mblockchain-explorer::graphql_test[0m [34;1mtest_account_query_returns_error_for_empty_identifier[0m
2026-06-11T11:51:46.4256438Z [32;1m        PASS[0m [   0.012s] (16/21) [35;1mblockchain-explorer::graphql_test[0m [34;1mtest_block_query_returns_error_for_empty_identifier[0m
2026-06-11T11:51:46.4354416Z [32;1m        PASS[0m [   0.013s] (17/21) [35;1mblockchain-explorer::graphql_test[0m [34;1mtest_transaction_query_returns_error_for_empty_identifier[0m
2026-06-11T11:51:46.4380097Z [32;1m        PASS[0m [   0.012s] (18/21) [35;1mblockchain-explorer::graphql_test[0m [34;1mtest_transfer_query_returns_error_for_empty_identifier[0m
2026-06-11T11:52:01.3352359Z [32;1m        PASS[0m [  14.900s] (19/21) [35;1mblockchain-explorer::rest_test[0m [34;1maddress_labels_csv_end_to_end[0m
2026-06-11T11:52:01.7929282Z [32;1m        PASS[0m [  15.355s] (20/21) [35;1mblockchain-explorer::rest_test[0m [34;1mbitcoin_returns_501[0m
2026-06-11T11:52:05.9294972Z [32;1m        PASS[0m [   4.594s] (21/21) [35;1mblockchain-explorer::rest_test[0m [34;1mtransfers_csv_end_to_end[0m
2026-06-11T11:52:05.9305400Z ────────────
2026-06-11T11:52:05.9306295Z [32;1m     Summary[0m [  19.575s] [1m21[0m tests run: [1m21[0m [32;1mpassed[0m, [1m0[0m [33;1mskipped[0m
2026-06-11T11:52:05.9460803Z Post job cleanup.
2026-06-11T11:52:06.1692429Z ##[group]Get human-readable stats
2026-06-11T11:52:06.1707892Z [command]/opt/hostedtoolcache/sccache/0.15.0/x64/sccache --show-stats
2026-06-11T11:52:06.1776334Z Compile requests                   1001
2026-06-11T11:52:06.1777140Z Compile requests executed           872
2026-06-11T11:52:06.1778158Z Cache hits                          451
2026-06-11T11:52:06.1779010Z Cache hits (Assembler)               30
2026-06-11T11:52:06.1779764Z Cache hits (C/C++)                  174
2026-06-11T11:52:06.1780932Z Cache hits (Rust)                   247
2026-06-11T11:52:06.1781731Z Cache misses                        416
2026-06-11T11:52:06.1782523Z Cache misses (Assembler)             72
2026-06-11T11:52:06.1783270Z Cache misses (C/C++)                152
2026-06-11T11:52:06.1784047Z Cache misses (Rust)                 192
2026-06-11T11:52:06.1784813Z Cache hits rate                   52.02 %
2026-06-11T11:52:06.1785700Z Cache hits rate (Assembler)       29.41 %
2026-06-11T11:52:06.1787595Z Cache hits rate (C/C++)           53.37 %
2026-06-11T11:52:06.1788422Z Cache hits rate (Rust)            56.26 %
2026-06-11T11:52:06.1789217Z Cache timeouts                        0
2026-06-11T11:52:06.1789962Z Cache read errors                     0
2026-06-11T11:52:06.1791128Z Forced recaches                       0
2026-06-11T11:52:06.1791924Z Cache write errors                  416
2026-06-11T11:52:06.1793814Z Cache errors                          0
2026-06-11T11:52:06.1795779Z Compilations                        416
2026-06-11T11:52:06.1796625Z Compilation failures                  5
2026-06-11T11:52:06.1797426Z Non-cacheable compilations            0
2026-06-11T11:52:06.1798239Z Non-cacheable calls                 126
2026-06-11T11:52:06.1799063Z Non-compilation calls                 3
2026-06-11T11:52:06.1799881Z Unsupported compiler calls            0
2026-06-11T11:52:06.1801124Z Average cache write               0.000 s
2026-06-11T11:52:06.1801976Z Average compiler                  0.785 s
2026-06-11T11:52:06.1802775Z Average cache read hit            0.241 s
2026-06-11T11:52:06.1803582Z Failed distributed compilations       0
2026-06-11T11:52:06.1804362Z 
2026-06-11T11:52:06.1804666Z Non-cacheable reasons:
2026-06-11T11:52:06.1809028Z crate-type                          103
2026-06-11T11:52:06.1809999Z missing input                        10
2026-06-11T11:52:06.1812495Z -o                                    7
2026-06-11T11:52:06.1813147Z -                                     5
2026-06-11T11:52:06.1813768Z -E                                    1
2026-06-11T11:52:06.1814234Z 
2026-06-11T11:52:06.1815042Z Cache location                  ghac, name: 7e0726055e1e4f1baa01c3967c5cfadc05877ea5de0f1b2d553463f71b5d0d86, prefix: /sccache/
2026-06-11T11:52:06.1816361Z Base directories                (none)
2026-06-11T11:52:06.1817015Z Version (client)                0.15.0
2026-06-11T11:52:06.1817971Z ##[endgroup]
2026-06-11T11:52:06.1818690Z ##[group]Get JSON stats
2026-06-11T11:52:06.1819962Z [command]/opt/hostedtoolcache/sccache/0.15.0/x64/sccache --show-stats --stats-format=json
2026-06-11T11:52:06.1879442Z {"stats":{"compile_requests":1001,"requests_unsupported_compiler":0,"requests_not_compile":3,"requests_not_cacheable":126,"requests_executed":872,"cache_errors":{"counts":{},"adv_counts":{}},"cache_hits":{"counts":{"Assembler":30,"C/C++":174,"Rust":247},"adv_counts":{"rust":247,"assemblerToPreprocess [gcc]":30,"c [gcc]":174}},"cache_misses":{"counts":{"Assembler":72,"C/C++":152,"Rust":192},"adv_counts":{"rust":192,"c [gcc]":152,"assemblerToPreprocess [gcc]":72}},"cache_timeouts":0,"cache_read_errors":0,"non_cacheable_compilations":0,"forced_recaches":0,"cache_write_errors":416,"cache_writes":0,"cache_write_duration":{"secs":0,"nanos":0},"cache_read_hit_duration":{"secs":108,"nanos":889460455},"compilations":416,"compiler_write_duration":{"secs":326,"nanos":761475712},"compile_fails":5,"not_cached":{"missing input":10,"-E":1,"-":5,"-o":7,"crate-type":103},"dist_compiles":{},"dist_errors":0,"multi_level":null},"cache_location":"ghac, name: 7e0726055e1e4f1baa01c3967c5cfadc05877ea5de0f1b2d553463f71b5d0d86, prefix: /sccache/","cache_size":null,"max_cache_size":null,"use_preprocessor_cache_mode":false,"version":"0.15.0","basedirs":[]}
2026-06-11T11:52:06.1887292Z ##[endgroup]
2026-06-11T11:52:06.1911072Z ##[notice]52% - 451 hits, 416 misses, 0 errors
2026-06-11T11:52:06.1921609Z 
2026-06-11T11:52:06.1921855Z Full human-readable stats:
2026-06-11T11:52:06.1922346Z Compile requests                   1001
2026-06-11T11:52:06.1922875Z Compile requests executed           872
2026-06-11T11:52:06.1923443Z Cache hits                          451
2026-06-11T11:52:06.1923924Z Cache hits (Assembler)               30
2026-06-11T11:52:06.1924424Z Cache hits (C/C++)                  174
2026-06-11T11:52:06.1924912Z Cache hits (Rust)                   247
2026-06-11T11:52:06.1925371Z Cache misses                        416
2026-06-11T11:52:06.1925871Z Cache misses (Assembler)             72
2026-06-11T11:52:06.1926359Z Cache misses (C/C++)                152
2026-06-11T11:52:06.1926823Z Cache misses (Rust)                 192
2026-06-11T11:52:06.1927334Z Cache hits rate                   52.02 %
2026-06-11T11:52:06.1927833Z Cache hits rate (Assembler)       29.41 %
2026-06-11T11:52:06.1928373Z Cache hits rate (C/C++)           53.37 %
2026-06-11T11:52:06.1928888Z Cache hits rate (Rust)            56.26 %
2026-06-11T11:52:06.1929486Z Cache timeouts                        0
2026-06-11T11:52:06.1930055Z Cache read errors                     0
2026-06-11T11:52:06.1930812Z Forced recaches                       0
2026-06-11T11:52:06.1931235Z Cache write errors                  416
2026-06-11T11:52:06.1931756Z Cache errors                          0
2026-06-11T11:52:06.1932274Z Compilations                        416
2026-06-11T11:52:06.1932822Z Compilation failures                  5
2026-06-11T11:52:06.1933366Z Non-cacheable compilations            0
2026-06-11T11:52:06.1933891Z Non-cacheable calls                 126
2026-06-11T11:52:06.1934433Z Non-compilation calls                 3
2026-06-11T11:52:06.1934917Z Unsupported compiler calls            0
2026-06-11T11:52:06.1935392Z Average cache write               0.000 s
2026-06-11T11:52:06.1935900Z Average compiler                  0.785 s
2026-06-11T11:52:06.1936391Z Average cache read hit            0.241 s
2026-06-11T11:52:06.1936875Z Failed distributed compilations       0
2026-06-11T11:52:06.1937215Z 
2026-06-11T11:52:06.1937364Z Non-cacheable reasons:
2026-06-11T11:52:06.1937751Z crate-type                          103
2026-06-11T11:52:06.1938166Z missing input                        10
2026-06-11T11:52:06.1938574Z -o                                    7
2026-06-11T11:52:06.1939051Z -                                     5
2026-06-11T11:52:06.1939528Z -E                                    1
2026-06-11T11:52:06.1939820Z 
2026-06-11T11:52:06.1940767Z Cache location                  ghac, name: 7e0726055e1e4f1baa01c3967c5cfadc05877ea5de0f1b2d553463f71b5d0d86, prefix: /sccache/
2026-06-11T11:52:06.1941802Z Base directories                (none)
2026-06-11T11:52:06.1942304Z Version (client)                0.15.0
2026-06-11T11:52:06.1942622Z 
2026-06-11T11:52:07.7146224Z Post job cleanup.
2026-06-11T11:52:07.9071503Z [command]/usr/bin/tar --posix -cf cache.tzst --exclude cache.tzst -P -C /home/runner/work/java-monorepo/java-monorepo --files-from manifest.txt --use-compress-program zstdmt
2026-06-11T11:52:18.5157358Z Failed to save: Unable to reserve cache with key cargo-registry-GitHub-Linux-e85c77d0b1218bb1a165b77d4caf81154958cf3a17a59038482fcdaa52f929b0, another job may be creating this cache.
2026-06-11T11:52:18.5483329Z Post job cleanup.
2026-06-11T11:52:18.6471855Z [command]/usr/bin/git version
2026-06-11T11:52:18.6515676Z git version 2.54.0
2026-06-11T11:52:18.6594929Z Temporarily overriding HOME='/home/runner/work/_temp/c9835a8c-6d27-45a9-a49d-260408039787' before making global git config changes
2026-06-11T11:52:18.6598484Z Adding repository directory to the temporary git global config as a safe directory
2026-06-11T11:52:18.6602208Z [command]/usr/bin/git config --global --add safe.directory /home/runner/work/java-monorepo/java-monorepo
2026-06-11T11:52:18.6640908Z Removing SSH command configuration
2026-06-11T11:52:18.6649235Z [command]/usr/bin/git config --local --name-only --get-regexp core\.sshCommand
2026-06-11T11:52:18.6693170Z [command]/usr/bin/git submodule foreach --recursive sh -c "git config --local --name-only --get-regexp 'core\.sshCommand' && git config --local --unset-all 'core.sshCommand' || :"
2026-06-11T11:52:18.6972748Z Removing HTTP extra header
2026-06-11T11:52:18.6973900Z [command]/usr/bin/git config --local --name-only --get-regexp http\.https\:\/\/github\.com\/\.extraheader
2026-06-11T11:52:18.7021820Z [command]/usr/bin/git submodule foreach --recursive sh -c "git config --local --name-only --get-regexp 'http\.https\:\/\/github\.com\/\.extraheader' && git config --local --unset-all 'http.https://github.com/.extraheader' || :"
2026-06-11T11:52:18.7323403Z Removing includeIf entries pointing to credentials config files
2026-06-11T11:52:18.7331483Z [command]/usr/bin/git config --local --name-only --get-regexp ^includeIf\.gitdir:
2026-06-11T11:52:18.7361036Z includeif.gitdir:/home/runner/work/java-monorepo/java-monorepo/.git.path
2026-06-11T11:52:18.7362474Z includeif.gitdir:/home/runner/work/java-monorepo/java-monorepo/.git/worktrees/*.path
2026-06-11T11:52:18.7363715Z includeif.gitdir:/github/workspace/.git.path
2026-06-11T11:52:18.7364658Z includeif.gitdir:/github/workspace/.git/worktrees/*.path
2026-06-11T11:52:18.7372014Z [command]/usr/bin/git config --local --get-all includeif.gitdir:/home/runner/work/java-monorepo/java-monorepo/.git.path
2026-06-11T11:52:18.7398324Z /home/runner/work/_temp/git-credentials-cf5cd4f8-b2db-43e7-b6cd-510280e9543c.config
2026-06-11T11:52:18.7410204Z [command]/usr/bin/git config --local --unset includeif.gitdir:/home/runner/work/java-monorepo/java-monorepo/.git.path /home/runner/work/_temp/git-credentials-cf5cd4f8-b2db-43e7-b6cd-510280e9543c.config
2026-06-11T11:52:18.7456589Z [command]/usr/bin/git config --local --get-all includeif.gitdir:/home/runner/work/java-monorepo/java-monorepo/.git/worktrees/*.path
2026-06-11T11:52:18.7481427Z /home/runner/work/_temp/git-credentials-cf5cd4f8-b2db-43e7-b6cd-510280e9543c.config
2026-06-11T11:52:18.7513186Z [command]/usr/bin/git config --local --unset includeif.gitdir:/home/runner/work/java-monorepo/java-monorepo/.git/worktrees/*.path /home/runner/work/_temp/git-credentials-cf5cd4f8-b2db-43e7-b6cd-510280e9543c.config
2026-06-11T11:52:18.7528632Z [command]/usr/bin/git config --local --get-all includeif.gitdir:/github/workspace/.git.path
2026-06-11T11:52:18.7560241Z /github/runner_temp/git-credentials-cf5cd4f8-b2db-43e7-b6cd-510280e9543c.config
2026-06-11T11:52:18.7562746Z [command]/usr/bin/git config --local --unset includeif.gitdir:/github/workspace/.git.path /github/runner_temp/git-credentials-cf5cd4f8-b2db-43e7-b6cd-510280e9543c.config
2026-06-11T11:52:18.7600881Z [command]/usr/bin/git config --local --get-all includeif.gitdir:/github/workspace/.git/worktrees/*.path
2026-06-11T11:52:18.7625339Z /github/runner_temp/git-credentials-cf5cd4f8-b2db-43e7-b6cd-510280e9543c.config
2026-06-11T11:52:18.7636150Z [command]/usr/bin/git config --local --unset includeif.gitdir:/github/workspace/.git/worktrees/*.path /github/runner_temp/git-credentials-cf5cd4f8-b2db-43e7-b6cd-510280e9543c.config
2026-06-11T11:52:18.7675612Z [command]/usr/bin/git submodule foreach --recursive git config --local --show-origin --name-only --get-regexp remote.origin.url
2026-06-11T11:52:18.7958835Z Removing credentials config '/home/runner/work/_temp/git-credentials-cf5cd4f8-b2db-43e7-b6cd-510280e9543c.config'
2026-06-11T11:52:18.8111452Z Cleaning up orphan processes
2026-06-11T11:52:18.8496008Z Terminate orphan process: pid (2330) (sccache)
