2026-06-11T11:47:23.5986675Z Current runner version: '2.335.1'
2026-06-11T11:47:23.6023582Z ##[group]Runner Image Provisioner
2026-06-11T11:47:23.6025362Z Hosted Compute Agent
2026-06-11T11:47:23.6026567Z Version: 20260520.533
2026-06-11T11:47:23.6027704Z Commit: 189110e25284a9812c124fd27b339e2fb4f2f9db
2026-06-11T11:47:23.6029066Z Build Date: 2026-05-20T17:44:04Z
2026-06-11T11:47:23.6030310Z Worker ID: {13b9b9fd-39fc-4784-9aea-fd74f4dcacbb}
2026-06-11T11:47:23.6031565Z Azure Region: westus3
2026-06-11T11:47:23.6032774Z ##[endgroup]
2026-06-11T11:47:23.6035986Z ##[group]Operating System
2026-06-11T11:47:23.6037075Z Ubuntu
2026-06-11T11:47:23.6038111Z 24.04.4
2026-06-11T11:47:23.6039006Z LTS
2026-06-11T11:47:23.6039980Z ##[endgroup]
2026-06-11T11:47:23.6040995Z ##[group]Runner Image
2026-06-11T11:47:23.6042058Z Image: ubuntu-24.04
2026-06-11T11:47:23.6043139Z Version: 20260525.161.1
2026-06-11T11:47:23.6045566Z Included Software: https://github.com/actions/runner-images/blob/ubuntu24/20260525.161/images/ubuntu/Ubuntu2404-Readme.md
2026-06-11T11:47:23.6048525Z Image Release: https://github.com/actions/runner-images/releases/tag/ubuntu24%2F20260525.161
2026-06-11T11:47:23.6050256Z ##[endgroup]
2026-06-11T11:47:23.6052650Z ##[group]GITHUB_TOKEN Permissions
2026-06-11T11:47:23.6055956Z Actions: read
2026-06-11T11:47:23.6057186Z Contents: read
2026-06-11T11:47:23.6058202Z Metadata: read
2026-06-11T11:47:23.6059289Z PullRequests: read
2026-06-11T11:47:23.6060352Z ##[endgroup]
2026-06-11T11:47:23.6063479Z Secret source: Actions
2026-06-11T11:47:23.6065960Z Prepare workflow directory
2026-06-11T11:47:23.6663731Z Prepare all required actions
2026-06-11T11:47:23.6723074Z Getting action download info
2026-06-11T11:47:24.3955744Z Download action repository 'actions/checkout@df4cb1c069e1874edd31b4311f1884172cec0e10' (SHA:df4cb1c069e1874edd31b4311f1884172cec0e10)
2026-06-11T11:47:26.7073052Z Download action repository 'actions/cache@27d5ce7f107fe9357f9df03efb73ab90386fccae' (SHA:27d5ce7f107fe9357f9df03efb73ab90386fccae)
2026-06-11T11:47:26.8991307Z Download action repository 'rui314/setup-mold@9c9c13bf4c3f1adef0cc596abc155580bcb04444' (SHA:9c9c13bf4c3f1adef0cc596abc155580bcb04444)
2026-06-11T11:47:27.1368418Z Download action repository 'mozilla-actions/sccache-action@9e7fa8a12102821edf02ca5dbea1acd0f89a2696' (SHA:9e7fa8a12102821edf02ca5dbea1acd0f89a2696)
2026-06-11T11:47:27.7040191Z Download action repository 'jdx/mise-action@dba19683ed58901619b14f395a24841710cb4925' (SHA:dba19683ed58901619b14f395a24841710cb4925)
2026-06-11T11:47:28.9656974Z Complete job name: Test eth-processor-app (GitHub)
2026-06-11T11:47:29.0342137Z ##[group]Run actions/checkout@df4cb1c069e1874edd31b4311f1884172cec0e10
2026-06-11T11:47:29.0342878Z with:
2026-06-11T11:47:29.0343121Z   repository: ChainArgos/java-monorepo
2026-06-11T11:47:29.0346408Z   token: ***
2026-06-11T11:47:29.0346643Z   ssh-strict: true
2026-06-11T11:47:29.0346854Z   ssh-user: git
2026-06-11T11:47:29.0347072Z   persist-credentials: true
2026-06-11T11:47:29.0347317Z   clean: true
2026-06-11T11:47:29.0347542Z   sparse-checkout-cone-mode: true
2026-06-11T11:47:29.0347830Z   fetch-depth: 1
2026-06-11T11:47:29.0348028Z   fetch-tags: false
2026-06-11T11:47:29.0348233Z   show-progress: true
2026-06-11T11:47:29.0348434Z   lfs: false
2026-06-11T11:47:29.0348621Z   submodules: false
2026-06-11T11:47:29.0348835Z   set-safe-directory: true
2026-06-11T11:47:29.0349373Z env:
2026-06-11T11:47:29.0349581Z   CARGO_TERM_COLOR: always
2026-06-11T11:47:29.0349822Z   CARGO_INCREMENTAL: 0
2026-06-11T11:47:29.0350097Z   RUSTFLAGS: -C link-arg=-fuse-ld=mold
2026-06-11T11:47:29.0350403Z   CARGO_BUILD_JOBS: 6
2026-06-11T11:47:29.0350619Z   RUSTC_WRAPPER: sccache
2026-06-11T11:47:29.0350854Z   SCCACHE_GHA_ENABLED: true
2026-06-11T11:47:29.0351081Z ##[endgroup]
2026-06-11T11:47:29.1488420Z Syncing repository: ChainArgos/java-monorepo
2026-06-11T11:47:29.1490359Z ##[group]Getting Git version info
2026-06-11T11:47:29.1490989Z Working directory is '/home/runner/work/java-monorepo/java-monorepo'
2026-06-11T11:47:29.1492454Z [command]/usr/bin/git version
2026-06-11T11:47:29.1594927Z git version 2.54.0
2026-06-11T11:47:29.1620147Z ##[endgroup]
2026-06-11T11:47:29.1634503Z Temporarily overriding HOME='/home/runner/work/_temp/a8cb267e-23fe-4598-8422-57cf3f395c8d' before making global git config changes
2026-06-11T11:47:29.1636495Z Adding repository directory to the temporary git global config as a safe directory
2026-06-11T11:47:29.1639845Z [command]/usr/bin/git config --global --add safe.directory /home/runner/work/java-monorepo/java-monorepo
2026-06-11T11:47:29.1698571Z Deleting the contents of '/home/runner/work/java-monorepo/java-monorepo'
2026-06-11T11:47:29.1705563Z ##[group]Determining repository object format
2026-06-11T11:47:29.1708334Z ##[endgroup]
2026-06-11T11:47:29.1725498Z ##[group]Initializing the repository
2026-06-11T11:47:29.1726605Z [command]/usr/bin/git init /home/runner/work/java-monorepo/java-monorepo
2026-06-11T11:47:29.1879480Z hint: Using 'master' as the name for the initial branch. This default branch name
2026-06-11T11:47:29.1881142Z hint: will change to "main" in Git 3.0. To configure the initial branch name
2026-06-11T11:47:29.1888367Z hint: to use in all of your new repositories, which will suppress this warning,
2026-06-11T11:47:29.1891544Z hint: call:
2026-06-11T11:47:29.1892045Z hint:
2026-06-11T11:47:29.1892894Z hint: 	git config --global init.defaultBranch <name>
2026-06-11T11:47:29.1893632Z hint:
2026-06-11T11:47:29.1894911Z hint: Names commonly chosen instead of 'master' are 'main', 'trunk' and
2026-06-11T11:47:29.1909880Z hint: 'development'. The just-created branch can be renamed via this command:
2026-06-11T11:47:29.1915005Z hint:
2026-06-11T11:47:29.1922895Z hint: 	git branch -m <name>
2026-06-11T11:47:29.1923695Z hint:
2026-06-11T11:47:29.1925370Z hint: Disable this message with "git config set advice.defaultBranchName false"
2026-06-11T11:47:29.1927101Z Initialized empty Git repository in /home/runner/work/java-monorepo/java-monorepo/.git/
2026-06-11T11:47:29.1930084Z [command]/usr/bin/git remote add origin https://github.com/ChainArgos/java-monorepo
2026-06-11T11:47:29.1961188Z ##[endgroup]
2026-06-11T11:47:29.1962360Z ##[group]Disabling automatic garbage collection
2026-06-11T11:47:29.1966390Z [command]/usr/bin/git config --local gc.auto 0
2026-06-11T11:47:29.2002287Z ##[endgroup]
2026-06-11T11:47:29.2004613Z ##[group]Setting up auth
2026-06-11T11:47:29.2005908Z Removing SSH command configuration
2026-06-11T11:47:29.2012502Z [command]/usr/bin/git config --local --name-only --get-regexp core\.sshCommand
2026-06-11T11:47:29.2054916Z [command]/usr/bin/git submodule foreach --recursive sh -c "git config --local --name-only --get-regexp 'core\.sshCommand' && git config --local --unset-all 'core.sshCommand' || :"
2026-06-11T11:47:29.2446162Z Removing HTTP extra header
2026-06-11T11:47:29.2455184Z [command]/usr/bin/git config --local --name-only --get-regexp http\.https\:\/\/github\.com\/\.extraheader
2026-06-11T11:47:29.2491977Z [command]/usr/bin/git submodule foreach --recursive sh -c "git config --local --name-only --get-regexp 'http\.https\:\/\/github\.com\/\.extraheader' && git config --local --unset-all 'http.https://github.com/.extraheader' || :"
2026-06-11T11:47:29.2737407Z Removing includeIf entries pointing to credentials config files
2026-06-11T11:47:29.2738620Z [command]/usr/bin/git config --local --name-only --get-regexp ^includeIf\.gitdir:
2026-06-11T11:47:29.2775041Z [command]/usr/bin/git submodule foreach --recursive git config --local --show-origin --name-only --get-regexp remote.origin.url
2026-06-11T11:47:29.3023573Z [command]/usr/bin/git config --file /home/runner/work/_temp/git-credentials-db7bdfd3-70e7-4202-94ec-c27d80849155.config http.https://github.com/.extraheader AUTHORIZATION: basic ***
2026-06-11T11:47:29.3065057Z [command]/usr/bin/git config --local includeIf.gitdir:/home/runner/work/java-monorepo/java-monorepo/.git.path /home/runner/work/_temp/git-credentials-db7bdfd3-70e7-4202-94ec-c27d80849155.config
2026-06-11T11:47:29.3098714Z [command]/usr/bin/git config --local includeIf.gitdir:/home/runner/work/java-monorepo/java-monorepo/.git/worktrees/*.path /home/runner/work/_temp/git-credentials-db7bdfd3-70e7-4202-94ec-c27d80849155.config
2026-06-11T11:47:29.3138987Z [command]/usr/bin/git config --local includeIf.gitdir:/github/workspace/.git.path /github/runner_temp/git-credentials-db7bdfd3-70e7-4202-94ec-c27d80849155.config
2026-06-11T11:47:29.3175840Z [command]/usr/bin/git config --local includeIf.gitdir:/github/workspace/.git/worktrees/*.path /github/runner_temp/git-credentials-db7bdfd3-70e7-4202-94ec-c27d80849155.config
2026-06-11T11:47:29.3207483Z ##[endgroup]
2026-06-11T11:47:29.3208917Z ##[group]Fetching the repository
2026-06-11T11:47:29.3217796Z [command]/usr/bin/git -c protocol.version=2 fetch --no-tags --prune --no-recurse-submodules --depth=1 origin +632e17286f04c08b87331f7a9886051bc10a8ab8:refs/remotes/origin/main
2026-06-11T11:47:32.5536953Z From https://github.com/ChainArgos/java-monorepo
2026-06-11T11:47:32.5538691Z  * [new ref]         632e17286f04c08b87331f7a9886051bc10a8ab8 -> origin/main
2026-06-11T11:47:32.5591411Z [command]/usr/bin/git branch --list --remote origin/main
2026-06-11T11:47:32.5626354Z   origin/main
2026-06-11T11:47:32.5685133Z [command]/usr/bin/git rev-parse refs/remotes/origin/main
2026-06-11T11:47:32.5686226Z 632e17286f04c08b87331f7a9886051bc10a8ab8
2026-06-11T11:47:32.5715990Z ##[endgroup]
2026-06-11T11:47:32.5728972Z ##[group]Determining the checkout info
2026-06-11T11:47:32.5750321Z ##[endgroup]
2026-06-11T11:47:32.5755784Z [command]/usr/bin/git sparse-checkout disable
2026-06-11T11:47:32.5869217Z [command]/usr/bin/git config --local --unset-all extensions.worktreeConfig
2026-06-11T11:47:32.5875112Z ##[group]Checking out the ref
2026-06-11T11:47:32.5876059Z [command]/usr/bin/git checkout --progress --force -B main refs/remotes/origin/main
2026-06-11T11:47:33.2449215Z Switched to a new branch 'main'
2026-06-11T11:47:33.2452486Z branch 'main' set up to track 'origin/main'.
2026-06-11T11:47:33.3083835Z ##[endgroup]
2026-06-11T11:47:33.3197649Z [command]/usr/bin/git log -1 --format=%H
2026-06-11T11:47:33.3222540Z 632e17286f04c08b87331f7a9886051bc10a8ab8
2026-06-11T11:47:34.2515261Z ##[group]Run actions/cache@27d5ce7f107fe9357f9df03efb73ab90386fccae
2026-06-11T11:47:34.2515788Z with:
2026-06-11T11:47:34.2516184Z   path: ~/.cargo/registry/cache
~/.cargo/registry/index
~/.cargo/registry/src
~/.cargo/git/db

2026-06-11T11:47:34.2516909Z   key: cargo-registry-GitHub-Linux-e85c77d0b1218bb1a165b77d4caf81154958cf3a17a59038482fcdaa52f929b0
2026-06-11T11:47:34.2517499Z   restore-keys: cargo-registry-GitHub-Linux-

2026-06-11T11:47:34.2517817Z   enableCrossOsArchive: false
2026-06-11T11:47:34.2518078Z   fail-on-cache-miss: false
2026-06-11T11:47:34.2518341Z   lookup-only: false
2026-06-11T11:47:34.2518561Z   save-always: false
2026-06-11T11:47:34.2518770Z env:
2026-06-11T11:47:34.2518967Z   CARGO_TERM_COLOR: always
2026-06-11T11:47:34.2519237Z   CARGO_INCREMENTAL: 0
2026-06-11T11:47:34.2519518Z   RUSTFLAGS: -C link-arg=-fuse-ld=mold
2026-06-11T11:47:34.2519798Z   CARGO_BUILD_JOBS: 6
2026-06-11T11:47:34.2520040Z   RUSTC_WRAPPER: sccache
2026-06-11T11:47:34.2520332Z   SCCACHE_GHA_ENABLED: true
2026-06-11T11:47:34.2520571Z ##[endgroup]
2026-06-11T11:47:34.6263539Z Cache hit for restore-key: cargo-registry-GitHub-Linux-b322b65e736b5ba353b30632848d51d1a500e93fbb3bb89ab48e0b5cdac7e969
2026-06-11T11:47:35.9012436Z Received 0 of 168765327 (0.0%), 0.0 MBs/sec
2026-06-11T11:47:36.9016548Z Received 113246208 of 168765327 (67.1%), 54.0 MBs/sec
2026-06-11T11:47:37.9019431Z Received 130023424 of 168765327 (77.0%), 41.3 MBs/sec
2026-06-11T11:47:38.9021918Z Received 164571023 of 168765327 (97.5%), 39.2 MBs/sec
2026-06-11T11:47:39.1894199Z Received 168765327 of 168765327 (100.0%), 37.5 MBs/sec
2026-06-11T11:47:39.1898920Z Cache Size: ~161 MB (168765327 B)
2026-06-11T11:47:39.2068427Z [command]/usr/bin/tar -xf /home/runner/work/_temp/ccde328e-ac35-4030-b7fb-654e209d2abc/cache.tzst -P -C /home/runner/work/java-monorepo/java-monorepo --use-compress-program unzstd
2026-06-11T11:47:43.6231515Z Cache restored successfully
2026-06-11T11:47:43.6443451Z Cache restored from key: cargo-registry-GitHub-Linux-b322b65e736b5ba353b30632848d51d1a500e93fbb3bb89ab48e0b5cdac7e969
2026-06-11T11:47:43.6834173Z ##[group]Run rui314/setup-mold@9c9c13bf4c3f1adef0cc596abc155580bcb04444
2026-06-11T11:47:43.6834888Z with:
2026-06-11T11:47:43.6835240Z   mold-version: 2.41.0
2026-06-11T11:47:43.6835637Z   make-default: true
2026-06-11T11:47:43.6835987Z env:
2026-06-11T11:47:43.6836311Z   CARGO_TERM_COLOR: always
2026-06-11T11:47:43.6836717Z   CARGO_INCREMENTAL: 0
2026-06-11T11:47:43.6837134Z   RUSTFLAGS: -C link-arg=-fuse-ld=mold
2026-06-11T11:47:43.6837611Z   CARGO_BUILD_JOBS: 6
2026-06-11T11:47:43.6837988Z   RUSTC_WRAPPER: sccache
2026-06-11T11:47:43.6838397Z   SCCACHE_GHA_ENABLED: true
2026-06-11T11:47:43.6838791Z ##[endgroup]
2026-06-11T11:47:43.6983648Z ##[group]Run set -x
2026-06-11T11:47:43.6984705Z [36;1mset -x[0m
2026-06-11T11:47:43.6985297Z [36;1mecho "mold 2.41.0"[0m
2026-06-11T11:47:43.6985858Z [36;1mif [ "$(whoami)" = root ]; then SUDO=; else SUDO=sudo; fi[0m
2026-06-11T11:47:43.6987761Z [36;1mwget -O- --timeout=10 --waitretry=3 --retry-connrefused --progress=dot:mega https://github.com/rui314/mold/releases/download/v2.41.0/mold-2.41.0-$(uname -m)-linux.tar.gz | $SUDO tar -C /usr/local --strip-components=1 --no-overwrite-dir -xzf -[0m
2026-06-11T11:47:43.6989936Z [36;1mtest true = true -a "$(realpath /usr/bin/ld)" != /usr/local/bin/mold && $SUDO ln -sf /usr/local/bin/mold "$(realpath /usr/bin/ld)"; true[0m
2026-06-11T11:47:43.7031653Z shell: /usr/bin/bash --noprofile --norc -e -o pipefail {0}
2026-06-11T11:47:43.7032252Z env:
2026-06-11T11:47:43.7032470Z   CARGO_TERM_COLOR: always
2026-06-11T11:47:43.7032731Z   CARGO_INCREMENTAL: 0
2026-06-11T11:47:43.7032977Z   RUSTFLAGS: -C link-arg=-fuse-ld=mold
2026-06-11T11:47:43.7033422Z   CARGO_BUILD_JOBS: 6
2026-06-11T11:47:43.7034081Z   RUSTC_WRAPPER: sccache
2026-06-11T11:47:43.7034413Z   SCCACHE_GHA_ENABLED: true
2026-06-11T11:47:43.7034657Z ##[endgroup]
2026-06-11T11:47:43.7516358Z + echo 'mold 2.41.0'
2026-06-11T11:47:43.7516791Z mold 2.41.0
2026-06-11T11:47:43.7517432Z ++ whoami
2026-06-11T11:47:43.7921467Z + '[' runner = root ']'
2026-06-11T11:47:43.7927615Z + SUDO=sudo
2026-06-11T11:47:43.7947703Z + sudo tar -C /usr/local --strip-components=1 --no-overwrite-dir -xzf -
2026-06-11T11:47:43.7966426Z ++ uname -m
2026-06-11T11:47:43.7967760Z + wget -O- --timeout=10 --waitretry=3 --retry-connrefused --progress=dot:mega https://github.com/rui314/mold/releases/download/v2.41.0/mold-2.41.0-x86_64-linux.tar.gz
2026-06-11T11:47:43.9327606Z --2026-06-11 11:47:43--  https://github.com/rui314/mold/releases/download/v2.41.0/mold-2.41.0-x86_64-linux.tar.gz
2026-06-11T11:47:43.9583579Z Resolving github.com (github.com)... 140.82.114.3
2026-06-11T11:47:44.0080776Z Connecting to github.com (github.com)|140.82.114.3|:443... connected.
2026-06-11T11:47:44.2378135Z HTTP request sent, awaiting response... 302 Found
2026-06-11T11:47:44.2390065Z Location: https://release-assets.githubusercontent.com/github-production-release-asset/299510783/f4863e5d-1747-433e-8c26-b5a1c1950d2d?sp=r&sv=2018-11-09&sr=b&spr=https&se=2026-06-11T12%3A36%3A38Z&rscd=attachment%3B+filename%3Dmold-2.41.0-x86_64-linux.tar.gz&rsct=application%2Foctet-stream&skoid=96c2d410-5711-43a1-aedd-ab1947aa7ab0&sktid=398a6654-997b-47e9-b12b-9515b896b4de&skt=2026-06-11T11%3A36%3A01Z&ske=2026-06-11T12%3A36%3A38Z&sks=b&skv=2018-11-09&sig=gHFrUK0Zcq%2B3quNR5EShBUYMa81Uw4RiOGkTzSPJq1A%3D&jwt=*** [following]
2026-06-11T11:47:44.2402876Z --2026-06-11 11:47:44--  https://release-assets.githubusercontent.com/github-production-release-asset/299510783/f4863e5d-1747-433e-8c26-b5a1c1950d2d?sp=r&sv=2018-11-09&sr=b&spr=https&se=2026-06-11T12%3A36%3A38Z&rscd=attachment%3B+filename%3Dmold-2.41.0-x86_64-linux.tar.gz&rsct=application%2Foctet-stream&skoid=96c2d410-5711-43a1-aedd-ab1947aa7ab0&sktid=398a6654-997b-47e9-b12b-9515b896b4de&skt=2026-06-11T11%3A36%3A01Z&ske=2026-06-11T12%3A36%3A38Z&sks=b&skv=2018-11-09&sig=gHFrUK0Zcq%2B3quNR5EShBUYMa81Uw4RiOGkTzSPJq1A%3D&jwt=***
2026-06-11T11:47:44.2407310Z Resolving release-assets.githubusercontent.com (release-assets.githubusercontent.com)... 185.199.109.133, 185.199.110.133, 185.199.111.133, ...
2026-06-11T11:47:44.2485576Z Connecting to release-assets.githubusercontent.com (release-assets.githubusercontent.com)|185.199.109.133|:443... connected.
2026-06-11T11:47:44.2803713Z HTTP request sent, awaiting response... 200 OK
2026-06-11T11:47:44.2805344Z Length: 5119986 (4.9M) [application/octet-stream]
2026-06-11T11:47:44.2807025Z Saving to: ‘STDOUT’
2026-06-11T11:47:44.2894904Z 
2026-06-11T11:47:44.3953630Z      0K ........ ........ ........ ........ ........ ........ 61% 26.4M 0s
2026-06-11T11:47:44.4480026Z   3072K ........ ........ ........ ......                    100% 34.9M=0.2s
2026-06-11T11:47:44.4480749Z 
2026-06-11T11:47:44.4481332Z 2026-06-11 11:47:44 (29.2 MB/s) - written to stdout [5119986/5119986]
2026-06-11T11:47:44.4481887Z 
2026-06-11T11:47:44.4642295Z ++ realpath /usr/bin/ld
2026-06-11T11:47:44.4662249Z + test true = true -a /usr/bin/x86_64-linux-gnu-ld.bfd '!=' /usr/local/bin/mold
2026-06-11T11:47:44.4674640Z ++ realpath /usr/bin/ld
2026-06-11T11:47:44.4676667Z + sudo ln -sf /usr/local/bin/mold /usr/bin/x86_64-linux-gnu-ld.bfd
2026-06-11T11:47:44.4754738Z + true
2026-06-11T11:47:44.4838828Z ##[group]Run mozilla-actions/sccache-action@9e7fa8a12102821edf02ca5dbea1acd0f89a2696
2026-06-11T11:47:44.4839320Z with:
2026-06-11T11:47:44.4842238Z   token: ***
2026-06-11T11:47:44.4842472Z   disable_annotations: false
2026-06-11T11:47:44.4842719Z env:
2026-06-11T11:47:44.4842918Z   CARGO_TERM_COLOR: always
2026-06-11T11:47:44.4843155Z   CARGO_INCREMENTAL: 0
2026-06-11T11:47:44.4843400Z   RUSTFLAGS: -C link-arg=-fuse-ld=mold
2026-06-11T11:47:44.4843681Z   CARGO_BUILD_JOBS: 6
2026-06-11T11:47:44.4844237Z   RUSTC_WRAPPER: sccache
2026-06-11T11:47:44.4844540Z   SCCACHE_GHA_ENABLED: true
2026-06-11T11:47:44.4844787Z ##[endgroup]
2026-06-11T11:47:44.9915001Z try to setup sccache version: v0.15.0
2026-06-11T11:47:45.0086652Z sccache download from url: https://github.com/mozilla/sccache/releases/download/v0.15.0/sccache-v0.15.0-x86_64-unknown-linux-musl.tar.gz
2026-06-11T11:47:45.7406405Z Correct checksum: 782d2b5dd7ae0a55ebe368ab258114d0928d019ac2d949ab85d5d02f3926709e
2026-06-11T11:47:45.7557309Z [command]/usr/bin/tar xz --warning=no-unknown-keyword --overwrite -C /home/runner/work/_temp/bcd79e41-e24b-4c30-be1e-835cad5f51a6 -f /home/runner/work/_temp/bd8f69e7-e2c6-4201-8fce-a248abcb2aed
2026-06-11T11:47:45.9287562Z sccache extracted to: /home/runner/work/_temp/bcd79e41-e24b-4c30-be1e-835cad5f51a6
2026-06-11T11:47:45.9410301Z sccache cached to: /opt/hostedtoolcache/sccache/0.15.0/x64
2026-06-11T11:47:45.9582992Z ##[group]Run jdx/mise-action@dba19683ed58901619b14f395a24841710cb4925
2026-06-11T11:47:45.9583395Z with:
2026-06-11T11:47:45.9583636Z   install_args: rust protoc cargo:cargo-nextest
2026-06-11T11:47:45.9586891Z   github_token: ***
2026-06-11T11:47:45.9587130Z   install: true
2026-06-11T11:47:45.9587334Z   cache: true
2026-06-11T11:47:45.9587548Z   cache_save: true
2026-06-11T11:47:45.9587761Z   cache_key_prefix: mise-v1
2026-06-11T11:47:45.9588016Z   experimental: false
2026-06-11T11:47:45.9588231Z   log_level: info
2026-06-11T11:47:45.9588429Z   reshim: false
2026-06-11T11:47:45.9588665Z   add_shims_to_path: true
2026-06-11T11:47:45.9588893Z   fetch_from_github: true
2026-06-11T11:47:45.9589117Z   env: true
2026-06-11T11:47:45.9589302Z   wings_enabled: false
2026-06-11T11:47:45.9589510Z env:
2026-06-11T11:47:45.9589699Z   CARGO_TERM_COLOR: always
2026-06-11T11:47:45.9589928Z   CARGO_INCREMENTAL: 0
2026-06-11T11:47:45.9590166Z   RUSTFLAGS: -C link-arg=-fuse-ld=mold
2026-06-11T11:47:45.9590463Z   CARGO_BUILD_JOBS: 6
2026-06-11T11:47:45.9590681Z   RUSTC_WRAPPER: sccache
2026-06-11T11:47:45.9590910Z   SCCACHE_GHA_ENABLED: true
2026-06-11T11:47:45.9591216Z   SCCACHE_PATH: /opt/hostedtoolcache/sccache/0.15.0/x64/sccache
2026-06-11T11:47:45.9591560Z   ACTIONS_CACHE_SERVICE_V2: on
2026-06-11T11:47:45.9591963Z   ACTIONS_RESULTS_URL: https://results-receiver.actions.githubusercontent.com/
2026-06-11T11:47:45.9629329Z   ACTIONS_RUNTIME_TOKEN: ***
2026-06-11T11:47:45.9629589Z ##[endgroup]
2026-06-11T11:47:46.0986562Z ##[group]Restoring mise cache
2026-06-11T11:47:46.1032280Z [command]/usr/bin/ldd --version
2026-06-11T11:47:46.1088353Z ldd (Ubuntu GLIBC 2.39-0ubuntu8.7) 2.39
2026-06-11T11:47:46.1090558Z Copyright (C) 2024 Free Software Foundation, Inc.
2026-06-11T11:47:46.1091704Z This is free software; see the source for copying conditions.  There is NO
2026-06-11T11:47:46.1093356Z warranty; not even for MERCHANTABILITY or FITNESS FOR A PARTICULAR PURPOSE.
2026-06-11T11:47:46.1094882Z Written by Roland McGrath and Ulrich Drepper.
2026-06-11T11:47:47.9231312Z Cache hit for: mise-v1-linux-x64-ubuntu24-5d553c0d272ab77f6c479727d9a7a97ef11a3137cc5e7acd6feeb3c85a74fc48-f25160224585da46219cc671ebb565079f37edeec027869984cbb22b39bb8172
2026-06-11T11:47:49.1505559Z Received 8388608 of 42227166 (19.9%), 8.0 MBs/sec
2026-06-11T11:47:49.4598712Z Received 42227166 of 42227166 (100.0%), 30.8 MBs/sec
2026-06-11T11:47:49.4599850Z Cache Size: ~40 MB (42227166 B)
2026-06-11T11:47:49.4644880Z [command]/usr/bin/tar -xf /home/runner/work/_temp/8755a1c9-25c1-4a3c-8fd5-d7067608d577/cache.tzst -P -C /home/runner/work/java-monorepo/java-monorepo --use-compress-program unzstd
2026-06-11T11:47:49.7245256Z Cache restored successfully
2026-06-11T11:47:49.7274657Z mise cache restored from key: mise-v1-linux-x64-ubuntu24-5d553c0d272ab77f6c479727d9a7a97ef11a3137cc5e7acd6feeb3c85a74fc48-f25160224585da46219cc671ebb565079f37edeec027869984cbb22b39bb8172
2026-06-11T11:47:49.7284408Z ##[group]Setting env vars
2026-06-11T11:47:49.7285268Z Setting MISE_LOG_LEVEL=info
2026-06-11T11:47:49.7291243Z Setting MISE_GITHUB_TOKEN=***
2026-06-11T11:47:49.7292398Z Setting MISE_TRUSTED_CONFIG_PATHS=/home/runner/work/java-monorepo/java-monorepo
2026-06-11T11:47:49.7299186Z Setting MISE_YES=1
2026-06-11T11:47:49.7299952Z Adding /home/runner/.local/share/mise/shims to PATH
2026-06-11T11:47:49.7301434Z ##[group]Running mise --version
2026-06-11T11:47:49.7317111Z [command]/home/runner/.local/share/mise/bin/mise --version
2026-06-11T11:47:49.7409361Z 2026.6.2 linux-x64 (2026-06-09)
2026-06-11T11:47:49.7465554Z ##[endgroup]
2026-06-11T11:47:49.7637739Z ##[group]Running mise install rust protoc cargo:cargo-nextest
2026-06-11T11:47:49.7658064Z [command]/home/runner/.local/share/mise/bin/mise install rust protoc cargo:cargo-nextest
2026-06-11T11:47:51.6680636Z ##[endgroup]
2026-06-11T11:47:51.6681651Z ##[group]Running mise ls
2026-06-11T11:47:51.6700725Z [command]/home/runner/.local/share/mise/bin/mise ls
2026-06-11T11:47:51.6905863Z cargo:cargo-nextest  0.9.137                          ~/work/java-monorepo/java-monorepo/mise.toml            0.9.137
2026-06-11T11:47:51.6907519Z java                 oracle-graalvm-25.0.1 (missing)  ~/work/java-monorepo/java-monorepo/mise.toml            oracle-graalvm-25.0.1
2026-06-11T11:47:51.6908429Z node                 24.16.0 (missing)                ~/work/java-monorepo/java-monorepo/mise.toml            24.16.0
2026-06-11T11:47:51.6909071Z protoc               35.0                             ~/work/java-monorepo/java-monorepo/mise.toml            latest
2026-06-11T11:47:51.6909675Z python               3.14.6 (missing)                 ~/work/java-monorepo/java-monorepo/mise.toml            3.14
2026-06-11T11:47:51.6910288Z rust                 1.96.0 (symlink)                 ~/work/java-monorepo/java-monorepo/rust-toolchain.toml  1.96.0
2026-06-11T11:47:51.6946313Z ##[endgroup]
2026-06-11T11:47:51.6975280Z ##[group]Exporting mise environment variables
2026-06-11T11:47:51.7239057Z [command]/home/runner/.local/share/mise/bin/mise env --json
2026-06-11T11:47:51.7466159Z {
2026-06-11T11:47:51.7467802Z   "CARGO_HOME": "/home/runner/.cargo",
2026-06-11T11:47:51.7471374Z   "PATH": "/home/runner/.local/share/mise/installs/cargo-cargo-nextest/0.9.137/bin:/home/runner/.local/share/mise/installs/protoc/latest/bin:/home/runner/.cargo/bin:/home/runner/.local/share/mise/shims:/home/runner/.local/share/mise/bin:/opt/hostedtoolcache/sccache/0.15.0/x64:/snap/bin:/home/runner/.local/bin:/opt/pipx_bin:/home/runner/.cargo/bin:/home/runner/.config/composer/vendor/bin:/usr/local/.ghcup/bin:/home/runner/.dotnet/tools:/usr/local/sbin:/usr/local/bin:/usr/sbin:/usr/bin:/sbin:/bin:/usr/games:/usr/local/games:/snap/bin",
2026-06-11T11:47:51.7475695Z   "RUSTUP_HOME": "/home/runner/.rustup",
2026-06-11T11:47:51.7476298Z   "RUSTUP_TOOLCHAIN": "1.96.0"
2026-06-11T11:47:51.7476813Z }
2026-06-11T11:47:51.7492884Z ##[endgroup]
2026-06-11T11:47:51.7670116Z ##[group]Run cargo nextest run -p eth-processor-app --profile ci
2026-06-11T11:47:51.7670656Z [36;1mcargo nextest run -p eth-processor-app --profile ci[0m
2026-06-11T11:47:51.7699473Z shell: /usr/bin/bash -e {0}
2026-06-11T11:47:51.7699762Z env:
2026-06-11T11:47:51.7699985Z   CARGO_TERM_COLOR: always
2026-06-11T11:47:51.7700265Z   CARGO_INCREMENTAL: 0
2026-06-11T11:47:51.7700555Z   RUSTFLAGS: -C link-arg=-fuse-ld=mold
2026-06-11T11:47:51.7700862Z   CARGO_BUILD_JOBS: 6
2026-06-11T11:47:51.7701136Z   RUSTC_WRAPPER: sccache
2026-06-11T11:47:51.7701412Z   SCCACHE_GHA_ENABLED: true
2026-06-11T11:47:51.7701768Z   SCCACHE_PATH: /opt/hostedtoolcache/sccache/0.15.0/x64/sccache
2026-06-11T11:47:51.7702167Z   ACTIONS_CACHE_SERVICE_V2: on
2026-06-11T11:47:51.7702629Z   ACTIONS_RESULTS_URL: https://results-receiver.actions.githubusercontent.com/
2026-06-11T11:47:51.7741735Z   ACTIONS_RUNTIME_TOKEN: ***
2026-06-11T11:47:51.7742028Z   MISE_LOG_LEVEL: info
2026-06-11T11:47:51.7745065Z   MISE_GITHUB_TOKEN: ***
2026-06-11T11:47:51.7745444Z   MISE_TRUSTED_CONFIG_PATHS: /home/runner/work/java-monorepo/java-monorepo
2026-06-11T11:47:51.7745828Z   MISE_YES: 1
2026-06-11T11:47:51.7746043Z   CARGO_HOME: /home/runner/.cargo
2026-06-11T11:47:51.7747919Z   PATH: /home/runner/.local/share/mise/installs/cargo-cargo-nextest/0.9.137/bin:/home/runner/.local/share/mise/installs/protoc/latest/bin:/home/runner/.cargo/bin:/home/runner/.local/share/mise/shims:/home/runner/.local/share/mise/bin:/opt/hostedtoolcache/sccache/0.15.0/x64:/snap/bin:/home/runner/.local/bin:/opt/pipx_bin:/home/runner/.cargo/bin:/home/runner/.config/composer/vendor/bin:/usr/local/.ghcup/bin:/home/runner/.dotnet/tools:/usr/local/sbin:/usr/local/bin:/usr/sbin:/usr/bin:/sbin:/bin:/usr/games:/usr/local/games:/snap/bin
2026-06-11T11:47:51.7749843Z   RUSTUP_HOME: /home/runner/.rustup
2026-06-11T11:47:51.7750114Z   RUSTUP_TOOLCHAIN: 1.96.0
2026-06-11T11:47:51.7750358Z ##[endgroup]
2026-06-11T11:47:51.8587042Z info: syncing channel updates for 1.96.0-x86_64-unknown-linux-gnu
2026-06-11T11:47:52.2006473Z info: latest update on 2026-05-28 for version 1.96.0 (ac68faa20 2026-05-25)
2026-06-11T11:47:52.2063482Z info: downloading 3 components
2026-06-11T11:48:02.1332869Z [1m[92m   Compiling[0m proc-macro2 v1.0.106
2026-06-11T11:48:02.1335064Z [1m[92m   Compiling[0m unicode-ident v1.0.24
2026-06-11T11:48:02.1344960Z [1m[92m   Compiling[0m quote v1.0.45
2026-06-11T11:48:02.1345747Z [1m[92m   Compiling[0m libc v0.2.186
2026-06-11T11:48:02.1404935Z [1m[92m   Compiling[0m serde_core v1.0.228
2026-06-11T11:48:02.1424735Z [1m[92m   Compiling[0m cfg-if v1.0.4
2026-06-11T11:48:02.5930723Z [1m[92m   Compiling[0m serde v1.0.228
2026-06-11T11:48:02.6233631Z [1m[92m   Compiling[0m memchr v2.8.1
2026-06-11T11:48:02.7526320Z [1m[92m   Compiling[0m once_cell v1.21.4
2026-06-11T11:48:02.8925413Z [1m[92m   Compiling[0m itoa v1.0.18
2026-06-11T11:48:03.3969454Z [1m[92m   Compiling[0m pin-project-lite v0.2.17
2026-06-11T11:48:03.4467875Z [1m[92m   Compiling[0m smallvec v1.15.1
2026-06-11T11:48:03.6932556Z [1m[92m   Compiling[0m futures-core v0.3.32
2026-06-11T11:48:03.7776014Z [1m[92m   Compiling[0m find-msvc-tools v0.1.9
2026-06-11T11:48:04.0241773Z [1m[92m   Compiling[0m shlex v2.0.1
2026-06-11T11:48:04.0455424Z [1m[92m   Compiling[0m log v0.4.32
2026-06-11T11:48:04.1111203Z [1m[92m   Compiling[0m jobserver v0.1.34
2026-06-11T11:48:04.1872234Z [1m[92m   Compiling[0m errno v0.3.14
2026-06-11T11:48:04.2648694Z [1m[92m   Compiling[0m socket2 v0.6.4
2026-06-11T11:48:04.3415473Z [1m[92m   Compiling[0m mio v1.2.1
2026-06-11T11:48:04.5955983Z [1m[92m   Compiling[0m percent-encoding v2.3.2
2026-06-11T11:48:04.6119223Z [1m[92m   Compiling[0m syn v2.0.117
2026-06-11T11:48:04.6325581Z [1m[92m   Compiling[0m signal-hook-registry v1.4.8
2026-06-11T11:48:04.7035938Z [1m[92m   Compiling[0m cc v1.2.63
2026-06-11T11:48:04.8512292Z [1m[92m   Compiling[0m zmij v1.0.21
2026-06-11T11:48:05.0008414Z [1m[92m   Compiling[0m futures-sink v0.3.32
2026-06-11T11:48:05.0783570Z [1m[92m   Compiling[0m serde_json v1.0.150
2026-06-11T11:48:05.1670412Z [1m[92m   Compiling[0m slab v0.4.12
2026-06-11T11:48:05.2822239Z [1m[92m   Compiling[0m equivalent v1.0.2
2026-06-11T11:48:05.3738522Z [1m[92m   Compiling[0m hashbrown v0.17.1
2026-06-11T11:48:05.4126175Z [1m[92m   Compiling[0m stable_deref_trait v1.2.1
2026-06-11T11:48:05.4614540Z [1m[92m   Compiling[0m futures-io v0.3.32
2026-06-11T11:48:05.6213545Z [1m[92m   Compiling[0m futures-channel v0.3.32
2026-06-11T11:48:05.6486690Z [1m[92m   Compiling[0m tracing-core v0.1.36
2026-06-11T11:48:05.8039645Z [1m[92m   Compiling[0m futures-task v0.3.32
2026-06-11T11:48:05.8731839Z [1m[92m   Compiling[0m form_urlencoded v1.2.2
2026-06-11T11:48:05.8987703Z [1m[92m   Compiling[0m serde_derive v1.0.228
2026-06-11T11:48:05.9159432Z [1m[92m   Compiling[0m tokio-macros v2.7.0
2026-06-11T11:48:06.0448843Z [1m[92m   Compiling[0m synstructure v0.13.2
2026-06-11T11:48:06.1085705Z [1m[92m   Compiling[0m indexmap v2.14.0
2026-06-11T11:48:06.1975484Z [1m[92m   Compiling[0m futures-macro v0.3.32
2026-06-11T11:48:06.5776946Z [1m[92m   Compiling[0m zerovec-derive v0.11.3
2026-06-11T11:48:06.5885607Z [1m[92m   Compiling[0m zerofrom-derive v0.1.7
2026-06-11T11:48:06.6338606Z [1m[92m   Compiling[0m yoke-derive v0.8.2
2026-06-11T11:48:06.8745463Z [1m[92m   Compiling[0m tracing-attributes v0.1.31
2026-06-11T11:48:08.3825724Z [1m[92m   Compiling[0m futures-util v0.3.32
2026-06-11T11:48:09.6105810Z [1m[92m   Compiling[0m displaydoc v0.2.6
2026-06-11T11:48:09.6165299Z [1m[92m   Compiling[0m aho-corasick v1.1.4
2026-06-11T11:48:10.0275424Z [1m[92m   Compiling[0m zerofrom v0.1.8
2026-06-11T11:48:10.4784321Z [1m[92m   Compiling[0m yoke v0.8.3
2026-06-11T11:48:10.5175741Z [1m[92m   Compiling[0m tracing v0.1.44
2026-06-11T11:48:10.8990284Z [1m[92m   Compiling[0m regex-syntax v0.8.11
2026-06-11T11:48:10.9054578Z [1m[92m   Compiling[0m base64 v0.22.1
2026-06-11T11:48:10.9896240Z [1m[92m   Compiling[0m anyhow v1.0.102
2026-06-11T11:48:11.1025758Z [1m[92m   Compiling[0m zerovec v0.11.6
2026-06-11T11:48:11.3749754Z [1m[92m   Compiling[0m either v1.16.0
2026-06-11T11:48:11.5842628Z [1m[92m   Compiling[0m bitflags v2.13.0
2026-06-11T11:48:11.7830018Z [1m[92m   Compiling[0m writeable v0.6.3
2026-06-11T11:48:11.7855017Z [1m[92m   Compiling[0m tinystr v0.8.3
2026-06-11T11:48:11.8536320Z [1m[92m   Compiling[0m litemap v0.8.2
2026-06-11T11:48:12.0880588Z [1m[92m   Compiling[0m potential_utf v0.1.5
2026-06-11T11:48:12.2059198Z [1m[92m   Compiling[0m zerotrie v0.2.4
2026-06-11T11:48:12.2074928Z [1m[92m   Compiling[0m icu_locale_core v2.2.0
2026-06-11T11:48:12.3779380Z [1m[92m   Compiling[0m icu_properties_data v2.2.0
2026-06-11T11:48:12.4935695Z [1m[92m   Compiling[0m utf8_iter v1.0.4
2026-06-11T11:48:12.6745776Z [1m[92m   Compiling[0m icu_normalizer_data v2.2.0
2026-06-11T11:48:12.7435475Z [1m[92m   Compiling[0m itertools v0.14.0
2026-06-11T11:48:12.7775448Z [1m[92m   Compiling[0m icu_collections v2.2.0
2026-06-11T11:48:12.9595338Z [1m[92m   Compiling[0m icu_provider v2.2.0
2026-06-11T11:48:13.1665358Z [1m[92m   Compiling[0m bytes v1.11.1
2026-06-11T11:48:13.2225289Z [1m[92m   Compiling[0m getrandom v0.4.2
2026-06-11T11:48:13.2337861Z [1m[92m   Compiling[0m rand_core v0.10.1
2026-06-11T11:48:13.3535330Z [1m[92m   Compiling[0m autocfg v1.5.1
2026-06-11T11:48:13.3586867Z [1m[92m   Compiling[0m thiserror v2.0.18
2026-06-11T11:48:13.4710111Z [1m[92m   Compiling[0m icu_normalizer v2.2.0
2026-06-11T11:48:13.5755303Z [1m[92m   Compiling[0m icu_properties v2.2.0
2026-06-11T11:48:13.6625470Z [1m[92m   Compiling[0m tokio v1.52.3
2026-06-11T11:48:13.8131809Z [1m[92m   Compiling[0m http v1.4.1
2026-06-11T11:48:13.8795642Z [1m[92m   Compiling[0m thiserror-impl v2.0.18
2026-06-11T11:48:13.8905438Z [1m[92m   Compiling[0m fs_extra v1.3.0
2026-06-11T11:48:14.0115596Z [1m[92m   Compiling[0m typenum v1.20.1
2026-06-11T11:48:14.6115993Z [1m[92m   Compiling[0m httparse v1.10.1
2026-06-11T11:48:14.6745453Z [1m[92m   Compiling[0m http-body v1.0.1
2026-06-11T11:48:14.9535432Z [1m[92m   Compiling[0m num-traits v0.2.19
2026-06-11T11:48:15.0896249Z [1m[92m   Compiling[0m idna_adapter v1.2.2
2026-06-11T11:48:15.3025929Z [1m[92m   Compiling[0m getrandom v0.3.4
2026-06-11T11:48:15.3776152Z [1m[92m   Compiling[0m linux-raw-sys v0.12.1
2026-06-11T11:48:15.3858093Z [1m[92m   Compiling[0m tower-service v0.3.3
2026-06-11T11:48:15.4165795Z [1m[92m   Compiling[0m idna v1.1.0
2026-06-11T11:48:15.7008795Z [1m[92m   Compiling[0m async-trait v0.1.89
2026-06-11T11:48:15.7705846Z [1m[92m   Compiling[0m tokio-util v0.7.18
2026-06-11T11:48:15.8176159Z [1m[92m   Compiling[0m zeroize v1.8.2
2026-06-11T11:48:15.8393144Z [1m[92m   Compiling[0m fnv v1.0.7
2026-06-11T11:48:15.9898651Z [1m[92m   Compiling[0m url v2.5.8
2026-06-11T11:48:16.0340541Z [1m[92m   Compiling[0m try-lock v0.2.5
2026-06-11T11:48:16.0827454Z [1m[92m   Compiling[0m zerocopy v0.8.50
2026-06-11T11:48:16.1266434Z [1m[92m   Compiling[0m httpdate v1.0.3
2026-06-11T11:48:16.2385841Z [1m[92m   Compiling[0m atomic-waker v1.1.2
2026-06-11T11:48:16.3072395Z [1m[92m   Compiling[0m want v0.3.1
2026-06-11T11:48:16.4502407Z [1m[92m   Compiling[0m heck v0.5.0
2026-06-11T11:48:16.5426251Z [1m[92m   Compiling[0m h2 v0.4.14
2026-06-11T11:48:16.5896083Z [1m[92m   Compiling[0m rustls-pki-types v1.14.1
2026-06-11T11:48:16.7608515Z [1m[92m   Compiling[0m rand_core v0.9.5
2026-06-11T11:48:16.7665306Z [1m[92m   Compiling[0m uuid v1.23.3
2026-06-11T11:48:16.9536364Z [1m[92m   Compiling[0m regex-automata v0.4.14
2026-06-11T11:48:17.5804383Z [1m[92m   Compiling[0m ipnet v2.12.0
2026-06-11T11:48:17.5900580Z [1m[92m   Compiling[0m crossbeam-utils v0.8.21
2026-06-11T11:48:17.6895810Z [1m[92m   Compiling[0m pkg-config v0.3.33
2026-06-11T11:48:17.9255280Z [1m[92m   Compiling[0m hyper v1.10.1
2026-06-11T11:48:18.2746650Z [1m[92m   Compiling[0m ppv-lite86 v0.2.21
2026-06-11T11:48:18.6826435Z [1m[92m   Compiling[0m vcpkg v0.2.15
2026-06-11T11:48:19.4903616Z [1m[92m   Compiling[0m hybrid-array v0.4.12
2026-06-11T11:48:19.7355418Z [1m[92m   Compiling[0m http-body-util v0.1.3
2026-06-11T11:48:21.3005576Z [1m[92m   Compiling[0m regex v1.12.4
2026-06-11T11:48:21.6656344Z [1m[92m   Compiling[0m rand_chacha v0.9.0
2026-06-11T11:48:21.9436898Z [1m[92m   Compiling[0m hyper-util v0.1.20
2026-06-11T11:48:22.4853405Z [1m[92m   Compiling[0m openssl-sys v0.9.116
2026-06-11T11:48:22.9858782Z [1m[92m   Compiling[0m powerfmt v0.2.0
2026-06-11T11:48:23.0215746Z [1m[92m   Compiling[0m prettyplease v0.2.37
2026-06-11T11:48:23.1986226Z [1m[92m   Compiling[0m lazy_static v1.5.0
2026-06-11T11:48:23.5401215Z [1m[92m   Compiling[0m rand v0.9.4
2026-06-11T11:48:23.9482386Z [1m[92m   Compiling[0m deranged v0.5.8
2026-06-11T11:48:25.5795477Z [1m[92m   Compiling[0m cmake v0.1.58
2026-06-11T11:48:25.7015584Z [1m[92m   Compiling[0m sync_wrapper v1.0.2
2026-06-11T11:48:26.0175370Z [1m[92m   Compiling[0m cpufeatures v0.3.0
2026-06-11T11:48:26.5476129Z [1m[92m   Compiling[0m rustix v1.1.4
2026-06-11T11:48:26.8167090Z [1m[92m   Compiling[0m num-conv v0.2.2
2026-06-11T11:48:27.6667893Z [1m[92m   Compiling[0m cmov v0.5.4
2026-06-11T11:48:27.9187088Z [1m[92m   Compiling[0m tower-layer v0.3.3
2026-06-11T11:48:27.9565759Z [1m[92m   Compiling[0m openssl-probe v0.2.1
2026-06-11T11:48:28.2278764Z [1m[92m   Compiling[0m time-core v0.1.8
2026-06-11T11:48:28.3528158Z [1m[92m   Compiling[0m dunce v1.0.5
2026-06-11T11:48:28.5435660Z [1m[92m   Compiling[0m ctutils v0.4.2
2026-06-11T11:48:28.8175935Z [1m[92m   Compiling[0m crypto-common v0.2.2
2026-06-11T11:48:28.8388404Z [1m[92m   Compiling[0m block-buffer v0.12.0
2026-06-11T11:48:29.2955623Z [1m[92m   Compiling[0m time v0.3.47
2026-06-11T11:48:29.3426330Z [1m[92m   Compiling[0m aws-lc-sys v0.41.0
2026-06-11T11:48:29.6789825Z [1m[92m   Compiling[0m tokio-stream v0.1.18
2026-06-11T11:48:30.6677720Z [1m[92m   Compiling[0m prost-derive v0.14.4
2026-06-11T11:48:31.7815859Z [1m[92m   Compiling[0m const-oid v0.10.2
2026-06-11T11:48:31.9496040Z [1m[92m   Compiling[0m hex v0.4.3
2026-06-11T11:48:33.0336027Z [1m[92m   Compiling[0m fixedbitset v0.5.7
2026-06-11T11:48:34.6295419Z [1m[92m   Compiling[0m digest v0.11.3
2026-06-11T11:48:35.1645455Z [1m[92m   Compiling[0m tower v0.5.3
2026-06-11T11:48:36.2435753Z [1m[92m   Compiling[0m chacha20 v0.10.0
2026-06-11T11:48:36.4605749Z [1m[92m   Compiling[0m glob v0.3.3
2026-06-11T11:48:37.7005324Z [1m[92m   Compiling[0m fastrand v2.4.1
2026-06-11T11:48:38.2256037Z [1m[92m   Compiling[0m home v0.5.12
2026-06-11T11:48:38.3505943Z [1m[92m   Compiling[0m openssl v0.10.80
2026-06-11T11:48:38.5399151Z [1m[92m   Compiling[0m foreign-types-shared v0.1.1
2026-06-11T11:48:38.7377646Z [1m[92m   Compiling[0m mime v0.3.17
2026-06-11T11:48:38.9046660Z [1m[92m   Compiling[0m scopeguard v1.2.0
2026-06-11T11:48:39.2548110Z [1m[92m   Compiling[0m tempfile v3.27.0
2026-06-11T11:48:39.2895548Z [1m[92m   Compiling[0m foreign-types v0.3.2
2026-06-11T11:48:39.3257308Z [1m[92m   Compiling[0m lock_api v0.4.14
2026-06-11T11:48:39.5763253Z [1m[92m   Compiling[0m clang-sys v1.8.1
2026-06-11T11:48:39.5945413Z [1m[92m   Compiling[0m rand v0.10.1
2026-06-11T11:48:39.9433677Z [1m[92m   Compiling[0m prost-derive v0.13.5
2026-06-11T11:48:40.2293580Z [1m[92m   Compiling[0m openssl-macros v0.1.1
2026-06-11T11:48:40.2795743Z [1m[92m   Compiling[0m ryu v1.0.23
2026-06-11T11:48:40.6776695Z [1m[92m   Compiling[0m rustix v0.38.44
2026-06-11T11:48:41.1759212Z [1m[92m   Compiling[0m strsim v0.11.1
2026-06-11T11:48:41.4406524Z [1m[92m   Compiling[0m native-tls v0.2.18
2026-06-11T11:48:41.6979894Z [1m[92m   Compiling[0m aws-lc-rs v1.17.0
2026-06-11T11:48:41.6994820Z [1m[92m   Compiling[0m multimap v0.10.1
2026-06-11T11:48:42.1083518Z [1m[92m   Compiling[0m tinyvec_macros v0.1.1
2026-06-11T11:48:42.6606811Z [1m[92m   Compiling[0m tinyvec v1.11.0
2026-06-11T11:48:42.6805364Z [1m[92m   Compiling[0m num-integer v0.1.46
2026-06-11T11:48:43.1816102Z [1m[92m   Compiling[0m parking_lot_core v0.9.12
2026-06-11T11:48:43.3286099Z [1m[92m   Compiling[0m linux-raw-sys v0.4.15
2026-06-11T11:48:43.7245509Z [1m[92m   Compiling[0m minimal-lexical v0.2.1
2026-06-11T11:48:44.1426523Z [1m[92m   Compiling[0m unicode-normalization v0.1.25
2026-06-11T11:48:44.3445568Z [1m[92m   Compiling[0m prost v0.13.5
2026-06-11T11:48:44.9445394Z [1m[92m   Compiling[0m nom v7.1.3
2026-06-11T11:48:45.3836852Z [1m[92m   Compiling[0m serde_urlencoded v0.7.1
2026-06-11T11:48:46.5495549Z [1m[92m   Compiling[0m axum-core v0.5.6
2026-06-11T11:48:48.8336705Z [1m[92m   Compiling[0m debugid v0.8.0
2026-06-11T11:48:49.2105604Z [1m[92m   Compiling[0m serde_path_to_error v0.1.20
2026-06-11T11:48:50.5940141Z [1m[92m   Compiling[0m libloading v0.8.9
2026-06-11T11:48:50.7453594Z [1m[92m   Compiling[0m unicode-bidi v0.3.18
2026-06-11T11:48:51.1325777Z [1m[92m   Compiling[0m unicode-properties v0.1.4
2026-06-11T11:48:51.5149944Z [1m[92m   Compiling[0m bindgen v0.66.1
2026-06-11T11:48:51.6079887Z [1m[92m   Compiling[0m matchit v0.8.4
2026-06-11T11:48:51.7465936Z [1m[92m   Compiling[0m crunchy v0.2.4
2026-06-11T11:48:52.0275119Z [1m[92m   Compiling[0m sentry-types v0.48.2
2026-06-11T11:48:52.1766988Z [1m[92m   Compiling[0m cexpr v0.6.0
2026-06-11T11:48:52.6370252Z [1m[92m   Compiling[0m stringprep v0.1.5
2026-06-11T11:48:53.0460724Z [1m[92m   Compiling[0m axum v0.8.9
2026-06-11T11:48:57.1946706Z [1m[92m   Compiling[0m which v4.4.2
2026-06-11T11:48:57.8690113Z [1m[92m   Compiling[0m prost-types v0.13.5
2026-06-11T11:49:00.0827932Z [1m[92m   Compiling[0m num-bigint v0.4.6
2026-06-11T11:49:01.4028128Z [1m[92m   Compiling[0m sha2 v0.11.0
2026-06-11T11:49:01.6865593Z [1m[92m   Compiling[0m hmac v0.13.0
2026-06-11T11:49:01.7096687Z [1m[92m   Compiling[0m md-5 v0.11.0
2026-06-11T11:49:01.7409243Z [1m[92m   Compiling[0m petgraph v0.7.1
2026-06-11T11:49:01.9785219Z [1m[92m   Compiling[0m rustc-hash v1.1.0
2026-06-11T11:49:02.0085952Z [1m[92m   Compiling[0m iana-time-zone v0.1.65
2026-06-11T11:49:02.1627006Z [1m[92m   Compiling[0m peeking_take_while v0.1.2
2026-06-11T11:49:02.3725555Z [1m[92m   Compiling[0m tiny-keccak v2.0.2
2026-06-11T11:49:02.3903569Z [1m[92m   Compiling[0m rustversion v1.0.22
2026-06-11T11:49:02.4081480Z [1m[92m   Compiling[0m fallible-iterator v0.2.0
2026-06-11T11:49:02.5462370Z [1m[92m   Compiling[0m untrusted v0.9.0
2026-06-11T11:49:02.6906421Z [1m[92m   Compiling[0m rustls v0.23.40
2026-06-11T11:49:02.7995483Z [1m[92m   Compiling[0m lazycell v1.3.0
2026-06-11T11:49:02.8725533Z [1m[92m   Compiling[0m byteorder v1.5.0
2026-06-11T11:49:02.9325348Z [1m[92m   Compiling[0m object v0.37.3
2026-06-11T11:49:03.0277394Z [1m[92m   Compiling[0m shlex v1.3.0
2026-06-11T11:49:03.1434465Z [1m[92m   Compiling[0m prost-build v0.13.5
2026-06-11T11:49:03.2009292Z [1m[92m   Compiling[0m postgres-protocol v0.6.11
2026-06-11T11:49:03.2276131Z [1m[92m   Compiling[0m chrono v0.4.45
2026-06-11T11:49:03.7550366Z [1m[92m   Compiling[0m parking_lot v0.12.5
2026-06-11T11:49:04.2025684Z [1m[92m   Compiling[0m sentry-core v0.48.2
2026-06-11T11:49:04.5993359Z [1m[92m   Compiling[0m prost v0.14.4
2026-06-11T11:49:04.6635639Z [1m[92m   Compiling[0m concurrent-queue v2.5.0
2026-06-11T11:49:04.6846531Z [1m[92m   Compiling[0m postgres-derive v0.4.8
2026-06-11T11:49:04.7006494Z [1m[92m   Compiling[0m adler2 v2.0.1
2026-06-11T11:49:04.8237496Z [1m[92m   Compiling[0m gimli v0.32.3
2026-06-11T11:49:04.9452242Z [1m[92m   Compiling[0m thiserror v1.0.69
2026-06-11T11:49:04.9764689Z [1m[92m   Compiling[0m subtle v2.6.1
2026-06-11T11:49:05.0525334Z [1m[92m   Compiling[0m parking v2.2.1
2026-06-11T11:49:05.2705460Z [1m[92m   Compiling[0m version_check v0.9.5
2026-06-11T11:49:05.3605071Z [1m[92m   Compiling[0m siphasher v1.0.3
2026-06-11T11:49:05.4607094Z [1m[92m   Compiling[0m event-listener v5.4.1
2026-06-11T11:49:05.5523214Z [1m[92m   Compiling[0m postgres-types v0.2.13
2026-06-11T11:49:05.5816002Z [1m[92m   Compiling[0m generic-array v0.14.9
2026-06-11T11:49:05.6385514Z [1m[92m   Compiling[0m phf_shared v0.13.1
2026-06-11T11:49:05.7335406Z [1m[92m   Compiling[0m miniz_oxide v0.8.9
2026-06-11T11:49:05.8477309Z [1m[92m   Compiling[0m pg_query v6.1.1
2026-06-11T11:49:06.0865723Z [1m[92m   Compiling[0m addr2line v0.25.1
2026-06-11T11:49:06.1215571Z [1m[92m   Compiling[0m pin-project-internal v1.1.13
2026-06-11T11:49:06.5538172Z [1m[92m   Compiling[0m thiserror-impl v1.0.69
2026-06-11T11:49:07.0408841Z [1m[92m   Compiling[0m getrandom v0.2.17
2026-06-11T11:49:07.0787872Z [1m[92m   Compiling[0m foldhash v0.2.0
2026-06-11T11:49:07.3555872Z [1m[92m   Compiling[0m rustc-demangle v0.1.27
2026-06-11T11:49:07.3775815Z [1m[92m   Compiling[0m owo-colors v4.3.0
2026-06-11T11:49:07.6236137Z [1m[92m   Compiling[0m ucd-trie v0.1.7
2026-06-11T11:49:07.7155237Z [1m[92m   Compiling[0m typeid v1.0.3
2026-06-11T11:49:07.9276171Z [1m[92m   Compiling[0m utf8parse v0.2.2
2026-06-11T11:49:08.2353322Z [1m[92m   Compiling[0m anstyle-parse v1.0.0
2026-06-11T11:49:08.2432638Z [1m[92m   Compiling[0m pest v2.8.6
2026-06-11T11:49:08.2565543Z [1m[92m   Compiling[0m backtrace v0.3.76
2026-06-11T11:49:08.3291289Z [1m[92m   Compiling[0m pin-project v1.1.13
2026-06-11T11:49:08.6842823Z [1m[92m   Compiling[0m hashbrown v0.16.1
2026-06-11T11:49:08.7445521Z [1m[92m   Compiling[0m const-random-macro v0.1.16
2026-06-11T11:49:08.9145895Z [1m[92m   Compiling[0m phf v0.13.1
2026-06-11T11:49:09.0179223Z [1m[92m   Compiling[0m prost-types v0.14.4
2026-06-11T11:49:09.0466175Z [1m[92m   Compiling[0m hyper-timeout v0.5.2
2026-06-11T11:49:09.1515351Z [1m[92m   Compiling[0m deadpool-runtime v0.1.4
2026-06-11T11:49:09.4269090Z [1m[92m   Compiling[0m async-compat v0.2.5
2026-06-11T11:49:09.4686040Z [1m[92m   Compiling[0m itertools v0.10.5
2026-06-11T11:49:09.4807748Z [1m[92m   Compiling[0m whoami v2.1.2
2026-06-11T11:49:09.6415512Z [1m[92m   Compiling[0m num_cpus v1.17.0
2026-06-11T11:49:09.7925566Z [1m[92m   Compiling[0m nom v8.0.0
2026-06-11T11:49:09.8983488Z [1m[92m   Compiling[0m is_terminal_polyfill v1.70.2
2026-06-11T11:49:10.0217218Z [1m[92m   Compiling[0m anstyle-query v1.1.5
2026-06-11T11:49:10.0946329Z [1m[92m   Compiling[0m colorchoice v1.0.5
2026-06-11T11:49:10.1593205Z [1m[92m   Compiling[0m semver v1.0.28
2026-06-11T11:49:10.2032823Z [1m[92m   Compiling[0m crc32fast v1.5.0
2026-06-11T11:49:10.2916051Z [1m[92m   Compiling[0m unicode-segmentation v1.13.3
2026-06-11T11:49:10.3460314Z [1m[92m   Compiling[0m litrs v1.0.0
2026-06-11T11:49:10.3555980Z [1m[92m   Compiling[0m anstyle v1.0.14
2026-06-11T11:49:10.6165341Z [1m[92m   Compiling[0m ident_case v1.0.1
2026-06-11T11:49:10.6575429Z [1m[92m   Compiling[0m cookie-factory v0.3.3
2026-06-11T11:49:10.8176364Z [1m[92m   Compiling[0m unicode-width v0.2.2
2026-06-11T11:49:10.9356808Z [1m[92m   Compiling[0m foldhash v0.1.5
2026-06-11T11:49:11.1072741Z [1m[92m   Compiling[0m darling_core v0.23.0
2026-06-11T11:49:11.1345981Z [1m[92m   Compiling[0m anstream v1.0.0
2026-06-11T11:49:11.1915810Z [1m[92m   Compiling[0m hashbrown v0.15.5
2026-06-11T11:49:11.2235268Z [1m[92m   Compiling[0m amq-protocol-types v10.6.2
2026-06-11T11:49:11.6410446Z [1m[92m   Compiling[0m document-features v0.2.12
2026-06-11T11:49:11.6528284Z [1m[92m   Compiling[0m rustc_version v0.4.1
2026-06-11T11:49:11.7675519Z [1m[92m   Compiling[0m deadpool v0.12.3
2026-06-11T11:49:11.8965547Z [1m[92m   Compiling[0m tokio-postgres v0.7.17
2026-06-11T11:49:11.9265642Z [1m[92m   Compiling[0m async-rs v0.8.11
2026-06-11T11:49:12.1675462Z [1m[92m   Compiling[0m tonic v0.14.6
2026-06-11T11:49:12.6769957Z [1m[92m   Compiling[0m pest_meta v2.8.6
2026-06-11T11:49:12.7426099Z [1m[92m   Compiling[0m sentry-backtrace v0.48.2
2026-06-11T11:49:12.8246424Z [1m[92m   Compiling[0m const-random v0.1.18
2026-06-11T11:49:13.0729568Z [1m[92m   Compiling[0m event-listener-strategy v0.5.4
2026-06-11T11:49:13.2058338Z [1m[92m   Compiling[0m async-native-tls v0.6.0
2026-06-11T11:49:13.2868827Z [1m[92m   Compiling[0m matchers v0.2.0
2026-06-11T11:49:13.4285544Z [1m[92m   Compiling[0m sharded-slab v0.1.7
2026-06-11T11:49:13.4976171Z [1m[92m   Compiling[0m ureq-proto v0.6.0
2026-06-11T11:49:13.5304690Z [1m[92m   Compiling[0m tracing-log v0.2.0
2026-06-11T11:49:13.6644553Z [1m[92m   Compiling[0m findshlibs v0.10.2
2026-06-11T11:49:13.6773536Z [1m[92m   Compiling[0m thread_local v1.1.9
2026-06-11T11:49:13.7390098Z [1m[92m   Compiling[0m portable-atomic v1.13.1
2026-06-11T11:49:13.8145424Z [1m[92m   Compiling[0m clap_lex v1.1.0
2026-06-11T11:49:13.9379214Z [1m[92m   Compiling[0m nu-ansi-term v0.50.3
2026-06-11T11:49:14.0345730Z [1m[92m   Compiling[0m erased-serde v0.4.10
2026-06-11T11:49:14.0425830Z [1m[92m   Compiling[0m libm v0.2.16
2026-06-11T11:49:14.0728590Z [1m[92m   Compiling[0m bollard-buildkit-proto v0.7.0
2026-06-11T11:49:14.2924436Z [1m[92m   Compiling[0m utf8-zero v0.8.1
2026-06-11T11:49:14.4406726Z [1m[92m   Compiling[0m clap_builder v4.6.0
2026-06-11T11:49:14.7457070Z [1m[92m   Compiling[0m tracing-subscriber v0.3.23
2026-06-11T11:49:15.2217546Z [1m[92m   Compiling[0m tcp-stream v0.34.14
2026-06-11T11:49:16.5518844Z [1m[92m   Compiling[0m async-lock v3.4.2
2026-06-11T11:49:19.1925353Z [1m[92m   Compiling[0m tonic-prost v0.14.6
2026-06-11T11:49:19.9925803Z [1m[92m   Compiling[0m pest_generator v2.8.6
2026-06-11T11:49:20.2636432Z [1m[92m   Compiling[0m dlv-list v0.5.2
2026-06-11T11:49:20.3515443Z [1m[92m   Compiling[0m deadpool-postgres v0.14.1
2026-06-11T11:49:20.7115803Z [1m[92m   Compiling[0m crossterm v0.29.0
2026-06-11T11:49:20.9965291Z [1m[92m   Compiling[0m sentry-contexts v0.48.2
2026-06-11T11:49:21.2545423Z [1m[92m   Compiling[0m darling_macro v0.23.0
2026-06-11T11:49:21.8006912Z [1m[92m   Compiling[0m amq-protocol-uri v10.6.2
2026-06-11T11:49:22.7205372Z [1m[92m   Compiling[0m petgraph v0.8.3
2026-06-11T11:49:22.7481830Z [1m[92m   Compiling[0m rapidhash v4.4.1
2026-06-11T11:49:22.9286623Z [1m[92m   Compiling[0m tokio-native-tls v0.3.1
2026-06-11T11:49:23.1223449Z [1m[92m   Compiling[0m clap_derive v4.6.1
2026-06-11T11:49:23.8125544Z [1m[92m   Compiling[0m bigdecimal v0.4.10
2026-06-11T11:49:24.0025568Z [1m[92m   Compiling[0m raw-cpuid v11.6.0
2026-06-11T11:49:24.1495461Z [1m[92m   Compiling[0m structmeta-derive v0.3.0
2026-06-11T11:49:26.0729575Z [1m[92m   Compiling[0m schemalane-macros v0.1.0 (https://github.com/donbeave/schemalane?branch=main#dd0d79d8)
2026-06-11T11:49:26.7956294Z [1m[92m   Compiling[0m amq-protocol v10.6.2
2026-06-11T11:49:26.9655528Z [1m[92m   Compiling[0m hashbrown v0.14.5
2026-06-11T11:49:27.4090377Z [1m[92m   Compiling[0m winnow v1.0.3
2026-06-11T11:49:27.9815453Z [1m[92m   Compiling[0m cfg_aliases v0.2.1
2026-06-11T11:49:28.7125786Z [1m[92m   Compiling[0m ordered-multimap v0.7.3
2026-06-11T11:49:29.8615572Z [1m[92m   Compiling[0m quanta v0.12.6
2026-06-11T11:49:29.9649707Z [1m[92m   Compiling[0m sentry v0.48.2
2026-06-11T11:49:30.2355398Z [1m[92m   Compiling[0m backon v1.6.0
2026-06-11T11:49:30.3645821Z [1m[92m   Compiling[0m toml_parser v1.1.2+spec-1.1.0
2026-06-11T11:49:30.4026550Z [1m[92m   Compiling[0m prost-build v0.14.4
2026-06-11T11:49:30.7169787Z [1m[92m   Compiling[0m clap v4.6.1
2026-06-11T11:49:30.8577225Z [1m[92m   Compiling[0m structmeta v0.3.0
2026-06-11T11:49:31.8476161Z [1m[92m   Compiling[0m hyper-tls v0.6.0
2026-06-11T11:49:31.9165740Z [1m[92m   Compiling[0m metrics v0.24.6
2026-06-11T11:49:32.1935266Z [1m[92m   Compiling[0m amq-protocol-tcp v10.6.2
2026-06-11T11:49:32.3369954Z [1m[92m   Compiling[0m comfy-table v7.2.2
2026-06-11T11:49:32.5559055Z [1m[92m   Compiling[0m pest_derive v2.8.6
2026-06-11T11:49:32.7925746Z [1m[92m   Compiling[0m darling v0.23.0
2026-06-11T11:49:34.0485559Z [1m[92m   Compiling[0m crypto-common v0.1.6
2026-06-11T11:49:34.6065587Z [1m[92m   Compiling[0m block-buffer v0.10.4
2026-06-11T11:49:35.1600323Z [1m[92m   Compiling[0m hashlink v0.11.1
2026-06-11T11:49:35.4695796Z [1m[92m   Compiling[0m num-rational v0.4.2
2026-06-11T11:49:35.6523290Z [1m[92m   Compiling[0m num-iter v0.1.45
2026-06-11T11:49:35.9476122Z [1m[92m   Compiling[0m spin v0.9.8
2026-06-11T11:49:36.2455385Z [1m[92m   Compiling[0m tower-http v0.6.11
2026-06-11T11:49:36.9298454Z [1m[92m   Compiling[0m left-right v0.11.7
2026-06-11T11:49:36.9665373Z [1m[92m   Compiling[0m crossbeam-epoch v0.9.18
2026-06-11T11:49:37.4686957Z [1m[92m   Compiling[0m rand_xoshiro v0.7.0
2026-06-11T11:49:37.4965541Z [1m[92m   Compiling[0m num-complex v0.4.6
2026-06-11T11:49:37.8085513Z [1m[92m   Compiling[0m serde_repr v0.1.20
2026-06-11T11:49:37.9867229Z [1m[92m   Compiling[0m async-stream-impl v0.3.6
2026-06-11T11:49:38.3485693Z [1m[92m   Compiling[0m toml_datetime v1.1.1+spec-1.1.0
2026-06-11T11:49:38.5615413Z [1m[92m   Compiling[0m serde_spanned v1.1.1
2026-06-11T11:49:38.7065271Z [1m[92m   Compiling[0m hostname v0.4.2
2026-06-11T11:49:38.9360882Z [1m[92m   Compiling[0m uname v0.1.1
2026-06-11T11:49:39.1365613Z [1m[92m   Compiling[0m encoding_rs v0.8.35
2026-06-11T11:49:39.2155294Z [1m[92m   Compiling[0m lapin v4.10.0
2026-06-11T11:49:39.2576123Z [1m[92m   Compiling[0m arraydeque v0.5.1
2026-06-11T11:49:39.3796324Z [1m[92m   Compiling[0m sketches-ddsketch v0.3.1
2026-06-11T11:49:39.7289461Z [1m[92m   Compiling[0m hashbag v0.1.13
2026-06-11T11:49:40.0004989Z [1m[92m   Compiling[0m metrics-exporter-prometheus v0.18.3
2026-06-11T11:49:40.0485207Z [1m[92m   Compiling[0m metrics-util v0.20.4
2026-06-11T11:49:40.3775742Z [1m[92m   Compiling[0m evmap v11.0.0
2026-06-11T11:49:41.4605404Z [1m[92m   Compiling[0m toml v1.1.2+spec-1.1.0
2026-06-11T11:49:41.4985333Z [1m[92m   Compiling[0m num v0.4.3
2026-06-11T11:49:41.9415898Z [1m[92m   Compiling[0m async-stream v0.3.6
2026-06-11T11:49:42.1365502Z [1m[92m   Compiling[0m yaml-rust2 v0.11.0
2026-06-11T11:49:42.2950009Z [1m[92m   Compiling[0m reqwest v0.13.4
2026-06-11T11:49:42.3825360Z [1m[92m   Compiling[0m flume v0.12.0
2026-06-11T11:49:43.8895282Z [1m[92m   Compiling[0m digest v0.10.7
2026-06-11T11:49:44.1608633Z [1m[92m   Compiling[0m serde-untagged v0.1.9
2026-06-11T11:49:44.7899520Z [1m[92m   Compiling[0m sentry-debug-images v0.48.2
2026-06-11T11:49:46.5715582Z [1m[92m   Compiling[0m serde_with_macros v3.21.0
2026-06-11T11:49:47.8405576Z [1m[92m   Compiling[0m json5 v0.4.1
2026-06-11T11:49:49.2896759Z [1m[92m   Compiling[0m parse-display-derive v0.9.1
2026-06-11T11:49:49.3195968Z [1m[92m   Compiling[0m eth-processor-app v0.1.0 (/home/runner/work/java-monorepo/java-monorepo/backend-rust/eth-processor-app)
2026-06-11T11:49:50.1957995Z [1m[92m   Compiling[0m rust-ini v0.21.3
2026-06-11T11:49:51.3015364Z [1m[92m   Compiling[0m sentry-tracing v0.48.2
2026-06-11T11:49:51.6535615Z [1m[92m   Compiling[0m ron v0.12.1
2026-06-11T11:49:51.7979489Z [1m[92m   Compiling[0m sentry-anyhow v0.48.2
2026-06-11T11:49:52.5345469Z [1m[92m   Compiling[0m sentry-panic v0.48.2
2026-06-11T11:49:52.7046905Z [1m[92m   Compiling[0m convert_case v0.6.0
2026-06-11T11:49:52.8518899Z [1m[92m   Compiling[0m arc-swap v1.9.1
2026-06-11T11:49:53.5191123Z [1m[92m   Compiling[0m xattr v1.6.1
2026-06-11T11:49:53.9365864Z [1m[92m   Compiling[0m hyperlocal v0.9.1
2026-06-11T11:49:54.2225744Z [1m[92m   Compiling[0m rustls-native-certs v0.8.4
2026-06-11T11:49:54.7606746Z [1m[92m   Compiling[0m combine v4.6.7
2026-06-11T11:49:55.0367100Z [1m[92m   Compiling[0m futures-executor v0.3.32
2026-06-11T11:49:55.1505899Z [1m[92m   Compiling[0m filetime v0.2.29
2026-06-11T11:49:55.2647454Z [1m[92m   Compiling[0m keccak v0.2.0
2026-06-11T11:49:55.7065713Z [1m[92m   Compiling[0m cpufeatures v0.2.17
2026-06-11T11:49:55.8245374Z [1m[92m   Compiling[0m pathdiff v0.2.3
2026-06-11T11:49:55.9536562Z [1m[92m   Compiling[0m sha1_smol v1.0.1
2026-06-11T11:49:56.4497515Z [1m[92m   Compiling[0m sponge-cursor v0.1.0
2026-06-11T11:49:56.5097291Z [1m[92m   Compiling[0m arcstr v1.2.0
2026-06-11T11:49:56.7155284Z [1m[92m   Compiling[0m rustc-hash v2.1.2
2026-06-11T11:49:57.2716221Z [1m[92m   Compiling[0m xxhash-rust v0.8.15
2026-06-11T11:49:57.5145794Z [1m[92m   Compiling[0m sha3 v0.12.0
2026-06-11T11:49:57.5686411Z [1m[92m   Compiling[0m astral-tokio-tar v0.6.2
2026-06-11T11:49:58.3205448Z [1m[92m   Compiling[0m config v0.15.23
2026-06-11T11:49:58.6455843Z [1m[92m   Compiling[0m sha1 v0.10.6
2026-06-11T11:49:59.5358258Z [1m[92m   Compiling[0m futures v0.3.32
2026-06-11T11:50:00.4005849Z [1m[92m   Compiling[0m redis v1.2.2
2026-06-11T11:50:02.1605442Z [1m[92m   Compiling[0m parse-display v0.9.1
2026-06-11T11:50:02.5035441Z [1m[92m   Compiling[0m serde_with v3.21.0
2026-06-11T11:50:02.5541905Z [1m[92m   Compiling[0m pg-bigdecimal v0.1.0 (https://github.com/donbeave/pg-bigdecimal?rev=4ec9df0fb27d114debfe8cd444106400b496741e#4ec9df0f)
2026-06-11T11:50:03.7233138Z [1m[92m   Compiling[0m ferroid v2.0.0
2026-06-11T11:50:03.8706453Z [1m[92m   Compiling[0m tracing-request-level v0.1.0 (https://github.com/donbeave/tracing-request-level?rev=aeaca706ae0485066cdfc20c65f999a3d2980b96#aeaca706)
2026-06-11T11:50:03.9015361Z [1m[92m   Compiling[0m headers-core v0.3.0
2026-06-11T11:50:03.9523158Z [1m[92m   Compiling[0m docker_credential v1.4.0
2026-06-11T11:50:04.1318796Z [1m[92m   Compiling[0m etcetera v0.11.0
2026-06-11T11:50:04.1419933Z [1m[92m   Compiling[0m dotenvy v0.15.7
2026-06-11T11:50:04.2143815Z [1m[92m   Compiling[0m headers v0.4.1
2026-06-11T11:50:04.3630525Z [1m[92m   Compiling[0m async-object-pool v0.2.0
2026-06-11T11:50:04.3875320Z [1m[92m   Compiling[0m tabwriter v1.4.1
2026-06-11T11:50:04.4316988Z [1m[92m   Compiling[0m serde_regex v1.2.0
2026-06-11T11:50:04.5065519Z [1m[92m   Compiling[0m assert-json-diff v2.0.2
2026-06-11T11:50:04.5645486Z [1m[92m   Compiling[0m path-tree v0.8.3
2026-06-11T11:50:04.5893653Z [1m[92m   Compiling[0m similar v2.7.0
2026-06-11T11:50:04.6465478Z [1m[92m   Compiling[0m stringmetrics v2.2.2
2026-06-11T11:50:04.7275415Z [1m[92m   Compiling[0m futures-timer v3.0.4
2026-06-11T11:50:04.9665410Z [1m[92m   Compiling[0m httpmock v0.8.3
2026-06-11T11:50:33.4050722Z [1m[92m   Compiling[0m pg_query_fmt v0.1.3 (https://github.com/donbeave/schemalane?branch=main#dd0d79d8)
2026-06-11T11:50:34.9518197Z [1m[92m   Compiling[0m schemalane-core v0.1.20 (https://github.com/donbeave/schemalane?branch=main#dd0d79d8)
2026-06-11T11:50:35.3897847Z [1m[92m   Compiling[0m rustls-webpki v0.103.13
2026-06-11T11:50:36.4722508Z [1m[92m   Compiling[0m schemalane-cli v0.1.26 (https://github.com/donbeave/schemalane?branch=main#dd0d79d8)
2026-06-11T11:50:39.7288446Z [1m[92m   Compiling[0m eth-migration v0.1.0 (/home/runner/work/java-monorepo/java-monorepo/backend-rust/eth-migration)
2026-06-11T11:50:44.2016768Z [1m[92m   Compiling[0m ureq v3.3.0
2026-06-11T11:50:44.2055038Z [1m[92m   Compiling[0m tokio-rustls v0.26.4
2026-06-11T11:50:44.7990222Z [1m[92m   Compiling[0m hyper-rustls v0.27.9
2026-06-11T11:50:54.2502473Z [1m[92m   Compiling[0m bollard-stubs v1.52.1-rc.29.1.3
2026-06-11T11:51:08.2111270Z [1m[92m   Compiling[0m bollard v0.20.2
2026-06-11T11:51:09.2242084Z [1m[92m   Compiling[0m testcontainers v0.27.3
2026-06-11T11:51:09.6714936Z [1m[92m   Compiling[0m testcontainers-modules v0.15.0
2026-06-11T11:51:53.8405693Z [1m[92m    Finished[0m `test` profile [unoptimized + debuginfo] target(s) in 3m 51s
2026-06-11T11:51:54.0030670Z ────────────
2026-06-11T11:51:54.0031838Z [32;1m Nextest run[0m ID [1mc7e10b17-19f4-47b1-9d1e-4d6910580931[0m with nextest profile: [1mci[0m
2026-06-11T11:51:54.0045678Z [32;1m    Starting[0m [1m146[0m tests across [1m14[0m binaries ([1m2[0m tests [33;1mskipped[0m)
2026-06-11T11:51:54.0205791Z [32;1m        PASS[0m [   0.008s] (  1/146) [35;1meth-processor-app[0m [36mconfig::tests[0m[36m::[0m[34;1mapp_rabbitmq_uri_takes_precedence_over_java_alias[0m
2026-06-11T11:51:54.0207929Z [32;1m        PASS[0m [   0.007s] (  2/146) [35;1meth-processor-app[0m [36mconfig::tests[0m[36m::[0m[34;1mcompose_amqp_uri_with_all_fields[0m
2026-06-11T11:51:54.0209769Z [32;1m        PASS[0m [   0.008s] (  3/146) [35;1meth-processor-app[0m [36mconfig::tests[0m[36m::[0m[34;1mcompose_pg_url_injects_credentials[0m
2026-06-11T11:51:54.0211561Z [32;1m        PASS[0m [   0.008s] (  4/146) [35;1meth-processor-app[0m [36mconfig::tests[0m[36m::[0m[34;1mcompose_amqp_uri_with_default_vhost[0m
2026-06-11T11:51:54.0273179Z [32;1m        PASS[0m [   0.007s] (  5/146) [35;1meth-processor-app[0m [36mconfig::tests[0m[36m::[0m[34;1mcompose_pg_url_passthrough_non_jdbc[0m
2026-06-11T11:51:54.0305978Z [32;1m        PASS[0m [   0.009s] (  6/146) [35;1meth-processor-app[0m [36mconfig::tests[0m[36m::[0m[34;1mcompose_pg_url_passthrough_without_credentials[0m
2026-06-11T11:51:54.0349718Z [32;1m        PASS[0m [   0.008s] (  7/146) [35;1meth-processor-app[0m [36mconfig::tests[0m[36m::[0m[34;1mcompose_pg_url_strips_jdbc_prefix[0m
2026-06-11T11:51:54.0370288Z [32;1m        PASS[0m [   0.008s] (  8/146) [35;1meth-processor-app[0m [36mconfig::tests[0m[36m::[0m[34;1mcompose_pg_url_with_empty_password[0m
2026-06-11T11:51:54.0426181Z [32;1m        PASS[0m [   0.007s] (  9/146) [35;1meth-processor-app[0m [36mconfig::tests[0m[36m::[0m[34;1mconnection_uri_and_sentry_java_env_vars_map_to_config[0m
2026-06-11T11:51:54.0451065Z [32;1m        PASS[0m [   0.008s] ( 10/146) [35;1meth-processor-app[0m [36mconfig::tests[0m[36m::[0m[34;1mdatasource_java_env_vars_map_to_database_url[0m
2026-06-11T11:51:54.0520588Z [32;1m        PASS[0m [   0.009s] ( 11/146) [35;1meth-processor-app[0m [36mconfig::tests[0m[36m::[0m[34;1mdirect_rabbitmq_uri_java_env_var_maps_to_config[0m
2026-06-11T11:51:54.0529366Z [32;1m        PASS[0m [   0.007s] ( 12/146) [35;1meth-processor-app[0m [36mconfig::tests[0m[36m::[0m[34;1mglobal_rabbitmq_listener_disabled_disables_all_stage_consumers[0m
2026-06-11T11:51:54.0597983Z [32;1m        PASS[0m [   0.008s] ( 13/146) [35;1meth-processor-app[0m [36mconfig::tests[0m[36m::[0m[34;1mnetwork_name_maps_all_supported_networks[0m
2026-06-11T11:51:54.0615678Z [32;1m        PASS[0m [   0.008s] ( 14/146) [35;1meth-processor-app[0m [36mconfig::tests[0m[36m::[0m[34;1mnetwork_name_panics_on_unknown_active_network[0m
2026-06-11T11:51:54.0681346Z [32;1m        PASS[0m [   0.008s] ( 15/146) [35;1meth-processor-app[0m [36mconfig::tests[0m[36m::[0m[34;1mnetwork_rpc_java_env_var_maps_to_config[0m
2026-06-11T11:51:54.0686757Z [32;1m        PASS[0m [   0.008s] ( 16/146) [35;1meth-processor-app[0m [36mconfig::tests[0m[36m::[0m[34;1mnormalizes_java_network_names[0m
2026-06-11T11:51:54.0758346Z [32;1m        PASS[0m [   0.007s] ( 17/146) [35;1meth-processor-app[0m [36mpipeline::mapper::block_mapper::tests[0m[36m::[0m[34;1mtest_decode_extra_data[0m
2026-06-11T11:51:54.0777220Z [32;1m        PASS[0m [   0.009s] ( 18/146) [35;1meth-processor-app[0m [36mpipeline::mapper::block_mapper::tests[0m[36m::[0m[34;1mtest_decode_extra_data_block_0_binary[0m
2026-06-11T11:51:54.0834672Z [32;1m        PASS[0m [   0.008s] ( 19/146) [35;1meth-processor-app[0m [36mpipeline::mapper::block_mapper::tests[0m[36m::[0m[34;1mtest_decode_extra_data_bsc_block_3596_raw_header[0m
2026-06-11T11:51:54.0859949Z [32;1m        PASS[0m [   0.008s] ( 20/146) [35;1meth-processor-app[0m [36mpipeline::mapper::block_mapper::tests[0m[36m::[0m[34;1mtest_decode_extra_data_bsc_block_427882_extra_data[0m
2026-06-11T11:51:54.0913168Z [32;1m        PASS[0m [   0.008s] ( 21/146) [35;1meth-processor-app[0m [36mpipeline::mapper::block_mapper::tests[0m[36m::[0m[34;1mtest_decode_extra_data_bsc_block_565867_extra_data[0m
2026-06-11T11:51:54.0942783Z [32;1m        PASS[0m [   0.008s] ( 22/146) [35;1meth-processor-app[0m [36mpipeline::mapper::block_mapper::tests[0m[36m::[0m[34;1mtest_decode_extra_data_bsc_block_63618_extra_data[0m
2026-06-11T11:51:54.0998949Z [32;1m        PASS[0m [   0.008s] ( 23/146) [35;1meth-processor-app[0m [36mpipeline::mapper::block_mapper::tests[0m[36m::[0m[34;1mtest_decode_extra_data_drops_java_25_undefined_letters[0m
2026-06-11T11:51:54.1017250Z [32;1m        PASS[0m [   0.007s] ( 24/146) [35;1meth-processor-app[0m [36mpipeline::mapper::block_mapper::tests[0m[36m::[0m[34;1mtest_decode_extra_data_drops_java_undefined_cjk_extension_j[0m
2026-06-11T11:51:54.1086831Z [32;1m        PASS[0m [   0.009s] ( 25/146) [35;1meth-processor-app[0m [36mpipeline::mapper::block_mapper::tests[0m[36m::[0m[34;1mtest_decode_extra_data_drops_unicode_numeric_symbols[0m
2026-06-11T11:51:54.1107339Z [32;1m        PASS[0m [   0.009s] ( 26/146) [35;1meth-processor-app[0m [36mpipeline::mapper::block_mapper::tests[0m[36m::[0m[34;1mtest_decode_extra_data_invalid_hex_panics[0m
2026-06-11T11:51:54.1173259Z [32;1m        PASS[0m [   0.008s] ( 27/146) [35;1meth-processor-app[0m [36mpipeline::mapper::block_mapper::tests[0m[36m::[0m[34;1mtest_decode_extra_data_keeps_java_letter_supplementary_unicode_chars[0m
2026-06-11T11:51:54.1187641Z [32;1m        PASS[0m [   0.008s] ( 28/146) [35;1meth-processor-app[0m [36mpipeline::mapper::block_mapper::tests[0m[36m::[0m[34;1mtest_decode_extra_data_matches_java_unicode_letter_digit_filter[0m
2026-06-11T11:51:54.1243226Z [32;1m        PASS[0m [   0.007s] ( 29/146) [35;1meth-processor-app[0m [36mpipeline::mapper::block_mapper::tests[0m[36m::[0m[34;1mtest_parse_hex_u64[0m
2026-06-11T11:51:54.1282626Z [32;1m        PASS[0m [   0.009s] ( 30/146) [35;1meth-processor-app[0m [36mpipeline::mapper::block_mapper::tests[0m[36m::[0m[34;1mtest_parse_hex_u64_bare_prefix_panics[0m
2026-06-11T11:51:54.1332576Z [32;1m        PASS[0m [   0.008s] ( 31/146) [35;1meth-processor-app[0m [36mpipeline::mapper::block_mapper::tests[0m[36m::[0m[34;1mtest_parse_hex_u64_invalid_panics[0m
2026-06-11T11:51:54.1373481Z [32;1m        PASS[0m [   0.009s] ( 32/146) [35;1meth-processor-app[0m [36mpipeline::mapper::block_mapper::tests[0m[36m::[0m[34;1mtest_parse_timestamp[0m
2026-06-11T11:51:54.1418420Z [32;1m        PASS[0m [   0.007s] ( 33/146) [35;1meth-processor-app[0m [36mpipeline::mapper::transaction_mapper::tests[0m[36m::[0m[34;1mtest_map_transaction_type[0m
2026-06-11T11:51:54.1463094Z [32;1m        PASS[0m [   0.009s] ( 34/146) [35;1meth-processor-app[0m [36mpipeline::mapper::transaction_mapper::tests[0m[36m::[0m[34;1mtest_map_transaction_type_unknown_panics[0m
2026-06-11T11:51:54.1494922Z [32;1m        PASS[0m [   0.009s] ( 35/146) [35;1meth-processor-app[0m [36mpipeline::mapper::transaction_mapper::tests[0m[36m::[0m[34;1mtest_map_transaction_type_zero_padded_panics[0m
2026-06-11T11:51:54.1557012Z [32;1m        PASS[0m [   0.007s] ( 36/146) [35;1meth-processor-app[0m [36mpipeline::mapper::transaction_mapper::tests[0m[36m::[0m[34;1mtest_parse_wei_bare_prefix_panics[0m
2026-06-11T11:51:54.1596052Z [32;1m        PASS[0m [   0.009s] ( 37/146) [35;1meth-processor-app[0m [36mpipeline::mapper::transaction_mapper::tests[0m[36m::[0m[34;1mtest_parse_wei_invalid_large_hex_panics[0m
2026-06-11T11:51:54.1626555Z [32;1m        PASS[0m [   0.008s] ( 38/146) [35;1meth-processor-app[0m [36mpipeline::mapper::transaction_mapper::tests[0m[36m::[0m[34;1mtest_parse_wei_to_money[0m
2026-06-11T11:51:54.1676254Z [32;1m        PASS[0m [   0.008s] ( 39/146) [35;1meth-processor-app[0m [36mqueue::topology::tests[0m[36m::[0m[34;1mrabbit_dead_letter_topology_is_stable[0m
2026-06-11T11:51:54.1698393Z [32;1m        PASS[0m [   0.008s] ( 40/146) [35;1meth-processor-app[0m [36mqueue::topology::tests[0m[36m::[0m[34;1mrabbit_exchange_name_is_stable[0m
2026-06-11T11:51:54.1755997Z [32;1m        PASS[0m [   0.008s] ( 41/146) [35;1meth-processor-app[0m [36mqueue::topology::tests[0m[36m::[0m[34;1mrabbit_stage_queue_names_are_stable[0m
2026-06-11T11:51:54.1789696Z [32;1m        PASS[0m [   0.009s] ( 42/146) [35;1meth-processor-app[0m [36mservice::backfill_missing::tests[0m[36m::[0m[34;1mfailed_batch_does_not_advance_current_index[0m
2026-06-11T11:51:54.1835930Z [32;1m        PASS[0m [   0.007s] ( 43/146) [35;1meth-processor-app[0m [36mservice::backfill_missing::tests[0m[36m::[0m[34;1mreset_allows_next_shedlock_cycle_to_rescan[0m
2026-06-11T11:51:54.1885057Z [32;1m        PASS[0m [   0.010s] ( 44/146) [35;1meth-processor-app[0m [36mservice::block_validator::tests[0m[36m::[0m[34;1maccepts_active_network_name[0m
2026-06-11T11:51:54.1893549Z [32;1m        PASS[0m [   0.007s] ( 45/146) [35;1meth-processor-app[0m [36mservice::block_validator::tests[0m[36m::[0m[34;1mrejects_unspecified_network_name_with_java_message[0m
2026-06-11T11:51:54.1962520Z [32;1m        PASS[0m [   0.008s] ( 46/146) [35;1meth-processor-app[0m [36mservice::block_validator::tests[0m[36m::[0m[34;1mrejects_wrong_network_name_with_java_message[0m
2026-06-11T11:51:54.1995997Z [32;1m        PASS[0m [   0.009s] ( 47/146) [35;1meth-processor-app[0m [36mservice::erc20_utils::tests[0m[36m::[0m[34;1mtest_decode_address[0m
2026-06-11T11:51:54.2053232Z [32;1m        PASS[0m [   0.009s] ( 48/146) [35;1meth-processor-app[0m [36mservice::erc20_utils::tests[0m[36m::[0m[34;1mtest_decode_utf8_string_empty_dynamic[0m
2026-06-11T11:51:54.2059061Z [32;1m        PASS[0m [   0.008s] ( 49/146) [35;1meth-processor-app[0m [36mservice::erc20_utils::tests[0m[36m::[0m[34;1mtest_get_method_id[0m
2026-06-11T11:51:54.2135922Z [32;1m        PASS[0m [   0.007s] ( 50/146) [35;1meth-processor-app[0m [36mservice::erc20_utils::tests[0m[36m::[0m[34;1mtest_is_transfer_method_id[0m
2026-06-11T11:51:54.2145388Z [32;1m        PASS[0m [   0.008s] ( 51/146) [35;1meth-processor-app[0m [36mservice::erc20_utils::tests[0m[36m::[0m[34;1mtest_is_transfer_event[0m
2026-06-11T11:51:54.2215247Z [32;1m        PASS[0m [   0.007s] ( 52/146) [35;1meth-processor-app[0m [36mtasks::shedlock::tests[0m[36m::[0m[34;1minstance_id_format[0m
2026-06-11T11:51:54.2222071Z [32;1m        PASS[0m [   0.008s] ( 53/146) [35;1meth-processor-app[0m [36mservice::stage3::tests[0m[36m::[0m[34;1mblock_processed_guard_matches_java_stage3[0m
2026-06-11T11:51:54.2299998Z [32;1m        PASS[0m [   0.008s] ( 54/146) [35;1meth-processor-app[0m [36mtasks::shedlock::tests[0m[36m::[0m[34;1mlock_names_match_java[0m
2026-06-11T11:51:54.2307365Z [32;1m        PASS[0m [   0.009s] ( 55/146) [35;1meth-processor-app[0m [36mweb::routes::tests[0m[36m::[0m[34;1mhealth_route_is_stable[0m
2026-06-11T11:51:54.2385931Z [32;1m        PASS[0m [   0.007s] ( 56/146) [35;1meth-processor-app[0m [36mweb::routes::tests[0m[36m::[0m[34;1mimport_blocks_route_is_stable[0m
2026-06-11T11:51:54.2415937Z [32;1m        PASS[0m [   0.009s] ( 57/146) [35;1meth-processor-app[0m [36mweb::routes::tests[0m[36m::[0m[34;1mimport_blocks_range_route_is_stable[0m
2026-06-11T11:51:54.2466019Z [32;1m        PASS[0m [   0.008s] ( 58/146) [35;1meth-processor-app[0m [36mweb::routes::tests[0m[36m::[0m[34;1mmetrics_route_is_stable[0m
2026-06-11T11:51:54.2482240Z [32;1m        PASS[0m [   0.008s] ( 59/146) [35;1meth-processor-app[0m [36mweb::routes::tests[0m[36m::[0m[34;1mready_route_is_stable[0m
2026-06-11T11:52:06.2942625Z [32;1m        PASS[0m [  12.048s] ( 60/146) [35;1meth-processor-app::asset_processor_test[0m [34;1mtest_creates_distinct_erc20_assets_for_contracts_with_same_name[0m
2026-06-11T11:52:06.3209496Z [32;1m        PASS[0m [   0.026s] ( 61/146) [35;1meth-processor-app::auto_import_test[0m [34;1mtest_advances_index_on_success[0m
2026-06-11T11:52:06.3385704Z [32;1m        PASS[0m [   0.017s] ( 62/146) [35;1meth-processor-app::auto_import_test[0m [34;1mtest_batch_size_1_for_early_blocks[0m
2026-06-11T11:52:06.3524737Z [32;1m        PASS[0m [   0.012s] ( 63/146) [35;1meth-processor-app::auto_import_test[0m [34;1mtest_concurrent_processing_batch_size_8[0m
2026-06-11T11:52:06.3576792Z [32;1m        PASS[0m [  12.109s] ( 64/146) [35;1meth-processor-app::asset_processor_test[0m [34;1mtest_missing_token_metadata_errors_without_asset_insert[0m
2026-06-11T11:52:06.3626633Z [32;1m        PASS[0m [   0.011s] ( 65/146) [35;1meth-processor-app::auto_import_test[0m [34;1mtest_configured_batch_size_for_large_block_index[0m
2026-06-11T11:52:06.3669795Z [32;1m        PASS[0m [   0.010s] ( 66/146) [35;1meth-processor-app::auto_import_test[0m [34;1mtest_exception_returns_false[0m
2026-06-11T11:52:06.3721567Z [32;1m        PASS[0m [   0.009s] ( 67/146) [35;1meth-processor-app::auto_import_test[0m [34;1mtest_initialize_only_once[0m
2026-06-11T11:52:06.3756670Z [32;1m        PASS[0m [   0.008s] ( 68/146) [35;1meth-processor-app::auto_import_test[0m [34;1mtest_initialize_with_tip_index[0m
2026-06-11T11:52:06.3821825Z [32;1m        PASS[0m [   0.010s] ( 69/146) [35;1meth-processor-app::auto_import_test[0m [34;1mtest_initialize_with_zero_when_no_tip[0m
2026-06-11T11:52:06.3842385Z [32;1m        PASS[0m [   0.009s] ( 70/146) [35;1meth-processor-app::auto_import_test[0m [34;1mtest_multiple_consecutive_successful_calls[0m
2026-06-11T11:52:06.3935169Z [32;1m        PASS[0m [   0.011s] ( 71/146) [35;1meth-processor-app::auto_import_test[0m [34;1mtest_no_index_advance_on_failure_allows_retry[0m
2026-06-11T11:52:06.3975953Z [32;1m        PASS[0m [   0.012s] ( 72/146) [35;1meth-processor-app::auto_import_test[0m [34;1mtest_partial_batch_failures[0m
2026-06-11T11:52:06.4035573Z [32;1m        PASS[0m [   0.008s] ( 73/146) [35;1meth-processor-app::auto_import_test[0m [34;1mtest_returns_false_on_failure[0m
2026-06-11T11:52:06.4047100Z [32;1m        PASS[0m [   0.008s] ( 74/146) [35;1meth-processor-app::auto_import_test[0m [34;1mtest_returns_true_on_success[0m
2026-06-11T11:52:06.4108187Z [32;1m        PASS[0m [   0.008s] ( 75/146) [35;1meth-processor-app::auto_import_test[0m [34;1mtest_single_block_processing[0m
2026-06-11T11:52:06.4156753Z [32;1m        PASS[0m [   0.011s] ( 76/146) [35;1meth-processor-app::block_mapper_test[0m [34;1mtest_map_block_1[0m
2026-06-11T11:52:06.4193197Z [32;1m        PASS[0m [   0.009s] ( 77/146) [35;1meth-processor-app::block_mapper_test[0m [34;1mtest_map_block_2634755[0m
2026-06-11T11:52:06.4246190Z [32;1m        PASS[0m [   0.008s] ( 78/146) [35;1meth-processor-app::block_mapper_test[0m [34;1mtest_map_block_46147_with_transaction[0m
2026-06-11T11:52:06.4271720Z [32;1m        PASS[0m [   0.008s] ( 79/146) [35;1meth-processor-app::block_mapper_test[0m [34;1mtest_map_genesis_block[0m
2026-06-11T11:52:06.4322886Z [32;1m        PASS[0m [   0.009s] ( 80/146) [35;1meth-processor-app::block_mapper_test[0m [34;1mtest_parse_hex_u64[0m
2026-06-11T11:52:06.5358060Z [32;1m        PASS[0m [   0.108s] ( 81/146) [35;1meth-processor-app::detect_erc20_test[0m [34;1mtest_detect_erc20_mad2_returns_none_on_empty_decimals[0m
2026-06-11T11:52:06.5362082Z [32;1m        PASS[0m [   0.104s] ( 82/146) [35;1meth-processor-app::detect_erc20_test[0m [34;1mtest_detect_erc20_preserves_zero_owner_address[0m
2026-06-11T11:52:06.6377001Z [32;1m        PASS[0m [   0.102s] ( 83/146) [35;1meth-processor-app::detect_erc20_test[0m [34;1mtest_detect_erc20_returns_contract_with_all_fields[0m
2026-06-11T11:52:06.6416005Z [32;1m        PASS[0m [   0.104s] ( 84/146) [35;1meth-processor-app::detect_erc20_test[0m [34;1mtest_detect_erc20_returns_none_when_decimals_call_fails[0m
2026-06-11T11:52:06.7370010Z [32;1m        PASS[0m [   0.096s] ( 85/146) [35;1meth-processor-app::detect_erc20_test[0m [34;1mtest_detect_erc20_returns_none_when_symbol_call_fails[0m
2026-06-11T11:52:06.7467332Z [32;1m        PASS[0m [   0.107s] ( 86/146) [35;1meth-processor-app::detect_erc20_test[0m [34;1mtest_detect_erc20_returns_none_when_name_call_fails[0m
2026-06-11T11:52:06.8396352Z [32;1m        PASS[0m [   0.101s] ( 87/146) [35;1meth-processor-app::detect_erc20_test[0m [34;1mtest_detect_erc20_returns_some_when_owner_malformed[0m
2026-06-11T11:52:06.8526894Z [32;1m        PASS[0m [   0.107s] ( 88/146) [35;1meth-processor-app::detect_erc20_test[0m [34;1mtest_detect_erc20_returns_some_when_total_supply_malformed[0m
2026-06-11T11:52:06.9402059Z [32;1m        PASS[0m [   0.102s] ( 89/146) [35;1meth-processor-app::detect_erc20_test[0m [34;1mtest_detect_erc20_steth_metadata[0m
2026-06-11T11:52:06.9607148Z [32;1m        PASS[0m [   0.107s] ( 90/146) [35;1meth-processor-app::detect_erc20_test[0m [34;1mtest_detect_erc20_supply_present_no_owner[0m
2026-06-11T11:52:07.0432696Z [32;1m        PASS[0m [   0.103s] ( 91/146) [35;1meth-processor-app::detect_erc20_test[0m [34;1mtest_detect_erc20_usdt_metadata[0m
2026-06-11T11:52:07.0687039Z [32;1m        PASS[0m [   0.108s] ( 92/146) [35;1meth-processor-app::detect_erc20_test[0m [34;1mtest_detect_erc20_wsteth_metadata[0m
2026-06-11T11:52:07.0767963Z [32;1m        PASS[0m [   0.010s] ( 93/146) [35;1meth-processor-app::erc20_utils_test[0m [34;1mtest_decode_address[0m
2026-06-11T11:52:07.0860299Z [32;1m        PASS[0m [   0.009s] ( 94/146) [35;1meth-processor-app::erc20_utils_test[0m [34;1mtest_decode_transfer_event_log[0m
2026-06-11T11:52:07.0956211Z [32;1m        PASS[0m [   0.008s] ( 95/146) [35;1meth-processor-app::erc20_utils_test[0m [34;1mtest_decode_transfer_parameters[0m
2026-06-11T11:52:07.1013268Z [32;1m        PASS[0m [   0.007s] ( 96/146) [35;1meth-processor-app::erc20_utils_test[0m [34;1mtest_decode_uint256[0m
2026-06-11T11:52:07.1089555Z [32;1m        PASS[0m [   0.007s] ( 97/146) [35;1meth-processor-app::erc20_utils_test[0m [34;1mtest_get_method_id[0m
2026-06-11T11:52:07.1166255Z [32;1m        PASS[0m [   0.007s] ( 98/146) [35;1meth-processor-app::erc20_utils_test[0m [34;1mtest_transfer_event_detection[0m
2026-06-11T11:52:07.1256471Z [32;1m        PASS[0m [   0.007s] ( 99/146) [35;1meth-processor-app::erc20_utils_test[0m [34;1mtest_transfer_method_detection[0m
2026-06-11T11:52:07.1675680Z [32;1m        PASS[0m [   0.121s] (100/146) [35;1meth-processor-app::detect_erc20_test[0m [34;1mtest_detect_erc20_zero_decimals_no_supply[0m
2026-06-11T11:52:10.5574954Z [32;1m        PASS[0m [   3.433s] (101/146) [35;1meth-processor-app::network_verification_test[0m [34;1mverify_network_chain_id_mismatch_records_and_continues[0m
2026-06-11T11:52:10.7095818Z [32;1m        PASS[0m [   3.536s] (102/146) [35;1meth-processor-app::network_verification_test[0m [34;1mverify_network_rpc_error_response_writes_java_fqn[0m
2026-06-11T11:52:14.0575572Z [32;1m        PASS[0m [   3.356s] (103/146) [35;1meth-processor-app::persistence_test[0m [34;1mtest_account_find_or_create[0m
2026-06-11T11:52:14.1093525Z [32;1m        PASS[0m [   3.550s] (104/146) [35;1meth-processor-app::network_verification_test[0m [34;1mverify_network_rpc_null_result_writes_java_fqn[0m
2026-06-11T11:52:17.5451472Z [32;1m        PASS[0m [   3.437s] (105/146) [35;1meth-processor-app::persistence_test[0m [34;1mtest_block_find_or_create[0m
2026-06-11T11:52:17.7007396Z [32;1m        PASS[0m [   3.643s] (106/146) [35;1meth-processor-app::persistence_test[0m [34;1mtest_account_updates_match_java_guards[0m
2026-06-11T11:52:20.9124117Z [32;1m        PASS[0m [   3.367s] (107/146) [35;1meth-processor-app::persistence_test[0m [34;1mtest_block_status_updates[0m
2026-06-11T11:52:21.0567881Z [32;1m        PASS[0m [   3.356s] (108/146) [35;1meth-processor-app::persistence_test[0m [34;1mtest_erc20_asset_find_or_create_matches_java_guards[0m
2026-06-11T11:52:24.1910581Z [32;1m        PASS[0m [   3.278s] (109/146) [35;1meth-processor-app::persistence_test[0m [34;1mtest_native_asset_init[0m
2026-06-11T11:52:24.3305424Z [32;1m        PASS[0m [   3.273s] (110/146) [35;1meth-processor-app::persistence_test[0m [34;1mtest_signature_find_or_create[0m
2026-06-11T11:52:27.6268317Z [32;1m        PASS[0m [   3.435s] (111/146) [35;1meth-processor-app::persistence_test[0m [34;1mtest_transaction_repository_helpers_match_java[0m
2026-06-11T11:52:27.6787035Z [32;1m        PASS[0m [   3.346s] (112/146) [35;1meth-processor-app::persistence_test[0m [34;1mtest_transfer_repository_helpers_match_java[0m
2026-06-11T11:52:35.3677031Z [32;1m        PASS[0m [   7.741s] (113/146) [35;1meth-processor-app::pipeline[0m [36methereum_block_0[0m[36m::[0m[34;1mtest_block_0_genesis[0m
2026-06-11T11:52:39.1821072Z [32;1m        PASS[0m [  11.505s] (114/146) [35;1meth-processor-app::pipeline[0m [36methereum_block_12244226[0m[36m::[0m[34;1mtest_block_12244226_pipeline_completes[0m
2026-06-11T11:52:43.5562951Z [32;1m        PASS[0m [   4.374s] (115/146) [35;1meth-processor-app::pipeline[0m [36methereum_block_188864[0m[36m::[0m[34;1mtest_block_188864_contract_creation_and_utf8_extra_data[0m
2026-06-11T11:52:48.3535168Z [32;1m        PASS[0m [   4.797s] (116/146) [35;1meth-processor-app::pipeline[0m [36methereum_block_1934069[0m[36m::[0m[34;1mtest_block_1934069_pipeline_completes[0m
2026-06-11T11:52:50.5543482Z [32;1m        PASS[0m [  15.186s] (117/146) [35;1meth-processor-app::pipeline[0m [36methereum_block_17124352[0m[36m::[0m[34;1mtest_block_17124352_pipeline_completes[0m
2026-06-11T11:52:56.6044602Z [32;1m        PASS[0m [   6.050s] (118/146) [35;1meth-processor-app::pipeline[0m [36methereum_block_22431200[0m[36m::[0m[34;1mtest_block_22431200_type4_eip7702[0m
2026-06-11T11:52:57.8704894Z [32;1m        PASS[0m [   9.515s] (119/146) [35;1meth-processor-app::pipeline[0m [36methereum_block_19426589[0m[36m::[0m[34;1mtest_block_19426589_pipeline_completes[0m
2026-06-11T11:53:01.9396762Z [32;1m        PASS[0m [   4.069s] (120/146) [35;1meth-processor-app::pipeline[0m [36methereum_block_386620[0m[36m::[0m[34;1mtest_block_386620_contract_call_event_log_no_transfer[0m
2026-06-11T11:53:05.7346827Z [32;1m        PASS[0m [   9.129s] (121/146) [35;1meth-processor-app::pipeline[0m [36methereum_block_23222593[0m[36m::[0m[34;1mtest_block_23222593_pipeline_completes[0m
2026-06-11T11:53:09.5573023Z [32;1m        PASS[0m [   7.619s] (122/146) [35;1meth-processor-app::pipeline[0m [36methereum_block_3987379[0m[36m::[0m[34;1mtest_block_3987379_erc20_method_call[0m
2026-06-11T11:53:11.2592527Z [32;1m        PASS[0m [   5.526s] (123/146) [35;1meth-processor-app::pipeline[0m [36methereum_block_4000543[0m[36m::[0m[34;1mtest_block_4000543_erc20_event_log[0m
2026-06-11T11:53:15.3950735Z [32;1m        PASS[0m [   4.135s] (124/146) [35;1meth-processor-app::pipeline[0m [36methereum_block_46147[0m[36m::[0m[34;1mtest_block_46147_simple_eth_transfer[0m
2026-06-11T11:53:16.2956806Z [32;1m        PASS[0m [   6.726s] (125/146) [35;1meth-processor-app::pipeline[0m [36methereum_block_4370000[0m[36m::[0m[34;1mtest_block_4370000_post_byzantium[0m
2026-06-11T11:53:19.9156777Z [32;1m        PASS[0m [   4.521s] (126/146) [35;1meth-processor-app::pipeline[0m [36methereum_block_46214[0m[36m::[0m[34;1mtest_block_46214_simple_eth_transfer[0m
2026-06-11T11:53:20.6416492Z [32;1m        PASS[0m [   4.357s] (127/146) [35;1meth-processor-app::pipeline[0m [36methereum_block_47205[0m[36m::[0m[34;1mtest_block_47205_contract_creation[0m
2026-06-11T11:53:24.5392534Z [32;1m        PASS[0m [   4.623s] (128/146) [35;1meth-processor-app::pipeline[0m [36methereum_block_49891[0m[36m::[0m[34;1mtest_block_49891_contract_call_no_transfer[0m
2026-06-11T11:53:25.2217667Z [32;1m        PASS[0m [   4.578s] (129/146) [35;1meth-processor-app::pipeline[0m [36methereum_block_52043[0m[36m::[0m[34;1mtest_block_52043_contract_call_with_events[0m
2026-06-11T11:53:31.2342162Z [32;1m        PASS[0m [   6.013s] (130/146) [35;1meth-processor-app::pipeline[0m [36methereum_reprocess_4000543[0m[36m::[0m[34;1mtest_block_4000543_reprocess[0m
2026-06-11T11:53:31.2402806Z [32;1m        PASS[0m [   0.006s] (131/146) [35;1meth-processor-app::receipt_mapper_test[0m [34;1mtest_map_receipt_block_0_genesis_empty_receipts[0m
2026-06-11T11:53:31.2453645Z [32;1m        PASS[0m [   0.005s] (132/146) [35;1meth-processor-app::receipt_mapper_test[0m [34;1mtest_map_receipt_block_46147_pre_byzantium[0m
2026-06-11T11:53:31.2506030Z [32;1m        PASS[0m [   0.005s] (133/146) [35;1meth-processor-app::receipt_mapper_test[0m [34;1mtest_map_receipt_failure[0m
2026-06-11T11:53:31.2557417Z [32;1m        PASS[0m [   0.005s] (134/146) [35;1meth-processor-app::receipt_mapper_test[0m [34;1mtest_map_receipt_invalid_status_panics[0m
2026-06-11T11:53:31.2615863Z [32;1m        PASS[0m [   0.006s] (135/146) [35;1meth-processor-app::receipt_mapper_test[0m [34;1mtest_map_receipt_none_status_returns_none[0m
2026-06-11T11:53:31.2673527Z [32;1m        PASS[0m [   0.006s] (136/146) [35;1meth-processor-app::receipt_mapper_test[0m [34;1mtest_map_receipt_success[0m
2026-06-11T11:53:31.2727718Z [32;1m        PASS[0m [   0.005s] (137/146) [35;1meth-processor-app::receipt_mapper_test[0m [34;1mtest_map_receipt_with_contract_and_logs[0m
2026-06-11T11:53:31.3726265Z [32;1m        PASS[0m [   0.099s] (138/146) [35;1meth-processor-app::rpc_client_test[0m [34;1meth_call_preserves_rpc_error[0m
2026-06-11T11:53:31.4506364Z [32;1m        PASS[0m [   0.079s] (139/146) [35;1meth-processor-app::rpc_client_test[0m [34;1mget_code_preserves_empty_code_result[0m
2026-06-11T11:53:31.5073183Z [32;1m        PASS[0m [   0.057s] (140/146) [35;1meth-processor-app::rpc_client_test[0m [34;1mget_code_preserves_null_result[0m
2026-06-11T11:53:31.5643263Z [32;1m        PASS[0m [   0.057s] (141/146) [35;1meth-processor-app::rpc_client_test[0m [34;1mget_code_preserves_rpc_error[0m
2026-06-11T11:53:33.3225067Z [32;1m        PASS[0m [   8.783s] (142/146) [35;1meth-processor-app::pipeline[0m [36methereum_reprocess_3987379[0m[36m::[0m[34;1mtest_block_3987379_reprocess[0m
2026-06-11T11:53:33.3312475Z [32;1m        PASS[0m [   0.009s] (143/146) [35;1meth-processor-app::token_address_test[0m [34;1mtest_empty_service[0m
2026-06-11T11:53:33.3375619Z [32;1m        PASS[0m [   0.006s] (144/146) [35;1meth-processor-app::token_address_test[0m [34;1mtest_load_from_csv[0m
2026-06-11T11:53:33.3431603Z [32;1m        PASS[0m [   0.006s] (145/146) [35;1meth-processor-app::token_address_test[0m [34;1mtest_paxg_is_excluded_from_tracked_tokens[0m
2026-06-11T11:53:34.4630826Z [32;1m        PASS[0m [   2.899s] (146/146) [35;1meth-processor-app::shedlock_test[0m [34;1mshedlock_acquire_extend_release_cycle[0m
2026-06-11T11:53:34.4634095Z ────────────
2026-06-11T11:53:34.4640794Z [32;1m     Summary[0m [ 100.460s] [1m146[0m tests run: [1m146[0m [32;1mpassed[0m, [1m2[0m [33;1mskipped[0m
2026-06-11T11:53:34.4865649Z Post job cleanup.
2026-06-11T11:53:34.7611366Z ##[group]Get human-readable stats
2026-06-11T11:53:34.7631954Z [command]/opt/hostedtoolcache/sccache/0.15.0/x64/sccache --show-stats
2026-06-11T11:53:34.7739559Z Compile requests                    969
2026-06-11T11:53:34.7740508Z Compile requests executed           844
2026-06-11T11:53:34.7741516Z Cache hits                          490
2026-06-11T11:53:34.7742327Z Cache hits (Assembler)               33
2026-06-11T11:53:34.7743083Z Cache hits (C/C++)                  243
2026-06-11T11:53:34.7743837Z Cache hits (Rust)                   214
2026-06-11T11:53:34.7745010Z Cache misses                        350
2026-06-11T11:53:34.7745859Z Cache misses (Assembler)             69
2026-06-11T11:53:34.7746703Z Cache misses (C/C++)                 83
2026-06-11T11:53:34.7747473Z Cache misses (Rust)                 198
2026-06-11T11:53:34.7748200Z Cache hits rate                   58.33 %
2026-06-11T11:53:34.7749028Z Cache hits rate (Assembler)       32.35 %
2026-06-11T11:53:34.7749804Z Cache hits rate (C/C++)           74.54 %
2026-06-11T11:53:34.7750613Z Cache hits rate (Rust)            51.94 %
2026-06-11T11:53:34.7751383Z Cache timeouts                        0
2026-06-11T11:53:34.7752132Z Cache read errors                     0
2026-06-11T11:53:34.7752905Z Forced recaches                       0
2026-06-11T11:53:34.7753633Z Cache write errors                  349
2026-06-11T11:53:34.7754801Z Cache errors                          0
2026-06-11T11:53:34.7755508Z Compilations                        350
2026-06-11T11:53:34.7756214Z Compilation failures                  4
2026-06-11T11:53:34.7756954Z Non-cacheable compilations            0
2026-06-11T11:53:34.7757704Z Non-cacheable calls                 121
2026-06-11T11:53:34.7758463Z Non-compilation calls                 4
2026-06-11T11:53:34.7759231Z Unsupported compiler calls            0
2026-06-11T11:53:34.7760009Z Average cache write               0.833 s
2026-06-11T11:53:34.7760801Z Average compiler                  0.903 s
2026-06-11T11:53:34.7761573Z Average cache read hit            0.230 s
2026-06-11T11:53:34.7762356Z Failed distributed compilations       0
2026-06-11T11:53:34.7764387Z 
2026-06-11T11:53:34.7764816Z Non-cacheable reasons:
2026-06-11T11:53:34.7765528Z crate-type                           96
2026-06-11T11:53:34.7766303Z missing input                        10
2026-06-11T11:53:34.7767035Z -                                     7
2026-06-11T11:53:34.7767762Z -o                                    7
2026-06-11T11:53:34.7768506Z -E                                    1
2026-06-11T11:53:34.7769063Z 
2026-06-11T11:53:34.7769945Z Cache location                  ghac, name: 7e0726055e1e4f1baa01c3967c5cfadc05877ea5de0f1b2d553463f71b5d0d86, prefix: /sccache/
2026-06-11T11:53:34.7771650Z Base directories                (none)
2026-06-11T11:53:34.7772371Z Version (client)                0.15.0
2026-06-11T11:53:34.7773436Z ##[endgroup]
2026-06-11T11:53:34.7774721Z ##[group]Get JSON stats
2026-06-11T11:53:34.7776471Z [command]/opt/hostedtoolcache/sccache/0.15.0/x64/sccache --show-stats --stats-format=json
2026-06-11T11:53:34.7819715Z {"stats":{"compile_requests":969,"requests_unsupported_compiler":0,"requests_not_compile":4,"requests_not_cacheable":121,"requests_executed":844,"cache_errors":{"counts":{},"adv_counts":{}},"cache_hits":{"counts":{"Rust":214,"Assembler":33,"C/C++":243},"adv_counts":{"rust":214,"assemblerToPreprocess [gcc]":33,"c [gcc]":243}},"cache_misses":{"counts":{"Rust":198,"Assembler":69,"C/C++":83},"adv_counts":{"assemblerToPreprocess [gcc]":69,"c [gcc]":83,"rust":198}},"cache_timeouts":0,"cache_read_errors":0,"non_cacheable_compilations":0,"forced_recaches":0,"cache_write_errors":349,"cache_writes":1,"cache_write_duration":{"secs":0,"nanos":833338663},"cache_read_hit_duration":{"secs":112,"nanos":874886231},"compilations":350,"compiler_write_duration":{"secs":316,"nanos":173551398},"compile_fails":4,"not_cached":{"-o":7,"missing input":10,"crate-type":96,"-E":1,"-":7},"dist_compiles":{},"dist_errors":0,"multi_level":null},"cache_location":"ghac, name: 7e0726055e1e4f1baa01c3967c5cfadc05877ea5de0f1b2d553463f71b5d0d86, prefix: /sccache/","cache_size":null,"max_cache_size":null,"use_preprocessor_cache_mode":false,"version":"0.15.0","basedirs":[]}
2026-06-11T11:53:34.7827767Z ##[endgroup]
2026-06-11T11:53:34.7855317Z ##[notice]58% - 490 hits, 350 misses, 0 errors
2026-06-11T11:53:34.7865858Z 
2026-06-11T11:53:34.7866109Z Full human-readable stats:
2026-06-11T11:53:34.7866628Z Compile requests                    969
2026-06-11T11:53:34.7867136Z Compile requests executed           844
2026-06-11T11:53:34.7867674Z Cache hits                          490
2026-06-11T11:53:34.7868147Z Cache hits (Assembler)               33
2026-06-11T11:53:34.7868583Z Cache hits (C/C++)                  243
2026-06-11T11:53:34.7869044Z Cache hits (Rust)                   214
2026-06-11T11:53:34.7869498Z Cache misses                        350
2026-06-11T11:53:34.7870029Z Cache misses (Assembler)             69
2026-06-11T11:53:34.7870509Z Cache misses (C/C++)                 83
2026-06-11T11:53:34.7871007Z Cache misses (Rust)                 198
2026-06-11T11:53:34.7871487Z Cache hits rate                   58.33 %
2026-06-11T11:53:34.7871974Z Cache hits rate (Assembler)       32.35 %
2026-06-11T11:53:34.7872498Z Cache hits rate (C/C++)           74.54 %
2026-06-11T11:53:34.7872997Z Cache hits rate (Rust)            51.94 %
2026-06-11T11:53:34.7873538Z Cache timeouts                        0
2026-06-11T11:53:34.7874306Z Cache read errors                     0
2026-06-11T11:53:34.7874788Z Forced recaches                       0
2026-06-11T11:53:34.7875259Z Cache write errors                  349
2026-06-11T11:53:34.7875766Z Cache errors                          0
2026-06-11T11:53:34.7876240Z Compilations                        350
2026-06-11T11:53:34.7876716Z Compilation failures                  4
2026-06-11T11:53:34.7877198Z Non-cacheable compilations            0
2026-06-11T11:53:34.7877721Z Non-cacheable calls                 121
2026-06-11T11:53:34.7878207Z Non-compilation calls                 4
2026-06-11T11:53:34.7878717Z Unsupported compiler calls            0
2026-06-11T11:53:34.7879250Z Average cache write               0.833 s
2026-06-11T11:53:34.7879753Z Average compiler                  0.903 s
2026-06-11T11:53:34.7880318Z Average cache read hit            0.230 s
2026-06-11T11:53:34.7880874Z Failed distributed compilations       0
2026-06-11T11:53:34.7881239Z 
2026-06-11T11:53:34.7881395Z Non-cacheable reasons:
2026-06-11T11:53:34.7881831Z crate-type                           96
2026-06-11T11:53:34.7882341Z missing input                        10
2026-06-11T11:53:34.7882844Z -                                     7
2026-06-11T11:53:34.7883707Z -o                                    7
2026-06-11T11:53:34.7884661Z -E                                    1
2026-06-11T11:53:34.7885099Z 
2026-06-11T11:53:34.7885829Z Cache location                  ghac, name: 7e0726055e1e4f1baa01c3967c5cfadc05877ea5de0f1b2d553463f71b5d0d86, prefix: /sccache/
2026-06-11T11:53:34.7886997Z Base directories                (none)
2026-06-11T11:53:34.7887637Z Version (client)                0.15.0
2026-06-11T11:53:34.7901508Z 
2026-06-11T11:53:36.5986905Z Post job cleanup.
2026-06-11T11:53:36.8072003Z [command]/usr/bin/tar --posix -cf cache.tzst --exclude cache.tzst -P -C /home/runner/work/java-monorepo/java-monorepo --files-from manifest.txt --use-compress-program zstdmt
2026-06-11T11:53:49.6679963Z Failed to save: Unable to reserve cache with key cargo-registry-GitHub-Linux-e85c77d0b1218bb1a165b77d4caf81154958cf3a17a59038482fcdaa52f929b0, another job may be creating this cache.
2026-06-11T11:53:49.6998052Z Post job cleanup.
2026-06-11T11:53:49.8048351Z [command]/usr/bin/git version
2026-06-11T11:53:49.8107751Z git version 2.54.0
2026-06-11T11:53:49.8157162Z Temporarily overriding HOME='/home/runner/work/_temp/cef81e5d-4af8-4690-a77e-e3d48fdeaab4' before making global git config changes
2026-06-11T11:53:49.8166328Z Adding repository directory to the temporary git global config as a safe directory
2026-06-11T11:53:49.8175285Z [command]/usr/bin/git config --global --add safe.directory /home/runner/work/java-monorepo/java-monorepo
2026-06-11T11:53:49.8222792Z Removing SSH command configuration
2026-06-11T11:53:49.8223823Z [command]/usr/bin/git config --local --name-only --get-regexp core\.sshCommand
2026-06-11T11:53:49.8264358Z [command]/usr/bin/git submodule foreach --recursive sh -c "git config --local --name-only --get-regexp 'core\.sshCommand' && git config --local --unset-all 'core.sshCommand' || :"
2026-06-11T11:53:49.8612869Z Removing HTTP extra header
2026-06-11T11:53:49.8614374Z [command]/usr/bin/git config --local --name-only --get-regexp http\.https\:\/\/github\.com\/\.extraheader
2026-06-11T11:53:49.8647349Z [command]/usr/bin/git submodule foreach --recursive sh -c "git config --local --name-only --get-regexp 'http\.https\:\/\/github\.com\/\.extraheader' && git config --local --unset-all 'http.https://github.com/.extraheader' || :"
2026-06-11T11:53:49.8896396Z Removing includeIf entries pointing to credentials config files
2026-06-11T11:53:49.8898782Z [command]/usr/bin/git config --local --name-only --get-regexp ^includeIf\.gitdir:
2026-06-11T11:53:49.8928541Z includeif.gitdir:/home/runner/work/java-monorepo/java-monorepo/.git.path
2026-06-11T11:53:49.8944403Z includeif.gitdir:/home/runner/work/java-monorepo/java-monorepo/.git/worktrees/*.path
2026-06-11T11:53:49.8945594Z includeif.gitdir:/github/workspace/.git.path
2026-06-11T11:53:49.8946441Z includeif.gitdir:/github/workspace/.git/worktrees/*.path
2026-06-11T11:53:49.8948611Z [command]/usr/bin/git config --local --get-all includeif.gitdir:/home/runner/work/java-monorepo/java-monorepo/.git.path
2026-06-11T11:53:49.8962898Z /home/runner/work/_temp/git-credentials-db7bdfd3-70e7-4202-94ec-c27d80849155.config
2026-06-11T11:53:49.8976956Z [command]/usr/bin/git config --local --unset includeif.gitdir:/home/runner/work/java-monorepo/java-monorepo/.git.path /home/runner/work/_temp/git-credentials-db7bdfd3-70e7-4202-94ec-c27d80849155.config
2026-06-11T11:53:49.9016930Z [command]/usr/bin/git config --local --get-all includeif.gitdir:/home/runner/work/java-monorepo/java-monorepo/.git/worktrees/*.path
2026-06-11T11:53:49.9042011Z /home/runner/work/_temp/git-credentials-db7bdfd3-70e7-4202-94ec-c27d80849155.config
2026-06-11T11:53:49.9053538Z [command]/usr/bin/git config --local --unset includeif.gitdir:/home/runner/work/java-monorepo/java-monorepo/.git/worktrees/*.path /home/runner/work/_temp/git-credentials-db7bdfd3-70e7-4202-94ec-c27d80849155.config
2026-06-11T11:53:49.9089380Z [command]/usr/bin/git config --local --get-all includeif.gitdir:/github/workspace/.git.path
2026-06-11T11:53:49.9114656Z /github/runner_temp/git-credentials-db7bdfd3-70e7-4202-94ec-c27d80849155.config
2026-06-11T11:53:49.9123248Z [command]/usr/bin/git config --local --unset includeif.gitdir:/github/workspace/.git.path /github/runner_temp/git-credentials-db7bdfd3-70e7-4202-94ec-c27d80849155.config
2026-06-11T11:53:49.9159653Z [command]/usr/bin/git config --local --get-all includeif.gitdir:/github/workspace/.git/worktrees/*.path
2026-06-11T11:53:49.9184502Z /github/runner_temp/git-credentials-db7bdfd3-70e7-4202-94ec-c27d80849155.config
2026-06-11T11:53:49.9196694Z [command]/usr/bin/git config --local --unset includeif.gitdir:/github/workspace/.git/worktrees/*.path /github/runner_temp/git-credentials-db7bdfd3-70e7-4202-94ec-c27d80849155.config
2026-06-11T11:53:49.9232846Z [command]/usr/bin/git submodule foreach --recursive git config --local --show-origin --name-only --get-regexp remote.origin.url
2026-06-11T11:53:49.9480321Z Removing credentials config '/home/runner/work/_temp/git-credentials-db7bdfd3-70e7-4202-94ec-c27d80849155.config'
2026-06-11T11:53:49.9637924Z Cleaning up orphan processes
2026-06-11T11:53:50.0077537Z Terminate orphan process: pid (2335) (sccache)
