2026-07-18T07:41:13.9115197Z ##[group]Set up job
2026-07-18T07:41:13.9115197Z Current runner version: 'Velnor Runner/0.1.53 (protocol: 2.335.1)'
2026-07-18T07:41:13.9115197Z ##[group]Operating System
2026-07-18T07:41:13.9115197Z Ubuntu
2026-07-18T07:41:13.9115197Z 24.04.2
2026-07-18T07:41:13.9115197Z LTS
2026-07-18T07:41:13.9115197Z ##[endgroup]
2026-07-18T07:41:13.9115197Z ##[group]Runner Image
2026-07-18T07:41:13.9115197Z Image: velnor/job-ubuntu:26.04
2026-07-18T07:41:13.9115197Z ##[endgroup]
2026-07-18T07:41:13.9115197Z ##[group]GITHUB_TOKEN Permissions
2026-07-18T07:41:13.9115197Z   Actions: read
2026-07-18T07:41:13.9115197Z   Contents: read
2026-07-18T07:41:13.9115197Z   Metadata: read
2026-07-18T07:41:13.9115197Z ##[endgroup]
2026-07-18T07:41:13.9115197Z Secret source: Actions
2026-07-18T07:41:13.9115197Z Prepare workflow directory
2026-07-18T07:41:13.9115197Z ##[group]Prepare all required actions
2026-07-18T07:41:13.9115197Z Getting action download info
2026-07-18T07:41:13.9115197Z Download action repository 'actions/checkout@v6'
2026-07-18T07:41:13.9115197Z Download action repository 'mozilla-actions/sccache-action@1583d6b38d7be47f593cb472781bbb21cab4321e' (SHA:1583d6b38d7be47f593cb472781bbb21cab4321e)
2026-07-18T07:41:13.9115197Z Download action repository 'rui314/setup-mold@v1'
2026-07-18T07:41:13.9115197Z Download action repository 'jdx/mise-action@v4'
2026-07-18T07:41:13.9115197Z Download action repository 'actions/cache@55cc8345863c7cc4c66a329aec7e433d2d1c52a9' (SHA:55cc8345863c7cc4c66a329aec7e433d2d1c52a9)
2026-07-18T07:41:13.9115197Z Download action repository 'actions/upload-artifact@v7'
2026-07-18T07:41:13.9115197Z ##[endgroup]
2026-07-18T07:41:13.9115197Z Complete job name: compat (app-b, Velnor, self-hosted, velnor-target-mvp, true)
2026-07-18T07:41:13.9115197Z ##[endgroup]
2026-07-18T07:41:14.3161410Z ##[group]Run actions/checkout@v6
2026-07-18T07:41:14.3161410Z Syncing repository: https://github.com/tailrocks/velnor-actions-fixture.git
2026-07-18T07:41:14.3161410Z Setting up ref '1ef5d108eab61e103e09efd08e1afcd3078048ae'
2026-07-18T07:41:14.3161410Z Fetch depth: 1
2026-07-18T07:41:14.3161410Z Repository path: /var/lib/velnor-fixture/work/slot-2/8a582fc6-c34e-587b-b749-75677086dc1c/workspace/.
2026-07-18T07:41:14.3161410Z [command]git init /var/lib/velnor-fixture/work/slot-2/8a582fc6-c34e-587b-b749-75677086dc1c/workspace/.
2026-07-18T07:41:14.3161410Z Initialized empty Git repository in /var/lib/velnor-fixture/work/slot-2/8a582fc6-c34e-587b-b749-75677086dc1c/workspace/.git/
2026-07-18T07:41:14.3161410Z hint: Using 'master' as the name for the initial branch. This default branch name
2026-07-18T07:41:14.3161410Z hint: is subject to change. To configure the initial branch name to use in all
2026-07-18T07:41:14.3161410Z hint: of your new repositories, which will suppress this warning, call:
2026-07-18T07:41:14.3161410Z hint:
2026-07-18T07:41:14.3161410Z hint: 	git config --global init.defaultBranch <name>
2026-07-18T07:41:14.3161410Z hint:
2026-07-18T07:41:14.3161410Z hint: Names commonly chosen instead of 'master' are 'main', 'trunk' and
2026-07-18T07:41:14.3161410Z hint: 'development'. The just-created branch can be renamed via this command:
2026-07-18T07:41:14.3161410Z hint:
2026-07-18T07:41:14.3161410Z hint: 	git branch -m <name>
2026-07-18T07:41:14.3161410Z [command]git -C /var/lib/velnor-fixture/work/slot-2/8a582fc6-c34e-587b-b749-75677086dc1c/workspace/. remote remove origin
2026-07-18T07:41:14.3161410Z error: No such remote: 'origin'
2026-07-18T07:41:14.3161410Z [command]git -C /var/lib/velnor-fixture/work/slot-2/8a582fc6-c34e-587b-b749-75677086dc1c/workspace/. remote add origin https://github.com/tailrocks/velnor-actions-fixture.git
2026-07-18T07:41:14.3161410Z [command]git -C /var/lib/velnor-fixture/work/slot-2/8a582fc6-c34e-587b-b749-75677086dc1c/workspace/. -c protocol.version=2 fetch --prune --no-tags --depth=1 origin 1ef5d108eab61e103e09efd08e1afcd3078048ae
2026-07-18T07:41:14.3161410Z From /var/cache/velnor/v1/trusted/git-mirrors/tailrocks__velnor-actions-fixture
2026-07-18T07:41:14.3161410Z  * branch            1ef5d108eab61e103e09efd08e1afcd3078048ae -> FETCH_HEAD
2026-07-18T07:41:14.3161410Z [command]git -C /var/lib/velnor-fixture/work/slot-2/8a582fc6-c34e-587b-b749-75677086dc1c/workspace/. -c filter.lfs.smudge=git-lfs smudge --skip -- %f -c filter.lfs.process=git-lfs filter-process --skip -c filter.lfs.required=false checkout --force FETCH_HEAD
2026-07-18T07:41:14.3161410Z Note: switching to 'FETCH_HEAD'.
2026-07-18T07:41:14.3161410Z You are in 'detached HEAD' state. You can look around, make experimental
2026-07-18T07:41:14.3161410Z changes and commit them, and you can discard any commits you make in this
2026-07-18T07:41:14.3161410Z state without impacting any branches by switching back to a branch.
2026-07-18T07:41:14.3161410Z If you want to create a new branch to retain commits you create, you may
2026-07-18T07:41:14.3161410Z do so (now or later) by using -c with the switch command. Example:
2026-07-18T07:41:14.3161410Z   git switch -c <new-branch-name>
2026-07-18T07:41:14.3161410Z Or undo this operation with:
2026-07-18T07:41:14.3161410Z   git switch -
2026-07-18T07:41:14.3161410Z Turn off this advice by setting config variable advice.detachedHead to false
2026-07-18T07:41:14.3161410Z HEAD is now at 1ef5d10 Merge pull request #3 from tailrocks/velnor-estate-standard
2026-07-18T07:41:14.3161410Z [command]git -C /var/lib/velnor-fixture/work/slot-2/8a582fc6-c34e-587b-b749-75677086dc1c/workspace/. -c filter.lfs.smudge=git-lfs smudge --skip -- %f -c filter.lfs.process=git-lfs filter-process --skip -c filter.lfs.required=false reset --hard HEAD
2026-07-18T07:41:14.3161410Z HEAD is now at 1ef5d10 Merge pull request #3 from tailrocks/velnor-estate-standard
2026-07-18T07:41:14.3161410Z [command]git -C /var/lib/velnor-fixture/work/slot-2/8a582fc6-c34e-587b-b749-75677086dc1c/workspace/. clean -ffdx
2026-07-18T07:41:14.3161410Z [command]git -C /var/lib/velnor-fixture/work/slot-2/8a582fc6-c34e-587b-b749-75677086dc1c/workspace/. config --local http.https://github.com/.extraheader AUTHORIZATION: ***
2026-07-18T07:41:14.3161410Z Pinned 45 file and directory mtimes to the commit timestamp (stable cargo fingerprints across jobs)
2026-07-18T07:41:14.3161410Z Checkout completed successfully
2026-07-18T07:41:14.3161410Z ##[endgroup]
2026-07-18T07:41:14.0000000Z ##[group]Run mozilla-actions/sccache-action@1583d6b38d7be47f593cb472781bbb21cab4321e
2026-07-18T07:41:14.0000000Z with:
2026-07-18T07:41:14.0000000Z   disable_annotations: false
2026-07-18T07:41:14.0000000Z   version: v0.16.0
2026-07-18T07:41:14.0000000Z env:
2026-07-18T07:41:14.0000000Z   SCCACHE_GHA_ENABLED: false
2026-07-18T07:41:14.0000000Z   SCCACHE_CACHE_SIZE: 20G
2026-07-18T07:41:14.0000000Z   RUSTC_WRAPPER: sccache
2026-07-18T07:41:14.0000000Z ##[endgroup]
2026-07-18T07:41:14.0000000Z sccache 0.16.0
2026-07-18T07:41:14.0000000Z sccache: Starting the server...
2026-07-18T07:41:14.0000000Z sccache: Listening on address 127.0.0.1:4226
2026-07-18T07:41:14.0000000Z ##[group]Run rui314/setup-mold@v1
2026-07-18T07:41:14.0000000Z env:
2026-07-18T07:41:14.0000000Z   SCCACHE_GHA_ENABLED: false
2026-07-18T07:41:14.0000000Z   SCCACHE_CACHE_SIZE: 20G
2026-07-18T07:41:14.0000000Z   RUSTC_WRAPPER: sccache
2026-07-18T07:41:14.0000000Z ##[endgroup]
2026-07-18T07:41:14.0000000Z mold 2.40.4 (compatible with GNU ld)
2026-07-18T07:41:14.0000000Z ##[group]Run jdx/mise-action@v4
2026-07-18T07:41:14.0000000Z env:
2026-07-18T07:41:14.0000000Z   SCCACHE_GHA_ENABLED: false
2026-07-18T07:41:14.0000000Z   SCCACHE_CACHE_SIZE: 20G
2026-07-18T07:41:14.0000000Z   RUSTC_WRAPPER: sccache
2026-07-18T07:41:14.0000000Z ##[endgroup]
2026-07-18T07:41:14.0000000Z ##[group]mise install
2026-07-18T07:41:14.0000000Z ##[endgroup]
2026-07-18T07:41:14.0000000Z mise install completed, cargo: /root/.cargo/bin/cargo
2026-07-18T07:41:14.0000000Z 2026.7.7 linux-x64 (2026-07-15)
2026-07-18T07:41:14.0000000Z [2mmise[0m all tools are installed
2026-07-18T07:41:15.0000000Z ##[group]Run rustup component add rustfmt clippy
2026-07-18T07:41:15.0000000Z [36;1mrustup component add rustfmt clippy[0m
2026-07-18T07:41:15.0000000Z shell: bash --noprofile --norc -e -o pipefail {0}
2026-07-18T07:41:15.0000000Z env:
2026-07-18T07:41:15.0000000Z   SCCACHE_GHA_ENABLED: false
2026-07-18T07:41:15.0000000Z   SCCACHE_CACHE_SIZE: 20G
2026-07-18T07:41:15.0000000Z   RUSTC_WRAPPER: sccache
2026-07-18T07:41:15.0000000Z   MISE_CACHE_DIR: /opt/mise/cache
2026-07-18T07:41:15.0000000Z   MISE_CONFIG_DIR: /opt/mise/config
2026-07-18T07:41:15.0000000Z   MISE_DATA_DIR: /opt/mise
2026-07-18T07:41:15.0000000Z   MISE_TRUSTED_CONFIG_PATHS: /__w
2026-07-18T07:41:15.0000000Z ##[endgroup]
2026-07-18T07:41:15.0000000Z info: component rustfmt is up to date
2026-07-18T07:41:15.0000000Z info: component clippy is up to date
2026-07-18T07:41:15.0000000Z ##[group]Run actions/cache@55cc8345863c7cc4c66a329aec7e433d2d1c52a9
2026-07-18T07:41:15.0000000Z with:
2026-07-18T07:41:15.0000000Z   key: fixture-Velnor-Linux-5750502252cf2c526d78a0e52ccba8a519c58a347cd50cf7273e2ac0f2691436
2026-07-18T07:41:15.0000000Z   path: ~/.cargo/registry
~/.cargo/git

2026-07-18T07:41:15.0000000Z   restore-keys: fixture-Velnor-Linux-
2026-07-18T07:41:15.0000000Z env:
2026-07-18T07:41:15.0000000Z   SCCACHE_GHA_ENABLED: false
2026-07-18T07:41:15.0000000Z   SCCACHE_CACHE_SIZE: 20G
2026-07-18T07:41:15.0000000Z   RUSTC_WRAPPER: sccache
2026-07-18T07:41:15.0000000Z   MISE_CACHE_DIR: /opt/mise/cache
2026-07-18T07:41:15.0000000Z   MISE_CONFIG_DIR: /opt/mise/config
2026-07-18T07:41:15.0000000Z   MISE_DATA_DIR: /opt/mise
2026-07-18T07:41:15.0000000Z   MISE_TRUSTED_CONFIG_PATHS: /__w
2026-07-18T07:41:15.0000000Z ##[endgroup]
2026-07-18T07:41:15.0000000Z [32mCache paths live on Velnor host-persistent storage (always warm)[0m
2026-07-18T07:41:15.0000000Z [36mCache path: ~/.cargo/registry
2026-07-18T07:41:15.0000000Z ~/.cargo/git
2026-07-18T07:41:15.0000000Z [0m
2026-07-18T07:41:15.0000000Z ##[group]Run set -euo pipefail
2026-07-18T07:41:15.0000000Z [36;1mset -euo pipefail[0m
2026-07-18T07:41:15.0000000Z [36;1mversion="$(grep '^rust-version' "crates/app-b/Cargo.toml" | sed 's/.*= *"\(.*\)"/\1/' || echo 'stable')"[0m
2026-07-18T07:41:15.0000000Z [36;1mecho "version=${version:-stable}" >> "${GITHUB_OUTPUT}"[0m
2026-07-18T07:41:15.0000000Z shell: bash --noprofile --norc -e -o pipefail {0}
2026-07-18T07:41:15.0000000Z env:
2026-07-18T07:41:15.0000000Z   SCCACHE_GHA_ENABLED: false
2026-07-18T07:41:15.0000000Z   SCCACHE_CACHE_SIZE: 20G
2026-07-18T07:41:15.0000000Z   RUSTC_WRAPPER: sccache
2026-07-18T07:41:15.0000000Z   MISE_CACHE_DIR: /opt/mise/cache
2026-07-18T07:41:15.0000000Z   MISE_CONFIG_DIR: /opt/mise/config
2026-07-18T07:41:15.0000000Z   MISE_DATA_DIR: /opt/mise
2026-07-18T07:41:15.0000000Z   MISE_TRUSTED_CONFIG_PATHS: /__w
2026-07-18T07:41:15.0000000Z ##[endgroup]
2026-07-18T07:41:15.0000000Z ##[group]Run set -euo pipefail
2026-07-18T07:41:15.0000000Z [36;1mset -euo pipefail[0m
2026-07-18T07:41:15.0000000Z [36;1mecho "FIXTURE_PACKAGE=${PACKAGE}" >> "${GITHUB_ENV}"[0m
2026-07-18T07:41:15.0000000Z [36;1mecho "package=${PACKAGE}" >> "${GITHUB_OUTPUT}"[0m
2026-07-18T07:41:15.0000000Z [36;1mecho "lane=${LANE}" >> "${GITHUB_OUTPUT}"[0m
2026-07-18T07:41:15.0000000Z [36;1mecho "setup-state=complete" >> "${GITHUB_STATE}"[0m
2026-07-18T07:41:15.0000000Z [36;1m# Multiline heredoc output — matches ChainArgos bake-targets pattern[0m
2026-07-18T07:41:15.0000000Z [36;1mprintf 'packages<<EOF\n%s\n%s\nEOF\n' "app-a" "app-b" >> "${GITHUB_OUTPUT}"[0m
2026-07-18T07:41:15.0000000Z [36;1mmkdir -p "${HOME}/.local/bin"[0m
2026-07-18T07:41:15.0000000Z [36;1mprintf '%s\n' '#!/usr/bin/env bash' 'echo fixture-tool-ok' > "${HOME}/.local/bin/fixture-tool"[0m
2026-07-18T07:41:15.0000000Z [36;1mchmod +x "${HOME}/.local/bin/fixture-tool"[0m
2026-07-18T07:41:15.0000000Z [36;1mecho "${HOME}/.local/bin" >> "${GITHUB_PATH}"[0m
2026-07-18T07:41:15.0000000Z [36;1mecho "### ${LANE} ${PACKAGE}" >> "${GITHUB_STEP_SUMMARY}"[0m
2026-07-18T07:41:15.0000000Z shell: bash --noprofile --norc -e -o pipefail {0}
2026-07-18T07:41:15.0000000Z env:
2026-07-18T07:41:15.0000000Z   SCCACHE_GHA_ENABLED: false
2026-07-18T07:41:15.0000000Z   SCCACHE_CACHE_SIZE: 20G
2026-07-18T07:41:15.0000000Z   RUSTC_WRAPPER: sccache
2026-07-18T07:41:15.0000000Z   MISE_CACHE_DIR: /opt/mise/cache
2026-07-18T07:41:15.0000000Z   MISE_CONFIG_DIR: /opt/mise/config
2026-07-18T07:41:15.0000000Z   MISE_DATA_DIR: /opt/mise
2026-07-18T07:41:15.0000000Z   MISE_TRUSTED_CONFIG_PATHS: /__w
2026-07-18T07:41:15.0000000Z   PACKAGE: app-b
2026-07-18T07:41:15.0000000Z   LANE: Velnor
2026-07-18T07:41:15.0000000Z ##[endgroup]
2026-07-18T07:41:15.0000000Z ##[group]Run just fmt-check
2026-07-18T07:41:15.0000000Z [36;1mjust fmt-check[0m
2026-07-18T07:41:15.0000000Z shell: bash --noprofile --norc -e -o pipefail {0}
2026-07-18T07:41:15.0000000Z env:
2026-07-18T07:41:15.0000000Z   SCCACHE_GHA_ENABLED: false
2026-07-18T07:41:15.0000000Z   SCCACHE_CACHE_SIZE: 20G
2026-07-18T07:41:15.0000000Z   RUSTC_WRAPPER: sccache
2026-07-18T07:41:15.0000000Z   MISE_CACHE_DIR: /opt/mise/cache
2026-07-18T07:41:15.0000000Z   MISE_CONFIG_DIR: /opt/mise/config
2026-07-18T07:41:15.0000000Z   MISE_DATA_DIR: /opt/mise
2026-07-18T07:41:15.0000000Z   MISE_TRUSTED_CONFIG_PATHS: /__w
2026-07-18T07:41:15.0000000Z   FIXTURE_PACKAGE: app-b
2026-07-18T07:41:15.0000000Z ##[endgroup]
2026-07-18T07:41:15.0000000Z cargo fmt --check
2026-07-18T07:41:15.0000000Z ##[group]Run just clippy "app-b"
2026-07-18T07:41:15.0000000Z [36;1mjust clippy "app-b"[0m
2026-07-18T07:41:15.0000000Z shell: bash --noprofile --norc -e -o pipefail {0}
2026-07-18T07:41:15.0000000Z env:
2026-07-18T07:41:15.0000000Z   SCCACHE_GHA_ENABLED: false
2026-07-18T07:41:15.0000000Z   SCCACHE_CACHE_SIZE: 20G
2026-07-18T07:41:15.0000000Z   RUSTC_WRAPPER: sccache
2026-07-18T07:41:15.0000000Z   MISE_CACHE_DIR: /opt/mise/cache
2026-07-18T07:41:15.0000000Z   MISE_CONFIG_DIR: /opt/mise/config
2026-07-18T07:41:15.0000000Z   MISE_DATA_DIR: /opt/mise
2026-07-18T07:41:15.0000000Z   MISE_TRUSTED_CONFIG_PATHS: /__w
2026-07-18T07:41:15.0000000Z   FIXTURE_PACKAGE: app-b
2026-07-18T07:41:15.0000000Z ##[endgroup]
2026-07-18T07:41:15.0000000Z cargo clippy -p "app-b" -- -D warnings
2026-07-18T07:41:15.0000000Z     Checking shared v0.1.0 (/__w/crates/shared)
2026-07-18T07:41:15.0000000Z     Checking app-b v0.1.0 (/__w/crates/app-b)
2026-07-18T07:41:15.0000000Z     Finished `dev` profile [unoptimized + debuginfo] target(s) in 0.19s
2026-07-18T07:41:15.0000000Z ##[group]Run just test "app-b"
2026-07-18T07:41:15.0000000Z [36;1mjust test "app-b"[0m
2026-07-18T07:41:15.0000000Z shell: bash --noprofile --norc -e -o pipefail {0}
2026-07-18T07:41:15.0000000Z env:
2026-07-18T07:41:15.0000000Z   SCCACHE_GHA_ENABLED: false
2026-07-18T07:41:15.0000000Z   SCCACHE_CACHE_SIZE: 20G
2026-07-18T07:41:15.0000000Z   RUSTC_WRAPPER: sccache
2026-07-18T07:41:15.0000000Z   MISE_CACHE_DIR: /opt/mise/cache
2026-07-18T07:41:15.0000000Z   MISE_CONFIG_DIR: /opt/mise/config
2026-07-18T07:41:15.0000000Z   MISE_DATA_DIR: /opt/mise
2026-07-18T07:41:15.0000000Z   MISE_TRUSTED_CONFIG_PATHS: /__w
2026-07-18T07:41:15.0000000Z   FIXTURE_PACKAGE: app-b
2026-07-18T07:41:15.0000000Z ##[endgroup]
2026-07-18T07:41:15.0000000Z 
2026-07-18T07:41:15.0000000Z running 1 test
2026-07-18T07:41:15.0000000Z test tests::prints_expected_label ... ok
2026-07-18T07:41:15.0000000Z 
2026-07-18T07:41:15.0000000Z test result: ok. 1 passed; 0 failed; 0 ignored; 0 measured; 0 filtered out; finished in 0.00s
2026-07-18T07:41:15.0000000Z 
2026-07-18T07:41:15.0000000Z cargo test -p "app-b"
2026-07-18T07:41:15.0000000Z    Compiling shared v0.1.0 (/__w/crates/shared)
2026-07-18T07:41:15.0000000Z    Compiling app-b v0.1.0 (/__w/crates/app-b)
2026-07-18T07:41:15.0000000Z     Finished `test` profile [unoptimized + debuginfo] target(s) in 0.21s
2026-07-18T07:41:15.0000000Z      Running unittests src/main.rs (target/debug/deps/app_b-b8537d8f7f4fb21e)
2026-07-18T07:41:16.0000000Z ##[group]Run just nextest "app-b"
2026-07-18T07:41:16.0000000Z [36;1mjust nextest "app-b"[0m
2026-07-18T07:41:16.0000000Z shell: bash --noprofile --norc -e -o pipefail {0}
2026-07-18T07:41:16.0000000Z env:
2026-07-18T07:41:16.0000000Z   SCCACHE_GHA_ENABLED: false
2026-07-18T07:41:16.0000000Z   SCCACHE_CACHE_SIZE: 20G
2026-07-18T07:41:16.0000000Z   RUSTC_WRAPPER: sccache
2026-07-18T07:41:16.0000000Z   MISE_CACHE_DIR: /opt/mise/cache
2026-07-18T07:41:16.0000000Z   MISE_CONFIG_DIR: /opt/mise/config
2026-07-18T07:41:16.0000000Z   MISE_DATA_DIR: /opt/mise
2026-07-18T07:41:16.0000000Z   MISE_TRUSTED_CONFIG_PATHS: /__w
2026-07-18T07:41:16.0000000Z   FIXTURE_PACKAGE: app-b
2026-07-18T07:41:16.0000000Z ##[endgroup]
2026-07-18T07:41:16.0000000Z cargo nextest run -p "app-b"
2026-07-18T07:41:16.0000000Z     Finished `test` profile [unoptimized + debuginfo] target(s) in 0.00s
2026-07-18T07:41:16.0000000Z ────────────
2026-07-18T07:41:16.0000000Z  Nextest run ID 40f98625-b175-47a3-8a4a-0a2d47840a06 with nextest profile: default
2026-07-18T07:41:16.0000000Z     Starting 1 test across 1 binary
2026-07-18T07:41:16.0000000Z         PASS [   0.006s] (1/1) app-b::bin/app-b tests::prints_expected_label
2026-07-18T07:41:16.0000000Z ────────────
2026-07-18T07:41:16.0000000Z      Summary [   0.006s] 1 test run: 1 passed, 0 skipped
2026-07-18T07:41:24.0000000Z ##[group]Check MSRV
2026-07-18T07:41:24.0000000Z [36;1mcargo check -p "app-b" --locked[0m
2026-07-18T07:41:24.0000000Z shell: bash --noprofile --norc -e -o pipefail {0}
2026-07-18T07:41:24.0000000Z env:
2026-07-18T07:41:24.0000000Z   SCCACHE_GHA_ENABLED: false
2026-07-18T07:41:24.0000000Z   SCCACHE_CACHE_SIZE: 20G
2026-07-18T07:41:24.0000000Z   RUSTC_WRAPPER: sccache
2026-07-18T07:41:24.0000000Z   MISE_CACHE_DIR: /opt/mise/cache
2026-07-18T07:41:24.0000000Z   MISE_CONFIG_DIR: /opt/mise/config
2026-07-18T07:41:24.0000000Z   MISE_DATA_DIR: /opt/mise
2026-07-18T07:41:24.0000000Z   MISE_TRUSTED_CONFIG_PATHS: /__w
2026-07-18T07:41:24.0000000Z   FIXTURE_PACKAGE: app-b
2026-07-18T07:41:24.0000000Z   RUSTUP_TOOLCHAIN: stable
2026-07-18T07:41:24.0000000Z ##[endgroup]
2026-07-18T07:41:24.0000000Z info: syncing channel updates for stable-x86_64-unknown-linux-gnu
2026-07-18T07:41:24.0000000Z info: latest update on 2026-07-16 for version 1.97.1 (8bab26f4f 2026-07-14)
2026-07-18T07:41:24.0000000Z info: downloading 6 components
2026-07-18T07:41:24.0000000Z     Checking shared v0.1.0 (/__w/crates/shared)
2026-07-18T07:41:24.0000000Z     Checking app-b v0.1.0 (/__w/crates/app-b)
2026-07-18T07:41:24.0000000Z     Finished `dev` profile [unoptimized + debuginfo] target(s) in 0.27s
2026-07-18T07:41:25.0000000Z ##[group]Run ./.github/actions/check-fixture-output
2026-07-18T07:41:25.0000000Z with:
2026-07-18T07:41:25.0000000Z   package: app-b
2026-07-18T07:41:25.0000000Z env:
2026-07-18T07:41:25.0000000Z   SCCACHE_GHA_ENABLED: false
2026-07-18T07:41:25.0000000Z   SCCACHE_CACHE_SIZE: 20G
2026-07-18T07:41:25.0000000Z   RUSTC_WRAPPER: sccache
2026-07-18T07:41:25.0000000Z   MISE_CACHE_DIR: /opt/mise/cache
2026-07-18T07:41:25.0000000Z   MISE_CONFIG_DIR: /opt/mise/config
2026-07-18T07:41:25.0000000Z   MISE_DATA_DIR: /opt/mise
2026-07-18T07:41:25.0000000Z   MISE_TRUSTED_CONFIG_PATHS: /__w
2026-07-18T07:41:25.0000000Z   FIXTURE_PACKAGE: app-b
2026-07-18T07:41:25.0000000Z ##[endgroup]
2026-07-18T07:41:25.0000000Z ##[group]Run set -euo pipefail
2026-07-18T07:41:25.0000000Z [36;1mset -euo pipefail[0m
2026-07-18T07:41:25.0000000Z [36;1mtest "app-b" = "${FIXTURE_PACKAGE}"[0m
2026-07-18T07:41:25.0000000Z [36;1mtest "$(fixture-tool)" = "fixture-tool-ok"[0m
2026-07-18T07:41:25.0000000Z [36;1mecho "checked=true" >> "${GITHUB_OUTPUT}"[0m
2026-07-18T07:41:25.0000000Z shell: bash --noprofile --norc -e -o pipefail {0}
2026-07-18T07:41:25.0000000Z env:
2026-07-18T07:41:25.0000000Z   SCCACHE_GHA_ENABLED: false
2026-07-18T07:41:25.0000000Z   SCCACHE_CACHE_SIZE: 20G
2026-07-18T07:41:25.0000000Z   RUSTC_WRAPPER: sccache
2026-07-18T07:41:25.0000000Z   MISE_CACHE_DIR: /opt/mise/cache
2026-07-18T07:41:25.0000000Z   MISE_CONFIG_DIR: /opt/mise/config
2026-07-18T07:41:25.0000000Z   MISE_DATA_DIR: /opt/mise
2026-07-18T07:41:25.0000000Z   MISE_TRUSTED_CONFIG_PATHS: /__w
2026-07-18T07:41:25.0000000Z   FIXTURE_PACKAGE: app-b
2026-07-18T07:41:25.0000000Z   GITHUB_ACTION_PATH: /__w/.github/actions/check-fixture-output
2026-07-18T07:41:25.0000000Z ##[endgroup]
2026-07-18T07:41:25.0000000Z ##[group]Run python3 .github/scripts/write-result.py "app-b" "Velnor" "out/result.json"
2026-07-18T07:41:25.0000000Z [36;1mpython3 .github/scripts/write-result.py "app-b" "Velnor" "out/result.json"[0m
2026-07-18T07:41:25.0000000Z shell: bash --noprofile --norc -e -o pipefail {0}
2026-07-18T07:41:25.0000000Z env:
2026-07-18T07:41:25.0000000Z   SCCACHE_GHA_ENABLED: false
2026-07-18T07:41:25.0000000Z   SCCACHE_CACHE_SIZE: 20G
2026-07-18T07:41:25.0000000Z   RUSTC_WRAPPER: sccache
2026-07-18T07:41:25.0000000Z   MISE_CACHE_DIR: /opt/mise/cache
2026-07-18T07:41:25.0000000Z   MISE_CONFIG_DIR: /opt/mise/config
2026-07-18T07:41:25.0000000Z   MISE_DATA_DIR: /opt/mise
2026-07-18T07:41:25.0000000Z   MISE_TRUSTED_CONFIG_PATHS: /__w
2026-07-18T07:41:25.0000000Z   FIXTURE_PACKAGE: app-b
2026-07-18T07:41:25.0000000Z ##[endgroup]
2026-07-18T07:41:26.0000000Z ##[group]Run actions/upload-artifact@v7
2026-07-18T07:41:26.0000000Z with:
2026-07-18T07:41:26.0000000Z   name: result-Velnor-app-b
2026-07-18T07:41:26.0000000Z   path: out/result.json
2026-07-18T07:41:26.0000000Z env:
2026-07-18T07:41:26.0000000Z   SCCACHE_GHA_ENABLED: false
2026-07-18T07:41:26.0000000Z   SCCACHE_CACHE_SIZE: 20G
2026-07-18T07:41:26.0000000Z   RUSTC_WRAPPER: sccache
2026-07-18T07:41:26.0000000Z   MISE_CACHE_DIR: /opt/mise/cache
2026-07-18T07:41:26.0000000Z   MISE_CONFIG_DIR: /opt/mise/config
2026-07-18T07:41:26.0000000Z   MISE_DATA_DIR: /opt/mise
2026-07-18T07:41:26.0000000Z   MISE_TRUSTED_CONFIG_PATHS: /__w
2026-07-18T07:41:26.0000000Z   FIXTURE_PACKAGE: app-b
2026-07-18T07:41:26.0000000Z ##[endgroup]
2026-07-18T07:41:26.0000000Z Uploaded artifact 'result-Velnor-app-b' with 1 path(s)
2026-07-18T07:41:26.0000000Z ##[group]Post Run actions/cache@55cc8345863c7cc4c66a329aec7e433d2d1c52a9
2026-07-18T07:41:26.0000000Z with:
2026-07-18T07:41:26.0000000Z   key: fixture-Velnor-Linux-5750502252cf2c526d78a0e52ccba8a519c58a347cd50cf7273e2ac0f2691436
2026-07-18T07:41:26.0000000Z   path: ~/.cargo/registry
~/.cargo/git

2026-07-18T07:41:26.0000000Z   restore-keys: fixture-Velnor-Linux-
2026-07-18T07:41:26.0000000Z env:
2026-07-18T07:41:26.0000000Z   SCCACHE_GHA_ENABLED: false
2026-07-18T07:41:26.0000000Z   SCCACHE_CACHE_SIZE: 20G
2026-07-18T07:41:26.0000000Z   RUSTC_WRAPPER: sccache
2026-07-18T07:41:26.0000000Z   MISE_CACHE_DIR: /opt/mise/cache
2026-07-18T07:41:26.0000000Z   MISE_CONFIG_DIR: /opt/mise/config
2026-07-18T07:41:26.0000000Z   MISE_DATA_DIR: /opt/mise
2026-07-18T07:41:26.0000000Z   MISE_TRUSTED_CONFIG_PATHS: /__w
2026-07-18T07:41:26.0000000Z   FIXTURE_PACKAGE: app-b
2026-07-18T07:41:26.0000000Z ##[endgroup]
2026-07-18T07:41:26.0000000Z [32mCache paths live on Velnor host-persistent storage (always warm); nothing to save for key 'fixture-Velnor-Linux-5750502252cf2c526d78a0e52ccba8a519c58a347cd50cf7273e2ac0f2691436'[0m
2026-07-18T07:41:26.0000000Z ##[group]Post Run mozilla-actions/sccache-action@1583d6b38d7be47f593cb472781bbb21cab4321e
2026-07-18T07:41:26.0000000Z with:
2026-07-18T07:41:26.0000000Z   disable_annotations: false
2026-07-18T07:41:26.0000000Z   version: v0.16.0
2026-07-18T07:41:26.0000000Z env:
2026-07-18T07:41:26.0000000Z   SCCACHE_GHA_ENABLED: false
2026-07-18T07:41:26.0000000Z   SCCACHE_CACHE_SIZE: 20G
2026-07-18T07:41:26.0000000Z   RUSTC_WRAPPER: sccache
2026-07-18T07:41:26.0000000Z   MISE_CACHE_DIR: /opt/mise/cache
2026-07-18T07:41:26.0000000Z   MISE_CONFIG_DIR: /opt/mise/config
2026-07-18T07:41:26.0000000Z   MISE_DATA_DIR: /opt/mise
2026-07-18T07:41:26.0000000Z   MISE_TRUSTED_CONFIG_PATHS: /__w
2026-07-18T07:41:26.0000000Z   FIXTURE_PACKAGE: app-b
2026-07-18T07:41:26.0000000Z ##[endgroup]
2026-07-18T07:41:26.0000000Z Compile requests                      17
2026-07-18T07:41:26.0000000Z Compile requests executed              2
2026-07-18T07:41:26.0000000Z Cache hits                             2
2026-07-18T07:41:26.0000000Z Cache hits (Rust)                      2
2026-07-18T07:41:26.0000000Z Cache misses                           0
2026-07-18T07:41:26.0000000Z Cache hits rate                   100.00 %
2026-07-18T07:41:26.0000000Z Cache hits rate (Rust)            100.00 %
2026-07-18T07:41:26.0000000Z Cache timeouts                         0
2026-07-18T07:41:26.0000000Z Cache read errors                      0
2026-07-18T07:41:26.0000000Z Forced recaches                        0
2026-07-18T07:41:26.0000000Z Cache write errors                     0
2026-07-18T07:41:26.0000000Z Cache errors                           0
2026-07-18T07:41:26.0000000Z Compilations                           0
2026-07-18T07:41:26.0000000Z Compilation failures                   0
2026-07-18T07:41:26.0000000Z Non-cacheable compilations             0
2026-07-18T07:41:26.0000000Z Non-cacheable calls                   15
2026-07-18T07:41:26.0000000Z Non-compilation calls                  0
2026-07-18T07:41:26.0000000Z Unsupported compiler calls             0
2026-07-18T07:41:26.0000000Z Average cache write                0.000 s
2026-07-18T07:41:26.0000000Z Average compiler                   0.000 s
2026-07-18T07:41:26.0000000Z Average cache read hit             0.005 s
2026-07-18T07:41:26.0000000Z Failed distributed compilations        0
2026-07-18T07:41:26.0000000Z 
2026-07-18T07:41:26.0000000Z Non-cacheable reasons:
2026-07-18T07:41:26.0000000Z -                                      5
2026-07-18T07:41:26.0000000Z missing input                          4
2026-07-18T07:41:26.0000000Z crate-type                             2
2026-07-18T07:41:26.0000000Z missing output_dir                     2
2026-07-18T07:41:26.0000000Z multiple input files                   2
2026-07-18T07:41:26.0000000Z 
2026-07-18T07:41:26.0000000Z Cache location                  Local disk: "/var/cache/sccache"
2026-07-18T07:41:26.0000000Z Base directories                /__w/, /github/home/
2026-07-18T07:41:26.0000000Z Use direct/preprocessor mode?   yes
2026-07-18T07:41:26.0000000Z Version (client)                0.16.0
2026-07-18T07:41:26.0000000Z Cache size                           905 MiB
2026-07-18T07:41:26.0000000Z Max cache size                        20 GiB
2026-07-18T07:41:26.0000000Z Stopping sccache server...
2026-07-18T07:41:26.0000000Z Compile requests                      17
2026-07-18T07:41:26.0000000Z Compile requests executed              2
2026-07-18T07:41:26.0000000Z Cache hits                             2
2026-07-18T07:41:26.0000000Z Cache hits (Rust)                      2
2026-07-18T07:41:26.0000000Z Cache misses                           0
2026-07-18T07:41:26.0000000Z Cache hits rate                   100.00 %
2026-07-18T07:41:26.0000000Z Cache hits rate (Rust)            100.00 %
2026-07-18T07:41:26.0000000Z Cache timeouts                         0
2026-07-18T07:41:26.0000000Z Cache read errors                      0
2026-07-18T07:41:26.0000000Z Forced recaches                        0
2026-07-18T07:41:26.0000000Z Cache write errors                     0
2026-07-18T07:41:26.0000000Z Cache errors                           0
2026-07-18T07:41:26.0000000Z Compilations                           0
2026-07-18T07:41:26.0000000Z Compilation failures                   0
2026-07-18T07:41:26.0000000Z Non-cacheable compilations             0
2026-07-18T07:41:26.0000000Z Non-cacheable calls                   15
2026-07-18T07:41:26.0000000Z Non-compilation calls                  0
2026-07-18T07:41:26.0000000Z Unsupported compiler calls             0
2026-07-18T07:41:26.0000000Z Average cache write                0.000 s
2026-07-18T07:41:26.0000000Z Average compiler                   0.000 s
2026-07-18T07:41:26.0000000Z Average cache read hit             0.005 s
2026-07-18T07:41:26.0000000Z Failed distributed compilations        0
2026-07-18T07:41:26.0000000Z 
2026-07-18T07:41:26.0000000Z Non-cacheable reasons:
2026-07-18T07:41:26.0000000Z -                                      5
2026-07-18T07:41:26.0000000Z missing input                          4
2026-07-18T07:41:26.0000000Z crate-type                             2
2026-07-18T07:41:26.0000000Z missing output_dir                     2
2026-07-18T07:41:26.0000000Z multiple input files                   2
2026-07-18T07:41:26.0000000Z 
2026-07-18T07:41:26.0000000Z Cache location                  Local disk: "/var/cache/sccache"
2026-07-18T07:41:26.0000000Z Base directories                /__w/, /github/home/
2026-07-18T07:41:26.0000000Z Use direct/preprocessor mode?   yes
2026-07-18T07:41:26.0000000Z Version (client)                0.16.0
2026-07-18T07:41:26.0000000Z Cache size                           905 MiB
2026-07-18T07:41:26.0000000Z Max cache size                        20 GiB
2026-07-18T07:41:26.4190201Z ##[group]Post Run actions/checkout@v6
2026-07-18T07:41:26.4190201Z [command]git -C /var/lib/velnor-fixture/work/slot-2/8a582fc6-c34e-587b-b749-75677086dc1c/workspace/. config --local --unset-all http.https://github.com/.extraheader
2026-07-18T07:41:26.4190201Z ##[endgroup]
2026-07-18T07:41:26.4190303Z ##[group]Post-job cleanup
2026-07-18T07:41:26.4190303Z Stop job container
2026-07-18T07:41:26.4190303Z Remove per-job network
2026-07-18T07:41:26.4190303Z Clean work directory
2026-07-18T07:41:26.4190303Z Recycle runner slot
2026-07-18T07:41:26.4190303Z ##[endgroup]

2026-07-18T07:41:10.9515424Z ##[group]Set up job
2026-07-18T07:41:10.9515424Z Current runner version: 'Velnor Runner/0.1.53 (protocol: 2.335.1)'
2026-07-18T07:41:10.9515424Z ##[group]Operating System
2026-07-18T07:41:10.9515424Z Ubuntu
2026-07-18T07:41:10.9515424Z 24.04.2
2026-07-18T07:41:10.9515424Z LTS
2026-07-18T07:41:10.9515424Z ##[endgroup]
2026-07-18T07:41:10.9515424Z ##[group]Runner Image
2026-07-18T07:41:10.9515424Z Image: velnor/job-ubuntu:26.04
2026-07-18T07:41:10.9515424Z ##[endgroup]
2026-07-18T07:41:10.9515424Z ##[group]GITHUB_TOKEN Permissions
2026-07-18T07:41:10.9515424Z   Actions: read
2026-07-18T07:41:10.9515424Z   Contents: read
2026-07-18T07:41:10.9515424Z   Metadata: read
2026-07-18T07:41:10.9515424Z ##[endgroup]
2026-07-18T07:41:10.9515424Z Secret source: Actions
2026-07-18T07:41:10.9515424Z Prepare workflow directory
2026-07-18T07:41:10.9515424Z ##[group]Prepare all required actions
2026-07-18T07:41:10.9515424Z Getting action download info
2026-07-18T07:41:10.9515424Z Download action repository 'actions/checkout@v6'
2026-07-18T07:41:10.9515424Z Download action repository 'mozilla-actions/sccache-action@1583d6b38d7be47f593cb472781bbb21cab4321e' (SHA:1583d6b38d7be47f593cb472781bbb21cab4321e)
2026-07-18T07:41:10.9515424Z Download action repository 'rui314/setup-mold@v1'
2026-07-18T07:41:10.9515424Z Download action repository 'jdx/mise-action@v4'
2026-07-18T07:41:10.9515424Z Download action repository 'actions/cache@55cc8345863c7cc4c66a329aec7e433d2d1c52a9' (SHA:55cc8345863c7cc4c66a329aec7e433d2d1c52a9)
2026-07-18T07:41:10.9515424Z Download action repository 'actions/upload-artifact@v7'
2026-07-18T07:41:10.9515424Z ##[endgroup]
2026-07-18T07:41:10.9515424Z Complete job name: compat (app-a, Velnor, self-hosted, velnor-target-mvp, true)
2026-07-18T07:41:10.9515424Z ##[endgroup]
2026-07-18T07:41:11.4283682Z ##[group]Run actions/checkout@v6
2026-07-18T07:41:11.4283682Z Syncing repository: https://github.com/tailrocks/velnor-actions-fixture.git
2026-07-18T07:41:11.4283682Z Setting up ref '1ef5d108eab61e103e09efd08e1afcd3078048ae'
2026-07-18T07:41:11.4283682Z Fetch depth: 1
2026-07-18T07:41:11.4283682Z Repository path: /var/lib/velnor-fixture/work/slot-1/7b12e35c-c57b-588c-bb16-537a462cdc9e/workspace/.
2026-07-18T07:41:11.4283682Z [command]git init /var/lib/velnor-fixture/work/slot-1/7b12e35c-c57b-588c-bb16-537a462cdc9e/workspace/.
2026-07-18T07:41:11.4283682Z Initialized empty Git repository in /var/lib/velnor-fixture/work/slot-1/7b12e35c-c57b-588c-bb16-537a462cdc9e/workspace/.git/
2026-07-18T07:41:11.4283682Z hint: Using 'master' as the name for the initial branch. This default branch name
2026-07-18T07:41:11.4283682Z hint: is subject to change. To configure the initial branch name to use in all
2026-07-18T07:41:11.4283682Z hint: of your new repositories, which will suppress this warning, call:
2026-07-18T07:41:11.4283682Z hint:
2026-07-18T07:41:11.4283682Z hint: 	git config --global init.defaultBranch <name>
2026-07-18T07:41:11.4283682Z hint:
2026-07-18T07:41:11.4283682Z hint: Names commonly chosen instead of 'master' are 'main', 'trunk' and
2026-07-18T07:41:11.4283682Z hint: 'development'. The just-created branch can be renamed via this command:
2026-07-18T07:41:11.4283682Z hint:
2026-07-18T07:41:11.4283682Z hint: 	git branch -m <name>
2026-07-18T07:41:11.4283682Z [command]git -C /var/lib/velnor-fixture/work/slot-1/7b12e35c-c57b-588c-bb16-537a462cdc9e/workspace/. remote remove origin
2026-07-18T07:41:11.4283682Z error: No such remote: 'origin'
2026-07-18T07:41:11.4283682Z [command]git -C /var/lib/velnor-fixture/work/slot-1/7b12e35c-c57b-588c-bb16-537a462cdc9e/workspace/. remote add origin https://github.com/tailrocks/velnor-actions-fixture.git
2026-07-18T07:41:11.4283682Z [command]git -C /var/lib/velnor-fixture/work/slot-1/7b12e35c-c57b-588c-bb16-537a462cdc9e/workspace/. -c protocol.version=2 fetch --prune --no-tags --depth=1 origin 1ef5d108eab61e103e09efd08e1afcd3078048ae
2026-07-18T07:41:11.4283682Z From /var/cache/velnor/v1/trusted/git-mirrors/tailrocks__velnor-actions-fixture
2026-07-18T07:41:11.4283682Z  * branch            1ef5d108eab61e103e09efd08e1afcd3078048ae -> FETCH_HEAD
2026-07-18T07:41:11.4283682Z [command]git -C /var/lib/velnor-fixture/work/slot-1/7b12e35c-c57b-588c-bb16-537a462cdc9e/workspace/. -c filter.lfs.smudge=git-lfs smudge --skip -- %f -c filter.lfs.process=git-lfs filter-process --skip -c filter.lfs.required=false checkout --force FETCH_HEAD
2026-07-18T07:41:11.4283682Z Note: switching to 'FETCH_HEAD'.
2026-07-18T07:41:11.4283682Z You are in 'detached HEAD' state. You can look around, make experimental
2026-07-18T07:41:11.4283682Z changes and commit them, and you can discard any commits you make in this
2026-07-18T07:41:11.4283682Z state without impacting any branches by switching back to a branch.
2026-07-18T07:41:11.4283682Z If you want to create a new branch to retain commits you create, you may
2026-07-18T07:41:11.4283682Z do so (now or later) by using -c with the switch command. Example:
2026-07-18T07:41:11.4283682Z   git switch -c <new-branch-name>
2026-07-18T07:41:11.4283682Z Or undo this operation with:
2026-07-18T07:41:11.4283682Z   git switch -
2026-07-18T07:41:11.4283682Z Turn off this advice by setting config variable advice.detachedHead to false
2026-07-18T07:41:11.4283682Z HEAD is now at 1ef5d10 Merge pull request #3 from tailrocks/velnor-estate-standard
2026-07-18T07:41:11.4283682Z [command]git -C /var/lib/velnor-fixture/work/slot-1/7b12e35c-c57b-588c-bb16-537a462cdc9e/workspace/. -c filter.lfs.smudge=git-lfs smudge --skip -- %f -c filter.lfs.process=git-lfs filter-process --skip -c filter.lfs.required=false reset --hard HEAD
2026-07-18T07:41:11.4283682Z HEAD is now at 1ef5d10 Merge pull request #3 from tailrocks/velnor-estate-standard
2026-07-18T07:41:11.4283682Z [command]git -C /var/lib/velnor-fixture/work/slot-1/7b12e35c-c57b-588c-bb16-537a462cdc9e/workspace/. clean -ffdx
2026-07-18T07:41:11.4283682Z [command]git -C /var/lib/velnor-fixture/work/slot-1/7b12e35c-c57b-588c-bb16-537a462cdc9e/workspace/. config --local http.https://github.com/.extraheader AUTHORIZATION: ***
2026-07-18T07:41:11.4283682Z Pinned 45 file and directory mtimes to the commit timestamp (stable cargo fingerprints across jobs)
2026-07-18T07:41:11.4283682Z Checkout completed successfully
2026-07-18T07:41:11.4283682Z ##[endgroup]
2026-07-18T07:41:11.0000000Z ##[group]Run mozilla-actions/sccache-action@1583d6b38d7be47f593cb472781bbb21cab4321e
2026-07-18T07:41:11.0000000Z with:
2026-07-18T07:41:11.0000000Z   disable_annotations: false
2026-07-18T07:41:11.0000000Z   version: v0.16.0
2026-07-18T07:41:11.0000000Z env:
2026-07-18T07:41:11.0000000Z   SCCACHE_GHA_ENABLED: false
2026-07-18T07:41:11.0000000Z   SCCACHE_CACHE_SIZE: 20G
2026-07-18T07:41:11.0000000Z   RUSTC_WRAPPER: sccache
2026-07-18T07:41:11.0000000Z ##[endgroup]
2026-07-18T07:41:11.0000000Z sccache 0.16.0
2026-07-18T07:41:11.0000000Z sccache: Starting the server...
2026-07-18T07:41:11.0000000Z sccache: Listening on address 127.0.0.1:4226
2026-07-18T07:41:11.0000000Z ##[group]Run rui314/setup-mold@v1
2026-07-18T07:41:11.0000000Z env:
2026-07-18T07:41:11.0000000Z   SCCACHE_GHA_ENABLED: false
2026-07-18T07:41:11.0000000Z   SCCACHE_CACHE_SIZE: 20G
2026-07-18T07:41:11.0000000Z   RUSTC_WRAPPER: sccache
2026-07-18T07:41:11.0000000Z ##[endgroup]
2026-07-18T07:41:11.0000000Z mold 2.40.4 (compatible with GNU ld)
2026-07-18T07:41:11.0000000Z ##[group]Run jdx/mise-action@v4
2026-07-18T07:41:11.0000000Z env:
2026-07-18T07:41:11.0000000Z   SCCACHE_GHA_ENABLED: false
2026-07-18T07:41:11.0000000Z   SCCACHE_CACHE_SIZE: 20G
2026-07-18T07:41:11.0000000Z   RUSTC_WRAPPER: sccache
2026-07-18T07:41:11.0000000Z ##[endgroup]
2026-07-18T07:41:11.0000000Z ##[group]mise install
2026-07-18T07:41:11.0000000Z ##[endgroup]
2026-07-18T07:41:11.0000000Z mise install completed, cargo: /root/.cargo/bin/cargo
2026-07-18T07:41:11.0000000Z 2026.7.7 linux-x64 (2026-07-15)
2026-07-18T07:41:11.0000000Z [2mmise[0m all tools are installed
2026-07-18T07:41:12.0000000Z ##[group]Run rustup component add rustfmt clippy
2026-07-18T07:41:12.0000000Z [36;1mrustup component add rustfmt clippy[0m
2026-07-18T07:41:12.0000000Z shell: bash --noprofile --norc -e -o pipefail {0}
2026-07-18T07:41:12.0000000Z env:
2026-07-18T07:41:12.0000000Z   SCCACHE_GHA_ENABLED: false
2026-07-18T07:41:12.0000000Z   SCCACHE_CACHE_SIZE: 20G
2026-07-18T07:41:12.0000000Z   RUSTC_WRAPPER: sccache
2026-07-18T07:41:12.0000000Z   MISE_CACHE_DIR: /opt/mise/cache
2026-07-18T07:41:12.0000000Z   MISE_CONFIG_DIR: /opt/mise/config
2026-07-18T07:41:12.0000000Z   MISE_DATA_DIR: /opt/mise
2026-07-18T07:41:12.0000000Z   MISE_TRUSTED_CONFIG_PATHS: /__w
2026-07-18T07:41:12.0000000Z ##[endgroup]
2026-07-18T07:41:12.0000000Z info: component rustfmt is up to date
2026-07-18T07:41:12.0000000Z info: component clippy is up to date
2026-07-18T07:41:12.0000000Z ##[group]Run actions/cache@55cc8345863c7cc4c66a329aec7e433d2d1c52a9
2026-07-18T07:41:12.0000000Z with:
2026-07-18T07:41:12.0000000Z   key: fixture-Velnor-Linux-5750502252cf2c526d78a0e52ccba8a519c58a347cd50cf7273e2ac0f2691436
2026-07-18T07:41:12.0000000Z   path: ~/.cargo/registry
~/.cargo/git

2026-07-18T07:41:12.0000000Z   restore-keys: fixture-Velnor-Linux-
2026-07-18T07:41:12.0000000Z env:
2026-07-18T07:41:12.0000000Z   SCCACHE_GHA_ENABLED: false
2026-07-18T07:41:12.0000000Z   SCCACHE_CACHE_SIZE: 20G
2026-07-18T07:41:12.0000000Z   RUSTC_WRAPPER: sccache
2026-07-18T07:41:12.0000000Z   MISE_CACHE_DIR: /opt/mise/cache
2026-07-18T07:41:12.0000000Z   MISE_CONFIG_DIR: /opt/mise/config
2026-07-18T07:41:12.0000000Z   MISE_DATA_DIR: /opt/mise
2026-07-18T07:41:12.0000000Z   MISE_TRUSTED_CONFIG_PATHS: /__w
2026-07-18T07:41:12.0000000Z ##[endgroup]
2026-07-18T07:41:12.0000000Z [32mCache paths live on Velnor host-persistent storage (always warm)[0m
2026-07-18T07:41:12.0000000Z [36mCache path: ~/.cargo/registry
2026-07-18T07:41:12.0000000Z ~/.cargo/git
2026-07-18T07:41:12.0000000Z [0m
2026-07-18T07:41:12.0000000Z ##[group]Run set -euo pipefail
2026-07-18T07:41:12.0000000Z [36;1mset -euo pipefail[0m
2026-07-18T07:41:12.0000000Z [36;1mversion="$(grep '^rust-version' "crates/app-a/Cargo.toml" | sed 's/.*= *"\(.*\)"/\1/' || echo 'stable')"[0m
2026-07-18T07:41:12.0000000Z [36;1mecho "version=${version:-stable}" >> "${GITHUB_OUTPUT}"[0m
2026-07-18T07:41:12.0000000Z shell: bash --noprofile --norc -e -o pipefail {0}
2026-07-18T07:41:12.0000000Z env:
2026-07-18T07:41:12.0000000Z   SCCACHE_GHA_ENABLED: false
2026-07-18T07:41:12.0000000Z   SCCACHE_CACHE_SIZE: 20G
2026-07-18T07:41:12.0000000Z   RUSTC_WRAPPER: sccache
2026-07-18T07:41:12.0000000Z   MISE_CACHE_DIR: /opt/mise/cache
2026-07-18T07:41:12.0000000Z   MISE_CONFIG_DIR: /opt/mise/config
2026-07-18T07:41:12.0000000Z   MISE_DATA_DIR: /opt/mise
2026-07-18T07:41:12.0000000Z   MISE_TRUSTED_CONFIG_PATHS: /__w
2026-07-18T07:41:12.0000000Z ##[endgroup]
2026-07-18T07:41:12.0000000Z ##[group]Run set -euo pipefail
2026-07-18T07:41:12.0000000Z [36;1mset -euo pipefail[0m
2026-07-18T07:41:12.0000000Z [36;1mecho "FIXTURE_PACKAGE=${PACKAGE}" >> "${GITHUB_ENV}"[0m
2026-07-18T07:41:12.0000000Z [36;1mecho "package=${PACKAGE}" >> "${GITHUB_OUTPUT}"[0m
2026-07-18T07:41:12.0000000Z [36;1mecho "lane=${LANE}" >> "${GITHUB_OUTPUT}"[0m
2026-07-18T07:41:12.0000000Z [36;1mecho "setup-state=complete" >> "${GITHUB_STATE}"[0m
2026-07-18T07:41:12.0000000Z [36;1m# Multiline heredoc output — matches ChainArgos bake-targets pattern[0m
2026-07-18T07:41:12.0000000Z [36;1mprintf 'packages<<EOF\n%s\n%s\nEOF\n' "app-a" "app-b" >> "${GITHUB_OUTPUT}"[0m
2026-07-18T07:41:12.0000000Z [36;1mmkdir -p "${HOME}/.local/bin"[0m
2026-07-18T07:41:12.0000000Z [36;1mprintf '%s\n' '#!/usr/bin/env bash' 'echo fixture-tool-ok' > "${HOME}/.local/bin/fixture-tool"[0m
2026-07-18T07:41:12.0000000Z [36;1mchmod +x "${HOME}/.local/bin/fixture-tool"[0m
2026-07-18T07:41:12.0000000Z [36;1mecho "${HOME}/.local/bin" >> "${GITHUB_PATH}"[0m
2026-07-18T07:41:12.0000000Z [36;1mecho "### ${LANE} ${PACKAGE}" >> "${GITHUB_STEP_SUMMARY}"[0m
2026-07-18T07:41:12.0000000Z shell: bash --noprofile --norc -e -o pipefail {0}
2026-07-18T07:41:12.0000000Z env:
2026-07-18T07:41:12.0000000Z   SCCACHE_GHA_ENABLED: false
2026-07-18T07:41:12.0000000Z   SCCACHE_CACHE_SIZE: 20G
2026-07-18T07:41:12.0000000Z   RUSTC_WRAPPER: sccache
2026-07-18T07:41:12.0000000Z   MISE_CACHE_DIR: /opt/mise/cache
2026-07-18T07:41:12.0000000Z   MISE_CONFIG_DIR: /opt/mise/config
2026-07-18T07:41:12.0000000Z   MISE_DATA_DIR: /opt/mise
2026-07-18T07:41:12.0000000Z   MISE_TRUSTED_CONFIG_PATHS: /__w
2026-07-18T07:41:12.0000000Z   PACKAGE: app-a
2026-07-18T07:41:12.0000000Z   LANE: Velnor
2026-07-18T07:41:12.0000000Z ##[endgroup]
2026-07-18T07:41:12.0000000Z ##[group]Run just fmt-check
2026-07-18T07:41:12.0000000Z [36;1mjust fmt-check[0m
2026-07-18T07:41:12.0000000Z shell: bash --noprofile --norc -e -o pipefail {0}
2026-07-18T07:41:12.0000000Z env:
2026-07-18T07:41:12.0000000Z   SCCACHE_GHA_ENABLED: false
2026-07-18T07:41:12.0000000Z   SCCACHE_CACHE_SIZE: 20G
2026-07-18T07:41:12.0000000Z   RUSTC_WRAPPER: sccache
2026-07-18T07:41:12.0000000Z   MISE_CACHE_DIR: /opt/mise/cache
2026-07-18T07:41:12.0000000Z   MISE_CONFIG_DIR: /opt/mise/config
2026-07-18T07:41:12.0000000Z   MISE_DATA_DIR: /opt/mise
2026-07-18T07:41:12.0000000Z   MISE_TRUSTED_CONFIG_PATHS: /__w
2026-07-18T07:41:12.0000000Z   FIXTURE_PACKAGE: app-a
2026-07-18T07:41:12.0000000Z ##[endgroup]
2026-07-18T07:41:12.0000000Z cargo fmt --check
2026-07-18T07:41:13.0000000Z ##[group]Run just clippy "app-a"
2026-07-18T07:41:13.0000000Z [36;1mjust clippy "app-a"[0m
2026-07-18T07:41:13.0000000Z shell: bash --noprofile --norc -e -o pipefail {0}
2026-07-18T07:41:13.0000000Z env:
2026-07-18T07:41:13.0000000Z   SCCACHE_GHA_ENABLED: false
2026-07-18T07:41:13.0000000Z   SCCACHE_CACHE_SIZE: 20G
2026-07-18T07:41:13.0000000Z   RUSTC_WRAPPER: sccache
2026-07-18T07:41:13.0000000Z   MISE_CACHE_DIR: /opt/mise/cache
2026-07-18T07:41:13.0000000Z   MISE_CONFIG_DIR: /opt/mise/config
2026-07-18T07:41:13.0000000Z   MISE_DATA_DIR: /opt/mise
2026-07-18T07:41:13.0000000Z   MISE_TRUSTED_CONFIG_PATHS: /__w
2026-07-18T07:41:13.0000000Z   FIXTURE_PACKAGE: app-a
2026-07-18T07:41:13.0000000Z ##[endgroup]
2026-07-18T07:41:13.0000000Z cargo clippy -p "app-a" -- -D warnings
2026-07-18T07:41:13.0000000Z     Checking shared v0.1.0 (/__w/crates/shared)
2026-07-18T07:41:13.0000000Z     Checking app-a v0.1.0 (/__w/crates/app-a)
2026-07-18T07:41:13.0000000Z     Finished `dev` profile [unoptimized + debuginfo] target(s) in 0.29s
2026-07-18T07:41:13.0000000Z ##[group]Run just test "app-a"
2026-07-18T07:41:13.0000000Z [36;1mjust test "app-a"[0m
2026-07-18T07:41:13.0000000Z shell: bash --noprofile --norc -e -o pipefail {0}
2026-07-18T07:41:13.0000000Z env:
2026-07-18T07:41:13.0000000Z   SCCACHE_GHA_ENABLED: false
2026-07-18T07:41:13.0000000Z   SCCACHE_CACHE_SIZE: 20G
2026-07-18T07:41:13.0000000Z   RUSTC_WRAPPER: sccache
2026-07-18T07:41:13.0000000Z   MISE_CACHE_DIR: /opt/mise/cache
2026-07-18T07:41:13.0000000Z   MISE_CONFIG_DIR: /opt/mise/config
2026-07-18T07:41:13.0000000Z   MISE_DATA_DIR: /opt/mise
2026-07-18T07:41:13.0000000Z   MISE_TRUSTED_CONFIG_PATHS: /__w
2026-07-18T07:41:13.0000000Z   FIXTURE_PACKAGE: app-a
2026-07-18T07:41:13.0000000Z ##[endgroup]
2026-07-18T07:41:13.0000000Z 
2026-07-18T07:41:13.0000000Z running 1 test
2026-07-18T07:41:13.0000000Z test tests::prints_expected_label ... ok
2026-07-18T07:41:13.0000000Z 
2026-07-18T07:41:13.0000000Z test result: ok. 1 passed; 0 failed; 0 ignored; 0 measured; 0 filtered out; finished in 0.00s
2026-07-18T07:41:13.0000000Z 
2026-07-18T07:41:13.0000000Z cargo test -p "app-a"
2026-07-18T07:41:13.0000000Z    Compiling shared v0.1.0 (/__w/crates/shared)
2026-07-18T07:41:13.0000000Z    Compiling app-a v0.1.0 (/__w/crates/app-a)
2026-07-18T07:41:13.0000000Z     Finished `test` profile [unoptimized + debuginfo] target(s) in 0.36s
2026-07-18T07:41:13.0000000Z      Running unittests src/main.rs (target/debug/deps/app_a-45376ca33a9e338d)
2026-07-18T07:41:13.0000000Z ##[group]Run just nextest "app-a"
2026-07-18T07:41:13.0000000Z [36;1mjust nextest "app-a"[0m
2026-07-18T07:41:13.0000000Z shell: bash --noprofile --norc -e -o pipefail {0}
2026-07-18T07:41:13.0000000Z env:
2026-07-18T07:41:13.0000000Z   SCCACHE_GHA_ENABLED: false
2026-07-18T07:41:13.0000000Z   SCCACHE_CACHE_SIZE: 20G
2026-07-18T07:41:13.0000000Z   RUSTC_WRAPPER: sccache
2026-07-18T07:41:13.0000000Z   MISE_CACHE_DIR: /opt/mise/cache
2026-07-18T07:41:13.0000000Z   MISE_CONFIG_DIR: /opt/mise/config
2026-07-18T07:41:13.0000000Z   MISE_DATA_DIR: /opt/mise
2026-07-18T07:41:13.0000000Z   MISE_TRUSTED_CONFIG_PATHS: /__w
2026-07-18T07:41:13.0000000Z   FIXTURE_PACKAGE: app-a
2026-07-18T07:41:13.0000000Z ##[endgroup]
2026-07-18T07:41:13.0000000Z cargo nextest run -p "app-a"
2026-07-18T07:41:13.0000000Z     Finished `test` profile [unoptimized + debuginfo] target(s) in 0.00s
2026-07-18T07:41:13.0000000Z ────────────
2026-07-18T07:41:13.0000000Z  Nextest run ID ea771ac8-6ef3-4554-b7ee-f8cd3d57902a with nextest profile: default
2026-07-18T07:41:13.0000000Z     Starting 1 test across 1 binary
2026-07-18T07:41:13.0000000Z         PASS [   0.011s] (1/1) app-a::bin/app-a tests::prints_expected_label
2026-07-18T07:41:13.0000000Z ────────────
2026-07-18T07:41:13.0000000Z      Summary [   0.012s] 1 test run: 1 passed, 0 skipped
2026-07-18T07:41:22.0000000Z ##[group]Check MSRV
2026-07-18T07:41:22.0000000Z [36;1mcargo check -p "app-a" --locked[0m
2026-07-18T07:41:22.0000000Z shell: bash --noprofile --norc -e -o pipefail {0}
2026-07-18T07:41:22.0000000Z env:
2026-07-18T07:41:22.0000000Z   SCCACHE_GHA_ENABLED: false
2026-07-18T07:41:22.0000000Z   SCCACHE_CACHE_SIZE: 20G
2026-07-18T07:41:22.0000000Z   RUSTC_WRAPPER: sccache
2026-07-18T07:41:22.0000000Z   MISE_CACHE_DIR: /opt/mise/cache
2026-07-18T07:41:22.0000000Z   MISE_CONFIG_DIR: /opt/mise/config
2026-07-18T07:41:22.0000000Z   MISE_DATA_DIR: /opt/mise
2026-07-18T07:41:22.0000000Z   MISE_TRUSTED_CONFIG_PATHS: /__w
2026-07-18T07:41:22.0000000Z   FIXTURE_PACKAGE: app-a
2026-07-18T07:41:22.0000000Z   RUSTUP_TOOLCHAIN: stable
2026-07-18T07:41:22.0000000Z ##[endgroup]
2026-07-18T07:41:22.0000000Z info: syncing channel updates for stable-x86_64-unknown-linux-gnu
2026-07-18T07:41:22.0000000Z info: latest update on 2026-07-16 for version 1.97.1 (8bab26f4f 2026-07-14)
2026-07-18T07:41:22.0000000Z info: downloading 6 components
2026-07-18T07:41:22.0000000Z     Checking shared v0.1.0 (/__w/crates/shared)
2026-07-18T07:41:22.0000000Z     Checking app-a v0.1.0 (/__w/crates/app-a)
2026-07-18T07:41:22.0000000Z     Finished `dev` profile [unoptimized + debuginfo] target(s) in 0.15s
2026-07-18T07:41:22.0000000Z ##[group]Run ./.github/actions/check-fixture-output
2026-07-18T07:41:22.0000000Z with:
2026-07-18T07:41:22.0000000Z   package: app-a
2026-07-18T07:41:22.0000000Z env:
2026-07-18T07:41:22.0000000Z   SCCACHE_GHA_ENABLED: false
2026-07-18T07:41:22.0000000Z   SCCACHE_CACHE_SIZE: 20G
2026-07-18T07:41:22.0000000Z   RUSTC_WRAPPER: sccache
2026-07-18T07:41:22.0000000Z   MISE_CACHE_DIR: /opt/mise/cache
2026-07-18T07:41:22.0000000Z   MISE_CONFIG_DIR: /opt/mise/config
2026-07-18T07:41:22.0000000Z   MISE_DATA_DIR: /opt/mise
2026-07-18T07:41:22.0000000Z   MISE_TRUSTED_CONFIG_PATHS: /__w
2026-07-18T07:41:22.0000000Z   FIXTURE_PACKAGE: app-a
2026-07-18T07:41:22.0000000Z ##[endgroup]
2026-07-18T07:41:22.0000000Z ##[group]Run set -euo pipefail
2026-07-18T07:41:22.0000000Z [36;1mset -euo pipefail[0m
2026-07-18T07:41:22.0000000Z [36;1mtest "app-a" = "${FIXTURE_PACKAGE}"[0m
2026-07-18T07:41:22.0000000Z [36;1mtest "$(fixture-tool)" = "fixture-tool-ok"[0m
2026-07-18T07:41:22.0000000Z [36;1mecho "checked=true" >> "${GITHUB_OUTPUT}"[0m
2026-07-18T07:41:22.0000000Z shell: bash --noprofile --norc -e -o pipefail {0}
2026-07-18T07:41:22.0000000Z env:
2026-07-18T07:41:22.0000000Z   SCCACHE_GHA_ENABLED: false
2026-07-18T07:41:22.0000000Z   SCCACHE_CACHE_SIZE: 20G
2026-07-18T07:41:22.0000000Z   RUSTC_WRAPPER: sccache
2026-07-18T07:41:22.0000000Z   MISE_CACHE_DIR: /opt/mise/cache
2026-07-18T07:41:22.0000000Z   MISE_CONFIG_DIR: /opt/mise/config
2026-07-18T07:41:22.0000000Z   MISE_DATA_DIR: /opt/mise
2026-07-18T07:41:22.0000000Z   MISE_TRUSTED_CONFIG_PATHS: /__w
2026-07-18T07:41:22.0000000Z   FIXTURE_PACKAGE: app-a
2026-07-18T07:41:22.0000000Z   GITHUB_ACTION_PATH: /__w/.github/actions/check-fixture-output
2026-07-18T07:41:22.0000000Z ##[endgroup]
2026-07-18T07:41:22.0000000Z ##[group]Run python3 .github/scripts/write-result.py "app-a" "Velnor" "out/result.json"
2026-07-18T07:41:22.0000000Z [36;1mpython3 .github/scripts/write-result.py "app-a" "Velnor" "out/result.json"[0m
2026-07-18T07:41:22.0000000Z shell: bash --noprofile --norc -e -o pipefail {0}
2026-07-18T07:41:22.0000000Z env:
2026-07-18T07:41:22.0000000Z   SCCACHE_GHA_ENABLED: false
2026-07-18T07:41:22.0000000Z   SCCACHE_CACHE_SIZE: 20G
2026-07-18T07:41:22.0000000Z   RUSTC_WRAPPER: sccache
2026-07-18T07:41:22.0000000Z   MISE_CACHE_DIR: /opt/mise/cache
2026-07-18T07:41:22.0000000Z   MISE_CONFIG_DIR: /opt/mise/config
2026-07-18T07:41:22.0000000Z   MISE_DATA_DIR: /opt/mise
2026-07-18T07:41:22.0000000Z   MISE_TRUSTED_CONFIG_PATHS: /__w
2026-07-18T07:41:22.0000000Z   FIXTURE_PACKAGE: app-a
2026-07-18T07:41:22.0000000Z ##[endgroup]
2026-07-18T07:41:23.0000000Z ##[group]Run actions/upload-artifact@v7
2026-07-18T07:41:23.0000000Z with:
2026-07-18T07:41:23.0000000Z   name: result-Velnor-app-a
2026-07-18T07:41:23.0000000Z   path: out/result.json
2026-07-18T07:41:23.0000000Z env:
2026-07-18T07:41:23.0000000Z   SCCACHE_GHA_ENABLED: false
2026-07-18T07:41:23.0000000Z   SCCACHE_CACHE_SIZE: 20G
2026-07-18T07:41:23.0000000Z   RUSTC_WRAPPER: sccache
2026-07-18T07:41:23.0000000Z   MISE_CACHE_DIR: /opt/mise/cache
2026-07-18T07:41:23.0000000Z   MISE_CONFIG_DIR: /opt/mise/config
2026-07-18T07:41:23.0000000Z   MISE_DATA_DIR: /opt/mise
2026-07-18T07:41:23.0000000Z   MISE_TRUSTED_CONFIG_PATHS: /__w
2026-07-18T07:41:23.0000000Z   FIXTURE_PACKAGE: app-a
2026-07-18T07:41:23.0000000Z ##[endgroup]
2026-07-18T07:41:23.0000000Z Uploaded artifact 'result-Velnor-app-a' with 1 path(s)
2026-07-18T07:41:23.0000000Z ##[group]Post Run actions/cache@55cc8345863c7cc4c66a329aec7e433d2d1c52a9
2026-07-18T07:41:23.0000000Z with:
2026-07-18T07:41:23.0000000Z   key: fixture-Velnor-Linux-5750502252cf2c526d78a0e52ccba8a519c58a347cd50cf7273e2ac0f2691436
2026-07-18T07:41:23.0000000Z   path: ~/.cargo/registry
~/.cargo/git

2026-07-18T07:41:23.0000000Z   restore-keys: fixture-Velnor-Linux-
2026-07-18T07:41:23.0000000Z env:
2026-07-18T07:41:23.0000000Z   SCCACHE_GHA_ENABLED: false
2026-07-18T07:41:23.0000000Z   SCCACHE_CACHE_SIZE: 20G
2026-07-18T07:41:23.0000000Z   RUSTC_WRAPPER: sccache
2026-07-18T07:41:23.0000000Z   MISE_CACHE_DIR: /opt/mise/cache
2026-07-18T07:41:23.0000000Z   MISE_CONFIG_DIR: /opt/mise/config
2026-07-18T07:41:23.0000000Z   MISE_DATA_DIR: /opt/mise
2026-07-18T07:41:23.0000000Z   MISE_TRUSTED_CONFIG_PATHS: /__w
2026-07-18T07:41:23.0000000Z   FIXTURE_PACKAGE: app-a
2026-07-18T07:41:23.0000000Z ##[endgroup]
2026-07-18T07:41:23.0000000Z [32mCache paths live on Velnor host-persistent storage (always warm); nothing to save for key 'fixture-Velnor-Linux-5750502252cf2c526d78a0e52ccba8a519c58a347cd50cf7273e2ac0f2691436'[0m
2026-07-18T07:41:23.0000000Z ##[group]Post Run mozilla-actions/sccache-action@1583d6b38d7be47f593cb472781bbb21cab4321e
2026-07-18T07:41:23.0000000Z with:
2026-07-18T07:41:23.0000000Z   disable_annotations: false
2026-07-18T07:41:23.0000000Z   version: v0.16.0
2026-07-18T07:41:23.0000000Z env:
2026-07-18T07:41:23.0000000Z   SCCACHE_GHA_ENABLED: false
2026-07-18T07:41:23.0000000Z   SCCACHE_CACHE_SIZE: 20G
2026-07-18T07:41:23.0000000Z   RUSTC_WRAPPER: sccache
2026-07-18T07:41:23.0000000Z   MISE_CACHE_DIR: /opt/mise/cache
2026-07-18T07:41:23.0000000Z   MISE_CONFIG_DIR: /opt/mise/config
2026-07-18T07:41:23.0000000Z   MISE_DATA_DIR: /opt/mise
2026-07-18T07:41:23.0000000Z   MISE_TRUSTED_CONFIG_PATHS: /__w
2026-07-18T07:41:23.0000000Z   FIXTURE_PACKAGE: app-a
2026-07-18T07:41:23.0000000Z ##[endgroup]
2026-07-18T07:41:23.0000000Z Compile requests                      17
2026-07-18T07:41:23.0000000Z Compile requests executed              2
2026-07-18T07:41:23.0000000Z Cache hits                             2
2026-07-18T07:41:23.0000000Z Cache hits (Rust)                      2
2026-07-18T07:41:23.0000000Z Cache misses                           0
2026-07-18T07:41:23.0000000Z Cache hits rate                   100.00 %
2026-07-18T07:41:23.0000000Z Cache hits rate (Rust)            100.00 %
2026-07-18T07:41:23.0000000Z Cache timeouts                         0
2026-07-18T07:41:23.0000000Z Cache read errors                      0
2026-07-18T07:41:23.0000000Z Forced recaches                        0
2026-07-18T07:41:23.0000000Z Cache write errors                     0
2026-07-18T07:41:23.0000000Z Cache errors                           0
2026-07-18T07:41:23.0000000Z Compilations                           0
2026-07-18T07:41:23.0000000Z Compilation failures                   0
2026-07-18T07:41:23.0000000Z Non-cacheable compilations             0
2026-07-18T07:41:23.0000000Z Non-cacheable calls                   15
2026-07-18T07:41:23.0000000Z Non-compilation calls                  0
2026-07-18T07:41:23.0000000Z Unsupported compiler calls             0
2026-07-18T07:41:23.0000000Z Average cache write                0.000 s
2026-07-18T07:41:23.0000000Z Average compiler                   0.000 s
2026-07-18T07:41:23.0000000Z Average cache read hit             0.012 s
2026-07-18T07:41:23.0000000Z Failed distributed compilations        0
2026-07-18T07:41:23.0000000Z 
2026-07-18T07:41:23.0000000Z Non-cacheable reasons:
2026-07-18T07:41:23.0000000Z -                                      5
2026-07-18T07:41:23.0000000Z missing input                          4
2026-07-18T07:41:23.0000000Z crate-type                             2
2026-07-18T07:41:23.0000000Z missing output_dir                     2
2026-07-18T07:41:23.0000000Z multiple input files                   2
2026-07-18T07:41:23.0000000Z 
2026-07-18T07:41:23.0000000Z Cache location                  Local disk: "/var/cache/sccache"
2026-07-18T07:41:23.0000000Z Base directories                /__w/, /github/home/
2026-07-18T07:41:23.0000000Z Use direct/preprocessor mode?   yes
2026-07-18T07:41:23.0000000Z Version (client)                0.16.0
2026-07-18T07:41:23.0000000Z Cache size                           905 MiB
2026-07-18T07:41:23.0000000Z Max cache size                        20 GiB
2026-07-18T07:41:23.0000000Z Stopping sccache server...
2026-07-18T07:41:23.0000000Z Compile requests                      17
2026-07-18T07:41:23.0000000Z Compile requests executed              2
2026-07-18T07:41:23.0000000Z Cache hits                             2
2026-07-18T07:41:23.0000000Z Cache hits (Rust)                      2
2026-07-18T07:41:23.0000000Z Cache misses                           0
2026-07-18T07:41:23.0000000Z Cache hits rate                   100.00 %
2026-07-18T07:41:23.0000000Z Cache hits rate (Rust)            100.00 %
2026-07-18T07:41:23.0000000Z Cache timeouts                         0
2026-07-18T07:41:23.0000000Z Cache read errors                      0
2026-07-18T07:41:23.0000000Z Forced recaches                        0
2026-07-18T07:41:23.0000000Z Cache write errors                     0
2026-07-18T07:41:23.0000000Z Cache errors                           0
2026-07-18T07:41:23.0000000Z Compilations                           0
2026-07-18T07:41:23.0000000Z Compilation failures                   0
2026-07-18T07:41:23.0000000Z Non-cacheable compilations             0
2026-07-18T07:41:23.0000000Z Non-cacheable calls                   15
2026-07-18T07:41:23.0000000Z Non-compilation calls                  0
2026-07-18T07:41:23.0000000Z Unsupported compiler calls             0
2026-07-18T07:41:23.0000000Z Average cache write                0.000 s
2026-07-18T07:41:23.0000000Z Average compiler                   0.000 s
2026-07-18T07:41:23.0000000Z Average cache read hit             0.012 s
2026-07-18T07:41:23.0000000Z Failed distributed compilations        0
2026-07-18T07:41:23.0000000Z 
2026-07-18T07:41:23.0000000Z Non-cacheable reasons:
2026-07-18T07:41:23.0000000Z -                                      5
2026-07-18T07:41:23.0000000Z missing input                          4
2026-07-18T07:41:23.0000000Z crate-type                             2
2026-07-18T07:41:23.0000000Z missing output_dir                     2
2026-07-18T07:41:23.0000000Z multiple input files                   2
2026-07-18T07:41:23.0000000Z 
2026-07-18T07:41:23.0000000Z Cache location                  Local disk: "/var/cache/sccache"
2026-07-18T07:41:23.0000000Z Base directories                /__w/, /github/home/
2026-07-18T07:41:23.0000000Z Use direct/preprocessor mode?   yes
2026-07-18T07:41:23.0000000Z Version (client)                0.16.0
2026-07-18T07:41:23.0000000Z Cache size                           905 MiB
2026-07-18T07:41:23.0000000Z Max cache size                        20 GiB
2026-07-18T07:41:23.9976013Z ##[group]Post Run actions/checkout@v6
2026-07-18T07:41:23.9976013Z [command]git -C /var/lib/velnor-fixture/work/slot-1/7b12e35c-c57b-588c-bb16-537a462cdc9e/workspace/. config --local --unset-all http.https://github.com/.extraheader
2026-07-18T07:41:23.9976013Z ##[endgroup]
2026-07-18T07:41:23.9976050Z ##[group]Post-job cleanup
2026-07-18T07:41:23.9976050Z Stop job container
2026-07-18T07:41:23.9976050Z Remove per-job network
2026-07-18T07:41:23.9976050Z Clean work directory
2026-07-18T07:41:23.9976050Z Recycle runner slot
2026-07-18T07:41:23.9976050Z ##[endgroup]

2026-07-18T07:40:55.5552896Z ##[group]Set up job
2026-07-18T07:40:55.5552896Z Current runner version: 'Velnor Runner/0.1.53 (protocol: 2.335.1)'
2026-07-18T07:40:55.5552896Z ##[group]Operating System
2026-07-18T07:40:55.5552896Z Ubuntu
2026-07-18T07:40:55.5552896Z 24.04.2
2026-07-18T07:40:55.5552896Z LTS
2026-07-18T07:40:55.5552896Z ##[endgroup]
2026-07-18T07:40:55.5552896Z ##[group]Runner Image
2026-07-18T07:40:55.5552896Z Image: velnor/job-ubuntu:26.04
2026-07-18T07:40:55.5552896Z ##[endgroup]
2026-07-18T07:40:55.5552896Z ##[group]GITHUB_TOKEN Permissions
2026-07-18T07:40:55.5552896Z   Actions: read
2026-07-18T07:40:55.5552896Z   Contents: read
2026-07-18T07:40:55.5552896Z   Metadata: read
2026-07-18T07:40:55.5552896Z ##[endgroup]
2026-07-18T07:40:55.5552896Z Secret source: Actions
2026-07-18T07:40:55.5552896Z Prepare workflow directory
2026-07-18T07:40:55.5552896Z ##[group]Prepare all required actions
2026-07-18T07:40:55.5552896Z Getting action download info
2026-07-18T07:40:55.5552896Z Download action repository 'actions/checkout@v6'
2026-07-18T07:40:55.5552896Z Download action repository 'jdx/mise-action@v4'
2026-07-18T07:40:55.5552896Z ##[endgroup]
2026-07-18T07:40:55.5552896Z Complete job name: Cache off (Velnor)
2026-07-18T07:40:55.5552896Z ##[endgroup]
2026-07-18T07:40:55.9744121Z ##[group]Run actions/checkout@v6
2026-07-18T07:40:55.9744121Z Syncing repository: https://github.com/tailrocks/velnor-actions-fixture.git
2026-07-18T07:40:55.9744121Z Setting up ref '1ef5d108eab61e103e09efd08e1afcd3078048ae'
2026-07-18T07:40:55.9744121Z Fetch depth: 1
2026-07-18T07:40:55.9744121Z Repository path: /var/lib/velnor-fixture/work/slot-2/65f2689f-295d-5124-90dd-5117bc3088f8/workspace/.
2026-07-18T07:40:55.9744121Z [command]git init /var/lib/velnor-fixture/work/slot-2/65f2689f-295d-5124-90dd-5117bc3088f8/workspace/.
2026-07-18T07:40:55.9744121Z Initialized empty Git repository in /var/lib/velnor-fixture/work/slot-2/65f2689f-295d-5124-90dd-5117bc3088f8/workspace/.git/
2026-07-18T07:40:55.9744121Z hint: Using 'master' as the name for the initial branch. This default branch name
2026-07-18T07:40:55.9744121Z hint: is subject to change. To configure the initial branch name to use in all
2026-07-18T07:40:55.9744121Z hint: of your new repositories, which will suppress this warning, call:
2026-07-18T07:40:55.9744121Z hint:
2026-07-18T07:40:55.9744121Z hint: 	git config --global init.defaultBranch <name>
2026-07-18T07:40:55.9744121Z hint:
2026-07-18T07:40:55.9744121Z hint: Names commonly chosen instead of 'master' are 'main', 'trunk' and
2026-07-18T07:40:55.9744121Z hint: 'development'. The just-created branch can be renamed via this command:
2026-07-18T07:40:55.9744121Z hint:
2026-07-18T07:40:55.9744121Z hint: 	git branch -m <name>
2026-07-18T07:40:55.9744121Z [command]git -C /var/lib/velnor-fixture/work/slot-2/65f2689f-295d-5124-90dd-5117bc3088f8/workspace/. remote remove origin
2026-07-18T07:40:55.9744121Z error: No such remote: 'origin'
2026-07-18T07:40:55.9744121Z [command]git -C /var/lib/velnor-fixture/work/slot-2/65f2689f-295d-5124-90dd-5117bc3088f8/workspace/. remote add origin https://github.com/tailrocks/velnor-actions-fixture.git
2026-07-18T07:40:55.9744121Z [command]git -C /var/lib/velnor-fixture/work/slot-2/65f2689f-295d-5124-90dd-5117bc3088f8/workspace/. -c protocol.version=2 fetch --prune --no-tags --depth=1 origin 1ef5d108eab61e103e09efd08e1afcd3078048ae
2026-07-18T07:40:55.9744121Z From /var/cache/velnor/v1/trusted/git-mirrors/tailrocks__velnor-actions-fixture
2026-07-18T07:40:55.9744121Z  * branch            1ef5d108eab61e103e09efd08e1afcd3078048ae -> FETCH_HEAD
2026-07-18T07:40:55.9744121Z [command]git -C /var/lib/velnor-fixture/work/slot-2/65f2689f-295d-5124-90dd-5117bc3088f8/workspace/. -c filter.lfs.smudge=git-lfs smudge --skip -- %f -c filter.lfs.process=git-lfs filter-process --skip -c filter.lfs.required=false checkout --force FETCH_HEAD
2026-07-18T07:40:55.9744121Z Note: switching to 'FETCH_HEAD'.
2026-07-18T07:40:55.9744121Z You are in 'detached HEAD' state. You can look around, make experimental
2026-07-18T07:40:55.9744121Z changes and commit them, and you can discard any commits you make in this
2026-07-18T07:40:55.9744121Z state without impacting any branches by switching back to a branch.
2026-07-18T07:40:55.9744121Z If you want to create a new branch to retain commits you create, you may
2026-07-18T07:40:55.9744121Z do so (now or later) by using -c with the switch command. Example:
2026-07-18T07:40:55.9744121Z   git switch -c <new-branch-name>
2026-07-18T07:40:55.9744121Z Or undo this operation with:
2026-07-18T07:40:55.9744121Z   git switch -
2026-07-18T07:40:55.9744121Z Turn off this advice by setting config variable advice.detachedHead to false
2026-07-18T07:40:55.9744121Z HEAD is now at 1ef5d10 Merge pull request #3 from tailrocks/velnor-estate-standard
2026-07-18T07:40:55.9744121Z [command]git -C /var/lib/velnor-fixture/work/slot-2/65f2689f-295d-5124-90dd-5117bc3088f8/workspace/. -c filter.lfs.smudge=git-lfs smudge --skip -- %f -c filter.lfs.process=git-lfs filter-process --skip -c filter.lfs.required=false reset --hard HEAD
2026-07-18T07:40:55.9744121Z HEAD is now at 1ef5d10 Merge pull request #3 from tailrocks/velnor-estate-standard
2026-07-18T07:40:55.9744121Z [command]git -C /var/lib/velnor-fixture/work/slot-2/65f2689f-295d-5124-90dd-5117bc3088f8/workspace/. clean -ffdx
2026-07-18T07:40:55.9744121Z [command]git -C /var/lib/velnor-fixture/work/slot-2/65f2689f-295d-5124-90dd-5117bc3088f8/workspace/. config --local http.https://github.com/.extraheader AUTHORIZATION: ***
2026-07-18T07:40:55.9744121Z Pinned 45 file and directory mtimes to the commit timestamp (stable cargo fingerprints across jobs)
2026-07-18T07:40:55.9744121Z Checkout completed successfully
2026-07-18T07:40:55.9744121Z ##[endgroup]
2026-07-18T07:40:56.0000000Z ##[group]Run jdx/mise-action@v4
2026-07-18T07:40:56.0000000Z ##[endgroup]
2026-07-18T07:40:56.0000000Z ##[group]mise install
2026-07-18T07:40:56.0000000Z ##[endgroup]
2026-07-18T07:40:56.0000000Z mise install completed, cargo: /root/.cargo/bin/cargo
2026-07-18T07:40:56.0000000Z 2026.7.7 linux-x64 (2026-07-15)
2026-07-18T07:40:56.0000000Z [2mmise[0m all tools are installed
2026-07-18T07:40:56.0000000Z ##[group]Run test -z "${RUSTC_WRAPPER:-}"
2026-07-18T07:40:56.0000000Z [36;1mtest -z "${RUSTC_WRAPPER:-}"[0m
2026-07-18T07:40:56.0000000Z shell: bash --noprofile --norc -e -o pipefail {0}
2026-07-18T07:40:56.0000000Z env:
2026-07-18T07:40:56.0000000Z   MISE_CACHE_DIR: /opt/mise/cache
2026-07-18T07:40:56.0000000Z   MISE_CONFIG_DIR: /opt/mise/config
2026-07-18T07:40:56.0000000Z   MISE_DATA_DIR: /opt/mise
2026-07-18T07:40:56.0000000Z   MISE_TRUSTED_CONFIG_PATHS: /__w
2026-07-18T07:40:56.0000000Z ##[endgroup]
2026-07-18T07:40:56.0000000Z ##[group]Run cargo check -p app-a --locked
2026-07-18T07:40:56.0000000Z [36;1mcargo check -p app-a --locked[0m
2026-07-18T07:40:56.0000000Z shell: bash --noprofile --norc -e -o pipefail {0}
2026-07-18T07:40:56.0000000Z env:
2026-07-18T07:40:56.0000000Z   MISE_CACHE_DIR: /opt/mise/cache
2026-07-18T07:40:56.0000000Z   MISE_CONFIG_DIR: /opt/mise/config
2026-07-18T07:40:56.0000000Z   MISE_DATA_DIR: /opt/mise
2026-07-18T07:40:56.0000000Z   MISE_TRUSTED_CONFIG_PATHS: /__w
2026-07-18T07:40:56.0000000Z ##[endgroup]
2026-07-18T07:40:56.0000000Z     Checking shared v0.1.0 (/__w/crates/shared)
2026-07-18T07:40:56.0000000Z     Checking app-a v0.1.0 (/__w/crates/app-a)
2026-07-18T07:40:56.0000000Z     Finished `dev` profile [unoptimized + debuginfo] target(s) in 0.17s
2026-07-18T07:40:56.9571483Z ##[group]Post Run actions/checkout@v6
2026-07-18T07:40:56.9571483Z [command]git -C /var/lib/velnor-fixture/work/slot-2/65f2689f-295d-5124-90dd-5117bc3088f8/workspace/. config --local --unset-all http.https://github.com/.extraheader
2026-07-18T07:40:56.9571483Z ##[endgroup]
2026-07-18T07:40:56.9571638Z ##[group]Post-job cleanup
2026-07-18T07:40:56.9571638Z Stop job container
2026-07-18T07:40:56.9571638Z Remove per-job network
2026-07-18T07:40:56.9571638Z Clean work directory
2026-07-18T07:40:56.9571638Z Recycle runner slot
2026-07-18T07:40:56.9571638Z ##[endgroup]

2026-07-18T07:40:34.9603238Z ##[group]Set up job
2026-07-18T07:40:34.9603238Z Current runner version: 'Velnor Runner/0.1.53 (protocol: 2.335.1)'
2026-07-18T07:40:34.9603238Z ##[group]Operating System
2026-07-18T07:40:34.9603238Z Ubuntu
2026-07-18T07:40:34.9603238Z 24.04.2
2026-07-18T07:40:34.9603238Z LTS
2026-07-18T07:40:34.9603238Z ##[endgroup]
2026-07-18T07:40:34.9603238Z ##[group]Runner Image
2026-07-18T07:40:34.9603238Z Image: velnor/job-ubuntu:26.04
2026-07-18T07:40:34.9603238Z ##[endgroup]
2026-07-18T07:40:34.9603238Z ##[group]GITHUB_TOKEN Permissions
2026-07-18T07:40:34.9603238Z   Actions: read
2026-07-18T07:40:34.9603238Z   Contents: read
2026-07-18T07:40:34.9603238Z   Metadata: read
2026-07-18T07:40:34.9603238Z ##[endgroup]
2026-07-18T07:40:34.9603238Z Secret source: Actions
2026-07-18T07:40:34.9603238Z Prepare workflow directory
2026-07-18T07:40:34.9603238Z Complete job name: Postgres service (Velnor)
2026-07-18T07:40:34.9603238Z ##[endgroup]
2026-07-18T07:40:49.3306672Z ##[group]Initialize containers
2026-07-18T07:40:49.3306672Z Initialized 1 service container(s) on the runner-owned job network.
2026-07-18T07:40:49.3306672Z ##[endgroup]
2026-07-18T07:40:55.0000000Z ##[group]Run apt-get update && apt-get install -y --no-install-recommends postgresql-client
2026-07-18T07:40:55.0000000Z [36;1mapt-get update && apt-get install -y --no-install-recommends postgresql-client[0m
2026-07-18T07:40:55.0000000Z shell: bash --noprofile --norc -e -o pipefail {0}
2026-07-18T07:40:55.0000000Z ##[endgroup]
2026-07-18T07:40:55.0000000Z Get:1 http://archive.ubuntu.com/ubuntu resolute InRelease [136 kB]
2026-07-18T07:40:55.0000000Z Get:2 http://security.ubuntu.com/ubuntu resolute-security InRelease [137 kB]
2026-07-18T07:40:55.0000000Z Get:3 http://archive.ubuntu.com/ubuntu resolute-updates InRelease [137 kB]
2026-07-18T07:40:55.0000000Z Get:4 http://security.ubuntu.com/ubuntu resolute-security/universe amd64 Packages [170 kB]
2026-07-18T07:40:55.0000000Z Get:5 http://archive.ubuntu.com/ubuntu resolute-backports InRelease [136 kB]
2026-07-18T07:40:55.0000000Z Get:6 http://security.ubuntu.com/ubuntu resolute-security/main amd64 Packages [361 kB]
2026-07-18T07:40:55.0000000Z Get:7 http://archive.ubuntu.com/ubuntu resolute/universe amd64 Packages [20.1 MB]
2026-07-18T07:40:55.0000000Z Get:8 http://security.ubuntu.com/ubuntu resolute-security/restricted amd64 Packages [303 kB]
2026-07-18T07:40:55.0000000Z Get:9 http://archive.ubuntu.com/ubuntu resolute/restricted amd64 Packages [189 kB]
2026-07-18T07:40:55.0000000Z Get:10 http://archive.ubuntu.com/ubuntu resolute/main amd64 Packages [1874 kB]
2026-07-18T07:40:55.0000000Z Get:11 http://archive.ubuntu.com/ubuntu resolute/multiverse amd64 Packages [352 kB]
2026-07-18T07:40:55.0000000Z Get:12 http://archive.ubuntu.com/ubuntu resolute-updates/main amd64 Packages [442 kB]
2026-07-18T07:40:55.0000000Z Get:13 http://archive.ubuntu.com/ubuntu resolute-updates/universe amd64 Packages [261 kB]
2026-07-18T07:40:55.0000000Z Get:14 http://archive.ubuntu.com/ubuntu resolute-updates/multiverse amd64 Packages [3584 B]
2026-07-18T07:40:55.0000000Z Get:15 http://archive.ubuntu.com/ubuntu resolute-updates/restricted amd64 Packages [316 kB]
2026-07-18T07:40:55.0000000Z Fetched 24.9 MB in 2s (11.2 MB/s)
2026-07-18T07:40:55.0000000Z Reading package lists...
2026-07-18T07:40:55.0000000Z Reading package lists...
2026-07-18T07:40:55.0000000Z Building dependency tree...
2026-07-18T07:40:55.0000000Z Reading state information...
2026-07-18T07:40:55.0000000Z Solving dependencies...
2026-07-18T07:40:55.0000000Z The following additional packages will be installed:
2026-07-18T07:40:55.0000000Z   libpq5 postgresql-client-18 postgresql-client-common
2026-07-18T07:40:55.0000000Z Suggested packages:
2026-07-18T07:40:55.0000000Z   libpq-oauth postgresql-18 postgresql-doc-18
2026-07-18T07:40:55.0000000Z The following NEW packages will be installed:
2026-07-18T07:40:55.0000000Z   libpq5 postgresql-client postgresql-client-18 postgresql-client-common
2026-07-18T07:40:55.0000000Z 0 upgraded, 4 newly installed, 0 to remove and 0 not upgraded.
2026-07-18T07:40:55.0000000Z Need to get 1622 kB of archives.
2026-07-18T07:40:55.0000000Z After this operation, 5504 kB of additional disk space will be used.
2026-07-18T07:40:55.0000000Z Get:1 http://archive.ubuntu.com/ubuntu resolute-updates/main amd64 libpq5 amd64 18.4-0ubuntu0.26.04.1 [159 kB]
2026-07-18T07:40:55.0000000Z Get:2 http://archive.ubuntu.com/ubuntu resolute/main amd64 postgresql-client-common all 290ubuntu1 [49.4 kB]
2026-07-18T07:40:55.0000000Z Get:3 http://archive.ubuntu.com/ubuntu resolute-updates/main amd64 postgresql-client-18 amd64 18.4-0ubuntu0.26.04.1 [1399 kB]
2026-07-18T07:40:55.0000000Z Get:4 http://archive.ubuntu.com/ubuntu resolute/main amd64 postgresql-client all 18+290ubuntu1 [15.2 kB]
2026-07-18T07:40:55.0000000Z Fetched 1622 kB in 0s (5503 kB/s)
2026-07-18T07:40:55.0000000Z Selecting previously unselected package libpq5:amd64.
2026-07-18T07:40:55.0000000Z (Reading database ... (Reading database ... 5%(Reading database ... 10%(Reading database ... 15%(Reading database ... 20%(Reading database ... 25%(Reading database ... 30%(Reading database ... 35%(Reading database ... 40%(Reading database ... 45%(Reading database ... 50%(Reading database ... 55%(Reading database ... 60%(Reading database ... 65%(Reading database ... 70%(Reading database ... 75%(Reading database ... 80%(Reading database ... 85%(Reading database ... 90%(Reading database ... 95%(Reading database ... 100%(Reading database ... 26301 files and directories currently installed.)
2026-07-18T07:40:55.0000000Z Preparing to unpack .../libpq5_18.4-0ubuntu0.26.04.1_amd64.deb ...
2026-07-18T07:40:55.0000000Z Unpacking libpq5:amd64 (18.4-0ubuntu0.26.04.1) ...
2026-07-18T07:40:55.0000000Z Selecting previously unselected package postgresql-client-common.
2026-07-18T07:40:55.0000000Z Preparing to unpack .../postgresql-client-common_290ubuntu1_all.deb ...
2026-07-18T07:40:55.0000000Z Unpacking postgresql-client-common (290ubuntu1) ...
2026-07-18T07:40:55.0000000Z Selecting previously unselected package postgresql-client-18.
2026-07-18T07:40:55.0000000Z Preparing to unpack .../postgresql-client-18_18.4-0ubuntu0.26.04.1_amd64.deb ...
2026-07-18T07:40:55.0000000Z Unpacking postgresql-client-18 (18.4-0ubuntu0.26.04.1) ...
2026-07-18T07:40:55.0000000Z Selecting previously unselected package postgresql-client.
2026-07-18T07:40:55.0000000Z Preparing to unpack .../postgresql-client_18+290ubuntu1_all.deb ...
2026-07-18T07:40:55.0000000Z Unpacking postgresql-client (18+290ubuntu1) ...
2026-07-18T07:40:55.0000000Z Setting up postgresql-client-common (290ubuntu1) ...
2026-07-18T07:40:55.0000000Z Setting up libpq5:amd64 (18.4-0ubuntu0.26.04.1) ...
2026-07-18T07:40:55.0000000Z Setting up postgresql-client-18 (18.4-0ubuntu0.26.04.1) ...
2026-07-18T07:40:55.0000000Z update-alternatives: using /usr/share/postgresql/18/man/man1/psql.1.gz to provide /usr/share/man/man1/psql.1.gz (psql.1.gz) in auto mode
2026-07-18T07:40:55.0000000Z Setting up postgresql-client (18+290ubuntu1) ...
2026-07-18T07:40:55.0000000Z Processing triggers for libc-bin (2.43-2ubuntu2) ...
2026-07-18T07:40:55.0000000Z debconf: unable to initialize frontend: Dialog
2026-07-18T07:40:55.0000000Z debconf: (TERM is not set, so the dialog frontend is not usable.)
2026-07-18T07:40:55.0000000Z debconf: falling back to frontend: Readline
2026-07-18T07:40:55.0000000Z debconf: unable to initialize frontend: Readline
2026-07-18T07:40:55.0000000Z debconf: (This frontend requires a controlling tty.)
2026-07-18T07:40:55.0000000Z debconf: falling back to frontend: Teletype
2026-07-18T07:40:55.0000000Z debconf: unable to initialize frontend: Teletype
2026-07-18T07:40:55.0000000Z debconf: (This frontend requires a controlling tty.)
2026-07-18T07:40:55.0000000Z debconf: falling back to frontend: Noninteractive
2026-07-18T07:40:55.0000000Z ##[group]Run test "$(psql -h postgres -U postgres -d fixture -Atc 'SELECT 41 + 1')" = 42
2026-07-18T07:40:55.0000000Z [36;1mtest "$(psql -h postgres -U postgres -d fixture -Atc 'SELECT 41 + 1')" = 42[0m
2026-07-18T07:40:55.0000000Z shell: bash --noprofile --norc -e -o pipefail {0}
2026-07-18T07:40:55.0000000Z env:
2026-07-18T07:40:55.0000000Z   PGPASSWORD: ***
2026-07-18T07:40:55.0000000Z ##[endgroup]
2026-07-18T07:40:56.1720495Z ##[group]Stop containers
2026-07-18T07:40:56.1720495Z Stopped 1 service container(s).
2026-07-18T07:40:56.1720495Z ##[endgroup]
2026-07-18T07:40:56.1720750Z ##[group]Post-job cleanup
2026-07-18T07:40:56.1720750Z Stop job container
2026-07-18T07:40:56.1720750Z Remove per-job network
2026-07-18T07:40:56.1720750Z Clean work directory
2026-07-18T07:40:56.1720750Z Recycle runner slot
2026-07-18T07:40:56.1720750Z ##[endgroup]

2026-07-18T07:40:34.9577527Z ##[group]Set up job
2026-07-18T07:40:34.9577527Z Current runner version: 'Velnor Runner/0.1.53 (protocol: 2.335.1)'
2026-07-18T07:40:34.9577527Z ##[group]Operating System
2026-07-18T07:40:34.9577527Z Ubuntu
2026-07-18T07:40:34.9577527Z 24.04.2
2026-07-18T07:40:34.9577527Z LTS
2026-07-18T07:40:34.9577527Z ##[endgroup]
2026-07-18T07:40:34.9577527Z ##[group]Runner Image
2026-07-18T07:40:34.9577527Z Image: velnor/job-ubuntu:26.04
2026-07-18T07:40:34.9577527Z ##[endgroup]
2026-07-18T07:40:34.9577527Z ##[group]GITHUB_TOKEN Permissions
2026-07-18T07:40:34.9577527Z   Actions: read
2026-07-18T07:40:34.9577527Z   Contents: read
2026-07-18T07:40:34.9577527Z   Metadata: read
2026-07-18T07:40:34.9577527Z ##[endgroup]
2026-07-18T07:40:34.9577527Z Secret source: Actions
2026-07-18T07:40:34.9577527Z Prepare workflow directory
2026-07-18T07:40:34.9577527Z ##[group]Prepare all required actions
2026-07-18T07:40:34.9577527Z Getting action download info
2026-07-18T07:40:34.9577527Z Download action repository 'actions/checkout@v6'
2026-07-18T07:40:34.9577527Z Download action repository 'mozilla-actions/sccache-action@1583d6b38d7be47f593cb472781bbb21cab4321e' (SHA:1583d6b38d7be47f593cb472781bbb21cab4321e)
2026-07-18T07:40:34.9577527Z Download action repository 'jdx/mise-action@v4'
2026-07-18T07:40:34.9577527Z ##[endgroup]
2026-07-18T07:40:34.9577527Z Complete job name: Cache sccache (Velnor)
2026-07-18T07:40:34.9577527Z ##[endgroup]
2026-07-18T07:40:35.4329852Z ##[group]Run actions/checkout@v6
2026-07-18T07:40:35.4329852Z Syncing repository: https://github.com/tailrocks/velnor-actions-fixture.git
2026-07-18T07:40:35.4329852Z Setting up ref '1ef5d108eab61e103e09efd08e1afcd3078048ae'
2026-07-18T07:40:35.4329852Z Fetch depth: 1
2026-07-18T07:40:35.4329852Z Repository path: /var/lib/velnor-fixture/work/slot-2/af53956d-59b9-5f6e-94ed-53be662e014a/workspace/.
2026-07-18T07:40:35.4329852Z [command]git init /var/lib/velnor-fixture/work/slot-2/af53956d-59b9-5f6e-94ed-53be662e014a/workspace/.
2026-07-18T07:40:35.4329852Z Initialized empty Git repository in /var/lib/velnor-fixture/work/slot-2/af53956d-59b9-5f6e-94ed-53be662e014a/workspace/.git/
2026-07-18T07:40:35.4329852Z hint: Using 'master' as the name for the initial branch. This default branch name
2026-07-18T07:40:35.4329852Z hint: is subject to change. To configure the initial branch name to use in all
2026-07-18T07:40:35.4329852Z hint: of your new repositories, which will suppress this warning, call:
2026-07-18T07:40:35.4329852Z hint:
2026-07-18T07:40:35.4329852Z hint: 	git config --global init.defaultBranch <name>
2026-07-18T07:40:35.4329852Z hint:
2026-07-18T07:40:35.4329852Z hint: Names commonly chosen instead of 'master' are 'main', 'trunk' and
2026-07-18T07:40:35.4329852Z hint: 'development'. The just-created branch can be renamed via this command:
2026-07-18T07:40:35.4329852Z hint:
2026-07-18T07:40:35.4329852Z hint: 	git branch -m <name>
2026-07-18T07:40:35.4329852Z [command]git -C /var/lib/velnor-fixture/work/slot-2/af53956d-59b9-5f6e-94ed-53be662e014a/workspace/. remote remove origin
2026-07-18T07:40:35.4329852Z error: No such remote: 'origin'
2026-07-18T07:40:35.4329852Z [command]git -C /var/lib/velnor-fixture/work/slot-2/af53956d-59b9-5f6e-94ed-53be662e014a/workspace/. remote add origin https://github.com/tailrocks/velnor-actions-fixture.git
2026-07-18T07:40:35.4329852Z [command]git -C /var/lib/velnor-fixture/work/slot-2/af53956d-59b9-5f6e-94ed-53be662e014a/workspace/. -c protocol.version=2 fetch --prune --no-tags --depth=1 origin 1ef5d108eab61e103e09efd08e1afcd3078048ae
2026-07-18T07:40:35.4329852Z From /var/cache/velnor/v1/trusted/git-mirrors/tailrocks__velnor-actions-fixture
2026-07-18T07:40:35.4329852Z  * branch            1ef5d108eab61e103e09efd08e1afcd3078048ae -> FETCH_HEAD
2026-07-18T07:40:35.4329852Z [command]git -C /var/lib/velnor-fixture/work/slot-2/af53956d-59b9-5f6e-94ed-53be662e014a/workspace/. -c filter.lfs.smudge=git-lfs smudge --skip -- %f -c filter.lfs.process=git-lfs filter-process --skip -c filter.lfs.required=false checkout --force FETCH_HEAD
2026-07-18T07:40:35.4329852Z Note: switching to 'FETCH_HEAD'.
2026-07-18T07:40:35.4329852Z You are in 'detached HEAD' state. You can look around, make experimental
2026-07-18T07:40:35.4329852Z changes and commit them, and you can discard any commits you make in this
2026-07-18T07:40:35.4329852Z state without impacting any branches by switching back to a branch.
2026-07-18T07:40:35.4329852Z If you want to create a new branch to retain commits you create, you may
2026-07-18T07:40:35.4329852Z do so (now or later) by using -c with the switch command. Example:
2026-07-18T07:40:35.4329852Z   git switch -c <new-branch-name>
2026-07-18T07:40:35.4329852Z Or undo this operation with:
2026-07-18T07:40:35.4329852Z   git switch -
2026-07-18T07:40:35.4329852Z Turn off this advice by setting config variable advice.detachedHead to false
2026-07-18T07:40:35.4329852Z HEAD is now at 1ef5d10 Merge pull request #3 from tailrocks/velnor-estate-standard
2026-07-18T07:40:35.4329852Z [command]git -C /var/lib/velnor-fixture/work/slot-2/af53956d-59b9-5f6e-94ed-53be662e014a/workspace/. -c filter.lfs.smudge=git-lfs smudge --skip -- %f -c filter.lfs.process=git-lfs filter-process --skip -c filter.lfs.required=false reset --hard HEAD
2026-07-18T07:40:35.4329852Z HEAD is now at 1ef5d10 Merge pull request #3 from tailrocks/velnor-estate-standard
2026-07-18T07:40:35.4329852Z [command]git -C /var/lib/velnor-fixture/work/slot-2/af53956d-59b9-5f6e-94ed-53be662e014a/workspace/. clean -ffdx
2026-07-18T07:40:35.4329852Z [command]git -C /var/lib/velnor-fixture/work/slot-2/af53956d-59b9-5f6e-94ed-53be662e014a/workspace/. config --local http.https://github.com/.extraheader AUTHORIZATION: ***
2026-07-18T07:40:35.4329852Z Pinned 45 file and directory mtimes to the commit timestamp (stable cargo fingerprints across jobs)
2026-07-18T07:40:35.4329852Z Checkout completed successfully
2026-07-18T07:40:35.4329852Z ##[endgroup]
2026-07-18T07:40:36.0000000Z ##[group]Run mozilla-actions/sccache-action@1583d6b38d7be47f593cb472781bbb21cab4321e
2026-07-18T07:40:36.0000000Z with:
2026-07-18T07:40:36.0000000Z   disable_annotations: false
2026-07-18T07:40:36.0000000Z   version: v0.16.0
2026-07-18T07:40:36.0000000Z env:
2026-07-18T07:40:36.0000000Z   RUSTC_WRAPPER: sccache
2026-07-18T07:40:36.0000000Z   SCCACHE_GHA_ENABLED: false
2026-07-18T07:40:36.0000000Z   SCCACHE_CACHE_SIZE: 20G
2026-07-18T07:40:36.0000000Z ##[endgroup]
2026-07-18T07:40:36.0000000Z sccache 0.16.0
2026-07-18T07:40:36.0000000Z sccache: Starting the server...
2026-07-18T07:40:36.0000000Z sccache: Listening on address 127.0.0.1:4226
2026-07-18T07:40:36.0000000Z ##[group]Run jdx/mise-action@v4
2026-07-18T07:40:36.0000000Z env:
2026-07-18T07:40:36.0000000Z   RUSTC_WRAPPER: sccache
2026-07-18T07:40:36.0000000Z   SCCACHE_GHA_ENABLED: false
2026-07-18T07:40:36.0000000Z   SCCACHE_CACHE_SIZE: 20G
2026-07-18T07:40:36.0000000Z ##[endgroup]
2026-07-18T07:40:36.0000000Z ##[group]mise install
2026-07-18T07:40:36.0000000Z ##[endgroup]
2026-07-18T07:40:36.0000000Z mise install completed, cargo: /root/.cargo/bin/cargo
2026-07-18T07:40:36.0000000Z 2026.7.7 linux-x64 (2026-07-15)
2026-07-18T07:40:36.0000000Z [2mmise[0m all tools are installed
2026-07-18T07:40:36.0000000Z ##[group]Run test "${RUSTC_WRAPPER:-}" = sccache
2026-07-18T07:40:36.0000000Z [36;1mtest "${RUSTC_WRAPPER:-}" = sccache[0m
2026-07-18T07:40:36.0000000Z shell: bash --noprofile --norc -e -o pipefail {0}
2026-07-18T07:40:36.0000000Z env:
2026-07-18T07:40:36.0000000Z   RUSTC_WRAPPER: sccache
2026-07-18T07:40:36.0000000Z   SCCACHE_GHA_ENABLED: false
2026-07-18T07:40:36.0000000Z   SCCACHE_CACHE_SIZE: 20G
2026-07-18T07:40:36.0000000Z   MISE_CACHE_DIR: /opt/mise/cache
2026-07-18T07:40:36.0000000Z   MISE_CONFIG_DIR: /opt/mise/config
2026-07-18T07:40:36.0000000Z   MISE_DATA_DIR: /opt/mise
2026-07-18T07:40:36.0000000Z   MISE_TRUSTED_CONFIG_PATHS: /__w
2026-07-18T07:40:36.0000000Z ##[endgroup]
2026-07-18T07:40:37.0000000Z ##[group]Run cargo check -p app-a --locked
2026-07-18T07:40:37.0000000Z [36;1mcargo check -p app-a --locked[0m
2026-07-18T07:40:37.0000000Z shell: bash --noprofile --norc -e -o pipefail {0}
2026-07-18T07:40:37.0000000Z env:
2026-07-18T07:40:37.0000000Z   RUSTC_WRAPPER: sccache
2026-07-18T07:40:37.0000000Z   SCCACHE_GHA_ENABLED: false
2026-07-18T07:40:37.0000000Z   SCCACHE_CACHE_SIZE: 20G
2026-07-18T07:40:37.0000000Z   MISE_CACHE_DIR: /opt/mise/cache
2026-07-18T07:40:37.0000000Z   MISE_CONFIG_DIR: /opt/mise/config
2026-07-18T07:40:37.0000000Z   MISE_DATA_DIR: /opt/mise
2026-07-18T07:40:37.0000000Z   MISE_TRUSTED_CONFIG_PATHS: /__w
2026-07-18T07:40:37.0000000Z ##[endgroup]
2026-07-18T07:40:37.0000000Z     Checking shared v0.1.0 (/__w/crates/shared)
2026-07-18T07:40:37.0000000Z     Checking app-a v0.1.0 (/__w/crates/app-a)
2026-07-18T07:40:37.0000000Z     Finished `dev` profile [unoptimized + debuginfo] target(s) in 0.19s
2026-07-18T07:40:37.0000000Z ##[group]Post Run mozilla-actions/sccache-action@1583d6b38d7be47f593cb472781bbb21cab4321e
2026-07-18T07:40:37.0000000Z with:
2026-07-18T07:40:37.0000000Z   disable_annotations: false
2026-07-18T07:40:37.0000000Z   version: v0.16.0
2026-07-18T07:40:37.0000000Z env:
2026-07-18T07:40:37.0000000Z   RUSTC_WRAPPER: sccache
2026-07-18T07:40:37.0000000Z   SCCACHE_GHA_ENABLED: false
2026-07-18T07:40:37.0000000Z   SCCACHE_CACHE_SIZE: 20G
2026-07-18T07:40:37.0000000Z   MISE_CACHE_DIR: /opt/mise/cache
2026-07-18T07:40:37.0000000Z   MISE_CONFIG_DIR: /opt/mise/config
2026-07-18T07:40:37.0000000Z   MISE_DATA_DIR: /opt/mise
2026-07-18T07:40:37.0000000Z   MISE_TRUSTED_CONFIG_PATHS: /__w
2026-07-18T07:40:37.0000000Z ##[endgroup]
2026-07-18T07:40:37.0000000Z Compile requests                       5
2026-07-18T07:40:37.0000000Z Compile requests executed              1
2026-07-18T07:40:37.0000000Z Cache hits                             1
2026-07-18T07:40:37.0000000Z Cache hits (Rust)                      1
2026-07-18T07:40:37.0000000Z Cache misses                           0
2026-07-18T07:40:37.0000000Z Cache hits rate                   100.00 %
2026-07-18T07:40:37.0000000Z Cache hits rate (Rust)            100.00 %
2026-07-18T07:40:37.0000000Z Cache timeouts                         0
2026-07-18T07:40:37.0000000Z Cache read errors                      0
2026-07-18T07:40:37.0000000Z Forced recaches                        0
2026-07-18T07:40:37.0000000Z Cache write errors                     0
2026-07-18T07:40:37.0000000Z Cache errors                           0
2026-07-18T07:40:37.0000000Z Compilations                           0
2026-07-18T07:40:37.0000000Z Compilation failures                   0
2026-07-18T07:40:37.0000000Z Non-cacheable compilations             0
2026-07-18T07:40:37.0000000Z Non-cacheable calls                    4
2026-07-18T07:40:37.0000000Z Non-compilation calls                  0
2026-07-18T07:40:37.0000000Z Unsupported compiler calls             0
2026-07-18T07:40:37.0000000Z Average cache write                0.000 s
2026-07-18T07:40:37.0000000Z Average compiler                   0.000 s
2026-07-18T07:40:37.0000000Z Average cache read hit             0.009 s
2026-07-18T07:40:37.0000000Z Failed distributed compilations        0
2026-07-18T07:40:37.0000000Z 
2026-07-18T07:40:37.0000000Z Non-cacheable reasons:
2026-07-18T07:40:37.0000000Z missing input                          2
2026-07-18T07:40:37.0000000Z -                                      1
2026-07-18T07:40:37.0000000Z crate-type                             1
2026-07-18T07:40:37.0000000Z 
2026-07-18T07:40:37.0000000Z Cache location                  Local disk: "/var/cache/sccache"
2026-07-18T07:40:37.0000000Z Base directories                /__w/, /github/home/
2026-07-18T07:40:37.0000000Z Use direct/preprocessor mode?   yes
2026-07-18T07:40:37.0000000Z Version (client)                0.16.0
2026-07-18T07:40:37.0000000Z Cache size                           905 MiB
2026-07-18T07:40:37.0000000Z Max cache size                        20 GiB
2026-07-18T07:40:37.0000000Z Stopping sccache server...
2026-07-18T07:40:37.0000000Z Compile requests                       5
2026-07-18T07:40:37.0000000Z Compile requests executed              1
2026-07-18T07:40:37.0000000Z Cache hits                             1
2026-07-18T07:40:37.0000000Z Cache hits (Rust)                      1
2026-07-18T07:40:37.0000000Z Cache misses                           0
2026-07-18T07:40:37.0000000Z Cache hits rate                   100.00 %
2026-07-18T07:40:37.0000000Z Cache hits rate (Rust)            100.00 %
2026-07-18T07:40:37.0000000Z Cache timeouts                         0
2026-07-18T07:40:37.0000000Z Cache read errors                      0
2026-07-18T07:40:37.0000000Z Forced recaches                        0
2026-07-18T07:40:37.0000000Z Cache write errors                     0
2026-07-18T07:40:37.0000000Z Cache errors                           0
2026-07-18T07:40:37.0000000Z Compilations                           0
2026-07-18T07:40:37.0000000Z Compilation failures                   0
2026-07-18T07:40:37.0000000Z Non-cacheable compilations             0
2026-07-18T07:40:37.0000000Z Non-cacheable calls                    4
2026-07-18T07:40:37.0000000Z Non-compilation calls                  0
2026-07-18T07:40:37.0000000Z Unsupported compiler calls             0
2026-07-18T07:40:37.0000000Z Average cache write                0.000 s
2026-07-18T07:40:37.0000000Z Average compiler                   0.000 s
2026-07-18T07:40:37.0000000Z Average cache read hit             0.009 s
2026-07-18T07:40:37.0000000Z Failed distributed compilations        0
2026-07-18T07:40:37.0000000Z 
2026-07-18T07:40:37.0000000Z Non-cacheable reasons:
2026-07-18T07:40:37.0000000Z missing input                          2
2026-07-18T07:40:37.0000000Z -                                      1
2026-07-18T07:40:37.0000000Z crate-type                             1
2026-07-18T07:40:37.0000000Z 
2026-07-18T07:40:37.0000000Z Cache location                  Local disk: "/var/cache/sccache"
2026-07-18T07:40:37.0000000Z Base directories                /__w/, /github/home/
2026-07-18T07:40:37.0000000Z Use direct/preprocessor mode?   yes
2026-07-18T07:40:37.0000000Z Version (client)                0.16.0
2026-07-18T07:40:37.0000000Z Cache size                           905 MiB
2026-07-18T07:40:37.0000000Z Max cache size                        20 GiB
2026-07-18T07:40:37.0933991Z ##[group]Post Run actions/checkout@v6
2026-07-18T07:40:37.0933991Z [command]git -C /var/lib/velnor-fixture/work/slot-2/af53956d-59b9-5f6e-94ed-53be662e014a/workspace/. config --local --unset-all http.https://github.com/.extraheader
2026-07-18T07:40:37.0933991Z ##[endgroup]
2026-07-18T07:40:37.0934031Z ##[group]Post-job cleanup
2026-07-18T07:40:37.0934031Z Stop job container
2026-07-18T07:40:37.0934031Z Remove per-job network
2026-07-18T07:40:37.0934031Z Clean work directory
2026-07-18T07:40:37.0934031Z Recycle runner slot
2026-07-18T07:40:37.0934031Z ##[endgroup]

