2026-06-11T10:41:20.2862743Z Current runner version: '2.334.0'
2026-06-11T10:41:20.2889333Z ##[group]Runner Image Provisioner
2026-06-11T10:41:20.2890229Z Hosted Compute Agent
2026-06-11T10:41:20.2890871Z Version: 20260527.539
2026-06-11T10:41:20.2891609Z Commit: a891dd388383b896fa6ac04a82c0b75cec981078
2026-06-11T10:41:20.2892394Z Build Date: 2026-05-27T21:39:57Z
2026-06-11T10:41:20.2893094Z Worker ID: {30656a43-693f-425e-a25c-ae6e30ccf605}
2026-06-11T10:41:20.2894309Z Azure Region: northcentralus
2026-06-11T10:41:20.2895016Z ##[endgroup]
2026-06-11T10:41:20.2896665Z ##[group]Operating System
2026-06-11T10:41:20.2897339Z Ubuntu
2026-06-11T10:41:20.2897820Z 24.04.4
2026-06-11T10:41:20.2898832Z LTS
2026-06-11T10:41:20.2899390Z ##[endgroup]
2026-06-11T10:41:20.2899992Z ##[group]Runner Image
2026-06-11T10:41:20.2900623Z Image: ubuntu-24.04
2026-06-11T10:41:20.2901201Z Version: 20260607.184.1
2026-06-11T10:41:20.2902569Z Included Software: https://github.com/actions/runner-images/blob/ubuntu24/20260607.184/images/ubuntu/Ubuntu2404-Readme.md
2026-06-11T10:41:20.2904605Z Image Release: https://github.com/actions/runner-images/releases/tag/ubuntu24%2F20260607.184
2026-06-11T10:41:20.2905653Z ##[endgroup]
2026-06-11T10:41:20.2906884Z ##[group]GITHUB_TOKEN Permissions
2026-06-11T10:41:20.2909178Z Actions: read
2026-06-11T10:41:20.2909793Z Contents: read
2026-06-11T10:41:20.2910441Z Metadata: read
2026-06-11T10:41:20.2911005Z ##[endgroup]
2026-06-11T10:41:20.2913259Z Secret source: Actions
2026-06-11T10:41:20.2914885Z Prepare workflow directory
2026-06-11T10:41:20.3441728Z Prepare all required actions
2026-06-11T10:41:20.3498790Z Getting action download info
2026-06-11T10:41:20.8707881Z Download action repository 'actions/checkout@v6' (SHA:df4cb1c069e1874edd31b4311f1884172cec0e10)
2026-06-11T10:41:21.1998536Z Download action repository 'mozilla-actions/sccache-action@v0.0.10' (SHA:9e7fa8a12102821edf02ca5dbea1acd0f89a2696)
2026-06-11T10:41:21.4419305Z Download action repository 'rui314/setup-mold@v1' (SHA:9c9c13bf4c3f1adef0cc596abc155580bcb04444)
2026-06-11T10:41:21.5779860Z Download action repository 'jdx/mise-action@v4' (SHA:dba19683ed58901619b14f395a24841710cb4925)
2026-06-11T10:41:22.0389050Z Download action repository 'Swatinem/rust-cache@v2' (SHA:e18b497796c12c097a38f9edb9d0641fb99eee32)
2026-06-11T10:41:22.5984978Z Download action repository 'actions/upload-artifact@v7' (SHA:043fb46d1a93c77aae656e7c1c64a875d1fc6a0a)
2026-06-11T10:41:22.8384519Z Complete job name: compat (app-b, github, "ubuntu-latest")
2026-06-11T10:41:22.9382473Z ##[group]Run actions/checkout@v6
2026-06-11T10:41:22.9383639Z with:
2026-06-11T10:41:22.9384669Z   repository: tailrocks/velnor-actions-fixture
2026-06-11T10:41:22.9395771Z   token: ***
2026-06-11T10:41:22.9396378Z   ssh-strict: true
2026-06-11T10:41:22.9396992Z   ssh-user: git
2026-06-11T10:41:22.9397628Z   persist-credentials: true
2026-06-11T10:41:22.9398332Z   clean: true
2026-06-11T10:41:22.9398977Z   sparse-checkout-cone-mode: true
2026-06-11T10:41:22.9399764Z   fetch-depth: 1
2026-06-11T10:41:22.9400377Z   fetch-tags: false
2026-06-11T10:41:22.9401035Z   show-progress: true
2026-06-11T10:41:22.9401679Z   lfs: false
2026-06-11T10:41:22.9402252Z   submodules: false
2026-06-11T10:41:22.9402898Z   set-safe-directory: true
2026-06-11T10:41:22.9404206Z env:
2026-06-11T10:41:22.9404799Z   SCCACHE_GHA_ENABLED: true
2026-06-11T10:41:22.9405527Z   RUSTC_WRAPPER: sccache
2026-06-11T10:41:22.9406205Z ##[endgroup]
2026-06-11T10:41:23.0433648Z Syncing repository: tailrocks/velnor-actions-fixture
2026-06-11T10:41:23.0436780Z ##[group]Getting Git version info
2026-06-11T10:41:23.0438358Z Working directory is '/home/runner/work/velnor-actions-fixture/velnor-actions-fixture'
2026-06-11T10:41:23.0440335Z [command]/usr/bin/git version
2026-06-11T10:41:23.0508185Z git version 2.54.0
2026-06-11T10:41:23.0566903Z ##[endgroup]
2026-06-11T10:41:23.0582375Z Temporarily overriding HOME='/home/runner/work/_temp/e0cc4f51-5b23-459e-b17f-8f4cc3ddc3f4' before making global git config changes
2026-06-11T10:41:23.0585345Z Adding repository directory to the temporary git global config as a safe directory
2026-06-11T10:41:23.0589142Z [command]/usr/bin/git config --global --add safe.directory /home/runner/work/velnor-actions-fixture/velnor-actions-fixture
2026-06-11T10:41:23.0643526Z Deleting the contents of '/home/runner/work/velnor-actions-fixture/velnor-actions-fixture'
2026-06-11T10:41:23.0648071Z ##[group]Determining repository object format
2026-06-11T10:41:23.0650255Z ##[endgroup]
2026-06-11T10:41:23.0651862Z ##[group]Initializing the repository
2026-06-11T10:41:23.0655807Z [command]/usr/bin/git init /home/runner/work/velnor-actions-fixture/velnor-actions-fixture
2026-06-11T10:41:23.0772611Z hint: Using 'master' as the name for the initial branch. This default branch name
2026-06-11T10:41:23.0774882Z hint: will change to "main" in Git 3.0. To configure the initial branch name
2026-06-11T10:41:23.0776554Z hint: to use in all of your new repositories, which will suppress this warning,
2026-06-11T10:41:23.0778547Z hint: call:
2026-06-11T10:41:23.0779133Z hint:
2026-06-11T10:41:23.0780008Z hint: 	git config --global init.defaultBranch <name>
2026-06-11T10:41:23.0780988Z hint:
2026-06-11T10:41:23.0781888Z hint: Names commonly chosen instead of 'master' are 'main', 'trunk' and
2026-06-11T10:41:23.0783457Z hint: 'development'. The just-created branch can be renamed via this command:
2026-06-11T10:41:23.0785142Z hint:
2026-06-11T10:41:23.0785776Z hint: 	git branch -m <name>
2026-06-11T10:41:23.0786467Z hint:
2026-06-11T10:41:23.0787489Z hint: Disable this message with "git config set advice.defaultBranchName false"
2026-06-11T10:41:23.0790089Z Initialized empty Git repository in /home/runner/work/velnor-actions-fixture/velnor-actions-fixture/.git/
2026-06-11T10:41:23.0794369Z [command]/usr/bin/git remote add origin https://github.com/tailrocks/velnor-actions-fixture
2026-06-11T10:41:23.0838560Z ##[endgroup]
2026-06-11T10:41:23.0840368Z ##[group]Disabling automatic garbage collection
2026-06-11T10:41:23.0842095Z [command]/usr/bin/git config --local gc.auto 0
2026-06-11T10:41:23.0872643Z ##[endgroup]
2026-06-11T10:41:23.0874888Z ##[group]Setting up auth
2026-06-11T10:41:23.0875776Z Removing SSH command configuration
2026-06-11T10:41:23.0881460Z [command]/usr/bin/git config --local --name-only --get-regexp core\.sshCommand
2026-06-11T10:41:23.0918689Z [command]/usr/bin/git submodule foreach --recursive sh -c "git config --local --name-only --get-regexp 'core\.sshCommand' && git config --local --unset-all 'core.sshCommand' || :"
2026-06-11T10:41:23.1271042Z Removing HTTP extra header
2026-06-11T10:41:23.1278251Z [command]/usr/bin/git config --local --name-only --get-regexp http\.https\:\/\/github\.com\/\.extraheader
2026-06-11T10:41:23.1314625Z [command]/usr/bin/git submodule foreach --recursive sh -c "git config --local --name-only --get-regexp 'http\.https\:\/\/github\.com\/\.extraheader' && git config --local --unset-all 'http.https://github.com/.extraheader' || :"
2026-06-11T10:41:23.1546225Z Removing includeIf entries pointing to credentials config files
2026-06-11T10:41:23.1548205Z [command]/usr/bin/git config --local --name-only --get-regexp ^includeIf\.gitdir:
2026-06-11T10:41:23.1581753Z [command]/usr/bin/git submodule foreach --recursive git config --local --show-origin --name-only --get-regexp remote.origin.url
2026-06-11T10:41:23.1816813Z [command]/usr/bin/git config --file /home/runner/work/_temp/git-credentials-e7d2336f-6e03-4e31-87e9-7f23115061ae.config http.https://github.com/.extraheader AUTHORIZATION: basic ***
2026-06-11T10:41:23.1858499Z [command]/usr/bin/git config --local includeIf.gitdir:/home/runner/work/velnor-actions-fixture/velnor-actions-fixture/.git.path /home/runner/work/_temp/git-credentials-e7d2336f-6e03-4e31-87e9-7f23115061ae.config
2026-06-11T10:41:23.1894844Z [command]/usr/bin/git config --local includeIf.gitdir:/home/runner/work/velnor-actions-fixture/velnor-actions-fixture/.git/worktrees/*.path /home/runner/work/_temp/git-credentials-e7d2336f-6e03-4e31-87e9-7f23115061ae.config
2026-06-11T10:41:23.1939887Z [command]/usr/bin/git config --local includeIf.gitdir:/github/workspace/.git.path /github/runner_temp/git-credentials-e7d2336f-6e03-4e31-87e9-7f23115061ae.config
2026-06-11T10:41:23.1976132Z [command]/usr/bin/git config --local includeIf.gitdir:/github/workspace/.git/worktrees/*.path /github/runner_temp/git-credentials-e7d2336f-6e03-4e31-87e9-7f23115061ae.config
2026-06-11T10:41:23.2004290Z ##[endgroup]
2026-06-11T10:41:23.2005506Z ##[group]Fetching the repository
2026-06-11T10:41:23.2014113Z [command]/usr/bin/git -c protocol.version=2 fetch --no-tags --prune --no-recurse-submodules --depth=1 origin +c49c39739cf9037067d8a218128ac2d684ef887d:refs/remotes/origin/main
2026-06-11T10:41:23.5407458Z From https://github.com/tailrocks/velnor-actions-fixture
2026-06-11T10:41:23.5409218Z  * [new ref]         c49c39739cf9037067d8a218128ac2d684ef887d -> origin/main
2026-06-11T10:41:23.5455251Z [command]/usr/bin/git branch --list --remote origin/main
2026-06-11T10:41:23.5484828Z   origin/main
2026-06-11T10:41:23.5493552Z [command]/usr/bin/git rev-parse refs/remotes/origin/main
2026-06-11T10:41:23.5518091Z c49c39739cf9037067d8a218128ac2d684ef887d
2026-06-11T10:41:23.5523069Z ##[endgroup]
2026-06-11T10:41:23.5524749Z ##[group]Determining the checkout info
2026-06-11T10:41:23.5526377Z ##[endgroup]
2026-06-11T10:41:23.5529452Z [command]/usr/bin/git sparse-checkout disable
2026-06-11T10:41:23.5577679Z [command]/usr/bin/git config --local --unset-all extensions.worktreeConfig
2026-06-11T10:41:23.5606653Z ##[group]Checking out the ref
2026-06-11T10:41:23.5610129Z [command]/usr/bin/git checkout --progress --force -B main refs/remotes/origin/main
2026-06-11T10:41:23.5681761Z Switched to a new branch 'main'
2026-06-11T10:41:23.5684774Z branch 'main' set up to track 'origin/main'.
2026-06-11T10:41:23.5691318Z ##[endgroup]
2026-06-11T10:41:23.5736615Z [command]/usr/bin/git log -1 --format=%H
2026-06-11T10:41:23.5762358Z c49c39739cf9037067d8a218128ac2d684ef887d
2026-06-11T10:41:23.6068464Z ##[group]Run mozilla-actions/sccache-action@v0.0.10
2026-06-11T10:41:23.6069445Z with:
2026-06-11T10:41:23.6079649Z   token: ***
2026-06-11T10:41:23.6080265Z   disable_annotations: false
2026-06-11T10:41:23.6080966Z env:
2026-06-11T10:41:23.6081514Z   SCCACHE_GHA_ENABLED: true
2026-06-11T10:41:23.6082223Z   RUSTC_WRAPPER: sccache
2026-06-11T10:41:23.6082876Z ##[endgroup]
2026-06-11T10:41:24.0005687Z try to setup sccache version: v0.15.0
2026-06-11T10:41:24.0022312Z sccache download from url: https://github.com/mozilla/sccache/releases/download/v0.15.0/sccache-v0.15.0-x86_64-unknown-linux-musl.tar.gz
2026-06-11T10:41:24.2442643Z Correct checksum: 782d2b5dd7ae0a55ebe368ab258114d0928d019ac2d949ab85d5d02f3926709e
2026-06-11T10:41:24.2552503Z [command]/usr/bin/tar xz --warning=no-unknown-keyword --overwrite -C /home/runner/work/_temp/b481d82c-f12c-4b9e-a349-27e06ccd5861 -f /home/runner/work/_temp/dd9875f4-9891-49fd-a6c6-f9a65e504794
2026-06-11T10:41:24.4293077Z sccache extracted to: /home/runner/work/_temp/b481d82c-f12c-4b9e-a349-27e06ccd5861
2026-06-11T10:41:24.4413405Z sccache cached to: /opt/hostedtoolcache/sccache/0.15.0/x64
2026-06-11T10:41:24.4607195Z ##[group]Run rui314/setup-mold@v1
2026-06-11T10:41:24.4607522Z with:
2026-06-11T10:41:24.4607728Z   mold-version: 2.41.0
2026-06-11T10:41:24.4607955Z   make-default: true
2026-06-11T10:41:24.4608167Z env:
2026-06-11T10:41:24.4608361Z   SCCACHE_GHA_ENABLED: true
2026-06-11T10:41:24.4608606Z   RUSTC_WRAPPER: sccache
2026-06-11T10:41:24.4608926Z   SCCACHE_PATH: /opt/hostedtoolcache/sccache/0.15.0/x64/sccache
2026-06-11T10:41:24.4609292Z   ACTIONS_CACHE_SERVICE_V2: on
2026-06-11T10:41:24.4609724Z   ACTIONS_RESULTS_URL: https://results-receiver.actions.githubusercontent.com/
2026-06-11T10:41:24.4652866Z   ACTIONS_RUNTIME_TOKEN: ***
2026-06-11T10:41:24.4653164Z ##[endgroup]
2026-06-11T10:41:24.4752976Z ##[group]Run set -x
2026-06-11T10:41:24.4753300Z [36;1mset -x[0m
2026-06-11T10:41:24.4753527Z [36;1mecho "mold 2.41.0"[0m
2026-06-11T10:41:24.4754131Z [36;1mif [ "$(whoami)" = root ]; then SUDO=; else SUDO=sudo; fi[0m
2026-06-11T10:41:24.4755312Z [36;1mwget -O- --timeout=10 --waitretry=3 --retry-connrefused --progress=dot:mega https://github.com/rui314/mold/releases/download/v2.41.0/mold-2.41.0-$(uname -m)-linux.tar.gz | $SUDO tar -C /usr/local --strip-components=1 --no-overwrite-dir -xzf -[0m
2026-06-11T10:41:24.4756905Z [36;1mtest true = true -a "$(realpath /usr/bin/ld)" != /usr/local/bin/mold && $SUDO ln -sf /usr/local/bin/mold "$(realpath /usr/bin/ld)"; true[0m
2026-06-11T10:41:24.4944923Z shell: /usr/bin/bash --noprofile --norc -e -o pipefail {0}
2026-06-11T10:41:24.4945381Z env:
2026-06-11T10:41:24.4945624Z   SCCACHE_GHA_ENABLED: true
2026-06-11T10:41:24.4945877Z   RUSTC_WRAPPER: sccache
2026-06-11T10:41:24.4946204Z   SCCACHE_PATH: /opt/hostedtoolcache/sccache/0.15.0/x64/sccache
2026-06-11T10:41:24.4946575Z   ACTIONS_CACHE_SERVICE_V2: on
2026-06-11T10:41:24.4947013Z   ACTIONS_RESULTS_URL: https://results-receiver.actions.githubusercontent.com/
2026-06-11T10:41:24.4989652Z   ACTIONS_RUNTIME_TOKEN: ***
2026-06-11T10:41:24.4989954Z ##[endgroup]
2026-06-11T10:41:24.5072749Z + echo 'mold 2.41.0'
2026-06-11T10:41:24.5073254Z mold 2.41.0
2026-06-11T10:41:24.5075544Z ++ whoami
2026-06-11T10:41:24.5194756Z + '[' runner = root ']'
2026-06-11T10:41:24.5195141Z + SUDO=sudo
2026-06-11T10:41:24.5202642Z + sudo tar -C /usr/local --strip-components=1 --no-overwrite-dir -xzf -
2026-06-11T10:41:24.5204449Z ++ uname -m
2026-06-11T10:41:24.5213967Z + wget -O- --timeout=10 --waitretry=3 --retry-connrefused --progress=dot:mega https://github.com/rui314/mold/releases/download/v2.41.0/mold-2.41.0-x86_64-linux.tar.gz
2026-06-11T10:41:24.5257260Z --2026-06-11 10:41:24--  https://github.com/rui314/mold/releases/download/v2.41.0/mold-2.41.0-x86_64-linux.tar.gz
2026-06-11T10:41:24.5523633Z Resolving github.com (github.com)... 140.82.113.3
2026-06-11T10:41:24.5686263Z Connecting to github.com (github.com)|140.82.113.3|:443... connected.
2026-06-11T10:41:24.6242082Z HTTP request sent, awaiting response... 302 Found
2026-06-11T10:41:24.6250170Z Location: https://release-assets.githubusercontent.com/github-production-release-asset/299510783/f4863e5d-1747-433e-8c26-b5a1c1950d2d?sp=r&sv=2018-11-09&sr=b&spr=https&se=2026-06-11T11%3A27%3A11Z&rscd=attachment%3B+filename%3Dmold-2.41.0-x86_64-linux.tar.gz&rsct=application%2Foctet-stream&skoid=96c2d410-5711-43a1-aedd-ab1947aa7ab0&sktid=398a6654-997b-47e9-b12b-9515b896b4de&skt=2026-06-11T10%3A26%3A52Z&ske=2026-06-11T11%3A27%3A11Z&sks=b&skv=2018-11-09&sig=LvQIcRHG36DbJYD45Sj%2BI7V3v5CRBIA%2B8Avtyd0dhJs%3D&jwt=*** [following]
2026-06-11T10:41:24.6257719Z --2026-06-11 10:41:24--  https://release-assets.githubusercontent.com/github-production-release-asset/299510783/f4863e5d-1747-433e-8c26-b5a1c1950d2d?sp=r&sv=2018-11-09&sr=b&spr=https&se=2026-06-11T11%3A27%3A11Z&rscd=attachment%3B+filename%3Dmold-2.41.0-x86_64-linux.tar.gz&rsct=application%2Foctet-stream&skoid=96c2d410-5711-43a1-aedd-ab1947aa7ab0&sktid=398a6654-997b-47e9-b12b-9515b896b4de&skt=2026-06-11T10%3A26%3A52Z&ske=2026-06-11T11%3A27%3A11Z&sks=b&skv=2018-11-09&sig=LvQIcRHG36DbJYD45Sj%2BI7V3v5CRBIA%2B8Avtyd0dhJs%3D&jwt=***
2026-06-11T10:41:24.6261647Z Resolving release-assets.githubusercontent.com (release-assets.githubusercontent.com)... 185.199.108.133, 185.199.109.133, 185.199.110.133, ...
2026-06-11T10:41:24.6279507Z Connecting to release-assets.githubusercontent.com (release-assets.githubusercontent.com)|185.199.108.133|:443... connected.
2026-06-11T10:41:24.6411937Z HTTP request sent, awaiting response... 200 OK
2026-06-11T10:41:24.6412723Z Length: 5119986 (4.9M) [application/octet-stream]
2026-06-11T10:41:24.6414235Z Saving to: ‘STDOUT’
2026-06-11T10:41:24.6430739Z 
2026-06-11T10:41:24.7158800Z      0K ........ ........ ........ ........ ........ ........ 61% 40.4M 0s
2026-06-11T10:41:24.7639286Z   3072K ........ ........ ........ ......                    100% 45.5M=0.1s
2026-06-11T10:41:24.7639853Z 
2026-06-11T10:41:24.7640177Z 2026-06-11 10:41:24 (42.2 MB/s) - written to stdout [5119986/5119986]
2026-06-11T10:41:24.7640633Z 
2026-06-11T10:41:24.7715912Z ++ realpath /usr/bin/ld
2026-06-11T10:41:24.7733270Z + test true = true -a /usr/bin/x86_64-linux-gnu-ld.bfd '!=' /usr/local/bin/mold
2026-06-11T10:41:24.7735191Z ++ realpath /usr/bin/ld
2026-06-11T10:41:24.7746573Z + sudo ln -sf /usr/local/bin/mold /usr/bin/x86_64-linux-gnu-ld.bfd
2026-06-11T10:41:24.7824384Z + true
2026-06-11T10:41:24.7959397Z ##[group]Run jdx/mise-action@v4
2026-06-11T10:41:24.7959706Z with:
2026-06-11T10:41:24.7959899Z   install: true
2026-06-11T10:41:24.7960095Z   cache: true
2026-06-11T10:41:24.7960286Z   cache_save: true
2026-06-11T10:41:24.7960497Z   cache_key_prefix: mise-v1
2026-06-11T10:41:24.7960734Z   experimental: false
2026-06-11T10:41:24.7960946Z   log_level: info
2026-06-11T10:41:24.7961144Z   reshim: false
2026-06-11T10:41:24.7961345Z   add_shims_to_path: true
2026-06-11T10:41:24.7992613Z   github_token: ***
2026-06-11T10:41:24.7993097Z   fetch_from_github: true
2026-06-11T10:41:24.7993498Z   env: true
2026-06-11T10:41:24.7994050Z   wings_enabled: false
2026-06-11T10:41:24.7994413Z env:
2026-06-11T10:41:24.7994641Z   SCCACHE_GHA_ENABLED: true
2026-06-11T10:41:24.7994885Z   RUSTC_WRAPPER: sccache
2026-06-11T10:41:24.7995218Z   SCCACHE_PATH: /opt/hostedtoolcache/sccache/0.15.0/x64/sccache
2026-06-11T10:41:24.7995607Z   ACTIONS_CACHE_SERVICE_V2: on
2026-06-11T10:41:24.7996067Z   ACTIONS_RESULTS_URL: https://results-receiver.actions.githubusercontent.com/
2026-06-11T10:41:24.8038735Z   ACTIONS_RUNTIME_TOKEN: ***
2026-06-11T10:41:24.8039028Z ##[endgroup]
2026-06-11T10:41:24.9302891Z ##[group]Restoring mise cache
2026-06-11T10:41:24.9340989Z [command]/usr/bin/ldd --version
2026-06-11T10:41:24.9388372Z ldd (Ubuntu GLIBC 2.39-0ubuntu8.7) 2.39
2026-06-11T10:41:24.9390605Z Copyright (C) 2024 Free Software Foundation, Inc.
2026-06-11T10:41:24.9391365Z This is free software; see the source for copying conditions.  There is NO
2026-06-11T10:41:24.9391953Z warranty; not even for MERCHANTABILITY or FITNESS FOR A PARTICULAR PURPOSE.
2026-06-11T10:41:24.9412752Z Written by Roland McGrath and Ulrich Drepper.
2026-06-11T10:41:25.1288529Z Cache hit for: mise-v1-linux-x64-ubuntu24-93c3d8f1643280b6400fe27b74a0aff170149ee9ae22e18c977c10fa143436dc
2026-06-11T10:41:25.8375384Z Received 40858735 of 40858735 (100.0%), 64.7 MBs/sec
2026-06-11T10:41:25.8375948Z Cache Size: ~39 MB (40858735 B)
2026-06-11T10:41:25.8403923Z [command]/usr/bin/tar -xf /home/runner/work/_temp/89a8c690-9b5a-46c7-9d40-d2588ea5bdf7/cache.tzst -P -C /home/runner/work/velnor-actions-fixture/velnor-actions-fixture --use-compress-program unzstd
2026-06-11T10:41:26.0480359Z Cache restored successfully
2026-06-11T10:41:26.0503442Z mise cache restored from key: mise-v1-linux-x64-ubuntu24-93c3d8f1643280b6400fe27b74a0aff170149ee9ae22e18c977c10fa143436dc
2026-06-11T10:41:26.0511890Z ##[group]Setting env vars
2026-06-11T10:41:26.0512615Z Setting MISE_LOG_LEVEL=info
2026-06-11T10:41:26.0520125Z Setting MISE_GITHUB_TOKEN=***
2026-06-11T10:41:26.0521035Z Setting MISE_TRUSTED_CONFIG_PATHS=/home/runner/work/velnor-actions-fixture/velnor-actions-fixture
2026-06-11T10:41:26.0521877Z Setting MISE_YES=1
2026-06-11T10:41:26.0522380Z Adding /home/runner/.local/share/mise/shims to PATH
2026-06-11T10:41:26.0523270Z ##[group]Running mise --version
2026-06-11T10:41:26.0561611Z [command]/home/runner/.local/share/mise/bin/mise --version
2026-06-11T10:41:26.0648230Z 2026.6.1 linux-x64 (2026-06-06)
2026-06-11T10:41:26.0703355Z ##[endgroup]
2026-06-11T10:41:26.0866512Z ##[group]Running mise install
2026-06-11T10:41:26.0882597Z [command]/home/runner/.local/share/mise/bin/mise install
2026-06-11T10:41:26.1041554Z [2mmise[0m all tools are installed
2026-06-11T10:41:26.1091633Z ##[endgroup]
2026-06-11T10:41:26.1103065Z ##[group]Running mise ls
2026-06-11T10:41:26.1114854Z [command]/home/runner/.local/share/mise/bin/mise ls
2026-06-11T10:41:26.1272625Z cargo:cargo-nextest  0.9.137           ~/work/velnor-actions-fixture/velnor-actions-fixture/mise.toml  0.9.137
2026-06-11T10:41:26.1275610Z just                 1.52.0            ~/work/velnor-actions-fixture/velnor-actions-fixture/mise.toml  1.52.0
2026-06-11T10:41:26.1277215Z rust                 1.96.0 (symlink)  ~/work/velnor-actions-fixture/velnor-actions-fixture/mise.toml  1.96.0
2026-06-11T10:41:26.1295424Z ##[endgroup]
2026-06-11T10:41:26.1298365Z ##[group]Exporting mise environment variables
2026-06-11T10:41:26.1516406Z [command]/home/runner/.local/share/mise/bin/mise env --json
2026-06-11T10:41:26.1676358Z {
2026-06-11T10:41:26.1676930Z   "CARGO_HOME": "/home/runner/.cargo",
2026-06-11T10:41:26.1679429Z   "PATH": "/home/runner/.cargo/bin:/home/runner/.local/share/mise/installs/cargo-cargo-nextest/0.9.137/bin:/home/runner/.local/share/mise/installs/just/1.52.0:/home/runner/.local/share/mise/shims:/home/runner/.local/share/mise/bin:/opt/hostedtoolcache/sccache/0.15.0/x64:/snap/bin:/home/runner/.local/bin:/opt/pipx_bin:/home/runner/.cargo/bin:/home/runner/.config/composer/vendor/bin:/usr/local/.ghcup/bin:/home/runner/.dotnet/tools:/usr/local/sbin:/usr/local/bin:/usr/sbin:/usr/bin:/sbin:/bin:/usr/games:/usr/local/games:/snap/bin",
2026-06-11T10:41:26.1704755Z   "RUSTUP_HOME": "/home/runner/.rustup",
2026-06-11T10:41:26.1705442Z   "RUSTUP_TOOLCHAIN": "1.96.0"
2026-06-11T10:41:26.1705863Z }
2026-06-11T10:41:26.1741500Z ##[endgroup]
2026-06-11T10:41:26.1889050Z ##[group]Run rustup component add rustfmt clippy
2026-06-11T10:41:26.1889476Z [36;1mrustup component add rustfmt clippy[0m
2026-06-11T10:41:26.1925067Z shell: /usr/bin/bash --noprofile --norc -e -o pipefail {0}
2026-06-11T10:41:26.1925462Z env:
2026-06-11T10:41:26.1925665Z   SCCACHE_GHA_ENABLED: true
2026-06-11T10:41:26.1925915Z   RUSTC_WRAPPER: sccache
2026-06-11T10:41:26.1926246Z   SCCACHE_PATH: /opt/hostedtoolcache/sccache/0.15.0/x64/sccache
2026-06-11T10:41:26.1926601Z   ACTIONS_CACHE_SERVICE_V2: on
2026-06-11T10:41:26.1927028Z   ACTIONS_RESULTS_URL: https://results-receiver.actions.githubusercontent.com/
2026-06-11T10:41:26.1969706Z   ACTIONS_RUNTIME_TOKEN: ***
2026-06-11T10:41:26.1969990Z   MISE_LOG_LEVEL: info
2026-06-11T10:41:26.1973309Z   MISE_GITHUB_TOKEN: ***
2026-06-11T10:41:26.1974020Z   MISE_TRUSTED_CONFIG_PATHS: /home/runner/work/velnor-actions-fixture/velnor-actions-fixture
2026-06-11T10:41:26.1974507Z   MISE_YES: 1
2026-06-11T10:41:26.1974778Z   CARGO_HOME: /home/runner/.cargo
2026-06-11T10:41:26.1976634Z   PATH: /home/runner/.cargo/bin:/home/runner/.local/share/mise/installs/cargo-cargo-nextest/0.9.137/bin:/home/runner/.local/share/mise/installs/just/1.52.0:/home/runner/.local/share/mise/shims:/home/runner/.local/share/mise/bin:/opt/hostedtoolcache/sccache/0.15.0/x64:/snap/bin:/home/runner/.local/bin:/opt/pipx_bin:/home/runner/.cargo/bin:/home/runner/.config/composer/vendor/bin:/usr/local/.ghcup/bin:/home/runner/.dotnet/tools:/usr/local/sbin:/usr/local/bin:/usr/sbin:/usr/bin:/sbin:/bin:/usr/games:/usr/local/games:/snap/bin
2026-06-11T10:41:26.1978481Z   RUSTUP_HOME: /home/runner/.rustup
2026-06-11T10:41:26.1978758Z   RUSTUP_TOOLCHAIN: 1.96.0
2026-06-11T10:41:26.1978998Z ##[endgroup]
2026-06-11T10:41:26.2694775Z info: syncing channel updates for 1.96.0-x86_64-unknown-linux-gnu
2026-06-11T10:41:26.3846166Z info: latest update on 2026-05-28 for version 1.96.0 (ac68faa20 2026-05-25)
2026-06-11T10:41:26.3861733Z info: downloading 3 components
2026-06-11T10:41:34.3049422Z info: downloading component rustfmt
2026-06-11T10:41:34.6167061Z info: downloading component clippy
2026-06-11T10:41:35.0654879Z ##[group]Run Swatinem/rust-cache@v2
2026-06-11T10:41:35.0655174Z with:
2026-06-11T10:41:35.0655405Z   shared-key: fixture-github-Linux
2026-06-11T10:41:35.0655664Z   key: app-b
2026-06-11T10:41:35.0655867Z   prefix-key: v0-rust
2026-06-11T10:41:35.0656091Z   add-job-id-key: true
2026-06-11T10:41:35.0656333Z   add-rust-environment-hash-key: true
2026-06-11T10:41:35.0656614Z   cache-targets: true
2026-06-11T10:41:35.0656839Z   cache-all-crates: false
2026-06-11T10:41:35.0657083Z   cache-workspace-crates: false
2026-06-11T10:41:35.0657329Z   save-if: true
2026-06-11T10:41:35.0657544Z   cache-provider: github
2026-06-11T10:41:35.0657769Z   cache-bin: true
2026-06-11T10:41:35.0657972Z   lookup-only: false
2026-06-11T10:41:35.0658373Z   cmd-format: {0}
2026-06-11T10:41:35.0658574Z env:
2026-06-11T10:41:35.0658767Z   SCCACHE_GHA_ENABLED: true
2026-06-11T10:41:35.0659019Z   RUSTC_WRAPPER: sccache
2026-06-11T10:41:35.0659336Z   SCCACHE_PATH: /opt/hostedtoolcache/sccache/0.15.0/x64/sccache
2026-06-11T10:41:35.0659725Z   ACTIONS_CACHE_SERVICE_V2: on
2026-06-11T10:41:35.0660142Z   ACTIONS_RESULTS_URL: https://results-receiver.actions.githubusercontent.com/
2026-06-11T10:41:35.0702062Z   ACTIONS_RUNTIME_TOKEN: ***
2026-06-11T10:41:35.0702330Z   MISE_LOG_LEVEL: info
2026-06-11T10:41:35.0705619Z   MISE_GITHUB_TOKEN: ***
2026-06-11T10:41:35.0706045Z   MISE_TRUSTED_CONFIG_PATHS: /home/runner/work/velnor-actions-fixture/velnor-actions-fixture
2026-06-11T10:41:35.0706495Z   MISE_YES: 1
2026-06-11T10:41:35.0706707Z   CARGO_HOME: /home/runner/.cargo
2026-06-11T10:41:35.0708917Z   PATH: /home/runner/.cargo/bin:/home/runner/.local/share/mise/installs/cargo-cargo-nextest/0.9.137/bin:/home/runner/.local/share/mise/installs/just/1.52.0:/home/runner/.local/share/mise/shims:/home/runner/.local/share/mise/bin:/opt/hostedtoolcache/sccache/0.15.0/x64:/snap/bin:/home/runner/.local/bin:/opt/pipx_bin:/home/runner/.cargo/bin:/home/runner/.config/composer/vendor/bin:/usr/local/.ghcup/bin:/home/runner/.dotnet/tools:/usr/local/sbin:/usr/local/bin:/usr/sbin:/usr/bin:/sbin:/bin:/usr/games:/usr/local/games:/snap/bin
2026-06-11T10:41:35.0710789Z   RUSTUP_HOME: /home/runner/.rustup
2026-06-11T10:41:35.0711067Z   RUSTUP_TOOLCHAIN: 1.96.0
2026-06-11T10:41:35.0711301Z ##[endgroup]
2026-06-11T10:41:35.3639696Z (node:2444) [DEP0040] DeprecationWarning: The `punycode` module is deprecated. Please use a userland alternative instead.
2026-06-11T10:41:35.3640581Z (Use `node --trace-deprecation ...` to show where the warning was created)
2026-06-11T10:41:35.6691038Z ##[group]Cache Configuration
2026-06-11T10:41:35.6691518Z Cache Provider:
2026-06-11T10:41:35.6691850Z     github
2026-06-11T10:41:35.6692160Z Workspaces:
2026-06-11T10:41:35.6692654Z     /home/runner/work/velnor-actions-fixture/velnor-actions-fixture
2026-06-11T10:41:35.6693282Z Cache Paths:
2026-06-11T10:41:35.6693614Z     /home/runner/.cargo/bin
2026-06-11T10:41:35.6694355Z     /home/runner/.cargo/.crates.toml
2026-06-11T10:41:35.6694659Z     /home/runner/.cargo/.crates2.json
2026-06-11T10:41:35.6694948Z     /home/runner/.cargo/registry
2026-06-11T10:41:35.6695207Z     /home/runner/.cargo/git
2026-06-11T10:41:35.6695673Z     /home/runner/work/velnor-actions-fixture/velnor-actions-fixture/target
2026-06-11T10:41:35.6696336Z Restore Key:
2026-06-11T10:41:35.6696758Z     v0-rust-fixture-github-Linux-Linux-x64-edcabdd1
2026-06-11T10:41:35.6697288Z Cache Key:
2026-06-11T10:41:35.6697748Z     v0-rust-fixture-github-Linux-Linux-x64-edcabdd1-f3b9d8a2
2026-06-11T10:41:35.6698114Z .. Prefix:
2026-06-11T10:41:35.6698346Z   - v0-rust-fixture-github-Linux-Linux-x64
2026-06-11T10:41:35.6698656Z .. Environment considered:
2026-06-11T10:41:35.6698896Z   - Rust Versions:
2026-06-11T10:41:35.6699231Z     - 1.96.0 x86_64-unknown-linux-gnu ac68faa20c58cbccd01ee7208bf3b6e93a7d7f96
2026-06-11T10:41:35.6699968Z     - 1.96.0 x86_64-unknown-linux-gnu ac68faa20c58cbccd01ee7208bf3b6e93a7d7f96
2026-06-11T10:41:35.6700679Z     - 1.96.0 x86_64-unknown-linux-gnu ac68faa20c58cbccd01ee7208bf3b6e93a7d7f96
2026-06-11T10:41:35.6701409Z   - CARGO_HOME
2026-06-11T10:41:35.6701628Z   - CARGO_INCREMENTAL
2026-06-11T10:41:35.6701849Z   - RUSTC_WRAPPER
2026-06-11T10:41:35.6702050Z   - RUSTUP_HOME
2026-06-11T10:41:35.6702252Z   - RUSTUP_TOOLCHAIN
2026-06-11T10:41:35.6702478Z .. Lockfiles considered:
2026-06-11T10:41:35.6702841Z   - /home/runner/work/velnor-actions-fixture/velnor-actions-fixture/Cargo.lock
2026-06-11T10:41:35.6703419Z   - /home/runner/work/velnor-actions-fixture/velnor-actions-fixture/crates/app-a/Cargo.toml
2026-06-11T10:41:35.6704466Z   - /home/runner/work/velnor-actions-fixture/velnor-actions-fixture/crates/app-b/Cargo.toml
2026-06-11T10:41:35.6705100Z   - /home/runner/work/velnor-actions-fixture/velnor-actions-fixture/crates/shared/Cargo.toml
2026-06-11T10:41:35.6705991Z ##[endgroup]
2026-06-11T10:41:35.6706112Z 
2026-06-11T10:41:35.6706204Z ... Restoring cache ...
2026-06-11T10:41:35.7751043Z Cache hit for: v0-rust-fixture-github-Linux-Linux-x64-edcabdd1-f3b9d8a2
2026-06-11T10:41:36.0300245Z Received 975 of 975 (100.0%), 0.0 MBs/sec
2026-06-11T10:41:36.0300851Z Cache Size: ~0 MB (975 B)
2026-06-11T10:41:36.0356943Z [command]/usr/bin/tar -xf /home/runner/work/_temp/3c91b7bb-ba7a-4e97-91b1-bdd3eee1a0cb/cache.tzst -P -C /home/runner/work/velnor-actions-fixture/velnor-actions-fixture --use-compress-program unzstd
2026-06-11T10:41:36.0411576Z Cache restored successfully
2026-06-11T10:41:36.0415190Z Restored from cache key "v0-rust-fixture-github-Linux-Linux-x64-edcabdd1-f3b9d8a2" full match: true.
2026-06-11T10:41:36.0533672Z ##[group]Run set -euo pipefail
2026-06-11T10:41:36.0534662Z [36;1mset -euo pipefail[0m
2026-06-11T10:41:36.0535179Z [36;1mversion="$(grep '^rust-version' "crates/app-b/Cargo.toml" | sed 's/.*= *"\(.*\)"/\1/' || echo 'stable')"[0m
2026-06-11T10:41:36.0535843Z [36;1mecho "version=${version:-stable}" >> "${GITHUB_OUTPUT}"[0m
2026-06-11T10:41:36.0568438Z shell: /usr/bin/bash --noprofile --norc -e -o pipefail {0}
2026-06-11T10:41:36.0568808Z env:
2026-06-11T10:41:36.0569018Z   SCCACHE_GHA_ENABLED: true
2026-06-11T10:41:36.0569291Z   RUSTC_WRAPPER: sccache
2026-06-11T10:41:36.0569621Z   SCCACHE_PATH: /opt/hostedtoolcache/sccache/0.15.0/x64/sccache
2026-06-11T10:41:36.0569992Z   ACTIONS_CACHE_SERVICE_V2: on
2026-06-11T10:41:36.0570417Z   ACTIONS_RESULTS_URL: https://results-receiver.actions.githubusercontent.com/
2026-06-11T10:41:36.0613444Z   ACTIONS_RUNTIME_TOKEN: ***
2026-06-11T10:41:36.0613933Z   MISE_LOG_LEVEL: info
2026-06-11T10:41:36.0617128Z   MISE_GITHUB_TOKEN: ***
2026-06-11T10:41:36.0617634Z   MISE_TRUSTED_CONFIG_PATHS: /home/runner/work/velnor-actions-fixture/velnor-actions-fixture
2026-06-11T10:41:36.0618093Z   MISE_YES: 1
2026-06-11T10:41:36.0618313Z   CARGO_HOME: /home/runner/.cargo
2026-06-11T10:41:36.0620178Z   PATH: /home/runner/.cargo/bin:/home/runner/.local/share/mise/installs/cargo-cargo-nextest/0.9.137/bin:/home/runner/.local/share/mise/installs/just/1.52.0:/home/runner/.local/share/mise/shims:/home/runner/.local/share/mise/bin:/opt/hostedtoolcache/sccache/0.15.0/x64:/snap/bin:/home/runner/.local/bin:/opt/pipx_bin:/home/runner/.cargo/bin:/home/runner/.config/composer/vendor/bin:/usr/local/.ghcup/bin:/home/runner/.dotnet/tools:/usr/local/sbin:/usr/local/bin:/usr/sbin:/usr/bin:/sbin:/bin:/usr/games:/usr/local/games:/snap/bin
2026-06-11T10:41:36.0622028Z   RUSTUP_HOME: /home/runner/.rustup
2026-06-11T10:41:36.0622303Z   RUSTUP_TOOLCHAIN: 1.96.0
2026-06-11T10:41:36.0622552Z   CACHE_ON_FAILURE: false
2026-06-11T10:41:36.0622801Z   CARGO_INCREMENTAL: 0
2026-06-11T10:41:36.0623032Z ##[endgroup]
2026-06-11T10:41:36.0748844Z ##[group]Run set -euo pipefail
2026-06-11T10:41:36.0749196Z [36;1mset -euo pipefail[0m
2026-06-11T10:41:36.0749526Z [36;1mecho "FIXTURE_PACKAGE=${PACKAGE}" >> "${GITHUB_ENV}"[0m
2026-06-11T10:41:36.0749959Z [36;1mecho "package=${PACKAGE}" >> "${GITHUB_OUTPUT}"[0m
2026-06-11T10:41:36.0750327Z [36;1mecho "lane=${LANE}" >> "${GITHUB_OUTPUT}"[0m
2026-06-11T10:41:36.0750694Z [36;1mecho "setup-state=complete" >> "${GITHUB_STATE}"[0m
2026-06-11T10:41:36.0751173Z [36;1m# Multiline heredoc output — matches ChainArgos bake-targets pattern[0m
2026-06-11T10:41:36.0751725Z [36;1mprintf 'packages<<EOF\n%s\n%s\nEOF\n' "app-a" "app-b" >> "${GITHUB_OUTPUT}"[0m
2026-06-11T10:41:36.0752161Z [36;1mmkdir -p "${HOME}/.local/bin"[0m
2026-06-11T10:41:36.0752634Z [36;1mprintf '%s\n' '#!/usr/bin/env bash' 'echo fixture-tool-ok' > "${HOME}/.local/bin/fixture-tool"[0m
2026-06-11T10:41:36.0753147Z [36;1mchmod +x "${HOME}/.local/bin/fixture-tool"[0m
2026-06-11T10:41:36.0753530Z [36;1mecho "${HOME}/.local/bin" >> "${GITHUB_PATH}"[0m
2026-06-11T10:41:36.0754267Z [36;1mecho "### ${LANE} ${PACKAGE}" >> "${GITHUB_STEP_SUMMARY}"[0m
2026-06-11T10:41:36.0787560Z shell: /usr/bin/bash --noprofile --norc -e -o pipefail {0}
2026-06-11T10:41:36.0788164Z env:
2026-06-11T10:41:36.0788377Z   SCCACHE_GHA_ENABLED: true
2026-06-11T10:41:36.0788635Z   RUSTC_WRAPPER: sccache
2026-06-11T10:41:36.0789022Z   SCCACHE_PATH: /opt/hostedtoolcache/sccache/0.15.0/x64/sccache
2026-06-11T10:41:36.0789384Z   ACTIONS_CACHE_SERVICE_V2: on
2026-06-11T10:41:36.0789808Z   ACTIONS_RESULTS_URL: https://results-receiver.actions.githubusercontent.com/
2026-06-11T10:41:36.0831921Z   ACTIONS_RUNTIME_TOKEN: ***
2026-06-11T10:41:36.0832215Z   MISE_LOG_LEVEL: info
2026-06-11T10:41:36.0835774Z   MISE_GITHUB_TOKEN: ***
2026-06-11T10:41:36.0836548Z   MISE_TRUSTED_CONFIG_PATHS: /home/runner/work/velnor-actions-fixture/velnor-actions-fixture
2026-06-11T10:41:36.0837174Z   MISE_YES: 1
2026-06-11T10:41:36.0837483Z   CARGO_HOME: /home/runner/.cargo
2026-06-11T10:41:36.0839569Z   PATH: /home/runner/.cargo/bin:/home/runner/.local/share/mise/installs/cargo-cargo-nextest/0.9.137/bin:/home/runner/.local/share/mise/installs/just/1.52.0:/home/runner/.local/share/mise/shims:/home/runner/.local/share/mise/bin:/opt/hostedtoolcache/sccache/0.15.0/x64:/snap/bin:/home/runner/.local/bin:/opt/pipx_bin:/home/runner/.cargo/bin:/home/runner/.config/composer/vendor/bin:/usr/local/.ghcup/bin:/home/runner/.dotnet/tools:/usr/local/sbin:/usr/local/bin:/usr/sbin:/usr/bin:/sbin:/bin:/usr/games:/usr/local/games:/snap/bin
2026-06-11T10:41:36.0841506Z   RUSTUP_HOME: /home/runner/.rustup
2026-06-11T10:41:36.0842032Z   RUSTUP_TOOLCHAIN: 1.96.0
2026-06-11T10:41:36.0842379Z   CACHE_ON_FAILURE: false
2026-06-11T10:41:36.0842825Z   CARGO_INCREMENTAL: 0
2026-06-11T10:41:36.0843146Z   PACKAGE: app-b
2026-06-11T10:41:36.0843439Z   LANE: github
2026-06-11T10:41:36.0844174Z ##[endgroup]
2026-06-11T10:41:36.0981840Z ##[group]Run just fmt-check
2026-06-11T10:41:36.0982155Z [36;1mjust fmt-check[0m
2026-06-11T10:41:36.1015010Z shell: /usr/bin/bash --noprofile --norc -e -o pipefail {0}
2026-06-11T10:41:36.1015371Z env:
2026-06-11T10:41:36.1015576Z   SCCACHE_GHA_ENABLED: true
2026-06-11T10:41:36.1015833Z   RUSTC_WRAPPER: sccache
2026-06-11T10:41:36.1016188Z   SCCACHE_PATH: /opt/hostedtoolcache/sccache/0.15.0/x64/sccache
2026-06-11T10:41:36.1016550Z   ACTIONS_CACHE_SERVICE_V2: on
2026-06-11T10:41:36.1016967Z   ACTIONS_RESULTS_URL: https://results-receiver.actions.githubusercontent.com/
2026-06-11T10:41:36.1058642Z   ACTIONS_RUNTIME_TOKEN: ***
2026-06-11T10:41:36.1058912Z   MISE_LOG_LEVEL: info
2026-06-11T10:41:36.1062090Z   MISE_GITHUB_TOKEN: ***
2026-06-11T10:41:36.1062516Z   MISE_TRUSTED_CONFIG_PATHS: /home/runner/work/velnor-actions-fixture/velnor-actions-fixture
2026-06-11T10:41:36.1062972Z   MISE_YES: 1
2026-06-11T10:41:36.1063196Z   CARGO_HOME: /home/runner/.cargo
2026-06-11T10:41:36.1065184Z   PATH: /home/runner/.cargo/bin:/home/runner/.local/share/mise/installs/cargo-cargo-nextest/0.9.137/bin:/home/runner/.local/share/mise/installs/just/1.52.0:/home/runner/.local/share/mise/shims:/home/runner/.local/share/mise/bin:/opt/hostedtoolcache/sccache/0.15.0/x64:/snap/bin:/home/runner/.local/bin:/opt/pipx_bin:/home/runner/.cargo/bin:/home/runner/.config/composer/vendor/bin:/usr/local/.ghcup/bin:/home/runner/.dotnet/tools:/usr/local/sbin:/usr/local/bin:/usr/sbin:/usr/bin:/sbin:/bin:/usr/games:/usr/local/games:/snap/bin
2026-06-11T10:41:36.1067039Z   RUSTUP_HOME: /home/runner/.rustup
2026-06-11T10:41:36.1067312Z   RUSTUP_TOOLCHAIN: 1.96.0
2026-06-11T10:41:36.1067552Z   CACHE_ON_FAILURE: false
2026-06-11T10:41:36.1067791Z   CARGO_INCREMENTAL: 0
2026-06-11T10:41:36.1068017Z   FIXTURE_PACKAGE: app-b
2026-06-11T10:41:36.1068244Z ##[endgroup]
2026-06-11T10:41:36.1281764Z cargo fmt --check
2026-06-11T10:41:36.1777701Z ##[group]Run just clippy "app-b"
2026-06-11T10:41:36.1778060Z [36;1mjust clippy "app-b"[0m
2026-06-11T10:41:36.1810430Z shell: /usr/bin/bash --noprofile --norc -e -o pipefail {0}
2026-06-11T10:41:36.1810805Z env:
2026-06-11T10:41:36.1811011Z   SCCACHE_GHA_ENABLED: true
2026-06-11T10:41:36.1811267Z   RUSTC_WRAPPER: sccache
2026-06-11T10:41:36.1811612Z   SCCACHE_PATH: /opt/hostedtoolcache/sccache/0.15.0/x64/sccache
2026-06-11T10:41:36.1812161Z   ACTIONS_CACHE_SERVICE_V2: on
2026-06-11T10:41:36.1812692Z   ACTIONS_RESULTS_URL: https://results-receiver.actions.githubusercontent.com/
2026-06-11T10:41:36.1855794Z   ACTIONS_RUNTIME_TOKEN: ***
2026-06-11T10:41:36.1856088Z   MISE_LOG_LEVEL: info
2026-06-11T10:41:36.1859310Z   MISE_GITHUB_TOKEN: ***
2026-06-11T10:41:36.1859743Z   MISE_TRUSTED_CONFIG_PATHS: /home/runner/work/velnor-actions-fixture/velnor-actions-fixture
2026-06-11T10:41:36.1860201Z   MISE_YES: 1
2026-06-11T10:41:36.1860420Z   CARGO_HOME: /home/runner/.cargo
2026-06-11T10:41:36.1862283Z   PATH: /home/runner/.cargo/bin:/home/runner/.local/share/mise/installs/cargo-cargo-nextest/0.9.137/bin:/home/runner/.local/share/mise/installs/just/1.52.0:/home/runner/.local/share/mise/shims:/home/runner/.local/share/mise/bin:/opt/hostedtoolcache/sccache/0.15.0/x64:/snap/bin:/home/runner/.local/bin:/opt/pipx_bin:/home/runner/.cargo/bin:/home/runner/.config/composer/vendor/bin:/usr/local/.ghcup/bin:/home/runner/.dotnet/tools:/usr/local/sbin:/usr/local/bin:/usr/sbin:/usr/bin:/sbin:/bin:/usr/games:/usr/local/games:/snap/bin
2026-06-11T10:41:36.1864465Z   RUSTUP_HOME: /home/runner/.rustup
2026-06-11T10:41:36.1864755Z   RUSTUP_TOOLCHAIN: 1.96.0
2026-06-11T10:41:36.1865009Z   CACHE_ON_FAILURE: false
2026-06-11T10:41:36.1865250Z   CARGO_INCREMENTAL: 0
2026-06-11T10:41:36.1865481Z   FIXTURE_PACKAGE: app-b
2026-06-11T10:41:36.1865727Z ##[endgroup]
2026-06-11T10:41:36.2076697Z cargo clippy -p "app-b" -- -D warnings
2026-06-11T10:41:36.7445610Z     Checking shared v0.1.0 (/home/runner/work/velnor-actions-fixture/velnor-actions-fixture/crates/shared)
2026-06-11T10:41:36.7658281Z     Checking app-b v0.1.0 (/home/runner/work/velnor-actions-fixture/velnor-actions-fixture/crates/app-b)
2026-06-11T10:41:36.7866742Z     Finished `dev` profile [unoptimized + debuginfo] target(s) in 0.54s
2026-06-11T10:41:36.7926042Z ##[group]Run just test "app-b"
2026-06-11T10:41:36.7926411Z [36;1mjust test "app-b"[0m
2026-06-11T10:41:36.7959844Z shell: /usr/bin/bash --noprofile --norc -e -o pipefail {0}
2026-06-11T10:41:36.7960254Z env:
2026-06-11T10:41:36.7960462Z   SCCACHE_GHA_ENABLED: true
2026-06-11T10:41:36.7960735Z   RUSTC_WRAPPER: sccache
2026-06-11T10:41:36.7961069Z   SCCACHE_PATH: /opt/hostedtoolcache/sccache/0.15.0/x64/sccache
2026-06-11T10:41:36.7961433Z   ACTIONS_CACHE_SERVICE_V2: on
2026-06-11T10:41:36.7961861Z   ACTIONS_RESULTS_URL: https://results-receiver.actions.githubusercontent.com/
2026-06-11T10:41:36.8004714Z   ACTIONS_RUNTIME_TOKEN: ***
2026-06-11T10:41:36.8005012Z   MISE_LOG_LEVEL: info
2026-06-11T10:41:36.8008186Z   MISE_GITHUB_TOKEN: ***
2026-06-11T10:41:36.8008620Z   MISE_TRUSTED_CONFIG_PATHS: /home/runner/work/velnor-actions-fixture/velnor-actions-fixture
2026-06-11T10:41:36.8009082Z   MISE_YES: 1
2026-06-11T10:41:36.8009300Z   CARGO_HOME: /home/runner/.cargo
2026-06-11T10:41:36.8011161Z   PATH: /home/runner/.cargo/bin:/home/runner/.local/share/mise/installs/cargo-cargo-nextest/0.9.137/bin:/home/runner/.local/share/mise/installs/just/1.52.0:/home/runner/.local/share/mise/shims:/home/runner/.local/share/mise/bin:/opt/hostedtoolcache/sccache/0.15.0/x64:/snap/bin:/home/runner/.local/bin:/opt/pipx_bin:/home/runner/.cargo/bin:/home/runner/.config/composer/vendor/bin:/usr/local/.ghcup/bin:/home/runner/.dotnet/tools:/usr/local/sbin:/usr/local/bin:/usr/sbin:/usr/bin:/sbin:/bin:/usr/games:/usr/local/games:/snap/bin
2026-06-11T10:41:36.8012996Z   RUSTUP_HOME: /home/runner/.rustup
2026-06-11T10:41:36.8013276Z   RUSTUP_TOOLCHAIN: 1.96.0
2026-06-11T10:41:36.8013528Z   CACHE_ON_FAILURE: false
2026-06-11T10:41:36.8014026Z   CARGO_INCREMENTAL: 0
2026-06-11T10:41:36.8014330Z   FIXTURE_PACKAGE: app-b
2026-06-11T10:41:36.8014568Z ##[endgroup]
2026-06-11T10:41:36.8231887Z cargo test -p "app-b"
2026-06-11T10:41:36.9755392Z    Compiling shared v0.1.0 (/home/runner/work/velnor-actions-fixture/velnor-actions-fixture/crates/shared)
2026-06-11T10:41:37.1811375Z    Compiling app-b v0.1.0 (/home/runner/work/velnor-actions-fixture/velnor-actions-fixture/crates/app-b)
2026-06-11T10:41:37.2668829Z     Finished `test` profile [unoptimized + debuginfo] target(s) in 0.43s
2026-06-11T10:41:37.2673320Z      Running unittests src/main.rs (target/debug/deps/app_b-94d61114d0661510)
2026-06-11T10:41:37.2683308Z 
2026-06-11T10:41:37.2683483Z running 1 test
2026-06-11T10:41:37.2692002Z test tests::prints_expected_label ... ok
2026-06-11T10:41:37.2692393Z 
2026-06-11T10:41:37.2692858Z test result: ok. 1 passed; 0 failed; 0 ignored; 0 measured; 0 filtered out; finished in 0.00s
2026-06-11T10:41:37.2693422Z 
2026-06-11T10:41:37.2736910Z ##[group]Run just nextest "app-b"
2026-06-11T10:41:37.2737248Z [36;1mjust nextest "app-b"[0m
2026-06-11T10:41:37.2770520Z shell: /usr/bin/bash --noprofile --norc -e -o pipefail {0}
2026-06-11T10:41:37.2770878Z env:
2026-06-11T10:41:37.2771079Z   SCCACHE_GHA_ENABLED: true
2026-06-11T10:41:37.2771338Z   RUSTC_WRAPPER: sccache
2026-06-11T10:41:37.2771657Z   SCCACHE_PATH: /opt/hostedtoolcache/sccache/0.15.0/x64/sccache
2026-06-11T10:41:37.2772013Z   ACTIONS_CACHE_SERVICE_V2: on
2026-06-11T10:41:37.2772439Z   ACTIONS_RESULTS_URL: https://results-receiver.actions.githubusercontent.com/
2026-06-11T10:41:37.2815065Z   ACTIONS_RUNTIME_TOKEN: ***
2026-06-11T10:41:37.2815390Z   MISE_LOG_LEVEL: info
2026-06-11T10:41:37.2818545Z   MISE_GITHUB_TOKEN: ***
2026-06-11T10:41:37.2818974Z   MISE_TRUSTED_CONFIG_PATHS: /home/runner/work/velnor-actions-fixture/velnor-actions-fixture
2026-06-11T10:41:37.2819426Z   MISE_YES: 1
2026-06-11T10:41:37.2819638Z   CARGO_HOME: /home/runner/.cargo
2026-06-11T10:41:37.2821487Z   PATH: /home/runner/.cargo/bin:/home/runner/.local/share/mise/installs/cargo-cargo-nextest/0.9.137/bin:/home/runner/.local/share/mise/installs/just/1.52.0:/home/runner/.local/share/mise/shims:/home/runner/.local/share/mise/bin:/opt/hostedtoolcache/sccache/0.15.0/x64:/snap/bin:/home/runner/.local/bin:/opt/pipx_bin:/home/runner/.cargo/bin:/home/runner/.config/composer/vendor/bin:/usr/local/.ghcup/bin:/home/runner/.dotnet/tools:/usr/local/sbin:/usr/local/bin:/usr/sbin:/usr/bin:/sbin:/bin:/usr/games:/usr/local/games:/snap/bin
2026-06-11T10:41:37.2823309Z   RUSTUP_HOME: /home/runner/.rustup
2026-06-11T10:41:37.2823578Z   RUSTUP_TOOLCHAIN: 1.96.0
2026-06-11T10:41:37.2824044Z   CACHE_ON_FAILURE: false
2026-06-11T10:41:37.2824284Z   CARGO_INCREMENTAL: 0
2026-06-11T10:41:37.2824520Z   FIXTURE_PACKAGE: app-b
2026-06-11T10:41:37.2824753Z ##[endgroup]
2026-06-11T10:41:37.3057889Z cargo nextest run -p "app-b"
2026-06-11T10:41:37.3994516Z     Finished `test` profile [unoptimized + debuginfo] target(s) in 0.01s
2026-06-11T10:41:37.4058762Z ────────────
2026-06-11T10:41:37.4059219Z  Nextest run ID 11bd4484-2ba9-4aa1-88b0-aa388d6b643f with nextest profile: default
2026-06-11T10:41:37.4059676Z     Starting 1 test across 1 binary
2026-06-11T10:41:37.4105852Z         PASS [   0.004s] (1/1) app-b::bin/app-b tests::prints_expected_label
2026-06-11T10:41:37.4106465Z ────────────
2026-06-11T10:41:37.4106746Z      Summary [   0.005s] 1 test run: 1 passed, 0 skipped
2026-06-11T10:41:37.4147647Z ##[group]Run cargo check -p "app-b" --locked
2026-06-11T10:41:37.4148049Z [36;1mcargo check -p "app-b" --locked[0m
2026-06-11T10:41:37.4181916Z shell: /usr/bin/bash --noprofile --norc -e -o pipefail {0}
2026-06-11T10:41:37.4182271Z env:
2026-06-11T10:41:37.4182479Z   SCCACHE_GHA_ENABLED: true
2026-06-11T10:41:37.4182731Z   RUSTC_WRAPPER: sccache
2026-06-11T10:41:37.4183055Z   SCCACHE_PATH: /opt/hostedtoolcache/sccache/0.15.0/x64/sccache
2026-06-11T10:41:37.4183418Z   ACTIONS_CACHE_SERVICE_V2: on
2026-06-11T10:41:37.4184096Z   ACTIONS_RESULTS_URL: https://results-receiver.actions.githubusercontent.com/
2026-06-11T10:41:37.4226315Z   ACTIONS_RUNTIME_TOKEN: ***
2026-06-11T10:41:37.4226605Z   MISE_LOG_LEVEL: info
2026-06-11T10:41:37.4229762Z   MISE_GITHUB_TOKEN: ***
2026-06-11T10:41:37.4230192Z   MISE_TRUSTED_CONFIG_PATHS: /home/runner/work/velnor-actions-fixture/velnor-actions-fixture
2026-06-11T10:41:37.4230640Z   MISE_YES: 1
2026-06-11T10:41:37.4230901Z   CARGO_HOME: /home/runner/.cargo
2026-06-11T10:41:37.4232962Z   PATH: /home/runner/.cargo/bin:/home/runner/.local/share/mise/installs/cargo-cargo-nextest/0.9.137/bin:/home/runner/.local/share/mise/installs/just/1.52.0:/home/runner/.local/share/mise/shims:/home/runner/.local/share/mise/bin:/opt/hostedtoolcache/sccache/0.15.0/x64:/snap/bin:/home/runner/.local/bin:/opt/pipx_bin:/home/runner/.cargo/bin:/home/runner/.config/composer/vendor/bin:/usr/local/.ghcup/bin:/home/runner/.dotnet/tools:/usr/local/sbin:/usr/local/bin:/usr/sbin:/usr/bin:/sbin:/bin:/usr/games:/usr/local/games:/snap/bin
2026-06-11T10:41:37.4235067Z   RUSTUP_HOME: /home/runner/.rustup
2026-06-11T10:41:37.4235356Z   RUSTUP_TOOLCHAIN: stable
2026-06-11T10:41:37.4235609Z   CACHE_ON_FAILURE: false
2026-06-11T10:41:37.4235844Z   CARGO_INCREMENTAL: 0
2026-06-11T10:41:37.4236073Z   FIXTURE_PACKAGE: app-b
2026-06-11T10:41:37.4236309Z ##[endgroup]
2026-06-11T10:41:37.4627709Z     Checking shared v0.1.0 (/home/runner/work/velnor-actions-fixture/velnor-actions-fixture/crates/shared)
2026-06-11T10:41:37.6247125Z     Checking app-b v0.1.0 (/home/runner/work/velnor-actions-fixture/velnor-actions-fixture/crates/app-b)
2026-06-11T10:41:37.6441870Z     Finished `dev` profile [unoptimized + debuginfo] target(s) in 0.19s
2026-06-11T10:41:37.6490647Z ##[group]Run {
2026-06-11T10:41:37.6490916Z [36;1m{[0m
2026-06-11T10:41:37.6491167Z [36;1m  echo "### sccache stats (github app-b)"[0m
2026-06-11T10:41:37.6491484Z [36;1m  echo '```'[0m
2026-06-11T10:41:37.6491832Z [36;1m  sccache --show-stats 2>/dev/null || echo 'sccache not available'[0m
2026-06-11T10:41:37.6492229Z [36;1m  echo '```'[0m
2026-06-11T10:41:37.6492476Z [36;1m} >> "${GITHUB_STEP_SUMMARY}"[0m
2026-06-11T10:41:37.6525655Z shell: /usr/bin/bash --noprofile --norc -e -o pipefail {0}
2026-06-11T10:41:37.6526013Z env:
2026-06-11T10:41:37.6526214Z   SCCACHE_GHA_ENABLED: true
2026-06-11T10:41:37.6526472Z   RUSTC_WRAPPER: sccache
2026-06-11T10:41:37.6526792Z   SCCACHE_PATH: /opt/hostedtoolcache/sccache/0.15.0/x64/sccache
2026-06-11T10:41:37.6527148Z   ACTIONS_CACHE_SERVICE_V2: on
2026-06-11T10:41:37.6527587Z   ACTIONS_RESULTS_URL: https://results-receiver.actions.githubusercontent.com/
2026-06-11T10:41:37.6569983Z   ACTIONS_RUNTIME_TOKEN: ***
2026-06-11T10:41:37.6570307Z   MISE_LOG_LEVEL: info
2026-06-11T10:41:37.6573476Z   MISE_GITHUB_TOKEN: ***
2026-06-11T10:41:37.6574187Z   MISE_TRUSTED_CONFIG_PATHS: /home/runner/work/velnor-actions-fixture/velnor-actions-fixture
2026-06-11T10:41:37.6574661Z   MISE_YES: 1
2026-06-11T10:41:37.6574887Z   CARGO_HOME: /home/runner/.cargo
2026-06-11T10:41:37.6576732Z   PATH: /home/runner/.cargo/bin:/home/runner/.local/share/mise/installs/cargo-cargo-nextest/0.9.137/bin:/home/runner/.local/share/mise/installs/just/1.52.0:/home/runner/.local/share/mise/shims:/home/runner/.local/share/mise/bin:/opt/hostedtoolcache/sccache/0.15.0/x64:/snap/bin:/home/runner/.local/bin:/opt/pipx_bin:/home/runner/.cargo/bin:/home/runner/.config/composer/vendor/bin:/usr/local/.ghcup/bin:/home/runner/.dotnet/tools:/usr/local/sbin:/usr/local/bin:/usr/sbin:/usr/bin:/sbin:/bin:/usr/games:/usr/local/games:/snap/bin
2026-06-11T10:41:37.6578585Z   RUSTUP_HOME: /home/runner/.rustup
2026-06-11T10:41:37.6578858Z   RUSTUP_TOOLCHAIN: 1.96.0
2026-06-11T10:41:37.6579110Z   CACHE_ON_FAILURE: false
2026-06-11T10:41:37.6579344Z   CARGO_INCREMENTAL: 0
2026-06-11T10:41:37.6579573Z   FIXTURE_PACKAGE: app-b
2026-06-11T10:41:37.6579812Z ##[endgroup]
2026-06-11T10:41:37.6725252Z Prepare all required actions
2026-06-11T10:41:37.6753372Z ##[group]Run ./.github/actions/check-fixture-output
2026-06-11T10:41:37.6754032Z with:
2026-06-11T10:41:37.6754256Z   package: app-b
2026-06-11T10:41:37.6754466Z env:
2026-06-11T10:41:37.6754671Z   SCCACHE_GHA_ENABLED: true
2026-06-11T10:41:37.6754920Z   RUSTC_WRAPPER: sccache
2026-06-11T10:41:37.6755235Z   SCCACHE_PATH: /opt/hostedtoolcache/sccache/0.15.0/x64/sccache
2026-06-11T10:41:37.6755600Z   ACTIONS_CACHE_SERVICE_V2: on
2026-06-11T10:41:37.6756012Z   ACTIONS_RESULTS_URL: https://results-receiver.actions.githubusercontent.com/
2026-06-11T10:41:37.6798113Z   ACTIONS_RUNTIME_TOKEN: ***
2026-06-11T10:41:37.6798391Z   MISE_LOG_LEVEL: info
2026-06-11T10:41:37.6801539Z   MISE_GITHUB_TOKEN: ***
2026-06-11T10:41:37.6801974Z   MISE_TRUSTED_CONFIG_PATHS: /home/runner/work/velnor-actions-fixture/velnor-actions-fixture
2026-06-11T10:41:37.6802424Z   MISE_YES: 1
2026-06-11T10:41:37.6802639Z   CARGO_HOME: /home/runner/.cargo
2026-06-11T10:41:37.6804729Z   PATH: /home/runner/.cargo/bin:/home/runner/.local/share/mise/installs/cargo-cargo-nextest/0.9.137/bin:/home/runner/.local/share/mise/installs/just/1.52.0:/home/runner/.local/share/mise/shims:/home/runner/.local/share/mise/bin:/opt/hostedtoolcache/sccache/0.15.0/x64:/snap/bin:/home/runner/.local/bin:/opt/pipx_bin:/home/runner/.cargo/bin:/home/runner/.config/composer/vendor/bin:/usr/local/.ghcup/bin:/home/runner/.dotnet/tools:/usr/local/sbin:/usr/local/bin:/usr/sbin:/usr/bin:/sbin:/bin:/usr/games:/usr/local/games:/snap/bin
2026-06-11T10:41:37.6806553Z   RUSTUP_HOME: /home/runner/.rustup
2026-06-11T10:41:37.6806830Z   RUSTUP_TOOLCHAIN: 1.96.0
2026-06-11T10:41:37.6807081Z   CACHE_ON_FAILURE: false
2026-06-11T10:41:37.6807312Z   CARGO_INCREMENTAL: 0
2026-06-11T10:41:37.6807546Z   FIXTURE_PACKAGE: app-b
2026-06-11T10:41:37.6807768Z ##[endgroup]
2026-06-11T10:41:37.6823408Z ##[group]Run set -euo pipefail
2026-06-11T10:41:37.6824026Z [36;1mset -euo pipefail[0m
2026-06-11T10:41:37.6824386Z [36;1mtest "app-b" = "${FIXTURE_PACKAGE}"[0m
2026-06-11T10:41:37.6824751Z [36;1mtest "$(fixture-tool)" = "fixture-tool-ok"[0m
2026-06-11T10:41:37.6825099Z [36;1mecho "checked=true" >> "${GITHUB_OUTPUT}"[0m
2026-06-11T10:41:37.6857269Z shell: /usr/bin/bash --noprofile --norc -e -o pipefail {0}
2026-06-11T10:41:37.6857632Z env:
2026-06-11T10:41:37.6857834Z   SCCACHE_GHA_ENABLED: true
2026-06-11T10:41:37.6858087Z   RUSTC_WRAPPER: sccache
2026-06-11T10:41:37.6858408Z   SCCACHE_PATH: /opt/hostedtoolcache/sccache/0.15.0/x64/sccache
2026-06-11T10:41:37.6858760Z   ACTIONS_CACHE_SERVICE_V2: on
2026-06-11T10:41:37.6859180Z   ACTIONS_RESULTS_URL: https://results-receiver.actions.githubusercontent.com/
2026-06-11T10:41:37.6901242Z   ACTIONS_RUNTIME_TOKEN: ***
2026-06-11T10:41:37.6901526Z   MISE_LOG_LEVEL: info
2026-06-11T10:41:37.6904968Z   MISE_GITHUB_TOKEN: ***
2026-06-11T10:41:37.6905403Z   MISE_TRUSTED_CONFIG_PATHS: /home/runner/work/velnor-actions-fixture/velnor-actions-fixture
2026-06-11T10:41:37.6905871Z   MISE_YES: 1
2026-06-11T10:41:37.6906096Z   CARGO_HOME: /home/runner/.cargo
2026-06-11T10:41:37.6907918Z   PATH: /home/runner/.cargo/bin:/home/runner/.local/share/mise/installs/cargo-cargo-nextest/0.9.137/bin:/home/runner/.local/share/mise/installs/just/1.52.0:/home/runner/.local/share/mise/shims:/home/runner/.local/share/mise/bin:/opt/hostedtoolcache/sccache/0.15.0/x64:/snap/bin:/home/runner/.local/bin:/opt/pipx_bin:/home/runner/.cargo/bin:/home/runner/.config/composer/vendor/bin:/usr/local/.ghcup/bin:/home/runner/.dotnet/tools:/usr/local/sbin:/usr/local/bin:/usr/sbin:/usr/bin:/sbin:/bin:/usr/games:/usr/local/games:/snap/bin
2026-06-11T10:41:37.6909761Z   RUSTUP_HOME: /home/runner/.rustup
2026-06-11T10:41:37.6910043Z   RUSTUP_TOOLCHAIN: 1.96.0
2026-06-11T10:41:37.6910289Z   CACHE_ON_FAILURE: false
2026-06-11T10:41:37.6910520Z   CARGO_INCREMENTAL: 0
2026-06-11T10:41:37.6910746Z   FIXTURE_PACKAGE: app-b
2026-06-11T10:41:37.6910983Z ##[endgroup]
2026-06-11T10:41:37.7042381Z ##[group]Run python3 .github/scripts/write-result.py "app-b" "github" "out/result.json"
2026-06-11T10:41:37.7043031Z [36;1mpython3 .github/scripts/write-result.py "app-b" "github" "out/result.json"[0m
2026-06-11T10:41:37.7075918Z shell: /usr/bin/bash --noprofile --norc -e -o pipefail {0}
2026-06-11T10:41:37.7076280Z env:
2026-06-11T10:41:37.7076495Z   SCCACHE_GHA_ENABLED: true
2026-06-11T10:41:37.7076749Z   RUSTC_WRAPPER: sccache
2026-06-11T10:41:37.7077070Z   SCCACHE_PATH: /opt/hostedtoolcache/sccache/0.15.0/x64/sccache
2026-06-11T10:41:37.7077437Z   ACTIONS_CACHE_SERVICE_V2: on
2026-06-11T10:41:37.7077852Z   ACTIONS_RESULTS_URL: https://results-receiver.actions.githubusercontent.com/
2026-06-11T10:41:37.7120043Z   ACTIONS_RUNTIME_TOKEN: ***
2026-06-11T10:41:37.7120327Z   MISE_LOG_LEVEL: info
2026-06-11T10:41:37.7123560Z   MISE_GITHUB_TOKEN: ***
2026-06-11T10:41:37.7124234Z   MISE_TRUSTED_CONFIG_PATHS: /home/runner/work/velnor-actions-fixture/velnor-actions-fixture
2026-06-11T10:41:37.7124728Z   MISE_YES: 1
2026-06-11T10:41:37.7124945Z   CARGO_HOME: /home/runner/.cargo
2026-06-11T10:41:37.7126763Z   PATH: /home/runner/.cargo/bin:/home/runner/.local/share/mise/installs/cargo-cargo-nextest/0.9.137/bin:/home/runner/.local/share/mise/installs/just/1.52.0:/home/runner/.local/share/mise/shims:/home/runner/.local/share/mise/bin:/opt/hostedtoolcache/sccache/0.15.0/x64:/snap/bin:/home/runner/.local/bin:/opt/pipx_bin:/home/runner/.cargo/bin:/home/runner/.config/composer/vendor/bin:/usr/local/.ghcup/bin:/home/runner/.dotnet/tools:/usr/local/sbin:/usr/local/bin:/usr/sbin:/usr/bin:/sbin:/bin:/usr/games:/usr/local/games:/snap/bin
2026-06-11T10:41:37.7128617Z   RUSTUP_HOME: /home/runner/.rustup
2026-06-11T10:41:37.7128918Z   RUSTUP_TOOLCHAIN: 1.96.0
2026-06-11T10:41:37.7129167Z   CACHE_ON_FAILURE: false
2026-06-11T10:41:37.7129400Z   CARGO_INCREMENTAL: 0
2026-06-11T10:41:37.7129636Z   FIXTURE_PACKAGE: app-b
2026-06-11T10:41:37.7129869Z ##[endgroup]
2026-06-11T10:41:37.7532770Z ##[group]Run actions/upload-artifact@v7
2026-06-11T10:41:37.7533081Z with:
2026-06-11T10:41:37.7533298Z   name: result-github-app-b
2026-06-11T10:41:37.7533564Z   path: out/result.json
2026-06-11T10:41:37.7534202Z   if-no-files-found: warn
2026-06-11T10:41:37.7534480Z   compression-level: 6
2026-06-11T10:41:37.7534714Z   overwrite: false
2026-06-11T10:41:37.7534940Z   include-hidden-files: false
2026-06-11T10:41:37.7535199Z   archive: true
2026-06-11T10:41:37.7535409Z env:
2026-06-11T10:41:37.7535610Z   SCCACHE_GHA_ENABLED: true
2026-06-11T10:41:37.7535863Z   RUSTC_WRAPPER: sccache
2026-06-11T10:41:37.7536188Z   SCCACHE_PATH: /opt/hostedtoolcache/sccache/0.15.0/x64/sccache
2026-06-11T10:41:37.7536556Z   ACTIONS_CACHE_SERVICE_V2: on
2026-06-11T10:41:37.7536996Z   ACTIONS_RESULTS_URL: https://results-receiver.actions.githubusercontent.com/
2026-06-11T10:41:37.7578763Z   ACTIONS_RUNTIME_TOKEN: ***
2026-06-11T10:41:37.7579041Z   MISE_LOG_LEVEL: info
2026-06-11T10:41:37.7582230Z   MISE_GITHUB_TOKEN: ***
2026-06-11T10:41:37.7582654Z   MISE_TRUSTED_CONFIG_PATHS: /home/runner/work/velnor-actions-fixture/velnor-actions-fixture
2026-06-11T10:41:37.7583107Z   MISE_YES: 1
2026-06-11T10:41:37.7583321Z   CARGO_HOME: /home/runner/.cargo
2026-06-11T10:41:37.7585263Z   PATH: /home/runner/.cargo/bin:/home/runner/.local/share/mise/installs/cargo-cargo-nextest/0.9.137/bin:/home/runner/.local/share/mise/installs/just/1.52.0:/home/runner/.local/share/mise/shims:/home/runner/.local/share/mise/bin:/opt/hostedtoolcache/sccache/0.15.0/x64:/snap/bin:/home/runner/.local/bin:/opt/pipx_bin:/home/runner/.cargo/bin:/home/runner/.config/composer/vendor/bin:/usr/local/.ghcup/bin:/home/runner/.dotnet/tools:/usr/local/sbin:/usr/local/bin:/usr/sbin:/usr/bin:/sbin:/bin:/usr/games:/usr/local/games:/snap/bin
2026-06-11T10:41:37.7587123Z   RUSTUP_HOME: /home/runner/.rustup
2026-06-11T10:41:37.7587403Z   RUSTUP_TOOLCHAIN: 1.96.0
2026-06-11T10:41:37.7587650Z   CACHE_ON_FAILURE: false
2026-06-11T10:41:37.7587893Z   CARGO_INCREMENTAL: 0
2026-06-11T10:41:37.7588124Z   FIXTURE_PACKAGE: app-b
2026-06-11T10:41:37.7588356Z ##[endgroup]
2026-06-11T10:41:37.9059561Z With the provided path, there will be 1 file uploaded
2026-06-11T10:41:37.9065814Z Artifact name is valid!
2026-06-11T10:41:37.9066366Z Root directory input is valid!
2026-06-11T10:41:38.1225851Z Uploading artifact: result-github-app-b.zip
2026-06-11T10:41:38.1284976Z Beginning upload of artifact content to blob storage
2026-06-11T10:41:38.2630345Z Uploaded bytes 211
2026-06-11T10:41:38.2943710Z Finished uploading artifact content to blob storage!
2026-06-11T10:41:38.2945323Z SHA256 digest of uploaded artifact is c492a0a54f05ed900ad188e41ad7277b442bd9436833967a093003f1f5bab94f
2026-06-11T10:41:38.2946367Z Finalizing artifact upload
2026-06-11T10:41:38.5626134Z Artifact result-github-app-b successfully finalized. Artifact ID 7561830184
2026-06-11T10:41:38.5628020Z Artifact result-github-app-b has been successfully uploaded! Final size is 211 bytes. Artifact ID is 7561830184
2026-06-11T10:41:38.5631774Z Artifact download URL: https://github.com/tailrocks/velnor-actions-fixture/actions/runs/27341195843/artifacts/7561830184
2026-06-11T10:41:38.5768937Z Post job cleanup.
2026-06-11T10:41:38.8604534Z Cache up-to-date.
2026-06-11T10:41:38.8607669Z (node:2890) [DEP0040] DeprecationWarning: The `punycode` module is deprecated. Please use a userland alternative instead.
2026-06-11T10:41:38.8608478Z (Use `node --trace-deprecation ...` to show where the warning was created)
2026-06-11T10:41:38.8776335Z Post job cleanup.
2026-06-11T10:41:38.9632670Z ##[group]Get human-readable stats
2026-06-11T10:41:38.9651150Z [command]/opt/hostedtoolcache/sccache/0.15.0/x64/sccache --show-stats
2026-06-11T10:41:38.9704886Z Compile requests                      13
2026-06-11T10:41:38.9705475Z Compile requests executed              2
2026-06-11T10:41:38.9705796Z Cache hits                             2
2026-06-11T10:41:38.9706081Z Cache hits (Rust)                      2
2026-06-11T10:41:38.9706356Z Cache misses                           0
2026-06-11T10:41:38.9706625Z Cache hits rate                   100.00 %
2026-06-11T10:41:38.9706911Z Cache hits rate (Rust)            100.00 %
2026-06-11T10:41:38.9707192Z Cache timeouts                         0
2026-06-11T10:41:38.9707462Z Cache read errors                      0
2026-06-11T10:41:38.9707733Z Forced recaches                        0
2026-06-11T10:41:38.9708002Z Cache write errors                     0
2026-06-11T10:41:38.9708317Z Cache errors                           0
2026-06-11T10:41:38.9708586Z Compilations                           0
2026-06-11T10:41:38.9708863Z Compilation failures                   0
2026-06-11T10:41:38.9709141Z Non-cacheable compilations             0
2026-06-11T10:41:38.9709427Z Non-cacheable calls                   11
2026-06-11T10:41:38.9709715Z Non-compilation calls                  0
2026-06-11T10:41:38.9709997Z Unsupported compiler calls             0
2026-06-11T10:41:38.9710317Z Average cache write                0.000 s
2026-06-11T10:41:38.9710631Z Average compiler                   0.000 s
2026-06-11T10:41:38.9710922Z Average cache read hit             0.155 s
2026-06-11T10:41:38.9711215Z Failed distributed compilations        0
2026-06-11T10:41:38.9711404Z 
2026-06-11T10:41:38.9711506Z Non-cacheable reasons:
2026-06-11T10:41:38.9711755Z -                                      3
2026-06-11T10:41:38.9712030Z crate-type                             2
2026-06-11T10:41:38.9712324Z missing input                          2
2026-06-11T10:41:38.9712595Z missing output_dir                     2
2026-06-11T10:41:38.9712874Z multiple input files                   2
2026-06-11T10:41:38.9713051Z 
2026-06-11T10:41:38.9713447Z Cache location                  ghac, name: 7e0726055e1e4f1baa01c3967c5cfadc05877ea5de0f1b2d553463f71b5d0d86, prefix: /sccache/
2026-06-11T10:41:38.9714471Z Base directories                (none)
2026-06-11T10:41:38.9714771Z Version (client)                0.15.0
2026-06-11T10:41:38.9758097Z ##[endgroup]
2026-06-11T10:41:38.9758827Z ##[group]Get JSON stats
2026-06-11T10:41:38.9760653Z [command]/opt/hostedtoolcache/sccache/0.15.0/x64/sccache --show-stats --stats-format=json
2026-06-11T10:41:38.9798618Z {"stats":{"compile_requests":13,"requests_unsupported_compiler":0,"requests_not_compile":0,"requests_not_cacheable":11,"requests_executed":2,"cache_errors":{"counts":{},"adv_counts":{}},"cache_hits":{"counts":{"Rust":2},"adv_counts":{"rust":2}},"cache_misses":{"counts":{},"adv_counts":{}},"cache_timeouts":0,"cache_read_errors":0,"non_cacheable_compilations":0,"forced_recaches":0,"cache_write_errors":0,"cache_writes":0,"cache_write_duration":{"secs":0,"nanos":0},"cache_read_hit_duration":{"secs":0,"nanos":310725744},"compilations":0,"compiler_write_duration":{"secs":0,"nanos":0},"compile_fails":0,"not_cached":{"missing input":2,"crate-type":2,"multiple input files":2,"-":3,"missing output_dir":2},"dist_compiles":{},"dist_errors":0,"multi_level":null},"cache_location":"ghac, name: 7e0726055e1e4f1baa01c3967c5cfadc05877ea5de0f1b2d553463f71b5d0d86, prefix: /sccache/","cache_size":null,"max_cache_size":null,"use_preprocessor_cache_mode":false,"version":"0.15.0","basedirs":[]}
2026-06-11T10:41:38.9802937Z ##[endgroup]
2026-06-11T10:41:38.9824195Z ##[notice]100% - 2 hits, 0 misses, 0 errors
2026-06-11T10:41:38.9832374Z 
2026-06-11T10:41:38.9832564Z Full human-readable stats:
2026-06-11T10:41:38.9832941Z Compile requests                      13
2026-06-11T10:41:38.9833295Z Compile requests executed              2
2026-06-11T10:41:38.9834209Z Cache hits                             2
2026-06-11T10:41:38.9834603Z Cache hits (Rust)                      2
2026-06-11T10:41:38.9834890Z Cache misses                           0
2026-06-11T10:41:38.9835173Z Cache hits rate                   100.00 %
2026-06-11T10:41:38.9835466Z Cache hits rate (Rust)            100.00 %
2026-06-11T10:41:38.9835745Z Cache timeouts                         0
2026-06-11T10:41:38.9836043Z Cache read errors                      0
2026-06-11T10:41:38.9836322Z Forced recaches                        0
2026-06-11T10:41:38.9836618Z Cache write errors                     0
2026-06-11T10:41:38.9836886Z Cache errors                           0
2026-06-11T10:41:38.9837158Z Compilations                           0
2026-06-11T10:41:38.9837455Z Compilation failures                   0
2026-06-11T10:41:38.9837757Z Non-cacheable compilations             0
2026-06-11T10:41:38.9838054Z Non-cacheable calls                   11
2026-06-11T10:41:38.9838596Z Non-compilation calls                  0
2026-06-11T10:41:38.9839151Z Unsupported compiler calls             0
2026-06-11T10:41:38.9839718Z Average cache write                0.000 s
2026-06-11T10:41:38.9840291Z Average compiler                   0.000 s
2026-06-11T10:41:38.9840624Z Average cache read hit             0.155 s
2026-06-11T10:41:38.9841084Z Failed distributed compilations        0
2026-06-11T10:41:38.9841291Z 
2026-06-11T10:41:38.9841393Z Non-cacheable reasons:
2026-06-11T10:41:38.9841634Z -                                      3
2026-06-11T10:41:38.9841921Z crate-type                             2
2026-06-11T10:41:38.9842195Z missing input                          2
2026-06-11T10:41:38.9842468Z missing output_dir                     2
2026-06-11T10:41:38.9842742Z multiple input files                   2
2026-06-11T10:41:38.9842926Z 
2026-06-11T10:41:38.9843306Z Cache location                  ghac, name: 7e0726055e1e4f1baa01c3967c5cfadc05877ea5de0f1b2d553463f71b5d0d86, prefix: /sccache/
2026-06-11T10:41:38.9844211Z Base directories                (none)
2026-06-11T10:41:38.9844514Z Version (client)                0.15.0
2026-06-11T10:41:38.9844696Z 
2026-06-11T10:41:38.9973234Z Post job cleanup.
2026-06-11T10:41:39.0850205Z [command]/usr/bin/git version
2026-06-11T10:41:39.0888363Z git version 2.54.0
2026-06-11T10:41:39.0929375Z Temporarily overriding HOME='/home/runner/work/_temp/5f984bab-1df3-426f-b7da-4d714df01e1b' before making global git config changes
2026-06-11T10:41:39.0930346Z Adding repository directory to the temporary git global config as a safe directory
2026-06-11T10:41:39.0935308Z [command]/usr/bin/git config --global --add safe.directory /home/runner/work/velnor-actions-fixture/velnor-actions-fixture
2026-06-11T10:41:39.0969702Z Removing SSH command configuration
2026-06-11T10:41:39.0977165Z [command]/usr/bin/git config --local --name-only --get-regexp core\.sshCommand
2026-06-11T10:41:39.1017911Z [command]/usr/bin/git submodule foreach --recursive sh -c "git config --local --name-only --get-regexp 'core\.sshCommand' && git config --local --unset-all 'core.sshCommand' || :"
2026-06-11T10:41:39.1284343Z Removing HTTP extra header
2026-06-11T10:41:39.1289861Z [command]/usr/bin/git config --local --name-only --get-regexp http\.https\:\/\/github\.com\/\.extraheader
2026-06-11T10:41:39.1326819Z [command]/usr/bin/git submodule foreach --recursive sh -c "git config --local --name-only --get-regexp 'http\.https\:\/\/github\.com\/\.extraheader' && git config --local --unset-all 'http.https://github.com/.extraheader' || :"
2026-06-11T10:41:39.1558804Z Removing includeIf entries pointing to credentials config files
2026-06-11T10:41:39.1566650Z [command]/usr/bin/git config --local --name-only --get-regexp ^includeIf\.gitdir:
2026-06-11T10:41:39.1597644Z includeif.gitdir:/home/runner/work/velnor-actions-fixture/velnor-actions-fixture/.git.path
2026-06-11T10:41:39.1598671Z includeif.gitdir:/home/runner/work/velnor-actions-fixture/velnor-actions-fixture/.git/worktrees/*.path
2026-06-11T10:41:39.1599429Z includeif.gitdir:/github/workspace/.git.path
2026-06-11T10:41:39.1599991Z includeif.gitdir:/github/workspace/.git/worktrees/*.path
2026-06-11T10:41:39.1611300Z [command]/usr/bin/git config --local --get-all includeif.gitdir:/home/runner/work/velnor-actions-fixture/velnor-actions-fixture/.git.path
2026-06-11T10:41:39.1637381Z /home/runner/work/_temp/git-credentials-e7d2336f-6e03-4e31-87e9-7f23115061ae.config
2026-06-11T10:41:39.1652325Z [command]/usr/bin/git config --local --unset includeif.gitdir:/home/runner/work/velnor-actions-fixture/velnor-actions-fixture/.git.path /home/runner/work/_temp/git-credentials-e7d2336f-6e03-4e31-87e9-7f23115061ae.config
2026-06-11T10:41:39.1701624Z [command]/usr/bin/git config --local --get-all includeif.gitdir:/home/runner/work/velnor-actions-fixture/velnor-actions-fixture/.git/worktrees/*.path
2026-06-11T10:41:39.1730863Z /home/runner/work/_temp/git-credentials-e7d2336f-6e03-4e31-87e9-7f23115061ae.config
2026-06-11T10:41:39.1745223Z [command]/usr/bin/git config --local --unset includeif.gitdir:/home/runner/work/velnor-actions-fixture/velnor-actions-fixture/.git/worktrees/*.path /home/runner/work/_temp/git-credentials-e7d2336f-6e03-4e31-87e9-7f23115061ae.config
2026-06-11T10:41:39.1784644Z [command]/usr/bin/git config --local --get-all includeif.gitdir:/github/workspace/.git.path
2026-06-11T10:41:39.1809291Z /github/runner_temp/git-credentials-e7d2336f-6e03-4e31-87e9-7f23115061ae.config
2026-06-11T10:41:39.1820236Z [command]/usr/bin/git config --local --unset includeif.gitdir:/github/workspace/.git.path /github/runner_temp/git-credentials-e7d2336f-6e03-4e31-87e9-7f23115061ae.config
2026-06-11T10:41:39.1858746Z [command]/usr/bin/git config --local --get-all includeif.gitdir:/github/workspace/.git/worktrees/*.path
2026-06-11T10:41:39.1884332Z /github/runner_temp/git-credentials-e7d2336f-6e03-4e31-87e9-7f23115061ae.config
2026-06-11T10:41:39.1897720Z [command]/usr/bin/git config --local --unset includeif.gitdir:/github/workspace/.git/worktrees/*.path /github/runner_temp/git-credentials-e7d2336f-6e03-4e31-87e9-7f23115061ae.config
2026-06-11T10:41:39.1940026Z [command]/usr/bin/git submodule foreach --recursive git config --local --show-origin --name-only --get-regexp remote.origin.url
2026-06-11T10:41:39.2201573Z Removing credentials config '/home/runner/work/_temp/git-credentials-e7d2336f-6e03-4e31-87e9-7f23115061ae.config'
2026-06-11T10:41:39.2342484Z Cleaning up orphan processes
2026-06-11T10:41:39.2814112Z Terminate orphan process: pid (2587) (sccache)
