2026-06-11T12:25:11.2029906Z Current runner version: '2.334.0'
2026-06-11T12:25:11.2107641Z ##[group]Runner Image Provisioner
2026-06-11T12:25:11.2109173Z Hosted Compute Agent
2026-06-11T12:25:11.2110215Z Version: 20260520.533
2026-06-11T12:25:11.2111353Z Commit: 189110e25284a9812c124fd27b339e2fb4f2f9db
2026-06-11T12:25:11.2113095Z Build Date: 2026-05-20T17:44:04Z
2026-06-11T12:25:11.2114328Z Worker ID: {44847363-b1a5-45f7-89b6-209079c848f8}
2026-06-11T12:25:11.2115714Z Azure Region: eastus
2026-06-11T12:25:11.2116767Z ##[endgroup]
2026-06-11T12:25:11.2118967Z ##[group]Operating System
2026-06-11T12:25:11.2120099Z Ubuntu
2026-06-11T12:25:11.2121030Z 24.04.4
2026-06-11T12:25:11.2122091Z LTS
2026-06-11T12:25:11.2143512Z ##[endgroup]
2026-06-11T12:25:11.2144721Z ##[group]Runner Image
2026-06-11T12:25:11.2145842Z Image: ubuntu-24.04
2026-06-11T12:25:11.2146848Z Version: 20260525.161.1
2026-06-11T12:25:11.2149233Z Included Software: https://github.com/actions/runner-images/blob/ubuntu24/20260525.161/images/ubuntu/Ubuntu2404-Readme.md
2026-06-11T12:25:11.2152125Z Image Release: https://github.com/actions/runner-images/releases/tag/ubuntu24%2F20260525.161
2026-06-11T12:25:11.2154205Z ##[endgroup]
2026-06-11T12:25:11.2156986Z ##[group]GITHUB_TOKEN Permissions
2026-06-11T12:25:11.2160125Z Actions: read
2026-06-11T12:25:11.2161095Z Contents: read
2026-06-11T12:25:11.2162190Z Metadata: read
2026-06-11T12:25:11.2183674Z PullRequests: read
2026-06-11T12:25:11.2184887Z ##[endgroup]
2026-06-11T12:25:11.2187922Z Secret source: Actions
2026-06-11T12:25:11.2189619Z Prepare workflow directory
2026-06-11T12:25:11.2794618Z Prepare all required actions
2026-06-11T12:25:11.2849862Z Getting action download info
2026-06-11T12:25:11.7237649Z Download action repository 'actions/checkout@df4cb1c069e1874edd31b4311f1884172cec0e10' (SHA:df4cb1c069e1874edd31b4311f1884172cec0e10)
2026-06-11T12:25:11.9343090Z Download action repository 'actions/cache@27d5ce7f107fe9357f9df03efb73ab90386fccae' (SHA:27d5ce7f107fe9357f9df03efb73ab90386fccae)
2026-06-11T12:25:12.0451259Z Download action repository 'rui314/setup-mold@9c9c13bf4c3f1adef0cc596abc155580bcb04444' (SHA:9c9c13bf4c3f1adef0cc596abc155580bcb04444)
2026-06-11T12:25:12.1290704Z Download action repository 'mozilla-actions/sccache-action@9e7fa8a12102821edf02ca5dbea1acd0f89a2696' (SHA:9e7fa8a12102821edf02ca5dbea1acd0f89a2696)
2026-06-11T12:25:12.2568504Z Download action repository 'jdx/mise-action@dba19683ed58901619b14f395a24841710cb4925' (SHA:dba19683ed58901619b14f395a24841710cb4925)
2026-06-11T12:25:12.6355669Z Complete job name: Test coingecko-pricing-app (GitHub)
2026-06-11T12:25:12.7221495Z ##[group]Run actions/checkout@df4cb1c069e1874edd31b4311f1884172cec0e10
2026-06-11T12:25:12.7223579Z with:
2026-06-11T12:25:12.7224479Z   repository: ChainArgos/java-monorepo
2026-06-11T12:25:12.7235220Z   token: ***
2026-06-11T12:25:12.7236099Z   ssh-strict: true
2026-06-11T12:25:12.7236987Z   ssh-user: git
2026-06-11T12:25:12.7237896Z   persist-credentials: true
2026-06-11T12:25:12.7238903Z   clean: true
2026-06-11T12:25:12.7239815Z   sparse-checkout-cone-mode: true
2026-06-11T12:25:12.7240928Z   fetch-depth: 1
2026-06-11T12:25:12.7241805Z   fetch-tags: false
2026-06-11T12:25:12.7242964Z   show-progress: true
2026-06-11T12:25:12.7244039Z   lfs: false
2026-06-11T12:25:12.7244897Z   submodules: false
2026-06-11T12:25:12.7245823Z   set-safe-directory: true
2026-06-11T12:25:12.7247125Z env:
2026-06-11T12:25:12.7247948Z   CARGO_TERM_COLOR: always
2026-06-11T12:25:12.7248940Z   CARGO_INCREMENTAL: 0
2026-06-11T12:25:12.7249937Z   RUSTFLAGS: -C link-arg=-fuse-ld=mold
2026-06-11T12:25:12.7251088Z   CARGO_BUILD_JOBS: 6
2026-06-11T12:25:12.7252023Z   RUSTC_WRAPPER: sccache
2026-06-11T12:25:12.7253210Z   SCCACHE_GHA_ENABLED: true
2026-06-11T12:25:12.7254202Z ##[endgroup]
2026-06-11T12:25:12.8410324Z Syncing repository: ChainArgos/java-monorepo
2026-06-11T12:25:12.8414121Z ##[group]Getting Git version info
2026-06-11T12:25:12.8415839Z Working directory is '/home/runner/work/java-monorepo/java-monorepo'
2026-06-11T12:25:12.8422681Z [command]/usr/bin/git version
2026-06-11T12:25:12.8469091Z git version 2.54.0
2026-06-11T12:25:12.8530177Z ##[endgroup]
2026-06-11T12:25:12.8546741Z Temporarily overriding HOME='/home/runner/work/_temp/cb7b3795-e23f-4404-8b8a-f729f878d879' before making global git config changes
2026-06-11T12:25:12.8553655Z Adding repository directory to the temporary git global config as a safe directory
2026-06-11T12:25:12.8575911Z [command]/usr/bin/git config --global --add safe.directory /home/runner/work/java-monorepo/java-monorepo
2026-06-11T12:25:12.8612046Z Deleting the contents of '/home/runner/work/java-monorepo/java-monorepo'
2026-06-11T12:25:12.8625543Z ##[group]Determining repository object format
2026-06-11T12:25:12.8628398Z ##[endgroup]
2026-06-11T12:25:12.8630090Z ##[group]Initializing the repository
2026-06-11T12:25:12.8634847Z [command]/usr/bin/git init /home/runner/work/java-monorepo/java-monorepo
2026-06-11T12:25:12.8747179Z hint: Using 'master' as the name for the initial branch. This default branch name
2026-06-11T12:25:12.8754110Z hint: will change to "main" in Git 3.0. To configure the initial branch name
2026-06-11T12:25:12.8757672Z hint: to use in all of your new repositories, which will suppress this warning,
2026-06-11T12:25:12.8760248Z hint: call:
2026-06-11T12:25:12.8761163Z hint:
2026-06-11T12:25:12.8762399Z hint: 	git config --global init.defaultBranch <name>
2026-06-11T12:25:12.8764985Z hint:
2026-06-11T12:25:12.8767385Z hint: Names commonly chosen instead of 'master' are 'main', 'trunk' and
2026-06-11T12:25:12.8771309Z hint: 'development'. The just-created branch can be renamed via this command:
2026-06-11T12:25:12.8774799Z hint:
2026-06-11T12:25:12.8776591Z hint: 	git branch -m <name>
2026-06-11T12:25:12.8778499Z hint:
2026-06-11T12:25:12.8781097Z hint: Disable this message with "git config set advice.defaultBranchName false"
2026-06-11T12:25:12.8787736Z Initialized empty Git repository in /home/runner/work/java-monorepo/java-monorepo/.git/
2026-06-11T12:25:12.8794296Z [command]/usr/bin/git remote add origin https://github.com/ChainArgos/java-monorepo
2026-06-11T12:25:12.8840616Z ##[endgroup]
2026-06-11T12:25:12.8844424Z ##[group]Disabling automatic garbage collection
2026-06-11T12:25:12.8847485Z [command]/usr/bin/git config --local gc.auto 0
2026-06-11T12:25:12.8888849Z ##[endgroup]
2026-06-11T12:25:12.8892401Z ##[group]Setting up auth
2026-06-11T12:25:12.8894997Z Removing SSH command configuration
2026-06-11T12:25:12.8898068Z [command]/usr/bin/git config --local --name-only --get-regexp core\.sshCommand
2026-06-11T12:25:12.8929817Z [command]/usr/bin/git submodule foreach --recursive sh -c "git config --local --name-only --get-regexp 'core\.sshCommand' && git config --local --unset-all 'core.sshCommand' || :"
2026-06-11T12:25:12.9275668Z Removing HTTP extra header
2026-06-11T12:25:12.9279222Z [command]/usr/bin/git config --local --name-only --get-regexp http\.https\:\/\/github\.com\/\.extraheader
2026-06-11T12:25:12.9322353Z [command]/usr/bin/git submodule foreach --recursive sh -c "git config --local --name-only --get-regexp 'http\.https\:\/\/github\.com\/\.extraheader' && git config --local --unset-all 'http.https://github.com/.extraheader' || :"
2026-06-11T12:25:12.9548866Z Removing includeIf entries pointing to credentials config files
2026-06-11T12:25:12.9557634Z [command]/usr/bin/git config --local --name-only --get-regexp ^includeIf\.gitdir:
2026-06-11T12:25:12.9596059Z [command]/usr/bin/git submodule foreach --recursive git config --local --show-origin --name-only --get-regexp remote.origin.url
2026-06-11T12:25:12.9846520Z [command]/usr/bin/git config --file /home/runner/work/_temp/git-credentials-552ecfc8-e650-42f4-a7ce-2dc9ca469228.config http.https://github.com/.extraheader AUTHORIZATION: basic ***
2026-06-11T12:25:12.9892144Z [command]/usr/bin/git config --local includeIf.gitdir:/home/runner/work/java-monorepo/java-monorepo/.git.path /home/runner/work/_temp/git-credentials-552ecfc8-e650-42f4-a7ce-2dc9ca469228.config
2026-06-11T12:25:12.9926256Z [command]/usr/bin/git config --local includeIf.gitdir:/home/runner/work/java-monorepo/java-monorepo/.git/worktrees/*.path /home/runner/work/_temp/git-credentials-552ecfc8-e650-42f4-a7ce-2dc9ca469228.config
2026-06-11T12:25:12.9966853Z [command]/usr/bin/git config --local includeIf.gitdir:/github/workspace/.git.path /github/runner_temp/git-credentials-552ecfc8-e650-42f4-a7ce-2dc9ca469228.config
2026-06-11T12:25:13.0002315Z [command]/usr/bin/git config --local includeIf.gitdir:/github/workspace/.git/worktrees/*.path /github/runner_temp/git-credentials-552ecfc8-e650-42f4-a7ce-2dc9ca469228.config
2026-06-11T12:25:13.0036264Z ##[endgroup]
2026-06-11T12:25:13.0039452Z ##[group]Fetching the repository
2026-06-11T12:25:13.0058545Z [command]/usr/bin/git -c protocol.version=2 fetch --no-tags --prune --no-recurse-submodules --depth=1 origin +8fa32afa59856d67daf3aa97451afa317f93b26d:refs/remotes/origin/main
2026-06-11T12:25:15.8074262Z From https://github.com/ChainArgos/java-monorepo
2026-06-11T12:25:15.8075981Z  * [new ref]         8fa32afa59856d67daf3aa97451afa317f93b26d -> origin/main
2026-06-11T12:25:15.8129679Z [command]/usr/bin/git branch --list --remote origin/main
2026-06-11T12:25:15.8162543Z   origin/main
2026-06-11T12:25:15.8192724Z [command]/usr/bin/git rev-parse refs/remotes/origin/main
2026-06-11T12:25:15.8226990Z 8fa32afa59856d67daf3aa97451afa317f93b26d
2026-06-11T12:25:15.8251473Z ##[endgroup]
2026-06-11T12:25:15.8253186Z ##[group]Determining the checkout info
2026-06-11T12:25:15.8254766Z ##[endgroup]
2026-06-11T12:25:15.8255894Z [command]/usr/bin/git sparse-checkout disable
2026-06-11T12:25:15.8322134Z [command]/usr/bin/git config --local --unset-all extensions.worktreeConfig
2026-06-11T12:25:15.8455161Z ##[group]Checking out the ref
2026-06-11T12:25:15.8456168Z [command]/usr/bin/git checkout --progress --force -B main refs/remotes/origin/main
2026-06-11T12:25:16.4684295Z Switched to a new branch 'main'
2026-06-11T12:25:16.4700931Z branch 'main' set up to track 'origin/main'.
2026-06-11T12:25:16.5314289Z ##[endgroup]
2026-06-11T12:25:16.5375688Z [command]/usr/bin/git log -1 --format=%H
2026-06-11T12:25:16.5433731Z 8fa32afa59856d67daf3aa97451afa317f93b26d
2026-06-11T12:25:17.4600323Z ##[group]Run actions/cache@27d5ce7f107fe9357f9df03efb73ab90386fccae
2026-06-11T12:25:17.4600734Z with:
2026-06-11T12:25:17.4601131Z   path: ~/.cargo/registry/cache
~/.cargo/registry/index
~/.cargo/registry/src
~/.cargo/git/db

2026-06-11T12:25:17.4601837Z   key: cargo-registry-GitHub-Linux-e85c77d0b1218bb1a165b77d4caf81154958cf3a17a59038482fcdaa52f929b0
2026-06-11T12:25:17.4602432Z   restore-keys: cargo-registry-GitHub-Linux-

2026-06-11T12:25:17.4603108Z   enableCrossOsArchive: false
2026-06-11T12:25:17.4603409Z   fail-on-cache-miss: false
2026-06-11T12:25:17.4603670Z   lookup-only: false
2026-06-11T12:25:17.4603905Z   save-always: false
2026-06-11T12:25:17.4604126Z env:
2026-06-11T12:25:17.4604334Z   CARGO_TERM_COLOR: always
2026-06-11T12:25:17.4604598Z   CARGO_INCREMENTAL: 0
2026-06-11T12:25:17.4604896Z   RUSTFLAGS: -C link-arg=-fuse-ld=mold
2026-06-11T12:25:17.4605178Z   CARGO_BUILD_JOBS: 6
2026-06-11T12:25:17.4605415Z   RUSTC_WRAPPER: sccache
2026-06-11T12:25:17.4605691Z   SCCACHE_GHA_ENABLED: true
2026-06-11T12:25:17.4605920Z ##[endgroup]
2026-06-11T12:25:17.7355717Z Cache hit for: cargo-registry-GitHub-Linux-e85c77d0b1218bb1a165b77d4caf81154958cf3a17a59038482fcdaa52f929b0
2026-06-11T12:25:18.6539531Z Received 168476502 of 168476502 (100.0%), 188.4 MBs/sec
2026-06-11T12:25:18.6540568Z Cache Size: ~161 MB (168476502 B)
2026-06-11T12:25:18.6573737Z [command]/usr/bin/tar -xf /home/runner/work/_temp/e8a300a8-bba8-4c26-add8-3e1ceb4e6d8b/cache.tzst -P -C /home/runner/work/java-monorepo/java-monorepo --use-compress-program unzstd
2026-06-11T12:25:21.9770074Z Cache restored successfully
2026-06-11T12:25:21.9924163Z Cache restored from key: cargo-registry-GitHub-Linux-e85c77d0b1218bb1a165b77d4caf81154958cf3a17a59038482fcdaa52f929b0
2026-06-11T12:25:22.0120111Z ##[group]Run rui314/setup-mold@9c9c13bf4c3f1adef0cc596abc155580bcb04444
2026-06-11T12:25:22.0120781Z with:
2026-06-11T12:25:22.0121009Z   mold-version: 2.41.0
2026-06-11T12:25:22.0121493Z   make-default: true
2026-06-11T12:25:22.0121722Z env:
2026-06-11T12:25:22.0121934Z   CARGO_TERM_COLOR: always
2026-06-11T12:25:22.0122184Z   CARGO_INCREMENTAL: 0
2026-06-11T12:25:22.0122646Z   RUSTFLAGS: -C link-arg=-fuse-ld=mold
2026-06-11T12:25:22.0123348Z   CARGO_BUILD_JOBS: 6
2026-06-11T12:25:22.0123599Z   RUSTC_WRAPPER: sccache
2026-06-11T12:25:22.0123846Z   SCCACHE_GHA_ENABLED: true
2026-06-11T12:25:22.0124091Z ##[endgroup]
2026-06-11T12:25:22.0266848Z ##[group]Run set -x
2026-06-11T12:25:22.0267310Z [36;1mset -x[0m
2026-06-11T12:25:22.0267696Z [36;1mecho "mold 2.41.0"[0m
2026-06-11T12:25:22.0268268Z [36;1mif [ "$(whoami)" = root ]; then SUDO=; else SUDO=sudo; fi[0m
2026-06-11T12:25:22.0270153Z [36;1mwget -O- --timeout=10 --waitretry=3 --retry-connrefused --progress=dot:mega https://github.com/rui314/mold/releases/download/v2.41.0/mold-2.41.0-$(uname -m)-linux.tar.gz | $SUDO tar -C /usr/local --strip-components=1 --no-overwrite-dir -xzf -[0m
2026-06-11T12:25:22.0272383Z [36;1mtest true = true -a "$(realpath /usr/bin/ld)" != /usr/local/bin/mold && $SUDO ln -sf /usr/local/bin/mold "$(realpath /usr/bin/ld)"; true[0m
2026-06-11T12:25:22.0305304Z shell: /usr/bin/bash --noprofile --norc -e -o pipefail {0}
2026-06-11T12:25:22.0305687Z env:
2026-06-11T12:25:22.0306010Z   CARGO_TERM_COLOR: always
2026-06-11T12:25:22.0306431Z   CARGO_INCREMENTAL: 0
2026-06-11T12:25:22.0306690Z   RUSTFLAGS: -C link-arg=-fuse-ld=mold
2026-06-11T12:25:22.0306977Z   CARGO_BUILD_JOBS: 6
2026-06-11T12:25:22.0307213Z   RUSTC_WRAPPER: sccache
2026-06-11T12:25:22.0307452Z   SCCACHE_GHA_ENABLED: true
2026-06-11T12:25:22.0307693Z ##[endgroup]
2026-06-11T12:25:22.0544033Z + echo 'mold 2.41.0'
2026-06-11T12:25:22.0544504Z mold 2.41.0
2026-06-11T12:25:22.0544974Z ++ whoami
2026-06-11T12:25:22.0632323Z + '[' runner = root ']'
2026-06-11T12:25:22.0633178Z + SUDO=sudo
2026-06-11T12:25:22.0639557Z + sudo tar -C /usr/local --strip-components=1 --no-overwrite-dir -xzf -
2026-06-11T12:25:22.0653409Z ++ uname -m
2026-06-11T12:25:22.0664532Z + wget -O- --timeout=10 --waitretry=3 --retry-connrefused --progress=dot:mega https://github.com/rui314/mold/releases/download/v2.41.0/mold-2.41.0-x86_64-linux.tar.gz
2026-06-11T12:25:22.0909909Z --2026-06-11 12:25:22--  https://github.com/rui314/mold/releases/download/v2.41.0/mold-2.41.0-x86_64-linux.tar.gz
2026-06-11T12:25:22.1171646Z Resolving github.com (github.com)... 140.82.114.4
2026-06-11T12:25:22.1194428Z Connecting to github.com (github.com)|140.82.114.4|:443... connected.
2026-06-11T12:25:22.1906885Z HTTP request sent, awaiting response... 302 Found
2026-06-11T12:25:22.1916353Z Location: https://release-assets.githubusercontent.com/github-production-release-asset/299510783/f4863e5d-1747-433e-8c26-b5a1c1950d2d?sp=r&sv=2018-11-09&sr=b&spr=https&se=2026-06-11T13%3A23%3A45Z&rscd=attachment%3B+filename%3Dmold-2.41.0-x86_64-linux.tar.gz&rsct=application%2Foctet-stream&skoid=96c2d410-5711-43a1-aedd-ab1947aa7ab0&sktid=398a6654-997b-47e9-b12b-9515b896b4de&skt=2026-06-11T12%3A23%3A27Z&ske=2026-06-11T13%3A23%3A45Z&sks=b&skv=2018-11-09&sig=cPSwDIMCQZzSp8n1nXIcnLY%2BB4znRuiKG5n3iO9r9zo%3D&jwt=*** [following]
2026-06-11T12:25:22.1922665Z --2026-06-11 12:25:22--  https://release-assets.githubusercontent.com/github-production-release-asset/299510783/f4863e5d-1747-433e-8c26-b5a1c1950d2d?sp=r&sv=2018-11-09&sr=b&spr=https&se=2026-06-11T13%3A23%3A45Z&rscd=attachment%3B+filename%3Dmold-2.41.0-x86_64-linux.tar.gz&rsct=application%2Foctet-stream&skoid=96c2d410-5711-43a1-aedd-ab1947aa7ab0&sktid=398a6654-997b-47e9-b12b-9515b896b4de&skt=2026-06-11T12%3A23%3A27Z&ske=2026-06-11T13%3A23%3A45Z&sks=b&skv=2018-11-09&sig=cPSwDIMCQZzSp8n1nXIcnLY%2BB4znRuiKG5n3iO9r9zo%3D&jwt=***
2026-06-11T12:25:22.1935084Z Resolving release-assets.githubusercontent.com (release-assets.githubusercontent.com)... 185.199.108.133, 185.199.110.133, 185.199.111.133, ...
2026-06-11T12:25:22.1947906Z Connecting to release-assets.githubusercontent.com (release-assets.githubusercontent.com)|185.199.108.133|:443... connected.
2026-06-11T12:25:22.2106921Z HTTP request sent, awaiting response... 200 OK
2026-06-11T12:25:22.2108173Z Length: 5119986 (4.9M) [application/octet-stream]
2026-06-11T12:25:22.2110358Z Saving to: ‘STDOUT’
2026-06-11T12:25:22.2118805Z 
2026-06-11T12:25:22.2942417Z      0K ........ ........ ........ ........ ........ ........ 61% 36.5M 0s
2026-06-11T12:25:22.3474837Z   3072K ........ ........ ........ ......                    100% 38.6M=0.1s
2026-06-11T12:25:22.3475507Z 
2026-06-11T12:25:22.3475999Z 2026-06-11 12:25:22 (37.3 MB/s) - written to stdout [5119986/5119986]
2026-06-11T12:25:22.3476610Z 
2026-06-11T12:25:22.3633023Z ++ realpath /usr/bin/ld
2026-06-11T12:25:22.3650206Z + test true = true -a /usr/bin/x86_64-linux-gnu-ld.bfd '!=' /usr/local/bin/mold
2026-06-11T12:25:22.3654878Z ++ realpath /usr/bin/ld
2026-06-11T12:25:22.3667009Z + sudo ln -sf /usr/local/bin/mold /usr/bin/x86_64-linux-gnu-ld.bfd
2026-06-11T12:25:22.3743867Z + true
2026-06-11T12:25:22.3824640Z ##[group]Run mozilla-actions/sccache-action@9e7fa8a12102821edf02ca5dbea1acd0f89a2696
2026-06-11T12:25:22.3825118Z with:
2026-06-11T12:25:22.3828138Z   token: ***
2026-06-11T12:25:22.3828370Z   disable_annotations: false
2026-06-11T12:25:22.3828622Z env:
2026-06-11T12:25:22.3828821Z   CARGO_TERM_COLOR: always
2026-06-11T12:25:22.3829063Z   CARGO_INCREMENTAL: 0
2026-06-11T12:25:22.3829312Z   RUSTFLAGS: -C link-arg=-fuse-ld=mold
2026-06-11T12:25:22.3829596Z   CARGO_BUILD_JOBS: 6
2026-06-11T12:25:22.3829826Z   RUSTC_WRAPPER: sccache
2026-06-11T12:25:22.3830068Z   SCCACHE_GHA_ENABLED: true
2026-06-11T12:25:22.3830306Z ##[endgroup]
2026-06-11T12:25:22.7423808Z try to setup sccache version: v0.15.0
2026-06-11T12:25:22.7498016Z sccache download from url: https://github.com/mozilla/sccache/releases/download/v0.15.0/sccache-v0.15.0-x86_64-unknown-linux-musl.tar.gz
2026-06-11T12:25:22.9087930Z Correct checksum: 782d2b5dd7ae0a55ebe368ab258114d0928d019ac2d949ab85d5d02f3926709e
2026-06-11T12:25:22.9270842Z [command]/usr/bin/tar xz --warning=no-unknown-keyword --overwrite -C /home/runner/work/_temp/0f0c42e8-2642-4359-8b69-2b77a8f087cb -f /home/runner/work/_temp/eaa53246-5faf-4a16-be57-1f152bf5fab8
2026-06-11T12:25:23.1679667Z sccache extracted to: /home/runner/work/_temp/0f0c42e8-2642-4359-8b69-2b77a8f087cb
2026-06-11T12:25:23.1844293Z sccache cached to: /opt/hostedtoolcache/sccache/0.15.0/x64
2026-06-11T12:25:23.2063678Z ##[group]Run jdx/mise-action@dba19683ed58901619b14f395a24841710cb4925
2026-06-11T12:25:23.2064115Z with:
2026-06-11T12:25:23.2064373Z   install_args: rust protoc cargo:cargo-nextest
2026-06-11T12:25:23.2067668Z   github_token: ***
2026-06-11T12:25:23.2067914Z   install: true
2026-06-11T12:25:23.2068135Z   cache: true
2026-06-11T12:25:23.2068345Z   cache_save: true
2026-06-11T12:25:23.2068567Z   cache_key_prefix: mise-v1
2026-06-11T12:25:23.2068826Z   experimental: false
2026-06-11T12:25:23.2069051Z   log_level: info
2026-06-11T12:25:23.2069262Z   reshim: false
2026-06-11T12:25:23.2069486Z   add_shims_to_path: true
2026-06-11T12:25:23.2069737Z   fetch_from_github: true
2026-06-11T12:25:23.2069994Z   env: true
2026-06-11T12:25:23.2070195Z   wings_enabled: false
2026-06-11T12:25:23.2070415Z env:
2026-06-11T12:25:23.2070614Z   CARGO_TERM_COLOR: always
2026-06-11T12:25:23.2070857Z   CARGO_INCREMENTAL: 0
2026-06-11T12:25:23.2071111Z   RUSTFLAGS: -C link-arg=-fuse-ld=mold
2026-06-11T12:25:23.2071414Z   CARGO_BUILD_JOBS: 6
2026-06-11T12:25:23.2071641Z   RUSTC_WRAPPER: sccache
2026-06-11T12:25:23.2071880Z   SCCACHE_GHA_ENABLED: true
2026-06-11T12:25:23.2072202Z   SCCACHE_PATH: /opt/hostedtoolcache/sccache/0.15.0/x64/sccache
2026-06-11T12:25:23.2072561Z   ACTIONS_CACHE_SERVICE_V2: on
2026-06-11T12:25:23.2073357Z   ACTIONS_RESULTS_URL: https://results-receiver.actions.githubusercontent.com/
2026-06-11T12:25:23.2116134Z   ACTIONS_RUNTIME_TOKEN: ***
2026-06-11T12:25:23.2116401Z ##[endgroup]
2026-06-11T12:25:23.3436629Z ##[group]Restoring mise cache
2026-06-11T12:25:23.3481290Z [command]/usr/bin/ldd --version
2026-06-11T12:25:23.3561606Z ldd (Ubuntu GLIBC 2.39-0ubuntu8.7) 2.39
2026-06-11T12:25:23.3563361Z Copyright (C) 2024 Free Software Foundation, Inc.
2026-06-11T12:25:23.3564542Z This is free software; see the source for copying conditions.  There is NO
2026-06-11T12:25:23.3565845Z warranty; not even for MERCHANTABILITY or FITNESS FOR A PARTICULAR PURPOSE.
2026-06-11T12:25:23.3567109Z Written by Roland McGrath and Ulrich Drepper.
2026-06-11T12:25:25.0554546Z Cache hit for: mise-v1-linux-x64-ubuntu24-5d553c0d272ab77f6c479727d9a7a97ef11a3137cc5e7acd6feeb3c85a74fc48-f25160224585da46219cc671ebb565079f37edeec027869984cbb22b39bb8172
2026-06-11T12:25:25.4444259Z Received 42227166 of 42227166 (100.0%), 115.1 MBs/sec
2026-06-11T12:25:25.4445255Z Cache Size: ~40 MB (42227166 B)
2026-06-11T12:25:25.4474875Z [command]/usr/bin/tar -xf /home/runner/work/_temp/0bb46485-a570-495b-81bf-6cd6686667c1/cache.tzst -P -C /home/runner/work/java-monorepo/java-monorepo --use-compress-program unzstd
2026-06-11T12:25:25.7039451Z Cache restored successfully
2026-06-11T12:25:25.7075044Z mise cache restored from key: mise-v1-linux-x64-ubuntu24-5d553c0d272ab77f6c479727d9a7a97ef11a3137cc5e7acd6feeb3c85a74fc48-f25160224585da46219cc671ebb565079f37edeec027869984cbb22b39bb8172
2026-06-11T12:25:25.7077241Z ##[group]Setting env vars
2026-06-11T12:25:25.7083899Z Setting MISE_LOG_LEVEL=info
2026-06-11T12:25:25.7090028Z Setting MISE_GITHUB_TOKEN=***
2026-06-11T12:25:25.7091043Z Setting MISE_TRUSTED_CONFIG_PATHS=/home/runner/work/java-monorepo/java-monorepo
2026-06-11T12:25:25.7092040Z Setting MISE_YES=1
2026-06-11T12:25:25.7093170Z Adding /home/runner/.local/share/mise/shims to PATH
2026-06-11T12:25:25.7094486Z ##[group]Running mise --version
2026-06-11T12:25:25.7106752Z [command]/home/runner/.local/share/mise/bin/mise --version
2026-06-11T12:25:25.7199264Z 2026.6.2 linux-x64 (2026-06-09)
2026-06-11T12:25:25.7253914Z ##[endgroup]
2026-06-11T12:25:25.7418928Z ##[group]Running mise install rust protoc cargo:cargo-nextest
2026-06-11T12:25:25.7438639Z [command]/home/runner/.local/share/mise/bin/mise install rust protoc cargo:cargo-nextest
2026-06-11T12:25:26.7636119Z ##[endgroup]
2026-06-11T12:25:26.7641140Z ##[group]Running mise ls
2026-06-11T12:25:26.7657624Z [command]/home/runner/.local/share/mise/bin/mise ls
2026-06-11T12:25:26.7855932Z cargo:cargo-nextest  0.9.137                          ~/work/java-monorepo/java-monorepo/mise.toml            0.9.137
2026-06-11T12:25:26.7859518Z java                 oracle-graalvm-25.0.1 (missing)  ~/work/java-monorepo/java-monorepo/mise.toml            oracle-graalvm-25.0.1
2026-06-11T12:25:26.7861041Z node                 24.16.0 (missing)                ~/work/java-monorepo/java-monorepo/mise.toml            24.16.0
2026-06-11T12:25:26.7862267Z protoc               35.0                             ~/work/java-monorepo/java-monorepo/mise.toml            latest
2026-06-11T12:25:26.7863754Z python               3.14.6 (missing)                 ~/work/java-monorepo/java-monorepo/mise.toml            3.14
2026-06-11T12:25:26.7865110Z rust                 1.96.0 (symlink)                 ~/work/java-monorepo/java-monorepo/rust-toolchain.toml  1.96.0
2026-06-11T12:25:26.7888876Z ##[endgroup]
2026-06-11T12:25:26.7889904Z ##[group]Exporting mise environment variables
2026-06-11T12:25:26.8154856Z [command]/home/runner/.local/share/mise/bin/mise env --json
2026-06-11T12:25:26.8359900Z {
2026-06-11T12:25:26.8361142Z   "CARGO_HOME": "/home/runner/.cargo",
2026-06-11T12:25:26.8379273Z   "PATH": "/home/runner/.local/share/mise/installs/cargo-cargo-nextest/0.9.137/bin:/home/runner/.local/share/mise/installs/protoc/latest/bin:/home/runner/.cargo/bin:/home/runner/.local/share/mise/shims:/home/runner/.local/share/mise/bin:/opt/hostedtoolcache/sccache/0.15.0/x64:/snap/bin:/home/runner/.local/bin:/opt/pipx_bin:/home/runner/.cargo/bin:/home/runner/.config/composer/vendor/bin:/usr/local/.ghcup/bin:/home/runner/.dotnet/tools:/usr/local/sbin:/usr/local/bin:/usr/sbin:/usr/bin:/sbin:/bin:/usr/games:/usr/local/games:/snap/bin",
2026-06-11T12:25:26.8383197Z   "RUSTUP_HOME": "/home/runner/.rustup",
2026-06-11T12:25:26.8384436Z   "RUSTUP_TOOLCHAIN": "1.96.0"
2026-06-11T12:25:26.8385067Z }
2026-06-11T12:25:26.8386059Z ##[endgroup]
2026-06-11T12:25:26.8571466Z ##[group]Run cargo nextest run -p coingecko-pricing-app --profile ci
2026-06-11T12:25:26.8572035Z [36;1mcargo nextest run -p coingecko-pricing-app --profile ci[0m
2026-06-11T12:25:26.8600799Z shell: /usr/bin/bash -e {0}
2026-06-11T12:25:26.8601080Z env:
2026-06-11T12:25:26.8601327Z   CARGO_TERM_COLOR: always
2026-06-11T12:25:26.8601584Z   CARGO_INCREMENTAL: 0
2026-06-11T12:25:26.8601847Z   RUSTFLAGS: -C link-arg=-fuse-ld=mold
2026-06-11T12:25:26.8602139Z   CARGO_BUILD_JOBS: 6
2026-06-11T12:25:26.8602379Z   RUSTC_WRAPPER: sccache
2026-06-11T12:25:26.8602645Z   SCCACHE_GHA_ENABLED: true
2026-06-11T12:25:26.8603142Z   SCCACHE_PATH: /opt/hostedtoolcache/sccache/0.15.0/x64/sccache
2026-06-11T12:25:26.8603527Z   ACTIONS_CACHE_SERVICE_V2: on
2026-06-11T12:25:26.8603971Z   ACTIONS_RESULTS_URL: https://results-receiver.actions.githubusercontent.com/
2026-06-11T12:25:26.8646503Z   ACTIONS_RUNTIME_TOKEN: ***
2026-06-11T12:25:26.8646811Z   MISE_LOG_LEVEL: info
2026-06-11T12:25:26.8649817Z   MISE_GITHUB_TOKEN: ***
2026-06-11T12:25:26.8650192Z   MISE_TRUSTED_CONFIG_PATHS: /home/runner/work/java-monorepo/java-monorepo
2026-06-11T12:25:26.8650587Z   MISE_YES: 1
2026-06-11T12:25:26.8650822Z   CARGO_HOME: /home/runner/.cargo
2026-06-11T12:25:26.8652691Z   PATH: /home/runner/.local/share/mise/installs/cargo-cargo-nextest/0.9.137/bin:/home/runner/.local/share/mise/installs/protoc/latest/bin:/home/runner/.cargo/bin:/home/runner/.local/share/mise/shims:/home/runner/.local/share/mise/bin:/opt/hostedtoolcache/sccache/0.15.0/x64:/snap/bin:/home/runner/.local/bin:/opt/pipx_bin:/home/runner/.cargo/bin:/home/runner/.config/composer/vendor/bin:/usr/local/.ghcup/bin:/home/runner/.dotnet/tools:/usr/local/sbin:/usr/local/bin:/usr/sbin:/usr/bin:/sbin:/bin:/usr/games:/usr/local/games:/snap/bin
2026-06-11T12:25:26.8654701Z   RUSTUP_HOME: /home/runner/.rustup
2026-06-11T12:25:26.8655001Z   RUSTUP_TOOLCHAIN: 1.96.0
2026-06-11T12:25:26.8655276Z ##[endgroup]
2026-06-11T12:25:26.9400417Z info: syncing channel updates for 1.96.0-x86_64-unknown-linux-gnu
2026-06-11T12:25:27.3872271Z info: latest update on 2026-05-28 for version 1.96.0 (ac68faa20 2026-05-25)
2026-06-11T12:25:27.3920171Z info: downloading 3 components
2026-06-11T12:25:36.6354293Z [1m[92m   Compiling[0m proc-macro2 v1.0.106
2026-06-11T12:25:36.6355399Z [1m[92m   Compiling[0m quote v1.0.45
2026-06-11T12:25:36.6356233Z [1m[92m   Compiling[0m unicode-ident v1.0.24
2026-06-11T12:25:36.6356978Z [1m[92m   Compiling[0m libc v0.2.186
2026-06-11T12:25:36.6357694Z [1m[92m   Compiling[0m serde_core v1.0.228
2026-06-11T12:25:36.6358400Z [1m[92m   Compiling[0m cfg-if v1.0.4
2026-06-11T12:25:36.8614192Z [1m[92m   Compiling[0m serde v1.0.228
2026-06-11T12:25:37.0864203Z [1m[92m   Compiling[0m memchr v2.8.1
2026-06-11T12:25:37.2280932Z [1m[92m   Compiling[0m once_cell v1.21.4
2026-06-11T12:25:37.2764008Z [1m[92m   Compiling[0m itoa v1.0.18
2026-06-11T12:25:37.5654621Z [1m[92m   Compiling[0m pin-project-lite v0.2.17
2026-06-11T12:25:37.6253320Z [1m[92m   Compiling[0m smallvec v1.15.1
2026-06-11T12:25:37.6647597Z [1m[92m   Compiling[0m shlex v2.0.1
2026-06-11T12:25:37.6723974Z [1m[92m   Compiling[0m find-msvc-tools v0.1.9
2026-06-11T12:25:37.7483994Z [1m[92m   Compiling[0m futures-core v0.3.32
2026-06-11T12:25:37.7884108Z [1m[92m   Compiling[0m equivalent v1.0.2
2026-06-11T12:25:37.8354451Z [1m[92m   Compiling[0m log v0.4.32
2026-06-11T12:25:37.8504326Z [1m[92m   Compiling[0m jobserver v0.1.34
2026-06-11T12:25:37.9074053Z [1m[92m   Compiling[0m errno v0.3.14
2026-06-11T12:25:38.0014399Z [1m[92m   Compiling[0m cc v1.2.63
2026-06-11T12:25:38.0043689Z [1m[92m   Compiling[0m percent-encoding v2.3.2
2026-06-11T12:25:38.0559209Z [1m[92m   Compiling[0m socket2 v0.6.4
2026-06-11T12:25:38.0984303Z [1m[92m   Compiling[0m signal-hook-registry v1.4.8
2026-06-11T12:25:38.1192055Z [1m[92m   Compiling[0m syn v2.0.117
2026-06-11T12:25:38.1574374Z [1m[92m   Compiling[0m mio v1.2.1
2026-06-11T12:25:38.1887983Z [1m[92m   Compiling[0m slab v0.4.12
2026-06-11T12:25:38.3365291Z [1m[92m   Compiling[0m hashbrown v0.17.1
2026-06-11T12:25:38.3366376Z [1m[92m   Compiling[0m futures-sink v0.3.32
2026-06-11T12:25:38.3943504Z [1m[92m   Compiling[0m zmij v1.0.21
2026-06-11T12:25:38.4667193Z [1m[92m   Compiling[0m tracing-core v0.1.36
2026-06-11T12:25:38.4683528Z [1m[92m   Compiling[0m serde_json v1.0.150
2026-06-11T12:25:38.6624393Z [1m[92m   Compiling[0m base64 v0.22.1
2026-06-11T12:25:38.7541484Z [1m[92m   Compiling[0m futures-channel v0.3.32
2026-06-11T12:25:38.7712308Z [1m[92m   Compiling[0m indexmap v2.14.0
2026-06-11T12:25:38.8565063Z [1m[92m   Compiling[0m futures-io v0.3.32
2026-06-11T12:25:38.9667124Z [1m[92m   Compiling[0m serde_derive v1.0.228
2026-06-11T12:25:39.0149091Z [1m[92m   Compiling[0m tokio-macros v2.7.0
2026-06-11T12:25:39.0153436Z [1m[92m   Compiling[0m synstructure v0.13.2
2026-06-11T12:25:39.1235100Z [1m[92m   Compiling[0m tracing-attributes v0.1.31
2026-06-11T12:25:39.3117524Z [1m[92m   Compiling[0m zerofrom-derive v0.1.7
2026-06-11T12:25:39.3118771Z [1m[92m   Compiling[0m yoke-derive v0.8.2
2026-06-11T12:25:39.6887528Z [1m[92m   Compiling[0m futures-macro v0.3.32
2026-06-11T12:25:40.1837378Z [1m[92m   Compiling[0m stable_deref_trait v1.2.1
2026-06-11T12:25:40.3894080Z [1m[92m   Compiling[0m futures-task v0.3.32
2026-06-11T12:25:40.6914434Z [1m[92m   Compiling[0m aho-corasick v1.1.4
2026-06-11T12:25:41.6414488Z [1m[92m   Compiling[0m regex-syntax v0.8.11
2026-06-11T12:25:41.6606209Z [1m[92m   Compiling[0m zerovec-derive v0.11.3
2026-06-11T12:25:41.6934927Z [1m[92m   Compiling[0m futures-util v0.3.32
2026-06-11T12:25:42.0173534Z [1m[92m   Compiling[0m zerofrom v0.1.8
2026-06-11T12:25:42.1214173Z [1m[92m   Compiling[0m tracing v0.1.44
2026-06-11T12:25:42.3644339Z [1m[92m   Compiling[0m yoke v0.8.3
2026-06-11T12:25:42.5054350Z [1m[92m   Compiling[0m displaydoc v0.2.6
2026-06-11T12:25:42.6454325Z [1m[92m   Compiling[0m bitflags v2.13.0
2026-06-11T12:25:42.7324168Z [1m[92m   Compiling[0m anyhow v1.0.102
2026-06-11T12:25:42.8644095Z [1m[92m   Compiling[0m form_urlencoded v1.2.2
2026-06-11T12:25:43.1214500Z [1m[92m   Compiling[0m either v1.16.0
2026-06-11T12:25:43.4044487Z [1m[92m   Compiling[0m litemap v0.8.2
2026-06-11T12:25:43.4744148Z [1m[92m   Compiling[0m httparse v1.10.1
2026-06-11T12:25:43.6014153Z [1m[92m   Compiling[0m zerovec v0.11.6
2026-06-11T12:25:43.6958699Z [1m[92m   Compiling[0m writeable v0.6.3
2026-06-11T12:25:43.8024123Z [1m[92m   Compiling[0m zerotrie v0.2.4
2026-06-11T12:25:43.8909853Z [1m[92m   Compiling[0m icu_normalizer_data v2.2.0
2026-06-11T12:25:43.9644418Z [1m[92m   Compiling[0m getrandom v0.3.4
2026-06-11T12:25:44.0424342Z [1m[92m   Compiling[0m tinystr v0.8.3
2026-06-11T12:25:44.0684453Z [1m[92m   Compiling[0m potential_utf v0.1.5
2026-06-11T12:25:44.1224599Z [1m[92m   Compiling[0m icu_properties_data v2.2.0
2026-06-11T12:25:44.2945049Z [1m[92m   Compiling[0m icu_locale_core v2.2.0
2026-06-11T12:25:44.3123965Z [1m[92m   Compiling[0m typenum v1.20.1
2026-06-11T12:25:44.3694033Z [1m[92m   Compiling[0m utf8_iter v1.0.4
2026-06-11T12:25:44.3864136Z [1m[92m   Compiling[0m fs_extra v1.3.0
2026-06-11T12:25:45.0286081Z [1m[92m   Compiling[0m icu_collections v2.2.0
2026-06-11T12:25:45.0705077Z [1m[92m   Compiling[0m tower-service v0.3.3
2026-06-11T12:25:45.0913852Z [1m[92m   Compiling[0m zerocopy v0.8.50
2026-06-11T12:25:45.4034176Z [1m[92m   Compiling[0m itertools v0.14.0
2026-06-11T12:25:45.5384831Z [1m[92m   Compiling[0m atomic-waker v1.1.2
2026-06-11T12:25:45.5844435Z [1m[92m   Compiling[0m icu_provider v2.2.0
2026-06-11T12:25:45.6030503Z [1m[92m   Compiling[0m fnv v1.0.7
2026-06-11T12:25:45.6564509Z [1m[92m   Compiling[0m httpdate v1.0.3
2026-06-11T12:25:45.7374133Z [1m[92m   Compiling[0m thiserror v2.0.18
2026-06-11T12:25:45.9894686Z [1m[92m   Compiling[0m autocfg v1.5.1
2026-06-11T12:25:46.0714113Z [1m[92m   Compiling[0m try-lock v0.2.5
2026-06-11T12:25:46.1331131Z [1m[92m   Compiling[0m bytes v1.11.1
2026-06-11T12:25:46.1333621Z [1m[92m   Compiling[0m icu_properties v2.2.0
2026-06-11T12:25:46.1682091Z [1m[92m   Compiling[0m num-traits v0.2.19
2026-06-11T12:25:46.2385475Z [1m[92m   Compiling[0m want v0.3.1
2026-06-11T12:25:46.2776585Z [1m[92m   Compiling[0m icu_normalizer v2.2.0
2026-06-11T12:25:46.3389694Z [1m[92m   Compiling[0m rand_core v0.9.5
2026-06-11T12:25:46.5023410Z [1m[92m   Compiling[0m thiserror-impl v2.0.18
2026-06-11T12:25:46.5854756Z [1m[92m   Compiling[0m tokio v1.52.3
2026-06-11T12:25:46.5866556Z [1m[92m   Compiling[0m http v1.4.1
2026-06-11T12:25:46.7305245Z [1m[92m   Compiling[0m idna_adapter v1.2.2
2026-06-11T12:25:46.8240004Z [1m[92m   Compiling[0m ipnet v2.12.0
2026-06-11T12:25:47.6084047Z [1m[92m   Compiling[0m idna v1.1.0
2026-06-11T12:25:47.6864089Z [1m[92m   Compiling[0m http-body v1.0.1
2026-06-11T12:25:47.9484072Z [1m[92m   Compiling[0m ppv-lite86 v0.2.21
2026-06-11T12:25:48.0350404Z [1m[92m   Compiling[0m tokio-util v0.7.18
2026-06-11T12:25:48.0492083Z [1m[92m   Compiling[0m crossbeam-utils v0.8.21
2026-06-11T12:25:48.1034388Z [1m[92m   Compiling[0m http-body-util v0.1.3
2026-06-11T12:25:48.2513690Z [1m[92m   Compiling[0m url v2.5.8
2026-06-11T12:25:48.2953278Z [1m[92m   Compiling[0m rand_chacha v0.9.0
2026-06-11T12:25:48.3064068Z [1m[92m   Compiling[0m zeroize v1.8.2
2026-06-11T12:25:48.3173888Z [1m[92m   Compiling[0m linux-raw-sys v0.12.1
2026-06-11T12:25:48.3644297Z [1m[92m   Compiling[0m h2 v0.4.14
2026-06-11T12:25:48.3727436Z [1m[92m   Compiling[0m powerfmt v0.2.0
2026-06-11T12:25:48.5807210Z [1m[92m   Compiling[0m lazy_static v1.5.0
2026-06-11T12:25:48.6027247Z [1m[92m   Compiling[0m deranged v0.5.8
2026-06-11T12:25:48.6424721Z [1m[92m   Compiling[0m regex-automata v0.4.14
2026-06-11T12:25:49.0894194Z [1m[92m   Compiling[0m async-trait v0.1.89
2026-06-11T12:25:49.0943515Z [1m[92m   Compiling[0m rand v0.9.4
2026-06-11T12:25:49.1424338Z [1m[92m   Compiling[0m cmake v0.1.58
2026-06-11T12:25:49.2214500Z [1m[92m   Compiling[0m sync_wrapper v1.0.2
2026-06-11T12:25:49.3044102Z [1m[92m   Compiling[0m hyper v1.10.1
2026-06-11T12:25:49.3353851Z [1m[92m   Compiling[0m heck v0.5.0
2026-06-11T12:25:49.4224340Z [1m[92m   Compiling[0m dunce v1.0.5
2026-06-11T12:25:49.4964376Z [1m[92m   Compiling[0m num-conv v0.2.2
2026-06-11T12:25:49.5407715Z [1m[92m   Compiling[0m time-core v0.1.8
2026-06-11T12:25:49.5699650Z [1m[92m   Compiling[0m tower-layer v0.3.3
2026-06-11T12:25:49.7231131Z [1m[92m   Compiling[0m aws-lc-sys v0.41.0
2026-06-11T12:25:49.7894317Z [1m[92m   Compiling[0m rustls-pki-types v1.14.1
2026-06-11T12:25:49.8304076Z [1m[92m   Compiling[0m time v0.3.47
2026-06-11T12:25:49.8621142Z [1m[92m   Compiling[0m hybrid-array v0.4.12
2026-06-11T12:25:49.9654029Z [1m[92m   Compiling[0m hyper-util v0.1.20
2026-06-11T12:25:50.3258182Z [1m[92m   Compiling[0m hex v0.4.3
2026-06-11T12:25:50.4005462Z [1m[92m   Compiling[0m cpufeatures v0.3.0
2026-06-11T12:25:50.4689519Z [1m[92m   Compiling[0m getrandom v0.4.2
2026-06-11T12:25:50.6204703Z [1m[92m   Compiling[0m rand_core v0.10.1
2026-06-11T12:25:50.6499237Z [1m[92m   Compiling[0m tower v0.5.3
2026-06-11T12:25:50.8314242Z [1m[92m   Compiling[0m cmov v0.5.4
2026-06-11T12:25:50.8423804Z [1m[92m   Compiling[0m scopeguard v1.2.0
2026-06-11T12:25:50.9364464Z [1m[92m   Compiling[0m mime v0.3.17
2026-06-11T12:25:51.2094358Z [1m[92m   Compiling[0m parking_lot_core v0.9.12
2026-06-11T12:25:51.2314090Z [1m[92m   Compiling[0m ctutils v0.4.2
2026-06-11T12:25:51.2329955Z [1m[92m   Compiling[0m lock_api v0.4.14
2026-06-11T12:25:51.3277752Z [1m[92m   Compiling[0m chacha20 v0.10.0
2026-06-11T12:25:51.4495048Z [1m[92m   Compiling[0m regex v1.12.4
2026-06-11T12:25:51.4664365Z [1m[92m   Compiling[0m crypto-common v0.2.2
2026-06-11T12:25:51.5534388Z [1m[92m   Compiling[0m block-buffer v0.12.0
2026-06-11T12:25:51.6226814Z [1m[92m   Compiling[0m const-oid v0.10.2
2026-06-11T12:25:51.6845893Z [1m[92m   Compiling[0m pkg-config v0.3.33
2026-06-11T12:25:51.6954139Z [1m[92m   Compiling[0m aws-lc-rs v1.17.0
2026-06-11T12:25:51.7266838Z [1m[92m   Compiling[0m vcpkg v0.2.15
2026-06-11T12:25:51.7554036Z [1m[92m   Compiling[0m rand v0.10.1
2026-06-11T12:25:51.9424869Z [1m[92m   Compiling[0m openssl-sys v0.9.116
2026-06-11T12:25:52.0910766Z [1m[92m   Compiling[0m uuid v1.23.3
2026-06-11T12:25:52.1164106Z [1m[92m   Compiling[0m ryu v1.0.23
2026-06-11T12:25:52.2104717Z [1m[92m   Compiling[0m glob v0.3.3
2026-06-11T12:25:52.2938439Z [1m[92m   Compiling[0m tinyvec_macros v0.1.1
2026-06-11T12:25:52.3214112Z [1m[92m   Compiling[0m home v0.5.12
2026-06-11T12:25:52.3872663Z [1m[92m   Compiling[0m prettyplease v0.2.37
2026-06-11T12:25:52.3874117Z [1m[92m   Compiling[0m clang-sys v1.8.1
2026-06-11T12:25:52.4067804Z [1m[92m   Compiling[0m tinyvec v1.11.0
2026-06-11T12:25:52.4214189Z [1m[92m   Compiling[0m debugid v0.8.0
2026-06-11T12:25:52.5782607Z [1m[92m   Compiling[0m serde_urlencoded v0.7.1
2026-06-11T12:25:52.6129218Z [1m[92m   Compiling[0m axum-core v0.5.6
2026-06-11T12:25:52.6494488Z [1m[92m   Compiling[0m prost-derive v0.13.5
2026-06-11T12:25:52.6769826Z [1m[92m   Compiling[0m digest v0.11.3
2026-06-11T12:25:52.7094712Z [1m[92m   Compiling[0m serde_path_to_error v0.1.20
2026-06-11T12:25:52.8934486Z [1m[92m   Compiling[0m crunchy v0.2.4
2026-06-11T12:25:52.9924173Z [1m[92m   Compiling[0m matchit v0.8.4
2026-06-11T12:25:53.0544393Z [1m[92m   Compiling[0m openssl-probe v0.2.1
2026-06-11T12:25:53.0834058Z [1m[92m   Compiling[0m rustix v0.38.44
2026-06-11T12:25:53.0923771Z [1m[92m   Compiling[0m rustix v1.1.4
2026-06-11T12:25:53.2364312Z [1m[92m   Compiling[0m strsim v0.11.1
2026-06-11T12:25:53.4894067Z [1m[92m   Compiling[0m axum v0.8.9
2026-06-11T12:25:53.6714148Z [1m[92m   Compiling[0m unicode-normalization v0.1.25
2026-06-11T12:25:53.7016292Z [1m[92m   Compiling[0m sentry-types v0.48.2
2026-06-11T12:25:53.8094185Z [1m[92m   Compiling[0m parking_lot v0.12.5
2026-06-11T12:25:54.2084301Z [1m[92m   Compiling[0m unicode-properties v0.1.4
2026-06-11T12:25:54.3873864Z [1m[92m   Compiling[0m object v0.37.3
2026-06-11T12:25:54.5384234Z [1m[92m   Compiling[0m rustls v0.23.40
2026-06-11T12:25:54.6054437Z [1m[92m   Compiling[0m tiny-keccak v2.0.2
2026-06-11T12:25:54.7854455Z [1m[92m   Compiling[0m linux-raw-sys v0.4.15
2026-06-11T12:25:54.8324872Z [1m[92m   Compiling[0m unicode-bidi v0.3.18
2026-06-11T12:25:55.0917938Z [1m[92m   Compiling[0m minimal-lexical v0.2.1
2026-06-11T12:25:55.1204159Z [1m[92m   Compiling[0m untrusted v0.9.0
2026-06-11T12:25:55.1416666Z [1m[92m   Compiling[0m stringprep v0.1.5
2026-06-11T12:25:55.2059465Z [1m[92m   Compiling[0m prost v0.13.5
2026-06-11T12:25:55.2566950Z [1m[92m   Compiling[0m nom v7.1.3
2026-06-11T12:25:55.3434309Z [1m[92m   Compiling[0m sentry-core v0.48.2
2026-06-11T12:25:55.8204198Z [1m[92m   Compiling[0m sha2 v0.11.0
2026-06-11T12:25:55.8984361Z [1m[92m   Compiling[0m hmac v0.13.0
2026-06-11T12:25:55.9099789Z [1m[92m   Compiling[0m md-5 v0.11.0
2026-06-11T12:25:56.1433955Z [1m[92m   Compiling[0m libloading v0.8.9
2026-06-11T12:25:56.1543910Z [1m[92m   Compiling[0m fastrand v2.4.1
2026-06-11T12:25:56.2204053Z [1m[92m   Compiling[0m fixedbitset v0.5.7
2026-06-11T12:25:56.2444324Z [1m[92m   Compiling[0m byteorder v1.5.0
2026-06-11T12:25:56.3414100Z [1m[92m   Compiling[0m foldhash v0.2.0
2026-06-11T12:25:56.3634773Z [1m[92m   Compiling[0m subtle v2.6.1
2026-06-11T12:25:56.4030288Z [1m[92m   Compiling[0m gimli v0.32.3
2026-06-11T12:25:56.4234209Z [1m[92m   Compiling[0m version_check v0.9.5
2026-06-11T12:25:56.4849169Z [1m[92m   Compiling[0m siphasher v1.0.3
2026-06-11T12:25:56.5333903Z [1m[92m   Compiling[0m openssl v0.10.80
2026-06-11T12:25:56.5544696Z [1m[92m   Compiling[0m iana-time-zone v0.1.65
2026-06-11T12:25:56.6244446Z [1m[92m   Compiling[0m adler2 v2.0.1
2026-06-11T12:25:56.7354584Z [1m[92m   Compiling[0m portable-atomic v1.13.1
2026-06-11T12:25:56.8376672Z [1m[92m   Compiling[0m foreign-types-shared v0.1.1
2026-06-11T12:25:56.9064006Z [1m[92m   Compiling[0m fallible-iterator v0.2.0
2026-06-11T12:25:56.9234150Z [1m[92m   Compiling[0m allocator-api2 v0.2.21
2026-06-11T12:25:57.0652655Z [1m[92m   Compiling[0m bindgen v0.66.1
2026-06-11T12:25:57.0924623Z [1m[92m   Compiling[0m foreign-types v0.3.2
2026-06-11T12:25:57.1732097Z [1m[92m   Compiling[0m addr2line v0.25.1
2026-06-11T12:25:57.2104546Z [1m[92m   Compiling[0m hashbrown v0.16.1
2026-06-11T12:25:57.2246308Z [1m[92m   Compiling[0m miniz_oxide v0.8.9
2026-06-11T12:25:57.2324223Z [1m[92m   Compiling[0m chrono v0.4.45
2026-06-11T12:25:57.4173502Z [1m[92m   Compiling[0m phf_shared v0.13.1
2026-06-11T12:25:57.4304169Z [1m[92m   Compiling[0m postgres-protocol v0.6.11
2026-06-11T12:25:57.4794299Z [1m[92m   Compiling[0m generic-array v0.14.9
2026-06-11T12:25:57.5264476Z [1m[92m   Compiling[0m petgraph v0.7.1
2026-06-11T12:25:57.5825192Z [1m[92m   Compiling[0m tempfile v3.27.0
2026-06-11T12:25:57.6680346Z [1m[92m   Compiling[0m which v4.4.2
2026-06-11T12:25:57.7484122Z [1m[92m   Compiling[0m cexpr v0.6.0
2026-06-11T12:25:58.0854321Z [1m[92m   Compiling[0m prost-types v0.13.5
2026-06-11T12:25:58.2024379Z [1m[92m   Compiling[0m postgres-derive v0.4.8
2026-06-11T12:25:58.9284004Z [1m[92m   Compiling[0m tokio-stream v0.1.18
2026-06-11T12:26:00.2294354Z [1m[92m   Compiling[0m prost-derive v0.14.4
2026-06-11T12:26:00.3564200Z [1m[92m   Compiling[0m pin-project-internal v1.1.13
2026-06-11T12:26:01.0259804Z [1m[92m   Compiling[0m openssl-macros v0.1.1
2026-06-11T12:26:01.1393324Z [1m[92m   Compiling[0m getrandom v0.2.17
2026-06-11T12:26:01.5345003Z [1m[92m   Compiling[0m multimap v0.10.1
2026-06-11T12:26:01.7494366Z [1m[92m   Compiling[0m rustversion v1.0.22
2026-06-11T12:26:01.8534077Z [1m[92m   Compiling[0m lazycell v1.3.0
2026-06-11T12:26:01.9452372Z [1m[92m   Compiling[0m typeid v1.0.3
2026-06-11T12:26:02.1544486Z [1m[92m   Compiling[0m shlex v1.3.0
2026-06-11T12:26:02.1683652Z [1m[92m   Compiling[0m ucd-trie v0.1.7
2026-06-11T12:26:02.3244006Z [1m[92m   Compiling[0m rustc-hash v1.1.0
2026-06-11T12:26:02.4384454Z [1m[92m   Compiling[0m native-tls v0.2.18
2026-06-11T12:26:02.4724222Z [1m[92m   Compiling[0m rustc-demangle v0.1.27
2026-06-11T12:26:02.7184752Z [1m[92m   Compiling[0m peeking_take_while v0.1.2
2026-06-11T12:26:02.7594600Z [1m[92m   Compiling[0m pest v2.8.6
2026-06-11T12:26:02.9414609Z [1m[92m   Compiling[0m pin-project v1.1.13
2026-06-11T12:26:03.0224034Z [1m[92m   Compiling[0m prost v0.14.4
2026-06-11T12:26:03.3164029Z [1m[92m   Compiling[0m prost-build v0.13.5
2026-06-11T12:26:03.8116316Z [1m[92m   Compiling[0m const-random-macro v0.1.16
2026-06-11T12:26:04.0704352Z [1m[92m   Compiling[0m postgres-types v0.2.13
2026-06-11T12:26:04.4144548Z [1m[92m   Compiling[0m phf v0.13.1
2026-06-11T12:26:04.5284282Z [1m[92m   Compiling[0m backtrace v0.3.76
2026-06-11T12:26:04.5474248Z [1m[92m   Compiling[0m hyper-timeout v0.5.2
2026-06-11T12:26:04.7785099Z [1m[92m   Compiling[0m num-integer v0.1.46
2026-06-11T12:26:04.9104447Z [1m[92m   Compiling[0m deadpool-runtime v0.1.4
2026-06-11T12:26:04.9513908Z [1m[92m   Compiling[0m num_cpus v1.17.0
2026-06-11T12:26:04.9714866Z [1m[92m   Compiling[0m whoami v2.1.2
2026-06-11T12:26:05.0926985Z [1m[92m   Compiling[0m hashbrown v0.14.5
2026-06-11T12:26:05.0976752Z [1m[92m   Compiling[0m semver v1.0.28
2026-06-11T12:26:05.1424795Z [1m[92m   Compiling[0m unicode-segmentation v1.13.3
2026-06-11T12:26:05.1824094Z [1m[92m   Compiling[0m ident_case v1.0.1
2026-06-11T12:26:05.1954582Z [1m[92m   Compiling[0m thiserror v1.0.69
2026-06-11T12:26:05.2937916Z [1m[92m   Compiling[0m rustc_version v0.4.1
2026-06-11T12:26:05.3534119Z [1m[92m   Compiling[0m darling_core v0.23.0
2026-06-11T12:26:05.3920661Z [1m[92m   Compiling[0m tokio-postgres v0.7.17
2026-06-11T12:26:05.4684455Z [1m[92m   Compiling[0m deadpool v0.12.3
2026-06-11T12:26:05.7923907Z [1m[92m   Compiling[0m sentry-backtrace v0.48.2
2026-06-11T12:26:05.8123928Z [1m[92m   Compiling[0m tonic v0.14.6
2026-06-11T12:26:05.8304706Z [1m[92m   Compiling[0m pg_query v6.1.1
2026-06-11T12:26:05.9474013Z [1m[92m   Compiling[0m const-random v0.1.18
2026-06-11T12:26:06.1544413Z [1m[92m   Compiling[0m pest_meta v2.8.6
2026-06-11T12:26:06.4924575Z [1m[92m   Compiling[0m matchers v0.2.0
2026-06-11T12:26:06.5037995Z [1m[92m   Compiling[0m sharded-slab v0.1.7
2026-06-11T12:26:06.5107463Z [1m[92m   Compiling[0m ureq-proto v0.6.0
2026-06-11T12:26:06.8418997Z [1m[92m   Compiling[0m raw-cpuid v11.6.0
2026-06-11T12:26:06.9054220Z [1m[92m   Compiling[0m tracing-log v0.2.0
2026-06-11T12:26:06.9193899Z [1m[92m   Compiling[0m thiserror-impl v1.0.69
2026-06-11T12:26:06.9305799Z [1m[92m   Compiling[0m findshlibs v0.10.2
2026-06-11T12:26:06.9524477Z [1m[92m   Compiling[0m thread_local v1.1.9
2026-06-11T12:26:07.1683968Z [1m[92m   Compiling[0m owo-colors v4.3.0
2026-06-11T12:26:07.2354199Z [1m[92m   Compiling[0m utf8parse v0.2.2
2026-06-11T12:26:07.3244311Z [1m[92m   Compiling[0m erased-serde v0.4.10
2026-06-11T12:26:07.4474362Z [1m[92m   Compiling[0m bollard-buildkit-proto v0.7.0
2026-06-11T12:26:07.5274118Z [1m[92m   Compiling[0m nu-ansi-term v0.50.3
2026-06-11T12:26:07.6548315Z [1m[92m   Compiling[0m utf8-zero v0.8.1
2026-06-11T12:26:07.7404207Z [1m[92m   Compiling[0m quanta v0.12.6
2026-06-11T12:26:07.7819249Z [1m[92m   Compiling[0m anstyle-parse v1.0.0
2026-06-11T12:26:07.8414418Z [1m[92m   Compiling[0m tracing-subscriber v0.3.23
2026-06-11T12:26:07.8914110Z [1m[92m   Compiling[0m rapidhash v4.4.1
2026-06-11T12:26:08.1014222Z [1m[92m   Compiling[0m pest_generator v2.8.6
2026-06-11T12:26:08.2104198Z [1m[92m   Compiling[0m tonic-prost v0.14.6
2026-06-11T12:26:08.5347400Z [1m[92m   Compiling[0m dlv-list v0.5.2
2026-06-11T12:26:08.5780292Z [1m[92m   Compiling[0m tokio-native-tls v0.3.1
2026-06-11T12:26:08.6197285Z [1m[92m   Compiling[0m deadpool-postgres v0.14.1
2026-06-11T12:26:08.6784059Z [1m[92m   Compiling[0m darling_macro v0.23.0
2026-06-11T12:26:08.7273902Z [1m[92m   Compiling[0m sentry-contexts v0.48.2
2026-06-11T12:26:08.7444416Z [1m[92m   Compiling[0m num-bigint v0.4.6
2026-06-11T12:26:08.9991656Z [1m[92m   Compiling[0m prost-types v0.14.4
2026-06-11T12:26:09.2264613Z [1m[92m   Compiling[0m concurrent-queue v2.5.0
2026-06-11T12:26:09.3205316Z [1m[92m   Compiling[0m itertools v0.10.5
2026-06-11T12:26:09.3644411Z [1m[92m   Compiling[0m structmeta-derive v0.3.0
2026-06-11T12:26:09.4049858Z [1m[92m   Compiling[0m is_terminal_polyfill v1.70.2
2026-06-11T12:26:09.4654434Z [1m[92m   Compiling[0m anstyle v1.0.14
2026-06-11T12:26:09.5754355Z [1m[92m   Compiling[0m winnow v1.0.3
2026-06-11T12:26:09.7844117Z [1m[92m   Compiling[0m colorchoice v1.0.5
2026-06-11T12:26:09.9234347Z [1m[92m   Compiling[0m parking v2.2.1
2026-06-11T12:26:10.0374881Z [1m[92m   Compiling[0m cfg_aliases v0.2.1
2026-06-11T12:26:10.1164207Z [1m[92m   Compiling[0m unicode-width v0.2.2
2026-06-11T12:26:10.2064312Z [1m[92m   Compiling[0m crc32fast v1.5.0
2026-06-11T12:26:10.2704252Z [1m[92m   Compiling[0m anstyle-query v1.1.5
2026-06-11T12:26:10.3744611Z [1m[92m   Compiling[0m litrs v1.0.0
2026-06-11T12:26:10.3931186Z [1m[92m   Compiling[0m structmeta v0.3.0
2026-06-11T12:26:10.4334274Z [1m[92m   Compiling[0m anstream v1.0.0
2026-06-11T12:26:10.4403931Z [1m[92m   Compiling[0m sentry v0.48.2
2026-06-11T12:26:10.6314681Z [1m[92m   Compiling[0m document-features v0.2.12
2026-06-11T12:26:10.6360335Z [1m[92m   Compiling[0m event-listener v5.4.1
2026-06-11T12:26:10.6534583Z [1m[92m   Compiling[0m toml_parser v1.1.2+spec-1.1.0
2026-06-11T12:26:10.8609201Z [1m[92m   Compiling[0m num-rational v0.4.2
2026-06-11T12:26:10.9134092Z [1m[92m   Compiling[0m darling v0.23.0
2026-06-11T12:26:11.0966466Z [1m[92m   Compiling[0m hyper-tls v0.6.0
2026-06-11T12:26:11.1218288Z [1m[92m   Compiling[0m ordered-multimap v0.7.3
2026-06-11T12:26:11.1554841Z [1m[92m   Compiling[0m pest_derive v2.8.6
2026-06-11T12:26:11.2198816Z [1m[92m   Compiling[0m metrics v0.24.6
2026-06-11T12:26:11.4875648Z [1m[92m   Compiling[0m crypto-common v0.1.6
2026-06-11T12:26:11.6206767Z [1m[92m   Compiling[0m block-buffer v0.10.4
2026-06-11T12:26:11.6614636Z [1m[92m   Compiling[0m num-iter v0.1.45
2026-06-11T12:26:11.6687024Z [1m[92m   Compiling[0m hashlink v0.11.1
2026-06-11T12:26:11.7058045Z [1m[92m   Compiling[0m tower-http v0.6.11
2026-06-11T12:26:11.8300247Z [1m[92m   Compiling[0m left-right v0.11.7
2026-06-11T12:26:11.8524051Z [1m[92m   Compiling[0m crossbeam-epoch v0.9.18
2026-06-11T12:26:11.9679007Z [1m[92m   Compiling[0m num-complex v0.4.6
2026-06-11T12:26:11.9734560Z [1m[92m   Compiling[0m rand_xoshiro v0.7.0
2026-06-11T12:26:12.0763820Z [1m[92m   Compiling[0m async-stream-impl v0.3.6
2026-06-11T12:26:12.1194787Z [1m[92m   Compiling[0m serde_repr v0.1.20
2026-06-11T12:26:12.1781356Z [1m[92m   Compiling[0m hostname v0.4.2
2026-06-11T12:26:12.2335184Z [1m[92m   Compiling[0m uname v0.1.1
2026-06-11T12:26:12.4974352Z [1m[92m   Compiling[0m serde_spanned v1.1.1
2026-06-11T12:26:12.5715418Z [1m[92m   Compiling[0m toml_datetime v1.1.1+spec-1.1.0
2026-06-11T12:26:12.6080922Z [1m[92m   Compiling[0m encoding_rs v0.8.35
2026-06-11T12:26:12.6233994Z [1m[92m   Compiling[0m arraydeque v0.5.1
2026-06-11T12:26:12.6954550Z [1m[92m   Compiling[0m hashbag v0.1.13
2026-06-11T12:26:12.7784752Z [1m[92m   Compiling[0m clap_lex v1.1.0
2026-06-11T12:26:12.8034416Z [1m[92m   Compiling[0m futures-timer v3.0.4
2026-06-11T12:26:12.8362969Z [1m[92m   Compiling[0m sketches-ddsketch v0.3.1
2026-06-11T12:26:13.0289793Z [1m[92m   Compiling[0m metrics-exporter-prometheus v0.18.3
2026-06-11T12:26:13.0674603Z [1m[92m   Compiling[0m clap_builder v4.6.0
2026-06-11T12:26:13.1113652Z [1m[92m   Compiling[0m evmap v11.0.0
2026-06-11T12:26:13.1254519Z [1m[92m   Compiling[0m metrics-util v0.20.4
2026-06-11T12:26:13.2174388Z [1m[92m   Compiling[0m yaml-rust2 v0.11.0
2026-06-11T12:26:13.3694259Z [1m[92m   Compiling[0m toml v1.1.2+spec-1.1.0
2026-06-11T12:26:13.4834380Z [1m[92m   Compiling[0m async-stream v0.3.6
2026-06-11T12:26:13.6237055Z [1m[92m   Compiling[0m num v0.4.3
2026-06-11T12:26:13.6868950Z [1m[92m   Compiling[0m reqwest v0.13.4
2026-06-11T12:26:13.7504369Z [1m[92m   Compiling[0m digest v0.10.7
2026-06-11T12:26:13.7755053Z [1m[92m   Compiling[0m serde-untagged v0.1.9
2026-06-11T12:26:13.9214264Z [1m[92m   Compiling[0m sentry-debug-images v0.48.2
2026-06-11T12:26:14.0471179Z [1m[92m   Compiling[0m rust-ini v0.21.3
2026-06-11T12:26:14.2424284Z [1m[92m   Compiling[0m json5 v0.4.1
2026-06-11T12:26:14.3134520Z [1m[92m   Compiling[0m serde_with_macros v3.21.0
2026-06-11T12:26:14.9634214Z [1m[92m   Compiling[0m crossterm v0.29.0
2026-06-11T12:26:15.0896105Z [1m[92m   Compiling[0m event-listener-strategy v0.5.4
2026-06-11T12:26:15.1406042Z [1m[92m   Compiling[0m parse-display-derive v0.9.1
2026-06-11T12:26:16.4801342Z [1m[92m   Compiling[0m sentry-tracing v0.48.2
2026-06-11T12:26:16.5544148Z [1m[92m   Compiling[0m ron v0.12.1
2026-06-11T12:26:16.8834217Z [1m[92m   Compiling[0m sentry-panic v0.48.2
2026-06-11T12:26:17.1964026Z [1m[92m   Compiling[0m sentry-anyhow v0.48.2
2026-06-11T12:26:17.8664097Z [1m[92m   Compiling[0m convert_case v0.6.0
2026-06-11T12:26:17.9714802Z [1m[92m   Compiling[0m dashmap v6.2.1
2026-06-11T12:26:19.2904191Z [1m[92m   Compiling[0m xattr v1.6.1
2026-06-11T12:26:19.4074894Z [1m[92m   Compiling[0m rustls-native-certs v0.8.4
2026-06-11T12:26:19.7425834Z [1m[92m   Compiling[0m spinning_top v0.3.0
2026-06-11T12:26:19.7595049Z [1m[92m   Compiling[0m hyperlocal v0.9.1
2026-06-11T12:26:20.1254331Z [1m[92m   Compiling[0m clap_derive v4.6.1
2026-06-11T12:26:20.1594454Z [1m[92m   Compiling[0m futures-executor v0.3.32
2026-06-11T12:26:20.4525450Z [1m[92m   Compiling[0m schemalane-macros v0.1.0 (https://github.com/donbeave/schemalane?branch=main#dd0d79d8)
2026-06-11T12:26:20.4704110Z [1m[92m   Compiling[0m filetime v0.2.29
2026-06-11T12:26:20.8814386Z [1m[92m   Compiling[0m nonzero_ext v0.3.0
2026-06-11T12:26:21.1411774Z [1m[92m   Compiling[0m cpufeatures v0.2.17
2026-06-11T12:26:21.3281788Z [1m[92m   Compiling[0m pathdiff v0.2.3
2026-06-11T12:26:21.4439761Z [1m[92m   Compiling[0m web-time v1.1.0
2026-06-11T12:26:21.6454202Z [1m[92m   Compiling[0m rustc-hash v2.1.2
2026-06-11T12:26:21.7346957Z [1m[92m   Compiling[0m config v0.15.23
2026-06-11T12:26:21.8864175Z [1m[92m   Compiling[0m governor v0.10.4
2026-06-11T12:26:22.0504154Z [1m[92m   Compiling[0m astral-tokio-tar v0.6.2
2026-06-11T12:26:22.5394065Z [1m[92m   Compiling[0m clap v4.6.1
2026-06-11T12:26:22.9159615Z [1m[92m   Compiling[0m sha1 v0.10.6
2026-06-11T12:26:23.8714346Z [1m[92m   Compiling[0m futures v0.3.32
2026-06-11T12:26:24.4628644Z [1m[92m   Compiling[0m async-lock v3.4.2
2026-06-11T12:26:24.6174646Z [1m[92m   Compiling[0m comfy-table v7.2.2
2026-06-11T12:26:24.7113327Z [1m[92m   Compiling[0m parse-display v0.9.1
2026-06-11T12:26:26.5825394Z [1m[92m   Compiling[0m serde_with v3.21.0
2026-06-11T12:26:27.3606631Z [1m[92m   Compiling[0m tracing-request-level v0.1.0 (https://github.com/donbeave/tracing-request-level?rev=aeaca706ae0485066cdfc20c65f999a3d2980b96#aeaca706)
2026-06-11T12:26:27.4104214Z [1m[92m   Compiling[0m ferroid v2.0.0
2026-06-11T12:26:29.6124562Z [1m[92m   Compiling[0m headers-core v0.3.0
2026-06-11T12:26:29.7444247Z [1m[92m   Compiling[0m docker_credential v1.4.0
2026-06-11T12:26:29.8224079Z [1m[92m   Compiling[0m etcetera v0.11.0
2026-06-11T12:26:29.9222491Z [1m[92m   Compiling[0m dotenvy v0.15.7
2026-06-11T12:26:30.1264739Z [1m[92m   Compiling[0m headers v0.4.1
2026-06-11T12:26:30.6942239Z [1m[92m   Compiling[0m async-object-pool v0.2.0
2026-06-11T12:26:30.7818028Z [1m[92m   Compiling[0m tabwriter v1.4.1
2026-06-11T12:26:31.0524094Z [1m[92m   Compiling[0m serde_regex v1.2.0
2026-06-11T12:26:31.3204273Z [1m[92m   Compiling[0m assert-json-diff v2.0.2
2026-06-11T12:26:31.5884179Z [1m[92m   Compiling[0m path-tree v0.8.3
2026-06-11T12:26:31.7040589Z [1m[92m   Compiling[0m stringmetrics v2.2.2
2026-06-11T12:26:31.8214409Z [1m[92m   Compiling[0m similar v2.7.0
2026-06-11T12:26:32.1075047Z [1m[92m   Compiling[0m coingecko-pricing-app v0.1.0 (/home/runner/work/java-monorepo/java-monorepo/backend-rust/coingecko-pricing-app)
2026-06-11T12:26:33.4284655Z [1m[92m   Compiling[0m httpmock v0.8.3
2026-06-11T12:27:08.7170737Z [1m[92m   Compiling[0m rustls-webpki v0.103.13
2026-06-11T12:27:09.9394822Z [1m[92m   Compiling[0m ureq v3.3.0
2026-06-11T12:27:09.9454083Z [1m[92m   Compiling[0m tokio-rustls v0.26.4
2026-06-11T12:27:10.2336352Z [1m[92m   Compiling[0m hyper-rustls v0.27.9
2026-06-11T12:27:11.0114254Z [1m[92m   Compiling[0m bollard-stubs v1.52.1-rc.29.1.3
2026-06-11T12:27:13.3877775Z [1m[92m   Compiling[0m bollard v0.20.2
2026-06-11T12:27:14.0364116Z [1m[92m   Compiling[0m testcontainers v0.27.3
2026-06-11T12:27:18.0475840Z [1m[92m   Compiling[0m testcontainers-modules v0.15.0
2026-06-11T12:27:19.6632527Z [1m[92m   Compiling[0m pg_query_fmt v0.1.3 (https://github.com/donbeave/schemalane?branch=main#dd0d79d8)
2026-06-11T12:27:20.4313900Z [1m[92m   Compiling[0m schemalane-core v0.1.20 (https://github.com/donbeave/schemalane?branch=main#dd0d79d8)
2026-06-11T12:27:21.1473344Z [1m[92m   Compiling[0m schemalane-cli v0.1.26 (https://github.com/donbeave/schemalane?branch=main#dd0d79d8)
2026-06-11T12:27:22.7576800Z [1m[92m   Compiling[0m legacy-migration v0.1.0 (/home/runner/work/java-monorepo/java-monorepo/backend-rust/legacy-migration)
2026-06-11T12:27:38.2034169Z [1m[92m    Finished[0m `test` profile [unoptimized + debuginfo] target(s) in 2m 01s
2026-06-11T12:27:39.2908918Z ────────────
2026-06-11T12:27:39.2910629Z [32;1m Nextest run[0m ID [1mb8336443-7702-41d6-9652-4e0e999e074a[0m with nextest profile: [1mci[0m
2026-06-11T12:27:39.2911734Z [32;1m    Starting[0m [1m38[0m tests across [1m7[0m binaries
2026-06-11T12:27:39.2996228Z [32;1m        PASS[0m [   0.007s] ( 1/38) [35;1mcoingecko-pricing-app[0m [36mclient::model::tests[0m[36m::[0m[34;1mtest_deserialize_extra_fields_ignored[0m
2026-06-11T12:27:39.2998314Z [32;1m        PASS[0m [   0.007s] ( 2/38) [35;1mcoingecko-pricing-app[0m [36mclient::model::tests[0m[36m::[0m[34;1mtest_deserialize_error_response[0m
2026-06-11T12:27:39.3074303Z [32;1m        PASS[0m [   0.007s] ( 3/38) [35;1mcoingecko-pricing-app[0m [36mclient::model::tests[0m[36m::[0m[34;1mtest_deserialize_null_volume_and_market_cap[0m
2026-06-11T12:27:39.3076383Z [32;1m        PASS[0m [   0.007s] ( 4/38) [35;1mcoingecko-pricing-app[0m [36mclient::model::tests[0m[36m::[0m[34;1mtest_deserialize_price_parsed_as_f64[0m
2026-06-11T12:27:39.3131581Z [32;1m        PASS[0m [   0.006s] ( 5/38) [35;1mcoingecko-pricing-app[0m [36mclient::tests[0m[36m::[0m[34;1mtest_api_error_code_returns_none[0m
2026-06-11T12:27:39.3148816Z [32;1m        PASS[0m [   0.009s] ( 6/38) [35;1mcoingecko-pricing-app[0m [36mclient::model::tests[0m[36m::[0m[34;1mtest_deserialize_valid_response[0m
2026-06-11T12:27:39.3213564Z [32;1m        PASS[0m [   0.006s] ( 7/38) [35;1mcoingecko-pricing-app[0m [36mclient::tests[0m[36m::[0m[34;1mtest_empty_data_map_returns_none[0m
2026-06-11T12:27:39.3224306Z [32;1m        PASS[0m [   0.007s] ( 8/38) [35;1mcoingecko-pricing-app[0m [36mclient::tests[0m[36m::[0m[34;1mtest_missing_data_returns_none[0m
2026-06-11T12:27:39.3269394Z [32;1m        PASS[0m [   0.007s] ( 9/38) [35;1mcoingecko-pricing-app[0m [36mclient::tests[0m[36m::[0m[34;1mtest_multiple_ids_returns_none[0m
2026-06-11T12:27:39.3305272Z [32;1m        PASS[0m [   0.007s] (10/38) [35;1mcoingecko-pricing-app[0m [36mclient::tests[0m[36m::[0m[34;1mtest_null_price_returns_none[0m
2026-06-11T12:27:39.3344299Z [32;1m        PASS[0m [   0.006s] (11/38) [35;1mcoingecko-pricing-app[0m [36mclient::tests[0m[36m::[0m[34;1mtest_null_volume_and_market_cap_propagated[0m
2026-06-11T12:27:39.3364425Z [32;1m        PASS[0m [   0.007s] (12/38) [35;1mcoingecko-pricing-app[0m [36mclient::tests[0m[36m::[0m[34;1mtest_slug_mismatch_returns_none[0m
2026-06-11T12:27:39.3404455Z [32;1m        PASS[0m [   0.007s] (13/38) [35;1mcoingecko-pricing-app[0m [36mclient::tests[0m[36m::[0m[34;1mtest_valid_response_extracts_price_data[0m
2026-06-11T12:27:39.3444393Z [32;1m        PASS[0m [   0.008s] (14/38) [35;1mcoingecko-pricing-app[0m [36mtokens::tests[0m[36m::[0m[34;1mtest_predefined_tokens_match_java_tokens[0m
2026-06-11T12:27:39.3498491Z [32;1m        PASS[0m [   0.009s] (15/38) [35;1mcoingecko-pricing-app[0m [36mtokens::tests[0m[36m::[0m[34;1mtest_predefined_tokens_no_duplicates[0m
2026-06-11T12:27:39.3512120Z [32;1m        PASS[0m [   0.008s] (16/38) [35;1mcoingecko-pricing-app[0m [36mtokens::tests[0m[36m::[0m[34;1mtest_predefined_tokens_sorted[0m
2026-06-11T12:27:39.3574931Z [32;1m        PASS[0m [   0.007s] (17/38) [35;1mcoingecko-pricing-app[0m [36mweb::routes::tests[0m[36m::[0m[34;1mhealth_route_is_stable[0m
2026-06-11T12:27:39.3585012Z [32;1m        PASS[0m [   0.007s] (18/38) [35;1mcoingecko-pricing-app[0m [36mweb::routes::tests[0m[36m::[0m[34;1mmetrics_route_is_stable[0m
2026-06-11T12:27:39.3654537Z [32;1m        PASS[0m [   0.006s] (19/38) [35;1mcoingecko-pricing-app[0m [36mweb::routes::tests[0m[36m::[0m[34;1mready_route_is_stable[0m
2026-06-11T12:27:39.4540465Z [32;1m        PASS[0m [   0.095s] (20/38) [35;1mcoingecko-pricing-app::cmc_client_test[0m [34;1mtest_client_api_error_in_body_returns_none[0m
2026-06-11T12:27:39.4584642Z [32;1m        PASS[0m [   0.094s] (21/38) [35;1mcoingecko-pricing-app::cmc_client_test[0m [34;1mtest_client_extracts_price_end_to_end[0m
2026-06-11T12:27:39.5488450Z [32;1m        PASS[0m [   0.095s] (22/38) [35;1mcoingecko-pricing-app::cmc_client_test[0m [34;1mtest_client_null_optional_fields_propagated[0m
2026-06-11T12:27:39.5533020Z [32;1m        PASS[0m [   0.094s] (23/38) [35;1mcoingecko-pricing-app::cmc_client_test[0m [34;1mtest_client_retries_on_429[0m
2026-06-11T12:27:39.6456173Z [32;1m        PASS[0m [   0.097s] (24/38) [35;1mcoingecko-pricing-app::cmc_client_test[0m [34;1mtest_client_sends_correct_url_and_header[0m
2026-06-11T12:27:39.6480785Z [32;1m        PASS[0m [   0.095s] (25/38) [35;1mcoingecko-pricing-app::cmc_client_test[0m [34;1mtest_client_slug_mismatch_returns_none[0m
2026-06-11T12:27:50.7815287Z [32;1m        PASS[0m [  11.134s] (26/38) [35;1mcoingecko-pricing-app::e2e_scrape_test[0m [34;1mtest_run_scrape_graceful_failure_continues[0m
2026-06-11T12:27:50.8460602Z [32;1m        PASS[0m [  11.197s] (27/38) [35;1mcoingecko-pricing-app::e2e_scrape_test[0m [34;1mtest_run_scrape_inserts_db_token[0m
2026-06-11T12:27:54.8804700Z [32;1m        PASS[0m [   4.100s] (28/38) [35;1mcoingecko-pricing-app::pricing_upsert[0m [34;1mtest_different_tokens_same_date_distinct_rows[0m
2026-06-11T12:27:54.9423439Z [32;1m        PASS[0m [   4.095s] (29/38) [35;1mcoingecko-pricing-app::pricing_upsert[0m [34;1mtest_null_market_cap_stored_as_zero[0m
2026-06-11T12:27:58.7536298Z [32;1m        PASS[0m [   3.873s] (30/38) [35;1mcoingecko-pricing-app::pricing_upsert[0m [34;1mtest_opening_and_closing_price_equal[0m
2026-06-11T12:27:59.0258274Z [32;1m        PASS[0m [   4.084s] (31/38) [35;1mcoingecko-pricing-app::pricing_upsert[0m [34;1mtest_upsert_idempotent[0m
2026-06-11T12:28:02.6904761Z [32;1m        PASS[0m [   3.936s] (32/38) [35;1mcoingecko-pricing-app::pricing_upsert[0m [34;1mtest_upsert_inserts_row[0m
2026-06-11T12:28:02.9522007Z [32;1m        PASS[0m [   3.923s] (33/38) [35;1mcoingecko-pricing-app::tokens_integration[0m [34;1mtest_load_tokens_deduplicates[0m
2026-06-11T12:28:06.5508642Z [32;1m        PASS[0m [   3.860s] (34/38) [35;1mcoingecko-pricing-app::tokens_integration[0m [34;1mtest_load_tokens_merges_db_and_predefined[0m
2026-06-11T12:28:06.8875880Z [32;1m        PASS[0m [   3.939s] (35/38) [35;1mcoingecko-pricing-app::tokens_integration[0m [34;1mtest_load_tokens_null_slugs_excluded[0m
2026-06-11T12:28:06.8952021Z [32;1m        PASS[0m [   0.008s] (36/38) [35;1mcoingecko-pricing-app::web_test[0m [34;1mtest_health_returns_up[0m
2026-06-11T12:28:06.9021769Z [32;1m        PASS[0m [   0.007s] (37/38) [35;1mcoingecko-pricing-app::web_test[0m [34;1mtest_ready_returns_200[0m
2026-06-11T12:28:09.3709210Z [32;1m        PASS[0m [   2.821s] (38/38) [35;1mcoingecko-pricing-app::tokens_integration[0m [34;1mtest_load_tokens_sorted[0m
2026-06-11T12:28:09.3715932Z ────────────
2026-06-11T12:28:09.3716914Z [32;1m     Summary[0m [  30.081s] [1m38[0m tests run: [1m38[0m [32;1mpassed[0m, [1m0[0m [33;1mskipped[0m
2026-06-11T12:28:09.3861600Z Post job cleanup.
2026-06-11T12:28:09.5934069Z ##[group]Get human-readable stats
2026-06-11T12:28:09.5983937Z [command]/opt/hostedtoolcache/sccache/0.15.0/x64/sccache --show-stats
2026-06-11T12:28:09.6039375Z Compile requests                    927
2026-06-11T12:28:09.6043911Z Compile requests executed           817
2026-06-11T12:28:09.6044748Z Cache hits                          528
2026-06-11T12:28:09.6045520Z Cache hits (Assembler)              101
2026-06-11T12:28:09.6046284Z Cache hits (C/C++)                  103
2026-06-11T12:28:09.6048143Z Cache hits (Rust)                   324
2026-06-11T12:28:09.6048900Z Cache misses                        285
2026-06-11T12:28:09.6049648Z Cache misses (Assembler)              1
2026-06-11T12:28:09.6050450Z Cache misses (C/C++)                223
2026-06-11T12:28:09.6051196Z Cache misses (Rust)                  61
2026-06-11T12:28:09.6053429Z Cache hits rate                   64.94 %
2026-06-11T12:28:09.6054300Z Cache hits rate (Assembler)       99.02 %
2026-06-11T12:28:09.6055457Z Cache hits rate (C/C++)           31.60 %
2026-06-11T12:28:09.6056208Z Cache hits rate (Rust)            84.16 %
2026-06-11T12:28:09.6056970Z Cache timeouts                        0
2026-06-11T12:28:09.6057723Z Cache read errors                     0
2026-06-11T12:28:09.6059591Z Forced recaches                       0
2026-06-11T12:28:09.6060362Z Cache write errors                  285
2026-06-11T12:28:09.6061107Z Cache errors                          0
2026-06-11T12:28:09.6061861Z Compilations                        285
2026-06-11T12:28:09.6062598Z Compilation failures                  4
2026-06-11T12:28:09.6063742Z Non-cacheable compilations            0
2026-06-11T12:28:09.6064526Z Non-cacheable calls                 107
2026-06-11T12:28:09.6065273Z Non-compilation calls                 3
2026-06-11T12:28:09.6066040Z Unsupported compiler calls            0
2026-06-11T12:28:09.6066842Z Average cache write               0.000 s
2026-06-11T12:28:09.6067640Z Average compiler                  0.553 s
2026-06-11T12:28:09.6070047Z Average cache read hit            0.108 s
2026-06-11T12:28:09.6071566Z Failed distributed compilations       0
2026-06-11T12:28:09.6072110Z 
2026-06-11T12:28:09.6072441Z Non-cacheable reasons:
2026-06-11T12:28:09.6073435Z crate-type                           84
2026-06-11T12:28:09.6074112Z missing input                        10
2026-06-11T12:28:09.6074746Z -o                                    7
2026-06-11T12:28:09.6075382Z -                                     5
2026-06-11T12:28:09.6077732Z -E                                    1
2026-06-11T12:28:09.6078248Z 
2026-06-11T12:28:09.6079047Z Cache location                  ghac, name: 7e0726055e1e4f1baa01c3967c5cfadc05877ea5de0f1b2d553463f71b5d0d86, prefix: /sccache/
2026-06-11T12:28:09.6080217Z Base directories                (none)
2026-06-11T12:28:09.6080870Z Version (client)                0.15.0
2026-06-11T12:28:09.6083913Z ##[endgroup]
2026-06-11T12:28:09.6094255Z ##[group]Get JSON stats
2026-06-11T12:28:09.6095261Z [command]/opt/hostedtoolcache/sccache/0.15.0/x64/sccache --show-stats --stats-format=json
2026-06-11T12:28:09.6120195Z {"stats":{"compile_requests":927,"requests_unsupported_compiler":0,"requests_not_compile":3,"requests_not_cacheable":107,"requests_executed":817,"cache_errors":{"counts":{},"adv_counts":{}},"cache_hits":{"counts":{"Rust":324,"C/C++":103,"Assembler":101},"adv_counts":{"c [gcc]":103,"rust":324,"assemblerToPreprocess [gcc]":101}},"cache_misses":{"counts":{"C/C++":223,"Assembler":1,"Rust":61},"adv_counts":{"rust":61,"c [gcc]":223,"assemblerToPreprocess [gcc]":1}},"cache_timeouts":0,"cache_read_errors":0,"non_cacheable_compilations":0,"forced_recaches":0,"cache_write_errors":285,"cache_writes":0,"cache_write_duration":{"secs":0,"nanos":0},"cache_read_hit_duration":{"secs":57,"nanos":512937051},"compilations":285,"compiler_write_duration":{"secs":157,"nanos":659800028},"compile_fails":4,"not_cached":{"-o":7,"crate-type":84,"missing input":10,"-E":1,"-":5},"dist_compiles":{},"dist_errors":0,"multi_level":null},"cache_location":"ghac, name: 7e0726055e1e4f1baa01c3967c5cfadc05877ea5de0f1b2d553463f71b5d0d86, prefix: /sccache/","cache_size":null,"max_cache_size":null,"use_preprocessor_cache_mode":false,"version":"0.15.0","basedirs":[]}
2026-06-11T12:28:09.6128773Z ##[endgroup]
2026-06-11T12:28:09.6153448Z ##[notice]65% - 528 hits, 285 misses, 0 errors
2026-06-11T12:28:09.6163666Z 
2026-06-11T12:28:09.6163924Z Full human-readable stats:
2026-06-11T12:28:09.6164460Z Compile requests                    927
2026-06-11T12:28:09.6164988Z Compile requests executed           817
2026-06-11T12:28:09.6165531Z Cache hits                          528
2026-06-11T12:28:09.6166020Z Cache hits (Assembler)              101
2026-06-11T12:28:09.6166486Z Cache hits (C/C++)                  103
2026-06-11T12:28:09.6166957Z Cache hits (Rust)                   324
2026-06-11T12:28:09.6167452Z Cache misses                        285
2026-06-11T12:28:09.6167996Z Cache misses (Assembler)              1
2026-06-11T12:28:09.6168775Z Cache misses (C/C++)                223
2026-06-11T12:28:09.6169264Z Cache misses (Rust)                  61
2026-06-11T12:28:09.6169794Z Cache hits rate                   64.94 %
2026-06-11T12:28:09.6170310Z Cache hits rate (Assembler)       99.02 %
2026-06-11T12:28:09.6170849Z Cache hits rate (C/C++)           31.60 %
2026-06-11T12:28:09.6171356Z Cache hits rate (Rust)            84.16 %
2026-06-11T12:28:09.6171946Z Cache timeouts                        0
2026-06-11T12:28:09.6172472Z Cache read errors                     0
2026-06-11T12:28:09.6173179Z Forced recaches                       0
2026-06-11T12:28:09.6173717Z Cache write errors                  285
2026-06-11T12:28:09.6174201Z Cache errors                          0
2026-06-11T12:28:09.6174712Z Compilations                        285
2026-06-11T12:28:09.6175211Z Compilation failures                  4
2026-06-11T12:28:09.6175774Z Non-cacheable compilations            0
2026-06-11T12:28:09.6176297Z Non-cacheable calls                 107
2026-06-11T12:28:09.6176846Z Non-compilation calls                 3
2026-06-11T12:28:09.6177420Z Unsupported compiler calls            0
2026-06-11T12:28:09.6177944Z Average cache write               0.000 s
2026-06-11T12:28:09.6178504Z Average compiler                  0.553 s
2026-06-11T12:28:09.6179032Z Average cache read hit            0.108 s
2026-06-11T12:28:09.6179607Z Failed distributed compilations       0
2026-06-11T12:28:09.6179980Z 
2026-06-11T12:28:09.6180173Z Non-cacheable reasons:
2026-06-11T12:28:09.6180618Z crate-type                           84
2026-06-11T12:28:09.6181151Z missing input                        10
2026-06-11T12:28:09.6181697Z -o                                    7
2026-06-11T12:28:09.6182185Z -                                     5
2026-06-11T12:28:09.6182634Z -E                                    1
2026-06-11T12:28:09.6183122Z 
2026-06-11T12:28:09.6183825Z Cache location                  ghac, name: 7e0726055e1e4f1baa01c3967c5cfadc05877ea5de0f1b2d553463f71b5d0d86, prefix: /sccache/
2026-06-11T12:28:09.6184827Z Base directories                (none)
2026-06-11T12:28:09.6185298Z Version (client)                0.15.0
2026-06-11T12:28:09.6185590Z 
2026-06-11T12:28:11.0014883Z Post job cleanup.
2026-06-11T12:28:11.1483203Z Cache hit occurred on the primary key cargo-registry-GitHub-Linux-e85c77d0b1218bb1a165b77d4caf81154958cf3a17a59038482fcdaa52f929b0, not saving cache.
2026-06-11T12:28:11.1669524Z Post job cleanup.
2026-06-11T12:28:11.2661111Z [command]/usr/bin/git version
2026-06-11T12:28:11.2748529Z git version 2.54.0
2026-06-11T12:28:11.2803404Z Temporarily overriding HOME='/home/runner/work/_temp/15213990-5fc4-4566-b531-09fe74042e17' before making global git config changes
2026-06-11T12:28:11.2806806Z Adding repository directory to the temporary git global config as a safe directory
2026-06-11T12:28:11.2810485Z [command]/usr/bin/git config --global --add safe.directory /home/runner/work/java-monorepo/java-monorepo
2026-06-11T12:28:11.2845679Z Removing SSH command configuration
2026-06-11T12:28:11.2855177Z [command]/usr/bin/git config --local --name-only --get-regexp core\.sshCommand
2026-06-11T12:28:11.2896689Z [command]/usr/bin/git submodule foreach --recursive sh -c "git config --local --name-only --get-regexp 'core\.sshCommand' && git config --local --unset-all 'core.sshCommand' || :"
2026-06-11T12:28:11.3190032Z Removing HTTP extra header
2026-06-11T12:28:11.3197656Z [command]/usr/bin/git config --local --name-only --get-regexp http\.https\:\/\/github\.com\/\.extraheader
2026-06-11T12:28:11.3243731Z [command]/usr/bin/git submodule foreach --recursive sh -c "git config --local --name-only --get-regexp 'http\.https\:\/\/github\.com\/\.extraheader' && git config --local --unset-all 'http.https://github.com/.extraheader' || :"
2026-06-11T12:28:11.3487366Z Removing includeIf entries pointing to credentials config files
2026-06-11T12:28:11.3488572Z [command]/usr/bin/git config --local --name-only --get-regexp ^includeIf\.gitdir:
2026-06-11T12:28:11.3511145Z includeif.gitdir:/home/runner/work/java-monorepo/java-monorepo/.git.path
2026-06-11T12:28:11.3512697Z includeif.gitdir:/home/runner/work/java-monorepo/java-monorepo/.git/worktrees/*.path
2026-06-11T12:28:11.3513880Z includeif.gitdir:/github/workspace/.git.path
2026-06-11T12:28:11.3514542Z includeif.gitdir:/github/workspace/.git/worktrees/*.path
2026-06-11T12:28:11.3525503Z [command]/usr/bin/git config --local --get-all includeif.gitdir:/home/runner/work/java-monorepo/java-monorepo/.git.path
2026-06-11T12:28:11.3549144Z /home/runner/work/_temp/git-credentials-552ecfc8-e650-42f4-a7ce-2dc9ca469228.config
2026-06-11T12:28:11.3563695Z [command]/usr/bin/git config --local --unset includeif.gitdir:/home/runner/work/java-monorepo/java-monorepo/.git.path /home/runner/work/_temp/git-credentials-552ecfc8-e650-42f4-a7ce-2dc9ca469228.config
2026-06-11T12:28:11.3604941Z [command]/usr/bin/git config --local --get-all includeif.gitdir:/home/runner/work/java-monorepo/java-monorepo/.git/worktrees/*.path
2026-06-11T12:28:11.3630222Z /home/runner/work/_temp/git-credentials-552ecfc8-e650-42f4-a7ce-2dc9ca469228.config
2026-06-11T12:28:11.3644381Z [command]/usr/bin/git config --local --unset includeif.gitdir:/home/runner/work/java-monorepo/java-monorepo/.git/worktrees/*.path /home/runner/work/_temp/git-credentials-552ecfc8-e650-42f4-a7ce-2dc9ca469228.config
2026-06-11T12:28:11.3690596Z [command]/usr/bin/git config --local --get-all includeif.gitdir:/github/workspace/.git.path
2026-06-11T12:28:11.3703967Z /github/runner_temp/git-credentials-552ecfc8-e650-42f4-a7ce-2dc9ca469228.config
2026-06-11T12:28:11.3715296Z [command]/usr/bin/git config --local --unset includeif.gitdir:/github/workspace/.git.path /github/runner_temp/git-credentials-552ecfc8-e650-42f4-a7ce-2dc9ca469228.config
2026-06-11T12:28:11.3751219Z [command]/usr/bin/git config --local --get-all includeif.gitdir:/github/workspace/.git/worktrees/*.path
2026-06-11T12:28:11.3773598Z /github/runner_temp/git-credentials-552ecfc8-e650-42f4-a7ce-2dc9ca469228.config
2026-06-11T12:28:11.3792653Z [command]/usr/bin/git config --local --unset includeif.gitdir:/github/workspace/.git/worktrees/*.path /github/runner_temp/git-credentials-552ecfc8-e650-42f4-a7ce-2dc9ca469228.config
2026-06-11T12:28:11.3821984Z [command]/usr/bin/git submodule foreach --recursive git config --local --show-origin --name-only --get-regexp remote.origin.url
2026-06-11T12:28:11.4065475Z Removing credentials config '/home/runner/work/_temp/git-credentials-552ecfc8-e650-42f4-a7ce-2dc9ca469228.config'
2026-06-11T12:28:11.4217487Z Cleaning up orphan processes
2026-06-11T12:28:11.4600546Z Terminate orphan process: pid (2330) (sccache)
