2026-06-11T12:25:11.0484051Z Current runner version: '2.334.0'
2026-06-11T12:25:11.0539813Z ##[group]Runner Image Provisioner
2026-06-11T12:25:11.0541506Z Hosted Compute Agent
2026-06-11T12:25:11.0542703Z Version: 20260520.533
2026-06-11T12:25:11.0543831Z Commit: 189110e25284a9812c124fd27b339e2fb4f2f9db
2026-06-11T12:25:11.0545165Z Build Date: 2026-05-20T17:44:04Z
2026-06-11T12:25:11.0546396Z Worker ID: {97b29d9b-131d-4a3a-b238-d281efa04bd4}
2026-06-11T12:25:11.0547571Z Azure Region: eastus
2026-06-11T12:25:11.0548613Z ##[endgroup]
2026-06-11T12:25:11.0551474Z ##[group]Operating System
2026-06-11T12:25:11.0555316Z Ubuntu
2026-06-11T12:25:11.0556343Z 24.04.4
2026-06-11T12:25:11.0557164Z LTS
2026-06-11T12:25:11.0558014Z ##[endgroup]
2026-06-11T12:25:11.0558982Z ##[group]Runner Image
2026-06-11T12:25:11.0560013Z Image: ubuntu-24.04
2026-06-11T12:25:11.0560986Z Version: 20260525.161.1
2026-06-11T12:25:11.0563458Z Included Software: https://github.com/actions/runner-images/blob/ubuntu24/20260525.161/images/ubuntu/Ubuntu2404-Readme.md
2026-06-11T12:25:11.0566237Z Image Release: https://github.com/actions/runner-images/releases/tag/ubuntu24%2F20260525.161
2026-06-11T12:25:11.0567911Z ##[endgroup]
2026-06-11T12:25:11.0570247Z ##[group]GITHUB_TOKEN Permissions
2026-06-11T12:25:11.0593961Z Actions: read
2026-06-11T12:25:11.0594918Z Contents: read
2026-06-11T12:25:11.0595931Z Metadata: read
2026-06-11T12:25:11.0596932Z PullRequests: read
2026-06-11T12:25:11.0597893Z ##[endgroup]
2026-06-11T12:25:11.0601095Z Secret source: Actions
2026-06-11T12:25:11.0602887Z Prepare workflow directory
2026-06-11T12:25:11.1706388Z Prepare all required actions
2026-06-11T12:25:11.1765960Z Getting action download info
2026-06-11T12:25:11.6471458Z Download action repository 'actions/checkout@df4cb1c069e1874edd31b4311f1884172cec0e10' (SHA:df4cb1c069e1874edd31b4311f1884172cec0e10)
2026-06-11T12:25:11.8695085Z Download action repository 'actions/cache@27d5ce7f107fe9357f9df03efb73ab90386fccae' (SHA:27d5ce7f107fe9357f9df03efb73ab90386fccae)
2026-06-11T12:25:11.9843908Z Download action repository 'rui314/setup-mold@9c9c13bf4c3f1adef0cc596abc155580bcb04444' (SHA:9c9c13bf4c3f1adef0cc596abc155580bcb04444)
2026-06-11T12:25:12.1057814Z Download action repository 'mozilla-actions/sccache-action@9e7fa8a12102821edf02ca5dbea1acd0f89a2696' (SHA:9e7fa8a12102821edf02ca5dbea1acd0f89a2696)
2026-06-11T12:25:12.2101046Z Download action repository 'jdx/mise-action@dba19683ed58901619b14f395a24841710cb4925' (SHA:dba19683ed58901619b14f395a24841710cb4925)
2026-06-11T12:25:12.6028007Z Complete job name: Test eth-grpc-server (GitHub)
2026-06-11T12:25:12.6920499Z ##[group]Run actions/checkout@df4cb1c069e1874edd31b4311f1884172cec0e10
2026-06-11T12:25:12.6922492Z with:
2026-06-11T12:25:12.6923298Z   repository: ChainArgos/java-monorepo
2026-06-11T12:25:12.6933760Z   token: ***
2026-06-11T12:25:12.6934524Z   ssh-strict: true
2026-06-11T12:25:12.6935305Z   ssh-user: git
2026-06-11T12:25:12.6936101Z   persist-credentials: true
2026-06-11T12:25:12.6936991Z   clean: true
2026-06-11T12:25:12.6937787Z   sparse-checkout-cone-mode: true
2026-06-11T12:25:12.6938775Z   fetch-depth: 1
2026-06-11T12:25:12.6939546Z   fetch-tags: false
2026-06-11T12:25:12.6940337Z   show-progress: true
2026-06-11T12:25:12.6941134Z   lfs: false
2026-06-11T12:25:12.6942018Z   submodules: false
2026-06-11T12:25:12.6942833Z   set-safe-directory: true
2026-06-11T12:25:12.6943972Z env:
2026-06-11T12:25:12.6944710Z   CARGO_TERM_COLOR: always
2026-06-11T12:25:12.6945586Z   CARGO_INCREMENTAL: 0
2026-06-11T12:25:12.6946472Z   RUSTFLAGS: -C link-arg=-fuse-ld=mold
2026-06-11T12:25:12.6947509Z   CARGO_BUILD_JOBS: 6
2026-06-11T12:25:12.6948321Z   RUSTC_WRAPPER: sccache
2026-06-11T12:25:12.6949179Z   SCCACHE_GHA_ENABLED: true
2026-06-11T12:25:12.6950028Z ##[endgroup]
2026-06-11T12:25:12.8142185Z Syncing repository: ChainArgos/java-monorepo
2026-06-11T12:25:12.8148149Z ##[group]Getting Git version info
2026-06-11T12:25:12.8151113Z Working directory is '/home/runner/work/java-monorepo/java-monorepo'
2026-06-11T12:25:12.8155456Z [command]/usr/bin/git version
2026-06-11T12:25:12.8228588Z git version 2.54.0
2026-06-11T12:25:12.8261659Z ##[endgroup]
2026-06-11T12:25:12.8279671Z Temporarily overriding HOME='/home/runner/work/_temp/7fc7025d-346f-4869-9a00-5c807c9031f8' before making global git config changes
2026-06-11T12:25:12.8284975Z Adding repository directory to the temporary git global config as a safe directory
2026-06-11T12:25:12.8290100Z [command]/usr/bin/git config --global --add safe.directory /home/runner/work/java-monorepo/java-monorepo
2026-06-11T12:25:12.8352334Z Deleting the contents of '/home/runner/work/java-monorepo/java-monorepo'
2026-06-11T12:25:12.8365090Z ##[group]Determining repository object format
2026-06-11T12:25:12.8368980Z ##[endgroup]
2026-06-11T12:25:12.8373155Z ##[group]Initializing the repository
2026-06-11T12:25:12.8376385Z [command]/usr/bin/git init /home/runner/work/java-monorepo/java-monorepo
2026-06-11T12:25:12.8480536Z hint: Using 'master' as the name for the initial branch. This default branch name
2026-06-11T12:25:12.8483795Z hint: will change to "main" in Git 3.0. To configure the initial branch name
2026-06-11T12:25:12.8486584Z hint: to use in all of your new repositories, which will suppress this warning,
2026-06-11T12:25:12.8489120Z hint: call:
2026-06-11T12:25:12.8490809Z hint:
2026-06-11T12:25:12.8493300Z hint: 	git config --global init.defaultBranch <name>
2026-06-11T12:25:12.8495929Z hint:
2026-06-11T12:25:12.8498312Z hint: Names commonly chosen instead of 'master' are 'main', 'trunk' and
2026-06-11T12:25:12.8502407Z hint: 'development'. The just-created branch can be renamed via this command:
2026-06-11T12:25:12.8505363Z hint:
2026-06-11T12:25:12.8508352Z hint: 	git branch -m <name>
2026-06-11T12:25:12.8510476Z hint:
2026-06-11T12:25:12.8513364Z hint: Disable this message with "git config set advice.defaultBranchName false"
2026-06-11T12:25:12.8517590Z Initialized empty Git repository in /home/runner/work/java-monorepo/java-monorepo/.git/
2026-06-11T12:25:12.8526391Z [command]/usr/bin/git remote add origin https://github.com/ChainArgos/java-monorepo
2026-06-11T12:25:12.8569841Z ##[endgroup]
2026-06-11T12:25:12.8573515Z ##[group]Disabling automatic garbage collection
2026-06-11T12:25:12.8576374Z [command]/usr/bin/git config --local gc.auto 0
2026-06-11T12:25:12.8614207Z ##[endgroup]
2026-06-11T12:25:12.8617610Z ##[group]Setting up auth
2026-06-11T12:25:12.8619810Z Removing SSH command configuration
2026-06-11T12:25:12.8630563Z [command]/usr/bin/git config --local --name-only --get-regexp core\.sshCommand
2026-06-11T12:25:12.8669013Z [command]/usr/bin/git submodule foreach --recursive sh -c "git config --local --name-only --get-regexp 'core\.sshCommand' && git config --local --unset-all 'core.sshCommand' || :"
2026-06-11T12:25:12.9060857Z Removing HTTP extra header
2026-06-11T12:25:12.9067643Z [command]/usr/bin/git config --local --name-only --get-regexp http\.https\:\/\/github\.com\/\.extraheader
2026-06-11T12:25:12.9108044Z [command]/usr/bin/git submodule foreach --recursive sh -c "git config --local --name-only --get-regexp 'http\.https\:\/\/github\.com\/\.extraheader' && git config --local --unset-all 'http.https://github.com/.extraheader' || :"
2026-06-11T12:25:12.9361443Z Removing includeIf entries pointing to credentials config files
2026-06-11T12:25:12.9365556Z [command]/usr/bin/git config --local --name-only --get-regexp ^includeIf\.gitdir:
2026-06-11T12:25:12.9393367Z [command]/usr/bin/git submodule foreach --recursive git config --local --show-origin --name-only --get-regexp remote.origin.url
2026-06-11T12:25:12.9640410Z [command]/usr/bin/git config --file /home/runner/work/_temp/git-credentials-13aa60cb-8724-4b5b-ac86-588cf2a64f4b.config http.https://github.com/.extraheader AUTHORIZATION: basic ***
2026-06-11T12:25:12.9690772Z [command]/usr/bin/git config --local includeIf.gitdir:/home/runner/work/java-monorepo/java-monorepo/.git.path /home/runner/work/_temp/git-credentials-13aa60cb-8724-4b5b-ac86-588cf2a64f4b.config
2026-06-11T12:25:12.9726229Z [command]/usr/bin/git config --local includeIf.gitdir:/home/runner/work/java-monorepo/java-monorepo/.git/worktrees/*.path /home/runner/work/_temp/git-credentials-13aa60cb-8724-4b5b-ac86-588cf2a64f4b.config
2026-06-11T12:25:12.9774228Z [command]/usr/bin/git config --local includeIf.gitdir:/github/workspace/.git.path /github/runner_temp/git-credentials-13aa60cb-8724-4b5b-ac86-588cf2a64f4b.config
2026-06-11T12:25:12.9815399Z [command]/usr/bin/git config --local includeIf.gitdir:/github/workspace/.git/worktrees/*.path /github/runner_temp/git-credentials-13aa60cb-8724-4b5b-ac86-588cf2a64f4b.config
2026-06-11T12:25:12.9898012Z ##[endgroup]
2026-06-11T12:25:12.9901368Z ##[group]Fetching the repository
2026-06-11T12:25:12.9916617Z [command]/usr/bin/git -c protocol.version=2 fetch --no-tags --prune --no-recurse-submodules --depth=1 origin +8fa32afa59856d67daf3aa97451afa317f93b26d:refs/remotes/origin/main
2026-06-11T12:25:15.9141200Z From https://github.com/ChainArgos/java-monorepo
2026-06-11T12:25:15.9144067Z  * [new ref]         8fa32afa59856d67daf3aa97451afa317f93b26d -> origin/main
2026-06-11T12:25:15.9234835Z [command]/usr/bin/git branch --list --remote origin/main
2026-06-11T12:25:15.9236100Z   origin/main
2026-06-11T12:25:15.9238110Z [command]/usr/bin/git rev-parse refs/remotes/origin/main
2026-06-11T12:25:15.9362004Z 8fa32afa59856d67daf3aa97451afa317f93b26d
2026-06-11T12:25:15.9513705Z ##[endgroup]
2026-06-11T12:25:15.9802588Z ##[group]Determining the checkout info
2026-06-11T12:25:15.9847298Z ##[endgroup]
2026-06-11T12:25:15.9932051Z [command]/usr/bin/git sparse-checkout disable
2026-06-11T12:25:16.0150486Z [command]/usr/bin/git config --local --unset-all extensions.worktreeConfig
2026-06-11T12:25:16.0189611Z ##[group]Checking out the ref
2026-06-11T12:25:16.0192389Z [command]/usr/bin/git checkout --progress --force -B main refs/remotes/origin/main
2026-06-11T12:25:16.5934202Z Switched to a new branch 'main'
2026-06-11T12:25:16.5935529Z branch 'main' set up to track 'origin/main'.
2026-06-11T12:25:16.6510004Z ##[endgroup]
2026-06-11T12:25:16.6561607Z [command]/usr/bin/git log -1 --format=%H
2026-06-11T12:25:16.6589998Z 8fa32afa59856d67daf3aa97451afa317f93b26d
2026-06-11T12:25:17.5715868Z ##[group]Run actions/cache@27d5ce7f107fe9357f9df03efb73ab90386fccae
2026-06-11T12:25:17.5716336Z with:
2026-06-11T12:25:17.5716759Z   path: ~/.cargo/registry/cache
~/.cargo/registry/index
~/.cargo/registry/src
~/.cargo/git/db

2026-06-11T12:25:17.5717544Z   key: cargo-registry-GitHub-Linux-e85c77d0b1218bb1a165b77d4caf81154958cf3a17a59038482fcdaa52f929b0
2026-06-11T12:25:17.5718176Z   restore-keys: cargo-registry-GitHub-Linux-

2026-06-11T12:25:17.5718526Z   enableCrossOsArchive: false
2026-06-11T12:25:17.5718818Z   fail-on-cache-miss: false
2026-06-11T12:25:17.5719108Z   lookup-only: false
2026-06-11T12:25:17.5719362Z   save-always: false
2026-06-11T12:25:17.5719601Z env:
2026-06-11T12:25:17.5719829Z   CARGO_TERM_COLOR: always
2026-06-11T12:25:17.5720141Z   CARGO_INCREMENTAL: 0
2026-06-11T12:25:17.5720462Z   RUSTFLAGS: -C link-arg=-fuse-ld=mold
2026-06-11T12:25:17.5720768Z   CARGO_BUILD_JOBS: 6
2026-06-11T12:25:17.5721038Z   RUSTC_WRAPPER: sccache
2026-06-11T12:25:17.5721339Z   SCCACHE_GHA_ENABLED: true
2026-06-11T12:25:17.5721592Z ##[endgroup]
2026-06-11T12:25:17.8144544Z Cache hit for: cargo-registry-GitHub-Linux-e85c77d0b1218bb1a165b77d4caf81154958cf3a17a59038482fcdaa52f929b0
2026-06-11T12:25:18.8000811Z Received 168476502 of 168476502 (100.0%), 175.8 MBs/sec
2026-06-11T12:25:18.8002178Z Cache Size: ~161 MB (168476502 B)
2026-06-11T12:25:18.8037595Z [command]/usr/bin/tar -xf /home/runner/work/_temp/648c3092-a390-4f4c-832d-fdd79f7d50f0/cache.tzst -P -C /home/runner/work/java-monorepo/java-monorepo --use-compress-program unzstd
2026-06-11T12:25:22.7769188Z Cache restored successfully
2026-06-11T12:25:22.8470706Z Cache restored from key: cargo-registry-GitHub-Linux-e85c77d0b1218bb1a165b77d4caf81154958cf3a17a59038482fcdaa52f929b0
2026-06-11T12:25:22.8645675Z ##[group]Run rui314/setup-mold@9c9c13bf4c3f1adef0cc596abc155580bcb04444
2026-06-11T12:25:22.8646106Z with:
2026-06-11T12:25:22.8646321Z   mold-version: 2.41.0
2026-06-11T12:25:22.8646787Z   make-default: true
2026-06-11T12:25:22.8647005Z env:
2026-06-11T12:25:22.8647213Z   CARGO_TERM_COLOR: always
2026-06-11T12:25:22.8647454Z   CARGO_INCREMENTAL: 0
2026-06-11T12:25:22.8647699Z   RUSTFLAGS: -C link-arg=-fuse-ld=mold
2026-06-11T12:25:22.8647984Z   CARGO_BUILD_JOBS: 6
2026-06-11T12:25:22.8648213Z   RUSTC_WRAPPER: sccache
2026-06-11T12:25:22.8648455Z   SCCACHE_GHA_ENABLED: true
2026-06-11T12:25:22.8648693Z ##[endgroup]
2026-06-11T12:25:22.8755259Z ##[group]Run set -x
2026-06-11T12:25:22.8755572Z [36;1mset -x[0m
2026-06-11T12:25:22.8755815Z [36;1mecho "mold 2.41.0"[0m
2026-06-11T12:25:22.8756170Z [36;1mif [ "$(whoami)" = root ]; then SUDO=; else SUDO=sudo; fi[0m
2026-06-11T12:25:22.8757368Z [36;1mwget -O- --timeout=10 --waitretry=3 --retry-connrefused --progress=dot:mega https://github.com/rui314/mold/releases/download/v2.41.0/mold-2.41.0-$(uname -m)-linux.tar.gz | $SUDO tar -C /usr/local --strip-components=1 --no-overwrite-dir -xzf -[0m
2026-06-11T12:25:22.8758908Z [36;1mtest true = true -a "$(realpath /usr/bin/ld)" != /usr/local/bin/mold && $SUDO ln -sf /usr/local/bin/mold "$(realpath /usr/bin/ld)"; true[0m
2026-06-11T12:25:22.8791091Z shell: /usr/bin/bash --noprofile --norc -e -o pipefail {0}
2026-06-11T12:25:22.8791481Z env:
2026-06-11T12:25:22.8791708Z   CARGO_TERM_COLOR: always
2026-06-11T12:25:22.8792182Z   CARGO_INCREMENTAL: 0
2026-06-11T12:25:22.8792445Z   RUSTFLAGS: -C link-arg=-fuse-ld=mold
2026-06-11T12:25:22.8792742Z   CARGO_BUILD_JOBS: 6
2026-06-11T12:25:22.8792990Z   RUSTC_WRAPPER: sccache
2026-06-11T12:25:22.8793239Z   SCCACHE_GHA_ENABLED: true
2026-06-11T12:25:22.8793492Z ##[endgroup]
2026-06-11T12:25:22.8873191Z + echo 'mold 2.41.0'
2026-06-11T12:25:22.8874090Z mold 2.41.0
2026-06-11T12:25:22.8876045Z ++ whoami
2026-06-11T12:25:22.8892620Z + '[' runner = root ']'
2026-06-11T12:25:22.8893398Z + SUDO=sudo
2026-06-11T12:25:22.8910870Z ++ uname -m
2026-06-11T12:25:22.8917220Z + sudo tar -C /usr/local --strip-components=1 --no-overwrite-dir -xzf -
2026-06-11T12:25:22.8919116Z + wget -O- --timeout=10 --waitretry=3 --retry-connrefused --progress=dot:mega https://github.com/rui314/mold/releases/download/v2.41.0/mold-2.41.0-x86_64-linux.tar.gz
2026-06-11T12:25:22.9423357Z --2026-06-11 12:25:22--  https://github.com/rui314/mold/releases/download/v2.41.0/mold-2.41.0-x86_64-linux.tar.gz
2026-06-11T12:25:22.9660622Z Resolving github.com (github.com)... 140.82.114.3
2026-06-11T12:25:22.9677066Z Connecting to github.com (github.com)|140.82.114.3|:443... connected.
2026-06-11T12:25:23.0711508Z HTTP request sent, awaiting response... 302 Found
2026-06-11T12:25:23.0722923Z Location: https://release-assets.githubusercontent.com/github-production-release-asset/299510783/f4863e5d-1747-433e-8c26-b5a1c1950d2d?sp=r&sv=2018-11-09&sr=b&spr=https&se=2026-06-11T13%3A17%3A19Z&rscd=attachment%3B+filename%3Dmold-2.41.0-x86_64-linux.tar.gz&rsct=application%2Foctet-stream&skoid=96c2d410-5711-43a1-aedd-ab1947aa7ab0&sktid=398a6654-997b-47e9-b12b-9515b896b4de&skt=2026-06-11T12%3A17%3A16Z&ske=2026-06-11T13%3A17%3A19Z&sks=b&skv=2018-11-09&sig=PYOAD4Yii6a35SfCghIwveNpEnMq6BYfehm1mYuix0U%3D&jwt=*** [following]
2026-06-11T12:25:23.0737350Z --2026-06-11 12:25:23--  https://release-assets.githubusercontent.com/github-production-release-asset/299510783/f4863e5d-1747-433e-8c26-b5a1c1950d2d?sp=r&sv=2018-11-09&sr=b&spr=https&se=2026-06-11T13%3A17%3A19Z&rscd=attachment%3B+filename%3Dmold-2.41.0-x86_64-linux.tar.gz&rsct=application%2Foctet-stream&skoid=96c2d410-5711-43a1-aedd-ab1947aa7ab0&sktid=398a6654-997b-47e9-b12b-9515b896b4de&skt=2026-06-11T12%3A17%3A16Z&ske=2026-06-11T13%3A17%3A19Z&sks=b&skv=2018-11-09&sig=PYOAD4Yii6a35SfCghIwveNpEnMq6BYfehm1mYuix0U%3D&jwt=***
2026-06-11T12:25:23.0746816Z Resolving release-assets.githubusercontent.com (release-assets.githubusercontent.com)... 185.199.108.133, 185.199.109.133, 185.199.110.133, ...
2026-06-11T12:25:23.0758693Z Connecting to release-assets.githubusercontent.com (release-assets.githubusercontent.com)|185.199.108.133|:443... connected.
2026-06-11T12:25:23.0952515Z HTTP request sent, awaiting response... 200 OK
2026-06-11T12:25:23.0957197Z Length: 5119986 (4.9M) [application/octet-stream]
2026-06-11T12:25:23.0958651Z Saving to: ‘STDOUT’
2026-06-11T12:25:23.0965249Z 
2026-06-11T12:25:23.1772235Z      0K ........ ........ ........ ........ ........ ........ 61% 37.6M 0s
2026-06-11T12:25:23.2278195Z   3072K ........ ........ ........ ......                    100% 39.1M=0.1s
2026-06-11T12:25:23.2279041Z 
2026-06-11T12:25:23.2281242Z 2026-06-11 12:25:23 (38.2 MB/s) - written to stdout [5119986/5119986]
2026-06-11T12:25:23.2282163Z 
2026-06-11T12:25:23.2405354Z ++ realpath /usr/bin/ld
2026-06-11T12:25:23.2424054Z + test true = true -a /usr/bin/x86_64-linux-gnu-ld.bfd '!=' /usr/local/bin/mold
2026-06-11T12:25:23.2425562Z ++ realpath /usr/bin/ld
2026-06-11T12:25:23.2435891Z + sudo ln -sf /usr/local/bin/mold /usr/bin/x86_64-linux-gnu-ld.bfd
2026-06-11T12:25:23.2513824Z + true
2026-06-11T12:25:23.2592900Z ##[group]Run mozilla-actions/sccache-action@9e7fa8a12102821edf02ca5dbea1acd0f89a2696
2026-06-11T12:25:23.2593386Z with:
2026-06-11T12:25:23.2596351Z   token: ***
2026-06-11T12:25:23.2596589Z   disable_annotations: false
2026-06-11T12:25:23.2596836Z env:
2026-06-11T12:25:23.2597036Z   CARGO_TERM_COLOR: always
2026-06-11T12:25:23.2597283Z   CARGO_INCREMENTAL: 0
2026-06-11T12:25:23.2597542Z   RUSTFLAGS: -C link-arg=-fuse-ld=mold
2026-06-11T12:25:23.2597830Z   CARGO_BUILD_JOBS: 6
2026-06-11T12:25:23.2598063Z   RUSTC_WRAPPER: sccache
2026-06-11T12:25:23.2598306Z   SCCACHE_GHA_ENABLED: true
2026-06-11T12:25:23.2598549Z ##[endgroup]
2026-06-11T12:25:23.6026942Z try to setup sccache version: v0.15.0
2026-06-11T12:25:23.6033037Z sccache download from url: https://github.com/mozilla/sccache/releases/download/v0.15.0/sccache-v0.15.0-x86_64-unknown-linux-musl.tar.gz
2026-06-11T12:25:23.7718821Z Correct checksum: 782d2b5dd7ae0a55ebe368ab258114d0928d019ac2d949ab85d5d02f3926709e
2026-06-11T12:25:23.7848063Z [command]/usr/bin/tar xz --warning=no-unknown-keyword --overwrite -C /home/runner/work/_temp/d634ae23-ecdc-48ea-b66b-a573e1bb45a1 -f /home/runner/work/_temp/f45e5e53-be4b-43f4-86dc-5cb7598809b6
2026-06-11T12:25:23.9724029Z sccache extracted to: /home/runner/work/_temp/d634ae23-ecdc-48ea-b66b-a573e1bb45a1
2026-06-11T12:25:23.9942831Z sccache cached to: /opt/hostedtoolcache/sccache/0.15.0/x64
2026-06-11T12:25:24.0143878Z ##[group]Run jdx/mise-action@dba19683ed58901619b14f395a24841710cb4925
2026-06-11T12:25:24.0144279Z with:
2026-06-11T12:25:24.0144535Z   install_args: rust protoc cargo:cargo-nextest
2026-06-11T12:25:24.0147868Z   github_token: ***
2026-06-11T12:25:24.0148122Z   install: true
2026-06-11T12:25:24.0148341Z   cache: true
2026-06-11T12:25:24.0148550Z   cache_save: true
2026-06-11T12:25:24.0148778Z   cache_key_prefix: mise-v1
2026-06-11T12:25:24.0149043Z   experimental: false
2026-06-11T12:25:24.0149276Z   log_level: info
2026-06-11T12:25:24.0149489Z   reshim: false
2026-06-11T12:25:24.0149704Z   add_shims_to_path: true
2026-06-11T12:25:24.0149945Z   fetch_from_github: true
2026-06-11T12:25:24.0150192Z   env: true
2026-06-11T12:25:24.0150390Z   wings_enabled: false
2026-06-11T12:25:24.0150609Z env:
2026-06-11T12:25:24.0150807Z   CARGO_TERM_COLOR: always
2026-06-11T12:25:24.0151048Z   CARGO_INCREMENTAL: 0
2026-06-11T12:25:24.0151304Z   RUSTFLAGS: -C link-arg=-fuse-ld=mold
2026-06-11T12:25:24.0151617Z   CARGO_BUILD_JOBS: 6
2026-06-11T12:25:24.0152184Z   RUSTC_WRAPPER: sccache
2026-06-11T12:25:24.0152499Z   SCCACHE_GHA_ENABLED: true
2026-06-11T12:25:24.0152827Z   SCCACHE_PATH: /opt/hostedtoolcache/sccache/0.15.0/x64/sccache
2026-06-11T12:25:24.0153189Z   ACTIONS_CACHE_SERVICE_V2: on
2026-06-11T12:25:24.0153608Z   ACTIONS_RESULTS_URL: https://results-receiver.actions.githubusercontent.com/
2026-06-11T12:25:24.0197152Z   ACTIONS_RUNTIME_TOKEN: ***
2026-06-11T12:25:24.0197429Z ##[endgroup]
2026-06-11T12:25:24.1568681Z ##[group]Restoring mise cache
2026-06-11T12:25:24.1596059Z [command]/usr/bin/ldd --version
2026-06-11T12:25:24.1652894Z ldd (Ubuntu GLIBC 2.39-0ubuntu8.7) 2.39
2026-06-11T12:25:24.1654220Z Copyright (C) 2024 Free Software Foundation, Inc.
2026-06-11T12:25:24.1655366Z This is free software; see the source for copying conditions.  There is NO
2026-06-11T12:25:24.1656688Z warranty; not even for MERCHANTABILITY or FITNESS FOR A PARTICULAR PURPOSE.
2026-06-11T12:25:24.1657799Z Written by Roland McGrath and Ulrich Drepper.
2026-06-11T12:25:25.7627447Z Cache hit for: mise-v1-linux-x64-ubuntu24-5d553c0d272ab77f6c479727d9a7a97ef11a3137cc5e7acd6feeb3c85a74fc48-f25160224585da46219cc671ebb565079f37edeec027869984cbb22b39bb8172
2026-06-11T12:25:26.1582062Z Received 42227166 of 42227166 (100.0%), 111.9 MBs/sec
2026-06-11T12:25:26.1595155Z Cache Size: ~40 MB (42227166 B)
2026-06-11T12:25:26.1623309Z [command]/usr/bin/tar -xf /home/runner/work/_temp/af5eb29f-9ee2-4144-985e-3f9f27b49046/cache.tzst -P -C /home/runner/work/java-monorepo/java-monorepo --use-compress-program unzstd
2026-06-11T12:25:26.6462773Z Cache restored successfully
2026-06-11T12:25:26.6519026Z mise cache restored from key: mise-v1-linux-x64-ubuntu24-5d553c0d272ab77f6c479727d9a7a97ef11a3137cc5e7acd6feeb3c85a74fc48-f25160224585da46219cc671ebb565079f37edeec027869984cbb22b39bb8172
2026-06-11T12:25:26.6542985Z ##[group]Setting env vars
2026-06-11T12:25:26.6583189Z Setting MISE_LOG_LEVEL=info
2026-06-11T12:25:26.6608582Z Setting MISE_GITHUB_TOKEN=***
2026-06-11T12:25:26.6609518Z Setting MISE_TRUSTED_CONFIG_PATHS=/home/runner/work/java-monorepo/java-monorepo
2026-06-11T12:25:26.6610531Z Setting MISE_YES=1
2026-06-11T12:25:26.6611221Z Adding /home/runner/.local/share/mise/shims to PATH
2026-06-11T12:25:26.6612640Z ##[group]Running mise --version
2026-06-11T12:25:26.6632651Z [command]/home/runner/.local/share/mise/bin/mise --version
2026-06-11T12:25:26.6743719Z 2026.6.2 linux-x64 (2026-06-09)
2026-06-11T12:25:26.6843624Z ##[endgroup]
2026-06-11T12:25:26.7083418Z ##[group]Running mise install rust protoc cargo:cargo-nextest
2026-06-11T12:25:26.7103041Z [command]/home/runner/.local/share/mise/bin/mise install rust protoc cargo:cargo-nextest
2026-06-11T12:25:29.1243149Z ##[endgroup]
2026-06-11T12:25:29.1268492Z ##[group]Running mise ls
2026-06-11T12:25:29.1320555Z [command]/home/runner/.local/share/mise/bin/mise ls
2026-06-11T12:25:29.1930605Z cargo:cargo-nextest  0.9.137                          ~/work/java-monorepo/java-monorepo/mise.toml            0.9.137
2026-06-11T12:25:29.1953843Z java                 oracle-graalvm-25.0.1 (missing)  ~/work/java-monorepo/java-monorepo/mise.toml            oracle-graalvm-25.0.1
2026-06-11T12:25:29.1962950Z node                 24.16.0 (missing)                ~/work/java-monorepo/java-monorepo/mise.toml            24.16.0
2026-06-11T12:25:29.1972818Z protoc               35.0                             ~/work/java-monorepo/java-monorepo/mise.toml            latest
2026-06-11T12:25:29.1992835Z python               3.14.6 (missing)                 ~/work/java-monorepo/java-monorepo/mise.toml            3.14
2026-06-11T12:25:29.2012475Z rust                 1.96.0 (symlink)                 ~/work/java-monorepo/java-monorepo/rust-toolchain.toml  1.96.0
2026-06-11T12:25:29.2024339Z ##[endgroup]
2026-06-11T12:25:29.2042728Z ##[group]Exporting mise environment variables
2026-06-11T12:25:29.2802951Z [command]/home/runner/.local/share/mise/bin/mise env --json
2026-06-11T12:25:29.3313005Z {
2026-06-11T12:25:29.3332950Z   "CARGO_HOME": "/home/runner/.cargo",
2026-06-11T12:25:29.3375892Z   "PATH": "/home/runner/.local/share/mise/installs/cargo-cargo-nextest/0.9.137/bin:/home/runner/.local/share/mise/installs/protoc/latest/bin:/home/runner/.cargo/bin:/home/runner/.local/share/mise/shims:/home/runner/.local/share/mise/bin:/opt/hostedtoolcache/sccache/0.15.0/x64:/snap/bin:/home/runner/.local/bin:/opt/pipx_bin:/home/runner/.cargo/bin:/home/runner/.config/composer/vendor/bin:/usr/local/.ghcup/bin:/home/runner/.dotnet/tools:/usr/local/sbin:/usr/local/bin:/usr/sbin:/usr/bin:/sbin:/bin:/usr/games:/usr/local/games:/snap/bin",
2026-06-11T12:25:29.3412436Z   "RUSTUP_HOME": "/home/runner/.rustup",
2026-06-11T12:25:29.3413421Z   "RUSTUP_TOOLCHAIN": "1.96.0"
2026-06-11T12:25:29.3432327Z }
2026-06-11T12:25:29.3433980Z ##[endgroup]
2026-06-11T12:25:29.3948697Z ##[group]Run cargo nextest run -p eth-grpc-server --profile ci
2026-06-11T12:25:29.3949528Z [36;1mcargo nextest run -p eth-grpc-server --profile ci[0m
2026-06-11T12:25:29.4039303Z shell: /usr/bin/bash -e {0}
2026-06-11T12:25:29.4039754Z env:
2026-06-11T12:25:29.4040103Z   CARGO_TERM_COLOR: always
2026-06-11T12:25:29.4040529Z   CARGO_INCREMENTAL: 0
2026-06-11T12:25:29.4040954Z   RUSTFLAGS: -C link-arg=-fuse-ld=mold
2026-06-11T12:25:29.4041426Z   CARGO_BUILD_JOBS: 6
2026-06-11T12:25:29.4042020Z   RUSTC_WRAPPER: sccache
2026-06-11T12:25:29.4042450Z   SCCACHE_GHA_ENABLED: true
2026-06-11T12:25:29.4043001Z   SCCACHE_PATH: /opt/hostedtoolcache/sccache/0.15.0/x64/sccache
2026-06-11T12:25:29.4043614Z   ACTIONS_CACHE_SERVICE_V2: on
2026-06-11T12:25:29.4044329Z   ACTIONS_RESULTS_URL: https://results-receiver.actions.githubusercontent.com/
2026-06-11T12:25:29.4208536Z   ACTIONS_RUNTIME_TOKEN: ***
2026-06-11T12:25:29.4209066Z   MISE_LOG_LEVEL: info
2026-06-11T12:25:29.4235622Z   MISE_GITHUB_TOKEN: ***
2026-06-11T12:25:29.4236281Z   MISE_TRUSTED_CONFIG_PATHS: /home/runner/work/java-monorepo/java-monorepo
2026-06-11T12:25:29.4236948Z   MISE_YES: 1
2026-06-11T12:25:29.4237318Z   CARGO_HOME: /home/runner/.cargo
2026-06-11T12:25:29.4240588Z   PATH: /home/runner/.local/share/mise/installs/cargo-cargo-nextest/0.9.137/bin:/home/runner/.local/share/mise/installs/protoc/latest/bin:/home/runner/.cargo/bin:/home/runner/.local/share/mise/shims:/home/runner/.local/share/mise/bin:/opt/hostedtoolcache/sccache/0.15.0/x64:/snap/bin:/home/runner/.local/bin:/opt/pipx_bin:/home/runner/.cargo/bin:/home/runner/.config/composer/vendor/bin:/usr/local/.ghcup/bin:/home/runner/.dotnet/tools:/usr/local/sbin:/usr/local/bin:/usr/sbin:/usr/bin:/sbin:/bin:/usr/games:/usr/local/games:/snap/bin
2026-06-11T12:25:29.4244070Z   RUSTUP_HOME: /home/runner/.rustup
2026-06-11T12:25:29.4244553Z   RUSTUP_TOOLCHAIN: 1.96.0
2026-06-11T12:25:29.4244972Z ##[endgroup]
2026-06-11T12:25:29.5803997Z info: syncing channel updates for 1.96.0-x86_64-unknown-linux-gnu
2026-06-11T12:25:29.9955839Z info: latest update on 2026-05-28 for version 1.96.0 (ac68faa20 2026-05-25)
2026-06-11T12:25:29.9971297Z info: downloading 3 components
2026-06-11T12:25:41.1776074Z [1m[92m   Compiling[0m proc-macro2 v1.0.106
2026-06-11T12:25:41.1776870Z [1m[92m   Compiling[0m quote v1.0.45
2026-06-11T12:25:41.1792635Z [1m[92m   Compiling[0m unicode-ident v1.0.24
2026-06-11T12:25:41.1793311Z [1m[92m   Compiling[0m libc v0.2.186
2026-06-11T12:25:41.1793889Z [1m[92m   Compiling[0m cfg-if v1.0.4
2026-06-11T12:25:41.1794462Z [1m[92m   Compiling[0m memchr v2.8.1
2026-06-11T12:25:41.4243195Z [1m[92m   Compiling[0m serde_core v1.0.228
2026-06-11T12:25:41.5033269Z [1m[92m   Compiling[0m bytes v1.11.1
2026-06-11T12:25:41.6874377Z [1m[92m   Compiling[0m once_cell v1.21.4
2026-06-11T12:25:41.7468400Z [1m[92m   Compiling[0m itoa v1.0.18
2026-06-11T12:25:41.8243500Z [1m[92m   Compiling[0m smallvec v1.15.1
2026-06-11T12:25:41.8983306Z [1m[92m   Compiling[0m pin-project-lite v0.2.17
2026-06-11T12:25:41.9143039Z [1m[92m   Compiling[0m equivalent v1.0.2
2026-06-11T12:25:42.2795579Z [1m[92m   Compiling[0m shlex v2.0.1
2026-06-11T12:25:42.2963414Z [1m[92m   Compiling[0m serde v1.0.228
2026-06-11T12:25:42.3263672Z [1m[92m   Compiling[0m find-msvc-tools v0.1.9
2026-06-11T12:25:42.4723847Z [1m[92m   Compiling[0m hashbrown v0.17.1
2026-06-11T12:25:42.4858366Z [1m[92m   Compiling[0m futures-core v0.3.32
2026-06-11T12:25:42.5369555Z [1m[92m   Compiling[0m jobserver v0.1.34
2026-06-11T12:25:42.5652137Z [1m[92m   Compiling[0m log v0.4.32
2026-06-11T12:25:42.6303308Z [1m[92m   Compiling[0m either v1.16.0
2026-06-11T12:25:42.7393871Z [1m[92m   Compiling[0m anyhow v1.0.102
2026-06-11T12:25:42.7863086Z [1m[92m   Compiling[0m cc v1.2.63
2026-06-11T12:25:42.8536394Z [1m[92m   Compiling[0m indexmap v2.14.0
2026-06-11T12:25:42.8662891Z [1m[92m   Compiling[0m errno v0.3.14
2026-06-11T12:25:42.8723648Z [1m[92m   Compiling[0m percent-encoding v2.3.2
2026-06-11T12:25:43.2653827Z [1m[92m   Compiling[0m mio v1.2.1
2026-06-11T12:25:43.2802883Z [1m[92m   Compiling[0m syn v2.0.117
2026-06-11T12:25:43.2885932Z [1m[92m   Compiling[0m signal-hook-registry v1.4.8
2026-06-11T12:25:43.3067551Z [1m[92m   Compiling[0m socket2 v0.6.4
2026-06-11T12:25:43.3216182Z [1m[92m   Compiling[0m futures-sink v0.3.32
2026-06-11T12:25:43.6923151Z [1m[92m   Compiling[0m itertools v0.14.0
2026-06-11T12:25:43.7603486Z [1m[92m   Compiling[0m slab v0.4.12
2026-06-11T12:25:43.8143496Z [1m[92m   Compiling[0m tracing-core v0.1.36
2026-06-11T12:25:43.8303490Z [1m[92m   Compiling[0m zmij v1.0.21
2026-06-11T12:25:43.8853378Z [1m[92m   Compiling[0m serde_json v1.0.150
2026-06-11T12:25:44.1302760Z [1m[92m   Compiling[0m base64 v0.22.1
2026-06-11T12:25:44.2823674Z [1m[92m   Compiling[0m futures-channel v0.3.32
2026-06-11T12:25:44.3534109Z [1m[92m   Compiling[0m aho-corasick v1.1.4
2026-06-11T12:25:44.3573173Z [1m[92m   Compiling[0m regex-syntax v0.8.11
2026-06-11T12:25:44.4903446Z [1m[92m   Compiling[0m autocfg v1.5.1
2026-06-11T12:25:44.5343344Z [1m[92m   Compiling[0m futures-io v0.3.32
2026-06-11T12:25:44.5928426Z [1m[92m   Compiling[0m serde_derive v1.0.228
2026-06-11T12:25:45.0663531Z [1m[92m   Compiling[0m tokio-macros v2.7.0
2026-06-11T12:25:45.0883640Z [1m[92m   Compiling[0m tracing-attributes v0.1.31
2026-06-11T12:25:45.1343406Z [1m[92m   Compiling[0m synstructure v0.13.2
2026-06-11T12:25:45.2353298Z [1m[92m   Compiling[0m futures-macro v0.3.32
2026-06-11T12:25:45.3683719Z [1m[92m   Compiling[0m futures-task v0.3.32
2026-06-11T12:25:45.5823506Z [1m[92m   Compiling[0m zerofrom-derive v0.1.7
2026-06-11T12:25:45.6213487Z [1m[92m   Compiling[0m yoke-derive v0.8.2
2026-06-11T12:25:46.4423492Z [1m[92m   Compiling[0m tokio v1.52.3
2026-06-11T12:25:47.0183108Z [1m[92m   Compiling[0m tracing v0.1.44
2026-06-11T12:25:47.4979328Z [1m[92m   Compiling[0m futures-util v0.3.32
2026-06-11T12:25:47.5213400Z [1m[92m   Compiling[0m http v1.4.1
2026-06-11T12:25:48.4763753Z [1m[92m   Compiling[0m stable_deref_trait v1.2.1
2026-06-11T12:25:48.7243216Z [1m[92m   Compiling[0m zerofrom v0.1.8
2026-06-11T12:25:48.9623464Z [1m[92m   Compiling[0m zerovec-derive v0.11.3
2026-06-11T12:25:49.0323105Z [1m[92m   Compiling[0m yoke v0.8.3
2026-06-11T12:25:49.0963216Z [1m[92m   Compiling[0m form_urlencoded v1.2.2
2026-06-11T12:25:49.3353366Z [1m[92m   Compiling[0m displaydoc v0.2.6
2026-06-11T12:25:49.3588470Z [1m[92m   Compiling[0m bitflags v2.13.0
2026-06-11T12:25:49.4513476Z [1m[92m   Compiling[0m tokio-util v0.7.18
2026-06-11T12:25:49.4734015Z [1m[92m   Compiling[0m httparse v1.10.1
2026-06-11T12:25:49.7443180Z [1m[92m   Compiling[0m http-body v1.0.1
2026-06-11T12:25:50.0653651Z [1m[92m   Compiling[0m num-traits v0.2.19
2026-06-11T12:25:50.1173275Z [1m[92m   Compiling[0m thiserror-impl v2.0.18
2026-06-11T12:25:50.7043219Z [1m[92m   Compiling[0m tower-service v0.3.3
2026-06-11T12:25:50.8193217Z [1m[92m   Compiling[0m prettyplease v0.2.37
2026-06-11T12:25:50.8553783Z [1m[92m   Compiling[0m linux-raw-sys v0.12.1
2026-06-11T12:25:51.1763332Z [1m[92m   Compiling[0m zerovec v0.11.6
2026-06-11T12:25:51.2263424Z [1m[92m   Compiling[0m prost-derive v0.14.4
2026-06-11T12:25:51.4253218Z [1m[92m   Compiling[0m fs_extra v1.3.0
2026-06-11T12:25:51.6723170Z [1m[92m   Compiling[0m tinystr v0.8.3
2026-06-11T12:25:51.7493140Z [1m[92m   Compiling[0m atomic-waker v1.1.2
2026-06-11T12:25:51.8183506Z [1m[92m   Compiling[0m fnv v1.0.7
2026-06-11T12:25:52.0553150Z [1m[92m   Compiling[0m try-lock v0.2.5
2026-06-11T12:25:52.1013593Z [1m[92m   Compiling[0m litemap v0.8.2
2026-06-11T12:25:52.1773158Z [1m[92m   Compiling[0m thiserror v2.0.18
2026-06-11T12:25:52.2933190Z [1m[92m   Compiling[0m writeable v0.6.3
2026-06-11T12:25:52.4143183Z [1m[92m   Compiling[0m want v0.3.1
2026-06-11T12:25:52.7297902Z [1m[92m   Compiling[0m icu_locale_core v2.2.0
2026-06-11T12:25:52.7915252Z [1m[92m   Compiling[0m h2 v0.4.14
2026-06-11T12:25:52.8366024Z [1m[92m   Compiling[0m potential_utf v0.1.5
2026-06-11T12:25:53.1276046Z [1m[92m   Compiling[0m zerotrie v0.2.4
2026-06-11T12:25:53.2793134Z [1m[92m   Compiling[0m getrandom v0.3.4
2026-06-11T12:25:53.2943311Z [1m[92m   Compiling[0m icu_properties_data v2.2.0
2026-06-11T12:25:53.5543199Z [1m[92m   Compiling[0m icu_normalizer_data v2.2.0
2026-06-11T12:25:53.6563222Z [1m[92m   Compiling[0m utf8_iter v1.0.4
2026-06-11T12:25:53.7229124Z [1m[92m   Compiling[0m httpdate v1.0.3
2026-06-11T12:25:53.7697403Z [1m[92m   Compiling[0m heck v0.5.0
2026-06-11T12:25:53.8594974Z [1m[92m   Compiling[0m icu_provider v2.2.0
2026-06-11T12:25:54.0613230Z [1m[92m   Compiling[0m icu_collections v2.2.0
2026-06-11T12:25:54.3963774Z [1m[92m   Compiling[0m regex-automata v0.4.14
2026-06-11T12:25:54.4713482Z [1m[92m   Compiling[0m zerocopy v0.8.50
2026-06-11T12:25:54.5143587Z [1m[92m   Compiling[0m ipnet v2.12.0
2026-06-11T12:25:54.5343474Z [1m[92m   Compiling[0m prost v0.14.4
2026-06-11T12:25:54.6092980Z [1m[92m   Compiling[0m hyper v1.10.1
2026-06-11T12:25:55.1743519Z [1m[92m   Compiling[0m icu_normalizer v2.2.0
2026-06-11T12:25:55.1914879Z [1m[92m   Compiling[0m rand_core v0.9.5
2026-06-11T12:25:55.2464442Z [1m[92m   Compiling[0m icu_properties v2.2.0
2026-06-11T12:25:55.2993188Z [1m[92m   Compiling[0m hyper-util v0.1.20
2026-06-11T12:25:55.3233133Z [1m[92m   Compiling[0m regex v1.12.4
2026-06-11T12:25:55.8056894Z [1m[92m   Compiling[0m http-body-util v0.1.3
2026-06-11T12:25:55.8218604Z [1m[92m   Compiling[0m async-trait v0.1.89
2026-06-11T12:25:55.8903480Z [1m[92m   Compiling[0m sync_wrapper v1.0.2
2026-06-11T12:25:55.9723747Z [1m[92m   Compiling[0m uuid v1.23.3
2026-06-11T12:25:56.0288609Z [1m[92m   Compiling[0m tower-layer v0.3.3
2026-06-11T12:25:56.1293229Z [1m[92m   Compiling[0m idna_adapter v1.2.2
2026-06-11T12:25:56.1613094Z [1m[92m   Compiling[0m rustix v1.1.4
2026-06-11T12:25:56.2163449Z [1m[92m   Compiling[0m ppv-lite86 v0.2.21
2026-06-11T12:25:56.3383297Z [1m[92m   Compiling[0m getrandom v0.4.2
2026-06-11T12:25:56.3913047Z [1m[92m   Compiling[0m idna v1.1.0
2026-06-11T12:25:56.4013031Z [1m[92m   Compiling[0m tower v0.5.3
2026-06-11T12:25:56.5259638Z [1m[92m   Compiling[0m prost-types v0.14.4
2026-06-11T12:25:56.8006910Z [1m[92m   Compiling[0m rand_chacha v0.9.0
2026-06-11T12:25:56.8963210Z [1m[92m   Compiling[0m strsim v0.11.1
2026-06-11T12:25:57.0561711Z [1m[92m   Compiling[0m typenum v1.20.1
2026-06-11T12:25:57.1213260Z [1m[92m   Compiling[0m fixedbitset v0.5.7
2026-06-11T12:25:57.2736528Z [1m[92m   Compiling[0m lazy_static v1.5.0
2026-06-11T12:25:57.3133677Z [1m[92m   Compiling[0m zeroize v1.8.2
2026-06-11T12:25:57.3803388Z [1m[92m   Compiling[0m powerfmt v0.2.0
2026-06-11T12:25:57.3899945Z [1m[92m   Compiling[0m url v2.5.8
2026-06-11T12:25:57.5900610Z [1m[92m   Compiling[0m deranged v0.5.8
2026-06-11T12:25:57.6763356Z [1m[92m   Compiling[0m hybrid-array v0.4.12
2026-06-11T12:25:57.7123481Z [1m[92m   Compiling[0m cmake v0.1.58
2026-06-11T12:25:57.9563370Z [1m[92m   Compiling[0m rand v0.9.4
2026-06-11T12:25:58.0906221Z [1m[92m   Compiling[0m num-conv v0.2.2
2026-06-11T12:25:58.1043540Z [1m[92m   Compiling[0m rand_core v0.10.1
2026-06-11T12:25:58.2437934Z [1m[92m   Compiling[0m dunce v1.0.5
2026-06-11T12:25:58.2583402Z [1m[92m   Compiling[0m cpufeatures v0.3.0
2026-06-11T12:25:58.3143588Z [1m[92m   Compiling[0m fastrand v2.4.1
2026-06-11T12:25:58.3324211Z [1m[92m   Compiling[0m time-core v0.1.8
2026-06-11T12:25:58.3762503Z [1m[92m   Compiling[0m rustls-pki-types v1.14.1
2026-06-11T12:25:58.4293685Z [1m[92m   Compiling[0m aws-lc-sys v0.41.0
2026-06-11T12:25:58.4373081Z [1m[92m   Compiling[0m cmov v0.5.4
2026-06-11T12:25:58.5064594Z [1m[92m   Compiling[0m hex v0.4.3
2026-06-11T12:25:58.5843667Z [1m[92m   Compiling[0m tempfile v3.27.0
2026-06-11T12:25:58.6145600Z [1m[92m   Compiling[0m time v0.3.47
2026-06-11T12:25:58.7133814Z [1m[92m   Compiling[0m mime v0.3.17
2026-06-11T12:25:59.1353206Z [1m[92m   Compiling[0m ryu v1.0.23
2026-06-11T12:25:59.3373605Z [1m[92m   Compiling[0m multimap v0.10.1
2026-06-11T12:25:59.6333213Z [1m[92m   Compiling[0m ctutils v0.4.2
2026-06-11T12:25:59.6630394Z [1m[92m   Compiling[0m axum-core v0.5.6
2026-06-11T12:26:00.0447192Z [1m[92m   Compiling[0m serde_urlencoded v0.7.1
2026-06-11T12:26:00.1083476Z [1m[92m   Compiling[0m chacha20 v0.10.0
2026-06-11T12:26:00.4190157Z [1m[92m   Compiling[0m block-buffer v0.12.0
2026-06-11T12:26:00.5493636Z [1m[92m   Compiling[0m crypto-common v0.2.2
2026-06-11T12:26:00.5963573Z [1m[92m   Compiling[0m tokio-stream v0.1.18
2026-06-11T12:26:00.6933891Z [1m[92m   Compiling[0m pin-project-internal v1.1.13
2026-06-11T12:26:01.2714810Z [1m[92m   Compiling[0m serde_path_to_error v0.1.20
2026-06-11T12:26:01.4893503Z [1m[92m   Compiling[0m const-oid v0.10.2
2026-06-11T12:26:01.7633158Z [1m[92m   Compiling[0m matchit v0.8.4
2026-06-11T12:26:01.8343156Z [1m[92m   Compiling[0m digest v0.11.3
2026-06-11T12:26:01.9153288Z [1m[92m   Compiling[0m rand v0.10.1
2026-06-11T12:26:02.1687018Z [1m[92m   Compiling[0m pin-project v1.1.13
2026-06-11T12:26:02.2075273Z [1m[92m   Compiling[0m axum v0.8.9
2026-06-11T12:26:02.2853360Z [1m[92m   Compiling[0m hyper-timeout v0.5.2
2026-06-11T12:26:02.5033563Z [1m[92m   Compiling[0m unicode-segmentation v1.13.3
2026-06-11T12:26:02.5680609Z [1m[92m   Compiling[0m aws-lc-rs v1.17.0
2026-06-11T12:26:02.5923416Z [1m[92m   Compiling[0m ident_case v1.0.1
2026-06-11T12:26:02.6156517Z [1m[92m   Compiling[0m iana-time-zone v0.1.65
2026-06-11T12:26:02.8203222Z [1m[92m   Compiling[0m vcpkg v0.2.15
2026-06-11T12:26:02.8573867Z [1m[92m   Compiling[0m tinyvec_macros v0.1.1
2026-06-11T12:26:02.8653012Z [1m[92m   Compiling[0m pkg-config v0.3.33
2026-06-11T12:26:03.0993377Z [1m[92m   Compiling[0m chrono v0.4.45
2026-06-11T12:26:03.1105440Z [1m[92m   Compiling[0m darling_core v0.23.0
2026-06-11T12:26:03.1205361Z [1m[92m   Compiling[0m tinyvec v1.11.0
2026-06-11T12:26:03.1354284Z [1m[92m   Compiling[0m openssl-sys v0.9.116
2026-06-11T12:26:03.2183299Z [1m[92m   Compiling[0m tonic v0.14.6
2026-06-11T12:26:03.6866202Z [1m[92m   Compiling[0m glob v0.3.3
2026-06-11T12:26:03.7270033Z [1m[92m   Compiling[0m home v0.5.12
2026-06-11T12:26:03.7425168Z [1m[92m   Compiling[0m parking_lot_core v0.9.12
2026-06-11T12:26:03.8343176Z [1m[92m   Compiling[0m rustversion v1.0.22
2026-06-11T12:26:03.8976105Z [1m[92m   Compiling[0m darling_macro v0.23.0
2026-06-11T12:26:03.9463444Z [1m[92m   Compiling[0m unicode-normalization v0.1.25
2026-06-11T12:26:03.9953132Z [1m[92m   Compiling[0m clang-sys v1.8.1
2026-06-11T12:26:04.3413271Z [1m[92m   Compiling[0m debugid v0.8.0
2026-06-11T12:26:04.4098386Z [1m[92m   Compiling[0m prost-derive v0.13.5
2026-06-11T12:26:04.4209249Z [1m[92m   Compiling[0m openssl-probe v0.2.1
2026-06-11T12:26:04.4773286Z [1m[92m   Compiling[0m unicode-properties v0.1.4
2026-06-11T12:26:04.5473437Z [1m[92m   Compiling[0m rustix v0.38.44
2026-06-11T12:26:04.5973155Z [1m[92m   Compiling[0m crunchy v0.2.4
2026-06-11T12:26:04.7813744Z [1m[92m   Compiling[0m scopeguard v1.2.0
2026-06-11T12:26:04.7969059Z [1m[92m   Compiling[0m unicode-bidi v0.3.18
2026-06-11T12:26:04.9203330Z [1m[92m   Compiling[0m sentry-types v0.48.2
2026-06-11T12:26:05.0887626Z [1m[92m   Compiling[0m lock_api v0.4.14
2026-06-11T12:26:05.1473573Z [1m[92m   Compiling[0m darling v0.23.0
2026-06-11T12:26:05.1693275Z [1m[92m   Compiling[0m stringprep v0.1.5
2026-06-11T12:26:05.5494948Z [1m[92m   Compiling[0m sha2 v0.11.0
2026-06-11T12:26:06.0833883Z [1m[92m   Compiling[0m hmac v0.13.0
2026-06-11T12:26:06.1108823Z [1m[92m   Compiling[0m md-5 v0.11.0
2026-06-11T12:26:06.4143467Z [1m[92m   Compiling[0m fallible-iterator v0.2.0
2026-06-11T12:26:06.5553320Z [1m[92m   Compiling[0m crossbeam-utils v0.8.21
2026-06-11T12:26:06.6153755Z [1m[92m   Compiling[0m pulldown-cmark v0.13.4
2026-06-11T12:26:06.6770137Z [1m[92m   Compiling[0m owo-colors v4.3.0
2026-06-11T12:26:06.7463645Z [1m[92m   Compiling[0m tiny-keccak v2.0.2
2026-06-11T12:26:06.7704482Z [1m[92m   Compiling[0m untrusted v0.9.0
2026-06-11T12:26:06.7893284Z [1m[92m   Compiling[0m linux-raw-sys v0.4.15
2026-06-11T12:26:06.8683401Z [1m[92m   Compiling[0m minimal-lexical v0.2.1
2026-06-11T12:26:06.9263418Z [1m[92m   Compiling[0m rustls v0.23.40
2026-06-11T12:26:07.0603565Z [1m[92m   Compiling[0m allocator-api2 v0.2.21
2026-06-11T12:26:07.0935809Z [1m[92m   Compiling[0m byteorder v1.5.0
2026-06-11T12:26:07.1893434Z [1m[92m   Compiling[0m object v0.37.3
2026-06-11T12:26:07.1902619Z [1m[92m   Compiling[0m litrs v1.0.0
2026-06-11T12:26:07.3074287Z [1m[92m   Compiling[0m foldhash v0.2.0
2026-06-11T12:26:07.3132947Z [1m[92m   Compiling[0m postgres-protocol v0.6.11
2026-06-11T12:26:07.5083462Z [1m[92m   Compiling[0m document-features v0.2.12
2026-06-11T12:26:07.5373463Z [1m[92m   Compiling[0m nom v7.1.3
2026-06-11T12:26:07.5823531Z [1m[92m   Compiling[0m hashbrown v0.16.1
2026-06-11T12:26:07.7174582Z [1m[92m   Compiling[0m prost v0.13.5
2026-06-11T12:26:08.0591392Z [1m[92m   Compiling[0m sentry-core v0.48.2
2026-06-11T12:26:08.2323332Z [1m[92m   Compiling[0m parking_lot v0.12.5
2026-06-11T12:26:08.3273255Z [1m[92m   Compiling[0m tonic-prost v0.14.6
2026-06-11T12:26:08.3934351Z [1m[92m   Compiling[0m postgres-derive v0.4.8
2026-06-11T12:26:08.4393328Z [1m[92m   Compiling[0m libloading v0.8.9
2026-06-11T12:26:08.4524585Z [1m[92m   Compiling[0m foreign-types-shared v0.1.1
2026-06-11T12:26:08.5251466Z [1m[92m   Compiling[0m unicase v2.9.0
2026-06-11T12:26:08.6173288Z [1m[92m   Compiling[0m foldhash v0.1.5
2026-06-11T12:26:08.6331286Z [1m[92m   Compiling[0m bindgen v0.66.1
2026-06-11T12:26:08.6817417Z [1m[92m   Compiling[0m subtle v2.6.1
2026-06-11T12:26:08.7077159Z [1m[92m   Compiling[0m adler2 v2.0.1
2026-06-11T12:26:08.8403253Z [1m[92m   Compiling[0m paste v1.0.15
2026-06-11T12:26:08.8973269Z [1m[92m   Compiling[0m siphasher v1.0.3
2026-06-11T12:26:08.9435642Z [1m[92m   Compiling[0m gimli v0.32.3
2026-06-11T12:26:09.0243247Z [1m[92m   Compiling[0m openssl v0.10.80
2026-06-11T12:26:09.2143509Z [1m[92m   Compiling[0m phf_shared v0.13.1
2026-06-11T12:26:09.2425051Z [1m[92m   Compiling[0m miniz_oxide v0.8.9
2026-06-11T12:26:09.4024222Z [1m[92m   Compiling[0m hashbrown v0.15.5
2026-06-11T12:26:09.4253751Z [1m[92m   Compiling[0m postgres-types v0.2.13
2026-06-11T12:26:09.7585354Z [1m[92m   Compiling[0m foreign-types v0.3.2
2026-06-11T12:26:09.7954465Z [1m[92m   Compiling[0m addr2line v0.25.1
2026-06-11T12:26:09.9300243Z [1m[92m   Compiling[0m which v4.4.2
2026-06-11T12:26:10.0643191Z [1m[92m   Compiling[0m cexpr v0.6.0
2026-06-11T12:26:10.0845538Z [1m[92m   Compiling[0m prost-types v0.13.5
2026-06-11T12:26:10.8798895Z [1m[92m   Compiling[0m petgraph v0.7.1
2026-06-11T12:26:10.9693430Z [1m[92m   Compiling[0m prost-reflect v0.16.4
2026-06-11T12:26:11.0963111Z [1m[92m   Compiling[0m openssl-macros v0.1.1
2026-06-11T12:26:11.1763302Z [1m[92m   Compiling[0m getrandom v0.2.17
2026-06-11T12:26:11.3523467Z [1m[92m   Compiling[0m rustc-demangle v0.1.27
2026-06-11T12:26:11.4223321Z [1m[92m   Compiling[0m lazycell v1.3.0
2026-06-11T12:26:11.5163239Z [1m[92m   Compiling[0m shlex v1.3.0
2026-06-11T12:26:11.6033822Z [1m[92m   Compiling[0m ucd-trie v0.1.7
2026-06-11T12:26:11.6132852Z [1m[92m   Compiling[0m typeid v1.0.3
2026-06-11T12:26:11.6973003Z [1m[92m   Compiling[0m rustc-hash v1.1.0
2026-06-11T12:26:11.7024457Z [1m[92m   Compiling[0m peeking_take_while v0.1.2
2026-06-11T12:26:11.8283308Z [1m[92m   Compiling[0m native-tls v0.2.18
2026-06-11T12:26:11.8933139Z [1m[92m   Compiling[0m pest v2.8.6
2026-06-11T12:26:11.9047387Z [1m[92m   Compiling[0m backtrace v0.3.76
2026-06-11T12:26:12.2873246Z [1m[92m   Compiling[0m prost-build v0.13.5
2026-06-11T12:26:12.6725648Z [1m[92m   Compiling[0m const-random-macro v0.1.16
2026-06-11T12:26:12.9784523Z [1m[92m   Compiling[0m pulldown-cmark-to-cmark v22.0.0
2026-06-11T12:26:13.1203529Z [1m[92m   Compiling[0m petgraph v0.8.3
2026-06-11T12:26:13.1653298Z [1m[92m   Compiling[0m phf v0.13.1
2026-06-11T12:26:13.3343715Z [1m[92m   Compiling[0m num-integer v0.1.46
2026-06-11T12:26:13.3563324Z [1m[92m   Compiling[0m deadpool-runtime v0.1.4
2026-06-11T12:26:13.5676226Z [1m[92m   Compiling[0m num_cpus v1.17.0
2026-06-11T12:26:13.6273194Z [1m[92m   Compiling[0m whoami v2.1.2
2026-06-11T12:26:13.6362870Z [1m[92m   Compiling[0m thiserror v1.0.69
2026-06-11T12:26:13.7143329Z [1m[92m   Compiling[0m ref-cast v1.0.25
2026-06-11T12:26:13.8455223Z [1m[92m   Compiling[0m semver v1.0.28
2026-06-11T12:26:13.9156452Z [1m[92m   Compiling[0m deadpool v0.12.3
2026-06-11T12:26:13.9333188Z [1m[92m   Compiling[0m tokio-postgres v0.7.17
2026-06-11T12:26:14.1890618Z [1m[92m   Compiling[0m prost-build v0.14.4
2026-06-11T12:26:14.5595443Z [1m[92m   Compiling[0m rustc_version v0.4.1
2026-06-11T12:26:16.1163318Z [1m[92m   Compiling[0m pg_query v6.1.1
2026-06-11T12:26:17.0874761Z [1m[92m   Compiling[0m const-random v0.1.18
2026-06-11T12:26:17.1033251Z [1m[92m   Compiling[0m pest_meta v2.8.6
2026-06-11T12:26:18.4513696Z [1m[92m   Compiling[0m sentry-backtrace v0.48.2
2026-06-11T12:26:18.6653328Z [1m[92m   Compiling[0m matchers v0.2.0
2026-06-11T12:26:18.8043204Z [1m[92m   Compiling[0m sharded-slab v0.1.7
2026-06-11T12:26:19.1653537Z [1m[92m   Compiling[0m ureq-proto v0.6.0
2026-06-11T12:26:19.2532554Z [1m[92m   Compiling[0m ref-cast-impl v1.0.25
2026-06-11T12:26:19.6583765Z [1m[92m   Compiling[0m thiserror-impl v1.0.69
2026-06-11T12:26:19.6953934Z [1m[92m   Compiling[0m tracing-log v0.2.0
2026-06-11T12:26:20.7653408Z [1m[92m   Compiling[0m findshlibs v0.10.2
2026-06-11T12:26:21.0204287Z [1m[92m   Compiling[0m thread_local v1.1.9
2026-06-11T12:26:21.0380732Z [1m[92m   Compiling[0m portable-atomic v1.13.1
2026-06-11T12:26:21.2403546Z [1m[92m   Compiling[0m utf8parse v0.2.2
2026-06-11T12:26:21.5153737Z [1m[92m   Compiling[0m nu-ansi-term v0.50.3
2026-06-11T12:26:21.8433403Z [1m[92m   Compiling[0m erased-serde v0.4.10
2026-06-11T12:26:22.0735343Z [1m[92m   Compiling[0m utf8-zero v0.8.1
2026-06-11T12:26:22.1333830Z [1m[92m   Compiling[0m bollard-buildkit-proto v0.7.0
2026-06-11T12:26:22.1973699Z [1m[92m   Compiling[0m anstyle-parse v1.0.0
2026-06-11T12:26:22.2866128Z [1m[92m   Compiling[0m pest_generator v2.8.6
2026-06-11T12:26:22.6227828Z [1m[92m   Compiling[0m tracing-subscriber v0.3.23
2026-06-11T12:26:22.7947616Z [1m[92m   Compiling[0m proto-types v0.2.2
2026-06-11T12:26:23.0263802Z [1m[92m   Compiling[0m dlv-list v0.5.2
2026-06-11T12:26:23.5444608Z [1m[92m   Compiling[0m deadpool-postgres v0.14.1
2026-06-11T12:26:23.8166678Z [1m[92m   Compiling[0m tokio-native-tls v0.3.1
2026-06-11T12:26:26.5443384Z [1m[92m   Compiling[0m sentry-contexts v0.48.2
2026-06-11T12:26:26.7963235Z [1m[92m   Compiling[0m num-bigint v0.4.6
2026-06-11T12:26:27.8013237Z [1m[92m   Compiling[0m rapidhash v4.4.1
2026-06-11T12:26:28.3865361Z [1m[92m   Compiling[0m bon-macros v3.9.1
2026-06-11T12:26:29.1403096Z [1m[92m   Compiling[0m similar v2.7.0
2026-06-11T12:26:29.7033587Z [1m[92m   Compiling[0m convert_case v0.10.0
2026-06-11T12:26:30.4633698Z [1m[92m   Compiling[0m tonic-build v0.14.6
2026-06-11T12:26:32.3003387Z [1m[92m   Compiling[0m raw-cpuid v11.6.0
2026-06-11T12:26:32.7673620Z [1m[92m   Compiling[0m structmeta-derive v0.3.0
2026-06-11T12:26:33.7493122Z [1m[92m   Compiling[0m syn-utils v0.5.0
2026-06-11T12:26:34.3481075Z [1m[92m   Compiling[0m itertools v0.10.5
2026-06-11T12:26:34.7583572Z [1m[92m   Compiling[0m console v0.15.11
2026-06-11T12:26:35.3357908Z [1m[92m   Compiling[0m hashbrown v0.14.5
2026-06-11T12:26:36.7833377Z [1m[92m   Compiling[0m crc32fast v1.5.0
2026-06-11T12:26:37.0463531Z [1m[92m   Compiling[0m bool-enum v0.1.1
2026-06-11T12:26:37.3753729Z [1m[92m   Compiling[0m borrow-or-share v0.2.4
2026-06-11T12:26:37.4797808Z [1m[92m   Compiling[0m anstyle-query v1.1.5
2026-06-11T12:26:37.8451175Z [1m[92m   Compiling[0m is_terminal_polyfill v1.70.2
2026-06-11T12:26:37.9049179Z [1m[92m   Compiling[0m winnow v1.0.3
2026-06-11T12:26:37.9222624Z [1m[92m   Compiling[0m cfg_aliases v0.2.1
2026-06-11T12:26:37.9303255Z [1m[92m   Compiling[0m colorchoice v1.0.5
2026-06-11T12:26:38.0193343Z [1m[92m   Compiling[0m anstyle v1.0.14
2026-06-11T12:26:38.1792950Z [1m[92m   Compiling[0m sentry v0.48.2
2026-06-11T12:26:38.2703933Z [1m[92m   Compiling[0m ordered-multimap v0.7.3
2026-06-11T12:26:38.4434106Z [1m[92m   Compiling[0m fluent-uri v0.4.1
2026-06-11T12:26:38.5063241Z [1m[92m   Compiling[0m anstream v1.0.0
2026-06-11T12:26:39.6183201Z [1m[92m   Compiling[0m toml_parser v1.1.2+spec-1.1.0
2026-06-11T12:26:39.9181565Z [1m[92m   Compiling[0m protify-proc-macro v0.1.4
2026-06-11T12:26:40.4554806Z [1m[92m   Compiling[0m similar-asserts v1.7.0
2026-06-11T12:26:40.7613104Z [1m[92m   Compiling[0m quanta v0.12.6
2026-06-11T12:26:42.0673292Z [1m[92m   Compiling[0m tonic-prost-build v0.14.6
2026-06-11T12:26:43.2313099Z [1m[92m   Compiling[0m structmeta v0.3.0
2026-06-11T12:26:43.5843616Z [1m[92m   Compiling[0m bon v3.9.1
2026-06-11T12:26:43.9209865Z [1m[92m   Compiling[0m num-rational v0.4.2
2026-06-11T12:26:44.2593100Z [1m[92m   Compiling[0m metrics v0.24.6
2026-06-11T12:26:44.3713263Z [1m[92m   Compiling[0m hyper-tls v0.6.0
2026-06-11T12:26:44.4953352Z [1m[92m   Compiling[0m pest_derive v2.8.6
2026-06-11T12:26:45.5297094Z [1m[92m   Compiling[0m protify-build v0.1.4
2026-06-11T12:26:46.7533277Z [1m[92m   Compiling[0m num-iter v0.1.45
2026-06-11T12:26:47.0693431Z [1m[92m   Compiling[0m crossbeam-epoch v0.9.18
2026-06-11T12:26:47.3513100Z [1m[92m   Compiling[0m left-right v0.11.7
2026-06-11T12:26:47.7651612Z [1m[92m   Compiling[0m hashlink v0.11.1
2026-06-11T12:26:48.1359945Z [1m[92m   Compiling[0m tower-http v0.6.11
2026-06-11T12:26:48.5036811Z [1m[92m   Compiling[0m rand_xoshiro v0.7.0
2026-06-11T12:26:49.0613150Z [1m[92m   Compiling[0m num-complex v0.4.6
2026-06-11T12:26:49.4281330Z [1m[92m   Compiling[0m ordered-float v5.3.0
2026-06-11T12:26:49.9583496Z [1m[92m   Compiling[0m serde_repr v0.1.20
2026-06-11T12:26:50.3683290Z [1m[92m   Compiling[0m async-stream-impl v0.3.6
2026-06-11T12:26:50.9103189Z [1m[92m   Compiling[0m uname v0.1.1
2026-06-11T12:26:51.1733172Z [1m[92m   Compiling[0m hostname v0.4.2
2026-06-11T12:26:51.6933334Z [1m[92m   Compiling[0m serde_spanned v1.1.1
2026-06-11T12:26:51.7144248Z [1m[92m   Compiling[0m toml_datetime v1.1.1+spec-1.1.0
2026-06-11T12:26:51.9243233Z [1m[92m   Compiling[0m encoding_rs v0.8.35
2026-06-11T12:26:51.9643566Z [1m[92m   Compiling[0m float_eq v1.0.1
2026-06-11T12:26:52.0907436Z [1m[92m   Compiling[0m rust_decimal v1.42.0
2026-06-11T12:26:52.3884051Z [1m[92m   Compiling[0m metrics-exporter-prometheus v0.18.3
2026-06-11T12:26:52.5216570Z [1m[92m   Compiling[0m sketches-ddsketch v0.3.1
2026-06-11T12:26:52.5429787Z [1m[92m   Compiling[0m clap_lex v1.1.0
2026-06-11T12:26:53.3813244Z [1m[92m   Compiling[0m arraydeque v0.5.1
2026-06-11T12:26:53.8763532Z [1m[92m   Compiling[0m hashbag v0.1.13
2026-06-11T12:26:53.9803333Z [1m[92m   Compiling[0m clap_builder v4.6.0
2026-06-11T12:26:54.3048424Z [1m[92m   Compiling[0m metrics-util v0.20.4
2026-06-11T12:26:54.5123121Z [1m[92m   Compiling[0m yaml-rust2 v0.11.0
2026-06-11T12:26:54.7503620Z [1m[92m   Compiling[0m evmap v11.0.0
2026-06-11T12:26:55.5977923Z [1m[92m   Compiling[0m protify v0.1.4
2026-06-11T12:26:56.7993547Z [1m[92m   Compiling[0m toml v1.1.2+spec-1.1.0
2026-06-11T12:26:58.7892987Z [1m[92m   Compiling[0m num v0.4.3
2026-06-11T12:27:00.1138027Z [1m[92m   Compiling[0m async-stream v0.3.6
2026-06-11T12:27:00.1263063Z [1m[92m   Compiling[0m reqwest v0.13.4
2026-06-11T12:27:01.4085212Z [1m[92m   Compiling[0m serde-untagged v0.1.9
2026-06-11T12:27:01.4394113Z [1m[92m   Compiling[0m eth-grpc-server v0.1.0 (/home/runner/work/java-monorepo/java-monorepo/backend-rust/eth-grpc-server)
2026-06-11T12:27:01.9373390Z [1m[92m   Compiling[0m sentry-debug-images v0.48.2
2026-06-11T12:27:02.0607262Z [1m[92m   Compiling[0m json5 v0.4.1
2026-06-11T12:27:02.1323309Z [1m[92m   Compiling[0m parse-display-derive v0.9.1
2026-06-11T12:27:02.3080164Z [1m[92m   Compiling[0m rust-ini v0.21.3
2026-06-11T12:27:02.5053945Z [1m[92m   Compiling[0m sentry-tracing v0.48.2
2026-06-11T12:27:02.5576384Z [1m[92m   Compiling[0m ron v0.12.1
2026-06-11T12:27:02.6543290Z [1m[92m   Compiling[0m sentry-anyhow v0.48.2
2026-06-11T12:27:02.8423164Z [1m[92m   Compiling[0m sentry-panic v0.48.2
2026-06-11T12:27:03.0173251Z [1m[92m   Compiling[0m xattr v1.6.1
2026-06-11T12:27:03.0803272Z [1m[92m   Compiling[0m crossterm v0.29.0
2026-06-11T12:27:03.1105990Z [1m[92m   Compiling[0m serde_with_macros v3.21.0
2026-06-11T12:27:03.3062256Z [1m[92m   Compiling[0m rustls-native-certs v0.8.4
2026-06-11T12:27:03.5733366Z [1m[92m   Compiling[0m convert_case v0.6.0
2026-06-11T12:27:03.7003165Z [1m[92m   Compiling[0m hyperlocal v0.9.1
2026-06-11T12:27:03.8063101Z [1m[92m   Compiling[0m clap_derive v4.6.1
2026-06-11T12:27:03.8743362Z [1m[92m   Compiling[0m futures-executor v0.3.32
2026-06-11T12:27:04.0718199Z [1m[92m   Compiling[0m schemalane-macros v0.1.0 (https://github.com/donbeave/schemalane?branch=main#dd0d79d8)
2026-06-11T12:27:04.1268842Z [1m[92m   Compiling[0m filetime v0.2.29
2026-06-11T12:27:04.5923329Z [1m[92m   Compiling[0m rustc-hash v2.1.2
2026-06-11T12:27:04.7689296Z [1m[92m   Compiling[0m pathdiff v0.2.3
2026-06-11T12:27:04.8507213Z [1m[92m   Compiling[0m arrayvec v0.7.6
2026-06-11T12:27:04.8826061Z [1m[92m   Compiling[0m unicode-width v0.2.2
2026-06-11T12:27:05.0533274Z [1m[92m   Compiling[0m config v0.15.23
2026-06-11T12:27:05.2525597Z [1m[92m   Compiling[0m comfy-table v7.2.2
2026-06-11T12:27:05.5293261Z [1m[92m   Compiling[0m astral-tokio-tar v0.6.2
2026-06-11T12:27:05.6684005Z [1m[92m   Compiling[0m serde_with v3.21.0
2026-06-11T12:27:05.7323756Z [1m[92m   Compiling[0m futures v0.3.32
2026-06-11T12:27:05.9104083Z [1m[92m   Compiling[0m parse-display v0.9.1
2026-06-11T12:27:06.3154937Z [1m[92m   Compiling[0m tracing-request-level v0.1.0 (https://github.com/donbeave/tracing-request-level?rev=aeaca706ae0485066cdfc20c65f999a3d2980b96#aeaca706)
2026-06-11T12:27:06.6693585Z [1m[92m   Compiling[0m ferroid v2.0.0
2026-06-11T12:27:06.7197140Z [1m[92m   Compiling[0m clap v4.6.1
2026-06-11T12:27:07.0227028Z [1m[92m   Compiling[0m tonic-health v0.14.6
2026-06-11T12:27:07.0843955Z [1m[92m   Compiling[0m tonic-reflection v0.14.6
2026-06-11T12:27:07.0862724Z [1m[92m   Compiling[0m docker_credential v1.4.0
2026-06-11T12:27:07.2784558Z [1m[92m   Compiling[0m etcetera v0.11.0
2026-06-11T12:27:07.3578283Z [1m[92m   Compiling[0m dotenvy v0.15.7
2026-06-11T12:27:38.4153493Z [1m[92m   Compiling[0m pg_query_fmt v0.1.3 (https://github.com/donbeave/schemalane?branch=main#dd0d79d8)
2026-06-11T12:27:40.2243903Z [1m[92m   Compiling[0m schemalane-core v0.1.20 (https://github.com/donbeave/schemalane?branch=main#dd0d79d8)
2026-06-11T12:27:41.8318103Z [1m[92m   Compiling[0m schemalane-cli v0.1.26 (https://github.com/donbeave/schemalane?branch=main#dd0d79d8)
2026-06-11T12:27:45.0166485Z [1m[92m   Compiling[0m eth-migration v0.1.0 (/home/runner/work/java-monorepo/java-monorepo/backend-rust/eth-migration)
2026-06-11T12:27:51.1199757Z [1m[92m   Compiling[0m rustls-webpki v0.103.13
2026-06-11T12:27:56.4865784Z [1m[92m   Compiling[0m ureq v3.3.0
2026-06-11T12:27:56.4903082Z [1m[92m   Compiling[0m tokio-rustls v0.26.4
2026-06-11T12:27:56.7955246Z [1m[92m   Compiling[0m hyper-rustls v0.27.9
2026-06-11T12:28:00.8153453Z [1m[92m   Compiling[0m bollard-stubs v1.52.1-rc.29.1.3
2026-06-11T12:28:02.2694684Z [1m[92m   Compiling[0m bollard v0.20.2
2026-06-11T12:28:02.6790620Z [1m[92m   Compiling[0m testcontainers v0.27.3
2026-06-11T12:28:02.9693653Z [1m[92m   Compiling[0m testcontainers-modules v0.15.0
2026-06-11T12:29:24.7976078Z [1m[92m    Finished[0m `test` profile [unoptimized + debuginfo] target(s) in 3m 44s
2026-06-11T12:29:26.6199402Z ────────────
2026-06-11T12:29:26.6222592Z [32;1m Nextest run[0m ID [1m24cc1435-7b7b-4a54-af3b-07a2d5289e29[0m with nextest profile: [1mci[0m
2026-06-11T12:29:26.6223609Z [32;1m    Starting[0m [1m90[0m tests across [1m12[0m binaries
2026-06-11T12:29:26.6514276Z [32;1m        PASS[0m [   0.008s] ( 1/90) [35;1meth-grpc-server[0m [36mgrpc::admin_proto[0m[36m::[0m[34;1mget_log_level_response_validators_consistency[0m
2026-06-11T12:29:26.6516309Z [32;1m        PASS[0m [   0.009s] ( 2/90) [35;1meth-grpc-server[0m [36mgrpc::admin_proto[0m[36m::[0m[34;1mget_log_level_request_validators_consistency[0m
2026-06-11T12:29:26.6518259Z [32;1m        PASS[0m [   0.007s] ( 3/90) [35;1meth-grpc-server[0m [36mgrpc::admin_proto[0m[36m::[0m[34;1mset_log_level_response_validators_consistency[0m
2026-06-11T12:29:26.6520128Z [32;1m        PASS[0m [   0.009s] ( 4/90) [35;1meth-grpc-server[0m [36mgrpc::admin_proto[0m[36m::[0m[34;1mset_log_level_request_validators_consistency[0m
2026-06-11T12:29:26.6522273Z [32;1m        PASS[0m [   0.007s] ( 5/90) [35;1meth-grpc-server[0m [36mgrpc::proto[0m[36m::[0m[34;1meth_account_validators_consistency[0m
2026-06-11T12:29:26.6524399Z [32;1m        PASS[0m [   0.008s] ( 6/90) [35;1meth-grpc-server[0m [36mgrpc::proto[0m[36m::[0m[34;1meth_asset_validators_consistency[0m
2026-06-11T12:29:26.6573040Z [32;1m        PASS[0m [   0.009s] ( 7/90) [35;1meth-grpc-server[0m [36mgrpc::proto[0m[36m::[0m[34;1meth_block_validators_consistency[0m
2026-06-11T12:29:26.6574886Z [32;1m        PASS[0m [   0.007s] ( 8/90) [35;1meth-grpc-server[0m [36mgrpc::proto[0m[36m::[0m[34;1meth_event_log_validators_consistency[0m
2026-06-11T12:29:26.6645055Z [32;1m        PASS[0m [   0.006s] ( 9/90) [35;1meth-grpc-server[0m [36mgrpc::proto[0m[36m::[0m[34;1meth_network_verification_validators_consistency[0m
2026-06-11T12:29:26.6673425Z [32;1m        PASS[0m [   0.007s] (10/90) [35;1meth-grpc-server[0m [36mgrpc::proto[0m[36m::[0m[34;1meth_signature_validators_consistency[0m
2026-06-11T12:29:26.6718370Z [32;1m        PASS[0m [   0.007s] (11/90) [35;1meth-grpc-server[0m [36mgrpc::proto[0m[36m::[0m[34;1meth_transaction_validators_consistency[0m
2026-06-11T12:29:26.6733344Z [32;1m        PASS[0m [   0.007s] (12/90) [35;1meth-grpc-server[0m [36mgrpc::proto[0m[36m::[0m[34;1meth_transfer_row_validators_consistency[0m
2026-06-11T12:29:26.6791171Z [32;1m        PASS[0m [   0.007s] (13/90) [35;1meth-grpc-server[0m [36mgrpc::proto[0m[36m::[0m[34;1meth_transfer_validators_consistency[0m
2026-06-11T12:29:26.6795839Z [32;1m        PASS[0m [   0.007s] (14/90) [35;1meth-grpc-server[0m [36mgrpc::proto::get_account_request[0m[36m::[0m[34;1midentifier_validators_consistency[0m
2026-06-11T12:29:26.6863208Z [32;1m        PASS[0m [   0.007s] (15/90) [35;1meth-grpc-server[0m [36mgrpc::proto[0m[36m::[0m[34;1mget_account_request_validators_consistency[0m
2026-06-11T12:29:26.6867752Z [32;1m        PASS[0m [   0.008s] (16/90) [35;1meth-grpc-server[0m [36mgrpc::proto[0m[36m::[0m[34;1mget_account_response_validators_consistency[0m
2026-06-11T12:29:26.6930767Z [32;1m        PASS[0m [   0.006s] (17/90) [35;1meth-grpc-server[0m [36mgrpc::proto::get_asset_request[0m[36m::[0m[34;1midentifier_validators_consistency[0m
2026-06-11T12:29:26.6957804Z [32;1m        PASS[0m [   0.009s] (18/90) [35;1meth-grpc-server[0m [36mgrpc::proto[0m[36m::[0m[34;1mget_asset_request_validators_consistency[0m
2026-06-11T12:29:26.7019764Z [32;1m        PASS[0m [   0.009s] (19/90) [35;1meth-grpc-server[0m [36mgrpc::proto[0m[36m::[0m[34;1mget_asset_response_validators_consistency[0m
2026-06-11T12:29:26.7043607Z [32;1m        PASS[0m [   0.008s] (20/90) [35;1meth-grpc-server[0m [36mgrpc::proto::get_block_request[0m[36m::[0m[34;1midentifier_validators_consistency[0m
2026-06-11T12:29:26.7099516Z [32;1m        PASS[0m [   0.008s] (21/90) [35;1meth-grpc-server[0m [36mgrpc::proto[0m[36m::[0m[34;1mget_block_request_validators_consistency[0m
2026-06-11T12:29:26.7114640Z [32;1m        PASS[0m [   0.008s] (22/90) [35;1meth-grpc-server[0m [36mgrpc::proto[0m[36m::[0m[34;1mget_block_response_validators_consistency[0m
2026-06-11T12:29:26.7188379Z [32;1m        PASS[0m [   0.007s] (23/90) [35;1meth-grpc-server[0m [36mgrpc::proto[0m[36m::[0m[34;1mget_event_log_response_validators_consistency[0m
2026-06-11T12:29:26.7194030Z [32;1m        PASS[0m [   0.009s] (24/90) [35;1meth-grpc-server[0m [36mgrpc::proto[0m[36m::[0m[34;1mget_event_log_request_validators_consistency[0m
2026-06-11T12:29:26.7261035Z [32;1m        PASS[0m [   0.007s] (25/90) [35;1meth-grpc-server[0m [36mgrpc::proto[0m[36m::[0m[34;1mget_network_verification_request_validators_consistency[0m
2026-06-11T12:29:26.7273793Z [32;1m        PASS[0m [   0.008s] (26/90) [35;1meth-grpc-server[0m [36mgrpc::proto[0m[36m::[0m[34;1mget_network_verification_response_validators_consistency[0m
2026-06-11T12:29:26.7330276Z [32;1m        PASS[0m [   0.007s] (27/90) [35;1meth-grpc-server[0m [36mgrpc::proto::get_signature_request[0m[36m::[0m[34;1midentifier_validators_consistency[0m
2026-06-11T12:29:26.7358479Z [32;1m        PASS[0m [   0.008s] (28/90) [35;1meth-grpc-server[0m [36mgrpc::proto[0m[36m::[0m[34;1mget_signature_request_validators_consistency[0m
2026-06-11T12:29:26.7404810Z [32;1m        PASS[0m [   0.007s] (29/90) [35;1meth-grpc-server[0m [36mgrpc::proto[0m[36m::[0m[34;1mget_signature_response_validators_consistency[0m
2026-06-11T12:29:26.7462639Z [32;1m        PASS[0m [   0.009s] (30/90) [35;1meth-grpc-server[0m [36mgrpc::proto::get_transaction_request[0m[36m::[0m[34;1midentifier_validators_consistency[0m
2026-06-11T12:29:26.7479213Z [32;1m        PASS[0m [   0.007s] (31/90) [35;1meth-grpc-server[0m [36mgrpc::proto[0m[36m::[0m[34;1mget_transaction_request_validators_consistency[0m
2026-06-11T12:29:26.7533340Z [32;1m        PASS[0m [   0.008s] (32/90) [35;1meth-grpc-server[0m [36mgrpc::proto[0m[36m::[0m[34;1mget_transaction_response_validators_consistency[0m
2026-06-11T12:29:26.7565038Z [32;1m        PASS[0m [   0.007s] (33/90) [35;1meth-grpc-server[0m [36mgrpc::proto[0m[36m::[0m[34;1mget_transfer_request_validators_consistency[0m
2026-06-11T12:29:26.7614948Z [32;1m        PASS[0m [   0.008s] (34/90) [35;1meth-grpc-server[0m [36mgrpc::proto[0m[36m::[0m[34;1mget_transfer_response_validators_consistency[0m
2026-06-11T12:29:26.7624221Z [32;1m        PASS[0m [   0.007s] (35/90) [35;1meth-grpc-server[0m [36mgrpc::proto[0m[36m::[0m[34;1mget_wallet_stats_request_validators_consistency[0m
2026-06-11T12:29:26.7680949Z [32;1m        PASS[0m [   0.007s] (36/90) [35;1meth-grpc-server[0m [36mgrpc::proto[0m[36m::[0m[34;1mget_wallet_stats_response_validators_consistency[0m
2026-06-11T12:29:26.7712234Z [32;1m        PASS[0m [   0.008s] (37/90) [35;1meth-grpc-server[0m [36mgrpc::proto[0m[36m::[0m[34;1mlist_assets_by_account_request_validators_consistency[0m
2026-06-11T12:29:26.7768395Z [32;1m        PASS[0m [   0.008s] (38/90) [35;1meth-grpc-server[0m [36mgrpc::proto[0m[36m::[0m[34;1mlist_assets_by_account_response_validators_consistency[0m
2026-06-11T12:29:26.7800047Z [32;1m        PASS[0m [   0.008s] (39/90) [35;1meth-grpc-server[0m [36mgrpc::proto[0m[36m::[0m[34;1mlist_event_logs_by_transaction_request_validators_consistency[0m
2026-06-11T12:29:26.7833793Z [32;1m        PASS[0m [   0.006s] (40/90) [35;1meth-grpc-server[0m [36mgrpc::proto[0m[36m::[0m[34;1mlist_event_logs_by_transaction_response_validators_consistency[0m
2026-06-11T12:29:26.7873087Z [32;1m        PASS[0m [   0.008s] (41/90) [35;1meth-grpc-server[0m [36mgrpc::proto[0m[36m::[0m[34;1mlist_transactions_by_block_request_validators_consistency[0m
2026-06-11T12:29:26.7902264Z [32;1m        PASS[0m [   0.007s] (42/90) [35;1meth-grpc-server[0m [36mgrpc::proto[0m[36m::[0m[34;1mlist_transactions_by_block_response_validators_consistency[0m
2026-06-11T12:29:26.7954097Z [32;1m        PASS[0m [   0.008s] (43/90) [35;1meth-grpc-server[0m [36mgrpc::proto[0m[36m::[0m[34;1mlist_transfers_by_address_request_validators_consistency[0m
2026-06-11T12:29:26.7959915Z [32;1m        PASS[0m [   0.007s] (44/90) [35;1meth-grpc-server[0m [36mgrpc::proto[0m[36m::[0m[34;1mlist_transfers_by_address_response_validators_consistency[0m
2026-06-11T12:29:26.8029471Z [32;1m        PASS[0m [   0.007s] (45/90) [35;1meth-grpc-server[0m [36mgrpc::proto[0m[36m::[0m[34;1mlist_transfers_by_transaction_request_validators_consistency[0m
2026-06-11T12:29:26.8033768Z [32;1m        PASS[0m [   0.008s] (46/90) [35;1meth-grpc-server[0m [36mgrpc::proto[0m[36m::[0m[34;1mlist_transfers_by_transaction_response_validators_consistency[0m
2026-06-11T12:29:38.3073983Z [32;1m        PASS[0m [  11.503s] (47/90) [35;1meth-grpc-server::eth_account_test[0m [34;1mtest_get_account_by_row_id[0m
2026-06-11T12:29:38.3608915Z [32;1m        PASS[0m [  11.559s] (48/90) [35;1meth-grpc-server::eth_account_test[0m [34;1mtest_get_account_by_address[0m
2026-06-11T12:29:41.5854814Z [32;1m        PASS[0m [   3.222s] (49/90) [35;1meth-grpc-server::eth_account_test[0m [34;1mtest_get_account_not_found[0m
2026-06-11T12:29:41.7251431Z [32;1m        PASS[0m [   3.417s] (50/90) [35;1meth-grpc-server::eth_account_test[0m [34;1mtest_get_account_missing_identifier[0m
2026-06-11T12:29:44.7836610Z [32;1m        PASS[0m [   3.200s] (51/90) [35;1meth-grpc-server::eth_asset_test[0m [34;1mtest_get_asset_by_name[0m
2026-06-11T12:29:44.9486642Z [32;1m        PASS[0m [   3.224s] (52/90) [35;1meth-grpc-server::eth_asset_test[0m [34;1mtest_get_asset_by_row_id[0m
2026-06-11T12:29:47.9825590Z [32;1m        PASS[0m [   3.198s] (53/90) [35;1meth-grpc-server::eth_asset_test[0m [34;1mtest_get_asset_missing_identifier[0m
2026-06-11T12:29:48.1292845Z [32;1m        PASS[0m [   3.180s] (54/90) [35;1meth-grpc-server::eth_asset_test[0m [34;1mtest_get_asset_not_found[0m
2026-06-11T12:29:51.1354823Z [32;1m        PASS[0m [   3.152s] (55/90) [35;1meth-grpc-server::eth_asset_test[0m [34;1mtest_list_assets_by_account[0m
2026-06-11T12:29:51.2622710Z [32;1m        PASS[0m [   3.132s] (56/90) [35;1meth-grpc-server::eth_asset_test[0m [34;1mtest_list_assets_by_account_empty[0m
2026-06-11T12:29:54.6536561Z [32;1m        PASS[0m [   3.518s] (57/90) [35;1meth-grpc-server::eth_block_test[0m [34;1mtest_get_block_by_hash[0m
2026-06-11T12:29:54.7071290Z [32;1m        PASS[0m [   3.445s] (58/90) [35;1meth-grpc-server::eth_block_test[0m [34;1mtest_get_block_by_index[0m
2026-06-11T12:29:58.0264132Z [32;1m        PASS[0m [   3.319s] (59/90) [35;1meth-grpc-server::eth_block_test[0m [34;1mtest_get_block_missing_identifier[0m
2026-06-11T12:29:58.0752119Z [32;1m        PASS[0m [   3.421s] (60/90) [35;1meth-grpc-server::eth_block_test[0m [34;1mtest_get_block_by_row_id[0m
2026-06-11T12:30:01.4012998Z [32;1m        PASS[0m [   3.371s] (61/90) [35;1meth-grpc-server::eth_block_test[0m [34;1mtest_get_block_not_found[0m
2026-06-11T12:30:01.5603039Z [32;1m        PASS[0m [   3.486s] (62/90) [35;1meth-grpc-server::eth_event_log_test[0m [34;1mtest_get_event_log_by_row_id[0m
2026-06-11T12:30:04.7068415Z [32;1m        PASS[0m [   3.309s] (63/90) [35;1meth-grpc-server::eth_event_log_test[0m [34;1mtest_get_event_log_not_found[0m
2026-06-11T12:30:04.8393840Z [32;1m        PASS[0m [   3.279s] (64/90) [35;1meth-grpc-server::eth_event_log_test[0m [34;1mtest_list_event_logs_by_transaction[0m
2026-06-11T12:30:08.0832499Z [32;1m        PASS[0m [   3.375s] (65/90) [35;1meth-grpc-server::eth_event_log_test[0m [34;1mtest_list_event_logs_by_transaction_empty[0m
2026-06-11T12:30:08.1287764Z [32;1m        PASS[0m [   3.289s] (66/90) [35;1meth-grpc-server::eth_event_log_test[0m [34;1mtest_list_event_logs_by_transaction_invalid_uuid[0m
2026-06-11T12:30:11.5424752Z [32;1m        PASS[0m [   3.460s] (67/90) [35;1meth-grpc-server::eth_list_transfers_by_address_test[0m [34;1mlist_transfers_by_address_respects_limit[0m
2026-06-11T12:30:11.5924595Z [32;1m        PASS[0m [   3.463s] (68/90) [35;1meth-grpc-server::eth_list_transfers_by_address_test[0m [34;1mlist_transfers_by_address_respects_time_window[0m
2026-06-11T12:30:14.7754724Z [32;1m        PASS[0m [   3.220s] (69/90) [35;1meth-grpc-server::eth_list_transfers_by_address_test[0m [34;1mlist_transfers_by_address_returns_denormalized_rows[0m
2026-06-11T12:30:14.8506281Z [32;1m        PASS[0m [   3.258s] (70/90) [35;1meth-grpc-server::eth_network_verification_test[0m [34;1mtest_get_network_verification_by_row_id[0m
2026-06-11T12:30:17.9689824Z [32;1m        PASS[0m [   3.205s] (71/90) [35;1meth-grpc-server::eth_network_verification_test[0m [34;1mtest_get_network_verification_not_found[0m
2026-06-11T12:30:18.1273503Z [32;1m        PASS[0m [   3.277s] (72/90) [35;1meth-grpc-server::eth_signature_test[0m [34;1mtest_get_signature_by_method_id[0m
2026-06-11T12:30:21.1693237Z [32;1m        PASS[0m [   3.186s] (73/90) [35;1meth-grpc-server::eth_signature_test[0m [34;1mtest_get_signature_by_row_id[0m
2026-06-11T12:30:21.3422582Z [32;1m        PASS[0m [   3.214s] (74/90) [35;1meth-grpc-server::eth_signature_test[0m [34;1mtest_get_signature_missing_identifier[0m
2026-06-11T12:30:24.4543184Z [32;1m        PASS[0m [   3.288s] (75/90) [35;1meth-grpc-server::eth_signature_test[0m [34;1mtest_get_signature_not_found[0m
2026-06-11T12:30:24.6372610Z [32;1m        PASS[0m [   3.293s] (76/90) [35;1meth-grpc-server::eth_transaction_test[0m [34;1mtest_get_transaction_by_hash[0m
2026-06-11T12:30:27.6170549Z [32;1m        PASS[0m [   3.173s] (77/90) [35;1meth-grpc-server::eth_transaction_test[0m [34;1mtest_get_transaction_by_row_id[0m
2026-06-11T12:30:27.7668638Z [32;1m        PASS[0m [   3.131s] (78/90) [35;1meth-grpc-server::eth_transaction_test[0m [34;1mtest_get_transaction_missing_identifier[0m
2026-06-11T12:30:30.8408492Z [32;1m        PASS[0m [   3.224s] (79/90) [35;1meth-grpc-server::eth_transaction_test[0m [34;1mtest_get_transaction_not_found[0m
2026-06-11T12:30:31.0878935Z [32;1m        PASS[0m [   3.320s] (80/90) [35;1meth-grpc-server::eth_transaction_test[0m [34;1mtest_list_transactions_by_block[0m
2026-06-11T12:30:34.0533593Z [32;1m        PASS[0m [   3.212s] (81/90) [35;1meth-grpc-server::eth_transaction_test[0m [34;1mtest_list_transactions_by_block_empty[0m
2026-06-11T12:30:34.3467931Z [32;1m        PASS[0m [   3.257s] (82/90) [35;1meth-grpc-server::eth_transaction_test[0m [34;1mtest_list_transactions_by_block_pagination[0m
2026-06-11T12:30:37.3302507Z [32;1m        PASS[0m [   3.276s] (83/90) [35;1meth-grpc-server::eth_transfer_test[0m [34;1mtest_get_transfer_by_row_id[0m
2026-06-11T12:30:37.6449640Z [32;1m        PASS[0m [   3.300s] (84/90) [35;1meth-grpc-server::eth_transfer_test[0m [34;1mtest_get_transfer_invalid_uuid[0m
2026-06-11T12:30:40.9643381Z [32;1m        PASS[0m [   3.633s] (85/90) [35;1meth-grpc-server::eth_transfer_test[0m [34;1mtest_get_transfer_not_found[0m
2026-06-11T12:30:41.2242933Z [32;1m        PASS[0m [   3.578s] (86/90) [35;1meth-grpc-server::eth_transfer_test[0m [34;1mtest_list_transfers_by_transaction[0m
2026-06-11T12:30:44.2055435Z [32;1m        PASS[0m [   3.241s] (87/90) [35;1meth-grpc-server::eth_transfer_test[0m [34;1mtest_list_transfers_by_transaction_empty[0m
2026-06-11T12:30:44.3696991Z [32;1m        PASS[0m [   3.146s] (88/90) [35;1meth-grpc-server::eth_transfer_test[0m [34;1mtest_list_transfers_by_transaction_invalid_uuid[0m
2026-06-11T12:30:47.5348729Z [32;1m        PASS[0m [   3.329s] (89/90) [35;1meth-grpc-server::eth_wallet_stats_test[0m [34;1mget_wallet_stats_counts_from_and_to_transfers[0m
2026-06-11T12:30:47.6129330Z [32;1m        PASS[0m [   3.243s] (90/90) [35;1meth-grpc-server::eth_wallet_stats_test[0m [34;1mget_wallet_stats_unknown_address_returns_zero[0m
2026-06-11T12:30:47.6142531Z ────────────
2026-06-11T12:30:47.6146977Z [32;1m     Summary[0m [  80.995s] [1m90[0m tests run: [1m90[0m [32;1mpassed[0m, [1m0[0m [33;1mskipped[0m
2026-06-11T12:30:47.8759621Z Post job cleanup.
2026-06-11T12:30:48.1857746Z ##[group]Get human-readable stats
2026-06-11T12:30:48.1861161Z [command]/opt/hostedtoolcache/sccache/0.15.0/x64/sccache --show-stats
2026-06-11T12:30:48.2005801Z Compile requests                    950
2026-06-11T12:30:48.2024376Z Compile requests executed           822
2026-06-11T12:30:48.2024956Z Cache hits                          456
2026-06-11T12:30:48.2027726Z Cache hits (Assembler)               33
2026-06-11T12:30:48.2031056Z Cache hits (C/C++)                  142
2026-06-11T12:30:48.2034290Z Cache hits (Rust)                   281
2026-06-11T12:30:48.2036916Z Cache misses                        361
2026-06-11T12:30:48.2039872Z Cache misses (Assembler)             69
2026-06-11T12:30:48.2040682Z Cache misses (C/C++)                184
2026-06-11T12:30:48.2043475Z Cache misses (Rust)                 108
2026-06-11T12:30:48.2046489Z Cache hits rate                   55.81 %
2026-06-11T12:30:48.2050354Z Cache hits rate (Assembler)       32.35 %
2026-06-11T12:30:48.2053155Z Cache hits rate (C/C++)           43.56 %
2026-06-11T12:30:48.2056230Z Cache hits rate (Rust)            72.24 %
2026-06-11T12:30:48.2058529Z Cache timeouts                        0
2026-06-11T12:30:48.2061698Z Cache read errors                     0
2026-06-11T12:30:48.2065888Z Forced recaches                       0
2026-06-11T12:30:48.2066653Z Cache write errors                  361
2026-06-11T12:30:48.2069718Z Cache errors                          0
2026-06-11T12:30:48.2072679Z Compilations                        361
2026-06-11T12:30:48.2075329Z Compilation failures                  5
2026-06-11T12:30:48.2077891Z Non-cacheable compilations            0
2026-06-11T12:30:48.2081025Z Non-cacheable calls                 124
2026-06-11T12:30:48.2082015Z Non-compilation calls                 4
2026-06-11T12:30:48.2085028Z Unsupported compiler calls            0
2026-06-11T12:30:48.2089801Z Average cache write               0.000 s
2026-06-11T12:30:48.2090651Z Average compiler                  0.651 s
2026-06-11T12:30:48.2093817Z Average cache read hit            0.091 s
2026-06-11T12:30:48.2096835Z Failed distributed compilations       0
2026-06-11T12:30:48.2099486Z 
2026-06-11T12:30:48.2099826Z Non-cacheable reasons:
2026-06-11T12:30:48.2102894Z crate-type                           99
2026-06-11T12:30:48.2106216Z missing input                        10
2026-06-11T12:30:48.2108717Z -                                     7
2026-06-11T12:30:48.2109496Z -o                                    7
2026-06-11T12:30:48.2112779Z -E                                    1
2026-06-11T12:30:48.2114835Z 
2026-06-11T12:30:48.2115311Z Cache location                  ghac, name: 7e0726055e1e4f1baa01c3967c5cfadc05877ea5de0f1b2d553463f71b5d0d86, prefix: /sccache/
2026-06-11T12:30:48.2118473Z Base directories                (none)
2026-06-11T12:30:48.2121214Z Version (client)                0.15.0
2026-06-11T12:30:48.2127544Z ##[endgroup]
2026-06-11T12:30:48.2130848Z ##[group]Get JSON stats
2026-06-11T12:30:48.2136618Z [command]/opt/hostedtoolcache/sccache/0.15.0/x64/sccache --show-stats --stats-format=json
2026-06-11T12:30:48.2146604Z {"stats":{"compile_requests":950,"requests_unsupported_compiler":0,"requests_not_compile":4,"requests_not_cacheable":124,"requests_executed":822,"cache_errors":{"counts":{},"adv_counts":{}},"cache_hits":{"counts":{"C/C++":142,"Rust":281,"Assembler":33},"adv_counts":{"assemblerToPreprocess [gcc]":33,"rust":281,"c [gcc]":142}},"cache_misses":{"counts":{"Rust":108,"Assembler":69,"C/C++":184},"adv_counts":{"c [gcc]":184,"assemblerToPreprocess [gcc]":69,"rust":108}},"cache_timeouts":0,"cache_read_errors":0,"non_cacheable_compilations":0,"forced_recaches":0,"cache_write_errors":361,"cache_writes":0,"cache_write_duration":{"secs":0,"nanos":0},"cache_read_hit_duration":{"secs":41,"nanos":672569744},"compilations":361,"compiler_write_duration":{"secs":235,"nanos":53089072},"compile_fails":5,"not_cached":{"crate-type":99,"-":7,"missing input":10,"-o":7,"-E":1},"dist_compiles":{},"dist_errors":0,"multi_level":null},"cache_location":"ghac, name: 7e0726055e1e4f1baa01c3967c5cfadc05877ea5de0f1b2d553463f71b5d0d86, prefix: /sccache/","cache_size":null,"max_cache_size":null,"use_preprocessor_cache_mode":false,"version":"0.15.0","basedirs":[]}
2026-06-11T12:30:48.2159300Z ##[endgroup]
2026-06-11T12:30:48.2225142Z ##[notice]56% - 456 hits, 361 misses, 0 errors
2026-06-11T12:30:48.2269979Z 
2026-06-11T12:30:48.2276328Z Full human-readable stats:
2026-06-11T12:30:48.2284585Z Compile requests                    950
2026-06-11T12:30:48.2287990Z Compile requests executed           822
2026-06-11T12:30:48.2292924Z Cache hits                          456
2026-06-11T12:30:48.2294967Z Cache hits (Assembler)               33
2026-06-11T12:30:48.2297159Z Cache hits (C/C++)                  142
2026-06-11T12:30:48.2299625Z Cache hits (Rust)                   281
2026-06-11T12:30:48.2300165Z Cache misses                        361
2026-06-11T12:30:48.2302945Z Cache misses (Assembler)             69
2026-06-11T12:30:48.2304911Z Cache misses (C/C++)                184
2026-06-11T12:30:48.2307125Z Cache misses (Rust)                 108
2026-06-11T12:30:48.2310041Z Cache hits rate                   55.81 %
2026-06-11T12:30:48.2312449Z Cache hits rate (Assembler)       32.35 %
2026-06-11T12:30:48.2314774Z Cache hits rate (C/C++)           43.56 %
2026-06-11T12:30:48.2317358Z Cache hits rate (Rust)            72.24 %
2026-06-11T12:30:48.2317858Z Cache timeouts                        0
2026-06-11T12:30:48.2320067Z Cache read errors                     0
2026-06-11T12:30:48.2322480Z Forced recaches                       0
2026-06-11T12:30:48.2326728Z Cache write errors                  361
2026-06-11T12:30:48.2330832Z Cache errors                          0
2026-06-11T12:30:48.2333092Z Compilations                        361
2026-06-11T12:30:48.2335472Z Compilation failures                  5
2026-06-11T12:30:48.2336188Z Non-cacheable compilations            0
2026-06-11T12:30:48.2338202Z Non-cacheable calls                 124
2026-06-11T12:30:48.2340459Z Non-compilation calls                 4
2026-06-11T12:30:48.2342899Z Unsupported compiler calls            0
2026-06-11T12:30:48.2345698Z Average cache write               0.000 s
2026-06-11T12:30:48.2348058Z Average compiler                  0.651 s
2026-06-11T12:30:48.2348771Z Average cache read hit            0.091 s
2026-06-11T12:30:48.2350781Z Failed distributed compilations       0
2026-06-11T12:30:48.2352999Z 
2026-06-11T12:30:48.2353370Z Non-cacheable reasons:
2026-06-11T12:30:48.2356143Z crate-type                           99
2026-06-11T12:30:48.2358200Z missing input                        10
2026-06-11T12:30:48.2362179Z -                                     7
2026-06-11T12:30:48.2362744Z -o                                    7
2026-06-11T12:30:48.2365240Z -E                                    1
2026-06-11T12:30:48.2367377Z 
2026-06-11T12:30:48.2368115Z Cache location                  ghac, name: 7e0726055e1e4f1baa01c3967c5cfadc05877ea5de0f1b2d553463f71b5d0d86, prefix: /sccache/
2026-06-11T12:30:48.2370845Z Base directories                (none)
2026-06-11T12:30:48.2373410Z Version (client)                0.15.0
2026-06-11T12:30:48.2373777Z 
2026-06-11T12:30:50.0876626Z Post job cleanup.
2026-06-11T12:30:50.2545370Z Cache hit occurred on the primary key cargo-registry-GitHub-Linux-e85c77d0b1218bb1a165b77d4caf81154958cf3a17a59038482fcdaa52f929b0, not saving cache.
2026-06-11T12:30:50.2733194Z Post job cleanup.
2026-06-11T12:30:50.3854686Z [command]/usr/bin/git version
2026-06-11T12:30:50.3909580Z git version 2.54.0
2026-06-11T12:30:50.3973623Z Temporarily overriding HOME='/home/runner/work/_temp/d1809b90-f56c-466a-8ae1-0d4c44a2ceb3' before making global git config changes
2026-06-11T12:30:50.3975394Z Adding repository directory to the temporary git global config as a safe directory
2026-06-11T12:30:50.3977626Z [command]/usr/bin/git config --global --add safe.directory /home/runner/work/java-monorepo/java-monorepo
2026-06-11T12:30:50.4032319Z Removing SSH command configuration
2026-06-11T12:30:50.4035911Z [command]/usr/bin/git config --local --name-only --get-regexp core\.sshCommand
2026-06-11T12:30:50.4079661Z [command]/usr/bin/git submodule foreach --recursive sh -c "git config --local --name-only --get-regexp 'core\.sshCommand' && git config --local --unset-all 'core.sshCommand' || :"
2026-06-11T12:30:50.4452020Z Removing HTTP extra header
2026-06-11T12:30:50.4459438Z [command]/usr/bin/git config --local --name-only --get-regexp http\.https\:\/\/github\.com\/\.extraheader
2026-06-11T12:30:50.4503372Z [command]/usr/bin/git submodule foreach --recursive sh -c "git config --local --name-only --get-regexp 'http\.https\:\/\/github\.com\/\.extraheader' && git config --local --unset-all 'http.https://github.com/.extraheader' || :"
2026-06-11T12:30:50.4765438Z Removing includeIf entries pointing to credentials config files
2026-06-11T12:30:50.4766565Z [command]/usr/bin/git config --local --name-only --get-regexp ^includeIf\.gitdir:
2026-06-11T12:30:50.4795828Z includeif.gitdir:/home/runner/work/java-monorepo/java-monorepo/.git.path
2026-06-11T12:30:50.4804555Z includeif.gitdir:/home/runner/work/java-monorepo/java-monorepo/.git/worktrees/*.path
2026-06-11T12:30:50.4812786Z includeif.gitdir:/github/workspace/.git.path
2026-06-11T12:30:50.4813762Z includeif.gitdir:/github/workspace/.git/worktrees/*.path
2026-06-11T12:30:50.4816106Z [command]/usr/bin/git config --local --get-all includeif.gitdir:/home/runner/work/java-monorepo/java-monorepo/.git.path
2026-06-11T12:30:50.4831045Z /home/runner/work/_temp/git-credentials-13aa60cb-8724-4b5b-ac86-588cf2a64f4b.config
2026-06-11T12:30:50.4844234Z [command]/usr/bin/git config --local --unset includeif.gitdir:/home/runner/work/java-monorepo/java-monorepo/.git.path /home/runner/work/_temp/git-credentials-13aa60cb-8724-4b5b-ac86-588cf2a64f4b.config
2026-06-11T12:30:50.4893549Z [command]/usr/bin/git config --local --get-all includeif.gitdir:/home/runner/work/java-monorepo/java-monorepo/.git/worktrees/*.path
2026-06-11T12:30:50.4917627Z /home/runner/work/_temp/git-credentials-13aa60cb-8724-4b5b-ac86-588cf2a64f4b.config
2026-06-11T12:30:50.4934170Z [command]/usr/bin/git config --local --unset includeif.gitdir:/home/runner/work/java-monorepo/java-monorepo/.git/worktrees/*.path /home/runner/work/_temp/git-credentials-13aa60cb-8724-4b5b-ac86-588cf2a64f4b.config
2026-06-11T12:30:50.4966405Z [command]/usr/bin/git config --local --get-all includeif.gitdir:/github/workspace/.git.path
2026-06-11T12:30:50.4989788Z /github/runner_temp/git-credentials-13aa60cb-8724-4b5b-ac86-588cf2a64f4b.config
2026-06-11T12:30:50.5002452Z [command]/usr/bin/git config --local --unset includeif.gitdir:/github/workspace/.git.path /github/runner_temp/git-credentials-13aa60cb-8724-4b5b-ac86-588cf2a64f4b.config
2026-06-11T12:30:50.5037537Z [command]/usr/bin/git config --local --get-all includeif.gitdir:/github/workspace/.git/worktrees/*.path
2026-06-11T12:30:50.5062576Z /github/runner_temp/git-credentials-13aa60cb-8724-4b5b-ac86-588cf2a64f4b.config
2026-06-11T12:30:50.5072098Z [command]/usr/bin/git config --local --unset includeif.gitdir:/github/workspace/.git/worktrees/*.path /github/runner_temp/git-credentials-13aa60cb-8724-4b5b-ac86-588cf2a64f4b.config
2026-06-11T12:30:50.5110192Z [command]/usr/bin/git submodule foreach --recursive git config --local --show-origin --name-only --get-regexp remote.origin.url
2026-06-11T12:30:50.5366579Z Removing credentials config '/home/runner/work/_temp/git-credentials-13aa60cb-8724-4b5b-ac86-588cf2a64f4b.config'
2026-06-11T12:30:50.5534786Z Cleaning up orphan processes
2026-06-11T12:30:50.6087842Z Terminate orphan process: pid (2329) (sccache)
