2026-06-11T12:25:11.9623778Z Current runner version: '2.335.1'
2026-06-11T12:25:11.9660177Z ##[group]Runner Image Provisioner
2026-06-11T12:25:11.9662089Z Hosted Compute Agent
2026-06-11T12:25:11.9663235Z Version: 20260527.539
2026-06-11T12:25:11.9664343Z Commit: a891dd388383b896fa6ac04a82c0b75cec981078
2026-06-11T12:25:11.9665557Z Build Date: 2026-05-27T21:39:57Z
2026-06-11T12:25:11.9666886Z Worker ID: {c6abaf6e-8e8f-4b58-8a4b-6b7785ad7b59}
2026-06-11T12:25:11.9668161Z Azure Region: westus
2026-06-11T12:25:11.9669419Z ##[endgroup]
2026-06-11T12:25:11.9672619Z ##[group]Operating System
2026-06-11T12:25:11.9673701Z Ubuntu
2026-06-11T12:25:11.9674840Z 24.04.4
2026-06-11T12:25:11.9675732Z LTS
2026-06-11T12:25:11.9676718Z ##[endgroup]
2026-06-11T12:25:11.9677707Z ##[group]Runner Image
2026-06-11T12:25:11.9678748Z Image: ubuntu-24.04
2026-06-11T12:25:11.9679903Z Version: 20260607.184.1
2026-06-11T12:25:11.9682577Z Included Software: https://github.com/actions/runner-images/blob/ubuntu24/20260607.184/images/ubuntu/Ubuntu2404-Readme.md
2026-06-11T12:25:11.9685482Z Image Release: https://github.com/actions/runner-images/releases/tag/ubuntu24%2F20260607.184
2026-06-11T12:25:11.9687276Z ##[endgroup]
2026-06-11T12:25:11.9689642Z ##[group]GITHUB_TOKEN Permissions
2026-06-11T12:25:11.9692769Z Actions: read
2026-06-11T12:25:11.9693831Z Contents: read
2026-06-11T12:25:11.9694728Z Metadata: read
2026-06-11T12:25:11.9695656Z PullRequests: read
2026-06-11T12:25:11.9696664Z ##[endgroup]
2026-06-11T12:25:11.9699598Z Secret source: Actions
2026-06-11T12:25:11.9702242Z Prepare workflow directory
2026-06-11T12:25:12.0468379Z Prepare all required actions
2026-06-11T12:25:12.0505458Z Getting action download info
2026-06-11T12:25:13.0221364Z Download action repository 'actions/checkout@df4cb1c069e1874edd31b4311f1884172cec0e10' (SHA:df4cb1c069e1874edd31b4311f1884172cec0e10)
2026-06-11T12:25:13.4502530Z Download action repository 'actions/cache@27d5ce7f107fe9357f9df03efb73ab90386fccae' (SHA:27d5ce7f107fe9357f9df03efb73ab90386fccae)
2026-06-11T12:25:13.5581318Z Download action repository 'rui314/setup-mold@9c9c13bf4c3f1adef0cc596abc155580bcb04444' (SHA:9c9c13bf4c3f1adef0cc596abc155580bcb04444)
2026-06-11T12:25:13.7646946Z Download action repository 'mozilla-actions/sccache-action@9e7fa8a12102821edf02ca5dbea1acd0f89a2696' (SHA:9e7fa8a12102821edf02ca5dbea1acd0f89a2696)
2026-06-11T12:25:14.1061151Z Download action repository 'jdx/mise-action@dba19683ed58901619b14f395a24841710cb4925' (SHA:dba19683ed58901619b14f395a24841710cb4925)
2026-06-11T12:25:14.7901266Z Complete job name: Test legacy-grpc-server (GitHub)
2026-06-11T12:25:14.8610016Z ##[group]Run actions/checkout@df4cb1c069e1874edd31b4311f1884172cec0e10
2026-06-11T12:25:14.8611059Z with:
2026-06-11T12:25:14.8611354Z   repository: ChainArgos/java-monorepo
2026-06-11T12:25:14.8614767Z   token: ***
2026-06-11T12:25:14.8615033Z   ssh-strict: true
2026-06-11T12:25:14.8615290Z   ssh-user: git
2026-06-11T12:25:14.8615568Z   persist-credentials: true
2026-06-11T12:25:14.8615856Z   clean: true
2026-06-11T12:25:14.8616125Z   sparse-checkout-cone-mode: true
2026-06-11T12:25:14.8616462Z   fetch-depth: 1
2026-06-11T12:25:14.8616708Z   fetch-tags: false
2026-06-11T12:25:14.8616965Z   show-progress: true
2026-06-11T12:25:14.8617212Z   lfs: false
2026-06-11T12:25:14.8617449Z   submodules: false
2026-06-11T12:25:14.8617720Z   set-safe-directory: true
2026-06-11T12:25:14.8618226Z env:
2026-06-11T12:25:14.8618475Z   CARGO_TERM_COLOR: always
2026-06-11T12:25:14.8618754Z   CARGO_INCREMENTAL: 0
2026-06-11T12:25:14.8619055Z   RUSTFLAGS: -C link-arg=-fuse-ld=mold
2026-06-11T12:25:14.8619409Z   CARGO_BUILD_JOBS: 6
2026-06-11T12:25:14.8619670Z   RUSTC_WRAPPER: sccache
2026-06-11T12:25:14.8619946Z   SCCACHE_GHA_ENABLED: true
2026-06-11T12:25:14.8620211Z ##[endgroup]
2026-06-11T12:25:14.9889194Z Syncing repository: ChainArgos/java-monorepo
2026-06-11T12:25:14.9892245Z ##[group]Getting Git version info
2026-06-11T12:25:14.9893313Z Working directory is '/home/runner/work/java-monorepo/java-monorepo'
2026-06-11T12:25:14.9898592Z [command]/usr/bin/git version
2026-06-11T12:25:14.9899964Z git version 2.54.0
2026-06-11T12:25:14.9908197Z ##[endgroup]
2026-06-11T12:25:14.9915506Z Temporarily overriding HOME='/home/runner/work/_temp/826c0e35-7449-4912-b86b-51c756f6c945' before making global git config changes
2026-06-11T12:25:14.9917598Z Adding repository directory to the temporary git global config as a safe directory
2026-06-11T12:25:14.9924001Z [command]/usr/bin/git config --global --add safe.directory /home/runner/work/java-monorepo/java-monorepo
2026-06-11T12:25:14.9984937Z Deleting the contents of '/home/runner/work/java-monorepo/java-monorepo'
2026-06-11T12:25:14.9991650Z ##[group]Determining repository object format
2026-06-11T12:25:14.9994797Z ##[endgroup]
2026-06-11T12:25:14.9996446Z ##[group]Initializing the repository
2026-06-11T12:25:15.0001117Z [command]/usr/bin/git init /home/runner/work/java-monorepo/java-monorepo
2026-06-11T12:25:15.0108094Z hint: Using 'master' as the name for the initial branch. This default branch name
2026-06-11T12:25:15.0109336Z hint: will change to "main" in Git 3.0. To configure the initial branch name
2026-06-11T12:25:15.0121755Z hint: to use in all of your new repositories, which will suppress this warning,
2026-06-11T12:25:15.0123328Z hint: call:
2026-06-11T12:25:15.0125314Z hint:
2026-06-11T12:25:15.0127017Z hint: 	git config --global init.defaultBranch <name>
2026-06-11T12:25:15.0128285Z hint:
2026-06-11T12:25:15.0129356Z hint: Names commonly chosen instead of 'master' are 'main', 'trunk' and
2026-06-11T12:25:15.0131171Z hint: 'development'. The just-created branch can be renamed via this command:
2026-06-11T12:25:15.0132387Z hint:
2026-06-11T12:25:15.0133202Z hint: 	git branch -m <name>
2026-06-11T12:25:15.0134702Z hint:
2026-06-11T12:25:15.0135827Z hint: Disable this message with "git config set advice.defaultBranchName false"
2026-06-11T12:25:15.0137630Z Initialized empty Git repository in /home/runner/work/java-monorepo/java-monorepo/.git/
2026-06-11T12:25:15.0140891Z [command]/usr/bin/git remote add origin https://github.com/ChainArgos/java-monorepo
2026-06-11T12:25:15.0181551Z ##[endgroup]
2026-06-11T12:25:15.0183090Z ##[group]Disabling automatic garbage collection
2026-06-11T12:25:15.0186367Z [command]/usr/bin/git config --local gc.auto 0
2026-06-11T12:25:15.0225811Z ##[endgroup]
2026-06-11T12:25:15.0227741Z ##[group]Setting up auth
2026-06-11T12:25:15.0229107Z Removing SSH command configuration
2026-06-11T12:25:15.0233788Z [command]/usr/bin/git config --local --name-only --get-regexp core\.sshCommand
2026-06-11T12:25:15.0275142Z [command]/usr/bin/git submodule foreach --recursive sh -c "git config --local --name-only --get-regexp 'core\.sshCommand' && git config --local --unset-all 'core.sshCommand' || :"
2026-06-11T12:25:15.0661643Z Removing HTTP extra header
2026-06-11T12:25:15.0681920Z [command]/usr/bin/git config --local --name-only --get-regexp http\.https\:\/\/github\.com\/\.extraheader
2026-06-11T12:25:15.0723593Z [command]/usr/bin/git submodule foreach --recursive sh -c "git config --local --name-only --get-regexp 'http\.https\:\/\/github\.com\/\.extraheader' && git config --local --unset-all 'http.https://github.com/.extraheader' || :"
2026-06-11T12:25:15.1073352Z Removing includeIf entries pointing to credentials config files
2026-06-11T12:25:15.1091838Z [command]/usr/bin/git config --local --name-only --get-regexp ^includeIf\.gitdir:
2026-06-11T12:25:15.1132687Z [command]/usr/bin/git submodule foreach --recursive git config --local --show-origin --name-only --get-regexp remote.origin.url
2026-06-11T12:25:15.1512823Z [command]/usr/bin/git config --file /home/runner/work/_temp/git-credentials-0c967571-b23d-4d6f-8b8d-5217fdee0e4e.config http.https://github.com/.extraheader AUTHORIZATION: basic ***
2026-06-11T12:25:15.1546876Z [command]/usr/bin/git config --local includeIf.gitdir:/home/runner/work/java-monorepo/java-monorepo/.git.path /home/runner/work/_temp/git-credentials-0c967571-b23d-4d6f-8b8d-5217fdee0e4e.config
2026-06-11T12:25:15.1573958Z [command]/usr/bin/git config --local includeIf.gitdir:/home/runner/work/java-monorepo/java-monorepo/.git/worktrees/*.path /home/runner/work/_temp/git-credentials-0c967571-b23d-4d6f-8b8d-5217fdee0e4e.config
2026-06-11T12:25:15.1611611Z [command]/usr/bin/git config --local includeIf.gitdir:/github/workspace/.git.path /github/runner_temp/git-credentials-0c967571-b23d-4d6f-8b8d-5217fdee0e4e.config
2026-06-11T12:25:15.1642821Z [command]/usr/bin/git config --local includeIf.gitdir:/github/workspace/.git/worktrees/*.path /github/runner_temp/git-credentials-0c967571-b23d-4d6f-8b8d-5217fdee0e4e.config
2026-06-11T12:25:15.1677520Z ##[endgroup]
2026-06-11T12:25:15.1679108Z ##[group]Fetching the repository
2026-06-11T12:25:15.1689907Z [command]/usr/bin/git -c protocol.version=2 fetch --no-tags --prune --no-recurse-submodules --depth=1 origin +8fa32afa59856d67daf3aa97451afa317f93b26d:refs/remotes/origin/main
2026-06-11T12:25:18.7652241Z From https://github.com/ChainArgos/java-monorepo
2026-06-11T12:25:18.7653673Z  * [new ref]         8fa32afa59856d67daf3aa97451afa317f93b26d -> origin/main
2026-06-11T12:25:18.7711380Z [command]/usr/bin/git branch --list --remote origin/main
2026-06-11T12:25:18.7723374Z   origin/main
2026-06-11T12:25:18.7737113Z [command]/usr/bin/git rev-parse refs/remotes/origin/main
2026-06-11T12:25:18.7758552Z 8fa32afa59856d67daf3aa97451afa317f93b26d
2026-06-11T12:25:18.7848194Z ##[endgroup]
2026-06-11T12:25:18.7850339Z ##[group]Determining the checkout info
2026-06-11T12:25:18.7852145Z ##[endgroup]
2026-06-11T12:25:18.7853208Z [command]/usr/bin/git sparse-checkout disable
2026-06-11T12:25:18.7855640Z [command]/usr/bin/git config --local --unset-all extensions.worktreeConfig
2026-06-11T12:25:18.7882343Z ##[group]Checking out the ref
2026-06-11T12:25:18.7886569Z [command]/usr/bin/git checkout --progress --force -B main refs/remotes/origin/main
2026-06-11T12:25:19.4126884Z Switched to a new branch 'main'
2026-06-11T12:25:19.4138545Z branch 'main' set up to track 'origin/main'.
2026-06-11T12:25:19.4714433Z ##[endgroup]
2026-06-11T12:25:19.4783998Z [command]/usr/bin/git log -1 --format=%H
2026-06-11T12:25:19.4803491Z 8fa32afa59856d67daf3aa97451afa317f93b26d
2026-06-11T12:25:20.4221522Z ##[group]Run actions/cache@27d5ce7f107fe9357f9df03efb73ab90386fccae
2026-06-11T12:25:20.4221964Z with:
2026-06-11T12:25:20.4222343Z   path: ~/.cargo/registry/cache
~/.cargo/registry/index
~/.cargo/registry/src
~/.cargo/git/db

2026-06-11T12:25:20.4223032Z   key: cargo-registry-GitHub-Linux-e85c77d0b1218bb1a165b77d4caf81154958cf3a17a59038482fcdaa52f929b0
2026-06-11T12:25:20.4223614Z   restore-keys: cargo-registry-GitHub-Linux-

2026-06-11T12:25:20.4223935Z   enableCrossOsArchive: false
2026-06-11T12:25:20.4224193Z   fail-on-cache-miss: false
2026-06-11T12:25:20.4224443Z   lookup-only: false
2026-06-11T12:25:20.4224667Z   save-always: false
2026-06-11T12:25:20.4224865Z env:
2026-06-11T12:25:20.4225060Z   CARGO_TERM_COLOR: always
2026-06-11T12:25:20.4225328Z   CARGO_INCREMENTAL: 0
2026-06-11T12:25:20.4225586Z   RUSTFLAGS: -C link-arg=-fuse-ld=mold
2026-06-11T12:25:20.4225862Z   CARGO_BUILD_JOBS: 6
2026-06-11T12:25:20.4226098Z   RUSTC_WRAPPER: sccache
2026-06-11T12:25:20.4226368Z   SCCACHE_GHA_ENABLED: true
2026-06-11T12:25:20.4226601Z ##[endgroup]
2026-06-11T12:25:20.8151820Z Cache hit for: cargo-registry-GitHub-Linux-e85c77d0b1218bb1a165b77d4caf81154958cf3a17a59038482fcdaa52f929b0
2026-06-11T12:25:22.1093929Z Received 0 of 168476502 (0.0%), 0.0 MBs/sec
2026-06-11T12:25:23.1121963Z Received 88080384 of 168476502 (52.3%), 41.9 MBs/sec
2026-06-11T12:25:23.8838925Z Received 168476502 of 168476502 (100.0%), 57.9 MBs/sec
2026-06-11T12:25:23.8842162Z Cache Size: ~161 MB (168476502 B)
2026-06-11T12:25:23.8891448Z [command]/usr/bin/tar -xf /home/runner/work/_temp/ebf75295-d002-46de-8b37-5ebd6115de7c/cache.tzst -P -C /home/runner/work/java-monorepo/java-monorepo --use-compress-program unzstd
2026-06-11T12:25:27.1551431Z Cache restored successfully
2026-06-11T12:25:27.1710151Z Cache restored from key: cargo-registry-GitHub-Linux-e85c77d0b1218bb1a165b77d4caf81154958cf3a17a59038482fcdaa52f929b0
2026-06-11T12:25:27.1864113Z ##[group]Run rui314/setup-mold@9c9c13bf4c3f1adef0cc596abc155580bcb04444
2026-06-11T12:25:27.1864708Z with:
2026-06-11T12:25:27.1864914Z   mold-version: 2.41.0
2026-06-11T12:25:27.1865146Z   make-default: true
2026-06-11T12:25:27.1865369Z env:
2026-06-11T12:25:27.1865563Z   CARGO_TERM_COLOR: always
2026-06-11T12:25:27.1865799Z   CARGO_INCREMENTAL: 0
2026-06-11T12:25:27.1866038Z   RUSTFLAGS: -C link-arg=-fuse-ld=mold
2026-06-11T12:25:27.1866303Z   CARGO_BUILD_JOBS: 6
2026-06-11T12:25:27.1866529Z   RUSTC_WRAPPER: sccache
2026-06-11T12:25:27.1866755Z   SCCACHE_GHA_ENABLED: true
2026-06-11T12:25:27.1866985Z ##[endgroup]
2026-06-11T12:25:27.1963571Z ##[group]Run set -x
2026-06-11T12:25:27.1963855Z [36;1mset -x[0m
2026-06-11T12:25:27.1964077Z [36;1mecho "mold 2.41.0"[0m
2026-06-11T12:25:27.1964415Z [36;1mif [ "$(whoami)" = root ]; then SUDO=; else SUDO=sudo; fi[0m
2026-06-11T12:25:27.1965551Z [36;1mwget -O- --timeout=10 --waitretry=3 --retry-connrefused --progress=dot:mega https://github.com/rui314/mold/releases/download/v2.41.0/mold-2.41.0-$(uname -m)-linux.tar.gz | $SUDO tar -C /usr/local --strip-components=1 --no-overwrite-dir -xzf -[0m
2026-06-11T12:25:27.1966853Z [36;1mtest true = true -a "$(realpath /usr/bin/ld)" != /usr/local/bin/mold && $SUDO ln -sf /usr/local/bin/mold "$(realpath /usr/bin/ld)"; true[0m
2026-06-11T12:25:27.2139626Z shell: /usr/bin/bash --noprofile --norc -e -o pipefail {0}
2026-06-11T12:25:27.2139987Z env:
2026-06-11T12:25:27.2140179Z   CARGO_TERM_COLOR: always
2026-06-11T12:25:27.2140688Z   CARGO_INCREMENTAL: 0
2026-06-11T12:25:27.2140943Z   RUSTFLAGS: -C link-arg=-fuse-ld=mold
2026-06-11T12:25:27.2141220Z   CARGO_BUILD_JOBS: 6
2026-06-11T12:25:27.2141449Z   RUSTC_WRAPPER: sccache
2026-06-11T12:25:27.2141683Z   SCCACHE_GHA_ENABLED: true
2026-06-11T12:25:27.2141909Z ##[endgroup]
2026-06-11T12:25:27.2221203Z + echo 'mold 2.41.0'
2026-06-11T12:25:27.2221960Z ++ whoami
2026-06-11T12:25:27.2222167Z mold 2.41.0
2026-06-11T12:25:27.2237151Z + '[' runner = root ']'
2026-06-11T12:25:27.2237852Z + SUDO=sudo
2026-06-11T12:25:27.2245412Z + sudo tar -C /usr/local --strip-components=1 --no-overwrite-dir -xzf -
2026-06-11T12:25:27.2261170Z ++ uname -m
2026-06-11T12:25:27.2267539Z + wget -O- --timeout=10 --waitretry=3 --retry-connrefused --progress=dot:mega https://github.com/rui314/mold/releases/download/v2.41.0/mold-2.41.0-x86_64-linux.tar.gz
2026-06-11T12:25:27.2498940Z --2026-06-11 12:25:27--  https://github.com/rui314/mold/releases/download/v2.41.0/mold-2.41.0-x86_64-linux.tar.gz
2026-06-11T12:25:27.2743186Z Resolving github.com (github.com)... 140.82.116.4
2026-06-11T12:25:27.2926461Z Connecting to github.com (github.com)|140.82.116.4|:443... connected.
2026-06-11T12:25:27.5213824Z HTTP request sent, awaiting response... 302 Found
2026-06-11T12:25:27.5224505Z Location: https://release-assets.githubusercontent.com/github-production-release-asset/299510783/f4863e5d-1747-433e-8c26-b5a1c1950d2d?sp=r&sv=2018-11-09&sr=b&spr=https&se=2026-06-11T13%3A17%3A25Z&rscd=attachment%3B+filename%3Dmold-2.41.0-x86_64-linux.tar.gz&rsct=application%2Foctet-stream&skoid=96c2d410-5711-43a1-aedd-ab1947aa7ab0&sktid=398a6654-997b-47e9-b12b-9515b896b4de&skt=2026-06-11T12%3A16%3A46Z&ske=2026-06-11T13%3A17%3A25Z&sks=b&skv=2018-11-09&sig=X39%2BJ8VIzkFM%2FUQWKbM4YghTyZ%2BLpseGXRuSpgdgAkQ%3D&jwt=*** [following]
2026-06-11T12:25:27.5232046Z --2026-06-11 12:25:27--  https://release-assets.githubusercontent.com/github-production-release-asset/299510783/f4863e5d-1747-433e-8c26-b5a1c1950d2d?sp=r&sv=2018-11-09&sr=b&spr=https&se=2026-06-11T13%3A17%3A25Z&rscd=attachment%3B+filename%3Dmold-2.41.0-x86_64-linux.tar.gz&rsct=application%2Foctet-stream&skoid=96c2d410-5711-43a1-aedd-ab1947aa7ab0&sktid=398a6654-997b-47e9-b12b-9515b896b4de&skt=2026-06-11T12%3A16%3A46Z&ske=2026-06-11T13%3A17%3A25Z&sks=b&skv=2018-11-09&sig=X39%2BJ8VIzkFM%2FUQWKbM4YghTyZ%2BLpseGXRuSpgdgAkQ%3D&jwt=***
2026-06-11T12:25:27.5240281Z Resolving release-assets.githubusercontent.com (release-assets.githubusercontent.com)... 185.199.111.133, 185.199.108.133, 185.199.109.133, ...
2026-06-11T12:25:27.5247403Z Connecting to release-assets.githubusercontent.com (release-assets.githubusercontent.com)|185.199.111.133|:443... connected.
2026-06-11T12:25:27.5304057Z HTTP request sent, awaiting response... 200 OK
2026-06-11T12:25:27.5308888Z Length: 5119986 (4.9M) [application/octet-stream]
2026-06-11T12:25:27.5309931Z Saving to: ‘STDOUT’
2026-06-11T12:25:27.5316216Z 
2026-06-11T12:25:27.6186641Z      0K ........ ........ ........ ........ ........ ........ 61% 34.2M 0s
2026-06-11T12:25:27.6713182Z   3072K ........ ........ ........ ......                    100% 38.6M=0.1s
2026-06-11T12:25:27.6713856Z 
2026-06-11T12:25:27.6714350Z 2026-06-11 12:25:27 (35.8 MB/s) - written to stdout [5119986/5119986]
2026-06-11T12:25:27.6714914Z 
2026-06-11T12:25:27.6843490Z ++ realpath /usr/bin/ld
2026-06-11T12:25:27.6861005Z + test true = true -a /usr/bin/x86_64-linux-gnu-ld.bfd '!=' /usr/local/bin/mold
2026-06-11T12:25:27.6863432Z ++ realpath /usr/bin/ld
2026-06-11T12:25:27.6876688Z + sudo ln -sf /usr/local/bin/mold /usr/bin/x86_64-linux-gnu-ld.bfd
2026-06-11T12:25:27.6955185Z + true
2026-06-11T12:25:27.7027142Z ##[group]Run mozilla-actions/sccache-action@9e7fa8a12102821edf02ca5dbea1acd0f89a2696
2026-06-11T12:25:27.7027598Z with:
2026-06-11T12:25:27.7031161Z   token: ***
2026-06-11T12:25:27.7031391Z   disable_annotations: false
2026-06-11T12:25:27.7031627Z env:
2026-06-11T12:25:27.7031827Z   CARGO_TERM_COLOR: always
2026-06-11T12:25:27.7032061Z   CARGO_INCREMENTAL: 0
2026-06-11T12:25:27.7032306Z   RUSTFLAGS: -C link-arg=-fuse-ld=mold
2026-06-11T12:25:27.7032583Z   CARGO_BUILD_JOBS: 6
2026-06-11T12:25:27.7032801Z   RUSTC_WRAPPER: sccache
2026-06-11T12:25:27.7033031Z   SCCACHE_GHA_ENABLED: true
2026-06-11T12:25:27.7033259Z ##[endgroup]
2026-06-11T12:25:28.2671694Z try to setup sccache version: v0.15.0
2026-06-11T12:25:28.2756955Z sccache download from url: https://github.com/mozilla/sccache/releases/download/v0.15.0/sccache-v0.15.0-x86_64-unknown-linux-musl.tar.gz
2026-06-11T12:25:28.5287595Z Correct checksum: 782d2b5dd7ae0a55ebe368ab258114d0928d019ac2d949ab85d5d02f3926709e
2026-06-11T12:25:28.5426499Z [command]/usr/bin/tar xz --warning=no-unknown-keyword --overwrite -C /home/runner/work/_temp/2665a4d9-0de0-4e0e-a1ea-085b821c3740 -f /home/runner/work/_temp/10a391c3-3719-4f5c-8c50-d4fe5f714e36
2026-06-11T12:25:28.7159424Z sccache extracted to: /home/runner/work/_temp/2665a4d9-0de0-4e0e-a1ea-085b821c3740
2026-06-11T12:25:28.7329236Z sccache cached to: /opt/hostedtoolcache/sccache/0.15.0/x64
2026-06-11T12:25:28.7492992Z ##[group]Run jdx/mise-action@dba19683ed58901619b14f395a24841710cb4925
2026-06-11T12:25:28.7493383Z with:
2026-06-11T12:25:28.7493620Z   install_args: rust protoc cargo:cargo-nextest
2026-06-11T12:25:28.7497196Z   github_token: ***
2026-06-11T12:25:28.7497428Z   install: true
2026-06-11T12:25:28.7497630Z   cache: true
2026-06-11T12:25:28.7497823Z   cache_save: true
2026-06-11T12:25:28.7498035Z   cache_key_prefix: mise-v1
2026-06-11T12:25:28.7498286Z   experimental: false
2026-06-11T12:25:28.7498497Z   log_level: info
2026-06-11T12:25:28.7498713Z   reshim: false
2026-06-11T12:25:28.7498909Z   add_shims_to_path: true
2026-06-11T12:25:28.7499135Z   fetch_from_github: true
2026-06-11T12:25:28.7499356Z   env: true
2026-06-11T12:25:28.7499544Z   wings_enabled: false
2026-06-11T12:25:28.7499754Z env:
2026-06-11T12:25:28.7499939Z   CARGO_TERM_COLOR: always
2026-06-11T12:25:28.7500166Z   CARGO_INCREMENTAL: 0
2026-06-11T12:25:28.7500407Z   RUSTFLAGS: -C link-arg=-fuse-ld=mold
2026-06-11T12:25:28.7501028Z   CARGO_BUILD_JOBS: 6
2026-06-11T12:25:28.7501251Z   RUSTC_WRAPPER: sccache
2026-06-11T12:25:28.7501484Z   SCCACHE_GHA_ENABLED: true
2026-06-11T12:25:28.7501797Z   SCCACHE_PATH: /opt/hostedtoolcache/sccache/0.15.0/x64/sccache
2026-06-11T12:25:28.7502150Z   ACTIONS_CACHE_SERVICE_V2: on
2026-06-11T12:25:28.7502562Z   ACTIONS_RESULTS_URL: https://results-receiver.actions.githubusercontent.com/
2026-06-11T12:25:28.7547616Z   ACTIONS_RUNTIME_TOKEN: ***
2026-06-11T12:25:28.7547886Z ##[endgroup]
2026-06-11T12:25:28.8809699Z ##[group]Restoring mise cache
2026-06-11T12:25:28.8854396Z [command]/usr/bin/ldd --version
2026-06-11T12:25:28.8915167Z ldd (Ubuntu GLIBC 2.39-0ubuntu8.7) 2.39
2026-06-11T12:25:28.8917527Z Copyright (C) 2024 Free Software Foundation, Inc.
2026-06-11T12:25:28.8918704Z This is free software; see the source for copying conditions.  There is NO
2026-06-11T12:25:28.8920244Z warranty; not even for MERCHANTABILITY or FITNESS FOR A PARTICULAR PURPOSE.
2026-06-11T12:25:28.8921731Z Written by Roland McGrath and Ulrich Drepper.
2026-06-11T12:25:30.6339269Z Cache hit for: mise-v1-linux-x64-ubuntu24-5d553c0d272ab77f6c479727d9a7a97ef11a3137cc5e7acd6feeb3c85a74fc48-f25160224585da46219cc671ebb565079f37edeec027869984cbb22b39bb8172
2026-06-11T12:25:31.9498768Z Received 0 of 42227166 (0.0%), 0.0 MBs/sec
2026-06-11T12:25:32.5463613Z Received 42227166 of 42227166 (100.0%), 25.2 MBs/sec
2026-06-11T12:25:32.5464772Z Cache Size: ~40 MB (42227166 B)
2026-06-11T12:25:32.5539059Z [command]/usr/bin/tar -xf /home/runner/work/_temp/553c7f9f-a635-4a6e-bb69-5264153f65ec/cache.tzst -P -C /home/runner/work/java-monorepo/java-monorepo --use-compress-program unzstd
2026-06-11T12:25:32.8964935Z Cache restored successfully
2026-06-11T12:25:32.8991663Z mise cache restored from key: mise-v1-linux-x64-ubuntu24-5d553c0d272ab77f6c479727d9a7a97ef11a3137cc5e7acd6feeb3c85a74fc48-f25160224585da46219cc671ebb565079f37edeec027869984cbb22b39bb8172
2026-06-11T12:25:32.9000814Z ##[group]Setting env vars
2026-06-11T12:25:32.9001626Z Setting MISE_LOG_LEVEL=info
2026-06-11T12:25:32.9008999Z Setting MISE_GITHUB_TOKEN=***
2026-06-11T12:25:32.9010192Z Setting MISE_TRUSTED_CONFIG_PATHS=/home/runner/work/java-monorepo/java-monorepo
2026-06-11T12:25:32.9011591Z Setting MISE_YES=1
2026-06-11T12:25:32.9012257Z Adding /home/runner/.local/share/mise/shims to PATH
2026-06-11T12:25:32.9013333Z ##[group]Running mise --version
2026-06-11T12:25:32.9031639Z [command]/home/runner/.local/share/mise/bin/mise --version
2026-06-11T12:25:32.9145944Z 2026.6.2 linux-x64 (2026-06-09)
2026-06-11T12:25:32.9200327Z ##[endgroup]
2026-06-11T12:25:32.9366269Z ##[group]Running mise install rust protoc cargo:cargo-nextest
2026-06-11T12:25:32.9384437Z [command]/home/runner/.local/share/mise/bin/mise install rust protoc cargo:cargo-nextest
2026-06-11T12:25:34.6769512Z ##[endgroup]
2026-06-11T12:25:34.6770713Z ##[group]Running mise ls
2026-06-11T12:25:34.6801383Z [command]/home/runner/.local/share/mise/bin/mise ls
2026-06-11T12:25:34.6991951Z cargo:cargo-nextest  0.9.137                          ~/work/java-monorepo/java-monorepo/mise.toml            0.9.137
2026-06-11T12:25:34.6993549Z java                 oracle-graalvm-25.0.1 (missing)  ~/work/java-monorepo/java-monorepo/mise.toml            oracle-graalvm-25.0.1
2026-06-11T12:25:34.6996020Z node                 24.16.0 (missing)                ~/work/java-monorepo/java-monorepo/mise.toml            24.16.0
2026-06-11T12:25:34.6997146Z protoc               35.0                             ~/work/java-monorepo/java-monorepo/mise.toml            latest
2026-06-11T12:25:34.6998241Z python               3.14.6 (missing)                 ~/work/java-monorepo/java-monorepo/mise.toml            3.14
2026-06-11T12:25:34.6999355Z rust                 1.96.0 (symlink)                 ~/work/java-monorepo/java-monorepo/rust-toolchain.toml  1.96.0
2026-06-11T12:25:34.7021014Z ##[endgroup]
2026-06-11T12:25:34.7023493Z ##[group]Exporting mise environment variables
2026-06-11T12:25:34.7327160Z [command]/home/runner/.local/share/mise/bin/mise env --json
2026-06-11T12:25:34.7526314Z {
2026-06-11T12:25:34.7530103Z   "CARGO_HOME": "/home/runner/.cargo",
2026-06-11T12:25:34.7544465Z   "PATH": "/home/runner/.local/share/mise/installs/cargo-cargo-nextest/0.9.137/bin:/home/runner/.local/share/mise/installs/protoc/latest/bin:/home/runner/.cargo/bin:/home/runner/.local/share/mise/shims:/home/runner/.local/share/mise/bin:/opt/hostedtoolcache/sccache/0.15.0/x64:/snap/bin:/home/runner/.local/bin:/opt/pipx_bin:/home/runner/.cargo/bin:/home/runner/.config/composer/vendor/bin:/usr/local/.ghcup/bin:/home/runner/.dotnet/tools:/usr/local/sbin:/usr/local/bin:/usr/sbin:/usr/bin:/sbin:/bin:/usr/games:/usr/local/games:/snap/bin",
2026-06-11T12:25:34.7561286Z   "RUSTUP_HOME": "/home/runner/.rustup",
2026-06-11T12:25:34.7561842Z   "RUSTUP_TOOLCHAIN": "1.96.0"
2026-06-11T12:25:34.7562267Z }
2026-06-11T12:25:34.7562932Z ##[endgroup]
2026-06-11T12:25:34.7711168Z ##[group]Run cargo nextest run -p legacy-grpc-server --profile ci
2026-06-11T12:25:34.7711721Z [36;1mcargo nextest run -p legacy-grpc-server --profile ci[0m
2026-06-11T12:25:34.7744822Z shell: /usr/bin/bash -e {0}
2026-06-11T12:25:34.7745091Z env:
2026-06-11T12:25:34.7745303Z   CARGO_TERM_COLOR: always
2026-06-11T12:25:34.7745555Z   CARGO_INCREMENTAL: 0
2026-06-11T12:25:34.7745807Z   RUSTFLAGS: -C link-arg=-fuse-ld=mold
2026-06-11T12:25:34.7746093Z   CARGO_BUILD_JOBS: 6
2026-06-11T12:25:34.7746318Z   RUSTC_WRAPPER: sccache
2026-06-11T12:25:34.7746560Z   SCCACHE_GHA_ENABLED: true
2026-06-11T12:25:34.7746880Z   SCCACHE_PATH: /opt/hostedtoolcache/sccache/0.15.0/x64/sccache
2026-06-11T12:25:34.7747247Z   ACTIONS_CACHE_SERVICE_V2: on
2026-06-11T12:25:34.7747684Z   ACTIONS_RESULTS_URL: https://results-receiver.actions.githubusercontent.com/
2026-06-11T12:25:34.7792633Z   ACTIONS_RUNTIME_TOKEN: ***
2026-06-11T12:25:34.7792914Z   MISE_LOG_LEVEL: info
2026-06-11T12:25:34.7796183Z   MISE_GITHUB_TOKEN: ***
2026-06-11T12:25:34.7796549Z   MISE_TRUSTED_CONFIG_PATHS: /home/runner/work/java-monorepo/java-monorepo
2026-06-11T12:25:34.7796938Z   MISE_YES: 1
2026-06-11T12:25:34.7797161Z   CARGO_HOME: /home/runner/.cargo
2026-06-11T12:25:34.7799054Z   PATH: /home/runner/.local/share/mise/installs/cargo-cargo-nextest/0.9.137/bin:/home/runner/.local/share/mise/installs/protoc/latest/bin:/home/runner/.cargo/bin:/home/runner/.local/share/mise/shims:/home/runner/.local/share/mise/bin:/opt/hostedtoolcache/sccache/0.15.0/x64:/snap/bin:/home/runner/.local/bin:/opt/pipx_bin:/home/runner/.cargo/bin:/home/runner/.config/composer/vendor/bin:/usr/local/.ghcup/bin:/home/runner/.dotnet/tools:/usr/local/sbin:/usr/local/bin:/usr/sbin:/usr/bin:/sbin:/bin:/usr/games:/usr/local/games:/snap/bin
2026-06-11T12:25:34.7801107Z   RUSTUP_HOME: /home/runner/.rustup
2026-06-11T12:25:34.7801390Z   RUSTUP_TOOLCHAIN: 1.96.0
2026-06-11T12:25:34.7801628Z ##[endgroup]
2026-06-11T12:25:34.9225200Z info: syncing channel updates for 1.96.0-x86_64-unknown-linux-gnu
2026-06-11T12:25:35.2497656Z info: latest update on 2026-05-28 for version 1.96.0 (ac68faa20 2026-05-25)
2026-06-11T12:25:35.2556874Z info: downloading 3 components
2026-06-11T12:25:44.8581477Z [1m[92m   Compiling[0m proc-macro2 v1.0.106
2026-06-11T12:25:44.8582175Z [1m[92m   Compiling[0m quote v1.0.45
2026-06-11T12:25:44.8582778Z [1m[92m   Compiling[0m unicode-ident v1.0.24
2026-06-11T12:25:44.8583390Z [1m[92m   Compiling[0m libc v0.2.186
2026-06-11T12:25:44.8583949Z [1m[92m   Compiling[0m cfg-if v1.0.4
2026-06-11T12:25:44.8584497Z [1m[92m   Compiling[0m memchr v2.8.1
2026-06-11T12:25:45.2638807Z [1m[92m   Compiling[0m serde_core v1.0.228
2026-06-11T12:25:45.4102151Z [1m[92m   Compiling[0m bytes v1.11.1
2026-06-11T12:25:45.6012186Z [1m[92m   Compiling[0m once_cell v1.21.4
2026-06-11T12:25:46.0791977Z [1m[92m   Compiling[0m itoa v1.0.18
2026-06-11T12:25:46.1576917Z [1m[92m   Compiling[0m smallvec v1.15.1
2026-06-11T12:25:46.3472025Z [1m[92m   Compiling[0m pin-project-lite v0.2.17
2026-06-11T12:25:46.3949862Z [1m[92m   Compiling[0m equivalent v1.0.2
2026-06-11T12:25:46.6250795Z [1m[92m   Compiling[0m hashbrown v0.17.1
2026-06-11T12:25:46.6392680Z [1m[92m   Compiling[0m find-msvc-tools v0.1.9
2026-06-11T12:25:46.6532960Z [1m[92m   Compiling[0m shlex v2.0.1
2026-06-11T12:25:46.8884034Z [1m[92m   Compiling[0m jobserver v0.1.34
2026-06-11T12:25:46.9821696Z [1m[92m   Compiling[0m futures-core v0.3.32
2026-06-11T12:25:47.0429462Z [1m[92m   Compiling[0m log v0.4.32
2026-06-11T12:25:47.1721835Z [1m[92m   Compiling[0m serde v1.0.228
2026-06-11T12:25:47.3701967Z [1m[92m   Compiling[0m either v1.16.0
2026-06-11T12:25:47.5581302Z [1m[92m   Compiling[0m indexmap v2.14.0
2026-06-11T12:25:47.6032368Z [1m[92m   Compiling[0m anyhow v1.0.102
2026-06-11T12:25:47.6481827Z [1m[92m   Compiling[0m cc v1.2.63
2026-06-11T12:25:47.6691953Z [1m[92m   Compiling[0m syn v2.0.117
2026-06-11T12:25:47.8242364Z [1m[92m   Compiling[0m errno v0.3.14
2026-06-11T12:25:47.8952135Z [1m[92m   Compiling[0m percent-encoding v2.3.2
2026-06-11T12:25:48.0590330Z [1m[92m   Compiling[0m socket2 v0.6.4
2026-06-11T12:25:48.4248541Z [1m[92m   Compiling[0m signal-hook-registry v1.4.8
2026-06-11T12:25:48.4484611Z [1m[92m   Compiling[0m mio v1.2.1
2026-06-11T12:25:48.4831990Z [1m[92m   Compiling[0m futures-sink v0.3.32
2026-06-11T12:25:48.6003163Z [1m[92m   Compiling[0m itertools v0.14.0
2026-06-11T12:25:48.8047682Z [1m[92m   Compiling[0m slab v0.4.12
2026-06-11T12:25:49.0031683Z [1m[92m   Compiling[0m tracing-core v0.1.36
2026-06-11T12:25:49.0708097Z [1m[92m   Compiling[0m zmij v1.0.21
2026-06-11T12:25:49.1157204Z [1m[92m   Compiling[0m serde_json v1.0.150
2026-06-11T12:25:49.1522162Z [1m[92m   Compiling[0m futures-channel v0.3.32
2026-06-11T12:25:49.2473679Z [1m[92m   Compiling[0m aho-corasick v1.1.4
2026-06-11T12:25:49.3572408Z [1m[92m   Compiling[0m serde_derive v1.0.228
2026-06-11T12:25:49.4211940Z [1m[92m   Compiling[0m tokio-macros v2.7.0
2026-06-11T12:25:49.4502447Z [1m[92m   Compiling[0m tracing-attributes v0.1.31
2026-06-11T12:25:49.7471961Z [1m[92m   Compiling[0m synstructure v0.13.2
2026-06-11T12:25:50.0551805Z [1m[92m   Compiling[0m base64 v0.22.1
2026-06-11T12:25:50.0881860Z [1m[92m   Compiling[0m regex-syntax v0.8.11
2026-06-11T12:25:50.2831782Z [1m[92m   Compiling[0m tokio v1.52.3
2026-06-11T12:25:50.8033082Z [1m[92m   Compiling[0m futures-macro v0.3.32
2026-06-11T12:25:51.4362665Z [1m[92m   Compiling[0m tracing v0.1.44
2026-06-11T12:25:51.5701800Z [1m[92m   Compiling[0m futures-io v0.3.32
2026-06-11T12:25:51.8482006Z [1m[92m   Compiling[0m autocfg v1.5.1
2026-06-11T12:25:51.8820348Z [1m[92m   Compiling[0m futures-task v0.3.32
2026-06-11T12:25:51.9923537Z [1m[92m   Compiling[0m zerofrom-derive v0.1.7
2026-06-11T12:25:52.3268872Z [1m[92m   Compiling[0m futures-util v0.3.32
2026-06-11T12:25:52.3821898Z [1m[92m   Compiling[0m yoke-derive v0.8.2
2026-06-11T12:25:52.5483572Z [1m[92m   Compiling[0m http v1.4.1
2026-06-11T12:25:53.1081868Z [1m[92m   Compiling[0m tokio-util v0.7.18
2026-06-11T12:25:53.9452069Z [1m[92m   Compiling[0m stable_deref_trait v1.2.1
2026-06-11T12:25:53.9545769Z [1m[92m   Compiling[0m zerofrom v0.1.8
2026-06-11T12:25:54.1382060Z [1m[92m   Compiling[0m zerovec-derive v0.11.3
2026-06-11T12:25:54.2725496Z [1m[92m   Compiling[0m form_urlencoded v1.2.2
2026-06-11T12:25:54.3022099Z [1m[92m   Compiling[0m displaydoc v0.2.6
2026-06-11T12:25:54.4301867Z [1m[92m   Compiling[0m yoke v0.8.3
2026-06-11T12:25:54.5792005Z [1m[92m   Compiling[0m bitflags v2.13.0
2026-06-11T12:25:54.6551790Z [1m[92m   Compiling[0m httparse v1.10.1
2026-06-11T12:25:54.9257122Z [1m[92m   Compiling[0m http-body v1.0.1
2026-06-11T12:25:54.9522229Z [1m[92m   Compiling[0m thiserror-impl v2.0.18
2026-06-11T12:25:55.1343330Z [1m[92m   Compiling[0m num-traits v0.2.19
2026-06-11T12:25:55.2311964Z [1m[92m   Compiling[0m prettyplease v0.2.37
2026-06-11T12:25:55.2371664Z [1m[92m   Compiling[0m linux-raw-sys v0.12.1
2026-06-11T12:25:55.3352805Z [1m[92m   Compiling[0m tower-service v0.3.3
2026-06-11T12:25:55.5935257Z [1m[92m   Compiling[0m prost-derive v0.14.4
2026-06-11T12:25:55.6991175Z [1m[92m   Compiling[0m thiserror v2.0.18
2026-06-11T12:25:55.8052707Z [1m[92m   Compiling[0m litemap v0.8.2
2026-06-11T12:25:55.8079504Z [1m[92m   Compiling[0m try-lock v0.2.5
2026-06-11T12:25:55.8854661Z [1m[92m   Compiling[0m zerovec v0.11.6
2026-06-11T12:25:56.1192422Z [1m[92m   Compiling[0m fnv v1.0.7
2026-06-11T12:25:56.2822975Z [1m[92m   Compiling[0m fs_extra v1.3.0
2026-06-11T12:25:56.3942068Z [1m[92m   Compiling[0m atomic-waker v1.1.2
2026-06-11T12:25:56.4431941Z [1m[92m   Compiling[0m writeable v0.6.3
2026-06-11T12:25:56.6196772Z [1m[92m   Compiling[0m tinystr v0.8.3
2026-06-11T12:25:56.6672299Z [1m[92m   Compiling[0m h2 v0.4.14
2026-06-11T12:25:56.6823147Z [1m[92m   Compiling[0m potential_utf v0.1.5
2026-06-11T12:25:56.7392393Z [1m[92m   Compiling[0m want v0.3.1
2026-06-11T12:25:57.1683718Z [1m[92m   Compiling[0m icu_locale_core v2.2.0
2026-06-11T12:25:57.2103537Z [1m[92m   Compiling[0m zerotrie v0.2.4
2026-06-11T12:25:57.2541767Z [1m[92m   Compiling[0m httpdate v1.0.3
2026-06-11T12:25:57.7353851Z [1m[92m   Compiling[0m prost v0.14.4
2026-06-11T12:25:58.0411412Z [1m[92m   Compiling[0m getrandom v0.3.4
2026-06-11T12:25:58.1322035Z [1m[92m   Compiling[0m icu_properties_data v2.2.0
2026-06-11T12:25:58.1792396Z [1m[92m   Compiling[0m utf8_iter v1.0.4
2026-06-11T12:25:58.2088418Z [1m[92m   Compiling[0m icu_normalizer_data v2.2.0
2026-06-11T12:25:58.3315326Z [1m[92m   Compiling[0m hyper v1.10.1
2026-06-11T12:25:58.4452209Z [1m[92m   Compiling[0m icu_collections v2.2.0
2026-06-11T12:25:58.5732402Z [1m[92m   Compiling[0m icu_provider v2.2.0
2026-06-11T12:25:58.5987831Z [1m[92m   Compiling[0m regex-automata v0.4.14
2026-06-11T12:25:58.6671924Z [1m[92m   Compiling[0m ipnet v2.12.0
2026-06-11T12:25:58.8301932Z [1m[92m   Compiling[0m heck v0.5.0
2026-06-11T12:25:58.8351764Z [1m[92m   Compiling[0m zerocopy v0.8.50
2026-06-11T12:25:59.2136660Z [1m[92m   Compiling[0m hyper-util v0.1.20
2026-06-11T12:26:00.2922002Z [1m[92m   Compiling[0m rand_core v0.9.5
2026-06-11T12:26:00.3272013Z [1m[92m   Compiling[0m icu_normalizer v2.2.0
2026-06-11T12:26:00.4811922Z [1m[92m   Compiling[0m http-body-util v0.1.3
2026-06-11T12:26:00.6022243Z [1m[92m   Compiling[0m async-trait v0.1.89
2026-06-11T12:26:00.6689296Z [1m[92m   Compiling[0m sync_wrapper v1.0.2
2026-06-11T12:26:00.7552306Z [1m[92m   Compiling[0m icu_properties v2.2.0
2026-06-11T12:26:00.7681496Z [1m[92m   Compiling[0m tower-layer v0.3.3
2026-06-11T12:26:01.0482390Z [1m[92m   Compiling[0m uuid v1.23.3
2026-06-11T12:26:01.6892546Z [1m[92m   Compiling[0m ppv-lite86 v0.2.21
2026-06-11T12:26:01.6981415Z [1m[92m   Compiling[0m rustix v1.1.4
2026-06-11T12:26:01.9653028Z [1m[92m   Compiling[0m getrandom v0.4.2
2026-06-11T12:26:02.1743060Z [1m[92m   Compiling[0m tower v0.5.3
2026-06-11T12:26:02.2542008Z [1m[92m   Compiling[0m regex v1.12.4
2026-06-11T12:26:02.2621579Z [1m[92m   Compiling[0m idna_adapter v1.2.2
2026-06-11T12:26:02.2679736Z [1m[92m   Compiling[0m prost-types v0.14.4
2026-06-11T12:26:02.3392213Z [1m[92m   Compiling[0m powerfmt v0.2.0
2026-06-11T12:26:02.4954692Z [1m[92m   Compiling[0m rand_chacha v0.9.0
2026-06-11T12:26:02.5707831Z [1m[92m   Compiling[0m idna v1.1.0
2026-06-11T12:26:02.6388852Z [1m[92m   Compiling[0m fixedbitset v0.5.7
2026-06-11T12:26:02.7441476Z [1m[92m   Compiling[0m zeroize v1.8.2
2026-06-11T12:26:02.8592313Z [1m[92m   Compiling[0m strsim v0.11.1
2026-06-11T12:26:02.9052310Z [1m[92m   Compiling[0m lazy_static v1.5.0
2026-06-11T12:26:02.9432138Z [1m[92m   Compiling[0m url v2.5.8
2026-06-11T12:26:02.9818817Z [1m[92m   Compiling[0m rand v0.9.4
2026-06-11T12:26:02.9961862Z [1m[92m   Compiling[0m deranged v0.5.8
2026-06-11T12:26:03.2991794Z [1m[92m   Compiling[0m cmake v0.1.58
2026-06-11T12:26:03.4586097Z [1m[92m   Compiling[0m typenum v1.20.1
2026-06-11T12:26:03.5521828Z [1m[92m   Compiling[0m fastrand v2.4.1
2026-06-11T12:26:03.6140845Z [1m[92m   Compiling[0m num-conv v0.2.2
2026-06-11T12:26:03.6531303Z [1m[92m   Compiling[0m time-core v0.1.8
2026-06-11T12:26:03.7777276Z [1m[92m   Compiling[0m dunce v1.0.5
2026-06-11T12:26:03.7855150Z [1m[92m   Compiling[0m rustls-pki-types v1.14.1
2026-06-11T12:26:03.9274872Z [1m[92m   Compiling[0m hex v0.4.3
2026-06-11T12:26:03.9615214Z [1m[92m   Compiling[0m time v0.3.47
2026-06-11T12:26:03.9616345Z [1m[92m   Compiling[0m hybrid-array v0.4.12
2026-06-11T12:26:04.0186001Z [1m[92m   Compiling[0m aws-lc-sys v0.41.0
2026-06-11T12:26:04.0462684Z [1m[92m   Compiling[0m tempfile v3.27.0
2026-06-11T12:26:04.1222346Z [1m[92m   Compiling[0m cpufeatures v0.3.0
2026-06-11T12:26:04.2555736Z [1m[92m   Compiling[0m rand_core v0.10.1
2026-06-11T12:26:04.5074199Z [1m[92m   Compiling[0m multimap v0.10.1
2026-06-11T12:26:04.5078253Z [1m[92m   Compiling[0m mime v0.3.17
2026-06-11T12:26:04.6162737Z [1m[92m   Compiling[0m ryu v1.0.23
2026-06-11T12:26:04.6922442Z [1m[92m   Compiling[0m tokio-stream v0.1.18
2026-06-11T12:26:04.9005602Z [1m[92m   Compiling[0m axum-core v0.5.6
2026-06-11T12:26:04.9008617Z [1m[92m   Compiling[0m serde_urlencoded v0.7.1
2026-06-11T12:26:05.1451485Z [1m[92m   Compiling[0m pin-project-internal v1.1.13
2026-06-11T12:26:05.2021908Z [1m[92m   Compiling[0m serde_path_to_error v0.1.20
2026-06-11T12:26:05.2421775Z [1m[92m   Compiling[0m matchit v0.8.4
2026-06-11T12:26:05.4167620Z [1m[92m   Compiling[0m cmov v0.5.4
2026-06-11T12:26:05.5381743Z [1m[92m   Compiling[0m axum v0.8.9
2026-06-11T12:26:05.7835330Z [1m[92m   Compiling[0m chacha20 v0.10.0
2026-06-11T12:26:05.8072117Z [1m[92m   Compiling[0m ctutils v0.4.2
2026-06-11T12:26:05.8561899Z [1m[92m   Compiling[0m crypto-common v0.2.2
2026-06-11T12:26:06.1594525Z [1m[92m   Compiling[0m pin-project v1.1.13
2026-06-11T12:26:06.2448061Z [1m[92m   Compiling[0m block-buffer v0.12.0
2026-06-11T12:26:06.3316425Z [1m[92m   Compiling[0m hyper-timeout v0.5.2
2026-06-11T12:26:06.4176762Z [1m[92m   Compiling[0m const-oid v0.10.2
2026-06-11T12:26:06.4361562Z [1m[92m   Compiling[0m ident_case v1.0.1
2026-06-11T12:26:06.4641577Z [1m[92m   Compiling[0m vcpkg v0.2.15
2026-06-11T12:26:06.6004858Z [1m[92m   Compiling[0m unicode-segmentation v1.13.3
2026-06-11T12:26:06.6590953Z [1m[92m   Compiling[0m pkg-config v0.3.33
2026-06-11T12:26:06.6681309Z [1m[92m   Compiling[0m aws-lc-rs v1.17.0
2026-06-11T12:26:06.7422038Z [1m[92m   Compiling[0m tonic v0.14.6
2026-06-11T12:26:06.7517364Z [1m[92m   Compiling[0m darling_core v0.23.0
2026-06-11T12:26:06.9055106Z [1m[92m   Compiling[0m digest v0.11.3
2026-06-11T12:26:06.9379475Z [1m[92m   Compiling[0m openssl-sys v0.9.116
2026-06-11T12:26:07.0021815Z [1m[92m   Compiling[0m rand v0.10.1
2026-06-11T12:26:07.3037613Z [1m[92m   Compiling[0m home v0.5.12
2026-06-11T12:26:07.3398595Z [1m[92m   Compiling[0m glob v0.3.3
2026-06-11T12:26:07.4329480Z [1m[92m   Compiling[0m iana-time-zone v0.1.65
2026-06-11T12:26:07.5259701Z [1m[92m   Compiling[0m rustversion v1.0.22
2026-06-11T12:26:07.5841972Z [1m[92m   Compiling[0m parking_lot_core v0.9.12
2026-06-11T12:26:07.6362111Z [1m[92m   Compiling[0m tinyvec_macros v0.1.1
2026-06-11T12:26:07.6741705Z [1m[92m   Compiling[0m chrono v0.4.45
2026-06-11T12:26:07.7942425Z [1m[92m   Compiling[0m clang-sys v1.8.1
2026-06-11T12:26:07.8088993Z [1m[92m   Compiling[0m darling_macro v0.23.0
2026-06-11T12:26:07.9011633Z [1m[92m   Compiling[0m tinyvec v1.11.0
2026-06-11T12:26:08.1282634Z [1m[92m   Compiling[0m debugid v0.8.0
2026-06-11T12:26:08.1910127Z [1m[92m   Compiling[0m prost-derive v0.13.5
2026-06-11T12:26:08.2403647Z [1m[92m   Compiling[0m rustix v0.38.44
2026-06-11T12:26:08.3602313Z [1m[92m   Compiling[0m crunchy v0.2.4
2026-06-11T12:26:08.4531923Z [1m[92m   Compiling[0m scopeguard v1.2.0
2026-06-11T12:26:08.5190307Z [1m[92m   Compiling[0m openssl-probe v0.2.1
2026-06-11T12:26:08.6704152Z [1m[92m   Compiling[0m sentry-types v0.48.2
2026-06-11T12:26:08.7372552Z [1m[92m   Compiling[0m lock_api v0.4.14
2026-06-11T12:26:08.8162347Z [1m[92m   Compiling[0m unicode-normalization v0.1.25
2026-06-11T12:26:09.1221771Z [1m[92m   Compiling[0m darling v0.23.0
2026-06-11T12:26:09.8473892Z [1m[92m   Compiling[0m tiny-keccak v2.0.2
2026-06-11T12:26:09.9126938Z [1m[92m   Compiling[0m linux-raw-sys v0.4.15
2026-06-11T12:26:09.9532319Z [1m[92m   Compiling[0m owo-colors v4.3.0
2026-06-11T12:26:09.9627915Z [1m[92m   Compiling[0m minimal-lexical v0.2.1
2026-06-11T12:26:10.1080970Z [1m[92m   Compiling[0m litrs v1.0.0
2026-06-11T12:26:10.2812334Z [1m[92m   Compiling[0m crossbeam-utils v0.8.21
2026-06-11T12:26:10.3542113Z [1m[92m   Compiling[0m object v0.37.3
2026-06-11T12:26:10.3923294Z [1m[92m   Compiling[0m unicode-bidi v0.3.18
2026-06-11T12:26:10.4602209Z [1m[92m   Compiling[0m pulldown-cmark v0.13.4
2026-06-11T12:26:10.5293856Z [1m[92m   Compiling[0m rustls v0.23.40
2026-06-11T12:26:10.5682027Z [1m[92m   Compiling[0m allocator-api2 v0.2.21
2026-06-11T12:26:10.7019016Z [1m[92m   Compiling[0m unicode-properties v0.1.4
2026-06-11T12:26:10.7111490Z [1m[92m   Compiling[0m untrusted v0.9.0
2026-06-11T12:26:10.7221670Z [1m[92m   Compiling[0m foldhash v0.2.0
2026-06-11T12:26:10.9712359Z [1m[92m   Compiling[0m sentry-core v0.48.2
2026-06-11T12:26:11.5558883Z [1m[92m   Compiling[0m stringprep v0.1.5
2026-06-11T12:26:11.5581411Z [1m[92m   Compiling[0m document-features v0.2.12
2026-06-11T12:26:11.5671621Z [1m[92m   Compiling[0m hashbrown v0.16.1
2026-06-11T12:26:11.6973404Z [1m[92m   Compiling[0m nom v7.1.3
2026-06-11T12:26:11.8971759Z [1m[92m   Compiling[0m parking_lot v0.12.5
2026-06-11T12:26:11.9891150Z [1m[92m   Compiling[0m prost v0.13.5
2026-06-11T12:26:12.1052021Z [1m[92m   Compiling[0m tonic-prost v0.14.6
2026-06-11T12:26:12.3079538Z [1m[92m   Compiling[0m hmac v0.13.0
2026-06-11T12:26:12.3108935Z [1m[92m   Compiling[0m sha2 v0.11.0
2026-06-11T12:26:12.3561820Z [1m[92m   Compiling[0m md-5 v0.11.0
2026-06-11T12:26:12.4281917Z [1m[92m   Compiling[0m libloading v0.8.9
2026-06-11T12:26:12.4962021Z [1m[92m   Compiling[0m bindgen v0.66.1
2026-06-11T12:26:12.5932777Z [1m[92m   Compiling[0m adler2 v2.0.1
2026-06-11T12:26:12.6495022Z [1m[92m   Compiling[0m foldhash v0.1.5
2026-06-11T12:26:12.6922049Z [1m[92m   Compiling[0m byteorder v1.5.0
2026-06-11T12:26:12.6938610Z [1m[92m   Compiling[0m gimli v0.32.3
2026-06-11T12:26:12.7960853Z [1m[92m   Compiling[0m subtle v2.6.1
2026-06-11T12:26:12.8621935Z [1m[92m   Compiling[0m openssl v0.10.80
2026-06-11T12:26:12.8891843Z [1m[92m   Compiling[0m paste v1.0.15
2026-06-11T12:26:12.9491467Z [1m[92m   Compiling[0m unicase v2.9.0
2026-06-11T12:26:13.0281861Z [1m[92m   Compiling[0m foreign-types-shared v0.1.1
2026-06-11T12:26:13.0351376Z [1m[92m   Compiling[0m siphasher v1.0.3
2026-06-11T12:26:13.1113402Z [1m[92m   Compiling[0m fallible-iterator v0.2.0
2026-06-11T12:26:13.2834979Z [1m[92m   Compiling[0m foreign-types v0.3.2
2026-06-11T12:26:13.3312059Z [1m[92m   Compiling[0m phf_shared v0.13.1
2026-06-11T12:26:13.3921971Z [1m[92m   Compiling[0m postgres-protocol v0.6.11
2026-06-11T12:26:13.4792248Z [1m[92m   Compiling[0m addr2line v0.25.1
2026-06-11T12:26:13.5201817Z [1m[92m   Compiling[0m hashbrown v0.15.5
2026-06-11T12:26:13.7312012Z [1m[92m   Compiling[0m miniz_oxide v0.8.9
2026-06-11T12:26:13.8339568Z [1m[92m   Compiling[0m cexpr v0.6.0
2026-06-11T12:26:13.8913077Z [1m[92m   Compiling[0m prost-types v0.13.5
2026-06-11T12:26:14.2112199Z [1m[92m   Compiling[0m which v4.4.2
2026-06-11T12:26:16.2833159Z [1m[92m   Compiling[0m prost-reflect v0.16.4
2026-06-11T12:26:16.6981960Z [1m[92m   Compiling[0m petgraph v0.7.1
2026-06-11T12:26:18.7098335Z [1m[92m   Compiling[0m postgres-derive v0.4.8
2026-06-11T12:26:19.1022036Z [1m[92m   Compiling[0m openssl-macros v0.1.1
2026-06-11T12:26:19.4671994Z [1m[92m   Compiling[0m getrandom v0.2.17
2026-06-11T12:26:19.6352035Z [1m[92m   Compiling[0m peeking_take_while v0.1.2
2026-06-11T12:26:21.3386011Z [1m[92m   Compiling[0m shlex v1.3.0
2026-06-11T12:26:22.3802019Z [1m[92m   Compiling[0m rustc-hash v1.1.0
2026-06-11T12:26:22.7662077Z [1m[92m   Compiling[0m ucd-trie v0.1.7
2026-06-11T12:26:22.8691811Z [1m[92m   Compiling[0m lazycell v1.3.0
2026-06-11T12:26:22.9132067Z [1m[92m   Compiling[0m rustc-demangle v0.1.27
2026-06-11T12:26:23.0314030Z [1m[92m   Compiling[0m typeid v1.0.3
2026-06-11T12:26:23.1438596Z [1m[92m   Compiling[0m native-tls v0.2.18
2026-06-11T12:26:23.3412283Z [1m[92m   Compiling[0m const-random-macro v0.1.16
2026-06-11T12:26:23.4542229Z [1m[92m   Compiling[0m pest v2.8.6
2026-06-11T12:26:23.6201886Z [1m[92m   Compiling[0m prost-build v0.13.5
2026-06-11T12:26:23.8532000Z [1m[92m   Compiling[0m backtrace v0.3.76
2026-06-11T12:26:24.0719838Z [1m[92m   Compiling[0m postgres-types v0.2.13
2026-06-11T12:26:28.3951893Z [1m[92m   Compiling[0m pulldown-cmark-to-cmark v22.0.0
2026-06-11T12:26:29.0801523Z [1m[92m   Compiling[0m petgraph v0.8.3
2026-06-11T12:26:29.4015945Z [1m[92m   Compiling[0m phf v0.13.1
2026-06-11T12:26:30.5591926Z [1m[92m   Compiling[0m num-integer v0.1.46
2026-06-11T12:26:30.5782031Z [1m[92m   Compiling[0m deadpool-runtime v0.1.4
2026-06-11T12:26:30.6877284Z [1m[92m   Compiling[0m num_cpus v1.17.0
2026-06-11T12:26:31.8191860Z [1m[92m   Compiling[0m whoami v2.1.2
2026-06-11T12:26:32.3317220Z [1m[92m   Compiling[0m thiserror v1.0.69
2026-06-11T12:26:32.4061819Z [1m[92m   Compiling[0m ref-cast v1.0.25
2026-06-11T12:26:32.6651942Z [1m[92m   Compiling[0m semver v1.0.28
2026-06-11T12:26:32.8412191Z [1m[92m   Compiling[0m deadpool v0.12.3
2026-06-11T12:26:33.2621947Z [1m[92m   Compiling[0m tokio-postgres v0.7.17
2026-06-11T12:26:33.7391910Z [1m[92m   Compiling[0m prost-build v0.14.4
2026-06-11T12:26:33.8031915Z [1m[92m   Compiling[0m rustc_version v0.4.1
2026-06-11T12:26:36.2861844Z [1m[92m   Compiling[0m pg_query v6.1.1
2026-06-11T12:26:36.5316112Z [1m[92m   Compiling[0m sentry-backtrace v0.48.2
2026-06-11T12:26:37.0672105Z [1m[92m   Compiling[0m pest_meta v2.8.6
2026-06-11T12:26:38.1764826Z [1m[92m   Compiling[0m const-random v0.1.18
2026-06-11T12:26:38.7242533Z [1m[92m   Compiling[0m matchers v0.2.0
2026-06-11T12:26:38.7471772Z [1m[92m   Compiling[0m sharded-slab v0.1.7
2026-06-11T12:26:38.7665477Z [1m[92m   Compiling[0m ureq-proto v0.6.0
2026-06-11T12:26:39.1012301Z [1m[92m   Compiling[0m tracing-log v0.2.0
2026-06-11T12:26:39.1551855Z [1m[92m   Compiling[0m thiserror-impl v1.0.69
2026-06-11T12:26:39.9141981Z [1m[92m   Compiling[0m ref-cast-impl v1.0.25
2026-06-11T12:26:40.4972168Z [1m[92m   Compiling[0m findshlibs v0.10.2
2026-06-11T12:26:40.6672408Z [1m[92m   Compiling[0m thread_local v1.1.9
2026-06-11T12:26:40.7351844Z [1m[92m   Compiling[0m portable-atomic v1.13.1
2026-06-11T12:26:40.8122044Z [1m[92m   Compiling[0m bollard-buildkit-proto v0.7.0
2026-06-11T12:26:41.0022168Z [1m[92m   Compiling[0m utf8parse v0.2.2
2026-06-11T12:26:41.1122216Z [1m[92m   Compiling[0m erased-serde v0.4.10
2026-06-11T12:26:41.3102395Z [1m[92m   Compiling[0m nu-ansi-term v0.50.3
2026-06-11T12:26:41.3532430Z [1m[92m   Compiling[0m utf8-zero v0.8.1
2026-06-11T12:26:41.6902054Z [1m[92m   Compiling[0m anstyle-parse v1.0.0
2026-06-11T12:26:41.8028806Z [1m[92m   Compiling[0m pest_generator v2.8.6
2026-06-11T12:26:41.9662251Z [1m[92m   Compiling[0m tracing-subscriber v0.3.23
2026-06-11T12:26:42.0711942Z [1m[92m   Compiling[0m dlv-list v0.5.2
2026-06-11T12:26:42.1001924Z [1m[92m   Compiling[0m proto-types v0.2.2
2026-06-11T12:26:42.2231834Z [1m[92m   Compiling[0m deadpool-postgres v0.14.1
2026-06-11T12:26:42.8942092Z [1m[92m   Compiling[0m tokio-native-tls v0.3.1
2026-06-11T12:26:45.4519076Z [1m[92m   Compiling[0m sentry-contexts v0.48.2
2026-06-11T12:26:45.6932497Z [1m[92m   Compiling[0m num-bigint v0.4.6
2026-06-11T12:26:46.6747026Z [1m[92m   Compiling[0m rapidhash v4.4.1
2026-06-11T12:26:46.8162021Z [1m[92m   Compiling[0m bon-macros v3.9.1
2026-06-11T12:26:48.0882046Z [1m[92m   Compiling[0m similar v2.7.0
2026-06-11T12:26:49.1545773Z [1m[92m   Compiling[0m convert_case v0.10.0
2026-06-11T12:26:49.8088474Z [1m[92m   Compiling[0m tonic-build v0.14.6
2026-06-11T12:26:51.3692785Z [1m[92m   Compiling[0m raw-cpuid v11.6.0
2026-06-11T12:26:51.8571843Z [1m[92m   Compiling[0m structmeta-derive v0.3.0
2026-06-11T12:26:52.4671900Z [1m[92m   Compiling[0m syn-utils v0.5.0
2026-06-11T12:26:53.1143744Z [1m[92m   Compiling[0m itertools v0.10.5
2026-06-11T12:26:53.4362017Z [1m[92m   Compiling[0m console v0.15.11
2026-06-11T12:26:54.4705444Z [1m[92m   Compiling[0m anstyle-query v1.1.5
2026-06-11T12:26:55.4008504Z [1m[92m   Compiling[0m crc32fast v1.5.0
2026-06-11T12:26:55.6121672Z [1m[92m   Compiling[0m is_terminal_polyfill v1.70.2
2026-06-11T12:26:55.8052599Z [1m[92m   Compiling[0m colorchoice v1.0.5
2026-06-11T12:26:55.9626474Z [1m[92m   Compiling[0m borrow-or-share v0.2.4
2026-06-11T12:26:56.1015142Z [1m[92m   Compiling[0m cfg_aliases v0.2.1
2026-06-11T12:26:56.1272480Z [1m[92m   Compiling[0m bool-enum v0.1.1
2026-06-11T12:26:56.1675481Z [1m[92m   Compiling[0m anstyle v1.0.14
2026-06-11T12:26:56.2771513Z [1m[92m   Compiling[0m hashbrown v0.14.5
2026-06-11T12:26:56.5121687Z [1m[92m   Compiling[0m winnow v1.0.3
2026-06-11T12:26:56.5791930Z [1m[92m   Compiling[0m protify-proc-macro v0.1.4
2026-06-11T12:26:56.7132632Z [1m[92m   Compiling[0m anstream v1.0.0
2026-06-11T12:26:57.9422298Z [1m[92m   Compiling[0m ordered-multimap v0.7.3
2026-06-11T12:26:58.7761971Z [1m[92m   Compiling[0m sentry v0.48.2
2026-06-11T12:26:59.1281883Z [1m[92m   Compiling[0m fluent-uri v0.4.1
2026-06-11T12:26:59.3935361Z [1m[92m   Compiling[0m similar-asserts v1.7.0
2026-06-11T12:27:00.0122231Z [1m[92m   Compiling[0m toml_parser v1.1.2+spec-1.1.0
2026-06-11T12:27:00.5301940Z [1m[92m   Compiling[0m quanta v0.12.6
2026-06-11T12:27:00.5481636Z [1m[92m   Compiling[0m tonic-prost-build v0.14.6
2026-06-11T12:27:00.5992078Z [1m[92m   Compiling[0m structmeta v0.3.0
2026-06-11T12:27:00.8692388Z [1m[92m   Compiling[0m bon v3.9.1
2026-06-11T12:27:01.0391657Z [1m[92m   Compiling[0m num-rational v0.4.2
2026-06-11T12:27:01.1883306Z [1m[92m   Compiling[0m metrics v0.24.6
2026-06-11T12:27:01.2594755Z [1m[92m   Compiling[0m hyper-tls v0.6.0
2026-06-11T12:27:01.3165558Z [1m[92m   Compiling[0m pest_derive v2.8.6
2026-06-11T12:27:01.5442741Z [1m[92m   Compiling[0m protify-build v0.1.4
2026-06-11T12:27:01.7086122Z [1m[92m   Compiling[0m num-iter v0.1.45
2026-06-11T12:27:01.8242273Z [1m[92m   Compiling[0m left-right v0.11.7
2026-06-11T12:27:01.8381822Z [1m[92m   Compiling[0m crossbeam-epoch v0.9.18
2026-06-11T12:27:01.9841921Z [1m[92m   Compiling[0m hashlink v0.11.1
2026-06-11T12:27:02.1871529Z [1m[92m   Compiling[0m tower-http v0.6.11
2026-06-11T12:27:02.2191999Z [1m[92m   Compiling[0m rand_xoshiro v0.7.0
2026-06-11T12:27:02.3082272Z [1m[92m   Compiling[0m num-complex v0.4.6
2026-06-11T12:27:02.4967148Z [1m[92m   Compiling[0m ordered-float v5.3.0
2026-06-11T12:27:02.5198163Z [1m[92m   Compiling[0m async-stream-impl v0.3.6
2026-06-11T12:27:02.6081846Z [1m[92m   Compiling[0m serde_repr v0.1.20
2026-06-11T12:27:02.7032120Z [1m[92m   Compiling[0m toml_datetime v1.1.1+spec-1.1.0
2026-06-11T12:27:02.9901818Z [1m[92m   Compiling[0m serde_spanned v1.1.1
2026-06-11T12:27:03.0272512Z [1m[92m   Compiling[0m uname v0.1.1
2026-06-11T12:27:03.0832729Z [1m[92m   Compiling[0m hostname v0.4.2
2026-06-11T12:27:03.1062537Z [1m[92m   Compiling[0m encoding_rs v0.8.35
2026-06-11T12:27:03.2390433Z [1m[92m   Compiling[0m metrics-exporter-prometheus v0.18.3
2026-06-11T12:27:03.2449602Z [1m[92m   Compiling[0m sketches-ddsketch v0.3.1
2026-06-11T12:27:03.3072556Z [1m[92m   Compiling[0m clap_lex v1.1.0
2026-06-11T12:27:03.4108935Z [1m[92m   Compiling[0m arraydeque v0.5.1
2026-06-11T12:27:03.5938043Z [1m[92m   Compiling[0m float_eq v1.0.1
2026-06-11T12:27:03.6758555Z [1m[92m   Compiling[0m hashbag v0.1.13
2026-06-11T12:27:03.7762333Z [1m[92m   Compiling[0m clap_builder v4.6.0
2026-06-11T12:27:03.8432085Z [1m[92m   Compiling[0m yaml-rust2 v0.11.0
2026-06-11T12:27:03.8623843Z [1m[92m   Compiling[0m protify v0.1.4
2026-06-11T12:27:03.9141839Z [1m[92m   Compiling[0m evmap v11.0.0
2026-06-11T12:27:04.2822097Z [1m[92m   Compiling[0m metrics-util v0.20.4
2026-06-11T12:27:04.5541854Z [1m[92m   Compiling[0m toml v1.1.2+spec-1.1.0
2026-06-11T12:27:04.6961970Z [1m[92m   Compiling[0m async-stream v0.3.6
2026-06-11T12:27:04.8964524Z [1m[92m   Compiling[0m num v0.4.3
2026-06-11T12:27:04.9683390Z [1m[92m   Compiling[0m reqwest v0.13.4
2026-06-11T12:27:05.0935007Z [1m[92m   Compiling[0m serde-untagged v0.1.9
2026-06-11T12:27:05.1802580Z [1m[92m   Compiling[0m legacy-grpc-server v0.1.0 (/home/runner/work/java-monorepo/java-monorepo/backend-rust/legacy-grpc-server)
2026-06-11T12:27:05.3292013Z [1m[92m   Compiling[0m sentry-debug-images v0.48.2
2026-06-11T12:27:05.5636418Z [1m[92m   Compiling[0m json5 v0.4.1
2026-06-11T12:27:05.6917853Z [1m[92m   Compiling[0m parse-display-derive v0.9.1
2026-06-11T12:27:05.8942021Z [1m[92m   Compiling[0m rust-ini v0.21.3
2026-06-11T12:27:06.0163325Z [1m[92m   Compiling[0m sentry-tracing v0.48.2
2026-06-11T12:27:06.2296851Z [1m[92m   Compiling[0m ron v0.12.1
2026-06-11T12:27:06.3442026Z [1m[92m   Compiling[0m sentry-panic v0.48.2
2026-06-11T12:27:06.7401763Z [1m[92m   Compiling[0m sentry-anyhow v0.48.2
2026-06-11T12:27:06.7993452Z [1m[92m   Compiling[0m crossterm v0.29.0
2026-06-11T12:27:06.9053428Z [1m[92m   Compiling[0m xattr v1.6.1
2026-06-11T12:27:06.9139244Z [1m[92m   Compiling[0m serde_with_macros v3.21.0
2026-06-11T12:27:07.1409174Z [1m[92m   Compiling[0m rustls-native-certs v0.8.4
2026-06-11T12:27:07.2059499Z [1m[92m   Compiling[0m convert_case v0.6.0
2026-06-11T12:27:07.2612046Z [1m[92m   Compiling[0m hyperlocal v0.9.1
2026-06-11T12:27:07.4532154Z [1m[92m   Compiling[0m clap_derive v4.6.1
2026-06-11T12:27:07.5591781Z [1m[92m   Compiling[0m futures-executor v0.3.32
2026-06-11T12:27:07.5697973Z [1m[92m   Compiling[0m schemalane-macros v0.1.0 (https://github.com/donbeave/schemalane?branch=main#dd0d79d8)
2026-06-11T12:27:07.8182196Z [1m[92m   Compiling[0m filetime v0.2.29
2026-06-11T12:27:07.9012681Z [1m[92m   Compiling[0m unicode-width v0.2.2
2026-06-11T12:27:08.1571816Z [1m[92m   Compiling[0m pathdiff v0.2.3
2026-06-11T12:27:08.1881894Z [1m[92m   Compiling[0m rustc-hash v2.1.2
2026-06-11T12:27:08.4364027Z [1m[92m   Compiling[0m config v0.15.23
2026-06-11T12:27:08.4631890Z [1m[92m   Compiling[0m astral-tokio-tar v0.6.2
2026-06-11T12:27:08.7851863Z [1m[92m   Compiling[0m futures v0.3.32
2026-06-11T12:27:09.0341855Z [1m[92m   Compiling[0m comfy-table v7.2.2
2026-06-11T12:27:09.0981947Z [1m[92m   Compiling[0m serde_with v3.21.0
2026-06-11T12:27:09.2344843Z [1m[92m   Compiling[0m clap v4.6.1
2026-06-11T12:27:09.5180089Z [1m[92m   Compiling[0m parse-display v0.9.1
2026-06-11T12:27:09.6216375Z [1m[92m   Compiling[0m tracing-request-level v0.1.0 (https://github.com/donbeave/tracing-request-level?rev=aeaca706ae0485066cdfc20c65f999a3d2980b96#aeaca706)
2026-06-11T12:27:09.8847822Z [1m[92m   Compiling[0m ferroid v2.0.0
2026-06-11T12:27:10.0909837Z [1m[92m   Compiling[0m tonic-reflection v0.14.6
2026-06-11T12:27:10.1887791Z [1m[92m   Compiling[0m tonic-health v0.14.6
2026-06-11T12:27:10.2110043Z [1m[92m   Compiling[0m docker_credential v1.4.0
2026-06-11T12:27:10.4692529Z [1m[92m   Compiling[0m etcetera v0.11.0
2026-06-11T12:27:10.5084055Z [1m[92m   Compiling[0m dotenvy v0.15.7
2026-06-11T12:27:53.6494651Z [1m[92m   Compiling[0m rustls-webpki v0.103.13
2026-06-11T12:28:02.9011810Z [1m[92m   Compiling[0m ureq v3.3.0
2026-06-11T12:28:02.9042328Z [1m[92m   Compiling[0m tokio-rustls v0.26.4
2026-06-11T12:28:03.1192460Z [1m[92m   Compiling[0m pg_query_fmt v0.1.3 (https://github.com/donbeave/schemalane?branch=main#dd0d79d8)
2026-06-11T12:28:03.2104276Z [1m[92m   Compiling[0m hyper-rustls v0.27.9
2026-06-11T12:28:03.4125333Z [1m[92m   Compiling[0m schemalane-core v0.1.20 (https://github.com/donbeave/schemalane?branch=main#dd0d79d8)
2026-06-11T12:28:03.7045317Z [1m[92m   Compiling[0m schemalane-cli v0.1.26 (https://github.com/donbeave/schemalane?branch=main#dd0d79d8)
2026-06-11T12:28:04.2074183Z [1m[92m   Compiling[0m legacy-migration v0.1.0 (/home/runner/work/java-monorepo/java-monorepo/backend-rust/legacy-migration)
2026-06-11T12:28:04.6812031Z [1m[92m   Compiling[0m bollard-stubs v1.52.1-rc.29.1.3
2026-06-11T12:28:06.4094670Z [1m[92m   Compiling[0m bollard v0.20.2
2026-06-11T12:28:07.6035169Z [1m[92m   Compiling[0m testcontainers v0.27.3
2026-06-11T12:28:08.0646867Z [1m[92m   Compiling[0m testcontainers-modules v0.15.0
2026-06-11T12:28:47.9445421Z [1m[92m    Finished[0m `test` profile [unoptimized + debuginfo] target(s) in 3m 03s
2026-06-11T12:28:48.0788554Z ────────────
2026-06-11T12:28:48.0789913Z [32;1m Nextest run[0m ID [1m08ef8f6c-527c-4c8f-92a9-89e4866571bd[0m with nextest profile: [1mci[0m
2026-06-11T12:28:48.0792177Z [32;1m    Starting[0m [1m76[0m tests across [1m7[0m binaries
2026-06-11T12:28:48.0924448Z [32;1m        PASS[0m [   0.007s] ( 1/76) [35;1mlegacy-grpc-server[0m [36mgrpc::admin_proto[0m[36m::[0m[34;1mget_log_level_response_validators_consistency[0m
2026-06-11T12:28:48.0926569Z [32;1m        PASS[0m [   0.012s] ( 2/76) [35;1mlegacy-grpc-server[0m [36mgrpc::admin_proto[0m[36m::[0m[34;1mget_log_level_request_validators_consistency[0m
2026-06-11T12:28:48.0958538Z [32;1m        PASS[0m [   0.009s] ( 3/76) [35;1mlegacy-grpc-server[0m [36mgrpc::admin_proto[0m[36m::[0m[34;1mset_log_level_request_validators_consistency[0m
2026-06-11T12:28:48.0986979Z [32;1m        PASS[0m [   0.007s] ( 4/76) [35;1mlegacy-grpc-server[0m [36mgrpc::admin_proto[0m[36m::[0m[34;1mset_log_level_response_validators_consistency[0m
2026-06-11T12:28:48.1032469Z [32;1m        PASS[0m [   0.007s] ( 5/76) [35;1mlegacy-grpc-server[0m [36mgrpc::proto[0m[36m::[0m[34;1mget_risk_level_request_validators_consistency[0m
2026-06-11T12:28:48.1066087Z [32;1m        PASS[0m [   0.008s] ( 6/76) [35;1mlegacy-grpc-server[0m [36mgrpc::proto[0m[36m::[0m[34;1mget_risk_level_response_validators_consistency[0m
2026-06-11T12:28:48.1099446Z [32;1m        PASS[0m [   0.007s] ( 7/76) [35;1mlegacy-grpc-server[0m [36mgrpc::proto::get_wallet_category_request[0m[36m::[0m[34;1midentifier_validators_consistency[0m
2026-06-11T12:28:48.1145449Z [32;1m        PASS[0m [   0.008s] ( 8/76) [35;1mlegacy-grpc-server[0m [36mgrpc::proto[0m[36m::[0m[34;1mget_wallet_category_request_validators_consistency[0m
2026-06-11T12:28:48.1173381Z [32;1m        PASS[0m [   0.007s] ( 9/76) [35;1mlegacy-grpc-server[0m [36mgrpc::proto[0m[36m::[0m[34;1mget_wallet_category_response_validators_consistency[0m
2026-06-11T12:28:48.1213790Z [32;1m        PASS[0m [   0.007s] (10/76) [35;1mlegacy-grpc-server[0m [36mgrpc::proto::get_wallet_label_request[0m[36m::[0m[34;1midentifier_validators_consistency[0m
2026-06-11T12:28:48.1247437Z [32;1m        PASS[0m [   0.007s] (11/76) [35;1mlegacy-grpc-server[0m [36mgrpc::proto[0m[36m::[0m[34;1mget_wallet_label_request_validators_consistency[0m
2026-06-11T12:28:48.1294296Z [32;1m        PASS[0m [   0.008s] (12/76) [35;1mlegacy-grpc-server[0m [36mgrpc::proto[0m[36m::[0m[34;1mget_wallet_label_response_validators_consistency[0m
2026-06-11T12:28:48.1322441Z [32;1m        PASS[0m [   0.007s] (13/76) [35;1mlegacy-grpc-server[0m [36mgrpc::proto::get_wallet_organization_request[0m[36m::[0m[34;1midentifier_validators_consistency[0m
2026-06-11T12:28:48.1358924Z [32;1m        PASS[0m [   0.006s] (14/76) [35;1mlegacy-grpc-server[0m [36mgrpc::proto[0m[36m::[0m[34;1mget_wallet_organization_request_validators_consistency[0m
2026-06-11T12:28:48.1398922Z [32;1m        PASS[0m [   0.008s] (15/76) [35;1mlegacy-grpc-server[0m [36mgrpc::proto[0m[36m::[0m[34;1mget_wallet_organization_response_validators_consistency[0m
2026-06-11T12:28:48.1435300Z [32;1m        PASS[0m [   0.007s] (16/76) [35;1mlegacy-grpc-server[0m [36mgrpc::proto[0m[36m::[0m[34;1mget_wallet_request_validators_consistency[0m
2026-06-11T12:28:48.1467619Z [32;1m        PASS[0m [   0.007s] (17/76) [35;1mlegacy-grpc-server[0m [36mgrpc::proto[0m[36m::[0m[34;1mget_wallet_response_validators_consistency[0m
2026-06-11T12:28:48.1520837Z [32;1m        PASS[0m [   0.009s] (18/76) [35;1mlegacy-grpc-server[0m [36mgrpc::proto[0m[36m::[0m[34;1mlist_wallet_categories_request_validators_consistency[0m
2026-06-11T12:28:48.1532532Z [32;1m        PASS[0m [   0.007s] (19/76) [35;1mlegacy-grpc-server[0m [36mgrpc::proto[0m[36m::[0m[34;1mlist_wallet_categories_response_validators_consistency[0m
2026-06-11T12:28:48.1596136Z [32;1m        PASS[0m [   0.006s] (20/76) [35;1mlegacy-grpc-server[0m [36mgrpc::proto[0m[36m::[0m[34;1mlist_wallet_labels_response_validators_consistency[0m
2026-06-11T12:28:48.1612215Z [32;1m        PASS[0m [   0.008s] (21/76) [35;1mlegacy-grpc-server[0m [36mgrpc::proto[0m[36m::[0m[34;1mlist_wallet_labels_request_validators_consistency[0m
2026-06-11T12:28:48.1673664Z [32;1m        PASS[0m [   0.007s] (22/76) [35;1mlegacy-grpc-server[0m [36mgrpc::proto[0m[36m::[0m[34;1mlist_wallet_organizations_request_validators_consistency[0m
2026-06-11T12:28:48.1681156Z [32;1m        PASS[0m [   0.007s] (23/76) [35;1mlegacy-grpc-server[0m [36mgrpc::proto[0m[36m::[0m[34;1mlist_wallet_organizations_response_validators_consistency[0m
2026-06-11T12:28:48.1748590Z [32;1m        PASS[0m [   0.007s] (24/76) [35;1mlegacy-grpc-server[0m [36mgrpc::proto[0m[36m::[0m[34;1mlist_wallets_request_validators_consistency[0m
2026-06-11T12:28:48.1762608Z [32;1m        PASS[0m [   0.007s] (25/76) [35;1mlegacy-grpc-server[0m [36mgrpc::proto[0m[36m::[0m[34;1mlist_wallets_response_validators_consistency[0m
2026-06-11T12:28:48.1833177Z [32;1m        PASS[0m [   0.007s] (26/76) [35;1mlegacy-grpc-server[0m [36mgrpc::proto[0m[36m::[0m[34;1mwallet_label_validators_consistency[0m
2026-06-11T12:28:48.1842581Z [32;1m        PASS[0m [   0.009s] (27/76) [35;1mlegacy-grpc-server[0m [36mgrpc::proto[0m[36m::[0m[34;1mwallet_category_validators_consistency[0m
2026-06-11T12:28:48.1917920Z [32;1m        PASS[0m [   0.007s] (28/76) [35;1mlegacy-grpc-server[0m [36mgrpc::proto[0m[36m::[0m[34;1mwallet_validators_consistency[0m
2026-06-11T12:28:48.1957492Z [32;1m        PASS[0m [   0.011s] (29/76) [35;1mlegacy-grpc-server[0m [36mgrpc::proto[0m[36m::[0m[34;1mwallet_organization_validators_consistency[0m
2026-06-11T12:28:48.2012736Z [32;1m        PASS[0m [   0.008s] (30/76) [35;1mlegacy-grpc-server[0m [36mgrpc::wallet_screening_service::tests[0m[36m::[0m[34;1mcex_alone_stays_low[0m
2026-06-11T12:28:48.2033119Z [32;1m        PASS[0m [   0.007s] (31/76) [35;1mlegacy-grpc-server[0m [36mgrpc::wallet_screening_service::tests[0m[36m::[0m[34;1mcritical_categories_ignore_cex_mitigation[0m
2026-06-11T12:28:48.2068741Z [32;1m        PASS[0m [   0.007s] (32/76) [35;1mlegacy-grpc-server[0m [36mgrpc::wallet_screening_service::tests[0m[36m::[0m[34;1mcritical_for_ofac_category_alone[0m
2026-06-11T12:28:48.2112223Z [32;1m        PASS[0m [   0.007s] (33/76) [35;1mlegacy-grpc-server[0m [36mgrpc::wallet_screening_service::tests[0m[36m::[0m[34;1mcritical_for_ransomware_category[0m
2026-06-11T12:28:48.2161611Z [32;1m        PASS[0m [   0.008s] (34/76) [35;1mlegacy-grpc-server[0m [36mgrpc::wallet_screening_service::tests[0m[36m::[0m[34;1mcritical_for_terrorism_category[0m
2026-06-11T12:28:48.2173327Z [32;1m        PASS[0m [   0.008s] (35/76) [35;1mlegacy-grpc-server[0m [36mgrpc::wallet_screening_service::tests[0m[36m::[0m[34;1mcritical_ofac_case_insensitive[0m
2026-06-11T12:28:48.2232243Z [32;1m        PASS[0m [   0.007s] (36/76) [35;1mlegacy-grpc-server[0m [36mgrpc::wallet_screening_service::tests[0m[36m::[0m[34;1mcritical_when_hackers_plus_ofac[0m
2026-06-11T12:28:48.2270153Z [32;1m        PASS[0m [   0.008s] (37/76) [35;1mlegacy-grpc-server[0m [36mgrpc::wallet_screening_service::tests[0m[36m::[0m[34;1mcritical_when_sanctions_tag_present_and_high[0m
2026-06-11T12:28:48.2293229Z [32;1m        PASS[0m [   0.007s] (38/76) [35;1mlegacy-grpc-server[0m [36mgrpc::wallet_screening_service::tests[0m[36m::[0m[34;1mhigh_for_laundering_category[0m
2026-06-11T12:28:48.2350363Z [32;1m        PASS[0m [   0.009s] (39/76) [35;1mlegacy-grpc-server[0m [36mgrpc::wallet_screening_service::tests[0m[36m::[0m[34;1mhigh_for_mixer_category[0m
2026-06-11T12:28:48.2356069Z [32;1m        PASS[0m [   0.006s] (40/76) [35;1mlegacy-grpc-server[0m [36mgrpc::wallet_screening_service::tests[0m[36m::[0m[34;1mhigh_when_category_is_blacklisted[0m
2026-06-11T12:28:48.2419891Z [32;1m        PASS[0m [   0.007s] (41/76) [35;1mlegacy-grpc-server[0m [36mgrpc::wallet_screening_service::tests[0m[36m::[0m[34;1mhigh_when_category_is_hackers[0m
2026-06-11T12:28:48.2426517Z [32;1m        PASS[0m [   0.007s] (42/76) [35;1mlegacy-grpc-server[0m [36mgrpc::wallet_screening_service::tests[0m[36m::[0m[34;1mhigh_when_ninja_label[0m
2026-06-11T12:28:48.2491861Z [32;1m        PASS[0m [   0.007s] (43/76) [35;1mlegacy-grpc-server[0m [36mgrpc::wallet_screening_service::tests[0m[36m::[0m[34;1mhigh_when_radioactive_label[0m
2026-06-11T12:28:48.2506434Z [32;1m        PASS[0m [   0.008s] (44/76) [35;1mlegacy-grpc-server[0m [36mgrpc::wallet_screening_service::tests[0m[36m::[0m[34;1mhigh_when_red_circle_label[0m
2026-06-11T12:28:48.2561515Z [32;1m        PASS[0m [   0.007s] (45/76) [35;1mlegacy-grpc-server[0m [36mgrpc::wallet_screening_service::tests[0m[36m::[0m[34;1mlow_when_no_signals[0m
2026-06-11T12:28:48.2578644Z [32;1m        PASS[0m [   0.007s] (46/76) [35;1mlegacy-grpc-server[0m [36mgrpc::wallet_screening_service::tests[0m[36m::[0m[34;1mmedium_for_gambling_category[0m
2026-06-11T12:28:48.2642212Z [32;1m        PASS[0m [   0.007s] (47/76) [35;1mlegacy-grpc-server[0m [36mgrpc::wallet_screening_service::tests[0m[36m::[0m[34;1mmedium_for_mixer_plus_cex[0m
2026-06-11T12:28:48.2673854Z [32;1m        PASS[0m [   0.009s] (48/76) [35;1mlegacy-grpc-server[0m [36mgrpc::wallet_screening_service::tests[0m[36m::[0m[34;1mmedium_for_scam_category[0m
2026-06-11T12:28:48.2702804Z [32;1m        PASS[0m [   0.006s] (49/76) [35;1mlegacy-grpc-server[0m [36mgrpc::wallet_screening_service::tests[0m[36m::[0m[34;1mmedium_for_suspicious_category[0m
2026-06-11T12:28:48.2759900Z [32;1m        PASS[0m [   0.006s] (50/76) [35;1mlegacy-grpc-server[0m [36mgrpc::wallet_screening_service::tests[0m[36m::[0m[34;1mmedium_when_dangerous_label_plus_cex[0m
2026-06-11T12:28:48.2774451Z [32;1m        PASS[0m [   0.010s] (51/76) [35;1mlegacy-grpc-server[0m [36mgrpc::wallet_screening_service::tests[0m[36m::[0m[34;1mmedium_when_blacklisted_plus_dex[0m
2026-06-11T12:28:48.2832543Z [32;1m        PASS[0m [   0.006s] (52/76) [35;1mlegacy-grpc-server[0m [36mgrpc::wallet_screening_service::tests[0m[36m::[0m[34;1mmedium_when_hackers_plus_cex[0m
2026-06-11T12:28:48.2905430Z [32;1m        PASS[0m [   0.013s] (53/76) [35;1mlegacy-grpc-server[0m [36mgrpc::wallet_screening_service::tests[0m[36m::[0m[34;1msanctions_on_low_stays_low[0m
2026-06-11T12:29:00.0945099Z [32;1m        PASS[0m [  11.812s] (54/76) [35;1mlegacy-grpc-server::wallet_category_test[0m [34;1mtest_get_wallet_category_by_id[0m
2026-06-11T12:29:00.1577788Z [32;1m        PASS[0m [  11.867s] (55/76) [35;1mlegacy-grpc-server::wallet_category_test[0m [34;1mtest_get_wallet_category_by_name[0m
2026-06-11T12:29:04.1443572Z [32;1m        PASS[0m [   4.049s] (56/76) [35;1mlegacy-grpc-server::wallet_category_test[0m [34;1mtest_get_wallet_category_not_found[0m
2026-06-11T12:29:04.2120063Z [32;1m        PASS[0m [   4.054s] (57/76) [35;1mlegacy-grpc-server::wallet_category_test[0m [34;1mtest_list_wallet_categories[0m
2026-06-11T12:29:08.2787617Z [32;1m        PASS[0m [   4.066s] (58/76) [35;1mlegacy-grpc-server::wallet_label_test[0m [34;1mtest_get_wallet_label_by_name[0m
2026-06-11T12:29:08.3463364Z [32;1m        PASS[0m [   4.201s] (59/76) [35;1mlegacy-grpc-server::wallet_label_test[0m [34;1mtest_get_wallet_label_by_id[0m
2026-06-11T12:29:12.2062602Z [32;1m        PASS[0m [   3.927s] (60/76) [35;1mlegacy-grpc-server::wallet_label_test[0m [34;1mtest_get_wallet_label_not_found[0m
2026-06-11T12:29:12.3176353Z [32;1m        PASS[0m [   3.971s] (61/76) [35;1mlegacy-grpc-server::wallet_label_test[0m [34;1mtest_list_wallet_labels[0m
2026-06-11T12:29:16.3593670Z [32;1m        PASS[0m [   4.152s] (62/76) [35;1mlegacy-grpc-server::wallet_organization_test[0m [34;1mtest_get_wallet_organization_by_id[0m
2026-06-11T12:29:16.4298522Z [32;1m        PASS[0m [   4.112s] (63/76) [35;1mlegacy-grpc-server::wallet_organization_test[0m [34;1mtest_get_wallet_organization_by_name[0m
2026-06-11T12:29:20.2526929Z [32;1m        PASS[0m [   3.894s] (64/76) [35;1mlegacy-grpc-server::wallet_organization_test[0m [34;1mtest_get_wallet_organization_not_found[0m
2026-06-11T12:29:20.4753243Z [32;1m        PASS[0m [   4.045s] (65/76) [35;1mlegacy-grpc-server::wallet_organization_test[0m [34;1mtest_list_wallet_organizations[0m
2026-06-11T12:29:24.1776035Z [32;1m        PASS[0m [   3.925s] (66/76) [35;1mlegacy-grpc-server::wallet_screening_test[0m [34;1mcritical_for_ofac_hacker[0m
2026-06-11T12:29:24.3932822Z [32;1m        PASS[0m [   3.909s] (67/76) [35;1mlegacy-grpc-server::wallet_screening_test[0m [34;1mhigh_for_hackers_category[0m
2026-06-11T12:29:28.0889378Z [32;1m        PASS[0m [   3.911s] (68/76) [35;1mlegacy-grpc-server::wallet_screening_test[0m [34;1mlow_for_unknown_address[0m
2026-06-11T12:29:28.2736444Z [32;1m        PASS[0m [   3.886s] (69/76) [35;1mlegacy-grpc-server::wallet_screening_test[0m [34;1mmedium_for_hackers_cex_combo[0m
2026-06-11T12:29:31.8837662Z [32;1m        PASS[0m [   3.795s] (70/76) [35;1mlegacy-grpc-server::wallet_test[0m [34;1mlist_wallets_filters_by_addresses[0m
2026-06-11T12:29:32.0305929Z [32;1m        PASS[0m [   3.759s] (71/76) [35;1mlegacy-grpc-server::wallet_test[0m [34;1mlist_wallets_rejects_address_and_addresses[0m
2026-06-11T12:29:35.8134943Z [32;1m        PASS[0m [   3.929s] (72/76) [35;1mlegacy-grpc-server::wallet_test[0m [34;1mtest_get_wallet[0m
2026-06-11T12:29:35.9984923Z [32;1m        PASS[0m [   3.963s] (73/76) [35;1mlegacy-grpc-server::wallet_test[0m [34;1mtest_get_wallet_missing_address[0m
2026-06-11T12:29:39.6073530Z [32;1m        PASS[0m [   3.791s] (74/76) [35;1mlegacy-grpc-server::wallet_test[0m [34;1mtest_get_wallet_not_found[0m
2026-06-11T12:29:39.8540939Z [32;1m        PASS[0m [   3.860s] (75/76) [35;1mlegacy-grpc-server::wallet_test[0m [34;1mtest_list_wallets_by_address[0m
2026-06-11T12:29:42.4663174Z [32;1m        PASS[0m [   2.862s] (76/76) [35;1mlegacy-grpc-server::wallet_test[0m [34;1mtest_list_wallets_by_label_ids[0m
2026-06-11T12:29:42.4669599Z ────────────
2026-06-11T12:29:42.4671175Z [32;1m     Summary[0m [  54.388s] [1m76[0m tests run: [1m76[0m [32;1mpassed[0m, [1m0[0m [33;1mskipped[0m
2026-06-11T12:29:42.4896646Z Post job cleanup.
2026-06-11T12:29:42.7078095Z ##[group]Get human-readable stats
2026-06-11T12:29:42.7102375Z [command]/opt/hostedtoolcache/sccache/0.15.0/x64/sccache --show-stats
2026-06-11T12:29:42.7284812Z Compile requests                    942
2026-06-11T12:29:42.7285649Z Compile requests executed           820
2026-06-11T12:29:42.7286628Z Cache hits                          407
2026-06-11T12:29:42.7287426Z Cache hits (Assembler)               29
2026-06-11T12:29:42.7288176Z Cache hits (C/C++)                   82
2026-06-11T12:29:42.7288919Z Cache hits (Rust)                   296
2026-06-11T12:29:42.7289676Z Cache misses                        408
2026-06-11T12:29:42.7290718Z Cache misses (Assembler)             73
2026-06-11T12:29:42.7291602Z Cache misses (C/C++)                244
2026-06-11T12:29:42.7293430Z Cache misses (Rust)                  91
2026-06-11T12:29:42.7294209Z Cache hits rate                   49.94 %
2026-06-11T12:29:42.7295060Z Cache hits rate (Assembler)       28.43 %
2026-06-11T12:29:42.7295863Z Cache hits rate (C/C++)           25.15 %
2026-06-11T12:29:42.7296644Z Cache hits rate (Rust)            76.49 %
2026-06-11T12:29:42.7297414Z Cache timeouts                        0
2026-06-11T12:29:42.7298561Z Cache read errors                     0
2026-06-11T12:29:42.7299342Z Forced recaches                       0
2026-06-11T12:29:42.7300113Z Cache write errors                  407
2026-06-11T12:29:42.7301148Z Cache errors                          0
2026-06-11T12:29:42.7301886Z Compilations                        408
2026-06-11T12:29:42.7302664Z Compilation failures                  5
2026-06-11T12:29:42.7303469Z Non-cacheable compilations            0
2026-06-11T12:29:42.7304351Z Non-cacheable calls                 118
2026-06-11T12:29:42.7305136Z Non-compilation calls                 4
2026-06-11T12:29:42.7305953Z Unsupported compiler calls            0
2026-06-11T12:29:42.7306747Z Average cache write               1.816 s
2026-06-11T12:29:42.7308642Z Average compiler                  0.536 s
2026-06-11T12:29:42.7309486Z Average cache read hit            0.309 s
2026-06-11T12:29:42.7310292Z Failed distributed compilations       0
2026-06-11T12:29:42.7311306Z 
2026-06-11T12:29:42.7311705Z Non-cacheable reasons:
2026-06-11T12:29:42.7312433Z crate-type                           93
2026-06-11T12:29:42.7313212Z missing input                        10
2026-06-11T12:29:42.7315538Z -                                     7
2026-06-11T12:29:42.7316987Z -o                                    7
2026-06-11T12:29:42.7317688Z -E                                    1
2026-06-11T12:29:42.7318197Z 
2026-06-11T12:29:42.7319069Z Cache location                  ghac, name: 7e0726055e1e4f1baa01c3967c5cfadc05877ea5de0f1b2d553463f71b5d0d86, prefix: /sccache/
2026-06-11T12:29:42.7320318Z Base directories                (none)
2026-06-11T12:29:42.7321439Z Version (client)                0.15.0
2026-06-11T12:29:42.7322451Z ##[endgroup]
2026-06-11T12:29:42.7323488Z ##[group]Get JSON stats
2026-06-11T12:29:42.7324913Z [command]/opt/hostedtoolcache/sccache/0.15.0/x64/sccache --show-stats --stats-format=json
2026-06-11T12:29:42.7363428Z {"stats":{"compile_requests":942,"requests_unsupported_compiler":0,"requests_not_compile":4,"requests_not_cacheable":118,"requests_executed":820,"cache_errors":{"counts":{},"adv_counts":{}},"cache_hits":{"counts":{"Rust":296,"Assembler":29,"C/C++":82},"adv_counts":{"c [gcc]":82,"rust":296,"assemblerToPreprocess [gcc]":29}},"cache_misses":{"counts":{"Rust":91,"Assembler":73,"C/C++":244},"adv_counts":{"rust":91,"c [gcc]":244,"assemblerToPreprocess [gcc]":73}},"cache_timeouts":0,"cache_read_errors":0,"non_cacheable_compilations":0,"forced_recaches":0,"cache_write_errors":407,"cache_writes":1,"cache_write_duration":{"secs":1,"nanos":816935089},"cache_read_hit_duration":{"secs":125,"nanos":764753876},"compilations":408,"compiler_write_duration":{"secs":218,"nanos":770995767},"compile_fails":5,"not_cached":{"crate-type":93,"-":7,"-o":7,"-E":1,"missing input":10},"dist_compiles":{},"dist_errors":0,"multi_level":null},"cache_location":"ghac, name: 7e0726055e1e4f1baa01c3967c5cfadc05877ea5de0f1b2d553463f71b5d0d86, prefix: /sccache/","cache_size":null,"max_cache_size":null,"use_preprocessor_cache_mode":false,"version":"0.15.0","basedirs":[]}
2026-06-11T12:29:42.7373000Z ##[endgroup]
2026-06-11T12:29:42.7403882Z ##[notice]50% - 407 hits, 408 misses, 0 errors
2026-06-11T12:29:42.7421922Z 
2026-06-11T12:29:42.7422144Z Full human-readable stats:
2026-06-11T12:29:42.7422603Z Compile requests                    942
2026-06-11T12:29:42.7423108Z Compile requests executed           820
2026-06-11T12:29:42.7423571Z Cache hits                          407
2026-06-11T12:29:42.7424026Z Cache hits (Assembler)               29
2026-06-11T12:29:42.7424491Z Cache hits (C/C++)                   82
2026-06-11T12:29:42.7424944Z Cache hits (Rust)                   296
2026-06-11T12:29:42.7425342Z Cache misses                        408
2026-06-11T12:29:42.7425648Z Cache misses (Assembler)             73
2026-06-11T12:29:42.7425920Z Cache misses (C/C++)                244
2026-06-11T12:29:42.7426180Z Cache misses (Rust)                  91
2026-06-11T12:29:42.7426445Z Cache hits rate                   49.94 %
2026-06-11T12:29:42.7426927Z Cache hits rate (Assembler)       28.43 %
2026-06-11T12:29:42.7427197Z Cache hits rate (C/C++)           25.15 %
2026-06-11T12:29:42.7427463Z Cache hits rate (Rust)            76.49 %
2026-06-11T12:29:42.7427721Z Cache timeouts                        0
2026-06-11T12:29:42.7427982Z Cache read errors                     0
2026-06-11T12:29:42.7428245Z Forced recaches                       0
2026-06-11T12:29:42.7428502Z Cache write errors                  407
2026-06-11T12:29:42.7428811Z Cache errors                          0
2026-06-11T12:29:42.7429093Z Compilations                        408
2026-06-11T12:29:42.7429354Z Compilation failures                  5
2026-06-11T12:29:42.7429643Z Non-cacheable compilations            0
2026-06-11T12:29:42.7429920Z Non-cacheable calls                 118
2026-06-11T12:29:42.7430208Z Non-compilation calls                 4
2026-06-11T12:29:42.7430769Z Unsupported compiler calls            0
2026-06-11T12:29:42.7432619Z Average cache write               1.816 s
2026-06-11T12:29:42.7433151Z Average compiler                  0.536 s
2026-06-11T12:29:42.7433623Z Average cache read hit            0.309 s
2026-06-11T12:29:42.7434102Z Failed distributed compilations       0
2026-06-11T12:29:42.7434425Z 
2026-06-11T12:29:42.7434584Z Non-cacheable reasons:
2026-06-11T12:29:42.7434959Z crate-type                           93
2026-06-11T12:29:42.7435392Z missing input                        10
2026-06-11T12:29:42.7435813Z -                                     7
2026-06-11T12:29:42.7436253Z -o                                    7
2026-06-11T12:29:42.7436672Z -E                                    1
2026-06-11T12:29:42.7436961Z 
2026-06-11T12:29:42.7437599Z Cache location                  ghac, name: 7e0726055e1e4f1baa01c3967c5cfadc05877ea5de0f1b2d553463f71b5d0d86, prefix: /sccache/
2026-06-11T12:29:42.7438541Z Base directories                (none)
2026-06-11T12:29:42.7438998Z Version (client)                0.15.0
2026-06-11T12:29:42.7439279Z 
2026-06-11T12:29:44.6490120Z Post job cleanup.
2026-06-11T12:29:44.8047665Z Cache hit occurred on the primary key cargo-registry-GitHub-Linux-e85c77d0b1218bb1a165b77d4caf81154958cf3a17a59038482fcdaa52f929b0, not saving cache.
2026-06-11T12:29:44.8231480Z Post job cleanup.
2026-06-11T12:29:44.9233960Z [command]/usr/bin/git version
2026-06-11T12:29:44.9286325Z git version 2.54.0
2026-06-11T12:29:44.9331923Z Temporarily overriding HOME='/home/runner/work/_temp/6b6b6a19-fbff-45ce-a222-579e2f9253d5' before making global git config changes
2026-06-11T12:29:44.9335262Z Adding repository directory to the temporary git global config as a safe directory
2026-06-11T12:29:44.9337639Z [command]/usr/bin/git config --global --add safe.directory /home/runner/work/java-monorepo/java-monorepo
2026-06-11T12:29:44.9376920Z Removing SSH command configuration
2026-06-11T12:29:44.9385130Z [command]/usr/bin/git config --local --name-only --get-regexp core\.sshCommand
2026-06-11T12:29:44.9452632Z [command]/usr/bin/git submodule foreach --recursive sh -c "git config --local --name-only --get-regexp 'core\.sshCommand' && git config --local --unset-all 'core.sshCommand' || :"
2026-06-11T12:29:44.9752880Z Removing HTTP extra header
2026-06-11T12:29:44.9758923Z [command]/usr/bin/git config --local --name-only --get-regexp http\.https\:\/\/github\.com\/\.extraheader
2026-06-11T12:29:44.9798514Z [command]/usr/bin/git submodule foreach --recursive sh -c "git config --local --name-only --get-regexp 'http\.https\:\/\/github\.com\/\.extraheader' && git config --local --unset-all 'http.https://github.com/.extraheader' || :"
2026-06-11T12:29:45.0040247Z Removing includeIf entries pointing to credentials config files
2026-06-11T12:29:45.0047863Z [command]/usr/bin/git config --local --name-only --get-regexp ^includeIf\.gitdir:
2026-06-11T12:29:45.0077787Z includeif.gitdir:/home/runner/work/java-monorepo/java-monorepo/.git.path
2026-06-11T12:29:45.0086782Z includeif.gitdir:/home/runner/work/java-monorepo/java-monorepo/.git/worktrees/*.path
2026-06-11T12:29:45.0095119Z includeif.gitdir:/github/workspace/.git.path
2026-06-11T12:29:45.0102656Z includeif.gitdir:/github/workspace/.git/worktrees/*.path
2026-06-11T12:29:45.0122841Z [command]/usr/bin/git config --local --get-all includeif.gitdir:/home/runner/work/java-monorepo/java-monorepo/.git.path
2026-06-11T12:29:45.0123875Z /home/runner/work/_temp/git-credentials-0c967571-b23d-4d6f-8b8d-5217fdee0e4e.config
2026-06-11T12:29:45.0132952Z [command]/usr/bin/git config --local --unset includeif.gitdir:/home/runner/work/java-monorepo/java-monorepo/.git.path /home/runner/work/_temp/git-credentials-0c967571-b23d-4d6f-8b8d-5217fdee0e4e.config
2026-06-11T12:29:45.0170850Z [command]/usr/bin/git config --local --get-all includeif.gitdir:/home/runner/work/java-monorepo/java-monorepo/.git/worktrees/*.path
2026-06-11T12:29:45.0195642Z /home/runner/work/_temp/git-credentials-0c967571-b23d-4d6f-8b8d-5217fdee0e4e.config
2026-06-11T12:29:45.0208843Z [command]/usr/bin/git config --local --unset includeif.gitdir:/home/runner/work/java-monorepo/java-monorepo/.git/worktrees/*.path /home/runner/work/_temp/git-credentials-0c967571-b23d-4d6f-8b8d-5217fdee0e4e.config
2026-06-11T12:29:45.0244455Z [command]/usr/bin/git config --local --get-all includeif.gitdir:/github/workspace/.git.path
2026-06-11T12:29:45.0269074Z /github/runner_temp/git-credentials-0c967571-b23d-4d6f-8b8d-5217fdee0e4e.config
2026-06-11T12:29:45.0277687Z [command]/usr/bin/git config --local --unset includeif.gitdir:/github/workspace/.git.path /github/runner_temp/git-credentials-0c967571-b23d-4d6f-8b8d-5217fdee0e4e.config
2026-06-11T12:29:45.0311902Z [command]/usr/bin/git config --local --get-all includeif.gitdir:/github/workspace/.git/worktrees/*.path
2026-06-11T12:29:45.0336272Z /github/runner_temp/git-credentials-0c967571-b23d-4d6f-8b8d-5217fdee0e4e.config
2026-06-11T12:29:45.0346748Z [command]/usr/bin/git config --local --unset includeif.gitdir:/github/workspace/.git/worktrees/*.path /github/runner_temp/git-credentials-0c967571-b23d-4d6f-8b8d-5217fdee0e4e.config
2026-06-11T12:29:45.0382043Z [command]/usr/bin/git submodule foreach --recursive git config --local --show-origin --name-only --get-regexp remote.origin.url
2026-06-11T12:29:45.0629007Z Removing credentials config '/home/runner/work/_temp/git-credentials-0c967571-b23d-4d6f-8b8d-5217fdee0e4e.config'
2026-06-11T12:29:45.0783202Z Cleaning up orphan processes
2026-06-11T12:29:45.1200795Z Terminate orphan process: pid (2323) (sccache)
