2026-06-11T12:25:11.4328626Z Current runner version: '2.335.1'
2026-06-11T12:25:11.4404983Z ##[group]Runner Image Provisioner
2026-06-11T12:25:11.4406231Z Hosted Compute Agent
2026-06-11T12:25:11.4407125Z Version: 20260520.533
2026-06-11T12:25:11.4408313Z Commit: 189110e25284a9812c124fd27b339e2fb4f2f9db
2026-06-11T12:25:11.4409603Z Build Date: 2026-05-20T17:44:04Z
2026-06-11T12:25:11.4410987Z Worker ID: {e49964fb-5162-4f95-99e3-baa0069178cc}
2026-06-11T12:25:11.4412108Z Azure Region: northcentralus
2026-06-11T12:25:11.4413022Z ##[endgroup]
2026-06-11T12:25:11.4415427Z ##[group]Operating System
2026-06-11T12:25:11.4416391Z Ubuntu
2026-06-11T12:25:11.4417251Z 24.04.4
2026-06-11T12:25:11.4418047Z LTS
2026-06-11T12:25:11.4418821Z ##[endgroup]
2026-06-11T12:25:11.4419778Z ##[group]Runner Image
2026-06-11T12:25:11.4451385Z Image: ubuntu-24.04
2026-06-11T12:25:11.4452300Z Version: 20260525.161.1
2026-06-11T12:25:11.4454570Z Included Software: https://github.com/actions/runner-images/blob/ubuntu24/20260525.161/images/ubuntu/Ubuntu2404-Readme.md
2026-06-11T12:25:11.4457271Z Image Release: https://github.com/actions/runner-images/releases/tag/ubuntu24%2F20260525.161
2026-06-11T12:25:11.4458834Z ##[endgroup]
2026-06-11T12:25:11.4461425Z ##[group]GITHUB_TOKEN Permissions
2026-06-11T12:25:11.4464630Z Actions: read
2026-06-11T12:25:11.4465531Z Contents: read
2026-06-11T12:25:11.4466522Z Metadata: read
2026-06-11T12:25:11.4467371Z PullRequests: read
2026-06-11T12:25:11.4469054Z ##[endgroup]
2026-06-11T12:25:11.4492521Z Secret source: Actions
2026-06-11T12:25:11.4494106Z Prepare workflow directory
2026-06-11T12:25:11.5046152Z Prepare all required actions
2026-06-11T12:25:11.5100766Z Getting action download info
2026-06-11T12:25:12.0364789Z Download action repository 'actions/checkout@df4cb1c069e1874edd31b4311f1884172cec0e10' (SHA:df4cb1c069e1874edd31b4311f1884172cec0e10)
2026-06-11T12:25:12.4086507Z Download action repository 'actions/cache@27d5ce7f107fe9357f9df03efb73ab90386fccae' (SHA:27d5ce7f107fe9357f9df03efb73ab90386fccae)
2026-06-11T12:25:12.5253498Z Download action repository 'rui314/setup-mold@9c9c13bf4c3f1adef0cc596abc155580bcb04444' (SHA:9c9c13bf4c3f1adef0cc596abc155580bcb04444)
2026-06-11T12:25:12.6835439Z Download action repository 'mozilla-actions/sccache-action@9e7fa8a12102821edf02ca5dbea1acd0f89a2696' (SHA:9e7fa8a12102821edf02ca5dbea1acd0f89a2696)
2026-06-11T12:25:12.9328140Z Download action repository 'jdx/mise-action@dba19683ed58901619b14f395a24841710cb4925' (SHA:dba19683ed58901619b14f395a24841710cb4925)
2026-06-11T12:25:13.5263851Z Complete job name: Test bitcoin-processor-app (GitHub)
2026-06-11T12:25:13.5973798Z ##[group]Run actions/checkout@df4cb1c069e1874edd31b4311f1884172cec0e10
2026-06-11T12:25:13.5974623Z with:
2026-06-11T12:25:13.5975053Z   repository: ChainArgos/java-monorepo
2026-06-11T12:25:13.5978885Z   token: ***
2026-06-11T12:25:13.5979234Z   ssh-strict: true
2026-06-11T12:25:13.5979575Z   ssh-user: git
2026-06-11T12:25:13.5979935Z   persist-credentials: true
2026-06-11T12:25:13.5980523Z   clean: true
2026-06-11T12:25:13.5980909Z   sparse-checkout-cone-mode: true
2026-06-11T12:25:13.5981329Z   fetch-depth: 1
2026-06-11T12:25:13.5981686Z   fetch-tags: false
2026-06-11T12:25:13.5982037Z   show-progress: true
2026-06-11T12:25:13.5982386Z   lfs: false
2026-06-11T12:25:13.5982708Z   submodules: false
2026-06-11T12:25:13.5983075Z   set-safe-directory: true
2026-06-11T12:25:13.5983682Z env:
2026-06-11T12:25:13.5984015Z   CARGO_TERM_COLOR: always
2026-06-11T12:25:13.5984380Z   CARGO_INCREMENTAL: 0
2026-06-11T12:25:13.5984791Z   RUSTFLAGS: -C link-arg=-fuse-ld=mold
2026-06-11T12:25:13.5985261Z   CARGO_BUILD_JOBS: 6
2026-06-11T12:25:13.5985625Z   RUSTC_WRAPPER: sccache
2026-06-11T12:25:13.5986001Z   SCCACHE_GHA_ENABLED: true
2026-06-11T12:25:13.5986377Z ##[endgroup]
2026-06-11T12:25:13.7172786Z Syncing repository: ChainArgos/java-monorepo
2026-06-11T12:25:13.7177048Z ##[group]Getting Git version info
2026-06-11T12:25:13.7178407Z Working directory is '/home/runner/work/java-monorepo/java-monorepo'
2026-06-11T12:25:13.7180782Z [command]/usr/bin/git version
2026-06-11T12:25:13.7227513Z git version 2.54.0
2026-06-11T12:25:13.7285233Z ##[endgroup]
2026-06-11T12:25:13.7318138Z Temporarily overriding HOME='/home/runner/work/_temp/aa00185a-d9ef-4a6e-9644-8d0140cbc726' before making global git config changes
2026-06-11T12:25:13.7319972Z Adding repository directory to the temporary git global config as a safe directory
2026-06-11T12:25:13.7323540Z [command]/usr/bin/git config --global --add safe.directory /home/runner/work/java-monorepo/java-monorepo
2026-06-11T12:25:13.7364319Z Deleting the contents of '/home/runner/work/java-monorepo/java-monorepo'
2026-06-11T12:25:13.7371234Z ##[group]Determining repository object format
2026-06-11T12:25:13.7378595Z ##[endgroup]
2026-06-11T12:25:13.7379961Z ##[group]Initializing the repository
2026-06-11T12:25:13.7389454Z [command]/usr/bin/git init /home/runner/work/java-monorepo/java-monorepo
2026-06-11T12:25:13.7464725Z hint: Using 'master' as the name for the initial branch. This default branch name
2026-06-11T12:25:13.7466630Z hint: will change to "main" in Git 3.0. To configure the initial branch name
2026-06-11T12:25:13.7468878Z hint: to use in all of your new repositories, which will suppress this warning,
2026-06-11T12:25:13.7470901Z hint: call:
2026-06-11T12:25:13.7473749Z hint:
2026-06-11T12:25:13.7475294Z hint: 	git config --global init.defaultBranch <name>
2026-06-11T12:25:13.7476860Z hint:
2026-06-11T12:25:13.7478181Z hint: Names commonly chosen instead of 'master' are 'main', 'trunk' and
2026-06-11T12:25:13.7481308Z hint: 'development'. The just-created branch can be renamed via this command:
2026-06-11T12:25:13.7482814Z hint:
2026-06-11T12:25:13.7484389Z hint: 	git branch -m <name>
2026-06-11T12:25:13.7485595Z hint:
2026-06-11T12:25:13.7487091Z hint: Disable this message with "git config set advice.defaultBranchName false"
2026-06-11T12:25:13.7489153Z Initialized empty Git repository in /home/runner/work/java-monorepo/java-monorepo/.git/
2026-06-11T12:25:13.7493868Z [command]/usr/bin/git remote add origin https://github.com/ChainArgos/java-monorepo
2026-06-11T12:25:13.7533900Z ##[endgroup]
2026-06-11T12:25:13.7536141Z ##[group]Disabling automatic garbage collection
2026-06-11T12:25:13.7537982Z [command]/usr/bin/git config --local gc.auto 0
2026-06-11T12:25:13.7575004Z ##[endgroup]
2026-06-11T12:25:13.7576803Z ##[group]Setting up auth
2026-06-11T12:25:13.7578465Z Removing SSH command configuration
2026-06-11T12:25:13.7582696Z [command]/usr/bin/git config --local --name-only --get-regexp core\.sshCommand
2026-06-11T12:25:13.7622967Z [command]/usr/bin/git submodule foreach --recursive sh -c "git config --local --name-only --get-regexp 'core\.sshCommand' && git config --local --unset-all 'core.sshCommand' || :"
2026-06-11T12:25:13.7961072Z Removing HTTP extra header
2026-06-11T12:25:13.7962661Z [command]/usr/bin/git config --local --name-only --get-regexp http\.https\:\/\/github\.com\/\.extraheader
2026-06-11T12:25:13.7996877Z [command]/usr/bin/git submodule foreach --recursive sh -c "git config --local --name-only --get-regexp 'http\.https\:\/\/github\.com\/\.extraheader' && git config --local --unset-all 'http.https://github.com/.extraheader' || :"
2026-06-11T12:25:13.8248934Z Removing includeIf entries pointing to credentials config files
2026-06-11T12:25:13.8253940Z [command]/usr/bin/git config --local --name-only --get-regexp ^includeIf\.gitdir:
2026-06-11T12:25:13.8292821Z [command]/usr/bin/git submodule foreach --recursive git config --local --show-origin --name-only --get-regexp remote.origin.url
2026-06-11T12:25:13.8551448Z [command]/usr/bin/git config --file /home/runner/work/_temp/git-credentials-69179a7e-bcf0-4c41-8ba0-42e7bc72f7d1.config http.https://github.com/.extraheader AUTHORIZATION: basic ***
2026-06-11T12:25:13.8594711Z [command]/usr/bin/git config --local includeIf.gitdir:/home/runner/work/java-monorepo/java-monorepo/.git.path /home/runner/work/_temp/git-credentials-69179a7e-bcf0-4c41-8ba0-42e7bc72f7d1.config
2026-06-11T12:25:13.8629108Z [command]/usr/bin/git config --local includeIf.gitdir:/home/runner/work/java-monorepo/java-monorepo/.git/worktrees/*.path /home/runner/work/_temp/git-credentials-69179a7e-bcf0-4c41-8ba0-42e7bc72f7d1.config
2026-06-11T12:25:13.8664805Z [command]/usr/bin/git config --local includeIf.gitdir:/github/workspace/.git.path /github/runner_temp/git-credentials-69179a7e-bcf0-4c41-8ba0-42e7bc72f7d1.config
2026-06-11T12:25:13.8711933Z [command]/usr/bin/git config --local includeIf.gitdir:/github/workspace/.git/worktrees/*.path /github/runner_temp/git-credentials-69179a7e-bcf0-4c41-8ba0-42e7bc72f7d1.config
2026-06-11T12:25:13.8747522Z ##[endgroup]
2026-06-11T12:25:13.8751844Z ##[group]Fetching the repository
2026-06-11T12:25:13.8757001Z [command]/usr/bin/git -c protocol.version=2 fetch --no-tags --prune --no-recurse-submodules --depth=1 origin +8fa32afa59856d67daf3aa97451afa317f93b26d:refs/remotes/origin/main
2026-06-11T12:25:16.6738747Z From https://github.com/ChainArgos/java-monorepo
2026-06-11T12:25:16.6740865Z  * [new ref]         8fa32afa59856d67daf3aa97451afa317f93b26d -> origin/main
2026-06-11T12:25:16.6802400Z [command]/usr/bin/git branch --list --remote origin/main
2026-06-11T12:25:16.6852672Z   origin/main
2026-06-11T12:25:16.6897767Z [command]/usr/bin/git rev-parse refs/remotes/origin/main
2026-06-11T12:25:16.6921049Z 8fa32afa59856d67daf3aa97451afa317f93b26d
2026-06-11T12:25:16.6971635Z ##[endgroup]
2026-06-11T12:25:16.7205500Z ##[group]Determining the checkout info
2026-06-11T12:25:16.7227648Z ##[endgroup]
2026-06-11T12:25:16.7250841Z [command]/usr/bin/git sparse-checkout disable
2026-06-11T12:25:16.7272519Z [command]/usr/bin/git config --local --unset-all extensions.worktreeConfig
2026-06-11T12:25:16.7310884Z ##[group]Checking out the ref
2026-06-11T12:25:16.7330879Z [command]/usr/bin/git checkout --progress --force -B main refs/remotes/origin/main
2026-06-11T12:25:17.3588149Z Switched to a new branch 'main'
2026-06-11T12:25:17.3591534Z branch 'main' set up to track 'origin/main'.
2026-06-11T12:25:17.4217988Z ##[endgroup]
2026-06-11T12:25:17.4310913Z [command]/usr/bin/git log -1 --format=%H
2026-06-11T12:25:17.4317554Z 8fa32afa59856d67daf3aa97451afa317f93b26d
2026-06-11T12:25:18.1185598Z ##[group]Run actions/cache@27d5ce7f107fe9357f9df03efb73ab90386fccae
2026-06-11T12:25:18.1186007Z with:
2026-06-11T12:25:18.1186399Z   path: ~/.cargo/registry/cache
~/.cargo/registry/index
~/.cargo/registry/src
~/.cargo/git/db

2026-06-11T12:25:18.1187088Z   key: cargo-registry-GitHub-Linux-e85c77d0b1218bb1a165b77d4caf81154958cf3a17a59038482fcdaa52f929b0
2026-06-11T12:25:18.1187670Z   restore-keys: cargo-registry-GitHub-Linux-

2026-06-11T12:25:18.1187987Z   enableCrossOsArchive: false
2026-06-11T12:25:18.1188247Z   fail-on-cache-miss: false
2026-06-11T12:25:18.1188502Z   lookup-only: false
2026-06-11T12:25:18.1188719Z   save-always: false
2026-06-11T12:25:18.1188918Z env:
2026-06-11T12:25:18.1189110Z   CARGO_TERM_COLOR: always
2026-06-11T12:25:18.1189395Z   CARGO_INCREMENTAL: 0
2026-06-11T12:25:18.1189677Z   RUSTFLAGS: -C link-arg=-fuse-ld=mold
2026-06-11T12:25:18.1189961Z   CARGO_BUILD_JOBS: 6
2026-06-11T12:25:18.1191375Z   RUSTC_WRAPPER: sccache
2026-06-11T12:25:18.1191659Z   SCCACHE_GHA_ENABLED: true
2026-06-11T12:25:18.1191894Z ##[endgroup]
2026-06-11T12:25:18.3687890Z Cache hit for: cargo-registry-GitHub-Linux-e85c77d0b1218bb1a165b77d4caf81154958cf3a17a59038482fcdaa52f929b0
2026-06-11T12:25:19.5281543Z Received 117440512 of 168476502 (69.7%), 111.7 MBs/sec
2026-06-11T12:25:19.8907733Z Received 168476502 of 168476502 (100.0%), 117.6 MBs/sec
2026-06-11T12:25:19.8910336Z Cache Size: ~161 MB (168476502 B)
2026-06-11T12:25:19.9099214Z [command]/usr/bin/tar -xf /home/runner/work/_temp/f1b2bc1f-7573-4800-924f-2a9f7db0e86a/cache.tzst -P -C /home/runner/work/java-monorepo/java-monorepo --use-compress-program unzstd
2026-06-11T12:25:22.8445434Z Cache restored successfully
2026-06-11T12:25:22.8623071Z Cache restored from key: cargo-registry-GitHub-Linux-e85c77d0b1218bb1a165b77d4caf81154958cf3a17a59038482fcdaa52f929b0
2026-06-11T12:25:22.9100523Z ##[group]Run rui314/setup-mold@9c9c13bf4c3f1adef0cc596abc155580bcb04444
2026-06-11T12:25:22.9101400Z with:
2026-06-11T12:25:22.9101717Z   mold-version: 2.41.0
2026-06-11T12:25:22.9102063Z   make-default: true
2026-06-11T12:25:22.9102394Z env:
2026-06-11T12:25:22.9102679Z   CARGO_TERM_COLOR: always
2026-06-11T12:25:22.9103043Z   CARGO_INCREMENTAL: 0
2026-06-11T12:25:22.9103408Z   RUSTFLAGS: -C link-arg=-fuse-ld=mold
2026-06-11T12:25:22.9103826Z   CARGO_BUILD_JOBS: 6
2026-06-11T12:25:22.9104183Z   RUSTC_WRAPPER: sccache
2026-06-11T12:25:22.9104549Z   SCCACHE_GHA_ENABLED: true
2026-06-11T12:25:22.9104907Z ##[endgroup]
2026-06-11T12:25:22.9223875Z ##[group]Run set -x
2026-06-11T12:25:22.9224245Z [36;1mset -x[0m
2026-06-11T12:25:22.9224488Z [36;1mecho "mold 2.41.0"[0m
2026-06-11T12:25:22.9224847Z [36;1mif [ "$(whoami)" = root ]; then SUDO=; else SUDO=sudo; fi[0m
2026-06-11T12:25:22.9226007Z [36;1mwget -O- --timeout=10 --waitretry=3 --retry-connrefused --progress=dot:mega https://github.com/rui314/mold/releases/download/v2.41.0/mold-2.41.0-$(uname -m)-linux.tar.gz | $SUDO tar -C /usr/local --strip-components=1 --no-overwrite-dir -xzf -[0m
2026-06-11T12:25:22.9227312Z [36;1mtest true = true -a "$(realpath /usr/bin/ld)" != /usr/local/bin/mold && $SUDO ln -sf /usr/local/bin/mold "$(realpath /usr/bin/ld)"; true[0m
2026-06-11T12:25:22.9259845Z shell: /usr/bin/bash --noprofile --norc -e -o pipefail {0}
2026-06-11T12:25:22.9260402Z env:
2026-06-11T12:25:22.9260619Z   CARGO_TERM_COLOR: always
2026-06-11T12:25:22.9260872Z   CARGO_INCREMENTAL: 0
2026-06-11T12:25:22.9261124Z   RUSTFLAGS: -C link-arg=-fuse-ld=mold
2026-06-11T12:25:22.9261716Z   CARGO_BUILD_JOBS: 6
2026-06-11T12:25:22.9262005Z   RUSTC_WRAPPER: sccache
2026-06-11T12:25:22.9262253Z   SCCACHE_GHA_ENABLED: true
2026-06-11T12:25:22.9262492Z ##[endgroup]
2026-06-11T12:25:22.9341443Z + echo 'mold 2.41.0'
2026-06-11T12:25:22.9342190Z mold 2.41.0
2026-06-11T12:25:22.9343864Z ++ whoami
2026-06-11T12:25:22.9428868Z + '[' runner = root ']'
2026-06-11T12:25:22.9429523Z + SUDO=sudo
2026-06-11T12:25:22.9451089Z + sudo tar -C /usr/local --strip-components=1 --no-overwrite-dir -xzf -
2026-06-11T12:25:22.9451953Z ++ uname -m
2026-06-11T12:25:22.9471539Z + wget -O- --timeout=10 --waitretry=3 --retry-connrefused --progress=dot:mega https://github.com/rui314/mold/releases/download/v2.41.0/mold-2.41.0-x86_64-linux.tar.gz
2026-06-11T12:25:22.9748504Z --2026-06-11 12:25:22--  https://github.com/rui314/mold/releases/download/v2.41.0/mold-2.41.0-x86_64-linux.tar.gz
2026-06-11T12:25:23.0076038Z Resolving github.com (github.com)... 140.82.113.4
2026-06-11T12:25:23.0241845Z Connecting to github.com (github.com)|140.82.113.4|:443... connected.
2026-06-11T12:25:23.1556553Z HTTP request sent, awaiting response... 302 Found
2026-06-11T12:25:23.1563559Z Location: https://release-assets.githubusercontent.com/github-production-release-asset/299510783/f4863e5d-1747-433e-8c26-b5a1c1950d2d?sp=r&sv=2018-11-09&sr=b&spr=https&se=2026-06-11T13%3A20%3A04Z&rscd=attachment%3B+filename%3Dmold-2.41.0-x86_64-linux.tar.gz&rsct=application%2Foctet-stream&skoid=96c2d410-5711-43a1-aedd-ab1947aa7ab0&sktid=398a6654-997b-47e9-b12b-9515b896b4de&skt=2026-06-11T12%3A19%3A29Z&ske=2026-06-11T13%3A20%3A04Z&sks=b&skv=2018-11-09&sig=n4tcEewBnVj1gQ%2FdT4GBdjQd9zsx2tfOrvT9gTXTo7I%3D&jwt=*** [following]
2026-06-11T12:25:23.1572952Z --2026-06-11 12:25:23--  https://release-assets.githubusercontent.com/github-production-release-asset/299510783/f4863e5d-1747-433e-8c26-b5a1c1950d2d?sp=r&sv=2018-11-09&sr=b&spr=https&se=2026-06-11T13%3A20%3A04Z&rscd=attachment%3B+filename%3Dmold-2.41.0-x86_64-linux.tar.gz&rsct=application%2Foctet-stream&skoid=96c2d410-5711-43a1-aedd-ab1947aa7ab0&sktid=398a6654-997b-47e9-b12b-9515b896b4de&skt=2026-06-11T12%3A19%3A29Z&ske=2026-06-11T13%3A20%3A04Z&sks=b&skv=2018-11-09&sig=n4tcEewBnVj1gQ%2FdT4GBdjQd9zsx2tfOrvT9gTXTo7I%3D&jwt=***
2026-06-11T12:25:23.1582685Z Resolving release-assets.githubusercontent.com (release-assets.githubusercontent.com)... 185.199.111.133, 185.199.109.133, 185.199.108.133, ...
2026-06-11T12:25:23.1597607Z Connecting to release-assets.githubusercontent.com (release-assets.githubusercontent.com)|185.199.111.133|:443... connected.
2026-06-11T12:25:23.1689175Z HTTP request sent, awaiting response... 200 OK
2026-06-11T12:25:23.1690380Z Length: 5119986 (4.9M) [application/octet-stream]
2026-06-11T12:25:23.1692683Z Saving to: ‘STDOUT’
2026-06-11T12:25:23.1706358Z 
2026-06-11T12:25:23.2565784Z      0K ........ ........ ........ ........ ........ ........ 61% 34.4M 0s
2026-06-11T12:25:23.3204191Z   3072K ........ ........ ........ ......                    100% 33.1M=0.1s
2026-06-11T12:25:23.3216030Z 
2026-06-11T12:25:23.3238610Z 2026-06-11 12:25:23 (33.9 MB/s) - written to stdout [5119986/5119986]
2026-06-11T12:25:23.3248990Z 
2026-06-11T12:25:23.3639640Z ++ realpath /usr/bin/ld
2026-06-11T12:25:23.3671125Z + test true = true -a /usr/bin/x86_64-linux-gnu-ld.bfd '!=' /usr/local/bin/mold
2026-06-11T12:25:23.3678391Z ++ realpath /usr/bin/ld
2026-06-11T12:25:23.3691183Z + sudo ln -sf /usr/local/bin/mold /usr/bin/x86_64-linux-gnu-ld.bfd
2026-06-11T12:25:23.3804456Z + true
2026-06-11T12:25:23.3885769Z ##[group]Run mozilla-actions/sccache-action@9e7fa8a12102821edf02ca5dbea1acd0f89a2696
2026-06-11T12:25:23.3886213Z with:
2026-06-11T12:25:23.3889564Z   token: ***
2026-06-11T12:25:23.3889792Z   disable_annotations: false
2026-06-11T12:25:23.3890180Z env:
2026-06-11T12:25:23.3890385Z   CARGO_TERM_COLOR: always
2026-06-11T12:25:23.3890625Z   CARGO_INCREMENTAL: 0
2026-06-11T12:25:23.3890875Z   RUSTFLAGS: -C link-arg=-fuse-ld=mold
2026-06-11T12:25:23.3891169Z   CARGO_BUILD_JOBS: 6
2026-06-11T12:25:23.3891405Z   RUSTC_WRAPPER: sccache
2026-06-11T12:25:23.3891653Z   SCCACHE_GHA_ENABLED: true
2026-06-11T12:25:23.3891894Z ##[endgroup]
2026-06-11T12:25:23.7981384Z try to setup sccache version: v0.15.0
2026-06-11T12:25:23.8038090Z sccache download from url: https://github.com/mozilla/sccache/releases/download/v0.15.0/sccache-v0.15.0-x86_64-unknown-linux-musl.tar.gz
2026-06-11T12:25:24.2114089Z Correct checksum: 782d2b5dd7ae0a55ebe368ab258114d0928d019ac2d949ab85d5d02f3926709e
2026-06-11T12:25:24.2266101Z [command]/usr/bin/tar xz --warning=no-unknown-keyword --overwrite -C /home/runner/work/_temp/1d1ffa14-bcf7-492e-9c00-1009eb563b60 -f /home/runner/work/_temp/f624bbe8-4be2-4893-ade1-18353ef60faf
2026-06-11T12:25:24.4142169Z sccache extracted to: /home/runner/work/_temp/1d1ffa14-bcf7-492e-9c00-1009eb563b60
2026-06-11T12:25:24.4265612Z sccache cached to: /opt/hostedtoolcache/sccache/0.15.0/x64
2026-06-11T12:25:24.4446235Z ##[group]Run jdx/mise-action@dba19683ed58901619b14f395a24841710cb4925
2026-06-11T12:25:24.4446625Z with:
2026-06-11T12:25:24.4446870Z   install_args: rust protoc cargo:cargo-nextest
2026-06-11T12:25:24.4450719Z   github_token: ***
2026-06-11T12:25:24.4450966Z   install: true
2026-06-11T12:25:24.4451182Z   cache: true
2026-06-11T12:25:24.4451395Z   cache_save: true
2026-06-11T12:25:24.4451626Z   cache_key_prefix: mise-v1
2026-06-11T12:25:24.4451890Z   experimental: false
2026-06-11T12:25:24.4452119Z   log_level: info
2026-06-11T12:25:24.4452334Z   reshim: false
2026-06-11T12:25:24.4452569Z   add_shims_to_path: true
2026-06-11T12:25:24.4452811Z   fetch_from_github: true
2026-06-11T12:25:24.4453041Z   env: true
2026-06-11T12:25:24.4453238Z   wings_enabled: false
2026-06-11T12:25:24.4453459Z env:
2026-06-11T12:25:24.4453660Z   CARGO_TERM_COLOR: always
2026-06-11T12:25:24.4453906Z   CARGO_INCREMENTAL: 0
2026-06-11T12:25:24.4454165Z   RUSTFLAGS: -C link-arg=-fuse-ld=mold
2026-06-11T12:25:24.4454489Z   CARGO_BUILD_JOBS: 6
2026-06-11T12:25:24.4454722Z   RUSTC_WRAPPER: sccache
2026-06-11T12:25:24.4454963Z   SCCACHE_GHA_ENABLED: true
2026-06-11T12:25:24.4455288Z   SCCACHE_PATH: /opt/hostedtoolcache/sccache/0.15.0/x64/sccache
2026-06-11T12:25:24.4455651Z   ACTIONS_CACHE_SERVICE_V2: on
2026-06-11T12:25:24.4456079Z   ACTIONS_RESULTS_URL: https://results-receiver.actions.githubusercontent.com/
2026-06-11T12:25:24.4503286Z   ACTIONS_RUNTIME_TOKEN: ***
2026-06-11T12:25:24.4503563Z ##[endgroup]
2026-06-11T12:25:24.5853336Z ##[group]Restoring mise cache
2026-06-11T12:25:24.5865863Z [command]/usr/bin/ldd --version
2026-06-11T12:25:24.5919668Z ldd (Ubuntu GLIBC 2.39-0ubuntu8.7) 2.39
2026-06-11T12:25:24.5923299Z Copyright (C) 2024 Free Software Foundation, Inc.
2026-06-11T12:25:24.5924043Z This is free software; see the source for copying conditions.  There is NO
2026-06-11T12:25:24.5924914Z warranty; not even for MERCHANTABILITY or FITNESS FOR A PARTICULAR PURPOSE.
2026-06-11T12:25:24.5925655Z Written by Roland McGrath and Ulrich Drepper.
2026-06-11T12:25:26.0651909Z Cache hit for: mise-v1-linux-x64-ubuntu24-5d553c0d272ab77f6c479727d9a7a97ef11a3137cc5e7acd6feeb3c85a74fc48-f25160224585da46219cc671ebb565079f37edeec027869984cbb22b39bb8172
2026-06-11T12:25:26.7771420Z Received 42227166 of 42227166 (100.0%), 67.2 MBs/sec
2026-06-11T12:25:26.7772451Z Cache Size: ~40 MB (42227166 B)
2026-06-11T12:25:26.7811217Z [command]/usr/bin/tar -xf /home/runner/work/_temp/12f6f35f-a365-485a-9aa2-f461b7d0d061/cache.tzst -P -C /home/runner/work/java-monorepo/java-monorepo --use-compress-program unzstd
2026-06-11T12:25:27.2122991Z Cache restored successfully
2026-06-11T12:25:27.2172313Z mise cache restored from key: mise-v1-linux-x64-ubuntu24-5d553c0d272ab77f6c479727d9a7a97ef11a3137cc5e7acd6feeb3c85a74fc48-f25160224585da46219cc671ebb565079f37edeec027869984cbb22b39bb8172
2026-06-11T12:25:27.2184827Z ##[group]Setting env vars
2026-06-11T12:25:27.2189403Z Setting MISE_LOG_LEVEL=info
2026-06-11T12:25:27.2202137Z Setting MISE_GITHUB_TOKEN=***
2026-06-11T12:25:27.2230956Z Setting MISE_TRUSTED_CONFIG_PATHS=/home/runner/work/java-monorepo/java-monorepo
2026-06-11T12:25:27.2240786Z Setting MISE_YES=1
2026-06-11T12:25:27.2260671Z Adding /home/runner/.local/share/mise/shims to PATH
2026-06-11T12:25:27.2281172Z ##[group]Running mise --version
2026-06-11T12:25:27.2303342Z [command]/home/runner/.local/share/mise/bin/mise --version
2026-06-11T12:25:27.2343125Z 2026.6.2 linux-x64 (2026-06-09)
2026-06-11T12:25:27.2422293Z ##[endgroup]
2026-06-11T12:25:27.2686670Z ##[group]Running mise install rust protoc cargo:cargo-nextest
2026-06-11T12:25:27.2733663Z [command]/home/runner/.local/share/mise/bin/mise install rust protoc cargo:cargo-nextest
2026-06-11T12:25:29.3431671Z ##[endgroup]
2026-06-11T12:25:29.3443099Z ##[group]Running mise ls
2026-06-11T12:25:29.3461859Z [command]/home/runner/.local/share/mise/bin/mise ls
2026-06-11T12:25:29.3972138Z cargo:cargo-nextest  0.9.137                          ~/work/java-monorepo/java-monorepo/mise.toml            0.9.137
2026-06-11T12:25:29.3981721Z java                 oracle-graalvm-25.0.1 (missing)  ~/work/java-monorepo/java-monorepo/mise.toml            oracle-graalvm-25.0.1
2026-06-11T12:25:29.3999009Z node                 24.16.0 (missing)                ~/work/java-monorepo/java-monorepo/mise.toml            24.16.0
2026-06-11T12:25:29.4021120Z protoc               35.0                             ~/work/java-monorepo/java-monorepo/mise.toml            latest
2026-06-11T12:25:29.4031090Z python               3.14.6 (missing)                 ~/work/java-monorepo/java-monorepo/mise.toml            3.14
2026-06-11T12:25:29.4040987Z rust                 1.96.0 (symlink)                 ~/work/java-monorepo/java-monorepo/rust-toolchain.toml  1.96.0
2026-06-11T12:25:29.4061181Z ##[endgroup]
2026-06-11T12:25:29.4081134Z ##[group]Exporting mise environment variables
2026-06-11T12:25:29.4801233Z [command]/home/runner/.local/share/mise/bin/mise env --json
2026-06-11T12:25:29.5376003Z {
2026-06-11T12:25:29.5381546Z   "CARGO_HOME": "/home/runner/.cargo",
2026-06-11T12:25:29.5424217Z   "PATH": "/home/runner/.local/share/mise/installs/cargo-cargo-nextest/0.9.137/bin:/home/runner/.local/share/mise/installs/protoc/latest/bin:/home/runner/.cargo/bin:/home/runner/.local/share/mise/shims:/home/runner/.local/share/mise/bin:/opt/hostedtoolcache/sccache/0.15.0/x64:/snap/bin:/home/runner/.local/bin:/opt/pipx_bin:/home/runner/.cargo/bin:/home/runner/.config/composer/vendor/bin:/usr/local/.ghcup/bin:/home/runner/.dotnet/tools:/usr/local/sbin:/usr/local/bin:/usr/sbin:/usr/bin:/sbin:/bin:/usr/games:/usr/local/games:/snap/bin",
2026-06-11T12:25:29.5450558Z   "RUSTUP_HOME": "/home/runner/.rustup",
2026-06-11T12:25:29.5451056Z   "RUSTUP_TOOLCHAIN": "1.96.0"
2026-06-11T12:25:29.5451456Z }
2026-06-11T12:25:29.5468717Z ##[endgroup]
2026-06-11T12:25:29.6023620Z ##[group]Run cargo nextest run -p bitcoin-processor-app --profile ci
2026-06-11T12:25:29.6024481Z [36;1mcargo nextest run -p bitcoin-processor-app --profile ci[0m
2026-06-11T12:25:29.6109140Z shell: /usr/bin/bash -e {0}
2026-06-11T12:25:29.6109561Z env:
2026-06-11T12:25:29.6109891Z   CARGO_TERM_COLOR: always
2026-06-11T12:25:29.6127572Z   CARGO_INCREMENTAL: 0
2026-06-11T12:25:29.6127997Z   RUSTFLAGS: -C link-arg=-fuse-ld=mold
2026-06-11T12:25:29.6128453Z   CARGO_BUILD_JOBS: 6
2026-06-11T12:25:29.6128827Z   RUSTC_WRAPPER: sccache
2026-06-11T12:25:29.6129231Z   SCCACHE_GHA_ENABLED: true
2026-06-11T12:25:29.6129767Z   SCCACHE_PATH: /opt/hostedtoolcache/sccache/0.15.0/x64/sccache
2026-06-11T12:25:29.6130477Z   ACTIONS_CACHE_SERVICE_V2: on
2026-06-11T12:25:29.6131191Z   ACTIONS_RESULTS_URL: https://results-receiver.actions.githubusercontent.com/
2026-06-11T12:25:29.6305367Z   ACTIONS_RUNTIME_TOKEN: ***
2026-06-11T12:25:29.6305832Z   MISE_LOG_LEVEL: info
2026-06-11T12:25:29.6323315Z   MISE_GITHUB_TOKEN: ***
2026-06-11T12:25:29.6323932Z   MISE_TRUSTED_CONFIG_PATHS: /home/runner/work/java-monorepo/java-monorepo
2026-06-11T12:25:29.6324588Z   MISE_YES: 1
2026-06-11T12:25:29.6324964Z   CARGO_HOME: /home/runner/.cargo
2026-06-11T12:25:29.6328227Z   PATH: /home/runner/.local/share/mise/installs/cargo-cargo-nextest/0.9.137/bin:/home/runner/.local/share/mise/installs/protoc/latest/bin:/home/runner/.cargo/bin:/home/runner/.local/share/mise/shims:/home/runner/.local/share/mise/bin:/opt/hostedtoolcache/sccache/0.15.0/x64:/snap/bin:/home/runner/.local/bin:/opt/pipx_bin:/home/runner/.cargo/bin:/home/runner/.config/composer/vendor/bin:/usr/local/.ghcup/bin:/home/runner/.dotnet/tools:/usr/local/sbin:/usr/local/bin:/usr/sbin:/usr/bin:/sbin:/bin:/usr/games:/usr/local/games:/snap/bin
2026-06-11T12:25:29.6343253Z   RUSTUP_HOME: /home/runner/.rustup
2026-06-11T12:25:29.6343731Z   RUSTUP_TOOLCHAIN: 1.96.0
2026-06-11T12:25:29.6344138Z ##[endgroup]
2026-06-11T12:25:29.7751244Z info: syncing channel updates for 1.96.0-x86_64-unknown-linux-gnu
2026-06-11T12:25:30.2091396Z info: latest update on 2026-05-28 for version 1.96.0 (ac68faa20 2026-05-25)
2026-06-11T12:25:30.2150594Z info: downloading 3 components
2026-06-11T12:25:41.3461991Z [1m[92m   Compiling[0m proc-macro2 v1.0.106
2026-06-11T12:25:41.3471041Z [1m[92m   Compiling[0m quote v1.0.45
2026-06-11T12:25:41.3505811Z [1m[92m   Compiling[0m unicode-ident v1.0.24
2026-06-11T12:25:41.3506660Z [1m[92m   Compiling[0m libc v0.2.186
2026-06-11T12:25:41.3507791Z [1m[92m   Compiling[0m serde_core v1.0.228
2026-06-11T12:25:41.3508508Z [1m[92m   Compiling[0m cfg-if v1.0.4
2026-06-11T12:25:41.7103086Z [1m[92m   Compiling[0m serde v1.0.228
2026-06-11T12:25:41.7403999Z [1m[92m   Compiling[0m memchr v2.8.1
2026-06-11T12:25:42.4151698Z [1m[92m   Compiling[0m once_cell v1.21.4
2026-06-11T12:25:42.4571762Z [1m[92m   Compiling[0m pin-project-lite v0.2.17
2026-06-11T12:25:42.4608566Z [1m[92m   Compiling[0m itoa v1.0.18
2026-06-11T12:25:42.8272156Z [1m[92m   Compiling[0m smallvec v1.15.1
2026-06-11T12:25:42.8931981Z [1m[92m   Compiling[0m futures-core v0.3.32
2026-06-11T12:25:42.9193346Z [1m[92m   Compiling[0m shlex v2.0.1
2026-06-11T12:25:42.9862309Z [1m[92m   Compiling[0m find-msvc-tools v0.1.9
2026-06-11T12:25:43.1925445Z [1m[92m   Compiling[0m log v0.4.32
2026-06-11T12:25:43.2848523Z [1m[92m   Compiling[0m percent-encoding v2.3.2
2026-06-11T12:25:43.2880768Z [1m[92m   Compiling[0m zeroize v1.8.2
2026-06-11T12:25:43.3361836Z [1m[92m   Compiling[0m futures-sink v0.3.32
2026-06-11T12:25:43.3673716Z [1m[92m   Compiling[0m jobserver v0.1.34
2026-06-11T12:25:43.5849715Z [1m[92m   Compiling[0m errno v0.3.14
2026-06-11T12:25:43.6506517Z [1m[92m   Compiling[0m mio v1.2.1
2026-06-11T12:25:43.6908209Z [1m[92m   Compiling[0m socket2 v0.6.4
2026-06-11T12:25:43.7793893Z [1m[92m   Compiling[0m cc v1.2.63
2026-06-11T12:25:43.7810888Z [1m[92m   Compiling[0m slab v0.4.12
2026-06-11T12:25:43.8386429Z [1m[92m   Compiling[0m signal-hook-registry v1.4.8
2026-06-11T12:25:44.2071378Z [1m[92m   Compiling[0m zmij v1.0.21
2026-06-11T12:25:44.2453875Z [1m[92m   Compiling[0m syn v2.0.117
2026-06-11T12:25:44.2575312Z [1m[92m   Compiling[0m hashbrown v0.17.1
2026-06-11T12:25:44.2881804Z [1m[92m   Compiling[0m serde_json v1.0.150
2026-06-11T12:25:44.3152141Z [1m[92m   Compiling[0m equivalent v1.0.2
2026-06-11T12:25:44.3677869Z [1m[92m   Compiling[0m futures-io v0.3.32
2026-06-11T12:25:44.5871883Z [1m[92m   Compiling[0m stable_deref_trait v1.2.1
2026-06-11T12:25:44.6771648Z [1m[92m   Compiling[0m futures-channel v0.3.32
2026-06-11T12:25:44.7752331Z [1m[92m   Compiling[0m indexmap v2.14.0
2026-06-11T12:25:44.7811444Z [1m[92m   Compiling[0m tracing-core v0.1.36
2026-06-11T12:25:44.9751138Z [1m[92m   Compiling[0m typenum v1.20.1
2026-06-11T12:25:45.1546396Z [1m[92m   Compiling[0m futures-task v0.3.32
2026-06-11T12:25:45.2145129Z [1m[92m   Compiling[0m aho-corasick v1.1.4
2026-06-11T12:25:45.2361835Z [1m[92m   Compiling[0m either v1.16.0
2026-06-11T12:25:45.4445125Z [1m[92m   Compiling[0m regex-syntax v0.8.11
2026-06-11T12:25:45.4732045Z [1m[92m   Compiling[0m serde_derive v1.0.228
2026-06-11T12:25:45.6281782Z [1m[92m   Compiling[0m tokio-macros v2.7.0
2026-06-11T12:25:45.6441471Z [1m[92m   Compiling[0m synstructure v0.13.2
2026-06-11T12:25:45.8062090Z [1m[92m   Compiling[0m futures-macro v0.3.32
2026-06-11T12:25:45.9231769Z [1m[92m   Compiling[0m zerovec-derive v0.11.3
2026-06-11T12:25:45.9422146Z [1m[92m   Compiling[0m zerofrom-derive v0.1.7
2026-06-11T12:25:46.5611698Z [1m[92m   Compiling[0m yoke-derive v0.8.2
2026-06-11T12:25:46.5936487Z [1m[92m   Compiling[0m tracing-attributes v0.1.31
2026-06-11T12:25:47.6492289Z [1m[92m   Compiling[0m futures-util v0.3.32
2026-06-11T12:25:48.6321672Z [1m[92m   Compiling[0m zerofrom v0.1.8
2026-06-11T12:25:48.9327269Z [1m[92m   Compiling[0m displaydoc v0.2.6
2026-06-11T12:25:48.9551755Z [1m[92m   Compiling[0m base64 v0.22.1
2026-06-11T12:25:49.3598226Z [1m[92m   Compiling[0m yoke v0.8.3
2026-06-11T12:25:49.4532658Z [1m[92m   Compiling[0m anyhow v1.0.102
2026-06-11T12:25:49.9156435Z [1m[92m   Compiling[0m zerovec v0.11.6
2026-06-11T12:25:50.0882451Z [1m[92m   Compiling[0m form_urlencoded v1.2.2
2026-06-11T12:25:50.2255691Z [1m[92m   Compiling[0m tracing v0.1.44
2026-06-11T12:25:50.3713513Z [1m[92m   Compiling[0m bitflags v2.13.0
2026-06-11T12:25:50.3875795Z [1m[92m   Compiling[0m litemap v0.8.2
2026-06-11T12:25:50.4760327Z [1m[92m   Compiling[0m tinystr v0.8.3
2026-06-11T12:25:50.6151995Z [1m[92m   Compiling[0m writeable v0.6.3
2026-06-11T12:25:50.6391958Z [1m[92m   Compiling[0m potential_utf v0.1.5
2026-06-11T12:25:50.6771934Z [1m[92m   Compiling[0m zerotrie v0.2.4
2026-06-11T12:25:50.6851507Z [1m[92m   Compiling[0m utf8_iter v1.0.4
2026-06-11T12:25:50.7771594Z [1m[92m   Compiling[0m icu_normalizer_data v2.2.0
2026-06-11T12:25:50.8141793Z [1m[92m   Compiling[0m icu_locale_core v2.2.0
2026-06-11T12:25:50.8791941Z [1m[92m   Compiling[0m icu_properties_data v2.2.0
2026-06-11T12:25:50.9065734Z [1m[92m   Compiling[0m icu_collections v2.2.0
2026-06-11T12:25:51.0661995Z [1m[92m   Compiling[0m itertools v0.14.0
2026-06-11T12:25:51.5445863Z [1m[92m   Compiling[0m subtle v2.6.1
2026-06-11T12:25:51.6259381Z [1m[92m   Compiling[0m thiserror v2.0.18
2026-06-11T12:25:51.6621344Z [1m[92m   Compiling[0m icu_provider v2.2.0
2026-06-11T12:25:51.7481491Z [1m[92m   Compiling[0m thiserror-impl v2.0.18
2026-06-11T12:25:51.7688802Z [1m[92m   Compiling[0m httparse v1.10.1
2026-06-11T12:25:52.0941822Z [1m[92m   Compiling[0m icu_normalizer v2.2.0
2026-06-11T12:25:52.1531580Z [1m[92m   Compiling[0m icu_properties v2.2.0
2026-06-11T12:25:52.4842181Z [1m[92m   Compiling[0m fs_extra v1.3.0
2026-06-11T12:25:52.6895079Z [1m[92m   Compiling[0m tower-service v0.3.3
2026-06-11T12:25:52.7581567Z [1m[92m   Compiling[0m linux-raw-sys v0.12.1
2026-06-11T12:25:52.9642598Z [1m[92m   Compiling[0m bytes v1.11.1
2026-06-11T12:25:53.1373065Z [1m[92m   Compiling[0m getrandom v0.3.4
2026-06-11T12:25:53.1581664Z [1m[92m   Compiling[0m autocfg v1.5.1
2026-06-11T12:25:53.1662284Z [1m[92m   Compiling[0m async-trait v0.1.89
2026-06-11T12:25:53.2201610Z [1m[92m   Compiling[0m idna_adapter v1.2.2
2026-06-11T12:25:53.3621666Z [1m[92m   Compiling[0m tokio v1.52.3
2026-06-11T12:25:53.4521595Z [1m[92m   Compiling[0m http v1.4.1
2026-06-11T12:25:53.4721749Z [1m[92m   Compiling[0m idna v1.1.0
2026-06-11T12:25:53.7111823Z [1m[92m   Compiling[0m num-traits v0.2.19
2026-06-11T12:25:53.9711676Z [1m[92m   Compiling[0m httpdate v1.0.3
2026-06-11T12:25:54.2419328Z [1m[92m   Compiling[0m url v2.5.8
2026-06-11T12:25:54.2531870Z [1m[92m   Compiling[0m http-body v1.0.1
2026-06-11T12:25:54.2691651Z [1m[92m   Compiling[0m version_check v0.9.5
2026-06-11T12:25:54.3058688Z [1m[92m   Compiling[0m fnv v1.0.7
2026-06-11T12:25:54.4654052Z [1m[92m   Compiling[0m atomic-waker v1.1.2
2026-06-11T12:25:54.6481872Z [1m[92m   Compiling[0m try-lock v0.2.5
2026-06-11T12:25:54.6861266Z [1m[92m   Compiling[0m zerocopy v0.8.50
2026-06-11T12:25:54.6960304Z [1m[92m   Compiling[0m generic-array v0.14.9
2026-06-11T12:25:54.8101755Z [1m[92m   Compiling[0m want v0.3.1
2026-06-11T12:25:54.9042378Z [1m[92m   Compiling[0m heck v0.5.0
2026-06-11T12:25:55.1551961Z [1m[92m   Compiling[0m regex-automata v0.4.14
2026-06-11T12:25:55.1604381Z [1m[92m   Compiling[0m rustls-pki-types v1.14.1
2026-06-11T12:25:55.1761898Z [1m[92m   Compiling[0m rand_core v0.9.5
2026-06-11T12:25:55.3541592Z [1m[92m   Compiling[0m ipnet v2.12.0
2026-06-11T12:25:55.4107625Z [1m[92m   Compiling[0m tokio-util v0.7.18
2026-06-11T12:25:55.8379014Z [1m[92m   Compiling[0m pkg-config v0.3.33
2026-06-11T12:25:55.8931674Z [1m[92m   Compiling[0m h2 v0.4.14
2026-06-11T12:25:55.9399822Z [1m[92m   Compiling[0m vcpkg v0.2.15
2026-06-11T12:25:56.0661809Z [1m[92m   Compiling[0m const-oid v0.9.6
2026-06-11T12:25:56.0793340Z [1m[92m   Compiling[0m regex v1.12.4
2026-06-11T12:25:56.0794148Z [1m[92m   Compiling[0m http-body-util v0.1.3
2026-06-11T12:25:56.2324829Z [1m[92m   Compiling[0m openssl-sys v0.9.116
2026-06-11T12:25:56.3487690Z [1m[92m   Compiling[0m ppv-lite86 v0.2.21
2026-06-11T12:25:56.4191981Z [1m[92m   Compiling[0m hybrid-array v0.4.12
2026-06-11T12:25:56.4198663Z [1m[92m   Compiling[0m lazy_static v1.5.0
2026-06-11T12:25:56.4821764Z [1m[92m   Compiling[0m crossbeam-utils v0.8.21
2026-06-11T12:25:56.7599115Z [1m[92m   Compiling[0m powerfmt v0.2.0
2026-06-11T12:25:56.8717791Z [1m[92m   Compiling[0m rand_chacha v0.9.0
2026-06-11T12:25:56.8821722Z [1m[92m   Compiling[0m prettyplease v0.2.37
2026-06-11T12:25:57.0531963Z [1m[92m   Compiling[0m cmake v0.1.58
2026-06-11T12:25:57.1164879Z [1m[92m   Compiling[0m deranged v0.5.8
2026-06-11T12:25:57.1692363Z [1m[92m   Compiling[0m sync_wrapper v1.0.2
2026-06-11T12:25:57.1731432Z [1m[92m   Compiling[0m rand v0.9.4
2026-06-11T12:25:57.2603305Z [1m[92m   Compiling[0m dunce v1.0.5
2026-06-11T12:25:57.2661591Z [1m[92m   Compiling[0m hyper v1.10.1
2026-06-11T12:25:57.6128899Z [1m[92m   Compiling[0m rand_core v0.10.1
2026-06-11T12:25:57.6525484Z [1m[92m   Compiling[0m rustix v1.1.4
2026-06-11T12:25:57.6526660Z [1m[92m   Compiling[0m time-core v0.1.8
2026-06-11T12:25:57.6641666Z [1m[92m   Compiling[0m getrandom v0.4.2
2026-06-11T12:25:57.8271550Z [1m[92m   Compiling[0m num-conv v0.2.2
2026-06-11T12:25:57.8581600Z [1m[92m   Compiling[0m hyper-util v0.1.20
2026-06-11T12:25:57.9711765Z [1m[92m   Compiling[0m cmov v0.5.4
2026-06-11T12:25:57.9741118Z [1m[92m   Compiling[0m tower-layer v0.3.3
2026-06-11T12:25:57.9781403Z [1m[92m   Compiling[0m cpufeatures v0.3.0
2026-06-11T12:25:58.1161760Z [1m[92m   Compiling[0m openssl-probe v0.2.1
2026-06-11T12:25:58.2630354Z [1m[92m   Compiling[0m ctutils v0.4.2
2026-06-11T12:25:58.3013990Z [1m[92m   Compiling[0m time v0.3.47
2026-06-11T12:25:58.3612514Z [1m[92m   Compiling[0m aws-lc-sys v0.41.0
2026-06-11T12:25:58.4321915Z [1m[92m   Compiling[0m crypto-common v0.2.2
2026-06-11T12:25:58.5163177Z [1m[92m   Compiling[0m block-buffer v0.12.0
2026-06-11T12:25:58.5691479Z [1m[92m   Compiling[0m tokio-stream v0.1.18
2026-06-11T12:25:58.8695151Z [1m[92m   Compiling[0m prost-derive v0.14.4
2026-06-11T12:25:59.0801567Z [1m[92m   Compiling[0m const-oid v0.10.2
2026-06-11T12:25:59.6321637Z [1m[92m   Compiling[0m hex v0.4.3
2026-06-11T12:26:00.7711742Z [1m[92m   Compiling[0m fixedbitset v0.5.7
2026-06-11T12:26:01.6361860Z [1m[92m   Compiling[0m tower v0.5.3
2026-06-11T12:26:01.6831651Z [1m[92m   Compiling[0m digest v0.11.3
2026-06-11T12:26:02.3013790Z [1m[92m   Compiling[0m chacha20 v0.10.0
2026-06-11T12:26:02.4264362Z [1m[92m   Compiling[0m crypto-common v0.1.6
2026-06-11T12:26:02.5122699Z [1m[92m   Compiling[0m block-buffer v0.10.4
2026-06-11T12:26:02.5240661Z [1m[92m   Compiling[0m mime v0.3.17
2026-06-11T12:26:02.5872986Z [1m[92m   Compiling[0m scopeguard v1.2.0
2026-06-11T12:26:02.6170629Z [1m[92m   Compiling[0m foreign-types-shared v0.1.1
2026-06-11T12:26:02.6532730Z [1m[92m   Compiling[0m fastrand v2.4.1
2026-06-11T12:26:02.7006857Z [1m[92m   Compiling[0m openssl v0.10.80
2026-06-11T12:26:02.7774282Z [1m[92m   Compiling[0m lock_api v0.4.14
2026-06-11T12:26:02.7775548Z [1m[92m   Compiling[0m foreign-types v0.3.2
2026-06-11T12:26:02.8811671Z [1m[92m   Compiling[0m digest v0.10.7
2026-06-11T12:26:02.9051791Z [1m[92m   Compiling[0m tempfile v3.27.0
2026-06-11T12:26:02.9070727Z [1m[92m   Compiling[0m rand v0.10.1
2026-06-11T12:26:03.0999211Z [1m[92m   Compiling[0m openssl-macros v0.1.1
2026-06-11T12:26:03.1742940Z [1m[92m   Compiling[0m tinyvec_macros v0.1.1
2026-06-11T12:26:03.1781806Z [1m[92m   Compiling[0m multimap v0.10.1
2026-06-11T12:26:03.2632352Z [1m[92m   Compiling[0m native-tls v0.2.18
2026-06-11T12:26:03.3197726Z [1m[92m   Compiling[0m aws-lc-rs v1.17.0
2026-06-11T12:26:03.4489609Z [1m[92m   Compiling[0m tinyvec v1.11.0
2026-06-11T12:26:03.4912584Z [1m[92m   Compiling[0m uuid v1.23.3
2026-06-11T12:26:03.5816451Z [1m[92m   Compiling[0m glob v0.3.3
2026-06-11T12:26:03.6598901Z [1m[92m   Compiling[0m ryu v1.0.23
2026-06-11T12:26:03.7412229Z [1m[92m   Compiling[0m home v0.5.12
2026-06-11T12:26:03.7797843Z [1m[92m   Compiling[0m parking_lot_core v0.9.12
2026-06-11T12:26:03.8193546Z [1m[92m   Compiling[0m serde_urlencoded v0.7.1
2026-06-11T12:26:03.8361913Z [1m[92m   Compiling[0m unicode-normalization v0.1.25
2026-06-11T12:26:03.9495522Z [1m[92m   Compiling[0m debugid v0.8.0
2026-06-11T12:26:03.9948550Z [1m[92m   Compiling[0m clang-sys v1.8.1
2026-06-11T12:26:04.2211736Z [1m[92m   Compiling[0m axum-core v0.5.6
2026-06-11T12:26:04.3882472Z [1m[92m   Compiling[0m prost-derive v0.13.5
2026-06-11T12:26:04.4021417Z [1m[92m   Compiling[0m serde_path_to_error v0.1.20
2026-06-11T12:26:04.4179630Z [1m[92m   Compiling[0m unicode-properties v0.1.4
2026-06-11T12:26:04.6826673Z [1m[92m   Compiling[0m rustix v0.38.44
2026-06-11T12:26:04.8627832Z [1m[92m   Compiling[0m crunchy v0.2.4
2026-06-11T12:26:04.9172108Z [1m[92m   Compiling[0m matchit v0.8.4
2026-06-11T12:26:05.0531632Z [1m[92m   Compiling[0m unicode-bidi v0.3.18
2026-06-11T12:26:05.1281881Z [1m[92m   Compiling[0m strsim v0.11.1
2026-06-11T12:26:05.2311744Z [1m[92m   Compiling[0m axum v0.8.9
2026-06-11T12:26:05.3901693Z [1m[92m   Compiling[0m stringprep v0.1.5
2026-06-11T12:26:05.4551695Z [1m[92m   Compiling[0m sentry-types v0.48.2
2026-06-11T12:26:05.7562619Z [1m[92m   Compiling[0m md-5 v0.11.0
2026-06-11T12:26:06.1461495Z [1m[92m   Compiling[0m sha2 v0.11.0
2026-06-11T12:26:06.1536560Z [1m[92m   Compiling[0m hmac v0.13.0
2026-06-11T12:26:06.2615662Z [1m[92m   Compiling[0m getrandom v0.2.17
2026-06-11T12:26:06.5692064Z [1m[92m   Compiling[0m rustls v0.23.40
2026-06-11T12:26:06.5841137Z [1m[92m   Compiling[0m minimal-lexical v0.2.1
2026-06-11T12:26:06.5941703Z [1m[92m   Compiling[0m tiny-keccak v2.0.2
2026-06-11T12:26:06.7231181Z [1m[92m   Compiling[0m byteorder v1.5.0
2026-06-11T12:26:06.8125111Z [1m[92m   Compiling[0m object v0.37.3
2026-06-11T12:26:06.8371967Z [1m[92m   Compiling[0m fallible-iterator v0.2.0
2026-06-11T12:26:06.9735714Z [1m[92m   Compiling[0m iana-time-zone v0.1.65
2026-06-11T12:26:07.0353255Z [1m[92m   Compiling[0m linux-raw-sys v0.4.15
2026-06-11T12:26:07.0728225Z [1m[92m   Compiling[0m untrusted v0.9.0
2026-06-11T12:26:07.1655575Z [1m[92m   Compiling[0m postgres-protocol v0.6.11
2026-06-11T12:26:07.2153141Z [1m[92m   Compiling[0m chrono v0.4.45
2026-06-11T12:26:07.3639411Z [1m[92m   Compiling[0m nom v7.1.3
2026-06-11T12:26:07.4551567Z [1m[92m   Compiling[0m sentry-core v0.48.2
2026-06-11T12:26:07.5589255Z [1m[92m   Compiling[0m prost v0.13.5
2026-06-11T12:26:07.6788895Z [1m[92m   Compiling[0m rand_core v0.6.4
2026-06-11T12:26:07.9621175Z [1m[92m   Compiling[0m parking_lot v0.12.5
2026-06-11T12:26:08.3837478Z [1m[92m   Compiling[0m prost v0.14.4
2026-06-11T12:26:08.3971730Z [1m[92m   Compiling[0m postgres-derive v0.4.8
2026-06-11T12:26:08.4020940Z [1m[92m   Compiling[0m libloading v0.8.9
2026-06-11T12:26:08.4592621Z [1m[92m   Compiling[0m adler2 v2.0.1
2026-06-11T12:26:08.5245437Z [1m[92m   Compiling[0m siphasher v1.0.3
2026-06-11T12:26:08.6409283Z [1m[92m   Compiling[0m bindgen v0.66.1
2026-06-11T12:26:08.6410669Z [1m[92m   Compiling[0m gimli v0.32.3
2026-06-11T12:26:08.7382555Z [1m[92m   Compiling[0m phf_shared v0.13.1
2026-06-11T12:26:08.7390840Z [1m[92m   Compiling[0m miniz_oxide v0.8.9
2026-06-11T12:26:09.1196107Z [1m[92m   Compiling[0m which v4.4.2
2026-06-11T12:26:09.2778540Z [1m[92m   Compiling[0m postgres-types v0.2.13
2026-06-11T12:26:09.4015343Z [1m[92m   Compiling[0m cexpr v0.6.0
2026-06-11T12:26:09.4563737Z [1m[92m   Compiling[0m prost-types v0.13.5
2026-06-11T12:26:09.5999351Z [1m[92m   Compiling[0m addr2line v0.25.1
2026-06-11T12:26:09.6871638Z [1m[92m   Compiling[0m petgraph v0.7.1
2026-06-11T12:26:10.2228293Z [1m[92m   Compiling[0m concurrent-queue v2.5.0
2026-06-11T12:26:10.2889949Z [1m[92m   Compiling[0m der v0.7.10
2026-06-11T12:26:10.3342520Z [1m[92m   Compiling[0m pin-project-internal v1.1.13
2026-06-11T12:26:10.3811586Z [1m[92m   Compiling[0m peeking_take_while v0.1.2
2026-06-11T12:26:10.4531901Z [1m[92m   Compiling[0m rustversion v1.0.22
2026-06-11T12:26:10.6027674Z [1m[92m   Compiling[0m rustc-demangle v0.1.27
2026-06-11T12:26:10.6791771Z [1m[92m   Compiling[0m foldhash v0.2.0
2026-06-11T12:26:10.7282393Z [1m[92m   Compiling[0m typeid v1.0.3
2026-06-11T12:26:10.8175501Z [1m[92m   Compiling[0m ucd-trie v0.1.7
2026-06-11T12:26:10.8851711Z [1m[92m   Compiling[0m rustc-hash v1.1.0
2026-06-11T12:26:10.9521680Z [1m[92m   Compiling[0m lazycell v1.3.0
2026-06-11T12:26:11.0711645Z [1m[92m   Compiling[0m cpufeatures v0.2.17
2026-06-11T12:26:11.1691435Z [1m[92m   Compiling[0m shlex v1.3.0
2026-06-11T12:26:11.1781309Z [1m[92m   Compiling[0m parking v2.2.1
2026-06-11T12:26:11.2052780Z [1m[92m   Compiling[0m pest v2.8.6
2026-06-11T12:26:11.3981803Z [1m[92m   Compiling[0m hashbrown v0.16.1
2026-06-11T12:26:11.4742137Z [1m[92m   Compiling[0m event-listener v5.4.1
2026-06-11T12:26:11.6072282Z [1m[92m   Compiling[0m pin-project v1.1.13
2026-06-11T12:26:11.8591680Z [1m[92m   Compiling[0m backtrace v0.3.76
2026-06-11T12:26:11.8961937Z [1m[92m   Compiling[0m const-random-macro v0.1.16
2026-06-11T12:26:11.9061231Z [1m[92m   Compiling[0m prost-build v0.13.5
2026-06-11T12:26:11.9362065Z [1m[92m   Compiling[0m phf v0.13.1
2026-06-11T12:26:12.2265148Z [1m[92m   Compiling[0m prost-types v0.14.4
2026-06-11T12:26:12.2751816Z [1m[92m   Compiling[0m hyper-timeout v0.5.2
2026-06-11T12:26:12.3164646Z [1m[92m   Compiling[0m async-compat v0.2.5
2026-06-11T12:26:12.4351809Z [1m[92m   Compiling[0m deadpool-runtime v0.1.4
2026-06-11T12:26:12.4451358Z [1m[92m   Compiling[0m num-integer v0.1.46
2026-06-11T12:26:12.5752621Z [1m[92m   Compiling[0m whoami v2.1.2
2026-06-11T12:26:12.5921925Z [1m[92m   Compiling[0m num_cpus v1.17.0
2026-06-11T12:26:12.6383324Z [1m[92m   Compiling[0m nom v8.0.0
2026-06-11T12:26:12.6723517Z [1m[92m   Compiling[0m semver v1.0.28
2026-06-11T12:26:12.7526164Z [1m[92m   Compiling[0m cookie-factory v0.3.3
2026-06-11T12:26:12.8453985Z [1m[92m   Compiling[0m unicode-segmentation v1.13.3
2026-06-11T12:26:12.8825215Z [1m[92m   Compiling[0m foldhash v0.1.5
2026-06-11T12:26:12.9082230Z [1m[92m   Compiling[0m ident_case v1.0.1
2026-06-11T12:26:12.9681704Z [1m[92m   Compiling[0m thiserror v1.0.69
2026-06-11T12:26:13.1181782Z [1m[92m   Compiling[0m darling_core v0.23.0
2026-06-11T12:26:13.1243894Z [1m[92m   Compiling[0m tokio-postgres v0.7.17
2026-06-11T12:26:13.1463956Z [1m[92m   Compiling[0m hashbrown v0.15.5
2026-06-11T12:26:13.2571786Z [1m[92m   Compiling[0m amq-protocol-types v10.6.2
2026-06-11T12:26:13.4961250Z [1m[92m   Compiling[0m rustc_version v0.4.1
2026-06-11T12:26:13.6990511Z [1m[92m   Compiling[0m deadpool v0.12.3
2026-06-11T12:26:13.7080919Z [1m[92m   Compiling[0m async-rs v0.8.11
2026-06-11T12:26:13.7081866Z [1m[92m   Compiling[0m tonic v0.14.6
2026-06-11T12:26:13.7082981Z [1m[92m   Compiling[0m pg_query v6.1.1
2026-06-11T12:26:13.7083940Z [1m[92m   Compiling[0m sentry-backtrace v0.48.2
2026-06-11T12:26:14.5443560Z [1m[92m   Compiling[0m const-random v0.1.18
2026-06-11T12:26:14.5961749Z [1m[92m   Compiling[0m pest_meta v2.8.6
2026-06-11T12:26:15.2818633Z [1m[92m   Compiling[0m spki v0.7.3
2026-06-11T12:26:15.4044467Z [1m[92m   Compiling[0m ff v0.13.1
2026-06-11T12:26:17.0841811Z [1m[92m   Compiling[0m async-native-tls v0.6.0
2026-06-11T12:26:18.3581796Z [1m[92m   Compiling[0m matchers v0.2.0
2026-06-11T12:26:18.4071343Z [1m[92m   Compiling[0m sharded-slab v0.1.7
2026-06-11T12:26:18.4886760Z [1m[92m   Compiling[0m ureq-proto v0.6.0
2026-06-11T12:26:18.6521931Z [1m[92m   Compiling[0m thiserror-impl v1.0.69
2026-06-11T12:26:18.7702868Z [1m[92m   Compiling[0m tracing-log v0.2.0
2026-06-11T12:26:18.9621942Z [1m[92m   Compiling[0m findshlibs v0.10.2
2026-06-11T12:26:19.2591855Z [1m[92m   Compiling[0m thread_local v1.1.9
2026-06-11T12:26:19.9202299Z [1m[92m   Compiling[0m base16ct v0.2.0
2026-06-11T12:26:19.9951747Z [1m[92m   Compiling[0m utf8parse v0.2.2
2026-06-11T12:26:20.0971818Z [1m[92m   Compiling[0m portable-atomic v1.13.1
2026-06-11T12:26:20.3522366Z [1m[92m   Compiling[0m utf8-zero v0.8.1
2026-06-11T12:26:20.5231700Z [1m[92m   Compiling[0m nu-ansi-term v0.50.3
2026-06-11T12:26:20.5731957Z [1m[92m   Compiling[0m erased-serde v0.4.10
2026-06-11T12:26:20.6789081Z [1m[92m   Compiling[0m bollard-buildkit-proto v0.7.0
2026-06-11T12:26:20.7452629Z [1m[92m   Compiling[0m owo-colors v4.3.0
2026-06-11T12:26:20.7821611Z [1m[92m   Compiling[0m sec1 v0.7.3
2026-06-11T12:26:20.9464192Z [1m[92m   Compiling[0m anstyle-parse v1.0.0
2026-06-11T12:26:21.3842737Z [1m[92m   Compiling[0m tracing-subscriber v0.3.23
2026-06-11T12:26:21.4291811Z [1m[92m   Compiling[0m tcp-stream v0.34.14
2026-06-11T12:26:21.5454201Z [1m[92m   Compiling[0m tonic-prost v0.14.6
2026-06-11T12:26:21.7151424Z [1m[92m   Compiling[0m group v0.13.0
2026-06-11T12:26:22.2552280Z [1m[92m   Compiling[0m pkcs8 v0.10.2
2026-06-11T12:26:22.3171761Z [1m[92m   Compiling[0m pest_generator v2.8.6
2026-06-11T12:26:23.0421984Z [1m[92m   Compiling[0m dlv-list v0.5.2
2026-06-11T12:26:23.1331854Z [1m[92m   Compiling[0m rapidhash v4.4.1
2026-06-11T12:26:23.6230522Z [1m[92m   Compiling[0m deadpool-postgres v0.14.1
2026-06-11T12:26:24.5652231Z [1m[92m   Compiling[0m petgraph v0.8.3
2026-06-11T12:26:24.8362486Z [1m[92m   Compiling[0m darling_macro v0.23.0
2026-06-11T12:26:24.9522385Z [1m[92m   Compiling[0m sentry-contexts v0.48.2
2026-06-11T12:26:25.2439865Z [1m[92m   Compiling[0m amq-protocol-uri v10.6.2
2026-06-11T12:26:25.2822684Z [1m[92m   Compiling[0m num-bigint v0.4.6
2026-06-11T12:26:27.0631838Z [1m[92m   Compiling[0m crypto-bigint v0.5.5
2026-06-11T12:26:27.1464853Z [1m[92m   Compiling[0m tokio-native-tls v0.3.1
2026-06-11T12:26:28.7185092Z [1m[92m   Compiling[0m hmac v0.12.1
2026-06-11T12:26:28.8416772Z [1m[92m   Compiling[0m raw-cpuid v11.6.0
2026-06-11T12:26:28.9441916Z [1m[92m   Compiling[0m itertools v0.10.5
2026-06-11T12:26:29.0922034Z [1m[92m   Compiling[0m structmeta-derive v0.3.0
2026-06-11T12:26:29.6721570Z [1m[92m   Compiling[0m anstyle v1.0.14
2026-06-11T12:26:30.4721973Z [1m[92m   Compiling[0m anstyle-query v1.1.5
2026-06-11T12:26:32.1661588Z [1m[92m   Compiling[0m crc32fast v1.5.0
2026-06-11T12:26:32.3775786Z [1m[92m   Compiling[0m is_terminal_polyfill v1.70.2
2026-06-11T12:26:32.4182244Z [1m[92m   Compiling[0m cfg_aliases v0.2.1
2026-06-11T12:26:32.4231038Z [1m[92m   Compiling[0m winnow v1.0.3
2026-06-11T12:26:32.5371972Z [1m[92m   Compiling[0m hashbrown v0.14.5
2026-06-11T12:26:32.8142740Z [1m[92m   Compiling[0m unicode-width v0.2.2
2026-06-11T12:26:32.8411974Z [1m[92m   Compiling[0m amq-protocol v10.6.2
2026-06-11T12:26:32.9839444Z [1m[92m   Compiling[0m colorchoice v1.0.5
2026-06-11T12:26:33.6276125Z [1m[92m   Compiling[0m litrs v1.0.0
2026-06-11T12:26:34.2082055Z [1m[92m   Compiling[0m anstream v1.0.0
2026-06-11T12:26:34.2281412Z [1m[92m   Compiling[0m toml_parser v1.1.2+spec-1.1.0
2026-06-11T12:26:34.4091621Z [1m[92m   Compiling[0m ordered-multimap v0.7.3
2026-06-11T12:26:34.9484750Z [1m[92m   Compiling[0m document-features v0.2.12
2026-06-11T12:26:35.3378941Z [1m[92m   Compiling[0m sentry v0.48.2
2026-06-11T12:26:35.6439498Z [1m[92m   Compiling[0m quanta v0.12.6
2026-06-11T12:26:35.7828450Z [1m[92m   Compiling[0m structmeta v0.3.0
2026-06-11T12:26:36.0003826Z [1m[92m   Compiling[0m rfc6979 v0.4.0
2026-06-11T12:26:36.3062229Z [1m[92m   Compiling[0m elliptic-curve v0.13.8
2026-06-11T12:26:36.8083699Z [1m[92m   Compiling[0m hyper-tls v0.6.0
2026-06-11T12:26:36.9001704Z [1m[92m   Compiling[0m num-rational v0.4.2
2026-06-11T12:26:37.0071903Z [1m[92m   Compiling[0m amq-protocol-tcp v10.6.2
2026-06-11T12:26:37.8591901Z [1m[92m   Compiling[0m prost-build v0.14.4
2026-06-11T12:26:38.2021899Z [1m[92m   Compiling[0m darling v0.23.0
2026-06-11T12:26:38.2783853Z [1m[92m   Compiling[0m metrics v0.24.6
2026-06-11T12:26:38.4931760Z [1m[92m   Compiling[0m pest_derive v2.8.6
2026-06-11T12:26:40.0503098Z [1m[92m   Compiling[0m num-iter v0.1.45
2026-06-11T12:26:40.6251694Z [1m[92m   Compiling[0m hashlink v0.11.1
2026-06-11T12:26:40.9261935Z [1m[92m   Compiling[0m sha2 v0.10.9
2026-06-11T12:26:41.1308439Z [1m[92m   Compiling[0m signature v2.2.0
2026-06-11T12:26:41.1601552Z [1m[92m   Compiling[0m spin v0.9.8
2026-06-11T12:26:41.5393251Z [1m[92m   Compiling[0m tower-http v0.6.11
2026-06-11T12:26:41.9251616Z [1m[92m   Compiling[0m left-right v0.11.7
2026-06-11T12:26:42.0942095Z [1m[92m   Compiling[0m crossbeam-epoch v0.9.18
2026-06-11T12:26:42.2155679Z [1m[92m   Compiling[0m rand_xoshiro v0.7.0
2026-06-11T12:26:42.3832698Z [1m[92m   Compiling[0m num-complex v0.4.6
2026-06-11T12:26:42.6378934Z [1m[92m   Compiling[0m serde_repr v0.1.20
2026-06-11T12:26:42.9700374Z [1m[92m   Compiling[0m async-stream-impl v0.3.6
2026-06-11T12:26:42.9943987Z [1m[92m   Compiling[0m hostname v0.4.2
2026-06-11T12:26:43.1722203Z [1m[92m   Compiling[0m uname v0.1.1
2026-06-11T12:26:43.5426715Z [1m[92m   Compiling[0m serde_spanned v1.1.1
2026-06-11T12:26:43.6572025Z [1m[92m   Compiling[0m toml_datetime v1.1.1+spec-1.1.0
2026-06-11T12:26:43.6573130Z [1m[92m   Compiling[0m encoding_rs v0.8.35
2026-06-11T12:26:43.7862981Z [1m[92m   Compiling[0m clap_lex v1.1.0
2026-06-11T12:26:43.8392915Z [1m[92m   Compiling[0m rust_decimal v1.42.0
2026-06-11T12:26:44.1466162Z [1m[92m   Compiling[0m lapin v4.10.0
2026-06-11T12:26:44.2743974Z [1m[92m   Compiling[0m arraydeque v0.5.1
2026-06-11T12:26:44.4432616Z [1m[92m   Compiling[0m sketches-ddsketch v0.3.1
2026-06-11T12:26:45.9332217Z [1m[92m   Compiling[0m metrics-exporter-prometheus v0.18.3
2026-06-11T12:26:46.0762192Z [1m[92m   Compiling[0m hashbag v0.1.13
2026-06-11T12:26:46.1213671Z [1m[92m   Compiling[0m yaml-rust2 v0.11.0
2026-06-11T12:26:46.2291761Z [1m[92m   Compiling[0m metrics-util v0.20.4
2026-06-11T12:26:46.3090650Z [1m[92m   Compiling[0m backon v1.6.0
2026-06-11T12:26:46.5549372Z [1m[92m   Compiling[0m evmap v11.0.0
2026-06-11T12:26:47.1881952Z [1m[92m   Compiling[0m clap_builder v4.6.0
2026-06-11T12:26:47.4062863Z [1m[92m   Compiling[0m toml v1.1.2+spec-1.1.0
2026-06-11T12:26:48.1446314Z [1m[92m   Compiling[0m num v0.4.3
2026-06-11T12:26:49.2352499Z [1m[92m   Compiling[0m async-stream v0.3.6
2026-06-11T12:26:49.3121664Z [1m[92m   Compiling[0m reqwest v0.13.4
2026-06-11T12:26:49.9141732Z [1m[92m   Compiling[0m flume v0.12.0
2026-06-11T12:26:49.9761783Z [1m[92m   Compiling[0m ecdsa v0.16.9
2026-06-11T12:26:52.4935397Z [1m[92m   Compiling[0m serde-untagged v0.1.9
2026-06-11T12:26:54.3289868Z [1m[92m   Compiling[0m sentry-debug-images v0.48.2
2026-06-11T12:26:54.3771787Z [1m[92m   Compiling[0m bitcoin-processor-app v0.1.0 (/home/runner/work/java-monorepo/java-monorepo/backend-rust/bitcoin-processor-app)
2026-06-11T12:26:54.6127192Z [1m[92m   Compiling[0m serde_with_macros v3.21.0
2026-06-11T12:26:54.8001913Z [1m[92m   Compiling[0m json5 v0.4.1
2026-06-11T12:26:55.0602376Z [1m[92m   Compiling[0m parse-display-derive v0.9.1
2026-06-11T12:26:56.2111780Z [1m[92m   Compiling[0m rust-ini v0.21.3
2026-06-11T12:26:57.2102144Z [1m[92m   Compiling[0m crossterm v0.29.0
2026-06-11T12:26:58.5152636Z [1m[92m   Compiling[0m sentry-tracing v0.48.2
2026-06-11T12:26:58.5415962Z [1m[92m   Compiling[0m ron v0.12.1
2026-06-11T12:26:58.7397538Z [1m[92m   Compiling[0m sentry-anyhow v0.48.2
2026-06-11T12:26:59.0931734Z [1m[92m   Compiling[0m sentry-panic v0.48.2
2026-06-11T12:26:59.7880902Z [1m[92m   Compiling[0m convert_case v0.6.0
2026-06-11T12:26:59.9864151Z [1m[92m   Compiling[0m event-listener-strategy v0.5.4
2026-06-11T12:27:00.3771507Z [1m[92m   Compiling[0m xattr v1.6.1
2026-06-11T12:27:00.4484634Z [1m[92m   Compiling[0m hyperlocal v0.9.1
2026-06-11T12:27:00.5166544Z [1m[92m   Compiling[0m rustls-native-certs v0.8.4
2026-06-11T12:27:00.9066722Z [1m[92m   Compiling[0m clap_derive v4.6.1
2026-06-11T12:27:00.9292139Z [1m[92m   Compiling[0m futures-executor v0.3.32
2026-06-11T12:27:00.9867442Z [1m[92m   Compiling[0m schemalane-macros v0.1.0 (https://github.com/donbeave/schemalane?branch=main#dd0d79d8)
2026-06-11T12:27:01.1611638Z [1m[92m   Compiling[0m filetime v0.2.29
2026-06-11T12:27:01.1815416Z [1m[92m   Compiling[0m arrayvec v0.7.6
2026-06-11T12:27:01.4751587Z [1m[92m   Compiling[0m pathdiff v0.2.3
2026-06-11T12:27:01.5202034Z [1m[92m   Compiling[0m rustc-hash v2.1.2
2026-06-11T12:27:01.7564557Z [1m[92m   Compiling[0m config v0.15.23
2026-06-11T12:27:01.8781780Z [1m[92m   Compiling[0m astral-tokio-tar v0.6.2
2026-06-11T12:27:02.1636009Z [1m[92m   Compiling[0m futures v0.3.32
2026-06-11T12:27:02.2182231Z [1m[92m   Compiling[0m async-lock v3.4.2
2026-06-11T12:27:02.4154375Z [1m[92m   Compiling[0m comfy-table v7.2.2
2026-06-11T12:27:02.7831581Z [1m[92m   Compiling[0m clap v4.6.1
2026-06-11T12:27:02.8631828Z [1m[92m   Compiling[0m parse-display v0.9.1
2026-06-11T12:27:02.9225587Z [1m[92m   Compiling[0m serde_with v3.21.0
2026-06-11T12:27:03.0861570Z [1m[92m   Compiling[0m k256 v0.13.4
2026-06-11T12:27:03.3961629Z [1m[92m   Compiling[0m bs58 v0.5.1
2026-06-11T12:27:03.4082427Z [1m[92m   Compiling[0m ferroid v2.0.0
2026-06-11T12:27:03.5362751Z [1m[92m   Compiling[0m tracing-request-level v0.1.0 (https://github.com/donbeave/tracing-request-level?rev=aeaca706ae0485066cdfc20c65f999a3d2980b96#aeaca706)
2026-06-11T12:27:03.5731551Z [1m[92m   Compiling[0m sha1 v0.10.6
2026-06-11T12:27:03.6315705Z [1m[92m   Compiling[0m ripemd v0.2.0
2026-06-11T12:27:03.7361991Z [1m[92m   Compiling[0m headers-core v0.3.0
2026-06-11T12:27:03.7457915Z [1m[92m   Compiling[0m docker_credential v1.4.0
2026-06-11T12:27:03.8362255Z [1m[92m   Compiling[0m etcetera v0.11.0
2026-06-11T12:27:03.8770628Z [1m[92m   Compiling[0m dotenvy v0.15.7
2026-06-11T12:27:03.9162677Z [1m[92m   Compiling[0m headers v0.4.1
2026-06-11T12:27:03.9626571Z [1m[92m   Compiling[0m async-object-pool v0.2.0
2026-06-11T12:27:04.1162043Z [1m[92m   Compiling[0m tabwriter v1.4.1
2026-06-11T12:27:04.1732272Z [1m[92m   Compiling[0m serde_regex v1.2.0
2026-06-11T12:27:04.1798181Z [1m[92m   Compiling[0m assert-json-diff v2.0.2
2026-06-11T12:27:04.2906650Z [1m[92m   Compiling[0m path-tree v0.8.3
2026-06-11T12:27:04.3081345Z [1m[92m   Compiling[0m stringmetrics v2.2.2
2026-06-11T12:27:04.3464597Z [1m[92m   Compiling[0m similar v2.7.0
2026-06-11T12:27:04.4123003Z [1m[92m   Compiling[0m futures-timer v3.0.4
2026-06-11T12:27:04.6281819Z [1m[92m   Compiling[0m httpmock v0.8.3
2026-06-11T12:27:44.8462113Z [1m[92m   Compiling[0m pg_query_fmt v0.1.3 (https://github.com/donbeave/schemalane?branch=main#dd0d79d8)
2026-06-11T12:27:46.5372435Z [1m[92m   Compiling[0m schemalane-core v0.1.20 (https://github.com/donbeave/schemalane?branch=main#dd0d79d8)
2026-06-11T12:27:47.9562059Z [1m[92m   Compiling[0m schemalane-cli v0.1.26 (https://github.com/donbeave/schemalane?branch=main#dd0d79d8)
2026-06-11T12:27:51.0373922Z [1m[92m   Compiling[0m bitcoin-migration v0.1.0 (/home/runner/work/java-monorepo/java-monorepo/backend-rust/bitcoin-migration)
2026-06-11T12:28:00.7016407Z [1m[92m   Compiling[0m rustls-webpki v0.103.13
2026-06-11T12:28:01.4789129Z [1m[92m   Compiling[0m ureq v3.3.0
2026-06-11T12:28:01.4810571Z [1m[92m   Compiling[0m tokio-rustls v0.26.4
2026-06-11T12:28:01.6327498Z [1m[92m   Compiling[0m hyper-rustls v0.27.9
2026-06-11T12:28:02.2663316Z [1m[92m   Compiling[0m bollard-stubs v1.52.1-rc.29.1.3
2026-06-11T12:28:04.0299937Z [1m[92m   Compiling[0m bollard v0.20.2
2026-06-11T12:28:04.9565505Z [1m[92m   Compiling[0m testcontainers v0.27.3
2026-06-11T12:28:05.8264342Z [1m[92m   Compiling[0m testcontainers-modules v0.15.0
2026-06-11T12:28:24.0907416Z [1m[92m    Finished[0m `test` profile [unoptimized + debuginfo] target(s) in 2m 43s
2026-06-11T12:28:24.1970571Z ────────────
2026-06-11T12:28:24.1971676Z [32;1m Nextest run[0m ID [1m5a605d3d-8065-47fd-94b7-7c0f54918636[0m with nextest profile: [1mci[0m
2026-06-11T12:28:24.1972645Z [32;1m    Starting[0m [1m97[0m tests across [1m7[0m binaries
2026-06-11T12:28:24.2069179Z [32;1m        PASS[0m [   0.006s] ( 1/97) [35;1mbitcoin-processor-app[0m [36mconfig::tests[0m[36m::[0m[34;1mlistener_enabled_absent_emits_nothing[0m
2026-06-11T12:28:24.2071644Z [32;1m        PASS[0m [   0.007s] ( 2/97) [35;1mbitcoin-processor-app[0m [36mconfig::tests[0m[36m::[0m[34;1mlistener_enabled_false_disables_both_consumers[0m
2026-06-11T12:28:24.2122017Z [32;1m        PASS[0m [   0.007s] ( 3/97) [35;1mbitcoin-processor-app[0m [36mconfig::tests[0m[36m::[0m[34;1mlistener_enabled_true_sets_both_consumers[0m
2026-06-11T12:28:24.2137926Z [32;1m        PASS[0m [   0.009s] ( 4/97) [35;1mbitcoin-processor-app[0m [36mconfig::tests[0m[36m::[0m[34;1mscheduled_enabled_absent_emits_nothing[0m
2026-06-11T12:28:24.2183892Z [32;1m        PASS[0m [   0.007s] ( 5/97) [35;1mbitcoin-processor-app[0m [36mconfig::tests[0m[36m::[0m[34;1mscheduled_enabled_case_insensitive[0m
2026-06-11T12:28:24.2218724Z [32;1m        PASS[0m [   0.008s] ( 6/97) [35;1mbitcoin-processor-app[0m [36mconfig::tests[0m[36m::[0m[34;1mscheduled_enabled_false_disables_importer[0m
2026-06-11T12:28:24.2265853Z [32;1m        PASS[0m [   0.008s] ( 7/97) [35;1mbitcoin-processor-app[0m [36mconfig::tests[0m[36m::[0m[34;1mscheduled_enabled_true_sets_importer_enabled[0m
2026-06-11T12:28:24.2301927Z [32;1m        PASS[0m [   0.007s] ( 8/97) [35;1mbitcoin-processor-app[0m [36mcrypto::address_format_utils::tests[0m[36m::[0m[34;1mtest_detect_format[0m
2026-06-11T12:28:24.2357311Z [32;1m        PASS[0m [   0.008s] ( 9/97) [35;1mbitcoin-processor-app[0m [36mcrypto::address_format_utils::tests[0m[36m::[0m[34;1mtest_detect_format_bc1z_witness_unknown_returns_err[0m
2026-06-11T12:28:24.2377855Z [32;1m        PASS[0m [   0.009s] (10/97) [35;1mbitcoin-processor-app[0m [36mcrypto::address_format_utils::tests[0m[36m::[0m[34;1mtest_detect_format_empty_returns_err[0m
2026-06-11T12:28:24.2423294Z [32;1m        PASS[0m [   0.008s] (11/97) [35;1mbitcoin-processor-app[0m [36mcrypto::address_format_utils::tests[0m[36m::[0m[34;1mtest_detect_format_garbage_returns_err[0m
2026-06-11T12:28:24.2458537Z [32;1m        PASS[0m [   0.008s] (12/97) [35;1mbitcoin-processor-app[0m [36mcrypto::address_format_utils::tests[0m[36m::[0m[34;1mtest_detect_format_unknown_returns_err[0m
2026-06-11T12:28:24.2518227Z [32;1m        PASS[0m [   0.009s] (13/97) [35;1mbitcoin-processor-app[0m [36mcrypto::public_key_utils::tests[0m[36m::[0m[34;1mtest_compress[0m
2026-06-11T12:28:24.2536889Z [32;1m        PASS[0m [   0.008s] (14/97) [35;1mbitcoin-processor-app[0m [36mcrypto::public_key_utils::tests[0m[36m::[0m[34;1mtest_compress_java_fixtures[0m
2026-06-11T12:28:24.2586177Z [32;1m        PASS[0m [   0.007s] (15/97) [35;1mbitcoin-processor-app[0m [36mcrypto::public_key_utils::tests[0m[36m::[0m[34;1mtest_compress_uncompress_roundtrip[0m
2026-06-11T12:28:24.2632166Z [32;1m        PASS[0m [   0.008s] (16/97) [35;1mbitcoin-processor-app[0m [36mcrypto::public_key_utils::tests[0m[36m::[0m[34;1mtest_detect_format_compressed[0m
2026-06-11T12:28:24.2666904Z [32;1m        PASS[0m [   0.008s] (17/97) [35;1mbitcoin-processor-app[0m [36mcrypto::public_key_utils::tests[0m[36m::[0m[34;1mtest_detect_format_java_fixtures[0m
2026-06-11T12:28:24.2711735Z [32;1m        PASS[0m [   0.007s] (18/97) [35;1mbitcoin-processor-app[0m [36mcrypto::public_key_utils::tests[0m[36m::[0m[34;1mtest_detect_format_uncompressed[0m
2026-06-11T12:28:24.2763240Z [32;1m        PASS[0m [   0.009s] (19/97) [35;1mbitcoin-processor-app[0m [36mcrypto::public_key_utils::tests[0m[36m::[0m[34;1mtest_generate_address[0m
2026-06-11T12:28:24.2766795Z [32;1m        PASS[0m [   0.007s] (20/97) [35;1mbitcoin-processor-app[0m [36mcrypto::public_key_utils::tests[0m[36m::[0m[34;1mtest_generate_address_java_fixtures[0m
2026-06-11T12:28:24.2839120Z [32;1m        PASS[0m [   0.007s] (21/97) [35;1mbitcoin-processor-app[0m [36mcrypto::public_key_utils::tests[0m[36m::[0m[34;1mtest_generate_hash160_java_fixtures[0m
2026-06-11T12:28:24.2844085Z [32;1m        PASS[0m [   0.008s] (22/97) [35;1mbitcoin-processor-app[0m [36mcrypto::public_key_utils::tests[0m[36m::[0m[34;1mtest_generate_hash160[0m
2026-06-11T12:28:24.2909950Z [32;1m        PASS[0m [   0.007s] (23/97) [35;1mbitcoin-processor-app[0m [36mcrypto::public_key_utils::tests[0m[36m::[0m[34;1mtest_is_valid[0m
2026-06-11T12:28:24.2937111Z [32;1m        PASS[0m [   0.009s] (24/97) [35;1mbitcoin-processor-app[0m [36mcrypto::public_key_utils::tests[0m[36m::[0m[34;1mtest_is_valid_hash160[0m
2026-06-11T12:28:24.2991730Z [32;1m        PASS[0m [   0.008s] (25/97) [35;1mbitcoin-processor-app[0m [36mcrypto::public_key_utils::tests[0m[36m::[0m[34;1mtest_uncompress[0m
2026-06-11T12:28:24.3012882Z [32;1m        PASS[0m [   0.008s] (26/97) [35;1mbitcoin-processor-app[0m [36mcrypto::public_key_utils::tests[0m[36m::[0m[34;1mtest_uncompress_java_fixtures[0m
2026-06-11T12:28:24.3059973Z [32;1m        PASS[0m [   0.007s] (27/97) [35;1mbitcoin-processor-app[0m [36mpipeline::mapper::block_mapper::tests[0m[36m::[0m[34;1mtest_unix_timestamp_to_datetime[0m
2026-06-11T12:28:24.3103550Z [32;1m        PASS[0m [   0.009s] (28/97) [35;1mbitcoin-processor-app[0m [36mpipeline::mapper::vout_mapper::tests[0m[36m::[0m[34;1mtest_apply_multisig_from_nonstandard_non_numeric_after_equalverify_returns_err[0m
2026-06-11T12:28:24.3142175Z [32;1m        PASS[0m [   0.007s] (29/97) [35;1mbitcoin-processor-app[0m [36mpipeline::mapper::vout_mapper::tests[0m[36m::[0m[34;1mtest_decimal_to_money[0m
2026-06-11T12:28:24.3191347Z [32;1m        PASS[0m [   0.009s] (30/97) [35;1mbitcoin-processor-app[0m [36mpipeline::mapper::vout_mapper::tests[0m[36m::[0m[34;1mtest_extract_pubkey_from_asm[0m
2026-06-11T12:28:24.3221924Z [32;1m        PASS[0m [   0.007s] (31/97) [35;1mbitcoin-processor-app[0m [36mpipeline::mapper::vout_mapper::tests[0m[36m::[0m[34;1mtest_map_script_pub_key_type[0m
2026-06-11T12:28:24.3276772Z [32;1m        PASS[0m [   0.007s] (32/97) [35;1mbitcoin-processor-app[0m [36mpipeline::mapper::vout_mapper::tests[0m[36m::[0m[34;1mtest_parse_multi_descriptor[0m
2026-06-11T12:28:24.3285120Z [32;1m        PASS[0m [   0.008s] (33/97) [35;1mbitcoin-processor-app[0m [36mpipeline::mapper::vout_mapper::tests[0m[36m::[0m[34;1mtest_parse_multi_descriptor_java_fixture_2_signatures[0m
2026-06-11T12:28:24.3336601Z [32;1m        PASS[0m [   0.007s] (34/97) [35;1mbitcoin-processor-app[0m [36mpipeline::mapper::vout_mapper::tests[0m[36m::[0m[34;1mtest_parse_multi_descriptor_java_fixture_3_signatures[0m
2026-06-11T12:28:24.3372096Z [32;1m        PASS[0m [   0.008s] (35/97) [35;1mbitcoin-processor-app[0m [36mpipeline::mapper::vout_mapper::tests[0m[36m::[0m[34;1mtest_parse_multi_descriptor_missing_checksum_returns_err[0m
2026-06-11T12:28:24.3422052Z [32;1m        PASS[0m [   0.008s] (36/97) [35;1mbitcoin-processor-app[0m [36mpipeline::mapper::vout_mapper::tests[0m[36m::[0m[34;1mtest_parse_multi_descriptor_no_closing_paren_returns_err[0m
2026-06-11T12:28:24.3443169Z [32;1m        PASS[0m [   0.008s] (37/97) [35;1mbitcoin-processor-app[0m [36mpipeline::mapper::vout_mapper::tests[0m[36m::[0m[34;1mtest_parse_multi_descriptor_non_numeric_m_returns_err[0m
2026-06-11T12:28:24.3501587Z [32;1m        PASS[0m [   0.007s] (38/97) [35;1mbitcoin-processor-app[0m [36mpipeline::mapper::vout_mapper::tests[0m[36m::[0m[34;1mtest_parse_multisig_asm[0m
2026-06-11T12:28:24.3518422Z [32;1m        PASS[0m [   0.007s] (39/97) [35;1mbitcoin-processor-app[0m [36mpipeline::mapper::vout_mapper::tests[0m[36m::[0m[34;1mtest_parse_multisig_asm_empty_returns_err[0m
2026-06-11T12:28:24.3570864Z [32;1m        PASS[0m [   0.008s] (40/97) [35;1mbitcoin-processor-app[0m [36mpipeline::mapper::vout_mapper::tests[0m[36m::[0m[34;1mtest_parse_multisig_asm_java_fixture_2_signatures[0m
2026-06-11T12:28:24.3599730Z [32;1m        PASS[0m [   0.008s] (41/97) [35;1mbitcoin-processor-app[0m [36mpipeline::mapper::vout_mapper::tests[0m[36m::[0m[34;1mtest_parse_multisig_asm_java_fixture_2_signatures_variant[0m
2026-06-11T12:28:24.3661855Z [32;1m        PASS[0m [   0.008s] (42/97) [35;1mbitcoin-processor-app[0m [36mpipeline::mapper::vout_mapper::tests[0m[36m::[0m[34;1mtest_parse_multisig_asm_key_count_mismatch_returns_err[0m
2026-06-11T12:28:24.3677636Z [32;1m        PASS[0m [   0.007s] (43/97) [35;1mbitcoin-processor-app[0m [36mpipeline::mapper::vout_mapper::tests[0m[36m::[0m[34;1mtest_parse_multisig_asm_missing_op_check_multisig_returns_err[0m
2026-06-11T12:28:24.3738567Z [32;1m        PASS[0m [   0.009s] (44/97) [35;1mbitcoin-processor-app[0m [36mpipeline::mapper::vout_mapper::tests[0m[36m::[0m[34;1mtest_parse_multisig_asm_non_numeric_m_returns_err[0m
2026-06-11T12:28:24.3756275Z [32;1m        PASS[0m [   0.008s] (45/97) [35;1mbitcoin-processor-app[0m [36mqueue::topology::tests[0m[36m::[0m[34;1mrabbit_dead_letter_topology_is_stable[0m
2026-06-11T12:28:24.3812087Z [32;1m        PASS[0m [   0.007s] (46/97) [35;1mbitcoin-processor-app[0m [36mqueue::topology::tests[0m[36m::[0m[34;1mrabbit_exchange_name_is_stable[0m
2026-06-11T12:28:24.3833020Z [32;1m        PASS[0m [   0.008s] (47/97) [35;1mbitcoin-processor-app[0m [36mqueue::topology::tests[0m[36m::[0m[34;1mrabbit_pipeline_queue_names_are_stable[0m
2026-06-11T12:28:24.3884883Z [32;1m        PASS[0m [   0.007s] (48/97) [35;1mbitcoin-processor-app[0m [36mrepository::tx_repo::tests[0m[36m::[0m[34;1mhstore_sql_decimal_precision_preserved[0m
2026-06-11T12:28:24.3924748Z [32;1m        PASS[0m [   0.008s] (49/97) [35;1mbitcoin-processor-app[0m [36mrepository::tx_repo::tests[0m[36m::[0m[34;1mhstore_sql_empty_map_returns_empty_hstore[0m
2026-06-11T12:28:24.3967345Z [32;1m        PASS[0m [   0.008s] (50/97) [35;1mbitcoin-processor-app[0m [36mrepository::tx_repo::tests[0m[36m::[0m[34;1mhstore_sql_multiple_entries_sorted_by_key[0m
2026-06-11T12:28:24.3989297Z [32;1m        PASS[0m [   0.007s] (51/97) [35;1mbitcoin-processor-app[0m [36mrepository::tx_repo::tests[0m[36m::[0m[34;1mhstore_sql_single_entry[0m
2026-06-11T12:28:24.4038431Z [32;1m        PASS[0m [   0.007s] (52/97) [35;1mbitcoin-processor-app[0m [36mrepository::tx_repo::tests[0m[36m::[0m[34;1mvin_addr_key_address_returns_address[0m
2026-06-11T12:28:24.4069304Z [32;1m        PASS[0m [   0.008s] (53/97) [35;1mbitcoin-processor-app[0m [36mrepository::tx_repo::tests[0m[36m::[0m[34;1mvin_addr_key_coinbase_returns_coinbase_string[0m
2026-06-11T12:28:24.4106232Z [32;1m        PASS[0m [   0.007s] (54/97) [35;1mbitcoin-processor-app[0m [36mrepository::tx_repo::tests[0m[36m::[0m[34;1mvin_addr_key_neither_returns_err[0m
2026-06-11T12:28:24.4162224Z [32;1m        PASS[0m [   0.008s] (55/97) [35;1mbitcoin-processor-app[0m [36mweb::routes::tests[0m[36m::[0m[34;1mhealth_route_is_stable[0m
2026-06-11T12:28:24.4181011Z [32;1m        PASS[0m [   0.007s] (56/97) [35;1mbitcoin-processor-app[0m [36mweb::routes::tests[0m[36m::[0m[34;1mmetrics_route_is_stable[0m
2026-06-11T12:28:24.4224324Z [32;1m        PASS[0m [   0.008s] (57/97) [35;1mbitcoin-processor-app[0m [36mweb::routes::tests[0m[36m::[0m[34;1mready_route_is_stable[0m
2026-06-11T12:28:24.4260919Z [32;1m        PASS[0m [   0.008s] (58/97) [35;1mbitcoin-processor-app::application_test[0m [34;1mtest_it_works[0m
2026-06-11T12:28:24.4306455Z [32;1m        PASS[0m [   0.008s] (59/97) [35;1mbitcoin-processor-app::bitcoin_block_mapper_test[0m [34;1mto_proto_block_0[0m
2026-06-11T12:28:24.4343611Z [32;1m        PASS[0m [   0.008s] (60/97) [35;1mbitcoin-processor-app::bitcoin_block_mapper_test[0m [34;1mto_proto_block_1056[0m
2026-06-11T12:28:24.4471778Z [32;1m        PASS[0m [   0.011s] (61/97) [35;1mbitcoin-processor-app::bitcoin_block_mapper_test[0m [34;1mto_proto_block_150951[0m
2026-06-11T12:28:24.4498242Z [32;1m        PASS[0m [   0.019s] (62/97) [35;1mbitcoin-processor-app::bitcoin_block_mapper_test[0m [34;1mto_proto_block_140921[0m
2026-06-11T12:28:24.4574239Z [32;1m        PASS[0m [   0.011s] (63/97) [35;1mbitcoin-processor-app::bitcoin_block_mapper_test[0m [34;1mto_proto_block_164467_multisig[0m
2026-06-11T12:28:24.4798634Z [32;1m        PASS[0m [   0.022s] (64/97) [35;1mbitcoin-processor-app::bitcoin_block_mapper_test[0m [34;1mto_proto_block_247633_nulldata[0m
2026-06-11T12:28:24.5183512Z [32;1m        PASS[0m [   0.038s] (65/97) [35;1mbitcoin-processor-app::bitcoin_block_mapper_test[0m [34;1mto_proto_block_249957[0m
2026-06-11T12:28:24.5995025Z [32;1m        PASS[0m [   0.081s] (66/97) [35;1mbitcoin-processor-app::bitcoin_block_mapper_test[0m [34;1mto_proto_block_278495_hash160_multisig[0m
2026-06-11T12:28:24.6577981Z [32;1m        PASS[0m [   0.208s] (67/97) [35;1mbitcoin-processor-app::bitcoin_block_mapper_test[0m [34;1mto_proto_block_230217[0m
2026-06-11T12:28:24.7444117Z [32;1m        PASS[0m [   0.144s] (68/97) [35;1mbitcoin-processor-app::bitcoin_block_mapper_test[0m [34;1mto_proto_block_280091[0m
2026-06-11T12:28:24.8033498Z [32;1m        PASS[0m [   0.145s] (69/97) [35;1mbitcoin-processor-app::bitcoin_block_mapper_test[0m [34;1mto_proto_block_290499[0m
2026-06-11T12:28:24.9293325Z [32;1m        PASS[0m [   0.183s] (70/97) [35;1mbitcoin-processor-app::bitcoin_block_mapper_test[0m [34;1mto_proto_block_322670[0m
2026-06-11T12:28:25.0530578Z [32;1m        PASS[0m [   0.247s] (71/97) [35;1mbitcoin-processor-app::bitcoin_block_mapper_test[0m [34;1mto_proto_block_338414[0m
2026-06-11T12:28:25.0671773Z [32;1m        PASS[0m [   0.015s] (72/97) [35;1mbitcoin-processor-app::bitcoin_block_mapper_test[0m [34;1mto_proto_block_71036[0m
2026-06-11T12:28:25.2694195Z [32;1m        PASS[0m [   0.342s] (73/97) [35;1mbitcoin-processor-app::bitcoin_block_mapper_test[0m [34;1mto_proto_block_608561_witness_unknown[0m
2026-06-11T12:28:25.4118460Z [32;1m        PASS[0m [   0.346s] (74/97) [35;1mbitcoin-processor-app::bitcoin_block_mapper_test[0m [34;1mto_proto_block_853891_modern[0m
2026-06-11T12:28:25.4723870Z [32;1m        PASS[0m [   0.060s] (75/97) [35;1mbitcoin-processor-app::importer_test[0m [34;1menrich_vins_derives_pubkey_address_when_referenced_vout_has_no_rpc_address[0m
2026-06-11T12:28:25.5292001Z [32;1m        PASS[0m [   0.057s] (76/97) [35;1mbitcoin-processor-app::importer_test[0m [34;1menrich_vins_missing_address_returns_err[0m
2026-06-11T12:28:25.5828232Z [32;1m        PASS[0m [   0.054s] (77/97) [35;1mbitcoin-processor-app::importer_test[0m [34;1menrich_vins_missing_vout_index_returns_err[0m
2026-06-11T12:28:25.6441576Z [32;1m        PASS[0m [   0.061s] (78/97) [35;1mbitcoin-processor-app::importer_test[0m [34;1menrich_vins_whitespace_address_returns_err[0m
2026-06-11T12:28:35.7867439Z [32;1m        PASS[0m [  10.517s] (79/97) [35;1mbitcoin-processor-app::importer_test[0m [34;1menrich_genesis_block_pipeline[0m
2026-06-11T12:28:35.8307922Z [32;1m        PASS[0m [  10.187s] (80/97) [35;1mbitcoin-processor-app::importer_test[0m [34;1mimport_first_block_genesis_proto[0m
2026-06-11T12:28:35.8915119Z [32;1m        PASS[0m [   0.104s] (81/97) [35;1mbitcoin-processor-app::importer_test[0m [34;1mimport_second_block_proto[0m
2026-06-11T12:28:38.5842134Z [32;1m        PASS[0m [   2.753s] (82/97) [35;1mbitcoin-processor-app::persistence_test[0m [34;1mtest_address_create_or_update_no_identity_returns_err[0m
2026-06-11T12:28:38.7642748Z [32;1m        PASS[0m [   2.871s] (83/97) [35;1mbitcoin-processor-app::persistence_test[0m [34;1mtest_block_find_or_create[0m
2026-06-11T12:28:41.3745750Z [32;1m        PASS[0m [   2.790s] (84/97) [35;1mbitcoin-processor-app::persistence_test[0m [34;1mtest_find_or_create_blank_idempotent[0m
2026-06-11T12:28:41.6060756Z [32;1m        PASS[0m [   2.842s] (85/97) [35;1mbitcoin-processor-app::persistence_test[0m [34;1mtest_find_or_create_invalid_date_returns_err[0m
2026-06-11T12:28:44.1979179Z [32;1m        PASS[0m [   2.823s] (86/97) [35;1mbitcoin-processor-app::persistence_test[0m [34;1mtest_tip_hash_empty[0m
2026-06-11T12:28:44.4785960Z [32;1m        PASS[0m [   2.873s] (87/97) [35;1mbitcoin-processor-app::persistence_test[0m [34;1mtest_tip_hash_returns_highest_index[0m
2026-06-11T12:28:46.9558286Z [32;1m        PASS[0m [   2.757s] (88/97) [35;1mbitcoin-processor-app::persistence_test[0m [34;1mtest_transaction_already_processed_is_skipped[0m
2026-06-11T12:28:47.2763012Z [32;1m        PASS[0m [   2.797s] (89/97) [35;1mbitcoin-processor-app::persistence_test[0m [34;1mtest_transaction_already_processed_values_preserved[0m
2026-06-11T12:28:49.7725753Z [32;1m        PASS[0m [   2.806s] (90/97) [35;1mbitcoin-processor-app::persistence_test[0m [34;1mtest_transaction_create_or_update[0m
2026-06-11T12:28:50.2413477Z [32;1m        PASS[0m [   2.956s] (91/97) [35;1mbitcoin-processor-app::persistence_test[0m [34;1mtest_transaction_create_or_update_autocommits_prior_address_backfill_on_error[0m
2026-06-11T12:28:52.5864249Z [32;1m        PASS[0m [   2.824s] (92/97) [35;1mbitcoin-processor-app::persistence_test[0m [34;1mtest_transaction_vout_with_hash160_key_returns_err[0m
2026-06-11T12:28:52.6765648Z [32;1m        PASS[0m [   0.090s] (93/97) [35;1mbitcoin-processor-app::rpc_client_test[0m [34;1mcreate_multi_sig_request_matches_java_model[0m
2026-06-11T12:28:52.7724819Z [32;1m        PASS[0m [   0.096s] (94/97) [35;1mbitcoin-processor-app::rpc_client_test[0m [34;1mget_block_genesis[0m
2026-06-11T12:28:52.8745157Z [32;1m        PASS[0m [   0.102s] (95/97) [35;1mbitcoin-processor-app::rpc_client_test[0m [34;1mget_block_hash_success[0m
2026-06-11T12:28:52.9744958Z [32;1m        PASS[0m [   0.100s] (96/97) [35;1mbitcoin-processor-app::rpc_client_test[0m [34;1mget_raw_transaction_with_inputs[0m
2026-06-11T12:28:53.0074167Z [32;1m        PASS[0m [   2.776s] (97/97) [35;1mbitcoin-processor-app::persistence_test[0m [34;1mtest_transaction_vout_without_identity_returns_err[0m
2026-06-11T12:28:53.0077671Z ────────────
2026-06-11T12:28:53.0078510Z [32;1m     Summary[0m [  28.810s] [1m97[0m tests run: [1m97[0m [32;1mpassed[0m, [1m0[0m [33;1mskipped[0m
2026-06-11T12:28:53.0242717Z Post job cleanup.
2026-06-11T12:28:53.1203946Z ##[group]Get human-readable stats
2026-06-11T12:28:53.1223679Z [command]/opt/hostedtoolcache/sccache/0.15.0/x64/sccache --show-stats
2026-06-11T12:28:53.1296129Z Compile requests                    968
2026-06-11T12:28:53.1296899Z Compile requests executed           854
2026-06-11T12:28:53.1297587Z Cache hits                          377
2026-06-11T12:28:53.1298300Z Cache hits (Assembler)               32
2026-06-11T12:28:53.1299027Z Cache hits (C/C++)                   47
2026-06-11T12:28:53.1299639Z Cache hits (Rust)                   298
2026-06-11T12:28:53.1300690Z Cache misses                        473
2026-06-11T12:28:53.1301335Z Cache misses (Assembler)             70
2026-06-11T12:28:53.1302132Z Cache misses (C/C++)                279
2026-06-11T12:28:53.1304617Z Cache misses (Rust)                 124
2026-06-11T12:28:53.1305318Z Cache hits rate                   44.35 %
2026-06-11T12:28:53.1306062Z Cache hits rate (Assembler)       31.37 %
2026-06-11T12:28:53.1306731Z Cache hits rate (C/C++)           14.42 %
2026-06-11T12:28:53.1307389Z Cache hits rate (Rust)            70.62 %
2026-06-11T12:28:53.1309120Z Cache timeouts                        0
2026-06-11T12:28:53.1309801Z Cache read errors                     0
2026-06-11T12:28:53.1311437Z Forced recaches                       0
2026-06-11T12:28:53.1312105Z Cache write errors                  471
2026-06-11T12:28:53.1312734Z Cache errors                          0
2026-06-11T12:28:53.1313367Z Compilations                        473
2026-06-11T12:28:53.1313980Z Compilation failures                  4
2026-06-11T12:28:53.1314643Z Non-cacheable compilations            0
2026-06-11T12:28:53.1315278Z Non-cacheable calls                 111
2026-06-11T12:28:53.1315878Z Non-compilation calls                 3
2026-06-11T12:28:53.1316539Z Unsupported compiler calls            0
2026-06-11T12:28:53.1317202Z Average cache write               0.712 s
2026-06-11T12:28:53.1317971Z Average compiler                  0.525 s
2026-06-11T12:28:53.1318622Z Average cache read hit            0.152 s
2026-06-11T12:28:53.1319320Z Failed distributed compilations       0
2026-06-11T12:28:53.1319845Z 
2026-06-11T12:28:53.1320626Z Non-cacheable reasons:
2026-06-11T12:28:53.1321234Z crate-type                           88
2026-06-11T12:28:53.1321853Z missing input                        10
2026-06-11T12:28:53.1322463Z -o                                    7
2026-06-11T12:28:53.1323076Z -                                     5
2026-06-11T12:28:53.1323669Z -E                                    1
2026-06-11T12:28:53.1324128Z 
2026-06-11T12:28:53.1324945Z Cache location                  ghac, name: 7e0726055e1e4f1baa01c3967c5cfadc05877ea5de0f1b2d553463f71b5d0d86, prefix: /sccache/
2026-06-11T12:28:53.1326049Z Base directories                (none)
2026-06-11T12:28:53.1326660Z Version (client)                0.15.0
2026-06-11T12:28:53.1328498Z ##[endgroup]
2026-06-11T12:28:53.1329273Z ##[group]Get JSON stats
2026-06-11T12:28:53.1330845Z [command]/opt/hostedtoolcache/sccache/0.15.0/x64/sccache --show-stats --stats-format=json
2026-06-11T12:28:53.1370736Z {"stats":{"compile_requests":968,"requests_unsupported_compiler":0,"requests_not_compile":3,"requests_not_cacheable":111,"requests_executed":854,"cache_errors":{"counts":{},"adv_counts":{}},"cache_hits":{"counts":{"C/C++":47,"Assembler":32,"Rust":298},"adv_counts":{"rust":298,"assemblerToPreprocess [gcc]":32,"c [gcc]":47}},"cache_misses":{"counts":{"C/C++":279,"Rust":124,"Assembler":70},"adv_counts":{"c [gcc]":279,"assemblerToPreprocess [gcc]":70,"rust":124}},"cache_timeouts":0,"cache_read_errors":0,"non_cacheable_compilations":0,"forced_recaches":0,"cache_write_errors":471,"cache_writes":2,"cache_write_duration":{"secs":1,"nanos":424319821},"cache_read_hit_duration":{"secs":57,"nanos":574446800},"compilations":473,"compiler_write_duration":{"secs":248,"nanos":787520223},"compile_fails":4,"not_cached":{"missing input":10,"crate-type":88,"-o":7,"-":5,"-E":1},"dist_compiles":{},"dist_errors":0,"multi_level":null},"cache_location":"ghac, name: 7e0726055e1e4f1baa01c3967c5cfadc05877ea5de0f1b2d553463f71b5d0d86, prefix: /sccache/","cache_size":null,"max_cache_size":null,"use_preprocessor_cache_mode":false,"version":"0.15.0","basedirs":[]}
2026-06-11T12:28:53.1378861Z ##[endgroup]
2026-06-11T12:28:53.1413198Z ##[notice]44% - 377 hits, 473 misses, 0 errors
2026-06-11T12:28:53.1423553Z 
2026-06-11T12:28:53.1423764Z Full human-readable stats:
2026-06-11T12:28:53.1424216Z Compile requests                    968
2026-06-11T12:28:53.1424704Z Compile requests executed           854
2026-06-11T12:28:53.1425144Z Cache hits                          377
2026-06-11T12:28:53.1425561Z Cache hits (Assembler)               32
2026-06-11T12:28:53.1425977Z Cache hits (C/C++)                   47
2026-06-11T12:28:53.1426402Z Cache hits (Rust)                   298
2026-06-11T12:28:53.1426832Z Cache misses                        473
2026-06-11T12:28:53.1427289Z Cache misses (Assembler)             70
2026-06-11T12:28:53.1427739Z Cache misses (C/C++)                279
2026-06-11T12:28:53.1428196Z Cache misses (Rust)                 124
2026-06-11T12:28:53.1428647Z Cache hits rate                   44.35 %
2026-06-11T12:28:53.1429137Z Cache hits rate (Assembler)       31.37 %
2026-06-11T12:28:53.1429601Z Cache hits rate (C/C++)           14.42 %
2026-06-11T12:28:53.1430273Z Cache hits rate (Rust)            70.62 %
2026-06-11T12:28:53.1430718Z Cache timeouts                        0
2026-06-11T12:28:53.1431153Z Cache read errors                     0
2026-06-11T12:28:53.1431601Z Forced recaches                       0
2026-06-11T12:28:53.1432083Z Cache write errors                  471
2026-06-11T12:28:53.1432508Z Cache errors                          0
2026-06-11T12:28:53.1432944Z Compilations                        473
2026-06-11T12:28:53.1433414Z Compilation failures                  4
2026-06-11T12:28:53.1433836Z Non-cacheable compilations            0
2026-06-11T12:28:53.1434269Z Non-cacheable calls                 111
2026-06-11T12:28:53.1434723Z Non-compilation calls                 3
2026-06-11T12:28:53.1435157Z Unsupported compiler calls            0
2026-06-11T12:28:53.1435600Z Average cache write               0.712 s
2026-06-11T12:28:53.1436032Z Average compiler                  0.525 s
2026-06-11T12:28:53.1436465Z Average cache read hit            0.152 s
2026-06-11T12:28:53.1436911Z Failed distributed compilations       0
2026-06-11T12:28:53.1437181Z 
2026-06-11T12:28:53.1437327Z Non-cacheable reasons:
2026-06-11T12:28:53.1437683Z crate-type                           88
2026-06-11T12:28:53.1438099Z missing input                        10
2026-06-11T12:28:53.1438504Z -o                                    7
2026-06-11T12:28:53.1438910Z -                                     5
2026-06-11T12:28:53.1439338Z -E                                    1
2026-06-11T12:28:53.1439594Z 
2026-06-11T12:28:53.1440752Z Cache location                  ghac, name: 7e0726055e1e4f1baa01c3967c5cfadc05877ea5de0f1b2d553463f71b5d0d86, prefix: /sccache/
2026-06-11T12:28:53.1441728Z Base directories                (none)
2026-06-11T12:28:53.1442149Z Version (client)                0.15.0
2026-06-11T12:28:53.1442692Z 
2026-06-11T12:28:54.2828747Z Post job cleanup.
2026-06-11T12:28:54.4342090Z Cache hit occurred on the primary key cargo-registry-GitHub-Linux-e85c77d0b1218bb1a165b77d4caf81154958cf3a17a59038482fcdaa52f929b0, not saving cache.
2026-06-11T12:28:54.4481172Z Post job cleanup.
2026-06-11T12:28:54.5424905Z [command]/usr/bin/git version
2026-06-11T12:28:54.5468300Z git version 2.54.0
2026-06-11T12:28:54.5508873Z Temporarily overriding HOME='/home/runner/work/_temp/9abf1f81-3c03-4fc6-ac26-4d2181426fcd' before making global git config changes
2026-06-11T12:28:54.5511207Z Adding repository directory to the temporary git global config as a safe directory
2026-06-11T12:28:54.5515978Z [command]/usr/bin/git config --global --add safe.directory /home/runner/work/java-monorepo/java-monorepo
2026-06-11T12:28:54.5559502Z Removing SSH command configuration
2026-06-11T12:28:54.5562922Z [command]/usr/bin/git config --local --name-only --get-regexp core\.sshCommand
2026-06-11T12:28:54.5626746Z [command]/usr/bin/git submodule foreach --recursive sh -c "git config --local --name-only --get-regexp 'core\.sshCommand' && git config --local --unset-all 'core.sshCommand' || :"
2026-06-11T12:28:54.5982672Z Removing HTTP extra header
2026-06-11T12:28:54.5984076Z [command]/usr/bin/git config --local --name-only --get-regexp http\.https\:\/\/github\.com\/\.extraheader
2026-06-11T12:28:54.6052229Z [command]/usr/bin/git submodule foreach --recursive sh -c "git config --local --name-only --get-regexp 'http\.https\:\/\/github\.com\/\.extraheader' && git config --local --unset-all 'http.https://github.com/.extraheader' || :"
2026-06-11T12:28:54.6452067Z Removing includeIf entries pointing to credentials config files
2026-06-11T12:28:54.6453129Z [command]/usr/bin/git config --local --name-only --get-regexp ^includeIf\.gitdir:
2026-06-11T12:28:54.6501126Z includeif.gitdir:/home/runner/work/java-monorepo/java-monorepo/.git.path
2026-06-11T12:28:54.6503247Z includeif.gitdir:/home/runner/work/java-monorepo/java-monorepo/.git/worktrees/*.path
2026-06-11T12:28:54.6504541Z includeif.gitdir:/github/workspace/.git.path
2026-06-11T12:28:54.6505699Z includeif.gitdir:/github/workspace/.git/worktrees/*.path
2026-06-11T12:28:54.6558727Z [command]/usr/bin/git config --local --get-all includeif.gitdir:/home/runner/work/java-monorepo/java-monorepo/.git.path
2026-06-11T12:28:54.6577068Z /home/runner/work/_temp/git-credentials-69179a7e-bcf0-4c41-8ba0-42e7bc72f7d1.config
2026-06-11T12:28:54.6601975Z [command]/usr/bin/git config --local --unset includeif.gitdir:/home/runner/work/java-monorepo/java-monorepo/.git.path /home/runner/work/_temp/git-credentials-69179a7e-bcf0-4c41-8ba0-42e7bc72f7d1.config
2026-06-11T12:28:54.6631783Z [command]/usr/bin/git config --local --get-all includeif.gitdir:/home/runner/work/java-monorepo/java-monorepo/.git/worktrees/*.path
2026-06-11T12:28:54.6664170Z /home/runner/work/_temp/git-credentials-69179a7e-bcf0-4c41-8ba0-42e7bc72f7d1.config
2026-06-11T12:28:54.6667705Z [command]/usr/bin/git config --local --unset includeif.gitdir:/home/runner/work/java-monorepo/java-monorepo/.git/worktrees/*.path /home/runner/work/_temp/git-credentials-69179a7e-bcf0-4c41-8ba0-42e7bc72f7d1.config
2026-06-11T12:28:54.6726735Z [command]/usr/bin/git config --local --get-all includeif.gitdir:/github/workspace/.git.path
2026-06-11T12:28:54.6768467Z /github/runner_temp/git-credentials-69179a7e-bcf0-4c41-8ba0-42e7bc72f7d1.config
2026-06-11T12:28:54.6791422Z [command]/usr/bin/git config --local --unset includeif.gitdir:/github/workspace/.git.path /github/runner_temp/git-credentials-69179a7e-bcf0-4c41-8ba0-42e7bc72f7d1.config
2026-06-11T12:28:54.6851635Z [command]/usr/bin/git config --local --get-all includeif.gitdir:/github/workspace/.git/worktrees/*.path
2026-06-11T12:28:54.6886936Z /github/runner_temp/git-credentials-69179a7e-bcf0-4c41-8ba0-42e7bc72f7d1.config
2026-06-11T12:28:54.6911206Z [command]/usr/bin/git config --local --unset includeif.gitdir:/github/workspace/.git/worktrees/*.path /github/runner_temp/git-credentials-69179a7e-bcf0-4c41-8ba0-42e7bc72f7d1.config
2026-06-11T12:28:54.6991466Z [command]/usr/bin/git submodule foreach --recursive git config --local --show-origin --name-only --get-regexp remote.origin.url
2026-06-11T12:28:54.7307231Z Removing credentials config '/home/runner/work/_temp/git-credentials-69179a7e-bcf0-4c41-8ba0-42e7bc72f7d1.config'
2026-06-11T12:28:54.7465206Z Cleaning up orphan processes
2026-06-11T12:28:54.7830240Z Terminate orphan process: pid (2323) (sccache)
